======== ABC command line "source /tmp/ablation_c5315_L0.15_H0.95_1826.scr"
Warning: Detected 2 multi-output cells (for example, "FA_X1").
mapper_extract: wrote 2021 lines to "/mnt/d/My_abc_work/abc/my_work/ablation_results_stageB/c5315/c5315_L0.15_H0.95.csv".
Loaded 2021 physical records from /mnt/d/My_abc_work/abc/my_work/ablation_results_stageB/c5315/c5315_L0.15_H0.95.csv
Potential rebuilt: alpha(low/mid/high)=0.200/0.500/0.800 avg_struct=0.6827 avg_slack=0.1291 avg_opt_mid=0.4059
Physical records : 2021
Gate summary     : NAND=1087 AND=623 INV=311 OTHER=0
Alpha (L/M/H)    : 0.200 / 0.500 / 0.800
StructW(i/p/f/g) : 0.400 / 0.300 / 0.200 / 0.100
phyopt: start rounds=1, criticality partitions high(>=0.950)->low(<=0.150)->mid, window=16.
phyopt: objective=map(area,delay), low-part delay budget=+10% from pre-opt.
phyopt: round=1 partition sizes high=1298 low=25 mid=698.
phyopt: round=1 part=high seed=n774(id=774 center=774 R=5 crit=0.955 pot=0.2364)
phyopt: rejected (map area 1103.10->1104.43, delay 18.00->18.00).
phyopt: round=1 part=high seed=n806(id=806 center=806 R=5 crit=0.955 pot=0.2364)
phyopt: accepted (map area 1103.10->1100.71, delay 18.00->18.00).
phyopt: round=1 part=high seed=n815(id=815 center=815 R=5 crit=0.955 pot=0.2364)
phyopt: rejected (map area 1100.71->1102.84, delay 18.00->18.00).
phyopt: round=1 part=high seed=n817(id=817 center=817 R=5 crit=0.955 pot=0.2364)
phyopt: rejected (map area 1100.71->1103.10, delay 18.00->18.00).
phyopt: round=1 part=high seed=n865(id=865 center=865 R=5 crit=0.955 pot=0.2364)
phyopt: accepted (map area 1100.71->1100.71, delay 18.00->18.00).
phyopt: round=1 part=high seed=n904(id=904 center=904 R=5 crit=0.955 pot=0.2364)
phyopt: accepted (map area 1100.71->1092.20, delay 18.00->18.00).
phyopt: round=1 part=high seed=n972(id=972 center=972 R=5 crit=0.955 pot=0.2364)
phyopt: accepted (map area 1092.20->1090.60, delay 18.00->18.00).
phyopt: round=1 part=high seed=n990(id=990 center=990 R=5 crit=0.955 pot=0.2364)
phyopt: accepted (map area 1090.60->1090.07, delay 18.00->18.00).
phyopt: round=1 part=high seed=n1232(id=1232 center=1232 R=5 crit=0.955 pot=0.2364)
phyopt: accepted (map area 1090.07->1089.27, delay 18.00->18.00).
phyopt: round=1 part=high seed=n1234(id=1234 center=1234 R=5 crit=0.955 pot=0.2364)
phyopt: accepted (map area 1089.27->1088.74, delay 18.00->18.00).
phyopt: round=1 part=high seed=n1259(id=1259 center=1259 R=5 crit=0.955 pot=0.2364)
phyopt: accepted (map area 1088.74->1088.74, delay 18.00->18.00).
phyopt: round=1 part=high seed=n1268(id=1268 center=1268 R=5 crit=0.955 pot=0.2364)
phyopt: accepted (map area 1088.74->1088.21, delay 18.00->18.00).
phyopt: round=1 part=high seed=n1270(id=1270 center=1270 R=5 crit=0.955 pot=0.2364)
phyopt: accepted (map area 1088.21->1088.21, delay 18.00->18.00).
phyopt: round=1 part=high seed=n1299(id=1299 center=1299 R=5 crit=0.955 pot=0.2364)
phyopt: accepted (map area 1088.21->1087.14, delay 18.00->18.00).
phyopt: round=1 part=high seed=n1847(id=1847 center=1847 R=5 crit=0.955 pot=0.2364)
Object with ID 1847 is not a node or reg output.
Error: Extracting sequential window has failed.
Error: phyopt: local optimization failed at round 1 part 1. Rolling back.
phyopt: round=1 part=high seed=n1851(id=1851 center=1851 R=5 crit=0.955 pot=0.2364)
Object with ID 1851 is not a node or reg output.
Error: Extracting sequential window has failed.
Error: phyopt: local optimization failed at round 1 part 1. Rolling back.
phyopt: round=1 part=high seed=n1878(id=1878 center=1878 R=5 crit=0.955 pot=0.2364)
Object with ID 1878 is not a node or reg output.
Error: Extracting sequential window has failed.
Error: phyopt: local optimization failed at round 1 part 1. Rolling back.
phyopt: round=1 part=high seed=n1881(id=1881 center=1881 R=5 crit=0.955 pot=0.2364)
Object with ID 1881 is not a node or reg output.
Error: Extracting sequential window has failed.
Error: phyopt: local optimization failed at round 1 part 1. Rolling back.
phyopt: round=1 part=high seed=n1885(id=1885 center=1885 R=5 crit=0.955 pot=0.2364)
Object with ID 1885 is not a node or reg output.
Error: Extracting sequential window has failed.
Error: phyopt: local optimization failed at round 1 part 1. Rolling back.
phyopt: round=1 part=high seed=n450(id=450 center=450 R=5 crit=0.977 pot=0.2182)
phyopt: accepted (map area 1087.14->1087.14, delay 18.00->18.00).
phyopt: round=1 part=high seed=n827(id=827 center=827 R=5 crit=0.977 pot=0.2182)
phyopt: rejected (map area 1087.14->1088.74, delay 18.00->18.00).
phyopt: round=1 part=high seed=n971(id=971 center=971 R=5 crit=0.977 pot=0.2182)
phyopt: accepted (map area 1087.14->1086.88, delay 18.00->18.00).
phyopt: round=1 part=high seed=n1037(id=1037 center=1037 R=5 crit=0.977 pot=0.2182)
phyopt: accepted (map area 1086.88->1085.55, delay 18.00->18.00).
phyopt: round=1 part=high seed=n1042(id=1042 center=1042 R=5 crit=0.977 pot=0.2182)
phyopt: accepted (map area 1085.55->1085.01, delay 18.00->18.00).
phyopt: round=1 part=high seed=n1045(id=1045 center=1045 R=5 crit=0.977 pot=0.2182)
phyopt: accepted (map area 1085.01->1083.95, delay 18.00->18.00).
phyopt: round=1 part=high seed=n1856(id=1856 center=1856 R=5 crit=0.977 pot=0.2182)
Object with ID 1856 is not a node or reg output.
Error: Extracting sequential window has failed.
Error: phyopt: local optimization failed at round 1 part 1. Rolling back.
phyopt: round=1 part=high seed=n1862(id=1862 center=1862 R=5 crit=0.977 pot=0.2182)
Object with ID 1862 is not a node or reg output.
Error: Extracting sequential window has failed.
Error: phyopt: local optimization failed at round 1 part 1. Rolling back.
phyopt: round=1 part=high seed=n1868(id=1868 center=1868 R=5 crit=0.977 pot=0.2182)
Object with ID 1868 is not a node or reg output.
Error: Extracting sequential window has failed.
Error: phyopt: local optimization failed at round 1 part 1. Rolling back.
phyopt: round=1 part=high seed=n1872(id=1872 center=1872 R=5 crit=0.977 pot=0.2182)
Object with ID 1872 is not a node or reg output.
Error: Extracting sequential window has failed.
Error: phyopt: local optimization failed at round 1 part 1. Rolling back.
phyopt: round=1 part=high seed=n1896(id=1896 center=1896 R=5 crit=0.977 pot=0.2182)
Object with ID 1896 is not a node or reg output.
Error: Extracting sequential window has failed.
Error: phyopt: local optimization failed at round 1 part 1. Rolling back.
The node "n2265" with ID 2265 is not in the current network.
phyopt: skip seed=n2265 (cannot resolve center node in current AIG).
The node "n2266" with ID 2266 is not in the current network.
phyopt: skip seed=n2266 (cannot resolve center node in current AIG).
The node "n2290" with ID 2290 is not in the current network.
phyopt: skip seed=n2290 (cannot resolve center node in current AIG).
The node "n2291" with ID 2291 is not in the current network.
phyopt: skip seed=n2291 (cannot resolve center node in current AIG).
The node "n2301" with ID 2301 is not in the current network.
phyopt: skip seed=n2301 (cannot resolve center node in current AIG).
The node "n2302" with ID 2302 is not in the current network.
phyopt: skip seed=n2302 (cannot resolve center node in current AIG).
The node "n2313" with ID 2313 is not in the current network.
phyopt: skip seed=n2313 (cannot resolve center node in current AIG).
The node "n2314" with ID 2314 is not in the current network.
phyopt: skip seed=n2314 (cannot resolve center node in current AIG).
The node "n2263" with ID 2263 is not in the current network.
phyopt: skip seed=n2263 (cannot resolve center node in current AIG).
The node "n2264" with ID 2264 is not in the current network.
phyopt: skip seed=n2264 (cannot resolve center node in current AIG).
The node "n2267" with ID 2267 is not in the current network.
phyopt: skip seed=n2267 (cannot resolve center node in current AIG).
The node "n2288" with ID 2288 is not in the current network.
phyopt: skip seed=n2288 (cannot resolve center node in current AIG).
The node "n2289" with ID 2289 is not in the current network.
phyopt: skip seed=n2289 (cannot resolve center node in current AIG).
The node "n2292" with ID 2292 is not in the current network.
phyopt: skip seed=n2292 (cannot resolve center node in current AIG).
The node "n2299" with ID 2299 is not in the current network.
phyopt: skip seed=n2299 (cannot resolve center node in current AIG).
The node "n2300" with ID 2300 is not in the current network.
phyopt: skip seed=n2300 (cannot resolve center node in current AIG).
The node "n2303" with ID 2303 is not in the current network.
phyopt: skip seed=n2303 (cannot resolve center node in current AIG).
The node "n2311" with ID 2311 is not in the current network.
phyopt: skip seed=n2311 (cannot resolve center node in current AIG).
The node "n2312" with ID 2312 is not in the current network.
phyopt: skip seed=n2312 (cannot resolve center node in current AIG).
The node "n2315" with ID 2315 is not in the current network.
phyopt: skip seed=n2315 (cannot resolve center node in current AIG).
The node "n2273" with ID 2273 is not in the current network.
phyopt: skip seed=n2273 (cannot resolve center node in current AIG).
The node "n2282" with ID 2282 is not in the current network.
phyopt: skip seed=n2282 (cannot resolve center node in current AIG).
The node "n1980" with ID 1980 is not in the current network.
phyopt: skip seed=n1980 (cannot resolve center node in current AIG).
The node "n1981" with ID 1981 is not in the current network.
phyopt: skip seed=n1981 (cannot resolve center node in current AIG).
The node "n1982" with ID 1982 is not in the current network.
phyopt: skip seed=n1982 (cannot resolve center node in current AIG).
The node "n2145" with ID 2145 is not in the current network.
phyopt: skip seed=n2145 (cannot resolve center node in current AIG).
The node "n2157" with ID 2157 is not in the current network.
phyopt: skip seed=n2157 (cannot resolve center node in current AIG).
The node "n2170" with ID 2170 is not in the current network.
phyopt: skip seed=n2170 (cannot resolve center node in current AIG).
The node "n2174" with ID 2174 is not in the current network.
phyopt: skip seed=n2174 (cannot resolve center node in current AIG).
The node "n2176" with ID 2176 is not in the current network.
phyopt: skip seed=n2176 (cannot resolve center node in current AIG).
The node "n2255" with ID 2255 is not in the current network.
phyopt: skip seed=n2255 (cannot resolve center node in current AIG).
phyopt: round=1 part=mid seed=n1787(id=1787 center=1787 R=4 crit=0.205 pot=0.7711)
phyopt: accepted (map area 1083.95->1035.01, delay 18.00->18.00).
phyopt: round=1 part=mid seed=n1789(id=1789 center=1789 R=4 crit=0.205 pot=0.7711)
phyopt: rejected (map area 1035.01->1102.57, delay 18.00->17.00).
The node "n2189" with ID 2189 is not in the current network.
phyopt: skip seed=n2189 (cannot resolve center node in current AIG).
The node "n2201" with ID 2201 is not in the current network.
phyopt: skip seed=n2201 (cannot resolve center node in current AIG).
phyopt: round=1 part=mid seed=n1909(id=1909 center=1909 R=4 crit=0.500 pot=0.7500)
Object with ID 1909 is not a node or reg output.
Error: Extracting sequential window has failed.
Error: phyopt: local optimization failed at round 1 part 3. Rolling back.
The node "n2214" with ID 2214 is not in the current network.
phyopt: skip seed=n2214 (cannot resolve center node in current AIG).
The node "n2226" with ID 2226 is not in the current network.
phyopt: skip seed=n2226 (cannot resolve center node in current AIG).
The node "n2253" with ID 2253 is not in the current network.
phyopt: skip seed=n2253 (cannot resolve center node in current AIG).
The node "n2258" with ID 2258 is not in the current network.
phyopt: skip seed=n2258 (cannot resolve center node in current AIG).
phyopt: round=1 part=mid seed=n1786(id=1786 center=1786 R=4 crit=0.205 pot=0.7386)
phyopt: accepted (map area 1035.01->1012.93, delay 18.00->18.00).
phyopt: round=1 part=mid seed=n1917(id=1917 center=1917 R=4 crit=0.523 pot=0.7386)
Object with ID 1917 is not a node or reg output.
Error: Extracting sequential window has failed.
Error: phyopt: local optimization failed at round 1 part 3. Rolling back.
phyopt: round=1 part=mid seed=n1911(id=1911 center=1911 R=4 crit=0.545 pot=0.7273)
Object with ID 1911 is not a node or reg output.
Error: Extracting sequential window has failed.
Error: phyopt: local optimization failed at round 1 part 3. Rolling back.
The node "n1972" with ID 1972 is not in the current network.
phyopt: skip seed=n1972 (cannot resolve center node in current AIG).
The node "n2068" with ID 2068 is not in the current network.
phyopt: skip seed=n2068 (cannot resolve center node in current AIG).
phyopt: round=1 part=mid seed=n1929(id=1929 center=1929 R=4 crit=0.568 pot=0.7159)
Object with ID 1929 is not a node or reg output.
Error: Extracting sequential window has failed.
Error: phyopt: local optimization failed at round 1 part 3. Rolling back.
phyopt: round=1 part=mid seed=n1942(id=1942 center=1942 R=4 crit=0.591 pot=0.7045)
Object with ID 1942 is not a node or reg output.
Error: Extracting sequential window has failed.
Error: phyopt: local optimization failed at round 1 part 3. Rolling back.
phyopt: round=1 part=mid seed=n1954(id=1954 center=1954 R=4 crit=0.591 pot=0.7045)
Object with ID 1954 is not a node or reg output.
Error: Extracting sequential window has failed.
Error: phyopt: local optimization failed at round 1 part 3. Rolling back.
The node "n1970" with ID 1970 is not in the current network.
phyopt: skip seed=n1970 (cannot resolve center node in current AIG).
The node "n1975" with ID 1975 is not in the current network.
phyopt: skip seed=n1975 (cannot resolve center node in current AIG).
The node "n2104" with ID 2104 is not in the current network.
phyopt: skip seed=n2104 (cannot resolve center node in current AIG).
The node "n2172" with ID 2172 is not in the current network.
phyopt: skip seed=n2172 (cannot resolve center node in current AIG).
The node "n2230" with ID 2230 is not in the current network.
phyopt: skip seed=n2230 (cannot resolve center node in current AIG).
The node "n2231" with ID 2231 is not in the current network.
phyopt: skip seed=n2231 (cannot resolve center node in current AIG).
phyopt: finished round 1/1.
phyopt: partition summary (tried/accepted):
  high : 16 / 30
  low  : 0 / 0
  mid  : 2 / 9
phyopt: per-part seed coverage (topK means top-5 potential within processed seeds):
  high: seeds=30 tried=30(100.0%) accepted=16(53.3%) skipped(marked=0,low_slack=0) topK(tried=5/5 accepted=2 hit=40.0%)
  low: seeds=25 tried=0(0.0%) accepted=0(0.0%) skipped(marked=0,low_slack=0) topK(tried=0/5 accepted=0 hit=0.0%)
  mid: seeds=30 tried=9(30.0%) accepted=2(22.2%) skipped(marked=1,low_slack=0) topK(tried=0/5 accepted=0 hit=0.0%)
phyopt: rejection reason breakdown:
  - runtime_or_eval_fail : 61
  - policy_tradeoff_reject : 0
  - delay_worse : 0
  - area_worse : 5
  - area_and_delay_worse : 0
  - low_part_delay_budget : 0
phyopt: skipped marked=1 low_slack=<0.10=0
phyopt: done, accepted=18 rejected=66 final_nodes=1653 final_levels=37.
Networks are equivalent.  Time =     0.04 sec
