======== ABC command line "source /tmp/dyn_c6288_288.scr"
Library "NangateOpenCellLibrary" from "/mnt/d/My_abc_work/abc/my_work/c17_work/NangateOpenCellLibrary_typical.lib" has 90 cells (45 skipped: 21 seq; 6 tri-state; 8 no func; 10 dont_use; 0 with 2 outputs; 0 with 3+ outputs).  Time =     0.08 sec
Warning: Detected 2 multi-output cells (for example, "FA_X1").
mapper_extract: wrote 2338 lines to "/mnt/d/My_abc_work/abc/my_work/dynamic_scheduler_work/result/run_dynamic_per_aig_20260415_110131/c6288/c6288_cfg_winvpair_base.csv".
Loaded 2338 physical records from /mnt/d/My_abc_work/abc/my_work/dynamic_scheduler_work/result/run_dynamic_per_aig_20260415_110131/c6288/c6288_cfg_winvpair_base.csv
Potential rebuilt: alpha(low/mid/high)=0.300/0.500/0.800 avg_struct=0.6206 avg_slack=0.0941 avg_opt=0.2365
Physical records : 2338
Gate summary     : NAND=2291 AND=46 INV=1 OTHER=0
Alpha (L/M/H)    : 0.300 / 0.500 / 0.800
StructW(i/p/f/g) : 0.500 / 0.400 / 0.050 / 0.050
phyopt: start rounds=1, criticality partitions high(>=0.900)->low(<=0.250)->mid, window=16, mode=dynamic.
phyopt: objective=map(area,delay), low-part delay budget=+10% from pre-opt.
phyopt: dynamic scheduler enabled (init=15%, leader=5%, probe=1%, part-stop=10, global-stop=2, L2=off, L2-topk-init=2, L2-topk-step=1).
phyopt: funnel L0=on(keep=80%) L1=on(init=0.200 target=0.45 warmup=12 min_try=16).
phyopt: case timeout enabled (600 sec).
phyopt: micro-model on (loaded=yes, samples=775, blendL0=0.45, blendL1=0.30, keep_target=28% [35%,95%]).
phyopt: round=1 partition sizes high=1581 low=28 mid=729.
phyopt: part=high seed=n1776(id=1776 center=1776 R=6 crit=1.000 pot=0.2000)
phyopt: accepted (map area 2649.34->2616.74, delay 1597.16->1597.16).
phyopt: part=high seed=n96(id=96 center=96 R=5 crit=0.921 pot=0.2196)
phyopt: accepted (map area 2616.74->2606.10, delay 1597.16->1597.16).
phyopt: part=high seed=n97(id=97 center=97 R=5 crit=0.921 pot=0.2196)
phyopt: accepted (map area 2606.10->2601.16, delay 1597.16->1597.16).
phyopt: part=high seed=n111(id=111 center=111 R=5 crit=0.921 pot=0.2196)
phyopt: accepted (map area 2601.16->2580.99, delay 1597.16->1597.16).
phyopt: part=high seed=n112(id=112 center=112 R=5 crit=0.921 pot=0.2196)
phyopt: rejected (map area 2580.99->2591.71, delay 1597.16->1597.16).
phyopt: part=high seed=n158(id=158 center=158 R=5 crit=0.921 pot=0.2196)
phyopt: rejected (map area 2580.99->2592.08, delay 1597.16->1597.16).
phyopt: part=high seed=n159(id=159 center=159 R=5 crit=0.921 pot=0.2196)
phyopt: rejected (map area 2580.99->2601.67, delay 1597.16->1597.16).
phyopt: part=high seed=n173(id=173 center=173 R=5 crit=0.921 pot=0.2196)
phyopt: rejected (map area 2580.99->2588.59, delay 1597.16->1597.16).
phyopt: part=high seed=n174(id=174 center=174 R=5 crit=0.921 pot=0.2196)
phyopt: accepted (map area 2580.99->2567.92, delay 1597.16->1597.16).
phyopt: part=high seed=n230(id=230 center=230 R=5 crit=0.921 pot=0.2196)
phyopt: rejected (map area 2567.92->2582.25, delay 1597.16->1597.16).
phyopt: part=high seed=n231(id=231 center=231 R=5 crit=0.921 pot=0.2196)
phyopt: rejected (map area 2567.92->2590.00, delay 1597.16->1597.16).
phyopt: part=high seed=n245(id=245 center=245 R=5 crit=0.921 pot=0.2196)
phyopt: accepted (map area 2567.92->2564.10, delay 1597.16->1597.16).
phyopt: part=high seed=n246(id=246 center=246 R=5 crit=0.921 pot=0.2196)
phyopt: rejected (map area 2564.10->2578.98, delay 1597.16->1597.16).
phyopt: part=high seed=n312(id=312 center=312 R=5 crit=0.921 pot=0.2196)
phyopt: accepted (map area 2564.10->2596.44, delay 1597.16->1589.63).
phyopt: part=high seed=n313(id=313 center=313 R=5 crit=0.921 pot=0.2196)
phyopt: accepted (map area 2596.44->2583.30, delay 1589.63->1589.63).
phyopt: part=high seed=n327(id=327 center=327 R=5 crit=0.921 pot=0.2196)
phyopt: accepted (map area 2583.30->2568.66, delay 1589.63->1589.63).
phyopt: part=low seed=n2324(id=2324 center=2324 R=3 crit=0.079 pot=0.8127)
Object with ID 2324 is not a node or reg output.
Error: Extracting sequential window has failed.
Error: phyopt: local optimization failed. Rolling back.
The node "n2370" with ID 2370 is not in the current network.
phyopt: skip seed=n2370 (cannot resolve center node in current AIG).
The node "n2355" with ID 2355 is not in the current network.
phyopt: skip seed=n2355 (cannot resolve center node in current AIG).
The node "n2376" with ID 2376 is not in the current network.
phyopt: skip seed=n2376 (cannot resolve center node in current AIG).
phyopt: part=mid seed=n882(id=882 center=882 R=4 crit=0.254 pot=0.7559)
phyopt: rejected (map area 2568.66->2573.38, delay 1589.63->1589.63).
phyopt: part=mid seed=n1469(id=1469 center=1469 R=4 crit=0.254 pot=0.7559)
phyopt: rejected (map area 2568.66->2580.32, delay 1589.63->1589.63).
phyopt: part=mid seed=n2080(id=2080 center=2080 R=4 crit=0.254 pot=0.7559)
phyopt: accepted (map area 2568.66->2559.10, delay 1589.63->1589.63).
phyopt: part=mid seed=n2253(id=2253 center=2253 R=4 crit=0.254 pot=0.7559)
phyopt: rejected (map area 2559.10->2560.39, delay 1589.63->1589.63).
phyopt: part=mid seed=n1769(id=1769 center=1769 R=4 crit=0.263 pot=0.7515)
phyopt: rejected (map area 2559.10->2562.75, delay 1589.63->1589.63).
phyopt: part=mid seed=n1017(id=1017 center=1017 R=4 crit=0.272 pot=0.7471)
phyopt: rejected (map area 2559.10->2576.60, delay 1589.63->1589.63).
phyopt: part=mid seed=n1619(id=1619 center=1619 R=4 crit=0.272 pot=0.7471)
phyopt: accepted (map area 2559.10->2548.37, delay 1589.63->1589.63).
phyopt: part=mid seed=n1999(id=1999 center=1999 R=4 crit=0.272 pot=0.7471)
phyopt: rejected (map area 2548.37->2549.16, delay 1589.63->1589.63).
phyopt: part=mid seed=n2202(id=2202 center=2202 R=4 crit=0.272 pot=0.7471)
phyopt: accepted (map area 2548.37->2545.49, delay 1589.63->1589.63).
phyopt: part=mid seed=n2247(id=2247 center=2247 R=4 crit=0.281 pot=0.7427)
phyopt: rejected (map area 2545.49->2547.84, delay 1589.63->1589.63).
phyopt: part=mid seed=n1162(id=1162 center=1162 R=4 crit=0.289 pot=0.7384)
phyopt: rejected (map area 2545.49->2587.36, delay 1589.63->1589.63).
phyopt: part=mid seed=n1854(id=1854 center=1854 R=4 crit=0.289 pot=0.7384)
phyopt: accepted (map area 2545.49->2545.25, delay 1589.63->1589.63).
phyopt: part=mid seed=n2141(id=2141 center=2141 R=4 crit=0.289 pot=0.7384)
phyopt: accepted (map area 2545.25->2544.17, delay 1589.63->1589.63).
phyopt: part=mid seed=n750(id=750 center=750 R=4 crit=0.307 pot=0.7296)
phyopt: accepted (map area 2544.17->2539.39, delay 1589.63->1589.63).
phyopt: part=mid seed=n1312(id=1312 center=1312 R=4 crit=0.307 pot=0.7296)
phyopt: rejected (map area 2539.39->2572.66, delay 1589.63->1589.63).
phyopt: part=mid seed=n2070(id=2070 center=2070 R=4 crit=0.307 pot=0.7296)
phyopt: rejected (map area 2539.39->2542.07, delay 1589.63->1589.63).
phyopt: part=low seed=n2232(id=2232 center=2232 R=3 crit=0.114 pot=0.8021)
phyopt: rejected (map area 2539.39->2540.20, delay 1589.63->1589.63).
phyopt: part=low seed=n2283(id=2283 center=2283 R=3 crit=0.096 pot=0.8074)
phyopt: rejected (map area 2539.39->2539.92, delay 1589.63->1589.63).
phyopt: part=low seed=n2171(id=2171 center=2171 R=3 crit=0.132 pot=0.7969)
phyopt: accepted (map area 2539.39->2537.00, delay 1589.63->1589.63).
The node "n2345" with ID 2345 is not in the current network.
phyopt: skip seed=n2345 (cannot resolve center node in current AIG).
phyopt: part=low seed=n2339(id=2339 center=2339 R=3 crit=0.140 pot=0.7942)
Object with ID 2339 is not a node or reg output.
Error: Extracting sequential window has failed.
Error: phyopt: local optimization failed. Rolling back.
phyopt: part=low seed=n2314(id=2314 center=2314 R=3 crit=0.132 pot=0.7969)
Object with ID 2314 is not a node or reg output.
Error: Extracting sequential window has failed.
Error: phyopt: local optimization failed. Rolling back.
phyopt: part=low seed=n2100(id=2100 center=2100 R=3 crit=0.149 pot=0.7916)
phyopt: rejected (map area 2537.00->2539.91, delay 1589.63->1589.63).
phyopt: part=low seed=n2273(id=2273 center=2273 R=3 crit=0.149 pot=0.7916)
phyopt: accepted (map area 2537.00->2536.72, delay 1589.63->1589.63).
phyopt: L0/L1 skips high=50/236 low=1/0 mid=23/103, L1-threshold=0.2427.
phyopt: adaptive keep high/low/mid=95%/62%/95%.
phyopt: finished round 1/1.
phyopt: partition summary (tried/accepted):
  high : 9 / 16
  low  : 2 / 8
  mid  : 6 / 16
phyopt: per-part seed coverage (topK means top-5 potential within processed seeds):
  high: seeds=1581 tried=16(1.0%) accepted=9(56.2%) skipped(marked=0,low_slack=0) topK(tried=3/5 accepted=3 hit=100.0%)
  low: seeds=28 tried=8(28.6%) accepted=2(25.0%) skipped(marked=0,low_slack=0) topK(tried=1/5 accepted=0 hit=0.0%)
  mid: seeds=729 tried=16(2.2%) accepted=6(37.5%) skipped(marked=0,low_slack=0) topK(tried=5/5 accepted=1 hit=20.0%)
phyopt: rejection reason breakdown:
  - runtime_or_eval_fail : 7
  - policy_tradeoff_reject : 0
  - delay_worse : 0
  - area_worse : 20
  - area_and_delay_worse : 0
  - low_part_delay_budget : 0
phyopt: skipped marked=0 low_slack=<0.10=0
phyopt: done, accepted=17 rejected=27 final_nodes=2274 final_levels=118.
phyopt: micro-model saved (/mnt/d/My_abc_work/abc/my_work/model/phy_micro_model_global.txt, samples=815).
[1;37m/mnt/d/My_abc_work/abc/my_work/xiaorong_aig/c6288:[0m i/o =   32/   32  lat =    0  nd =  2766  edge =   6491  area =2536.72  delay =1589.63  lev = 66
