======== ABC command line "source /tmp/ablation_ex208_thresh_tight_285.scr"
Warning: Detected 2 multi-output cells (for example, "FA_X1").
mapper_extract: wrote 10123 lines to "/mnt/d/My_abc_work/abc/my_work/ablation_results/ex208/ex208_thresh_tight.csv".
Loaded 10123 physical records from /mnt/d/My_abc_work/abc/my_work/ablation_results/ex208/ex208_thresh_tight.csv
Potential rebuilt: alpha(low/mid/high)=0.200/0.500/0.800 avg_struct=0.7140 avg_slack=0.2410 avg_opt_mid=0.4776
Physical records : 10123
Gate summary     : NAND=6313 AND=3341 INV=469 OTHER=0
Alpha (L/M/H)    : 0.200 / 0.500 / 0.800
StructW(i/p/f/g) : 0.400 / 0.300 / 0.200 / 0.100
phyopt: start rounds=1, criticality partitions high(>=0.900)->low(<=0.200)->mid, window=16.
phyopt: objective=map(area,delay), low-part delay budget=+10% from pre-opt.
phyopt: round=1 partition sizes high=2570 low=70 mid=7483.
phyopt: round=1 part=high seed=n558(id=558 center=558 R=5 crit=0.920 pot=0.2640)
phyopt: accepted (map area 5331.70->5301.65, delay 16.00->16.00).
phyopt: round=1 part=high seed=n1645(id=1645 center=1645 R=5 crit=0.920 pot=0.2640)
phyopt: accepted (map area 5301.65->5301.65, delay 16.00->16.00).
phyopt: round=1 part=high seed=n1659(id=1659 center=1659 R=5 crit=0.920 pot=0.2640)
phyopt: accepted (map area 5301.65->5300.58, delay 16.00->16.00).
phyopt: round=1 part=high seed=n3319(id=3319 center=3319 R=5 crit=0.920 pot=0.2640)
phyopt: accepted (map area 5300.58->5298.72, delay 16.00->16.00).
phyopt: round=1 part=high seed=n3698(id=3698 center=3698 R=5 crit=0.920 pot=0.2640)
phyopt: rejected (map area 5298.72->5301.91, delay 16.00->16.00).
phyopt: round=1 part=high seed=n4470(id=4470 center=4470 R=5 crit=0.920 pot=0.2640)
phyopt: accepted (map area 5298.72->5298.72, delay 16.00->16.00).
phyopt: round=1 part=high seed=n8237(id=8237 center=8237 R=5 crit=0.920 pot=0.2640)
phyopt: accepted (map area 5298.72->5293.67, delay 16.00->16.00).
phyopt: round=1 part=high seed=n8626(id=8626 center=8626 R=5 crit=0.920 pot=0.2640)
phyopt: accepted (map area 5293.67->5292.60, delay 16.00->16.00).
The node "n10142" with ID 10142 is not in the current network.
phyopt: skip seed=n10142 (cannot resolve center node in current AIG).
phyopt: round=1 part=high seed=n518(id=518 center=518 R=5 crit=0.960 pot=0.2320)
phyopt: accepted (map area 5292.60->5276.64, delay 16.00->16.00).
phyopt: round=1 part=high seed=n1590(id=1590 center=1590 R=5 crit=0.960 pot=0.2320)
phyopt: accepted (map area 5276.64->5276.64, delay 16.00->16.00).
phyopt: round=1 part=high seed=n4696(id=4696 center=4696 R=5 crit=0.960 pot=0.2320)
phyopt: accepted (map area 5276.64->5276.11, delay 16.00->16.00).
phyopt: round=1 part=high seed=n5059(id=5059 center=5059 R=5 crit=0.960 pot=0.2320)
phyopt: accepted (map area 5276.11->5272.12, delay 16.00->16.00).
phyopt: round=1 part=high seed=n85(id=85 center=85 R=5 crit=0.920 pot=0.2147)
phyopt: accepted (map area 5272.12->5226.10, delay 16.00->16.00).
phyopt: round=1 part=high seed=n465(id=465 center=465 R=5 crit=0.920 pot=0.2147)
phyopt: accepted (map area 5226.10->5224.77, delay 16.00->16.00).
phyopt: round=1 part=high seed=n481(id=481 center=481 R=5 crit=0.920 pot=0.2147)
phyopt: accepted (map area 5224.77->5205.09, delay 16.00->16.00).
phyopt: round=1 part=high seed=n553(id=553 center=553 R=5 crit=0.920 pot=0.2147)
phyopt: accepted (map area 5205.09->5198.44, delay 16.00->16.00).
phyopt: round=1 part=high seed=n556(id=556 center=556 R=5 crit=0.920 pot=0.2147)
phyopt: accepted (map area 5198.44->5195.51, delay 16.00->16.00).
phyopt: round=1 part=high seed=n561(id=561 center=561 R=5 crit=0.920 pot=0.2147)
phyopt: accepted (map area 5195.51->5191.79, delay 16.00->16.00).
phyopt: round=1 part=high seed=n563(id=563 center=563 R=5 crit=0.920 pot=0.2147)
phyopt: accepted (map area 5191.79->5191.79, delay 16.00->16.00).
phyopt: round=1 part=high seed=n596(id=596 center=596 R=5 crit=0.920 pot=0.2147)
phyopt: accepted (map area 5191.79->5191.79, delay 16.00->16.00).
phyopt: round=1 part=high seed=n608(id=608 center=608 R=5 crit=0.920 pot=0.2147)
phyopt: rejected (map area 5191.79->5194.45, delay 16.00->16.00).
phyopt: round=1 part=high seed=n609(id=609 center=609 R=5 crit=0.920 pot=0.2147)
phyopt: accepted (map area 5191.79->5183.81, delay 16.00->16.00).
phyopt: round=1 part=high seed=n611(id=611 center=611 R=5 crit=0.920 pot=0.2147)
phyopt: rejected (map area 5183.81->5190.19, delay 16.00->16.00).
phyopt: round=1 part=high seed=n612(id=612 center=612 R=5 crit=0.920 pot=0.2147)
phyopt: rejected (map area 5183.81->5187.53, delay 16.00->16.00).
phyopt: round=1 part=low seed=n6256(id=6256 center=6256 R=3 crit=0.160 pot=0.9680)
phyopt: rejected (map area 5183.81->5183.81, delay 16.00->16.00).
phyopt: round=1 part=low seed=n2528(id=2528 center=2528 R=3 crit=0.200 pot=0.9600)
phyopt: rejected (map area 5183.81->5183.81, delay 16.00->16.00).
phyopt: round=1 part=low seed=n2028(id=2028 center=2028 R=3 crit=0.000 pot=0.8029)
phyopt: rejected (map area 5183.81->5183.81, delay 16.00->16.00).
phyopt: round=1 part=low seed=n5670(id=5670 center=5670 R=3 crit=0.000 pot=0.8029)
phyopt: rejected (map area 5183.81->5183.81, delay 16.00->16.00).
phyopt: round=1 part=low seed=n5671(id=5671 center=5671 R=3 crit=0.000 pot=0.8029)
phyopt: rejected (map area 5183.81->5183.81, delay 16.00->16.00).
phyopt: round=1 part=low seed=n5672(id=5672 center=5672 R=3 crit=0.000 pot=0.8029)
phyopt: rejected (map area 5183.81->5183.81, delay 16.00->16.00).
phyopt: round=1 part=low seed=n1149(id=1149 center=1149 R=3 crit=0.040 pot=0.7949)
phyopt: rejected (map area 5183.81->5183.81, delay 16.00->16.00).
phyopt: round=1 part=low seed=n2118(id=2118 center=2118 R=3 crit=0.040 pot=0.7949)
phyopt: accepted (map area 5183.81->5183.54, delay 16.00->16.00).
phyopt: round=1 part=low seed=n2119(id=2119 center=2119 R=3 crit=0.040 pot=0.7949)
phyopt: rejected (map area 5183.54->5183.54, delay 16.00->16.00).
phyopt: round=1 part=low seed=n2138(id=2138 center=2138 R=3 crit=0.080 pot=0.7869)
phyopt: rejected (map area 5183.54->5183.54, delay 16.00->16.00).
phyopt: round=1 part=low seed=n2139(id=2139 center=2139 R=3 crit=0.080 pot=0.7869)
phyopt: rejected (map area 5183.54->5183.54, delay 16.00->16.00).
phyopt: round=1 part=low seed=n6238(id=6238 center=6238 R=3 crit=0.080 pot=0.7869)
phyopt: rejected (map area 5183.54->5183.54, delay 16.00->16.00).
phyopt: round=1 part=low seed=n6239(id=6239 center=6239 R=3 crit=0.080 pot=0.7869)
phyopt: rejected (map area 5183.54->5183.54, delay 16.00->16.00).
phyopt: round=1 part=low seed=n1926(id=1926 center=1926 R=3 crit=0.120 pot=0.7789)
phyopt: rejected (map area 5183.54->5183.54, delay 16.00->16.00).
phyopt: round=1 part=low seed=n3286(id=3286 center=3286 R=3 crit=0.120 pot=0.7789)
phyopt: rejected (map area 5183.54->5183.54, delay 16.00->16.00).
phyopt: round=1 part=low seed=n3287(id=3287 center=3287 R=3 crit=0.120 pot=0.7789)
phyopt: accepted (map area 5183.54->5183.01, delay 16.00->16.00).
phyopt: round=1 part=low seed=n5683(id=5683 center=5683 R=3 crit=0.120 pot=0.7789)
phyopt: rejected (map area 5183.01->5183.01, delay 16.00->16.00).
phyopt: round=1 part=low seed=n5684(id=5684 center=5684 R=3 crit=0.120 pot=0.7789)
phyopt: accepted (map area 5183.01->5182.21, delay 16.00->16.00).
phyopt: round=1 part=low seed=n6259(id=6259 center=6259 R=3 crit=0.120 pot=0.7789)
phyopt: rejected (map area 5182.21->5182.21, delay 16.00->16.00).
phyopt: round=1 part=low seed=n6263(id=6263 center=6263 R=3 crit=0.120 pot=0.7789)
phyopt: rejected (map area 5182.21->5182.48, delay 16.00->16.00).
phyopt: round=1 part=low seed=n1932(id=1932 center=1932 R=3 crit=0.160 pot=0.7709)
phyopt: rejected (map area 5182.21->5182.21, delay 16.00->16.00).
phyopt: round=1 part=low seed=n1933(id=1933 center=1933 R=3 crit=0.160 pot=0.7709)
phyopt: rejected (map area 5182.21->5182.21, delay 16.00->16.00).
phyopt: round=1 part=low seed=n2039(id=2039 center=2039 R=3 crit=0.160 pot=0.7709)
phyopt: rejected (map area 5182.21->5182.21, delay 16.00->16.00).
phyopt: round=1 part=low seed=n2134(id=2134 center=2134 R=3 crit=0.160 pot=0.7709)
phyopt: rejected (map area 5182.21->5182.21, delay 16.00->16.00).
phyopt: round=1 part=low seed=n2140(id=2140 center=2140 R=3 crit=0.160 pot=0.7709)
phyopt: rejected (map area 5182.21->5182.21, delay 16.00->16.00).
phyopt: round=1 part=low seed=n2163(id=2163 center=2163 R=3 crit=0.160 pot=0.7709)
phyopt: rejected (map area 5182.21->5182.21, delay 16.00->16.00).
phyopt: round=1 part=low seed=n3291(id=3291 center=3291 R=3 crit=0.160 pot=0.7709)
phyopt: rejected (map area 5182.21->5182.21, delay 16.00->16.00).
phyopt: round=1 part=low seed=n3292(id=3292 center=3292 R=3 crit=0.160 pot=0.7709)
phyopt: rejected (map area 5182.21->5182.21, delay 16.00->16.00).
phyopt: round=1 part=mid seed=n2052(id=2052 center=2052 R=4 crit=0.240 pot=0.8800)
phyopt: accepted (map area 5182.21->5181.95, delay 16.00->16.00).
phyopt: round=1 part=mid seed=n3964(id=3964 center=3964 R=4 crit=0.240 pot=0.8800)
phyopt: rejected (map area 5181.95->5183.28, delay 16.00->16.00).
phyopt: round=1 part=mid seed=n3968(id=3968 center=3968 R=4 crit=0.240 pot=0.8800)
phyopt: rejected (map area 5181.95->5184.87, delay 16.00->16.00).
phyopt: round=1 part=mid seed=n1927(id=1927 center=1927 R=4 crit=0.280 pot=0.8600)
phyopt: accepted (map area 5181.95->5180.35, delay 16.00->16.00).
phyopt: round=1 part=mid seed=n2046(id=2046 center=2046 R=4 crit=0.280 pot=0.8600)
phyopt: accepted (map area 5180.35->5179.55, delay 16.00->16.00).
phyopt: round=1 part=mid seed=n6131(id=6131 center=6131 R=4 crit=0.280 pot=0.8600)
phyopt: accepted (map area 5179.55->5178.49, delay 16.00->16.00).
phyopt: round=1 part=mid seed=n1265(id=1265 center=1265 R=4 crit=0.320 pot=0.8400)
phyopt: rejected (map area 5178.49->5179.29, delay 16.00->16.00).
phyopt: round=1 part=mid seed=n2589(id=2589 center=2589 R=4 crit=0.320 pot=0.8400)
phyopt: accepted (map area 5178.49->5178.22, delay 16.00->16.00).
phyopt: round=1 part=mid seed=n2934(id=2934 center=2934 R=4 crit=0.320 pot=0.8400)
phyopt: accepted (map area 5178.22->5177.16, delay 16.00->16.00).
phyopt: round=1 part=mid seed=n2900(id=2900 center=2900 R=4 crit=0.360 pot=0.8200)
phyopt: accepted (map area 5177.16->5175.83, delay 16.00->16.00).
phyopt: round=1 part=mid seed=n5227(id=5227 center=5227 R=4 crit=0.360 pot=0.8200)
phyopt: accepted (map area 5175.83->5174.76, delay 16.00->16.00).
phyopt: round=1 part=mid seed=n6169(id=6169 center=6169 R=4 crit=0.360 pot=0.8200)
phyopt: rejected (map area 5174.76->5174.76, delay 16.00->16.00).
phyopt: round=1 part=mid seed=n6735(id=6735 center=6735 R=4 crit=0.360 pot=0.8200)
phyopt: rejected (map area 5174.76->5174.76, delay 16.00->16.00).
phyopt: round=1 part=mid seed=n1463(id=1463 center=1463 R=4 crit=0.400 pot=0.8000)
phyopt: accepted (map area 5174.76->5174.23, delay 16.00->16.00).
phyopt: round=1 part=mid seed=n2583(id=2583 center=2583 R=4 crit=0.400 pot=0.8000)
phyopt: rejected (map area 5174.23->5174.23, delay 16.00->16.00).
phyopt: round=1 part=mid seed=n6808(id=6808 center=6808 R=4 crit=0.400 pot=0.8000)
phyopt: accepted (map area 5174.23->5173.70, delay 16.00->16.00).
phyopt: round=1 part=mid seed=n6810(id=6810 center=6810 R=4 crit=0.400 pot=0.8000)
phyopt: rejected (map area 5173.70->5173.70, delay 16.00->16.00).
phyopt: round=1 part=mid seed=n3254(id=3254 center=3254 R=4 crit=0.440 pot=0.7800)
phyopt: rejected (map area 5173.70->5175.56, delay 16.00->16.00).
phyopt: round=1 part=mid seed=n4577(id=4577 center=4577 R=4 crit=0.440 pot=0.7800)
phyopt: rejected (map area 5173.70->5173.70, delay 16.00->16.00).
phyopt: round=1 part=mid seed=n6224(id=6224 center=6224 R=4 crit=0.440 pot=0.7800)
phyopt: accepted (map area 5173.70->5173.43, delay 16.00->16.00).
phyopt: round=1 part=mid seed=n7696(id=7696 center=7696 R=4 crit=0.440 pot=0.7800)
phyopt: rejected (map area 5173.43->5173.43, delay 16.00->16.00).
phyopt: round=1 part=mid seed=n7897(id=7897 center=7897 R=4 crit=0.440 pot=0.7800)
phyopt: rejected (map area 5173.43->5174.23, delay 16.00->16.00).
phyopt: round=1 part=mid seed=n9166(id=9166 center=9166 R=4 crit=0.440 pot=0.7800)
phyopt: rejected (map area 5173.43->5173.43, delay 16.00->16.00).
phyopt: round=1 part=mid seed=n9193(id=9193 center=9193 R=4 crit=0.440 pot=0.7800)
phyopt: accepted (map area 5173.43->5170.51, delay 16.00->16.00).
phyopt: round=1 part=mid seed=n9235(id=9235 center=9235 R=4 crit=0.440 pot=0.7800)
Object with ID 9235 is not a node or reg output.
Error: Extracting sequential window has failed.
Error: phyopt: local optimization failed at round 1 part 3. Rolling back.
The node "n9969" with ID 9969 is not in the current network.
phyopt: skip seed=n9969 (cannot resolve center node in current AIG).
phyopt: round=1 part=mid seed=n1299(id=1299 center=1299 R=4 crit=0.480 pot=0.7600)
phyopt: rejected (map area 5170.51->5171.04, delay 16.00->16.00).
phyopt: round=1 part=mid seed=n1302(id=1302 center=1302 R=4 crit=0.480 pot=0.7600)
phyopt: rejected (map area 5170.51->5170.51, delay 16.00->16.00).
phyopt: round=1 part=mid seed=n1677(id=1677 center=1677 R=4 crit=0.480 pot=0.7600)
phyopt: rejected (map area 5170.51->5170.51, delay 16.00->16.00).
phyopt: round=1 part=mid seed=n1681(id=1681 center=1681 R=4 crit=0.480 pot=0.7600)
phyopt: rejected (map area 5170.51->5171.84, delay 16.00->16.00).
phyopt: finished round 1/1.
phyopt: partition summary (tried/accepted):
  high : 20 / 24
  low  : 3 / 28
  mid  : 12 / 29
phyopt: per-part seed coverage (topK means top-5 potential within processed seeds):
  high: seeds=30 tried=24(80.0%) accepted=20(83.3%) skipped(marked=5,low_slack=0) topK(tried=5/5 accepted=4 hit=80.0%)
  low: seeds=30 tried=28(93.3%) accepted=3(10.7%) skipped(marked=2,low_slack=0) topK(tried=5/5 accepted=0 hit=0.0%)
  mid: seeds=30 tried=29(96.7%) accepted=12(41.4%) skipped(marked=0,low_slack=0) topK(tried=5/5 accepted=3 hit=60.0%)
phyopt: rejection reason breakdown:
  - runtime_or_eval_fail : 3
  - policy_tradeoff_reject : 33
  - delay_worse : 0
  - area_worse : 12
  - area_and_delay_worse : 0
  - low_part_delay_budget : 0
phyopt: skipped marked=7 low_slack=<0.10=0
phyopt: done, accepted=35 rejected=48 final_nodes=9208 final_levels=32.
Networks are equivalent.  Time =     1.36 sec
