======== ABC command line "source /tmp/ablation_ex208_thresh_loose_285.scr"
Warning: Detected 2 multi-output cells (for example, "FA_X1").
mapper_extract: wrote 10123 lines to "/mnt/d/My_abc_work/abc/my_work/ablation_results/ex208/ex208_thresh_loose.csv".
Loaded 10123 physical records from /mnt/d/My_abc_work/abc/my_work/ablation_results/ex208/ex208_thresh_loose.csv
Potential rebuilt: alpha(low/mid/high)=0.200/0.500/0.800 avg_struct=0.7140 avg_slack=0.2410 avg_opt_mid=0.4776
Physical records : 10123
Gate summary     : NAND=6313 AND=3341 INV=469 OTHER=0
Alpha (L/M/H)    : 0.200 / 0.500 / 0.800
StructW(i/p/f/g) : 0.400 / 0.300 / 0.200 / 0.100
phyopt: start rounds=1, criticality partitions high(>=0.700)->low(<=0.400)->mid, window=16.
phyopt: objective=map(area,delay), low-part delay budget=+10% from pre-opt.
phyopt: round=1 partition sizes high=6781 low=574 mid=2768.
phyopt: round=1 part=high seed=n78(id=78 center=78 R=5 crit=0.720 pot=0.4240)
phyopt: accepted (map area 5331.70->5321.86, delay 16.00->16.00).
phyopt: round=1 part=high seed=n89(id=89 center=89 R=5 crit=0.720 pot=0.4240)
phyopt: accepted (map area 5321.86->5321.86, delay 16.00->16.00).
phyopt: round=1 part=high seed=n2260(id=2260 center=2260 R=5 crit=0.720 pot=0.4240)
phyopt: rejected (map area 5321.86->5322.13, delay 16.00->16.00).
phyopt: round=1 part=high seed=n3637(id=3637 center=3637 R=5 crit=0.720 pot=0.4240)
phyopt: accepted (map area 5321.86->5321.60, delay 16.00->16.00).
phyopt: round=1 part=high seed=n3827(id=3827 center=3827 R=5 crit=0.720 pot=0.4240)
phyopt: accepted (map area 5321.60->5315.74, delay 16.00->16.00).
phyopt: round=1 part=high seed=n4292(id=4292 center=4292 R=5 crit=0.720 pot=0.4240)
phyopt: accepted (map area 5315.74->5315.48, delay 16.00->16.00).
phyopt: round=1 part=high seed=n5977(id=5977 center=5977 R=5 crit=0.720 pot=0.4240)
phyopt: accepted (map area 5315.48->5308.56, delay 16.00->16.00).
phyopt: round=1 part=high seed=n7436(id=7436 center=7436 R=5 crit=0.720 pot=0.4240)
phyopt: rejected (map area 5308.56->5309.36, delay 16.00->16.00).
phyopt: round=1 part=high seed=n7441(id=7441 center=7441 R=5 crit=0.720 pot=0.4240)
phyopt: rejected (map area 5308.56->5308.83, delay 16.00->16.00).
phyopt: round=1 part=high seed=n7457(id=7457 center=7457 R=5 crit=0.720 pot=0.4240)
phyopt: accepted (map area 5308.56->5288.88, delay 16.00->16.00).
phyopt: round=1 part=high seed=n8761(id=8761 center=8761 R=5 crit=0.720 pot=0.4240)
phyopt: accepted (map area 5288.88->5287.02, delay 16.00->16.00).
phyopt: round=1 part=high seed=n9267(id=9267 center=9267 R=5 crit=0.720 pot=0.4240)
phyopt: accepted (map area 5287.02->5286.75, delay 16.00->16.00).
phyopt: round=1 part=high seed=n9458(id=9458 center=9458 R=5 crit=0.720 pot=0.4240)
phyopt: accepted (map area 5286.75->5286.75, delay 16.00->16.00).
phyopt: round=1 part=high seed=n67(id=67 center=67 R=5 crit=0.760 pot=0.3920)
phyopt: accepted (map area 5286.75->5285.15, delay 16.00->16.00).
phyopt: round=1 part=high seed=n280(id=280 center=280 R=5 crit=0.760 pot=0.3920)
phyopt: accepted (map area 5285.15->5264.67, delay 16.00->16.00).
phyopt: round=1 part=high seed=n1560(id=1560 center=1560 R=5 crit=0.760 pot=0.3920)
phyopt: accepted (map area 5264.67->5263.61, delay 16.00->16.00).
phyopt: round=1 part=high seed=n3812(id=3812 center=3812 R=5 crit=0.760 pot=0.3920)
phyopt: accepted (map area 5263.61->5263.61, delay 16.00->16.00).
phyopt: round=1 part=high seed=n4746(id=4746 center=4746 R=5 crit=0.760 pot=0.3920)
phyopt: rejected (map area 5263.61->5263.87, delay 16.00->16.00).
phyopt: round=1 part=high seed=n4772(id=4772 center=4772 R=5 crit=0.760 pot=0.3920)
phyopt: accepted (map area 5263.61->5263.08, delay 16.00->16.00).
phyopt: round=1 part=high seed=n5006(id=5006 center=5006 R=5 crit=0.760 pot=0.3920)
phyopt: accepted (map area 5263.08->5257.49, delay 16.00->16.00).
phyopt: round=1 part=high seed=n7215(id=7215 center=7215 R=5 crit=0.760 pot=0.3920)
phyopt: rejected (map area 5257.49->5257.76, delay 16.00->16.00).
phyopt: round=1 part=high seed=n7424(id=7424 center=7424 R=5 crit=0.760 pot=0.3920)
phyopt: accepted (map area 5257.49->5255.10, delay 16.00->16.00).
phyopt: round=1 part=high seed=n7542(id=7542 center=7542 R=5 crit=0.760 pot=0.3920)
phyopt: accepted (map area 5255.10->5254.03, delay 16.00->16.00).
phyopt: round=1 part=high seed=n8400(id=8400 center=8400 R=5 crit=0.760 pot=0.3920)
phyopt: accepted (map area 5254.03->5253.77, delay 16.00->16.00).
phyopt: round=1 part=high seed=n8516(id=8516 center=8516 R=5 crit=0.760 pot=0.3920)
phyopt: accepted (map area 5253.77->5250.31, delay 16.00->16.00).
phyopt: round=1 part=high seed=n9099(id=9099 center=9099 R=5 crit=0.760 pot=0.3920)
phyopt: accepted (map area 5250.31->5242.86, delay 16.00->16.00).
The node "n9567" with ID 9567 is not in the current network.
phyopt: skip seed=n9567 (cannot resolve center node in current AIG).
The node "n9676" with ID 9676 is not in the current network.
phyopt: skip seed=n9676 (cannot resolve center node in current AIG).
phyopt: round=1 part=high seed=n229(id=229 center=229 R=5 crit=0.720 pot=0.3747)
phyopt: accepted (map area 5242.86->5242.86, delay 16.00->16.00).
phyopt: round=1 part=low seed=n6256(id=6256 center=6256 R=3 crit=0.160 pot=0.9680)
phyopt: rejected (map area 5242.86->5242.86, delay 16.00->16.00).
phyopt: round=1 part=low seed=n2528(id=2528 center=2528 R=3 crit=0.200 pot=0.9600)
phyopt: rejected (map area 5242.86->5242.86, delay 16.00->16.00).
phyopt: round=1 part=low seed=n2052(id=2052 center=2052 R=3 crit=0.240 pot=0.9520)
phyopt: rejected (map area 5242.86->5242.86, delay 16.00->16.00).
phyopt: round=1 part=low seed=n3964(id=3964 center=3964 R=3 crit=0.240 pot=0.9520)
phyopt: rejected (map area 5242.86->5242.86, delay 16.00->16.00).
phyopt: round=1 part=low seed=n3968(id=3968 center=3968 R=3 crit=0.240 pot=0.9520)
phyopt: accepted (map area 5242.86->5242.59, delay 16.00->16.00).
phyopt: round=1 part=low seed=n1927(id=1927 center=1927 R=3 crit=0.280 pot=0.9440)
phyopt: accepted (map area 5242.59->5242.33, delay 16.00->16.00).
phyopt: round=1 part=low seed=n2046(id=2046 center=2046 R=3 crit=0.280 pot=0.9440)
phyopt: accepted (map area 5242.33->5241.26, delay 16.00->16.00).
phyopt: round=1 part=low seed=n6131(id=6131 center=6131 R=3 crit=0.280 pot=0.9440)
phyopt: rejected (map area 5241.26->5241.26, delay 16.00->16.00).
phyopt: round=1 part=low seed=n1265(id=1265 center=1265 R=3 crit=0.320 pot=0.9360)
phyopt: rejected (map area 5241.26->5241.26, delay 16.00->16.00).
phyopt: round=1 part=low seed=n2589(id=2589 center=2589 R=3 crit=0.320 pot=0.9360)
phyopt: rejected (map area 5241.26->5241.26, delay 16.00->16.00).
phyopt: round=1 part=low seed=n2934(id=2934 center=2934 R=3 crit=0.320 pot=0.9360)
phyopt: rejected (map area 5241.26->5241.26, delay 16.00->16.00).
phyopt: round=1 part=low seed=n2900(id=2900 center=2900 R=3 crit=0.360 pot=0.9280)
phyopt: accepted (map area 5241.26->5241.00, delay 16.00->16.00).
phyopt: round=1 part=low seed=n5227(id=5227 center=5227 R=3 crit=0.360 pot=0.9280)
phyopt: rejected (map area 5241.00->5241.00, delay 16.00->16.00).
phyopt: round=1 part=low seed=n6169(id=6169 center=6169 R=3 crit=0.360 pot=0.9280)
phyopt: rejected (map area 5241.00->5241.00, delay 16.00->16.00).
phyopt: round=1 part=low seed=n6735(id=6735 center=6735 R=3 crit=0.360 pot=0.9280)
phyopt: rejected (map area 5241.00->5241.00, delay 16.00->16.00).
phyopt: round=1 part=low seed=n1463(id=1463 center=1463 R=3 crit=0.400 pot=0.9200)
phyopt: rejected (map area 5241.00->5241.00, delay 16.00->16.00).
phyopt: round=1 part=low seed=n2583(id=2583 center=2583 R=3 crit=0.400 pot=0.9200)
phyopt: accepted (map area 5241.00->5240.73, delay 16.00->16.00).
phyopt: round=1 part=low seed=n6808(id=6808 center=6808 R=3 crit=0.400 pot=0.9200)
phyopt: rejected (map area 5240.73->5240.73, delay 16.00->16.00).
phyopt: round=1 part=low seed=n6810(id=6810 center=6810 R=3 crit=0.400 pot=0.9200)
phyopt: rejected (map area 5240.73->5240.73, delay 16.00->16.00).
phyopt: round=1 part=low seed=n2028(id=2028 center=2028 R=3 crit=0.000 pot=0.8029)
phyopt: rejected (map area 5240.73->5240.73, delay 16.00->16.00).
phyopt: round=1 part=low seed=n5670(id=5670 center=5670 R=3 crit=0.000 pot=0.8029)
phyopt: accepted (map area 5240.73->5240.47, delay 16.00->16.00).
phyopt: round=1 part=low seed=n5671(id=5671 center=5671 R=3 crit=0.000 pot=0.8029)
phyopt: accepted (map area 5240.47->5239.40, delay 16.00->16.00).
phyopt: round=1 part=low seed=n1149(id=1149 center=1149 R=3 crit=0.040 pot=0.7949)
phyopt: rejected (map area 5239.40->5239.40, delay 16.00->16.00).
phyopt: round=1 part=low seed=n2118(id=2118 center=2118 R=3 crit=0.040 pot=0.7949)
phyopt: rejected (map area 5239.40->5239.40, delay 16.00->16.00).
phyopt: round=1 part=low seed=n2119(id=2119 center=2119 R=3 crit=0.040 pot=0.7949)
phyopt: rejected (map area 5239.40->5239.40, delay 16.00->16.00).
phyopt: round=1 part=low seed=n2120(id=2120 center=2120 R=3 crit=0.040 pot=0.7949)
phyopt: rejected (map area 5239.40->5239.40, delay 16.00->16.00).
phyopt: round=1 part=low seed=n2138(id=2138 center=2138 R=3 crit=0.080 pot=0.7869)
phyopt: rejected (map area 5239.40->5239.40, delay 16.00->16.00).
phyopt: round=1 part=low seed=n2139(id=2139 center=2139 R=3 crit=0.080 pot=0.7869)
phyopt: rejected (map area 5239.40->5239.40, delay 16.00->16.00).
phyopt: round=1 part=low seed=n6238(id=6238 center=6238 R=3 crit=0.080 pot=0.7869)
phyopt: rejected (map area 5239.40->5240.20, delay 16.00->16.00).
phyopt: round=1 part=mid seed=n3254(id=3254 center=3254 R=4 crit=0.440 pot=0.7800)
phyopt: accepted (map area 5239.40->5237.81, delay 16.00->16.00).
phyopt: round=1 part=mid seed=n4577(id=4577 center=4577 R=4 crit=0.440 pot=0.7800)
phyopt: accepted (map area 5237.81->5237.54, delay 16.00->16.00).
phyopt: round=1 part=mid seed=n6224(id=6224 center=6224 R=4 crit=0.440 pot=0.7800)
phyopt: rejected (map area 5237.54->5237.54, delay 16.00->16.00).
phyopt: round=1 part=mid seed=n7696(id=7696 center=7696 R=4 crit=0.440 pot=0.7800)
phyopt: rejected (map area 5237.54->5237.54, delay 16.00->16.00).
phyopt: round=1 part=mid seed=n7897(id=7897 center=7897 R=4 crit=0.440 pot=0.7800)
phyopt: accepted (map area 5237.54->5237.27, delay 16.00->16.00).
phyopt: round=1 part=mid seed=n9166(id=9166 center=9166 R=4 crit=0.440 pot=0.7800)
phyopt: rejected (map area 5237.27->5237.27, delay 16.00->16.00).
phyopt: round=1 part=mid seed=n9193(id=9193 center=9193 R=4 crit=0.440 pot=0.7800)
phyopt: accepted (map area 5237.27->5236.74, delay 16.00->16.00).
phyopt: round=1 part=mid seed=n9235(id=9235 center=9235 R=4 crit=0.440 pot=0.7800)
phyopt: accepted (map area 5236.74->5236.48, delay 16.00->16.00).
The node "n9969" with ID 9969 is not in the current network.
phyopt: skip seed=n9969 (cannot resolve center node in current AIG).
phyopt: round=1 part=mid seed=n1299(id=1299 center=1299 R=4 crit=0.480 pot=0.7600)
phyopt: accepted (map area 5236.48->5236.21, delay 16.00->16.00).
phyopt: round=1 part=mid seed=n1302(id=1302 center=1302 R=4 crit=0.480 pot=0.7600)
phyopt: rejected (map area 5236.21->5236.21, delay 16.00->16.00).
phyopt: round=1 part=mid seed=n1677(id=1677 center=1677 R=4 crit=0.480 pot=0.7600)
phyopt: accepted (map area 5236.21->5235.68, delay 16.00->16.00).
phyopt: round=1 part=mid seed=n1681(id=1681 center=1681 R=4 crit=0.480 pot=0.7600)
phyopt: rejected (map area 5235.68->5237.27, delay 16.00->16.00).
phyopt: round=1 part=mid seed=n2951(id=2951 center=2951 R=4 crit=0.480 pot=0.7600)
phyopt: rejected (map area 5235.68->5235.68, delay 16.00->16.00).
phyopt: round=1 part=mid seed=n4052(id=4052 center=4052 R=4 crit=0.480 pot=0.7600)
phyopt: accepted (map area 5235.68->5234.88, delay 16.00->16.00).
phyopt: round=1 part=mid seed=n5267(id=5267 center=5267 R=4 crit=0.480 pot=0.7600)
phyopt: accepted (map area 5234.88->5234.35, delay 16.00->16.00).
phyopt: round=1 part=mid seed=n5835(id=5835 center=5835 R=4 crit=0.480 pot=0.7600)
phyopt: accepted (map area 5234.35->5234.08, delay 16.00->16.00).
phyopt: round=1 part=mid seed=n8734(id=8734 center=8734 R=4 crit=0.480 pot=0.7600)
phyopt: accepted (map area 5234.08->5233.82, delay 16.00->16.00).
phyopt: round=1 part=mid seed=n9231(id=9231 center=9231 R=4 crit=0.480 pot=0.7600)
phyopt: accepted (map area 5233.82->5232.49, delay 16.00->16.00).
phyopt: round=1 part=mid seed=n442(id=442 center=442 R=4 crit=0.520 pot=0.7400)
phyopt: accepted (map area 5232.49->5231.16, delay 16.00->16.00).
phyopt: round=1 part=mid seed=n2083(id=2083 center=2083 R=4 crit=0.520 pot=0.7400)
phyopt: rejected (map area 5231.16->5231.16, delay 16.00->16.00).
phyopt: round=1 part=mid seed=n2086(id=2086 center=2086 R=4 crit=0.520 pot=0.7400)
phyopt: rejected (map area 5231.16->5231.16, delay 16.00->16.00).
phyopt: round=1 part=mid seed=n2662(id=2662 center=2662 R=4 crit=0.520 pot=0.7400)
phyopt: rejected (map area 5231.16->5231.16, delay 16.00->16.00).
phyopt: round=1 part=mid seed=n3486(id=3486 center=3486 R=4 crit=0.520 pot=0.7400)
phyopt: accepted (map area 5231.16->5230.89, delay 16.00->16.00).
phyopt: round=1 part=mid seed=n7068(id=7068 center=7068 R=4 crit=0.520 pot=0.7400)
phyopt: rejected (map area 5230.89->5231.42, delay 16.00->16.00).
phyopt: round=1 part=mid seed=n7274(id=7274 center=7274 R=4 crit=0.520 pot=0.7400)
phyopt: rejected (map area 5230.89->5230.89, delay 16.00->16.00).
phyopt: round=1 part=mid seed=n8531(id=8531 center=8531 R=4 crit=0.520 pot=0.7400)
phyopt: accepted (map area 5230.89->5229.56, delay 16.00->16.00).
phyopt: round=1 part=mid seed=n151(id=151 center=151 R=4 crit=0.560 pot=0.7200)
phyopt: accepted (map area 5229.56->5229.03, delay 16.00->16.00).
phyopt: round=1 part=mid seed=n2080(id=2080 center=2080 R=4 crit=0.560 pot=0.7200)
phyopt: rejected (map area 5229.03->5231.16, delay 16.00->16.00).
phyopt: round=1 part=mid seed=n3204(id=3204 center=3204 R=4 crit=0.560 pot=0.7200)
phyopt: rejected (map area 5229.03->5229.03, delay 16.00->16.00).
phyopt: finished round 1/1.
phyopt: partition summary (tried/accepted):
  high : 22 / 27
  low  : 7 / 29
  mid  : 16 / 29
phyopt: per-part seed coverage (topK means top-5 potential within processed seeds):
  high: seeds=30 tried=27(90.0%) accepted=22(81.5%) skipped(marked=1,low_slack=0) topK(tried=5/5 accepted=4 hit=80.0%)
  low: seeds=30 tried=29(96.7%) accepted=7(24.1%) skipped(marked=1,low_slack=0) topK(tried=5/5 accepted=1 hit=20.0%)
  mid: seeds=30 tried=29(96.7%) accepted=16(55.2%) skipped(marked=0,low_slack=0) topK(tried=5/5 accepted=3 hit=60.0%)
phyopt: rejection reason breakdown:
  - runtime_or_eval_fail : 3
  - policy_tradeoff_reject : 31
  - delay_worse : 0
  - area_worse : 9
  - area_and_delay_worse : 0
  - low_part_delay_budget : 0
phyopt: skipped marked=2 low_slack=<0.10=0
phyopt: done, accepted=45 rejected=43 final_nodes=9353 final_levels=32.
Networks are equivalent.  Time =     1.39 sec
