======== ABC command line "source /tmp/ablation_ex206_L0.15_H0.95_1826.scr"
Warning: Detected 2 multi-output cells (for example, "FA_X1").
mapper_extract: wrote 118261 lines to "/mnt/d/My_abc_work/abc/my_work/ablation_results_stageB/ex206/ex206_L0.15_H0.95.csv".
Loaded 118261 physical records from /mnt/d/My_abc_work/abc/my_work/ablation_results_stageB/ex206/ex206_L0.15_H0.95.csv
Potential rebuilt: alpha(low/mid/high)=0.200/0.500/0.800 avg_struct=0.7227 avg_slack=0.3128 avg_opt_mid=0.5177
Physical records : 118261
Gate summary     : NAND=89967 AND=24569 INV=3725 OTHER=0
Alpha (L/M/H)    : 0.200 / 0.500 / 0.800
StructW(i/p/f/g) : 0.400 / 0.300 / 0.200 / 0.100
phyopt: start rounds=1, criticality partitions high(>=0.950)->low(<=0.150)->mid, window=16.
phyopt: objective=map(area,delay), low-part delay budget=+10% from pre-opt.
phyopt: round=1 partition sizes high=11395 low=140 mid=106726.
phyopt: round=1 part=high seed=n25622(id=25622 center=25622 R=5 crit=0.958 pot=0.2333)
phyopt: accepted (map area 63326.89->63326.62, delay 24.00->24.00).
phyopt: round=1 part=high seed=n29462(id=29462 center=29462 R=5 crit=0.958 pot=0.2333)
phyopt: accepted (map area 63326.62->63326.62, delay 24.00->24.00).
phyopt: round=1 part=high seed=n29470(id=29470 center=29470 R=5 crit=0.958 pot=0.2333)
phyopt: accepted (map area 63326.62->63312.79, delay 24.00->24.00).
phyopt: round=1 part=high seed=n29680(id=29680 center=29680 R=5 crit=0.958 pot=0.2333)
phyopt: rejected (map area 63312.79->63313.32, delay 24.00->24.00).
phyopt: round=1 part=high seed=n35422(id=35422 center=35422 R=5 crit=0.958 pot=0.2333)
phyopt: rejected (map area 63312.79->63315.18, delay 24.00->24.00).
phyopt: round=1 part=high seed=n36049(id=36049 center=36049 R=5 crit=0.958 pot=0.2333)
phyopt: accepted (map area 63312.79->63312.79, delay 24.00->24.00).
phyopt: round=1 part=high seed=n36198(id=36198 center=36198 R=5 crit=0.958 pot=0.2333)
phyopt: accepted (map area 63312.79->63312.79, delay 24.00->24.00).
phyopt: round=1 part=high seed=n47771(id=47771 center=47771 R=5 crit=0.958 pot=0.2333)
phyopt: accepted (map area 63312.79->63312.79, delay 24.00->24.00).
phyopt: round=1 part=high seed=n51923(id=51923 center=51923 R=5 crit=0.958 pot=0.2333)
phyopt: accepted (map area 63312.79->63312.79, delay 24.00->24.00).
phyopt: round=1 part=high seed=n58208(id=58208 center=58208 R=5 crit=0.958 pot=0.2333)
phyopt: accepted (map area 63312.79->63312.79, delay 24.00->24.00).
phyopt: round=1 part=high seed=n67266(id=67266 center=67266 R=5 crit=0.958 pot=0.2333)
phyopt: accepted (map area 63312.79->63308.27, delay 24.00->24.00).
phyopt: round=1 part=high seed=n68450(id=68450 center=68450 R=5 crit=0.958 pot=0.2333)
phyopt: rejected (map area 63308.27->63310.13, delay 24.00->24.00).
phyopt: round=1 part=high seed=n68792(id=68792 center=68792 R=5 crit=0.958 pot=0.2333)
phyopt: accepted (map area 63308.27->63308.00, delay 24.00->24.00).
phyopt: round=1 part=high seed=n73916(id=73916 center=73916 R=5 crit=0.958 pot=0.2333)
phyopt: accepted (map area 63308.00->63308.00, delay 24.00->24.00).
phyopt: round=1 part=high seed=n77634(id=77634 center=77634 R=5 crit=0.958 pot=0.2333)
phyopt: accepted (map area 63308.00->63307.73, delay 24.00->24.00).
phyopt: round=1 part=high seed=n77749(id=77749 center=77749 R=5 crit=0.958 pot=0.2333)
phyopt: rejected (map area 63307.73->63530.38, delay 24.00->24.00).
phyopt: round=1 part=high seed=n77952(id=77952 center=77952 R=5 crit=0.958 pot=0.2333)
phyopt: rejected (map area 63307.73->63356.68, delay 24.00->24.00).
phyopt: round=1 part=high seed=n78150(id=78150 center=78150 R=5 crit=0.958 pot=0.2333)
phyopt: accepted (map area 63307.73->63305.34, delay 24.00->24.00).
phyopt: round=1 part=high seed=n78675(id=78675 center=78675 R=5 crit=0.958 pot=0.2333)
phyopt: rejected (map area 63305.34->63355.35, delay 24.00->24.00).
phyopt: round=1 part=high seed=n85894(id=85894 center=85894 R=5 crit=0.958 pot=0.2333)
phyopt: accepted (map area 63305.34->63303.74, delay 24.00->24.00).
phyopt: round=1 part=high seed=n86214(id=86214 center=86214 R=5 crit=0.958 pot=0.2333)
phyopt: accepted (map area 63303.74->63303.74, delay 24.00->24.00).
phyopt: round=1 part=high seed=n86329(id=86329 center=86329 R=5 crit=0.958 pot=0.2333)
phyopt: accepted (map area 63303.74->63303.74, delay 24.00->24.00).
phyopt: round=1 part=high seed=n94050(id=94050 center=94050 R=5 crit=0.958 pot=0.2333)
phyopt: rejected (map area 63303.74->63304.54, delay 24.00->24.00).
phyopt: round=1 part=high seed=n94305(id=94305 center=94305 R=5 crit=0.958 pot=0.2333)
phyopt: accepted (map area 63303.74->63303.48, delay 24.00->24.00).
phyopt: round=1 part=high seed=n98975(id=98975 center=98975 R=5 crit=0.958 pot=0.2333)
phyopt: accepted (map area 63303.48->63303.48, delay 24.00->24.00).
phyopt: round=1 part=high seed=n103237(id=103237 center=103237 R=5 crit=0.958 pot=0.2333)
phyopt: rejected (map area 63303.48->63303.74, delay 24.00->24.00).
phyopt: round=1 part=high seed=n109913(id=109913 center=109913 R=5 crit=0.958 pot=0.2333)
phyopt: accepted (map area 63303.48->63303.48, delay 24.00->24.00).
phyopt: round=1 part=high seed=n110878(id=110878 center=110878 R=5 crit=0.958 pot=0.2333)
phyopt: rejected (map area 63303.48->63304.01, delay 24.00->24.00).
phyopt: round=1 part=high seed=n1710(id=1710 center=1710 R=5 crit=0.979 pot=0.2167)
phyopt: accepted (map area 63303.48->63303.21, delay 24.00->24.00).
phyopt: round=1 part=high seed=n13278(id=13278 center=13278 R=5 crit=0.979 pot=0.2167)
phyopt: rejected (map area 63303.21->63490.21, delay 24.00->24.00).
phyopt: round=1 part=low seed=n58967(id=58967 center=58967 R=3 crit=0.083 pot=0.9833)
phyopt: rejected (map area 63303.21->63303.21, delay 24.00->24.00).
phyopt: round=1 part=low seed=n59949(id=59949 center=59949 R=3 crit=0.000 pot=0.8032)
phyopt: rejected (map area 63303.21->63303.21, delay 24.00->24.00).
phyopt: round=1 part=low seed=n62978(id=62978 center=62978 R=3 crit=0.000 pot=0.8032)
phyopt: accepted (map area 63303.21->63302.95, delay 24.00->24.00).
phyopt: round=1 part=low seed=n59205(id=59205 center=59205 R=3 crit=0.021 pot=0.7990)
phyopt: rejected (map area 63302.95->63303.21, delay 24.00->24.00).
phyopt: round=1 part=low seed=n62959(id=62959 center=62959 R=3 crit=0.021 pot=0.7990)
phyopt: rejected (map area 63302.95->63302.95, delay 24.00->24.00).
phyopt: round=1 part=low seed=n62960(id=62960 center=62960 R=3 crit=0.021 pot=0.7990)
phyopt: rejected (map area 63302.95->63302.95, delay 24.00->24.00).
phyopt: round=1 part=low seed=n62961(id=62961 center=62961 R=3 crit=0.021 pot=0.7990)
phyopt: rejected (map area 63302.95->63302.95, delay 24.00->24.00).
phyopt: round=1 part=low seed=n58951(id=58951 center=58951 R=3 crit=0.042 pot=0.7949)
phyopt: rejected (map area 63302.95->63303.48, delay 24.00->24.00).
phyopt: round=1 part=low seed=n58955(id=58955 center=58955 R=3 crit=0.042 pot=0.7949)
phyopt: rejected (map area 63302.95->63302.95, delay 24.00->24.00).
phyopt: round=1 part=low seed=n58956(id=58956 center=58956 R=3 crit=0.042 pot=0.7949)
phyopt: rejected (map area 63302.95->63302.95, delay 24.00->24.00).
phyopt: round=1 part=low seed=n58957(id=58957 center=58957 R=3 crit=0.042 pot=0.7949)
phyopt: rejected (map area 63302.95->63302.95, delay 24.00->24.00).
phyopt: round=1 part=low seed=n59227(id=59227 center=59227 R=3 crit=0.042 pot=0.7949)
phyopt: accepted (map area 63302.95->63301.35, delay 24.00->24.00).
phyopt: round=1 part=low seed=n60503(id=60503 center=60503 R=3 crit=0.042 pot=0.7949)
phyopt: rejected (map area 63301.35->63301.35, delay 24.00->24.00).
phyopt: round=1 part=low seed=n60504(id=60504 center=60504 R=3 crit=0.042 pot=0.7949)
phyopt: rejected (map area 63301.35->63301.35, delay 24.00->24.00).
phyopt: round=1 part=low seed=n60505(id=60505 center=60505 R=3 crit=0.042 pot=0.7949)
phyopt: rejected (map area 63301.35->63301.35, delay 24.00->24.00).
phyopt: round=1 part=low seed=n64457(id=64457 center=64457 R=3 crit=0.042 pot=0.7949)
phyopt: rejected (map area 63301.35->63301.35, delay 24.00->24.00).
phyopt: round=1 part=low seed=n64458(id=64458 center=64458 R=3 crit=0.042 pot=0.7949)
phyopt: accepted (map area 63301.35->63300.55, delay 24.00->24.00).
phyopt: round=1 part=low seed=n38252(id=38252 center=38252 R=3 crit=0.062 pot=0.7907)
phyopt: rejected (map area 63300.55->63300.55, delay 24.00->24.00).
phyopt: round=1 part=low seed=n38253(id=38253 center=38253 R=3 crit=0.062 pot=0.7907)
phyopt: rejected (map area 63300.55->63300.55, delay 24.00->24.00).
phyopt: round=1 part=low seed=n38254(id=38254 center=38254 R=3 crit=0.062 pot=0.7907)
phyopt: rejected (map area 63300.55->63300.55, delay 24.00->24.00).
phyopt: round=1 part=low seed=n58947(id=58947 center=58947 R=3 crit=0.062 pot=0.7907)
phyopt: rejected (map area 63300.55->63300.55, delay 24.00->24.00).
phyopt: round=1 part=low seed=n58948(id=58948 center=58948 R=3 crit=0.062 pot=0.7907)
phyopt: rejected (map area 63300.55->63300.55, delay 24.00->24.00).
phyopt: round=1 part=low seed=n58949(id=58949 center=58949 R=3 crit=0.062 pot=0.7907)
phyopt: rejected (map area 63300.55->63300.55, delay 24.00->24.00).
phyopt: round=1 part=low seed=n58952(id=58952 center=58952 R=3 crit=0.062 pot=0.7907)
phyopt: rejected (map area 63300.55->63301.08, delay 24.00->24.00).
phyopt: round=1 part=low seed=n58953(id=58953 center=58953 R=3 crit=0.062 pot=0.7907)
phyopt: rejected (map area 63300.55->63300.55, delay 24.00->24.00).
phyopt: round=1 part=low seed=n58954(id=58954 center=58954 R=3 crit=0.062 pot=0.7907)
phyopt: rejected (map area 63300.55->63300.55, delay 24.00->24.00).
phyopt: round=1 part=low seed=n58968(id=58968 center=58968 R=3 crit=0.062 pot=0.7907)
phyopt: rejected (map area 63300.55->63300.55, delay 24.00->24.00).
phyopt: round=1 part=mid seed=n58958(id=58958 center=58958 R=4 crit=0.167 pot=0.9167)
phyopt: rejected (map area 63300.55->63310.13, delay 24.00->24.00).
phyopt: round=1 part=mid seed=n129(id=129 center=129 R=4 crit=0.188 pot=0.9062)
phyopt: rejected (map area 63300.55->63365.99, delay 24.00->24.00).
phyopt: round=1 part=mid seed=n37276(id=37276 center=37276 R=4 crit=0.188 pot=0.9062)
phyopt: rejected (map area 63300.55->63300.55, delay 24.00->24.00).
phyopt: round=1 part=mid seed=n48193(id=48193 center=48193 R=4 crit=0.188 pot=0.9062)
phyopt: rejected (map area 63300.55->63300.55, delay 24.00->24.00).
phyopt: round=1 part=mid seed=n25998(id=25998 center=25998 R=4 crit=0.208 pot=0.8958)
phyopt: accepted (map area 63300.55->63300.29, delay 24.00->24.00).
phyopt: round=1 part=mid seed=n41309(id=41309 center=41309 R=4 crit=0.208 pot=0.8958)
phyopt: rejected (map area 63300.29->63302.41, delay 24.00->24.00).
phyopt: round=1 part=mid seed=n60052(id=60052 center=60052 R=4 crit=0.208 pot=0.8958)
phyopt: accepted (map area 63300.29->63299.75, delay 24.00->24.00).
phyopt: round=1 part=mid seed=n38725(id=38725 center=38725 R=4 crit=0.229 pot=0.8854)
phyopt: rejected (map area 63299.75->63299.75, delay 24.00->24.00).
phyopt: round=1 part=mid seed=n48375(id=48375 center=48375 R=4 crit=0.229 pot=0.8854)
phyopt: rejected (map area 63299.75->63301.88, delay 24.00->24.00).
phyopt: round=1 part=mid seed=n59211(id=59211 center=59211 R=4 crit=0.229 pot=0.8854)
phyopt: rejected (map area 63299.75->63308.53, delay 24.00->24.00).
phyopt: round=1 part=mid seed=n60212(id=60212 center=60212 R=4 crit=0.229 pot=0.8854)
phyopt: accepted (map area 63299.75->63298.96, delay 24.00->24.00).
phyopt: round=1 part=mid seed=n63604(id=63604 center=63604 R=4 crit=0.229 pot=0.8854)
phyopt: rejected (map area 63298.96->63299.22, delay 24.00->24.00).
phyopt: round=1 part=mid seed=n63619(id=63619 center=63619 R=4 crit=0.229 pot=0.8854)
phyopt: rejected (map area 63298.96->63299.22, delay 24.00->24.00).
phyopt: round=1 part=mid seed=n79965(id=79965 center=79965 R=4 crit=0.250 pot=0.8750)
phyopt: accepted (map area 63298.96->63298.69, delay 24.00->24.00).
phyopt: round=1 part=mid seed=n79994(id=79994 center=79994 R=4 crit=0.250 pot=0.8750)
phyopt: rejected (map area 63298.69->63334.33, delay 24.00->24.00).
phyopt: round=1 part=mid seed=n80003(id=80003 center=80003 R=4 crit=0.250 pot=0.8750)
phyopt: rejected (map area 63298.69->63298.69, delay 24.00->24.00).
phyopt: round=1 part=mid seed=n164(id=164 center=164 R=4 crit=0.271 pot=0.8646)
phyopt: rejected (map area 63298.69->63299.49, delay 24.00->24.00).
phyopt: round=1 part=mid seed=n412(id=412 center=412 R=4 crit=0.271 pot=0.8646)
phyopt: rejected (map area 63298.69->63336.46, delay 24.00->24.00).
phyopt: round=1 part=mid seed=n26494(id=26494 center=26494 R=4 crit=0.271 pot=0.8646)
phyopt: accepted (map area 63298.69->63297.63, delay 24.00->24.00).
phyopt: round=1 part=mid seed=n27497(id=27497 center=27497 R=4 crit=0.271 pot=0.8646)
phyopt: rejected (map area 63297.63->63297.89, delay 24.00->24.00).
phyopt: round=1 part=mid seed=n37234(id=37234 center=37234 R=4 crit=0.271 pot=0.8646)
phyopt: rejected (map area 63297.63->63297.63, delay 24.00->24.00).
phyopt: round=1 part=mid seed=n43072(id=43072 center=43072 R=4 crit=0.271 pot=0.8646)
phyopt: rejected (map area 63297.63->63305.07, delay 24.00->24.00).
phyopt: round=1 part=mid seed=n48202(id=48202 center=48202 R=4 crit=0.271 pot=0.8646)
phyopt: rejected (map area 63297.63->63298.16, delay 24.00->24.00).
phyopt: round=1 part=mid seed=n48352(id=48352 center=48352 R=4 crit=0.271 pot=0.8646)
phyopt: accepted (map area 63297.63->63297.09, delay 24.00->24.00).
phyopt: round=1 part=mid seed=n64762(id=64762 center=64762 R=4 crit=0.271 pot=0.8646)
phyopt: accepted (map area 63297.09->63293.37, delay 24.00->24.00).
phyopt: round=1 part=mid seed=n64904(id=64904 center=64904 R=4 crit=0.271 pot=0.8646)
phyopt: rejected (map area 63293.37->63293.37, delay 24.00->24.00).
phyopt: round=1 part=mid seed=n80007(id=80007 center=80007 R=4 crit=0.271 pot=0.8646)
phyopt: rejected (map area 63293.37->63293.37, delay 24.00->24.00).
phyopt: round=1 part=mid seed=n74(id=74 center=74 R=4 crit=0.292 pot=0.8542)
phyopt: rejected (map area 63293.37->63306.14, delay 24.00->24.00).
phyopt: round=1 part=mid seed=n1672(id=1672 center=1672 R=4 crit=0.292 pot=0.8542)
phyopt: rejected (map area 63293.37->63295.76, delay 24.00->24.00).
phyopt: round=1 part=mid seed=n1919(id=1919 center=1919 R=4 crit=0.292 pot=0.8542)
phyopt: rejected (map area 63293.37->63293.37, delay 24.00->24.00).
phyopt: finished round 1/1.
phyopt: partition summary (tried/accepted):
  high : 20 / 30
  low  : 3 / 27
  mid  : 7 / 30
phyopt: per-part seed coverage (topK means top-5 potential within processed seeds):
  high: seeds=30 tried=30(100.0%) accepted=20(66.7%) skipped(marked=0,low_slack=0) topK(tried=5/5 accepted=3 hit=60.0%)
  low: seeds=30 tried=27(90.0%) accepted=3(11.1%) skipped(marked=3,low_slack=0) topK(tried=5/5 accepted=1 hit=20.0%)
  mid: seeds=30 tried=30(100.0%) accepted=7(23.3%) skipped(marked=0,low_slack=0) topK(tried=5/5 accepted=1 hit=20.0%)
phyopt: rejection reason breakdown:
  - runtime_or_eval_fail : 0
  - policy_tradeoff_reject : 29
  - delay_worse : 0
  - area_worse : 28
  - area_and_delay_worse : 0
  - low_part_delay_budget : 0
phyopt: skipped marked=3 low_slack=<0.10=0
phyopt: done, accepted=30 rejected=57 final_nodes=114396 final_levels=55.
Networks are equivalent.  Time =     8.94 sec
