======== ABC command line "source /tmp/ablation_c6288_no_gate_score_287.scr"
Warning: Detected 2 multi-output cells (for example, "FA_X1").
mapper_extract: wrote 2338 lines to "/mnt/d/My_abc_work/abc/my_work/ablation_results/c6288/c6288_no_gate_score.csv".
Loaded 2338 physical records from /mnt/d/My_abc_work/abc/my_work/ablation_results/c6288/c6288_no_gate_score.csv
Potential rebuilt: alpha(low/mid/high)=0.200/0.500/0.800 avg_struct=0.5941 avg_slack=0.0941 avg_opt_mid=0.3441
Physical records : 2338
Gate summary     : NAND=2291 AND=46 INV=1 OTHER=0
Alpha (L/M/H)    : 0.200 / 0.500 / 0.800
StructW(i/p/f/g) : 0.444 / 0.333 / 0.222 / 0.000
phyopt: start rounds=1, criticality partitions high(>=0.800)->low(<=0.300)->mid, window=16.
phyopt: objective=map(area,delay), low-part delay budget=+10% from pre-opt.
phyopt: round=1 partition sizes high=1937 low=41 mid=360.
phyopt: round=1 part=high seed=n2037(id=2037 center=2037 R=5 crit=0.816 pot=0.3029)
phyopt: accepted (map area 2283.08->2277.23, delay 45.00->45.00).
phyopt: round=1 part=high seed=n2038(id=2038 center=2038 R=5 crit=0.816 pot=0.3029)
phyopt: accepted (map area 2277.23->2277.23, delay 45.00->45.00).
phyopt: round=1 part=high seed=n2042(id=2042 center=2042 R=5 crit=0.816 pot=0.3029)
phyopt: accepted (map area 2277.23->2271.91, delay 45.00->45.00).
phyopt: round=1 part=high seed=n2043(id=2043 center=2043 R=5 crit=0.816 pot=0.3029)
phyopt: rejected (map area 2271.91->2273.77, delay 45.00->45.00).
phyopt: round=1 part=high seed=n2047(id=2047 center=2047 R=5 crit=0.816 pot=0.3029)
phyopt: rejected (map area 2271.91->2275.36, delay 45.00->45.00).
phyopt: round=1 part=high seed=n2048(id=2048 center=2048 R=5 crit=0.816 pot=0.3029)
phyopt: rejected (map area 2271.91->2274.30, delay 45.00->45.00).
phyopt: round=1 part=high seed=n2052(id=2052 center=2052 R=5 crit=0.816 pot=0.3029)
phyopt: accepted (map area 2271.91->2271.91, delay 45.00->45.00).
phyopt: round=1 part=high seed=n2053(id=2053 center=2053 R=5 crit=0.816 pot=0.3029)
phyopt: accepted (map area 2271.91->2271.11, delay 45.00->45.00).
phyopt: round=1 part=high seed=n2057(id=2057 center=2057 R=5 crit=0.816 pot=0.3029)
phyopt: accepted (map area 2271.11->2271.11, delay 45.00->45.00).
phyopt: round=1 part=high seed=n2058(id=2058 center=2058 R=5 crit=0.816 pot=0.3029)
phyopt: rejected (map area 2271.11->2271.91, delay 45.00->45.00).
phyopt: round=1 part=high seed=n2062(id=2062 center=2062 R=5 crit=0.816 pot=0.3029)
phyopt: accepted (map area 2271.11->2270.84, delay 45.00->45.00).
phyopt: round=1 part=high seed=n2063(id=2063 center=2063 R=5 crit=0.816 pot=0.3029)
phyopt: accepted (map area 2270.84->2270.58, delay 45.00->45.00).
phyopt: round=1 part=high seed=n2067(id=2067 center=2067 R=5 crit=0.816 pot=0.3029)
phyopt: accepted (map area 2270.58->2269.25, delay 45.00->45.00).
phyopt: round=1 part=high seed=n2068(id=2068 center=2068 R=5 crit=0.816 pot=0.3029)
phyopt: accepted (map area 2269.25->2266.59, delay 45.00->45.00).
phyopt: round=1 part=high seed=n2072(id=2072 center=2072 R=5 crit=0.816 pot=0.3029)
phyopt: accepted (map area 2266.59->2263.13, delay 45.00->45.00).
phyopt: round=1 part=high seed=n2073(id=2073 center=2073 R=5 crit=0.816 pot=0.3029)
phyopt: accepted (map area 2263.13->2263.13, delay 45.00->45.00).
phyopt: round=1 part=high seed=n2077(id=2077 center=2077 R=5 crit=0.816 pot=0.3029)
phyopt: rejected (map area 2263.13->2266.59, delay 45.00->45.00).
phyopt: round=1 part=high seed=n2078(id=2078 center=2078 R=5 crit=0.816 pot=0.3029)
phyopt: rejected (map area 2263.13->2264.19, delay 45.00->45.00).
phyopt: round=1 part=high seed=n2082(id=2082 center=2082 R=5 crit=0.816 pot=0.3029)
phyopt: accepted (map area 2263.13->2263.13, delay 45.00->45.00).
phyopt: round=1 part=high seed=n2083(id=2083 center=2083 R=5 crit=0.816 pot=0.3029)
phyopt: accepted (map area 2263.13->2263.13, delay 45.00->45.00).
phyopt: round=1 part=high seed=n2087(id=2087 center=2087 R=5 crit=0.816 pot=0.3029)
phyopt: rejected (map area 2263.13->2263.39, delay 45.00->45.00).
phyopt: round=1 part=high seed=n2088(id=2088 center=2088 R=5 crit=0.816 pot=0.3029)
phyopt: rejected (map area 2263.13->2263.39, delay 45.00->45.00).
phyopt: round=1 part=high seed=n2092(id=2092 center=2092 R=5 crit=0.816 pot=0.3029)
phyopt: rejected (map area 2263.13->2263.39, delay 45.00->45.00).
phyopt: round=1 part=high seed=n2093(id=2093 center=2093 R=5 crit=0.816 pot=0.3029)
phyopt: rejected (map area 2263.13->2263.39, delay 45.00->45.00).
phyopt: round=1 part=high seed=n2097(id=2097 center=2097 R=5 crit=0.816 pot=0.3029)
phyopt: accepted (map area 2263.13->2263.13, delay 45.00->45.00).
phyopt: round=1 part=high seed=n2098(id=2098 center=2098 R=5 crit=0.816 pot=0.3029)
phyopt: rejected (map area 2263.13->2264.46, delay 45.00->45.00).
phyopt: round=1 part=high seed=n2102(id=2102 center=2102 R=5 crit=0.816 pot=0.3029)
phyopt: accepted (map area 2263.13->2263.13, delay 45.00->45.00).
phyopt: round=1 part=high seed=n2103(id=2103 center=2103 R=5 crit=0.816 pot=0.3029)
phyopt: accepted (map area 2263.13->2263.13, delay 45.00->45.00).
phyopt: round=1 part=high seed=n2107(id=2107 center=2107 R=5 crit=0.816 pot=0.3029)
phyopt: accepted (map area 2263.13->2263.13, delay 45.00->45.00).
phyopt: round=1 part=high seed=n2108(id=2108 center=2108 R=5 crit=0.816 pot=0.3029)
phyopt: accepted (map area 2263.13->2263.13, delay 45.00->45.00).
The node "n2391" with ID 2391 is not in the current network.
phyopt: skip seed=n2391 (cannot resolve center node in current AIG).
The node "n2376" with ID 2376 is not in the current network.
phyopt: skip seed=n2376 (cannot resolve center node in current AIG).
phyopt: round=1 part=low seed=n2355(id=2355 center=2355 R=3 crit=0.061 pot=0.7507)
Object with ID 2355 is not a node or reg output.
Error: Extracting sequential window has failed.
Error: phyopt: local optimization failed at round 1 part 2. Rolling back.
The node "n2370" with ID 2370 is not in the current network.
phyopt: skip seed=n2370 (cannot resolve center node in current AIG).
phyopt: round=1 part=low seed=n2324(id=2324 center=2324 R=3 crit=0.079 pot=0.7472)
phyopt: accepted (map area 2263.13->2262.86, delay 45.00->45.00).
phyopt: round=1 part=low seed=n2283(id=2283 center=2283 R=3 crit=0.096 pot=0.7437)
phyopt: rejected (map area 2262.86->2262.86, delay 45.00->45.00).
phyopt: round=1 part=low seed=n2232(id=2232 center=2232 R=3 crit=0.114 pot=0.7402)
phyopt: rejected (map area 2262.86->2263.39, delay 45.00->45.00).
phyopt: round=1 part=low seed=n2345(id=2345 center=2345 R=3 crit=0.114 pot=0.7402)
Object with ID 2345 is not a node or reg output.
Error: Extracting sequential window has failed.
Error: phyopt: local optimization failed at round 1 part 2. Rolling back.
phyopt: round=1 part=low seed=n2171(id=2171 center=2171 R=3 crit=0.132 pot=0.7366)
phyopt: rejected (map area 2262.86->2262.86, delay 45.00->45.00).
phyopt: round=1 part=low seed=n2314(id=2314 center=2314 R=3 crit=0.132 pot=0.7366)
phyopt: rejected (map area 2262.86->2262.86, delay 45.00->45.00).
phyopt: round=1 part=low seed=n2339(id=2339 center=2339 R=3 crit=0.140 pot=0.7349)
Object with ID 2339 is not a node or reg output.
Error: Extracting sequential window has failed.
Error: phyopt: local optimization failed at round 1 part 2. Rolling back.
phyopt: round=1 part=low seed=n2273(id=2273 center=2273 R=3 crit=0.149 pot=0.7331)
phyopt: rejected (map area 2262.86->2263.39, delay 45.00->45.00).
phyopt: round=1 part=low seed=n2019(id=2019 center=2019 R=3 crit=0.167 pot=0.7296)
phyopt: rejected (map area 2262.86->2262.86, delay 45.00->45.00).
phyopt: round=1 part=low seed=n2222(id=2222 center=2222 R=3 crit=0.167 pot=0.7296)
phyopt: accepted (map area 2262.86->2262.60, delay 45.00->45.00).
phyopt: round=1 part=low seed=n1874(id=1874 center=1874 R=3 crit=0.184 pot=0.7261)
phyopt: rejected (map area 2262.60->2263.93, delay 45.00->45.00).
phyopt: round=1 part=low seed=n2161(id=2161 center=2161 R=3 crit=0.184 pot=0.7261)
phyopt: rejected (map area 2262.60->2262.60, delay 45.00->45.00).
phyopt: round=1 part=low seed=n2304(id=2304 center=2304 R=3 crit=0.184 pot=0.7261)
phyopt: rejected (map area 2262.60->2262.60, delay 45.00->45.00).
phyopt: round=1 part=low seed=n1024(id=1024 center=1024 R=3 crit=0.202 pot=0.7226)
phyopt: accepted (map area 2262.60->2255.15, delay 45.00->45.00).
phyopt: round=1 part=low seed=n2090(id=2090 center=2090 R=3 crit=0.202 pot=0.7226)
phyopt: rejected (map area 2255.15->2255.41, delay 45.00->45.00).
phyopt: round=1 part=low seed=n2263(id=2263 center=2263 R=3 crit=0.202 pot=0.7226)
phyopt: rejected (map area 2255.15->2255.41, delay 45.00->45.00).
phyopt: round=1 part=low seed=n2298(id=2298 center=2298 R=3 crit=0.211 pot=0.7209)
phyopt: rejected (map area 2255.15->2255.15, delay 45.00->45.00).
phyopt: round=1 part=low seed=n1169(id=1169 center=1169 R=3 crit=0.219 pot=0.7191)
phyopt: accepted (map area 2255.15->1432.68, delay 45.00->45.00).
phyopt: round=1 part=low seed=n2009(id=2009 center=2009 R=3 crit=0.219 pot=0.7191)
phyopt: rejected (map area 1432.68->1432.68, delay 45.00->45.00).
phyopt: round=1 part=low seed=n2212(id=2212 center=2212 R=3 crit=0.219 pot=0.7191)
phyopt: accepted (map area 1432.68->1432.41, delay 45.00->45.00).
phyopt: round=1 part=low seed=n1319(id=1319 center=1319 R=3 crit=0.237 pot=0.7156)
phyopt: rejected (map area 1432.41->1432.41, delay 45.00->45.00).
phyopt: round=1 part=low seed=n1864(id=1864 center=1864 R=3 crit=0.237 pot=0.7156)
phyopt: rejected (map area 1432.41->1432.41, delay 45.00->45.00).
phyopt: round=1 part=low seed=n2151(id=2151 center=2151 R=3 crit=0.237 pot=0.7156)
phyopt: rejected (map area 1432.41->1432.41, delay 45.00->45.00).
phyopt: round=1 part=low seed=n882(id=882 center=882 R=3 crit=0.254 pot=0.7121)
phyopt: accepted (map area 1432.41->1404.21, delay 45.00->45.00).
phyopt: round=1 part=low seed=n1469(id=1469 center=1469 R=3 crit=0.254 pot=0.7121)
phyopt: rejected (map area 1404.21->1404.21, delay 45.00->45.00).
phyopt: round=1 part=mid seed=n750(id=750 center=750 R=4 crit=0.307 pot=0.6983)
phyopt: rejected (map area 1404.21->1405.01, delay 45.00->45.00).
phyopt: round=1 part=mid seed=n1312(id=1312 center=1312 R=4 crit=0.307 pot=0.6983)
phyopt: rejected (map area 1404.21->1405.01, delay 45.00->45.00).
phyopt: round=1 part=mid seed=n1612(id=1612 center=1612 R=4 crit=0.316 pot=0.6940)
phyopt: rejected (map area 1404.21->1404.21, delay 45.00->45.00).
phyopt: round=1 part=mid seed=n1762(id=1762 center=1762 R=4 crit=0.316 pot=0.6940)
phyopt: rejected (map area 1404.21->1415.12, delay 45.00->45.00).
phyopt: round=1 part=mid seed=n875(id=875 center=875 R=4 crit=0.325 pot=0.6896)
phyopt: rejected (map area 1404.21->1404.21, delay 45.00->45.00).
phyopt: round=1 part=mid seed=n1462(id=1462 center=1462 R=4 crit=0.325 pot=0.6896)
phyopt: rejected (map area 1404.21->1404.21, delay 45.00->45.00).
phyopt: round=1 part=mid seed=n1989(id=1989 center=1989 R=4 crit=0.325 pot=0.6896)
phyopt: rejected (map area 1404.21->1404.21, delay 45.00->45.00).
phyopt: round=1 part=mid seed=n2192(id=2192 center=2192 R=4 crit=0.325 pot=0.6896)
phyopt: accepted (map area 1404.21->1403.68, delay 45.00->45.00).
phyopt: round=1 part=mid seed=n1010(id=1010 center=1010 R=4 crit=0.342 pot=0.6808)
phyopt: rejected (map area 1403.68->1403.68, delay 45.00->45.00).
phyopt: round=1 part=mid seed=n1844(id=1844 center=1844 R=4 crit=0.342 pot=0.6808)
phyopt: rejected (map area 1403.68->1404.75, delay 45.00->45.00).
phyopt: round=1 part=mid seed=n2131(id=2131 center=2131 R=4 crit=0.342 pot=0.6808)
phyopt: rejected (map area 1403.68->1403.68, delay 45.00->45.00).
phyopt: round=1 part=mid seed=n2186(id=2186 center=2186 R=4 crit=0.351 pot=0.6764)
phyopt: rejected (map area 1403.68->1404.21, delay 45.00->45.00).
phyopt: round=1 part=mid seed=n628(id=628 center=628 R=4 crit=0.360 pot=0.6720)
phyopt: rejected (map area 1403.68->1403.68, delay 45.00->45.00).
phyopt: round=1 part=mid seed=n1155(id=1155 center=1155 R=4 crit=0.360 pot=0.6720)
phyopt: rejected (map area 1403.68->1403.68, delay 45.00->45.00).
phyopt: round=1 part=mid seed=n1455(id=1455 center=1455 R=4 crit=0.368 pot=0.6676)
phyopt: rejected (map area 1403.68->1403.68, delay 45.00->45.00).
phyopt: round=1 part=mid seed=n1605(id=1605 center=1605 R=4 crit=0.368 pot=0.6676)
phyopt: rejected (map area 1403.68->1403.68, delay 45.00->45.00).
phyopt: round=1 part=mid seed=n1755(id=1755 center=1755 R=4 crit=0.368 pot=0.6676)
phyopt: rejected (map area 1403.68->1404.75, delay 45.00->45.00).
phyopt: round=1 part=mid seed=n743(id=743 center=743 R=4 crit=0.377 pot=0.6633)
phyopt: rejected (map area 1403.68->1403.68, delay 45.00->45.00).
phyopt: round=1 part=mid seed=n1305(id=1305 center=1305 R=4 crit=0.377 pot=0.6633)
phyopt: rejected (map area 1403.68->1403.68, delay 45.00->45.00).
phyopt: round=1 part=mid seed=n1979(id=1979 center=1979 R=4 crit=0.377 pot=0.6633)
phyopt: accepted (map area 1403.68->1403.15, delay 45.00->45.00).
phyopt: round=1 part=mid seed=n868(id=868 center=868 R=4 crit=0.395 pot=0.6545)
phyopt: rejected (map area 1403.15->1403.15, delay 45.00->45.00).
phyopt: round=1 part=mid seed=n1834(id=1834 center=1834 R=4 crit=0.395 pot=0.6545)
phyopt: rejected (map area 1403.15->1403.68, delay 45.00->45.00).
phyopt: round=1 part=mid seed=n2121(id=2121 center=2121 R=4 crit=0.395 pot=0.6545)
phyopt: rejected (map area 1403.15->1403.15, delay 45.00->45.00).
phyopt: round=1 part=mid seed=n516(id=516 center=516 R=4 crit=0.412 pot=0.6457)
phyopt: rejected (map area 1403.15->1403.15, delay 45.00->45.00).
phyopt: round=1 part=mid seed=n1003(id=1003 center=1003 R=4 crit=0.412 pot=0.6457)
phyopt: rejected (map area 1403.15->1403.15, delay 45.00->45.00).
phyopt: round=1 part=mid seed=n1298(id=1298 center=1298 R=4 crit=0.421 pot=0.6413)
phyopt: rejected (map area 1403.15->1403.15, delay 45.00->45.00).
phyopt: round=1 part=mid seed=n1448(id=1448 center=1448 R=4 crit=0.421 pot=0.6413)
phyopt: rejected (map area 1403.15->1403.15, delay 45.00->45.00).
phyopt: finished round 1/1.
phyopt: partition summary (tried/accepted):
  high : 19 / 30
  low  : 6 / 26
  mid  : 2 / 27
phyopt: per-part seed coverage (topK means top-5 potential within processed seeds):
  high: seeds=30 tried=30(100.0%) accepted=19(63.3%) skipped(marked=0,low_slack=0) topK(tried=5/5 accepted=3 hit=60.0%)
  low: seeds=30 tried=26(86.7%) accepted=6(23.1%) skipped(marked=1,low_slack=0) topK(tried=2/5 accepted=1 hit=50.0%)
  mid: seeds=30 tried=27(90.0%) accepted=2(7.4%) skipped(marked=3,low_slack=0) topK(tried=4/5 accepted=0 hit=0.0%)
phyopt: rejection reason breakdown:
  - runtime_or_eval_fail : 6
  - policy_tradeoff_reject : 30
  - delay_worse : 0
  - area_worse : 23
  - area_and_delay_worse : 0
  - low_part_delay_budget : 0
phyopt: skipped marked=4 low_slack=<0.10=0
phyopt: done, accepted=27 rejected=59 final_nodes=2284 final_levels=119.
Networks are equivalent.  Time =     0.16 sec
