======== ABC command line "source /tmp/ablation_ex276_no_fanout_ease_285.scr"
Warning: Detected 2 multi-output cells (for example, "FA_X1").
mapper_extract: wrote 371 lines to "/mnt/d/My_abc_work/abc/my_work/ablation_results/ex276/ex276_no_fanout_ease.csv".
Loaded 371 physical records from /mnt/d/My_abc_work/abc/my_work/ablation_results/ex276/ex276_no_fanout_ease.csv
Potential rebuilt: alpha(low/mid/high)=0.200/0.500/0.800 avg_struct=0.6496 avg_slack=0.2409 avg_opt_mid=0.4452
Physical records : 371
Gate summary     : NAND=269 AND=71 INV=31 OTHER=0
Alpha (L/M/H)    : 0.200 / 0.500 / 0.800
StructW(i/p/f/g) : 0.500 / 0.375 / 0.000 / 0.125
phyopt: start rounds=1, criticality partitions high(>=0.800)->low(<=0.300)->mid, window=16.
phyopt: objective=map(area,delay), low-part delay budget=+10% from pre-opt.
phyopt: round=1 partition sizes high=158 low=8 mid=205.
phyopt: round=1 part=high seed=n218(id=218 center=218 R=5 crit=0.842 pot=0.3263)
phyopt: accepted (map area 206.68->200.03, delay 9.00->9.00).
phyopt: round=1 part=high seed=n329(id=329 center=329 R=5 crit=0.842 pot=0.3263)
phyopt: accepted (map area 200.03->198.70, delay 9.00->9.00).
phyopt: round=1 part=high seed=n180(id=180 center=180 R=5 crit=0.895 pot=0.2842)
phyopt: rejected (map area 198.70->199.23, delay 9.00->9.00).
phyopt: round=1 part=high seed=n325(id=325 center=325 R=5 crit=0.895 pot=0.2842)
phyopt: accepted (map area 198.70->196.31, delay 9.00->9.00).
phyopt: round=1 part=high seed=n161(id=161 center=161 R=5 crit=0.842 pot=0.2659)
phyopt: accepted (map area 196.31->196.31, delay 9.00->9.00).
phyopt: round=1 part=high seed=n190(id=190 center=190 R=5 crit=0.842 pot=0.2659)
phyopt: accepted (map area 196.31->195.24, delay 9.00->9.00).
phyopt: round=1 part=high seed=n216(id=216 center=216 R=5 crit=0.842 pot=0.2659)
phyopt: accepted (map area 195.24->193.65, delay 9.00->9.00).
phyopt: round=1 part=high seed=n220(id=220 center=220 R=5 crit=0.842 pot=0.2659)
phyopt: accepted (map area 193.65->193.12, delay 9.00->9.00).
phyopt: round=1 part=high seed=n224(id=224 center=224 R=5 crit=0.842 pot=0.2659)
phyopt: accepted (map area 193.12->191.79, delay 9.00->9.00).
phyopt: round=1 part=high seed=n232(id=232 center=232 R=5 crit=0.842 pot=0.2659)
phyopt: accepted (map area 191.79->191.79, delay 9.00->9.00).
phyopt: round=1 part=high seed=n238(id=238 center=238 R=5 crit=0.842 pot=0.2659)
phyopt: accepted (map area 191.79->189.92, delay 9.00->9.00).
phyopt: round=1 part=high seed=n240(id=240 center=240 R=5 crit=0.842 pot=0.2659)
phyopt: accepted (map area 189.92->189.66, delay 9.00->9.00).
phyopt: round=1 part=high seed=n312(id=312 center=312 R=5 crit=0.842 pot=0.2659)
phyopt: rejected (map area 189.66->190.99, delay 9.00->9.00).
phyopt: round=1 part=high seed=n313(id=313 center=313 R=5 crit=0.842 pot=0.2659)
phyopt: rejected (map area 189.66->190.99, delay 9.00->9.00).
phyopt: round=1 part=high seed=n314(id=314 center=314 R=5 crit=0.842 pot=0.2659)
phyopt: rejected (map area 189.66->190.99, delay 9.00->9.00).
phyopt: round=1 part=high seed=n316(id=316 center=316 R=5 crit=0.842 pot=0.2659)
phyopt: accepted (map area 189.66->189.13, delay 9.00->9.00).
phyopt: round=1 part=high seed=n319(id=319 center=319 R=5 crit=0.842 pot=0.2659)
phyopt: accepted (map area 189.13->189.13, delay 9.00->9.00).
The node "n349" with ID 349 is not in the current network.
phyopt: skip seed=n349 (cannot resolve center node in current AIG).
The node "n350" with ID 350 is not in the current network.
phyopt: skip seed=n350 (cannot resolve center node in current AIG).
The node "n351" with ID 351 is not in the current network.
phyopt: skip seed=n351 (cannot resolve center node in current AIG).
phyopt: round=1 part=low seed=n300(id=300 center=300 R=3 crit=0.000 pot=1.0000)
phyopt: rejected (map area 189.13->189.13, delay 9.00->9.00).
phyopt: round=1 part=low seed=n55(id=55 center=55 R=3 crit=0.211 pot=0.7160)
phyopt: rejected (map area 189.13->189.13, delay 9.00->9.00).
phyopt: round=1 part=low seed=n18(id=18 center=18 R=3 crit=0.263 pot=0.7055)
phyopt: rejected (map area 189.13->189.13, delay 9.00->9.00).
phyopt: round=1 part=low seed=n19(id=19 center=19 R=3 crit=0.263 pot=0.7055)
phyopt: rejected (map area 189.13->189.13, delay 9.00->9.00).
phyopt: round=1 part=low seed=n21(id=21 center=21 R=3 crit=0.263 pot=0.7055)
phyopt: rejected (map area 189.13->189.13, delay 9.00->9.00).
phyopt: round=1 part=low seed=n22(id=22 center=22 R=3 crit=0.263 pot=0.7055)
phyopt: rejected (map area 189.13->189.39, delay 9.00->9.00).
phyopt: round=1 part=low seed=n23(id=23 center=23 R=3 crit=0.263 pot=0.7055)
phyopt: rejected (map area 189.13->189.13, delay 9.00->9.00).
phyopt: round=1 part=low seed=n57(id=57 center=57 R=3 crit=0.263 pot=0.7055)
phyopt: rejected (map area 189.13->189.13, delay 9.00->9.00).
phyopt: round=1 part=mid seed=n110(id=110 center=110 R=4 crit=0.421 pot=0.7895)
phyopt: rejected (map area 189.13->189.13, delay 9.00->9.00).
phyopt: round=1 part=mid seed=n45(id=45 center=45 R=4 crit=0.526 pot=0.7368)
phyopt: rejected (map area 189.13->189.13, delay 9.00->9.00).
phyopt: round=1 part=mid seed=n278(id=278 center=278 R=4 crit=0.526 pot=0.7368)
phyopt: rejected (map area 189.13->189.13, delay 9.00->9.00).
phyopt: round=1 part=mid seed=n79(id=79 center=79 R=4 crit=0.579 pot=0.7105)
phyopt: rejected (map area 189.13->189.13, delay 9.00->9.00).
phyopt: round=1 part=mid seed=n117(id=117 center=117 R=4 crit=0.316 pot=0.6909)
phyopt: rejected (map area 189.13->189.13, delay 9.00->9.00).
phyopt: round=1 part=mid seed=n208(id=208 center=208 R=4 crit=0.632 pot=0.6842)
phyopt: rejected (map area 189.13->189.13, delay 9.00->9.00).
phyopt: round=1 part=mid seed=n273(id=273 center=273 R=4 crit=0.632 pot=0.6842)
phyopt: accepted (map area 189.13->188.59, delay 9.00->9.00).
phyopt: round=1 part=mid seed=n111(id=111 center=111 R=4 crit=0.368 pot=0.6646)
phyopt: rejected (map area 188.59->188.59, delay 9.00->9.00).
phyopt: round=1 part=mid seed=n114(id=114 center=114 R=4 crit=0.368 pot=0.6646)
phyopt: rejected (map area 188.59->188.59, delay 9.00->9.00).
phyopt: round=1 part=mid seed=n26(id=26 center=26 R=4 crit=0.421 pot=0.6383)
phyopt: accepted (map area 188.59->187.26, delay 9.00->9.00).
phyopt: round=1 part=mid seed=n112(id=112 center=112 R=4 crit=0.421 pot=0.6383)
phyopt: rejected (map area 187.26->187.26, delay 9.00->9.00).
phyopt: round=1 part=mid seed=n115(id=115 center=115 R=4 crit=0.421 pot=0.6383)
phyopt: rejected (map area 187.26->188.33, delay 9.00->8.00).
phyopt: round=1 part=mid seed=n116(id=116 center=116 R=4 crit=0.421 pot=0.6383)
phyopt: rejected (map area 187.26->187.80, delay 9.00->8.00).
phyopt: round=1 part=mid seed=n118(id=118 center=118 R=4 crit=0.421 pot=0.6383)
phyopt: accepted (map area 187.26->184.87, delay 9.00->9.00).
phyopt: round=1 part=mid seed=n31(id=31 center=31 R=4 crit=0.474 pot=0.6120)
phyopt: rejected (map area 184.87->184.87, delay 9.00->9.00).
phyopt: round=1 part=mid seed=n33(id=33 center=33 R=4 crit=0.474 pot=0.6120)
phyopt: rejected (map area 184.87->186.20, delay 9.00->9.00).
phyopt: round=1 part=mid seed=n35(id=35 center=35 R=4 crit=0.474 pot=0.6120)
phyopt: accepted (map area 184.87->184.34, delay 9.00->9.00).
phyopt: round=1 part=mid seed=n37(id=37 center=37 R=4 crit=0.474 pot=0.6120)
phyopt: rejected (map area 184.34->185.40, delay 9.00->9.00).
phyopt: round=1 part=mid seed=n38(id=38 center=38 R=4 crit=0.474 pot=0.6120)
phyopt: rejected (map area 184.34->185.40, delay 9.00->9.00).
phyopt: round=1 part=mid seed=n39(id=39 center=39 R=4 crit=0.474 pot=0.6120)
phyopt: rejected (map area 184.34->184.34, delay 9.00->9.00).
phyopt: round=1 part=mid seed=n104(id=104 center=104 R=4 crit=0.474 pot=0.6120)
phyopt: rejected (map area 184.34->184.34, delay 9.00->9.00).
phyopt: round=1 part=mid seed=n106(id=106 center=106 R=4 crit=0.474 pot=0.6120)
phyopt: rejected (map area 184.34->184.34, delay 9.00->9.00).
phyopt: round=1 part=mid seed=n137(id=137 center=137 R=4 crit=0.474 pot=0.6120)
phyopt: accepted (map area 184.34->183.81, delay 9.00->9.00).
phyopt: round=1 part=mid seed=n234(id=234 center=234 R=4 crit=0.474 pot=0.6120)
phyopt: rejected (map area 183.81->183.81, delay 9.00->9.00).
phyopt: round=1 part=mid seed=n235(id=235 center=235 R=4 crit=0.474 pot=0.6120)
phyopt: rejected (map area 183.81->184.07, delay 9.00->9.00).
The node "n333" with ID 333 is not in the current network.
phyopt: skip seed=n333 (cannot resolve center node in current AIG).
phyopt: round=1 part=mid seed=n44(id=44 center=44 R=4 crit=0.526 pot=0.5857)
phyopt: accepted (map area 183.81->182.74, delay 9.00->9.00).
phyopt: finished round 1/1.
phyopt: partition summary (tried/accepted):
  high : 13 / 17
  low  : 0 / 8
  mid  : 6 / 26
phyopt: per-part seed coverage (topK means top-5 potential within processed seeds):
  high: seeds=30 tried=17(56.7%) accepted=13(76.5%) skipped(marked=10,low_slack=0) topK(tried=4/5 accepted=3 hit=75.0%)
  low: seeds=8 tried=8(100.0%) accepted=0(0.0%) skipped(marked=0,low_slack=0) topK(tried=5/5 accepted=0 hit=0.0%)
  mid: seeds=30 tried=26(86.7%) accepted=6(23.1%) skipped(marked=3,low_slack=0) topK(tried=5/5 accepted=0 hit=0.0%)
phyopt: rejection reason breakdown:
  - runtime_or_eval_fail : 4
  - policy_tradeoff_reject : 21
  - delay_worse : 0
  - area_worse : 11
  - area_and_delay_worse : 0
  - low_part_delay_budget : 0
phyopt: skipped marked=13 low_slack=<0.10=0
phyopt: done, accepted=19 rejected=36 final_nodes=314 final_levels=19.
Networks are equivalent.  Time =     0.02 sec
