======== ABC command line "source /tmp/ablation_ex207_L0.20_H0.90_1826.scr"
Warning: Detected 2 multi-output cells (for example, "FA_X1").
mapper_extract: wrote 166273 lines to "/mnt/d/My_abc_work/abc/my_work/ablation_results_stageB/ex207/ex207_L0.20_H0.90.csv".
Loaded 166273 physical records from /mnt/d/My_abc_work/abc/my_work/ablation_results_stageB/ex207/ex207_L0.20_H0.90.csv
Potential rebuilt: alpha(low/mid/high)=0.200/0.500/0.800 avg_struct=0.7238 avg_slack=0.3372 avg_opt_mid=0.5296
Physical records : 166273
Gate summary     : NAND=127903 AND=33544 INV=4826 OTHER=0
Alpha (L/M/H)    : 0.200 / 0.500 / 0.800
StructW(i/p/f/g) : 0.400 / 0.300 / 0.200 / 0.100
phyopt: start rounds=1, criticality partitions high(>=0.900)->low(<=0.200)->mid, window=16.
phyopt: objective=map(area,delay), low-part delay budget=+10% from pre-opt.
phyopt: round=1 partition sizes high=34874 low=424 mid=130975.
phyopt: round=1 part=high seed=n13828(id=13828 center=13828 R=5 crit=0.904 pot=0.2769)
phyopt: rejected (map area 89328.12->90307.80, delay 25.00->25.00).
phyopt: round=1 part=high seed=n57068(id=57068 center=57068 R=5 crit=0.904 pot=0.2769)
phyopt: rejected (map area 89328.12->89328.92, delay 25.00->25.00).
phyopt: round=1 part=high seed=n57958(id=57958 center=57958 R=5 crit=0.904 pot=0.2769)
phyopt: accepted (map area 89328.12->89328.12, delay 25.00->25.00).
phyopt: round=1 part=high seed=n58141(id=58141 center=58141 R=5 crit=0.904 pot=0.2769)
phyopt: rejected (map area 89328.12->89674.72, delay 25.00->25.00).
phyopt: round=1 part=high seed=n58999(id=58999 center=58999 R=5 crit=0.904 pot=0.2769)
phyopt: accepted (map area 89328.12->89328.12, delay 25.00->25.00).
phyopt: round=1 part=high seed=n68268(id=68268 center=68268 R=5 crit=0.904 pot=0.2769)
phyopt: rejected (map area 89328.12->89328.39, delay 25.00->25.00).
phyopt: round=1 part=high seed=n77743(id=77743 center=77743 R=5 crit=0.904 pot=0.2769)
phyopt: accepted (map area 89328.12->89326.52, delay 25.00->25.00).
phyopt: round=1 part=high seed=n87300(id=87300 center=87300 R=5 crit=0.904 pot=0.2769)
phyopt: rejected (map area 89326.52->89327.59, delay 25.00->25.00).
phyopt: round=1 part=high seed=n87359(id=87359 center=87359 R=5 crit=0.904 pot=0.2769)
phyopt: accepted (map area 89326.52->89324.93, delay 25.00->25.00).
phyopt: round=1 part=high seed=n87611(id=87611 center=87611 R=5 crit=0.904 pot=0.2769)
phyopt: accepted (map area 89324.93->89324.93, delay 25.00->25.00).
phyopt: round=1 part=high seed=n87971(id=87971 center=87971 R=5 crit=0.904 pot=0.2769)
phyopt: accepted (map area 89324.93->89310.83, delay 25.00->25.00).
phyopt: round=1 part=high seed=n88025(id=88025 center=88025 R=5 crit=0.904 pot=0.2769)
phyopt: rejected (map area 89310.83->90096.59, delay 25.00->25.00).
phyopt: round=1 part=high seed=n88188(id=88188 center=88188 R=5 crit=0.904 pot=0.2769)
phyopt: rejected (map area 89310.83->89362.70, delay 25.00->25.00).
phyopt: round=1 part=high seed=n88520(id=88520 center=88520 R=5 crit=0.904 pot=0.2769)
phyopt: rejected (map area 89310.83->89314.55, delay 25.00->25.00).
phyopt: round=1 part=high seed=n96518(id=96518 center=96518 R=5 crit=0.904 pot=0.2769)
phyopt: rejected (map area 89310.83->89324.13, delay 25.00->25.00).
phyopt: round=1 part=high seed=n102090(id=102090 center=102090 R=5 crit=0.904 pot=0.2769)
phyopt: rejected (map area 89310.83->89328.92, delay 25.00->25.00).
phyopt: round=1 part=high seed=n115496(id=115496 center=115496 R=5 crit=0.904 pot=0.2769)
phyopt: accepted (map area 89310.83->89310.83, delay 25.00->25.00).
phyopt: round=1 part=high seed=n123262(id=123262 center=123262 R=5 crit=0.904 pot=0.2769)
phyopt: accepted (map area 89310.83->89310.56, delay 25.00->25.00).
phyopt: round=1 part=high seed=n128084(id=128084 center=128084 R=5 crit=0.904 pot=0.2769)
phyopt: rejected (map area 89310.56->89318.81, delay 25.00->25.00).
phyopt: round=1 part=high seed=n129244(id=129244 center=129244 R=5 crit=0.904 pot=0.2769)
phyopt: rejected (map area 89310.56->89648.12, delay 25.00->25.00).
phyopt: round=1 part=high seed=n147639(id=147639 center=147639 R=5 crit=0.904 pot=0.2769)
phyopt: accepted (map area 89310.56->89309.23, delay 25.00->25.00).
phyopt: round=1 part=high seed=n153263(id=153263 center=153263 R=5 crit=0.904 pot=0.2769)
phyopt: rejected (map area 89309.23->89713.82, delay 25.00->25.00).
phyopt: round=1 part=high seed=n153297(id=153297 center=153297 R=5 crit=0.904 pot=0.2769)
phyopt: accepted (map area 89309.23->89308.97, delay 25.00->25.00).
phyopt: round=1 part=high seed=n153655(id=153655 center=153655 R=5 crit=0.904 pot=0.2769)
phyopt: accepted (map area 89308.97->89308.44, delay 25.00->25.00).
phyopt: round=1 part=high seed=n159112(id=159112 center=159112 R=5 crit=0.904 pot=0.2769)
phyopt: rejected (map area 89308.44->89353.12, delay 25.00->25.00).
phyopt: round=1 part=high seed=n15229(id=15229 center=15229 R=5 crit=0.923 pot=0.2615)
phyopt: rejected (map area 89308.44->89378.66, delay 25.00->25.00).
phyopt: round=1 part=high seed=n24067(id=24067 center=24067 R=5 crit=0.923 pot=0.2615)
phyopt: rejected (map area 89308.44->89484.00, delay 25.00->25.00).
phyopt: round=1 part=high seed=n24370(id=24370 center=24370 R=5 crit=0.923 pot=0.2615)
phyopt: accepted (map area 89308.44->89302.05, delay 25.00->25.00).
phyopt: round=1 part=high seed=n25480(id=25480 center=25480 R=5 crit=0.923 pot=0.2615)
phyopt: accepted (map area 89302.05->89302.05, delay 25.00->25.00).
phyopt: round=1 part=high seed=n25889(id=25889 center=25889 R=5 crit=0.923 pot=0.2615)
phyopt: accepted (map area 89302.05->89297.00, delay 25.00->25.00).
phyopt: round=1 part=low seed=n42378(id=42378 center=42378 R=3 crit=0.115 pot=0.9769)
phyopt: rejected (map area 89297.00->89297.00, delay 25.00->25.00).
phyopt: round=1 part=low seed=n59720(id=59720 center=59720 R=3 crit=0.115 pot=0.9769)
phyopt: rejected (map area 89297.00->89297.00, delay 25.00->25.00).
phyopt: round=1 part=low seed=n72583(id=72583 center=72583 R=3 crit=0.115 pot=0.9769)
phyopt: rejected (map area 89297.00->89297.00, delay 25.00->25.00).
phyopt: round=1 part=low seed=n37745(id=37745 center=37745 R=3 crit=0.135 pot=0.9731)
phyopt: rejected (map area 89297.00->89297.53, delay 25.00->25.00).
phyopt: round=1 part=low seed=n59718(id=59718 center=59718 R=3 crit=0.135 pot=0.9731)
phyopt: accepted (map area 89297.00->89296.73, delay 25.00->25.00).
phyopt: round=1 part=low seed=n89734(id=89734 center=89734 R=3 crit=0.154 pot=0.9692)
phyopt: rejected (map area 89296.73->89296.73, delay 25.00->25.00).
phyopt: round=1 part=low seed=n60365(id=60365 center=60365 R=3 crit=0.173 pot=0.9654)
phyopt: rejected (map area 89296.73->89296.73, delay 25.00->25.00).
phyopt: round=1 part=low seed=n65288(id=65288 center=65288 R=3 crit=0.173 pot=0.9654)
phyopt: rejected (map area 89296.73->89296.73, delay 25.00->25.00).
phyopt: round=1 part=low seed=n150559(id=150559 center=150559 R=3 crit=0.173 pot=0.9654)
phyopt: rejected (map area 89296.73->89296.73, delay 25.00->25.00).
phyopt: round=1 part=low seed=n150827(id=150827 center=150827 R=3 crit=0.173 pot=0.9654)
phyopt: rejected (map area 89296.73->89296.73, delay 25.00->25.00).
phyopt: round=1 part=low seed=n150872(id=150872 center=150872 R=3 crit=0.173 pot=0.9654)
phyopt: rejected (map area 89296.73->89296.73, delay 25.00->25.00).
phyopt: round=1 part=low seed=n38340(id=38340 center=38340 R=3 crit=0.192 pot=0.9615)
phyopt: rejected (map area 89296.73->89296.73, delay 25.00->25.00).
phyopt: round=1 part=low seed=n60192(id=60192 center=60192 R=3 crit=0.192 pot=0.9615)
phyopt: rejected (map area 89296.73->89296.73, delay 25.00->25.00).
phyopt: round=1 part=low seed=n60504(id=60504 center=60504 R=3 crit=0.192 pot=0.9615)
phyopt: rejected (map area 89296.73->89296.73, delay 25.00->25.00).
phyopt: round=1 part=low seed=n69771(id=69771 center=69771 R=3 crit=0.192 pot=0.9615)
phyopt: rejected (map area 89296.73->89296.73, delay 25.00->25.00).
phyopt: round=1 part=low seed=n88996(id=88996 center=88996 R=3 crit=0.192 pot=0.9615)
phyopt: rejected (map area 89296.73->89296.73, delay 25.00->25.00).
phyopt: round=1 part=low seed=n89221(id=89221 center=89221 R=3 crit=0.192 pot=0.9615)
phyopt: accepted (map area 89296.73->89296.20, delay 25.00->25.00).
phyopt: round=1 part=low seed=n129693(id=129693 center=129693 R=3 crit=0.192 pot=0.9615)
phyopt: rejected (map area 89296.20->89296.20, delay 25.00->25.00).
phyopt: round=1 part=low seed=n129769(id=129769 center=129769 R=3 crit=0.192 pot=0.9615)
phyopt: accepted (map area 89296.20->89295.93, delay 25.00->25.00).
phyopt: round=1 part=low seed=n64010(id=64010 center=64010 R=3 crit=0.000 pot=0.8032)
phyopt: rejected (map area 89295.93->89295.93, delay 25.00->25.00).
phyopt: round=1 part=low seed=n64012(id=64012 center=64012 R=3 crit=0.000 pot=0.8032)
phyopt: accepted (map area 89295.93->89294.87, delay 25.00->25.00).
phyopt: round=1 part=low seed=n60516(id=60516 center=60516 R=3 crit=0.019 pot=0.7994)
phyopt: rejected (map area 89294.87->89294.87, delay 25.00->25.00).
phyopt: round=1 part=low seed=n64107(id=64107 center=64107 R=3 crit=0.019 pot=0.7994)
phyopt: rejected (map area 89294.87->89294.87, delay 25.00->25.00).
phyopt: round=1 part=low seed=n64108(id=64108 center=64108 R=3 crit=0.019 pot=0.7994)
phyopt: rejected (map area 89294.87->89294.87, delay 25.00->25.00).
phyopt: round=1 part=low seed=n93420(id=93420 center=93420 R=3 crit=0.019 pot=0.7994)
phyopt: rejected (map area 89294.87->89294.87, delay 25.00->25.00).
phyopt: round=1 part=low seed=n93422(id=93422 center=93422 R=3 crit=0.019 pot=0.7994)
phyopt: rejected (map area 89294.87->89294.87, delay 25.00->25.00).
phyopt: round=1 part=low seed=n38749(id=38749 center=38749 R=3 crit=0.038 pot=0.7955)
phyopt: accepted (map area 89294.87->89294.60, delay 25.00->25.00).
phyopt: round=1 part=low seed=n60565(id=60565 center=60565 R=3 crit=0.038 pot=0.7955)
phyopt: rejected (map area 89294.60->89294.60, delay 25.00->25.00).
phyopt: round=1 part=low seed=n60566(id=60566 center=60566 R=3 crit=0.038 pot=0.7955)
phyopt: rejected (map area 89294.60->89294.87, delay 25.00->25.00).
phyopt: round=1 part=low seed=n72366(id=72366 center=72366 R=3 crit=0.038 pot=0.7955)
phyopt: accepted (map area 89294.60->89293.54, delay 25.00->25.00).
phyopt: round=1 part=mid seed=n18547(id=18547 center=18547 R=4 crit=0.212 pot=0.8942)
phyopt: rejected (map area 89293.54->89293.54, delay 25.00->25.00).
phyopt: round=1 part=mid seed=n37704(id=37704 center=37704 R=4 crit=0.212 pot=0.8942)
phyopt: rejected (map area 89293.54->89315.35, delay 25.00->25.00).
phyopt: round=1 part=mid seed=n37837(id=37837 center=37837 R=4 crit=0.212 pot=0.8942)
phyopt: rejected (map area 89293.54->89293.54, delay 25.00->25.00).
phyopt: round=1 part=mid seed=n38869(id=38869 center=38869 R=4 crit=0.212 pot=0.8942)
phyopt: rejected (map area 89293.54->89293.54, delay 25.00->25.00).
phyopt: round=1 part=mid seed=n59927(id=59927 center=59927 R=4 crit=0.212 pot=0.8942)
phyopt: accepted (map area 89293.54->89292.48, delay 25.00->25.00).
phyopt: round=1 part=mid seed=n59983(id=59983 center=59983 R=4 crit=0.212 pot=0.8942)
phyopt: rejected (map area 89292.48->89313.22, delay 25.00->25.00).
phyopt: round=1 part=mid seed=n65281(id=65281 center=65281 R=4 crit=0.212 pot=0.8942)
phyopt: rejected (map area 89292.48->89292.48, delay 25.00->25.00).
phyopt: round=1 part=mid seed=n72615(id=72615 center=72615 R=4 crit=0.212 pot=0.8942)
phyopt: rejected (map area 89292.48->89294.34, delay 25.00->25.00).
phyopt: round=1 part=mid seed=n93690(id=93690 center=93690 R=4 crit=0.212 pot=0.8942)
phyopt: rejected (map area 89292.48->89292.48, delay 25.00->25.00).
phyopt: round=1 part=mid seed=n157317(id=157317 center=157317 R=4 crit=0.212 pot=0.8942)
phyopt: rejected (map area 89292.48->89292.48, delay 25.00->25.00).
phyopt: round=1 part=mid seed=n18549(id=18549 center=18549 R=4 crit=0.231 pot=0.8846)
phyopt: rejected (map area 89292.48->89292.48, delay 25.00->25.00).
phyopt: round=1 part=mid seed=n37723(id=37723 center=37723 R=4 crit=0.231 pot=0.8846)
phyopt: rejected (map area 89292.48->89292.48, delay 25.00->25.00).
phyopt: round=1 part=mid seed=n37832(id=37832 center=37832 R=4 crit=0.231 pot=0.8846)
phyopt: rejected (map area 89292.48->89302.85, delay 25.00->25.00).
phyopt: round=1 part=mid seed=n42347(id=42347 center=42347 R=4 crit=0.231 pot=0.8846)
phyopt: rejected (map area 89292.48->89292.48, delay 25.00->25.00).
phyopt: round=1 part=mid seed=n42899(id=42899 center=42899 R=4 crit=0.231 pot=0.8846)
phyopt: rejected (map area 89292.48->89292.48, delay 25.00->25.00).
phyopt: round=1 part=mid seed=n59807(id=59807 center=59807 R=4 crit=0.231 pot=0.8846)
phyopt: rejected (map area 89292.48->89292.48, delay 25.00->25.00).
phyopt: round=1 part=mid seed=n60061(id=60061 center=60061 R=4 crit=0.231 pot=0.8846)
phyopt: rejected (map area 89292.48->89292.48, delay 25.00->25.00).
phyopt: round=1 part=mid seed=n69638(id=69638 center=69638 R=4 crit=0.231 pot=0.8846)
phyopt: rejected (map area 89292.48->89292.48, delay 25.00->25.00).
phyopt: round=1 part=mid seed=n70151(id=70151 center=70151 R=4 crit=0.231 pot=0.8846)
phyopt: rejected (map area 89292.48->89293.27, delay 25.00->25.00).
phyopt: round=1 part=mid seed=n88918(id=88918 center=88918 R=4 crit=0.231 pot=0.8846)
phyopt: rejected (map area 89292.48->89292.48, delay 25.00->25.00).
phyopt: round=1 part=mid seed=n89591(id=89591 center=89591 R=4 crit=0.231 pot=0.8846)
phyopt: accepted (map area 89292.48->89290.88, delay 25.00->25.00).
phyopt: round=1 part=mid seed=n89593(id=89593 center=89593 R=4 crit=0.231 pot=0.8846)
phyopt: rejected (map area 89290.88->89290.88, delay 25.00->25.00).
phyopt: round=1 part=mid seed=n93676(id=93676 center=93676 R=4 crit=0.231 pot=0.8846)
phyopt: rejected (map area 89290.88->89290.88, delay 25.00->25.00).
phyopt: round=1 part=mid seed=n150353(id=150353 center=150353 R=4 crit=0.231 pot=0.8846)
phyopt: accepted (map area 89290.88->89290.61, delay 25.00->25.00).
phyopt: round=1 part=mid seed=n150540(id=150540 center=150540 R=4 crit=0.231 pot=0.8846)
phyopt: accepted (map area 89290.61->89289.82, delay 25.00->25.00).
phyopt: round=1 part=mid seed=n150579(id=150579 center=150579 R=4 crit=0.231 pot=0.8846)
phyopt: rejected (map area 89289.82->89290.08, delay 25.00->25.00).
phyopt: round=1 part=mid seed=n161363(id=161363 center=161363 R=4 crit=0.231 pot=0.8846)
Object with ID 161363 is not a node or reg output.
Error: Extracting sequential window has failed.
Error: phyopt: local optimization failed at round 1 part 3. Rolling back.
phyopt: round=1 part=mid seed=n18541(id=18541 center=18541 R=4 crit=0.250 pot=0.8750)
phyopt: accepted (map area 89289.82->89286.09, delay 25.00->25.00).
phyopt: round=1 part=mid seed=n44179(id=44179 center=44179 R=4 crit=0.250 pot=0.8750)
phyopt: rejected (map area 89286.09->89288.22, delay 25.00->25.00).
phyopt: round=1 part=mid seed=n59694(id=59694 center=59694 R=4 crit=0.250 pot=0.8750)
phyopt: accepted (map area 89286.09->89285.03, delay 25.00->25.00).
phyopt: finished round 1/1.
phyopt: partition summary (tried/accepted):
  high : 14 / 30
  low  : 6 / 30
  mid  : 6 / 30
phyopt: per-part seed coverage (topK means top-5 potential within processed seeds):
  high: seeds=30 tried=30(100.0%) accepted=14(46.7%) skipped(marked=0,low_slack=0) topK(tried=5/5 accepted=2 hit=40.0%)
  low: seeds=30 tried=30(100.0%) accepted=6(20.0%) skipped(marked=0,low_slack=0) topK(tried=5/5 accepted=1 hit=20.0%)
  mid: seeds=30 tried=30(100.0%) accepted=6(20.0%) skipped(marked=0,low_slack=0) topK(tried=5/5 accepted=1 hit=20.0%)
phyopt: rejection reason breakdown:
  - runtime_or_eval_fail : 1
  - policy_tradeoff_reject : 38
  - delay_worse : 0
  - area_worse : 25
  - area_and_delay_worse : 0
  - low_part_delay_budget : 0
phyopt: skipped marked=0 low_slack=<0.10=0
phyopt: done, accepted=26 rejected=64 final_nodes=161329 final_levels=59.
Networks are equivalent.  Time =    16.71 sec
