======== ABC command line "source /tmp/ablation_ex207_L0.15_H0.95_1826.scr"
Warning: Detected 2 multi-output cells (for example, "FA_X1").
mapper_extract: wrote 166273 lines to "/mnt/d/My_abc_work/abc/my_work/ablation_results_stageB/ex207/ex207_L0.15_H0.95.csv".
Loaded 166273 physical records from /mnt/d/My_abc_work/abc/my_work/ablation_results_stageB/ex207/ex207_L0.15_H0.95.csv
Potential rebuilt: alpha(low/mid/high)=0.200/0.500/0.800 avg_struct=0.7238 avg_slack=0.3372 avg_opt_mid=0.5296
Physical records : 166273
Gate summary     : NAND=127903 AND=33544 INV=4826 OTHER=0
Alpha (L/M/H)    : 0.200 / 0.500 / 0.800
StructW(i/p/f/g) : 0.400 / 0.300 / 0.200 / 0.100
phyopt: start rounds=1, criticality partitions high(>=0.950)->low(<=0.150)->mid, window=16.
phyopt: objective=map(area,delay), low-part delay budget=+10% from pre-opt.
phyopt: round=1 partition sizes high=11825 low=168 mid=154280.
phyopt: round=1 part=high seed=n12092(id=12092 center=12092 R=5 crit=0.962 pot=0.2308)
phyopt: accepted (map area 89328.12->89328.12, delay 25.00->25.00).
phyopt: round=1 part=high seed=n12391(id=12391 center=12391 R=5 crit=0.962 pot=0.2308)
phyopt: accepted (map area 89328.12->89318.81, delay 25.00->25.00).
phyopt: round=1 part=high seed=n14194(id=14194 center=14194 R=5 crit=0.962 pot=0.2308)
phyopt: accepted (map area 89318.81->89318.81, delay 25.00->25.00).
phyopt: round=1 part=high seed=n24280(id=24280 center=24280 R=5 crit=0.962 pot=0.2308)
phyopt: accepted (map area 89318.81->89318.54, delay 25.00->25.00).
phyopt: round=1 part=high seed=n35113(id=35113 center=35113 R=5 crit=0.962 pot=0.2308)
phyopt: rejected (map area 89318.54->89319.61, delay 25.00->25.00).
phyopt: round=1 part=high seed=n35734(id=35734 center=35734 R=5 crit=0.962 pot=0.2308)
phyopt: accepted (map area 89318.54->89317.75, delay 25.00->25.00).
phyopt: round=1 part=high seed=n37263(id=37263 center=37263 R=5 crit=0.962 pot=0.2308)
phyopt: rejected (map area 89317.75->89318.54, delay 25.00->25.00).
phyopt: round=1 part=high seed=n56595(id=56595 center=56595 R=5 crit=0.962 pot=0.2308)
phyopt: accepted (map area 89317.75->89317.75, delay 25.00->25.00).
phyopt: round=1 part=high seed=n56756(id=56756 center=56756 R=5 crit=0.962 pot=0.2308)
phyopt: accepted (map area 89317.75->89316.68, delay 25.00->25.00).
phyopt: round=1 part=high seed=n57248(id=57248 center=57248 R=5 crit=0.962 pot=0.2308)
phyopt: accepted (map area 89316.68->89316.68, delay 25.00->25.00).
phyopt: round=1 part=high seed=n62209(id=62209 center=62209 R=5 crit=0.962 pot=0.2308)
phyopt: accepted (map area 89316.68->89316.68, delay 25.00->25.00).
phyopt: round=1 part=high seed=n67625(id=67625 center=67625 R=5 crit=0.962 pot=0.2308)
phyopt: accepted (map area 89316.68->89315.88, delay 25.00->25.00).
phyopt: round=1 part=high seed=n77111(id=77111 center=77111 R=5 crit=0.962 pot=0.2308)
phyopt: rejected (map area 89315.88->89338.23, delay 25.00->25.00).
phyopt: round=1 part=high seed=n77487(id=77487 center=77487 R=5 crit=0.962 pot=0.2308)
phyopt: accepted (map area 89315.88->89315.88, delay 25.00->25.00).
phyopt: round=1 part=high seed=n77793(id=77793 center=77793 R=5 crit=0.962 pot=0.2308)
phyopt: accepted (map area 89315.88->89311.89, delay 25.00->25.00).
phyopt: round=1 part=high seed=n78926(id=78926 center=78926 R=5 crit=0.962 pot=0.2308)
phyopt: rejected (map area 89311.89->89318.01, delay 25.00->25.00).
phyopt: round=1 part=high seed=n86376(id=86376 center=86376 R=5 crit=0.962 pot=0.2308)
phyopt: rejected (map area 89311.89->89490.11, delay 25.00->25.00).
phyopt: round=1 part=high seed=n86380(id=86380 center=86380 R=5 crit=0.962 pot=0.2308)
phyopt: accepted (map area 89311.89->89311.36, delay 25.00->25.00).
phyopt: round=1 part=high seed=n102615(id=102615 center=102615 R=5 crit=0.962 pot=0.2308)
phyopt: accepted (map area 89311.36->89311.36, delay 25.00->25.00).
phyopt: round=1 part=high seed=n118131(id=118131 center=118131 R=5 crit=0.962 pot=0.2308)
phyopt: rejected (map area 89311.36->89330.25, delay 25.00->25.00).
phyopt: round=1 part=high seed=n122231(id=122231 center=122231 R=5 crit=0.962 pot=0.2308)
phyopt: accepted (map area 89311.36->89311.36, delay 25.00->25.00).
phyopt: round=1 part=high seed=n123630(id=123630 center=123630 R=5 crit=0.962 pot=0.2308)
phyopt: rejected (map area 89311.36->89315.35, delay 25.00->25.00).
phyopt: round=1 part=high seed=n128810(id=128810 center=128810 R=5 crit=0.962 pot=0.2308)
phyopt: accepted (map area 89311.36->89310.30, delay 25.00->25.00).
phyopt: round=1 part=high seed=n129086(id=129086 center=129086 R=5 crit=0.962 pot=0.2308)
phyopt: accepted (map area 89310.30->89310.03, delay 25.00->25.00).
phyopt: round=1 part=high seed=n137341(id=137341 center=137341 R=5 crit=0.962 pot=0.2308)
phyopt: rejected (map area 89310.03->89311.89, delay 25.00->25.00).
phyopt: round=1 part=high seed=n137447(id=137447 center=137447 R=5 crit=0.962 pot=0.2308)
phyopt: rejected (map area 89310.03->89328.12, delay 25.00->25.00).
phyopt: round=1 part=high seed=n137565(id=137565 center=137565 R=5 crit=0.962 pot=0.2308)
phyopt: accepted (map area 89310.03->89302.05, delay 25.00->25.00).
phyopt: round=1 part=high seed=n138840(id=138840 center=138840 R=5 crit=0.962 pot=0.2308)
phyopt: accepted (map area 89302.05->89302.05, delay 25.00->25.00).
phyopt: round=1 part=high seed=n138877(id=138877 center=138877 R=5 crit=0.962 pot=0.2308)
phyopt: accepted (map area 89302.05->89301.79, delay 25.00->25.00).
phyopt: round=1 part=high seed=n147808(id=147808 center=147808 R=5 crit=0.962 pot=0.2308)
phyopt: rejected (map area 89301.79->89335.30, delay 25.00->25.00).
phyopt: round=1 part=low seed=n42378(id=42378 center=42378 R=3 crit=0.115 pot=0.9769)
phyopt: rejected (map area 89301.79->89301.79, delay 25.00->25.00).
phyopt: round=1 part=low seed=n59720(id=59720 center=59720 R=3 crit=0.115 pot=0.9769)
phyopt: rejected (map area 89301.79->89301.79, delay 25.00->25.00).
phyopt: round=1 part=low seed=n72583(id=72583 center=72583 R=3 crit=0.115 pot=0.9769)
phyopt: accepted (map area 89301.79->89301.52, delay 25.00->25.00).
phyopt: round=1 part=low seed=n37745(id=37745 center=37745 R=3 crit=0.135 pot=0.9731)
phyopt: accepted (map area 89301.52->89301.25, delay 25.00->25.00).
phyopt: round=1 part=low seed=n59718(id=59718 center=59718 R=3 crit=0.135 pot=0.9731)
phyopt: rejected (map area 89301.25->89302.32, delay 25.00->25.00).
phyopt: round=1 part=low seed=n64010(id=64010 center=64010 R=3 crit=0.000 pot=0.8032)
phyopt: accepted (map area 89301.25->89299.39, delay 25.00->25.00).
phyopt: round=1 part=low seed=n60516(id=60516 center=60516 R=3 crit=0.019 pot=0.7994)
phyopt: rejected (map area 89299.39->89299.39, delay 25.00->25.00).
phyopt: round=1 part=low seed=n64107(id=64107 center=64107 R=3 crit=0.019 pot=0.7994)
phyopt: rejected (map area 89299.39->89299.39, delay 25.00->25.00).
phyopt: round=1 part=low seed=n64108(id=64108 center=64108 R=3 crit=0.019 pot=0.7994)
phyopt: rejected (map area 89299.39->89299.39, delay 25.00->25.00).
phyopt: round=1 part=low seed=n93420(id=93420 center=93420 R=3 crit=0.019 pot=0.7994)
phyopt: rejected (map area 89299.39->89299.39, delay 25.00->25.00).
phyopt: round=1 part=low seed=n93422(id=93422 center=93422 R=3 crit=0.019 pot=0.7994)
phyopt: rejected (map area 89299.39->89299.39, delay 25.00->25.00).
phyopt: round=1 part=low seed=n38749(id=38749 center=38749 R=3 crit=0.038 pot=0.7955)
phyopt: rejected (map area 89299.39->89299.39, delay 25.00->25.00).
phyopt: round=1 part=low seed=n60565(id=60565 center=60565 R=3 crit=0.038 pot=0.7955)
phyopt: accepted (map area 89299.39->89297.80, delay 25.00->25.00).
phyopt: round=1 part=low seed=n72366(id=72366 center=72366 R=3 crit=0.038 pot=0.7955)
phyopt: rejected (map area 89297.80->89297.80, delay 25.00->25.00).
phyopt: round=1 part=low seed=n72368(id=72368 center=72368 R=3 crit=0.038 pot=0.7955)
phyopt: accepted (map area 89297.80->89296.47, delay 25.00->25.00).
phyopt: round=1 part=low seed=n89679(id=89679 center=89679 R=3 crit=0.038 pot=0.7955)
phyopt: rejected (map area 89296.47->89296.47, delay 25.00->25.00).
phyopt: round=1 part=low seed=n89680(id=89680 center=89680 R=3 crit=0.038 pot=0.7955)
phyopt: rejected (map area 89296.47->89296.47, delay 25.00->25.00).
phyopt: round=1 part=low seed=n89681(id=89681 center=89681 R=3 crit=0.038 pot=0.7955)
phyopt: accepted (map area 89296.47->89294.34, delay 25.00->25.00).
phyopt: round=1 part=low seed=n156515(id=156515 center=156515 R=3 crit=0.038 pot=0.7955)
phyopt: rejected (map area 89294.34->89294.34, delay 25.00->25.00).
phyopt: round=1 part=low seed=n156516(id=156516 center=156516 R=3 crit=0.038 pot=0.7955)
phyopt: rejected (map area 89294.34->89294.34, delay 25.00->25.00).
phyopt: round=1 part=low seed=n156517(id=156517 center=156517 R=3 crit=0.038 pot=0.7955)
phyopt: rejected (map area 89294.34->89294.34, delay 25.00->25.00).
phyopt: round=1 part=low seed=n60617(id=60617 center=60617 R=3 crit=0.058 pot=0.7917)
phyopt: rejected (map area 89294.34->89294.34, delay 25.00->25.00).
phyopt: round=1 part=low seed=n64102(id=64102 center=64102 R=3 crit=0.058 pot=0.7917)
phyopt: rejected (map area 89294.34->89294.34, delay 25.00->25.00).
phyopt: round=1 part=low seed=n64103(id=64103 center=64103 R=3 crit=0.058 pot=0.7917)
phyopt: rejected (map area 89294.34->89294.34, delay 25.00->25.00).
phyopt: round=1 part=low seed=n89675(id=89675 center=89675 R=3 crit=0.058 pot=0.7917)
phyopt: rejected (map area 89294.34->89294.34, delay 25.00->25.00).
phyopt: round=1 part=low seed=n93496(id=93496 center=93496 R=3 crit=0.058 pot=0.7917)
phyopt: rejected (map area 89294.34->89294.34, delay 25.00->25.00).
phyopt: round=1 part=low seed=n150342(id=150342 center=150342 R=3 crit=0.058 pot=0.7917)
phyopt: rejected (map area 89294.34->89294.34, delay 25.00->25.00).
phyopt: round=1 part=low seed=n161318(id=161318 center=161318 R=3 crit=0.058 pot=0.7917)
phyopt: rejected (map area 89294.34->89294.34, delay 25.00->25.00).
phyopt: round=1 part=mid seed=n89734(id=89734 center=89734 R=4 crit=0.154 pot=0.9231)
phyopt: rejected (map area 89294.34->89294.34, delay 25.00->25.00).
phyopt: round=1 part=mid seed=n60365(id=60365 center=60365 R=4 crit=0.173 pot=0.9135)
phyopt: rejected (map area 89294.34->89294.34, delay 25.00->25.00).
phyopt: round=1 part=mid seed=n65288(id=65288 center=65288 R=4 crit=0.173 pot=0.9135)
phyopt: rejected (map area 89294.34->89298.86, delay 25.00->25.00).
phyopt: round=1 part=mid seed=n150559(id=150559 center=150559 R=4 crit=0.173 pot=0.9135)
phyopt: rejected (map area 89294.34->89294.34, delay 25.00->25.00).
phyopt: round=1 part=mid seed=n150827(id=150827 center=150827 R=4 crit=0.173 pot=0.9135)
phyopt: rejected (map area 89294.34->89299.13, delay 25.00->25.00).
phyopt: round=1 part=mid seed=n150872(id=150872 center=150872 R=4 crit=0.173 pot=0.9135)
phyopt: rejected (map area 89294.34->89294.34, delay 25.00->25.00).
phyopt: round=1 part=mid seed=n38340(id=38340 center=38340 R=4 crit=0.192 pot=0.9038)
phyopt: accepted (map area 89294.34->89294.07, delay 25.00->25.00).
phyopt: round=1 part=mid seed=n60192(id=60192 center=60192 R=4 crit=0.192 pot=0.9038)
phyopt: accepted (map area 89294.07->89292.74, delay 25.00->25.00).
phyopt: round=1 part=mid seed=n60504(id=60504 center=60504 R=4 crit=0.192 pot=0.9038)
phyopt: accepted (map area 89292.74->89291.68, delay 25.00->25.00).
phyopt: round=1 part=mid seed=n69771(id=69771 center=69771 R=4 crit=0.192 pot=0.9038)
phyopt: rejected (map area 89291.68->89291.68, delay 25.00->25.00).
phyopt: round=1 part=mid seed=n88996(id=88996 center=88996 R=4 crit=0.192 pot=0.9038)
phyopt: rejected (map area 89291.68->89306.84, delay 25.00->25.00).
phyopt: round=1 part=mid seed=n89221(id=89221 center=89221 R=4 crit=0.192 pot=0.9038)
phyopt: rejected (map area 89291.68->89298.59, delay 25.00->25.00).
phyopt: round=1 part=mid seed=n129693(id=129693 center=129693 R=4 crit=0.192 pot=0.9038)
phyopt: rejected (map area 89291.68->89291.68, delay 25.00->25.00).
phyopt: round=1 part=mid seed=n129769(id=129769 center=129769 R=4 crit=0.192 pot=0.9038)
phyopt: rejected (map area 89291.68->89291.68, delay 25.00->25.00).
phyopt: round=1 part=mid seed=n18547(id=18547 center=18547 R=4 crit=0.212 pot=0.8942)
phyopt: rejected (map area 89291.68->89291.68, delay 25.00->25.00).
phyopt: round=1 part=mid seed=n37704(id=37704 center=37704 R=4 crit=0.212 pot=0.8942)
phyopt: rejected (map area 89291.68->89291.68, delay 25.00->25.00).
phyopt: round=1 part=mid seed=n37837(id=37837 center=37837 R=4 crit=0.212 pot=0.8942)
phyopt: rejected (map area 89291.68->89291.68, delay 25.00->25.00).
phyopt: round=1 part=mid seed=n38869(id=38869 center=38869 R=4 crit=0.212 pot=0.8942)
phyopt: rejected (map area 89291.68->89297.00, delay 25.00->25.00).
phyopt: round=1 part=mid seed=n59927(id=59927 center=59927 R=4 crit=0.212 pot=0.8942)
phyopt: accepted (map area 89291.68->89290.08, delay 25.00->25.00).
phyopt: round=1 part=mid seed=n59983(id=59983 center=59983 R=4 crit=0.212 pot=0.8942)
phyopt: rejected (map area 89290.08->89290.08, delay 25.00->25.00).
phyopt: round=1 part=mid seed=n65281(id=65281 center=65281 R=4 crit=0.212 pot=0.8942)
phyopt: rejected (map area 89290.08->89290.08, delay 25.00->25.00).
phyopt: round=1 part=mid seed=n72615(id=72615 center=72615 R=4 crit=0.212 pot=0.8942)
phyopt: rejected (map area 89290.08->89291.94, delay 25.00->25.00).
phyopt: round=1 part=mid seed=n93690(id=93690 center=93690 R=4 crit=0.212 pot=0.8942)
phyopt: rejected (map area 89290.08->89290.08, delay 25.00->25.00).
phyopt: round=1 part=mid seed=n157317(id=157317 center=157317 R=4 crit=0.212 pot=0.8942)
phyopt: rejected (map area 89290.08->89301.79, delay 25.00->25.00).
phyopt: round=1 part=mid seed=n18549(id=18549 center=18549 R=4 crit=0.231 pot=0.8846)
phyopt: rejected (map area 89290.08->89293.01, delay 25.00->25.00).
phyopt: round=1 part=mid seed=n37723(id=37723 center=37723 R=4 crit=0.231 pot=0.8846)
phyopt: rejected (map area 89290.08->89294.07, delay 25.00->25.00).
phyopt: round=1 part=mid seed=n37832(id=37832 center=37832 R=4 crit=0.231 pot=0.8846)
phyopt: rejected (map area 89290.08->89297.00, delay 25.00->25.00).
phyopt: round=1 part=mid seed=n42347(id=42347 center=42347 R=4 crit=0.231 pot=0.8846)
phyopt: rejected (map area 89290.08->89310.56, delay 25.00->25.00).
phyopt: round=1 part=mid seed=n42899(id=42899 center=42899 R=4 crit=0.231 pot=0.8846)
phyopt: rejected (map area 89290.08->89290.08, delay 25.00->25.00).
phyopt: round=1 part=mid seed=n59807(id=59807 center=59807 R=4 crit=0.231 pot=0.8846)
phyopt: accepted (map area 89290.08->89289.82, delay 25.00->25.00).
phyopt: finished round 1/1.
phyopt: partition summary (tried/accepted):
  high : 20 / 30
  low  : 6 / 28
  mid  : 5 / 30
phyopt: per-part seed coverage (topK means top-5 potential within processed seeds):
  high: seeds=30 tried=30(100.0%) accepted=20(66.7%) skipped(marked=0,low_slack=0) topK(tried=5/5 accepted=4 hit=80.0%)
  low: seeds=30 tried=28(93.3%) accepted=6(21.4%) skipped(marked=2,low_slack=0) topK(tried=5/5 accepted=2 hit=40.0%)
  mid: seeds=30 tried=30(100.0%) accepted=5(16.7%) skipped(marked=0,low_slack=0) topK(tried=5/5 accepted=0 hit=0.0%)
phyopt: rejection reason breakdown:
  - runtime_or_eval_fail : 0
  - policy_tradeoff_reject : 35
  - delay_worse : 0
  - area_worse : 22
  - area_and_delay_worse : 0
  - low_part_delay_budget : 0
phyopt: skipped marked=2 low_slack=<0.10=0
phyopt: done, accepted=31 rejected=57 final_nodes=161366 final_levels=59.
Networks are equivalent.  Time =    12.51 sec
