======== ABC command line "source /tmp/gs1_ex275_B_base_4196.scr"
Warning: Detected 2 multi-output cells (for example, "FA_X1").
mapper_extract: wrote 118 lines to "/mnt/d/My_abc_work/abc/my_work/grouped_opt_stage1/results/run_stage1_strategy_r1/B/ex275/ex275_B_base.csv".
Loaded 118 physical records from /mnt/d/My_abc_work/abc/my_work/grouped_opt_stage1/results/run_stage1_strategy_r1/B/ex275/ex275_B_base.csv
Potential rebuilt: alpha(low/mid/high)=0.200/0.500/0.800 avg_struct=0.7342 avg_slack=0.2105 avg_opt_mid=0.4723
Physical records : 118
Gate summary     : NAND=79 AND=27 INV=12 OTHER=0
Alpha (L/M/H)    : 0.200 / 0.500 / 0.800
StructW(i/p/f/g) : 0.500 / 0.400 / 0.050 / 0.050
phyopt: start rounds=1, criticality partitions high(>=0.900)->low(<=0.250)->mid, window=16.
phyopt: objective=map(area,delay), low-part delay budget=+10% from pre-opt.
phyopt: round=1 partition sizes high=45 low=1 mid=72.
phyopt: round=1 part=high seed=n99(id=99 center=99 R=5 crit=0.917 pot=0.2233)
phyopt: accepted (map area 59.58->54.53, delay 6.00->6.00).
phyopt: round=1 part=high seed=n101(id=101 center=101 R=5 crit=0.917 pot=0.2233)
phyopt: accepted (map area 54.53->53.47, delay 6.00->6.00).
phyopt: round=1 part=high seed=n106(id=106 center=106 R=5 crit=0.917 pot=0.2233)
Object with ID 106 is not a node or reg output.
Error: Extracting sequential window has failed.
Error: phyopt: local optimization failed at round 1 part 1. Rolling back.
phyopt: round=1 part=high seed=n107(id=107 center=107 R=5 crit=0.917 pot=0.2233)
Object with ID 107 is not a node or reg output.
Error: Extracting sequential window has failed.
Error: phyopt: local optimization failed at round 1 part 1. Rolling back.
The node "n110" with ID 110 is not in the current network.
phyopt: skip seed=n110 (cannot resolve center node in current AIG).
The node "n114" with ID 114 is not in the current network.
phyopt: skip seed=n114 (cannot resolve center node in current AIG).
The node "n115" with ID 115 is not in the current network.
phyopt: skip seed=n115 (cannot resolve center node in current AIG).
The node "n126" with ID 126 is not in the current network.
phyopt: skip seed=n126 (cannot resolve center node in current AIG).
phyopt: round=1 part=high seed=n46(id=46 center=46 R=6 crit=1.000 pot=0.1566)
phyopt: accepted (map area 53.47->52.67, delay 6.00->6.00).
phyopt: round=1 part=high seed=n48(id=48 center=48 R=6 crit=1.000 pot=0.1566)
phyopt: accepted (map area 52.67->52.67, delay 6.00->6.00).
phyopt: round=1 part=high seed=n51(id=51 center=51 R=6 crit=1.000 pot=0.1566)
phyopt: accepted (map area 52.67->48.68, delay 6.00->6.00).
phyopt: round=1 part=high seed=n55(id=55 center=55 R=6 crit=1.000 pot=0.1566)
phyopt: accepted (map area 48.68->47.35, delay 6.00->6.00).
phyopt: round=1 part=high seed=n60(id=60 center=60 R=6 crit=1.000 pot=0.1566)
phyopt: accepted (map area 47.35->46.55, delay 6.00->6.00).
phyopt: round=1 part=high seed=n65(id=65 center=65 R=6 crit=1.000 pot=0.1566)
phyopt: accepted (map area 46.55->46.55, delay 6.00->6.00).
The node "n94" with ID 94 is not in the current network.
phyopt: skip seed=n94 (cannot resolve center node in current AIG).
The node "n98" with ID 98 is not in the current network.
phyopt: skip seed=n98 (cannot resolve center node in current AIG).
The node "n116" with ID 116 is not in the current network.
phyopt: skip seed=n116 (cannot resolve center node in current AIG).
The node "n117" with ID 117 is not in the current network.
phyopt: skip seed=n117 (cannot resolve center node in current AIG).
The node "n118" with ID 118 is not in the current network.
phyopt: skip seed=n118 (cannot resolve center node in current AIG).
The node "n119" with ID 119 is not in the current network.
phyopt: skip seed=n119 (cannot resolve center node in current AIG).
The node "n120" with ID 120 is not in the current network.
phyopt: skip seed=n120 (cannot resolve center node in current AIG).
The node "n121" with ID 121 is not in the current network.
phyopt: skip seed=n121 (cannot resolve center node in current AIG).
The node "n122" with ID 122 is not in the current network.
phyopt: skip seed=n122 (cannot resolve center node in current AIG).
The node "n123" with ID 123 is not in the current network.
phyopt: skip seed=n123 (cannot resolve center node in current AIG).
The node "n124" with ID 124 is not in the current network.
phyopt: skip seed=n124 (cannot resolve center node in current AIG).
The node "n125" with ID 125 is not in the current network.
phyopt: skip seed=n125 (cannot resolve center node in current AIG).
The node "n127" with ID 127 is not in the current network.
phyopt: skip seed=n127 (cannot resolve center node in current AIG).
The node "n129" with ID 129 is not in the current network.
phyopt: skip seed=n129 (cannot resolve center node in current AIG).
The node "n130" with ID 130 is not in the current network.
phyopt: skip seed=n130 (cannot resolve center node in current AIG).
phyopt: round=1 part=high seed=n15(id=15 center=15 R=6 crit=1.000 pot=0.1535)
phyopt: rejected (map area 46.55->46.82, delay 6.00->6.00).
phyopt: round=1 part=high seed=n18(id=18 center=18 R=5 crit=0.917 pot=0.0712)
phyopt: rejected (map area 46.55->46.82, delay 6.00->6.00).
phyopt: round=1 part=high seed=n34(id=34 center=34 R=5 crit=0.917 pot=0.0676)
phyopt: accepted (map area 46.55->46.55, delay 6.00->6.00).
The node "n95" with ID 95 is not in the current network.
phyopt: skip seed=n95 (cannot resolve center node in current AIG).
phyopt: round=1 part=mid seed=n16(id=16 center=16 R=4 crit=0.500 pot=0.7500)
phyopt: rejected (map area 46.55->46.55, delay 6.00->6.00).
phyopt: round=1 part=mid seed=n42(id=42 center=42 R=4 crit=0.500 pot=0.7500)
phyopt: rejected (map area 46.55->46.55, delay 6.00->6.00).
phyopt: round=1 part=mid seed=n20(id=20 center=20 R=4 crit=0.417 pot=0.6832)
phyopt: rejected (map area 46.55->46.82, delay 6.00->6.00).
phyopt: round=1 part=mid seed=n28(id=28 center=28 R=4 crit=0.417 pot=0.6832)
phyopt: rejected (map area 46.55->46.55, delay 6.00->6.00).
phyopt: round=1 part=mid seed=n29(id=29 center=29 R=4 crit=0.417 pot=0.6832)
phyopt: rejected (map area 46.55->46.55, delay 6.00->6.00).
phyopt: round=1 part=mid seed=n43(id=43 center=43 R=4 crit=0.417 pot=0.6832)
phyopt: rejected (map area 46.55->46.55, delay 6.00->6.00).
phyopt: round=1 part=mid seed=n17(id=17 center=17 R=4 crit=0.500 pot=0.6415)
phyopt: rejected (map area 46.55->46.55, delay 6.00->6.00).
phyopt: round=1 part=mid seed=n21(id=21 center=21 R=4 crit=0.500 pot=0.6415)
phyopt: rejected (map area 46.55->47.35, delay 6.00->6.00).
phyopt: round=1 part=mid seed=n24(id=24 center=24 R=4 crit=0.500 pot=0.6415)
phyopt: rejected (map area 46.55->46.55, delay 6.00->6.00).
phyopt: round=1 part=mid seed=n25(id=25 center=25 R=4 crit=0.500 pot=0.6415)
phyopt: rejected (map area 46.55->46.55, delay 6.00->6.00).
phyopt: round=1 part=mid seed=n26(id=26 center=26 R=4 crit=0.500 pot=0.6415)
phyopt: rejected (map area 46.55->46.55, delay 6.00->6.00).
phyopt: round=1 part=mid seed=n30(id=30 center=30 R=4 crit=0.500 pot=0.6415)
phyopt: rejected (map area 46.55->46.55, delay 6.00->6.00).
phyopt: round=1 part=mid seed=n31(id=31 center=31 R=4 crit=0.500 pot=0.6415)
phyopt: rejected (map area 46.55->46.55, delay 6.00->6.00).
phyopt: round=1 part=mid seed=n44(id=44 center=44 R=4 crit=0.500 pot=0.6415)
phyopt: rejected (map area 46.55->46.55, delay 6.00->6.00).
phyopt: round=1 part=mid seed=n62(id=62 center=62 R=4 crit=0.500 pot=0.6415)
phyopt: rejected (map area 46.55->46.82, delay 6.00->6.00).
phyopt: round=1 part=mid seed=n63(id=63 center=63 R=4 crit=0.500 pot=0.6415)
phyopt: rejected (map area 46.55->46.55, delay 6.00->6.00).
phyopt: round=1 part=mid seed=n67(id=67 center=67 R=4 crit=0.500 pot=0.6415)
phyopt: rejected (map area 46.55->46.82, delay 6.00->6.00).
phyopt: round=1 part=mid seed=n68(id=68 center=68 R=4 crit=0.500 pot=0.6415)
phyopt: rejected (map area 46.55->47.08, delay 6.00->6.00).
phyopt: round=1 part=mid seed=n69(id=69 center=69 R=4 crit=0.500 pot=0.6415)
phyopt: rejected (map area 46.55->50.27, delay 6.00->6.00).
phyopt: round=1 part=mid seed=n70(id=70 center=70 R=4 crit=0.500 pot=0.6415)
phyopt: rejected (map area 46.55->46.55, delay 6.00->6.00).
phyopt: round=1 part=mid seed=n71(id=71 center=71 R=4 crit=0.500 pot=0.6415)
phyopt: rejected (map area 46.55->46.55, delay 6.00->6.00).
phyopt: round=1 part=mid seed=n38(id=38 center=38 R=4 crit=0.583 pot=0.5998)
phyopt: rejected (map area 46.55->48.41, delay 6.00->7.00).
phyopt: round=1 part=mid seed=n39(id=39 center=39 R=4 crit=0.583 pot=0.5998)
phyopt: rejected (map area 46.55->46.55, delay 6.00->6.00).
phyopt: round=1 part=mid seed=n72(id=72 center=72 R=4 crit=0.583 pot=0.5998)
phyopt: rejected (map area 46.55->46.55, delay 6.00->6.00).
phyopt: round=1 part=mid seed=n73(id=73 center=73 R=4 crit=0.583 pot=0.5998)
phyopt: rejected (map area 46.55->46.55, delay 6.00->6.00).
phyopt: round=1 part=mid seed=n74(id=74 center=74 R=4 crit=0.583 pot=0.5998)
phyopt: rejected (map area 46.55->46.55, delay 6.00->6.00).
phyopt: round=1 part=mid seed=n75(id=75 center=75 R=4 crit=0.583 pot=0.5998)
phyopt: rejected (map area 46.55->46.55, delay 6.00->6.00).
phyopt: round=1 part=mid seed=n77(id=77 center=77 R=4 crit=0.833 pot=0.5833)
phyopt: rejected (map area 46.55->46.55, delay 6.00->6.00).
phyopt: round=1 part=mid seed=n80(id=80 center=80 R=4 crit=0.833 pot=0.5833)
phyopt: rejected (map area 46.55->46.55, delay 6.00->6.00).
The node "n111" with ID 111 is not in the current network.
phyopt: skip seed=n111 (cannot resolve center node in current AIG).
phyopt: round=1 part=mid seed=n56(id=56 center=56 R=4 crit=0.667 pot=0.5582)
phyopt: rejected (map area 46.55->46.55, delay 6.00->6.00).
phyopt: round=1 part=mid seed=n57(id=57 center=57 R=4 crit=0.667 pot=0.5582)
phyopt: rejected (map area 46.55->46.55, delay 6.00->6.00).
phyopt: round=1 part=mid seed=n58(id=58 center=58 R=4 crit=0.667 pot=0.5582)
phyopt: rejected (map area 46.55->46.55, delay 6.00->6.00).
phyopt: round=1 part=mid seed=n84(id=84 center=84 R=4 crit=0.667 pot=0.5582)
phyopt: rejected (map area 46.55->46.55, delay 6.00->6.00).
phyopt: round=1 part=mid seed=n33(id=33 center=33 R=4 crit=0.667 pot=0.5503)
phyopt: rejected (map area 46.55->46.55, delay 6.00->6.00).
phyopt: round=1 part=mid seed=n36(id=36 center=36 R=4 crit=0.750 pot=0.5165)
phyopt: rejected (map area 46.55->46.55, delay 6.00->6.00).
phyopt: round=1 part=mid seed=n37(id=37 center=37 R=4 crit=0.750 pot=0.5165)
phyopt: rejected (map area 46.55->46.55, delay 6.00->6.00).
phyopt: round=1 part=mid seed=n40(id=40 center=40 R=4 crit=0.750 pot=0.5165)
phyopt: rejected (map area 46.55->46.55, delay 6.00->6.00).
phyopt: round=1 part=mid seed=n41(id=41 center=41 R=4 crit=0.750 pot=0.5165)
phyopt: rejected (map area 46.55->46.55, delay 6.00->6.00).
phyopt: finished round 1/1.
phyopt: partition summary (tried/accepted):
  high : 9 / 13
  low  : 0 / 0
  mid  : 0 / 38
phyopt: per-part seed coverage (topK means top-5 potential within processed seeds):
  high: seeds=40 tried=13(32.5%) accepted=9(69.2%) skipped(marked=8,low_slack=0) topK(tried=3/5 accepted=2 hit=66.7%)
  low: seeds=1 tried=0(0.0%) accepted=0(0.0%) skipped(marked=0,low_slack=0) topK(tried=0/1 accepted=0 hit=0.0%)
  mid: seeds=40 tried=38(95.0%) accepted=0(0.0%) skipped(marked=1,low_slack=0) topK(tried=5/5 accepted=0 hit=0.0%)
phyopt: rejection reason breakdown:
  - runtime_or_eval_fail : 23
  - policy_tradeoff_reject : 31
  - delay_worse : 0
  - area_worse : 8
  - area_and_delay_worse : 1
  - low_part_delay_budget : 0
phyopt: skipped marked=9 low_slack=<0.10=0
phyopt: done, accepted=9 rejected=63 final_nodes=81 final_levels=13.
Networks are equivalent.  Time =     0.01 sec
