======== ABC command line "source /tmp/ablation_ex204_L0.20_H0.85_1826.scr"
Warning: Detected 2 multi-output cells (for example, "FA_X1").
mapper_extract: wrote 17442 lines to "/mnt/d/My_abc_work/abc/my_work/ablation_results_stageB/ex204/ex204_L0.20_H0.85.csv".
Loaded 17442 physical records from /mnt/d/My_abc_work/abc/my_work/ablation_results_stageB/ex204/ex204_L0.20_H0.85.csv
Potential rebuilt: alpha(low/mid/high)=0.200/0.500/0.800 avg_struct=0.7168 avg_slack=0.2619 avg_opt_mid=0.4893
Physical records : 17442
Gate summary     : NAND=10969 AND=5680 INV=793 OTHER=0
Alpha (L/M/H)    : 0.200 / 0.500 / 0.800
StructW(i/p/f/g) : 0.400 / 0.300 / 0.200 / 0.100
phyopt: start rounds=1, criticality partitions high(>=0.850)->low(<=0.200)->mid, window=16.
phyopt: objective=map(area,delay), low-part delay budget=+10% from pre-opt.
phyopt: round=1 partition sizes high=4537 low=35 mid=12870.
phyopt: round=1 part=high seed=n3600(id=3600 center=3600 R=5 crit=0.862 pot=0.3103)
phyopt: accepted (map area 9105.98->9104.12, delay 17.00->17.00).
phyopt: round=1 part=high seed=n6839(id=6839 center=6839 R=5 crit=0.862 pot=0.3103)
phyopt: accepted (map area 9104.12->9104.12, delay 17.00->17.00).
phyopt: round=1 part=high seed=n8147(id=8147 center=8147 R=5 crit=0.862 pot=0.3103)
phyopt: accepted (map area 9104.12->9103.05, delay 17.00->17.00).
phyopt: round=1 part=high seed=n11039(id=11039 center=11039 R=5 crit=0.862 pot=0.3103)
phyopt: rejected (map area 9103.05->9110.50, delay 17.00->17.00).
phyopt: round=1 part=high seed=n13373(id=13373 center=13373 R=5 crit=0.862 pot=0.3103)
phyopt: accepted (map area 9103.05->9103.05, delay 17.00->17.00).
phyopt: round=1 part=high seed=n14170(id=14170 center=14170 R=5 crit=0.862 pot=0.3103)
phyopt: accepted (map area 9103.05->9103.05, delay 17.00->17.00).
phyopt: round=1 part=high seed=n15898(id=15898 center=15898 R=5 crit=0.862 pot=0.3103)
phyopt: accepted (map area 9103.05->9101.72, delay 17.00->17.00).
phyopt: round=1 part=high seed=n16650(id=16650 center=16650 R=5 crit=0.862 pot=0.3103)
phyopt: rejected (map area 9101.72->9108.37, delay 17.00->17.00).
phyopt: round=1 part=high seed=n6769(id=6769 center=6769 R=5 crit=0.897 pot=0.2828)
phyopt: rejected (map area 9101.72->9128.59, delay 17.00->17.00).
phyopt: round=1 part=high seed=n6915(id=6915 center=6915 R=5 crit=0.897 pot=0.2828)
phyopt: accepted (map area 9101.72->9100.66, delay 17.00->17.00).
phyopt: round=1 part=high seed=n8219(id=8219 center=8219 R=5 crit=0.897 pot=0.2828)
phyopt: accepted (map area 9100.66->9100.13, delay 17.00->17.00).
phyopt: round=1 part=high seed=n10918(id=10918 center=10918 R=5 crit=0.897 pot=0.2828)
phyopt: accepted (map area 9100.13->9099.33, delay 17.00->17.00).
phyopt: round=1 part=high seed=n13066(id=13066 center=13066 R=5 crit=0.897 pot=0.2828)
phyopt: accepted (map area 9099.33->9098.80, delay 17.00->17.00).
phyopt: round=1 part=high seed=n15689(id=15689 center=15689 R=5 crit=0.897 pot=0.2828)
phyopt: accepted (map area 9098.80->9096.67, delay 17.00->17.00).
The node "n16916" with ID 16916 is not in the current network.
phyopt: skip seed=n16916 (cannot resolve center node in current AIG).
phyopt: round=1 part=high seed=n958(id=958 center=958 R=5 crit=0.862 pot=0.2607)
phyopt: rejected (map area 9096.67->9096.93, delay 17.00->17.00).
phyopt: round=1 part=high seed=n959(id=959 center=959 R=5 crit=0.862 pot=0.2607)
phyopt: accepted (map area 9096.67->9096.67, delay 17.00->17.00).
phyopt: round=1 part=high seed=n2206(id=2206 center=2206 R=5 crit=0.862 pot=0.2607)
phyopt: rejected (map area 9096.67->9103.32, delay 17.00->17.00).
phyopt: round=1 part=high seed=n2936(id=2936 center=2936 R=5 crit=0.862 pot=0.2607)
phyopt: accepted (map area 9096.67->9095.34, delay 17.00->17.00).
phyopt: round=1 part=high seed=n2984(id=2984 center=2984 R=5 crit=0.862 pot=0.2607)
phyopt: rejected (map area 9095.34->9113.43, delay 17.00->17.00).
phyopt: round=1 part=high seed=n2986(id=2986 center=2986 R=5 crit=0.862 pot=0.2607)
phyopt: rejected (map area 9095.34->9095.87, delay 17.00->17.00).
phyopt: round=1 part=high seed=n3000(id=3000 center=3000 R=5 crit=0.862 pot=0.2607)
phyopt: accepted (map area 9095.34->9095.07, delay 17.00->17.00).
phyopt: round=1 part=high seed=n3022(id=3022 center=3022 R=5 crit=0.862 pot=0.2607)
phyopt: rejected (map area 9095.07->9120.34, delay 17.00->17.00).
phyopt: round=1 part=high seed=n3028(id=3028 center=3028 R=5 crit=0.862 pot=0.2607)
phyopt: rejected (map area 9095.07->9111.03, delay 17.00->17.00).
phyopt: round=1 part=high seed=n3030(id=3030 center=3030 R=5 crit=0.862 pot=0.2607)
phyopt: accepted (map area 9095.07->9094.81, delay 17.00->17.00).
phyopt: round=1 part=high seed=n3032(id=3032 center=3032 R=5 crit=0.862 pot=0.2607)
phyopt: accepted (map area 9094.81->9094.81, delay 17.00->17.00).
phyopt: round=1 part=low seed=n2150(id=2150 center=2150 R=3 crit=0.172 pot=0.9655)
phyopt: rejected (map area 9094.81->9094.81, delay 17.00->17.00).
phyopt: round=1 part=low seed=n123(id=123 center=123 R=3 crit=0.000 pot=0.8014)
phyopt: rejected (map area 9094.81->9095.07, delay 17.00->17.00).
phyopt: round=1 part=low seed=n2115(id=2115 center=2115 R=3 crit=0.000 pot=0.8014)
phyopt: rejected (map area 9094.81->9094.81, delay 17.00->17.00).
phyopt: round=1 part=low seed=n2116(id=2116 center=2116 R=3 crit=0.000 pot=0.8014)
phyopt: rejected (map area 9094.81->9094.81, delay 17.00->17.00).
phyopt: round=1 part=low seed=n240(id=240 center=240 R=3 crit=0.034 pot=0.7945)
phyopt: rejected (map area 9094.81->9094.81, delay 17.00->17.00).
phyopt: round=1 part=low seed=n243(id=243 center=243 R=3 crit=0.034 pot=0.7945)
phyopt: rejected (map area 9094.81->9094.81, delay 17.00->17.00).
phyopt: round=1 part=low seed=n244(id=244 center=244 R=3 crit=0.034 pot=0.7945)
phyopt: rejected (map area 9094.81->9095.07, delay 17.00->17.00).
phyopt: round=1 part=low seed=n1269(id=1269 center=1269 R=3 crit=0.034 pot=0.7945)
phyopt: rejected (map area 9094.81->9094.81, delay 17.00->17.00).
phyopt: round=1 part=low seed=n124(id=124 center=124 R=3 crit=0.069 pot=0.7876)
phyopt: rejected (map area 9094.81->9094.81, delay 17.00->17.00).
phyopt: round=1 part=low seed=n2597(id=2597 center=2597 R=3 crit=0.069 pot=0.7876)
phyopt: accepted (map area 9094.81->9094.54, delay 17.00->17.00).
phyopt: round=1 part=low seed=n2599(id=2599 center=2599 R=3 crit=0.069 pot=0.7876)
phyopt: rejected (map area 9094.54->9094.54, delay 17.00->17.00).
phyopt: round=1 part=low seed=n1286(id=1286 center=1286 R=3 crit=0.103 pot=0.7807)
phyopt: accepted (map area 9094.54->9093.74, delay 17.00->17.00).
phyopt: round=1 part=low seed=n1268(id=1268 center=1268 R=3 crit=0.138 pot=0.7738)
phyopt: rejected (map area 9093.74->9093.74, delay 17.00->17.00).
phyopt: round=1 part=low seed=n1270(id=1270 center=1270 R=3 crit=0.138 pot=0.7738)
phyopt: rejected (map area 9093.74->9094.01, delay 17.00->17.00).
phyopt: round=1 part=low seed=n1271(id=1271 center=1271 R=3 crit=0.138 pot=0.7738)
phyopt: accepted (map area 9093.74->9089.22, delay 17.00->17.00).
phyopt: round=1 part=low seed=n16377(id=16377 center=16377 R=3 crit=0.138 pot=0.7738)
phyopt: rejected (map area 9089.22->9089.22, delay 17.00->17.00).
phyopt: round=1 part=low seed=n16378(id=16378 center=16378 R=3 crit=0.138 pot=0.7738)
phyopt: rejected (map area 9089.22->9089.22, delay 17.00->17.00).
phyopt: round=1 part=low seed=n254(id=254 center=254 R=3 crit=0.172 pot=0.7669)
phyopt: rejected (map area 9089.22->9089.22, delay 17.00->17.00).
phyopt: round=1 part=low seed=n1701(id=1701 center=1701 R=3 crit=0.172 pot=0.7669)
phyopt: rejected (map area 9089.22->9089.22, delay 17.00->17.00).
phyopt: round=1 part=low seed=n1704(id=1704 center=1704 R=3 crit=0.172 pot=0.7669)
phyopt: rejected (map area 9089.22->9089.22, delay 17.00->17.00).
phyopt: round=1 part=low seed=n1705(id=1705 center=1705 R=3 crit=0.172 pot=0.7669)
phyopt: rejected (map area 9089.22->9089.22, delay 17.00->17.00).
phyopt: round=1 part=low seed=n2151(id=2151 center=2151 R=3 crit=0.172 pot=0.7669)
phyopt: rejected (map area 9089.22->9089.22, delay 17.00->17.00).
phyopt: round=1 part=low seed=n2156(id=2156 center=2156 R=3 crit=0.172 pot=0.7669)
phyopt: accepted (map area 9089.22->9088.16, delay 17.00->17.00).
phyopt: round=1 part=low seed=n16338(id=16338 center=16338 R=3 crit=0.172 pot=0.7669)
phyopt: rejected (map area 9088.16->9088.16, delay 17.00->17.00).
phyopt: round=1 part=low seed=n16341(id=16341 center=16341 R=3 crit=0.172 pot=0.7669)
phyopt: rejected (map area 9088.16->9088.16, delay 17.00->17.00).
phyopt: round=1 part=low seed=n16342(id=16342 center=16342 R=3 crit=0.172 pot=0.7669)
phyopt: rejected (map area 9088.16->9088.16, delay 17.00->17.00).
phyopt: round=1 part=low seed=n16368(id=16368 center=16368 R=3 crit=0.172 pot=0.7669)
phyopt: accepted (map area 9088.16->9087.89, delay 17.00->17.00).
phyopt: round=1 part=low seed=n16371(id=16371 center=16371 R=3 crit=0.172 pot=0.7669)
phyopt: rejected (map area 9087.89->9088.42, delay 17.00->17.00).
phyopt: round=1 part=mid seed=n232(id=232 center=232 R=4 crit=0.207 pot=0.8966)
phyopt: rejected (map area 9087.89->9087.89, delay 17.00->17.00).
phyopt: round=1 part=mid seed=n2099(id=2099 center=2099 R=4 crit=0.207 pot=0.8966)
phyopt: accepted (map area 9087.89->9086.56, delay 17.00->17.00).
phyopt: round=1 part=mid seed=n340(id=340 center=340 R=4 crit=0.276 pot=0.8621)
phyopt: accepted (map area 9086.56->9074.32, delay 17.00->17.00).
phyopt: round=1 part=mid seed=n2171(id=2171 center=2171 R=4 crit=0.276 pot=0.8621)
phyopt: rejected (map area 9074.32->9077.78, delay 17.00->17.00).
phyopt: round=1 part=mid seed=n172(id=172 center=172 R=4 crit=0.310 pot=0.8448)
phyopt: accepted (map area 9074.32->9073.53, delay 17.00->17.00).
phyopt: round=1 part=mid seed=n710(id=710 center=710 R=4 crit=0.310 pot=0.8448)
phyopt: rejected (map area 9073.53->9073.53, delay 17.00->17.00).
phyopt: round=1 part=mid seed=n1989(id=1989 center=1989 R=4 crit=0.345 pot=0.8276)
phyopt: rejected (map area 9073.53->9073.53, delay 17.00->17.00).
phyopt: round=1 part=mid seed=n2499(id=2499 center=2499 R=4 crit=0.345 pot=0.8276)
phyopt: rejected (map area 9073.53->9078.05, delay 17.00->17.00).
phyopt: round=1 part=mid seed=n2824(id=2824 center=2824 R=4 crit=0.345 pot=0.8276)
phyopt: rejected (map area 9073.53->9082.57, delay 17.00->17.00).
phyopt: round=1 part=mid seed=n227(id=227 center=227 R=4 crit=0.379 pot=0.8103)
phyopt: accepted (map area 9073.53->9072.20, delay 17.00->17.00).
phyopt: round=1 part=mid seed=n336(id=336 center=336 R=4 crit=0.379 pot=0.8103)
phyopt: rejected (map area 9072.20->9072.99, delay 17.00->17.00).
phyopt: round=1 part=mid seed=n1433(id=1433 center=1433 R=4 crit=0.379 pot=0.8103)
phyopt: accepted (map area 9072.20->9071.40, delay 17.00->17.00).
phyopt: round=1 part=mid seed=n1986(id=1986 center=1986 R=4 crit=0.379 pot=0.8103)
phyopt: rejected (map area 9071.40->9072.46, delay 17.00->17.00).
phyopt: round=1 part=mid seed=n313(id=313 center=313 R=4 crit=0.414 pot=0.7931)
phyopt: accepted (map area 9071.40->9070.33, delay 17.00->17.00).
phyopt: round=1 part=mid seed=n782(id=782 center=782 R=4 crit=0.414 pot=0.7931)
phyopt: rejected (map area 9070.33->9075.12, delay 17.00->17.00).
phyopt: round=1 part=mid seed=n1128(id=1128 center=1128 R=4 crit=0.414 pot=0.7931)
phyopt: rejected (map area 9070.33->9076.72, delay 17.00->17.00).
phyopt: round=1 part=mid seed=n3983(id=3983 center=3983 R=4 crit=0.414 pot=0.7931)
phyopt: rejected (map area 9070.33->9072.46, delay 17.00->17.00).
phyopt: round=1 part=mid seed=n4687(id=4687 center=4687 R=4 crit=0.414 pot=0.7931)
phyopt: accepted (map area 9070.33->9069.80, delay 17.00->17.00).
phyopt: round=1 part=mid seed=n5288(id=5288 center=5288 R=4 crit=0.414 pot=0.7931)
phyopt: rejected (map area 9069.80->9075.12, delay 17.00->17.00).
phyopt: round=1 part=mid seed=n6033(id=6033 center=6033 R=4 crit=0.414 pot=0.7931)
phyopt: accepted (map area 9069.80->9067.94, delay 17.00->17.00).
phyopt: round=1 part=mid seed=n14026(id=14026 center=14026 R=4 crit=0.414 pot=0.7931)
phyopt: rejected (map area 9067.94->9067.94, delay 17.00->17.00).
phyopt: round=1 part=mid seed=n16397(id=16397 center=16397 R=4 crit=0.414 pot=0.7931)
phyopt: accepted (map area 9067.94->9065.55, delay 17.00->17.00).
phyopt: round=1 part=mid seed=n566(id=566 center=566 R=4 crit=0.448 pot=0.7759)
phyopt: accepted (map area 9065.55->9064.75, delay 17.00->17.00).
phyopt: round=1 part=mid seed=n653(id=653 center=653 R=4 crit=0.448 pot=0.7759)
phyopt: accepted (map area 9064.75->9063.42, delay 17.00->17.00).
phyopt: round=1 part=mid seed=n2805(id=2805 center=2805 R=4 crit=0.448 pot=0.7759)
phyopt: rejected (map area 9063.42->9067.67, delay 17.00->17.00).
phyopt: round=1 part=mid seed=n5294(id=5294 center=5294 R=4 crit=0.448 pot=0.7759)
phyopt: accepted (map area 9063.42->9062.89, delay 17.00->17.00).
phyopt: round=1 part=mid seed=n7468(id=7468 center=7468 R=4 crit=0.448 pot=0.7759)
phyopt: rejected (map area 9062.89->9062.89, delay 17.00->17.00).
phyopt: round=1 part=mid seed=n7582(id=7582 center=7582 R=4 crit=0.448 pot=0.7759)
phyopt: rejected (map area 9062.89->9062.89, delay 17.00->17.00).
phyopt: round=1 part=mid seed=n12017(id=12017 center=12017 R=4 crit=0.448 pot=0.7759)
phyopt: rejected (map area 9062.89->9063.42, delay 17.00->17.00).
phyopt: round=1 part=mid seed=n12407(id=12407 center=12407 R=4 crit=0.448 pot=0.7759)
phyopt: accepted (map area 9062.89->9062.09, delay 17.00->17.00).
phyopt: finished round 1/1.
phyopt: partition summary (tried/accepted):
  high : 16 / 25
  low  : 5 / 28
  mid  : 13 / 30
phyopt: per-part seed coverage (topK means top-5 potential within processed seeds):
  high: seeds=30 tried=25(83.3%) accepted=16(64.0%) skipped(marked=4,low_slack=0) topK(tried=5/5 accepted=4 hit=80.0%)
  low: seeds=30 tried=28(93.3%) accepted=5(17.9%) skipped(marked=2,low_slack=0) topK(tried=5/5 accepted=0 hit=0.0%)
  mid: seeds=30 tried=30(100.0%) accepted=13(43.3%) skipped(marked=0,low_slack=0) topK(tried=5/5 accepted=3 hit=60.0%)
phyopt: rejection reason breakdown:
  - runtime_or_eval_fail : 1
  - policy_tradeoff_reject : 25
  - delay_worse : 0
  - area_worse : 24
  - area_and_delay_worse : 0
  - low_part_delay_budget : 0
phyopt: skipped marked=6 low_slack=<0.10=0
phyopt: done, accepted=34 rejected=50 final_nodes=16573 final_levels=38.
Networks are equivalent.  Time =     0.73 sec
