======== ABC command line "source /tmp/ks_c499_k20_35465.scr"
Warning: Detected 2 multi-output cells (for example, "FA_X1").
mapper_extract: wrote 542 lines to "/mnt/d/My_abc_work/abc/my_work/k_scan_winvpair_11cxx/results/run_20260401_151836/c499/c499_k20.csv".
Loaded 542 physical records from /mnt/d/My_abc_work/abc/my_work/k_scan_winvpair_11cxx/results/run_20260401_151836/c499/c499_k20.csv
Potential rebuilt: alpha(low/mid/high)=0.200/0.500/0.800 avg_struct=0.7141 avg_slack=0.1790 avg_opt_mid=0.4465
Physical records : 542
Gate summary     : NAND=362 AND=36 INV=144 OTHER=0
Alpha (L/M/H)    : 0.200 / 0.500 / 0.800
StructW(i/p/f/g) : 0.500 / 0.400 / 0.050 / 0.050
phyopt: start rounds=1, criticality partitions high(>=0.900)->low(<=0.250)->mid, window=16.
phyopt: objective=map(area,delay), low-part delay budget=+10% from pre-opt.
phyopt: round=1 partition sizes high=374 low=112 mid=56.
phyopt: round=1 part=high seed=n96(id=96 center=96 R=6 crit=1.000 pot=0.2000)
phyopt: accepted (map area 250.57->250.57, delay 9.00->9.00).
phyopt: round=1 part=high seed=n103(id=103 center=103 R=6 crit=1.000 pot=0.2000)
phyopt: rejected (map area 250.57->241.53, delay 9.00->10.00).
phyopt: round=1 part=high seed=n112(id=112 center=112 R=6 crit=1.000 pot=0.2000)
phyopt: accepted (map area 250.57->250.57, delay 9.00->9.00).
phyopt: round=1 part=high seed=n119(id=119 center=119 R=6 crit=1.000 pot=0.2000)
phyopt: accepted (map area 250.57->250.57, delay 9.00->9.00).
phyopt: round=1 part=high seed=n128(id=128 center=128 R=6 crit=1.000 pot=0.2000)
phyopt: accepted (map area 250.57->250.57, delay 9.00->9.00).
phyopt: round=1 part=high seed=n132(id=132 center=132 R=6 crit=1.000 pot=0.2000)
phyopt: rejected (map area 250.57->242.33, delay 9.00->10.00).
phyopt: round=1 part=high seed=n157(id=157 center=157 R=6 crit=1.000 pot=0.2000)
phyopt: rejected (map area 250.57->239.40, delay 9.00->10.00).
phyopt: round=1 part=high seed=n164(id=164 center=164 R=6 crit=1.000 pot=0.2000)
phyopt: rejected (map area 250.57->237.01, delay 9.00->10.00).
phyopt: round=1 part=high seed=n173(id=173 center=173 R=6 crit=1.000 pot=0.2000)
phyopt: accepted (map area 250.57->250.57, delay 9.00->9.00).
phyopt: round=1 part=high seed=n177(id=177 center=177 R=6 crit=1.000 pot=0.2000)
phyopt: rejected (map area 250.57->244.99, delay 9.00->10.00).
phyopt: round=1 part=high seed=n203(id=203 center=203 R=6 crit=1.000 pot=0.2000)
phyopt: rejected (map area 250.57->245.52, delay 9.00->10.00).
phyopt: round=1 part=high seed=n210(id=210 center=210 R=6 crit=1.000 pot=0.2000)
phyopt: accepted (map area 250.57->250.57, delay 9.00->9.00).
phyopt: round=1 part=high seed=n219(id=219 center=219 R=6 crit=1.000 pot=0.2000)
phyopt: accepted (map area 250.57->250.57, delay 9.00->9.00).
phyopt: round=1 part=high seed=n223(id=223 center=223 R=6 crit=1.000 pot=0.2000)
phyopt: accepted (map area 250.57->250.57, delay 9.00->9.00).
phyopt: round=1 part=high seed=n251(id=251 center=251 R=6 crit=1.000 pot=0.2000)
phyopt: rejected (map area 250.57->238.60, delay 9.00->11.00).
phyopt: round=1 part=high seed=n255(id=255 center=255 R=6 crit=1.000 pot=0.2000)
phyopt: rejected (map area 250.57->241.53, delay 9.00->10.00).
phyopt: round=1 part=high seed=n287(id=287 center=287 R=6 crit=1.000 pot=0.2000)
phyopt: rejected (map area 250.57->237.80, delay 9.00->10.00).
phyopt: round=1 part=high seed=n292(id=292 center=292 R=6 crit=1.000 pot=0.2000)
phyopt: rejected (map area 250.57->243.12, delay 9.00->10.00).
phyopt: round=1 part=high seed=n299(id=299 center=299 R=6 crit=1.000 pot=0.2000)
phyopt: rejected (map area 250.57->241.53, delay 9.00->10.00).
phyopt: round=1 part=high seed=n304(id=304 center=304 R=6 crit=1.000 pot=0.2000)
phyopt: rejected (map area 250.57->243.12, delay 9.00->10.00).
phyopt: round=1 part=low seed=n127(id=127 center=127 R=3 crit=0.000 pot=1.0000)
phyopt: rejected (map area 250.57->250.57, delay 9.00->9.00).
phyopt: round=1 part=low seed=n172(id=172 center=172 R=3 crit=0.000 pot=1.0000)
phyopt: rejected (map area 250.57->246.32, delay 9.00->10.00).
phyopt: round=1 part=low seed=n218(id=218 center=218 R=3 crit=0.000 pot=1.0000)
phyopt: rejected (map area 250.57->250.57, delay 9.00->9.00).
phyopt: round=1 part=low seed=n250(id=250 center=250 R=3 crit=0.000 pot=1.0000)
phyopt: rejected (map area 250.57->246.32, delay 9.00->10.00).
phyopt: round=1 part=low seed=n312(id=312 center=312 R=3 crit=0.000 pot=1.0000)
phyopt: rejected (map area 250.57->250.57, delay 9.00->9.00).
phyopt: round=1 part=low seed=n362(id=362 center=362 R=3 crit=0.000 pot=1.0000)
phyopt: rejected (map area 250.57->250.57, delay 9.00->9.00).
phyopt: round=1 part=low seed=n388(id=388 center=388 R=3 crit=0.000 pot=1.0000)
phyopt: rejected (map area 250.57->250.57, delay 9.00->9.00).
phyopt: round=1 part=low seed=n413(id=413 center=413 R=3 crit=0.000 pot=1.0000)
phyopt: rejected (map area 250.57->250.57, delay 9.00->9.00).
phyopt: round=1 part=low seed=n80(id=80 center=80 R=3 crit=0.250 pot=0.9500)
phyopt: rejected (map area 250.57->250.57, delay 9.00->9.00).
phyopt: round=1 part=low seed=n86(id=86 center=86 R=3 crit=0.250 pot=0.9500)
phyopt: rejected (map area 250.57->250.57, delay 9.00->9.00).
phyopt: round=1 part=low seed=n89(id=89 center=89 R=3 crit=0.250 pot=0.9500)
phyopt: rejected (map area 250.57->250.57, delay 9.00->9.00).
phyopt: round=1 part=low seed=n140(id=140 center=140 R=3 crit=0.250 pot=0.9500)
phyopt: rejected (map area 250.57->250.57, delay 9.00->9.00).
phyopt: round=1 part=low seed=n147(id=147 center=147 R=3 crit=0.250 pot=0.9500)
phyopt: rejected (map area 250.57->250.57, delay 9.00->9.00).
phyopt: round=1 part=low seed=n150(id=150 center=150 R=3 crit=0.250 pot=0.9500)
phyopt: rejected (map area 250.57->250.57, delay 9.00->9.00).
phyopt: round=1 part=low seed=n186(id=186 center=186 R=3 crit=0.250 pot=0.9500)
phyopt: rejected (map area 250.57->250.57, delay 9.00->9.00).
phyopt: round=1 part=low seed=n193(id=193 center=193 R=3 crit=0.250 pot=0.9500)
phyopt: rejected (map area 250.57->250.57, delay 9.00->9.00).
phyopt: round=1 part=low seed=n196(id=196 center=196 R=3 crit=0.250 pot=0.9500)
phyopt: rejected (map area 250.57->250.57, delay 9.00->9.00).
phyopt: round=1 part=low seed=n234(id=234 center=234 R=3 crit=0.250 pot=0.9500)
phyopt: rejected (map area 250.57->250.57, delay 9.00->9.00).
phyopt: round=1 part=low seed=n241(id=241 center=241 R=3 crit=0.250 pot=0.9500)
phyopt: rejected (map area 250.57->250.57, delay 9.00->9.00).
phyopt: round=1 part=low seed=n244(id=244 center=244 R=3 crit=0.250 pot=0.9500)
phyopt: rejected (map area 250.57->250.57, delay 9.00->9.00).
phyopt: round=1 part=mid seed=n423(id=423 center=423 R=4 crit=0.625 pot=0.5799)
phyopt: accepted (map area 250.57->250.04, delay 9.00->9.00).
phyopt: round=1 part=mid seed=n444(id=444 center=444 R=4 crit=0.625 pot=0.5799)
Object with ID 444 is not a node or reg output.
Error: Extracting sequential window has failed.
Error: phyopt: local optimization failed at round 1 part 3. Rolling back.
phyopt: round=1 part=mid seed=n466(id=466 center=466 R=4 crit=0.625 pot=0.5799)
Object with ID 466 is not a node or reg output.
Error: Extracting sequential window has failed.
Error: phyopt: local optimization failed at round 1 part 3. Rolling back.
The node "n488" with ID 488 is not in the current network.
phyopt: skip seed=n488 (cannot resolve center node in current AIG).
The node "n527" with ID 527 is not in the current network.
phyopt: skip seed=n527 (cannot resolve center node in current AIG).
The node "n550" with ID 550 is not in the current network.
phyopt: skip seed=n550 (cannot resolve center node in current AIG).
The node "n572" with ID 572 is not in the current network.
phyopt: skip seed=n572 (cannot resolve center node in current AIG).
The node "n594" with ID 594 is not in the current network.
phyopt: skip seed=n594 (cannot resolve center node in current AIG).
phyopt: round=1 part=mid seed=n126(id=126 center=126 R=4 crit=0.875 pot=0.4549)
phyopt: rejected (map area 250.04->250.04, delay 9.00->9.00).
phyopt: round=1 part=mid seed=n131(id=131 center=131 R=4 crit=0.875 pot=0.4549)
phyopt: rejected (map area 250.04->250.04, delay 9.00->9.00).
phyopt: round=1 part=mid seed=n171(id=171 center=171 R=4 crit=0.875 pot=0.4549)
phyopt: rejected (map area 250.04->242.59, delay 9.00->10.00).
phyopt: round=1 part=mid seed=n176(id=176 center=176 R=4 crit=0.875 pot=0.4549)
phyopt: rejected (map area 250.04->250.04, delay 9.00->9.00).
phyopt: round=1 part=mid seed=n217(id=217 center=217 R=4 crit=0.875 pot=0.4549)
phyopt: rejected (map area 250.04->250.04, delay 9.00->9.00).
phyopt: round=1 part=mid seed=n222(id=222 center=222 R=4 crit=0.875 pot=0.4549)
phyopt: rejected (map area 250.04->250.04, delay 9.00->9.00).
phyopt: round=1 part=mid seed=n249(id=249 center=249 R=4 crit=0.875 pot=0.4549)
phyopt: rejected (map area 250.04->241.53, delay 9.00->10.00).
phyopt: round=1 part=mid seed=n254(id=254 center=254 R=4 crit=0.875 pot=0.4549)
phyopt: rejected (map area 250.04->241.00, delay 9.00->10.00).
phyopt: round=1 part=mid seed=n311(id=311 center=311 R=4 crit=0.875 pot=0.4549)
phyopt: rejected (map area 250.04->250.04, delay 9.00->9.00).
phyopt: round=1 part=mid seed=n316(id=316 center=316 R=4 crit=0.875 pot=0.4549)
phyopt: rejected (map area 250.04->241.00, delay 9.00->10.00).
phyopt: round=1 part=mid seed=n361(id=361 center=361 R=4 crit=0.875 pot=0.4549)
phyopt: rejected (map area 250.04->250.04, delay 9.00->9.00).
phyopt: round=1 part=mid seed=n366(id=366 center=366 R=4 crit=0.875 pot=0.4549)
phyopt: rejected (map area 250.04->241.79, delay 9.00->10.00).
phyopt: finished round 1/1.
phyopt: partition summary (tried/accepted):
  high : 8 / 20
  low  : 0 / 20
  mid  : 1 / 15
phyopt: per-part seed coverage (topK means top-5 potential within processed seeds):
  high: seeds=20 tried=20(100.0%) accepted=8(40.0%) skipped(marked=0,low_slack=0) topK(tried=5/5 accepted=4 hit=80.0%)
  low: seeds=20 tried=20(100.0%) accepted=0(0.0%) skipped(marked=0,low_slack=0) topK(tried=5/5 accepted=0 hit=0.0%)
  mid: seeds=20 tried=15(75.0%) accepted=1(6.7%) skipped(marked=0,low_slack=0) topK(tried=3/5 accepted=1 hit=33.3%)
phyopt: rejection reason breakdown:
  - runtime_or_eval_fail : 7
  - policy_tradeoff_reject : 25
  - delay_worse : 17
  - area_worse : 0
  - area_and_delay_worse : 0
  - low_part_delay_budget : 2
phyopt: skipped marked=0 low_slack=<0.10=0
phyopt: done, accepted=9 rejected=51 final_nodes=396 final_levels=20.
Networks are equivalent.  Time =     0.02 sec
