======== ABC command line "source /tmp/stageW_ex203_w_nogate_22733.scr"
Warning: Detected 2 multi-output cells (for example, "FA_X1").
mapper_extract: wrote 28960 lines to "my_work/ablation_results_stageW_fine/ex203/ex203_w_nogate.csv".
Loaded 28960 physical records from my_work/ablation_results_stageW_fine/ex203/ex203_w_nogate.csv
Potential rebuilt: alpha(low/mid/high)=0.200/0.500/0.800 avg_struct=0.7788 avg_slack=0.2476 avg_opt_mid=0.5132
Physical records : 28960
Gate summary     : NAND=20524 AND=7224 INV=1212 OTHER=0
Alpha (L/M/H)    : 0.200 / 0.500 / 0.800
StructW(i/p/f/g) : 0.450 / 0.350 / 0.200 / 0.000
phyopt: start rounds=1, criticality partitions high(>=0.900)->low(<=0.250)->mid, window=16.
phyopt: objective=map(area,delay), low-part delay budget=+10% from pre-opt.
phyopt: round=1 partition sizes high=4457 low=52 mid=24451.
phyopt: round=1 part=high seed=n4963(id=4963 center=4963 R=5 crit=0.921 pot=0.2632)
phyopt: rejected (map area 15327.72->15328.78, delay 19.00->19.00).
phyopt: round=1 part=high seed=n5015(id=5015 center=5015 R=5 crit=0.921 pot=0.2632)
phyopt: accepted (map area 15327.72->15327.72, delay 19.00->19.00).
phyopt: round=1 part=high seed=n5182(id=5182 center=5182 R=5 crit=0.921 pot=0.2632)
phyopt: accepted (map area 15327.72->15318.41, delay 19.00->19.00).
phyopt: round=1 part=high seed=n13417(id=13417 center=13417 R=5 crit=0.921 pot=0.2632)
phyopt: rejected (map area 15318.41->15318.94, delay 19.00->19.00).
phyopt: round=1 part=high seed=n20056(id=20056 center=20056 R=5 crit=0.921 pot=0.2632)
phyopt: rejected (map area 15318.41->15318.94, delay 19.00->19.00).
phyopt: round=1 part=high seed=n23336(id=23336 center=23336 R=5 crit=0.921 pot=0.2632)
phyopt: accepted (map area 15318.41->15318.41, delay 19.00->19.00).
phyopt: round=1 part=high seed=n23749(id=23749 center=23749 R=5 crit=0.921 pot=0.2632)
phyopt: rejected (map area 15318.41->15366.29, delay 19.00->19.00).
phyopt: round=1 part=high seed=n23824(id=23824 center=23824 R=5 crit=0.921 pot=0.2632)
phyopt: accepted (map area 15318.41->15318.14, delay 19.00->19.00).
phyopt: round=1 part=high seed=n23849(id=23849 center=23849 R=5 crit=0.921 pot=0.2632)
phyopt: accepted (map area 15318.14->15318.14, delay 19.00->19.00).
phyopt: round=1 part=high seed=n24039(id=24039 center=24039 R=5 crit=0.921 pot=0.2632)
phyopt: accepted (map area 15318.14->15316.81, delay 19.00->19.00).
The node "n27872" with ID 27872 is not in the current network.
phyopt: skip seed=n27872 (cannot resolve center node in current AIG).
phyopt: round=1 part=high seed=n27173(id=27173 center=27173 R=5 crit=0.947 pot=0.2421)
phyopt: accepted (map area 15316.81->15315.48, delay 19.00->19.00).
phyopt: round=1 part=high seed=n966(id=966 center=966 R=5 crit=0.921 pot=0.2268)
phyopt: rejected (map area 15315.48->15319.21, delay 19.00->19.00).
phyopt: round=1 part=high seed=n2427(id=2427 center=2427 R=5 crit=0.921 pot=0.2268)
phyopt: accepted (map area 15315.48->15303.51, delay 19.00->19.00).
phyopt: round=1 part=high seed=n2776(id=2776 center=2776 R=5 crit=0.921 pot=0.2268)
phyopt: rejected (map area 15303.51->15330.38, delay 19.00->19.00).
phyopt: round=1 part=high seed=n3283(id=3283 center=3283 R=5 crit=0.921 pot=0.2268)
phyopt: accepted (map area 15303.51->15302.18, delay 19.00->19.00).
phyopt: round=1 part=high seed=n3284(id=3284 center=3284 R=5 crit=0.921 pot=0.2268)
phyopt: accepted (map area 15302.18->15302.18, delay 19.00->19.00).
phyopt: round=1 part=high seed=n3586(id=3586 center=3586 R=5 crit=0.921 pot=0.2268)
phyopt: accepted (map area 15302.18->15302.18, delay 19.00->19.00).
phyopt: round=1 part=high seed=n4586(id=4586 center=4586 R=5 crit=0.921 pot=0.2268)
phyopt: accepted (map area 15302.18->15300.05, delay 19.00->19.00).
phyopt: round=1 part=high seed=n4596(id=4596 center=4596 R=5 crit=0.921 pot=0.2268)
phyopt: accepted (map area 15300.05->15299.79, delay 19.00->19.00).
phyopt: round=1 part=high seed=n4600(id=4600 center=4600 R=5 crit=0.921 pot=0.2268)
phyopt: accepted (map area 15299.79->15297.66, delay 19.00->19.00).
phyopt: round=1 part=high seed=n4607(id=4607 center=4607 R=5 crit=0.921 pot=0.2268)
phyopt: rejected (map area 15297.66->15299.79, delay 19.00->19.00).
phyopt: round=1 part=high seed=n4641(id=4641 center=4641 R=5 crit=0.921 pot=0.2268)
phyopt: accepted (map area 15297.66->15297.66, delay 19.00->19.00).
phyopt: round=1 part=high seed=n4645(id=4645 center=4645 R=5 crit=0.921 pot=0.2268)
phyopt: accepted (map area 15297.66->15297.66, delay 19.00->19.00).
phyopt: round=1 part=high seed=n4654(id=4654 center=4654 R=5 crit=0.921 pot=0.2268)
phyopt: accepted (map area 15297.66->15297.66, delay 19.00->19.00).
phyopt: round=1 part=high seed=n4656(id=4656 center=4656 R=5 crit=0.921 pot=0.2268)
phyopt: accepted (map area 15297.66->15295.80, delay 19.00->19.00).
phyopt: round=1 part=high seed=n4658(id=4658 center=4658 R=5 crit=0.921 pot=0.2268)
phyopt: accepted (map area 15295.80->15292.34, delay 19.00->19.00).
phyopt: round=1 part=low seed=n793(id=793 center=793 R=3 crit=0.211 pot=0.9579)
phyopt: rejected (map area 15292.34->15292.34, delay 19.00->19.00).
phyopt: round=1 part=low seed=n36(id=36 center=36 R=3 crit=0.000 pot=0.8545)
phyopt: rejected (map area 15292.34->15293.40, delay 19.00->19.00).
phyopt: round=1 part=low seed=n40(id=40 center=40 R=3 crit=0.000 pot=0.8545)
phyopt: rejected (map area 15292.34->15292.34, delay 19.00->19.00).
phyopt: round=1 part=low seed=n41(id=41 center=41 R=3 crit=0.000 pot=0.8545)
phyopt: accepted (map area 15292.34->15291.28, delay 19.00->19.00).
phyopt: round=1 part=low seed=n9037(id=9037 center=9037 R=3 crit=0.105 pot=0.8334)
phyopt: rejected (map area 15291.28->15291.28, delay 19.00->19.00).
phyopt: round=1 part=low seed=n682(id=682 center=682 R=3 crit=0.132 pot=0.8281)
phyopt: rejected (map area 15291.28->15291.28, delay 19.00->19.00).
phyopt: round=1 part=low seed=n9042(id=9042 center=9042 R=3 crit=0.132 pot=0.8281)
phyopt: rejected (map area 15291.28->15291.28, delay 19.00->19.00).
phyopt: round=1 part=low seed=n677(id=677 center=677 R=3 crit=0.158 pot=0.8229)
phyopt: rejected (map area 15291.28->15291.28, delay 19.00->19.00).
phyopt: round=1 part=low seed=n683(id=683 center=683 R=3 crit=0.158 pot=0.8229)
phyopt: accepted (map area 15291.28->15291.01, delay 19.00->19.00).
phyopt: round=1 part=low seed=n9033(id=9033 center=9033 R=3 crit=0.158 pot=0.8229)
phyopt: rejected (map area 15291.01->15291.01, delay 19.00->19.00).
phyopt: round=1 part=low seed=n9034(id=9034 center=9034 R=3 crit=0.158 pot=0.8229)
phyopt: rejected (map area 15291.01->15291.01, delay 19.00->19.00).
phyopt: round=1 part=low seed=n10983(id=10983 center=10983 R=3 crit=0.158 pot=0.8229)
phyopt: rejected (map area 15291.01->15291.01, delay 19.00->19.00).
phyopt: round=1 part=low seed=n95(id=95 center=95 R=3 crit=0.184 pot=0.8176)
phyopt: rejected (map area 15291.01->15291.01, delay 19.00->19.00).
phyopt: round=1 part=low seed=n96(id=96 center=96 R=3 crit=0.184 pot=0.8176)
phyopt: rejected (map area 15291.01->15291.01, delay 19.00->19.00).
phyopt: round=1 part=low seed=n97(id=97 center=97 R=3 crit=0.184 pot=0.8176)
phyopt: rejected (map area 15291.01->15291.01, delay 19.00->19.00).
phyopt: round=1 part=low seed=n98(id=98 center=98 R=3 crit=0.184 pot=0.8176)
phyopt: rejected (map area 15291.01->15291.01, delay 19.00->19.00).
phyopt: round=1 part=low seed=n99(id=99 center=99 R=3 crit=0.184 pot=0.8176)
phyopt: rejected (map area 15291.01->15291.28, delay 19.00->19.00).
phyopt: round=1 part=low seed=n100(id=100 center=100 R=3 crit=0.184 pot=0.8176)
phyopt: rejected (map area 15291.01->15291.28, delay 19.00->19.00).
phyopt: round=1 part=low seed=n850(id=850 center=850 R=3 crit=0.184 pot=0.8176)
phyopt: rejected (map area 15291.01->15291.01, delay 19.00->19.00).
phyopt: round=1 part=low seed=n851(id=851 center=851 R=3 crit=0.184 pot=0.8176)
phyopt: rejected (map area 15291.01->15291.01, delay 19.00->19.00).
phyopt: round=1 part=low seed=n927(id=927 center=927 R=3 crit=0.184 pot=0.8176)
phyopt: rejected (map area 15291.01->15291.01, delay 19.00->19.00).
phyopt: round=1 part=low seed=n3280(id=3280 center=3280 R=3 crit=0.184 pot=0.8176)
phyopt: rejected (map area 15291.01->15291.01, delay 19.00->19.00).
phyopt: round=1 part=low seed=n9038(id=9038 center=9038 R=3 crit=0.184 pot=0.8176)
phyopt: rejected (map area 15291.01->15291.01, delay 19.00->19.00).
phyopt: round=1 part=low seed=n9039(id=9039 center=9039 R=3 crit=0.184 pot=0.8176)
phyopt: rejected (map area 15291.01->15291.01, delay 19.00->19.00).
phyopt: round=1 part=low seed=n9043(id=9043 center=9043 R=3 crit=0.184 pot=0.8176)
phyopt: accepted (map area 15291.01->15290.74, delay 19.00->19.00).
phyopt: round=1 part=low seed=n9045(id=9045 center=9045 R=3 crit=0.184 pot=0.8176)
phyopt: rejected (map area 15290.74->15290.74, delay 19.00->19.00).
phyopt: round=1 part=low seed=n9046(id=9046 center=9046 R=3 crit=0.184 pot=0.8176)
phyopt: rejected (map area 15290.74->15290.74, delay 19.00->19.00).
phyopt: round=1 part=low seed=n70(id=70 center=70 R=3 crit=0.211 pot=0.8124)
phyopt: rejected (map area 15290.74->15290.74, delay 19.00->19.00).
phyopt: round=1 part=low seed=n86(id=86 center=86 R=3 crit=0.211 pot=0.8124)
phyopt: rejected (map area 15290.74->15290.74, delay 19.00->19.00).
phyopt: round=1 part=mid seed=n582(id=582 center=582 R=4 crit=0.263 pot=0.8684)
phyopt: rejected (map area 15290.74->15291.54, delay 19.00->19.00).
phyopt: round=1 part=mid seed=n917(id=917 center=917 R=4 crit=0.263 pot=0.8684)
phyopt: rejected (map area 15290.74->15290.74, delay 19.00->19.00).
phyopt: round=1 part=mid seed=n2896(id=2896 center=2896 R=4 crit=0.263 pot=0.8684)
phyopt: accepted (map area 15290.74->15290.21, delay 19.00->19.00).
phyopt: round=1 part=mid seed=n2443(id=2443 center=2443 R=4 crit=0.289 pot=0.8553)
phyopt: rejected (map area 15290.21->15294.73, delay 19.00->19.00).
phyopt: round=1 part=mid seed=n541(id=541 center=541 R=4 crit=0.316 pot=0.8421)
phyopt: accepted (map area 15290.21->15288.62, delay 19.00->19.00).
phyopt: round=1 part=mid seed=n870(id=870 center=870 R=4 crit=0.316 pot=0.8421)
phyopt: rejected (map area 15288.62->15288.62, delay 19.00->19.00).
phyopt: round=1 part=mid seed=n951(id=951 center=951 R=4 crit=0.316 pot=0.8421)
phyopt: rejected (map area 15288.62->15288.88, delay 19.00->19.00).
phyopt: round=1 part=mid seed=n2372(id=2372 center=2372 R=4 crit=0.316 pot=0.8421)
phyopt: rejected (map area 15288.62->15288.62, delay 19.00->19.00).
phyopt: round=1 part=mid seed=n128(id=128 center=128 R=4 crit=0.342 pot=0.8289)
phyopt: accepted (map area 15288.62->15288.35, delay 19.00->19.00).
phyopt: round=1 part=mid seed=n902(id=902 center=902 R=4 crit=0.342 pot=0.8289)
phyopt: rejected (map area 15288.35->15291.54, delay 19.00->19.00).
phyopt: round=1 part=mid seed=n371(id=371 center=371 R=4 crit=0.368 pot=0.8158)
phyopt: rejected (map area 15288.35->15288.35, delay 19.00->19.00).
phyopt: round=1 part=mid seed=n604(id=604 center=604 R=4 crit=0.368 pot=0.8158)
phyopt: accepted (map area 15288.35->15287.82, delay 19.00->19.00).
phyopt: round=1 part=mid seed=n1006(id=1006 center=1006 R=4 crit=0.368 pot=0.8158)
phyopt: accepted (map area 15287.82->15285.42, delay 19.00->19.00).
phyopt: round=1 part=mid seed=n3177(id=3177 center=3177 R=4 crit=0.368 pot=0.8158)
phyopt: accepted (map area 15285.42->15284.89, delay 19.00->19.00).
phyopt: round=1 part=mid seed=n7537(id=7537 center=7537 R=4 crit=0.368 pot=0.8158)
phyopt: rejected (map area 15284.89->15289.15, delay 19.00->19.00).
phyopt: round=1 part=mid seed=n8092(id=8092 center=8092 R=4 crit=0.368 pot=0.8158)
phyopt: rejected (map area 15284.89->15285.42, delay 19.00->19.00).
phyopt: round=1 part=mid seed=n8368(id=8368 center=8368 R=4 crit=0.368 pot=0.8158)
phyopt: rejected (map area 15284.89->15284.89, delay 19.00->19.00).
phyopt: round=1 part=mid seed=n8515(id=8515 center=8515 R=4 crit=0.368 pot=0.8158)
phyopt: rejected (map area 15284.89->15284.89, delay 19.00->19.00).
phyopt: round=1 part=mid seed=n8756(id=8756 center=8756 R=4 crit=0.368 pot=0.8158)
phyopt: rejected (map area 15284.89->15284.89, delay 19.00->19.00).
phyopt: round=1 part=mid seed=n641(id=641 center=641 R=4 crit=0.395 pot=0.8026)
phyopt: rejected (map area 15284.89->15284.89, delay 19.00->19.00).
phyopt: round=1 part=mid seed=n2465(id=2465 center=2465 R=4 crit=0.395 pot=0.8026)
phyopt: accepted (map area 15284.89->15284.63, delay 19.00->19.00).
phyopt: round=1 part=mid seed=n2672(id=2672 center=2672 R=4 crit=0.395 pot=0.8026)
phyopt: rejected (map area 15284.63->15293.67, delay 19.00->19.00).
phyopt: round=1 part=mid seed=n3097(id=3097 center=3097 R=4 crit=0.395 pot=0.8026)
phyopt: rejected (map area 15284.63->15284.63, delay 19.00->19.00).
phyopt: round=1 part=mid seed=n7539(id=7539 center=7539 R=4 crit=0.395 pot=0.8026)
phyopt: rejected (map area 15284.63->15284.63, delay 19.00->19.00).
phyopt: round=1 part=mid seed=n7872(id=7872 center=7872 R=4 crit=0.395 pot=0.8026)
phyopt: rejected (map area 15284.63->15284.63, delay 19.00->19.00).
phyopt: round=1 part=mid seed=n8576(id=8576 center=8576 R=4 crit=0.395 pot=0.8026)
phyopt: accepted (map area 15284.63->15283.83, delay 19.00->19.00).
phyopt: round=1 part=mid seed=n8972(id=8972 center=8972 R=4 crit=0.395 pot=0.8026)
phyopt: accepted (map area 15283.83->15282.50, delay 19.00->19.00).
phyopt: round=1 part=mid seed=n7775(id=7775 center=7775 R=4 crit=0.421 pot=0.7895)
phyopt: rejected (map area 15282.50->15282.50, delay 19.00->19.00).
phyopt: round=1 part=mid seed=n7896(id=7896 center=7896 R=4 crit=0.421 pot=0.7895)
phyopt: rejected (map area 15282.50->15284.63, delay 19.00->19.00).
phyopt: round=1 part=mid seed=n8007(id=8007 center=8007 R=4 crit=0.421 pot=0.7895)
phyopt: rejected (map area 15282.50->15282.50, delay 19.00->19.00).
phyopt: finished round 1/1.
phyopt: partition summary (tried/accepted):
  high : 19 / 26
  low  : 3 / 29
  mid  : 9 / 30
phyopt: per-part seed coverage (topK means top-5 potential within processed seeds):
  high: seeds=30 tried=26(86.7%) accepted=19(73.1%) skipped(marked=3,low_slack=0) topK(tried=5/5 accepted=2 hit=40.0%)
  low: seeds=30 tried=29(96.7%) accepted=3(10.3%) skipped(marked=1,low_slack=0) topK(tried=5/5 accepted=1 hit=20.0%)
  mid: seeds=30 tried=30(100.0%) accepted=9(30.0%) skipped(marked=0,low_slack=0) topK(tried=5/5 accepted=2 hit=40.0%)
phyopt: rejection reason breakdown:
  - runtime_or_eval_fail : 1
  - policy_tradeoff_reject : 36
  - delay_worse : 0
  - area_worse : 18
  - area_and_delay_worse : 0
  - low_part_delay_budget : 0
phyopt: skipped marked=4 low_slack=<0.10=0
phyopt: done, accepted=31 rejected=55 final_nodes=27604 final_levels=45.
Networks are equivalent.  Time =     1.55 sec
