======== ABC command line "source /tmp/ex204_014_optimized_451.scr"
Library "NangateOpenCellLibrary" from "/mnt/d/My_abc_work/abc/my_work/c17_work/NangateOpenCellLibrary_typical.lib" has 90 cells (45 skipped: 21 seq; 6 tri-state; 8 no func; 10 dont_use; 0 with 2 outputs; 0 with 3+ outputs).  Time =     0.16 sec
Warning: Detected 2 multi-output cells (for example, "FA_X1").
mapper_extract: wrote 2515 lines to "/mnt/d/My_abc_work/abc/my_work/dynamic_scheduler_work/result/run_iwls26_model_equiv_lowrelax_20260420_133956/ex204_014/ex204_014_phy.csv".
Loaded 2515 physical records from /mnt/d/My_abc_work/abc/my_work/dynamic_scheduler_work/result/run_iwls26_model_equiv_lowrelax_20260420_133956/ex204_014/ex204_014_phy.csv
Potential rebuilt: alpha(low/mid/high)=0.300/0.500/0.800 avg_struct=0.6772 avg_slack=0.2708 avg_opt=0.4370
Physical records : 2515
Gate summary     : NAND=1447 AND=702 INV=366 OTHER=0
Alpha (L/M/H)    : 0.300 / 0.500 / 0.800
StructW(i/p/f/g) : 0.500 / 0.400 / 0.050 / 0.050
phyopt: start rounds=3, criticality partitions high(>=0.900)->low(<=0.300)->mid, window=16, mode=dynamic.
phyopt: objective=delay-non-regression + area minimization (delay_eps=0.001 rel_tol=0 area_eps=0.001 delay_only=off).
phyopt: dynamic scheduler enabled (init=15%, leader=5%, probe=1%, part-stop=10, global-stop=2, L2=off, L2-topk-init=2, L2-topk-step=1).
phyopt: funnel L0=on(keep=80%) L1=on(init=0.200 target=0.45 warmup=12 min_try=16).
phyopt: seq-template adaptive=on warmup_per_part=6 (templates=3).
phyopt: anneal=on(start=1.00 min=0.60 decay=0.850 keep_boost=20 l1_slack=0.200).
phyopt: low-relax radius+1 cuts+2 nodes+1 nodeSize+1 slack_skip_min=0.020.
phyopt: case timeout enabled (300 sec).
phyopt: micro-model on (loaded=yes, samples=5351, blendL0=0.45, blendL1=0.30, keep_target=28% [35%,95%]).
phyopt: round=1 partition sizes high=588 low=64 mid=1863.
phyopt: part=high seed=n186(id=186 center=186 R=5 tpl=0 crit=0.900 pot=0.2800)
phyopt: rejected (map area 1573.76->1571.69, delay 275.28->275.91).
phyopt: part=high seed=n325(id=325 center=325 R=5 tpl=1 crit=0.900 pot=0.2800)
phyopt: rejected (map area 1573.76->1584.09, delay 275.28->275.32).
phyopt: part=high seed=n341(id=341 center=341 R=5 tpl=2 crit=0.900 pot=0.2800)
phyopt: rejected (map area 1573.76->1581.23, delay 275.28->275.28).
phyopt: part=high seed=n362(id=362 center=362 R=5 tpl=0 crit=0.900 pot=0.2800)
phyopt: accepted (map area 1573.76->1570.85, delay 275.28->275.28).
phyopt: part=high seed=n443(id=443 center=443 R=5 tpl=1 crit=0.900 pot=0.2800)
phyopt: accepted (map area 1570.85->1564.53, delay 275.28->275.28).
phyopt: part=high seed=n581(id=581 center=581 R=5 tpl=2 crit=0.900 pot=0.2800)
phyopt: rejected (map area 1564.53->1547.43, delay 275.28->280.20).
phyopt: part=high seed=n632(id=632 center=632 R=5 tpl=0 crit=0.900 pot=0.2800)
phyopt: rejected (map area 1564.53->1536.21, delay 275.28->279.65).
phyopt: part=high seed=n644(id=644 center=644 R=5 tpl=1 crit=0.900 pot=0.2800)
phyopt: rejected (map area 1564.53->1565.34, delay 275.28->275.28).
phyopt: part=high seed=n788(id=788 center=788 R=5 tpl=0 crit=0.900 pot=0.2800)
phyopt: rejected (map area 1564.53->1556.18, delay 275.28->280.30).
phyopt: part=high seed=n878(id=878 center=878 R=5 tpl=1 crit=0.900 pot=0.2800)
phyopt: rejected (map area 1564.53->1576.23, delay 275.28->275.32).
phyopt: part=high seed=n958(id=958 center=958 R=5 tpl=0 crit=0.900 pot=0.2800)
phyopt: rejected (map area 1564.53->1542.09, delay 275.28->281.15).
phyopt: part=high seed=n1579(id=1579 center=1579 R=5 tpl=0 crit=0.900 pot=0.2800)
phyopt: rejected (map area 1564.53->1579.76, delay 275.28->275.28).
phyopt: part=high seed=n1587(id=1587 center=1587 R=5 tpl=1 crit=0.900 pot=0.2800)
phyopt: rejected (map area 1564.53->1577.32, delay 275.28->275.28).
phyopt: part=high seed=n1594(id=1594 center=1594 R=5 tpl=0 crit=0.900 pot=0.2800)
phyopt: rejected (map area 1564.53->1572.83, delay 275.28->275.28).
phyopt: part=high seed=n1625(id=1625 center=1625 R=5 tpl=2 crit=0.900 pot=0.2800)
phyopt: rejected (map area 1564.53->1516.37, delay 275.28->287.29).
phyopt: part=high seed=n1693(id=1693 center=1693 R=5 tpl=1 crit=0.900 pot=0.2800)
phyopt: rejected (map area 1564.53->1576.75, delay 275.28->276.88).
phyopt: part=low seed=n249(id=249 center=249 R=4 tpl=0 crit=0.200 pot=0.9400)
phyopt: rejected (map area 1564.53->1568.78, delay 275.28->275.28).
phyopt: part=low seed=n623(id=623 center=623 R=4 tpl=1 crit=0.200 pot=0.9400)
phyopt: rejected (map area 1564.53->1558.85, delay 275.28->280.20).
phyopt: part=low seed=n1309(id=1309 center=1309 R=4 tpl=2 crit=0.200 pot=0.9400)
phyopt: rejected (map area 1564.53->1564.53, delay 275.28->275.28).
phyopt: part=low seed=n1054(id=1054 center=1054 R=4 tpl=0 crit=0.300 pot=0.9100)
phyopt: rejected (map area 1564.53->1567.15, delay 275.28->275.28).
phyopt: part=low seed=n1334(id=1334 center=1334 R=4 tpl=1 crit=0.300 pot=0.9100)
phyopt: rejected (map area 1564.53->1564.53, delay 275.28->275.28).
phyopt: part=low seed=n1861(id=1861 center=1861 R=4 tpl=2 crit=0.300 pot=0.9100)
phyopt: rejected (map area 1564.53->1569.31, delay 275.28->275.28).
The node "n2292" with ID 2292 is not in the current network.
phyopt: skip seed=n2292 (cannot resolve center node in current AIG).
The node "n2384" with ID 2384 is not in the current network.
phyopt: skip seed=n2384 (cannot resolve center node in current AIG).
phyopt: part=low seed=n1949(id=1949 center=1949 R=4 tpl=1 crit=0.000 pot=0.8501)
phyopt: rejected (map area 1564.53->1554.74, delay 275.28->278.94).
The node "n2293" with ID 2293 is not in the current network.
phyopt: skip seed=n2293 (cannot resolve center node in current AIG).
phyopt: part=mid seed=n1020(id=1020 center=1020 R=4 tpl=0 crit=0.400 pot=0.8000)
phyopt: rejected (map area 1564.53->1564.53, delay 275.28->275.28).
phyopt: part=mid seed=n1470(id=1470 center=1470 R=4 tpl=1 crit=0.400 pot=0.8000)
phyopt: rejected (map area 1564.53->1576.81, delay 275.28->275.28).
phyopt: part=mid seed=n1695(id=1695 center=1695 R=4 tpl=2 crit=0.400 pot=0.8000)
phyopt: rejected (map area 1564.53->1556.37, delay 275.28->279.41).
phyopt: part=mid seed=n1921(id=1921 center=1921 R=4 tpl=0 crit=0.400 pot=0.8000)
phyopt: rejected (map area 1564.53->1569.55, delay 275.28->275.28).
The node "n2469" with ID 2469 is not in the current network.
phyopt: skip seed=n2469 (cannot resolve center node in current AIG).
phyopt: part=mid seed=n77(id=77 center=77 R=4 tpl=2 crit=0.500 pot=0.7500)
phyopt: rejected (map area 1564.53->1564.81, delay 275.28->275.28).
phyopt: part=mid seed=n564(id=564 center=564 R=4 tpl=0 crit=0.500 pot=0.7500)
phyopt: rejected (map area 1564.53->1549.70, delay 275.28->280.41).
phyopt: part=mid seed=n943(id=943 center=943 R=4 tpl=1 crit=0.500 pot=0.7500)
phyopt: accepted (map area 1564.53->1564.52, delay 275.28->275.28).
phyopt: part=mid seed=n1041(id=1041 center=1041 R=4 tpl=1 crit=0.500 pot=0.7500)
phyopt: rejected (map area 1564.52->1547.66, delay 275.28->281.15).
phyopt: part=mid seed=n1116(id=1116 center=1116 R=4 tpl=1 crit=0.500 pot=0.7500)
phyopt: rejected (map area 1564.52->1561.40, delay 275.28->275.65).
phyopt: part=mid seed=n1471(id=1471 center=1471 R=4 tpl=1 crit=0.500 pot=0.7500)
phyopt: rejected (map area 1564.52->1547.30, delay 275.28->278.94).
phyopt: part=mid seed=n1533(id=1533 center=1533 R=4 tpl=2 crit=0.500 pot=0.7500)
phyopt: accepted (map area 1564.52->1561.87, delay 275.28->275.28).
phyopt: part=mid seed=n1661(id=1661 center=1661 R=4 tpl=2 crit=0.500 pot=0.7500)
phyopt: rejected (map area 1561.87->1561.87, delay 275.28->275.28).
phyopt: part=mid seed=n1785(id=1785 center=1785 R=4 tpl=2 crit=0.500 pot=0.7500)
phyopt: rejected (map area 1561.87->1562.69, delay 275.28->275.28).
phyopt: part=mid seed=n1877(id=1877 center=1877 R=4 tpl=2 crit=0.500 pot=0.7500)
phyopt: rejected (map area 1561.87->1563.27, delay 275.28->275.28).
phyopt: part=mid seed=n1920(id=1920 center=1920 R=4 tpl=2 crit=0.500 pot=0.7500)
phyopt: rejected (map area 1561.87->1566.89, delay 275.28->275.28).
phyopt: part=mid seed=n1977(id=1977 center=1977 R=4 tpl=1 crit=0.500 pot=0.7500)
phyopt: rejected (map area 1561.87->1561.87, delay 275.28->275.28).
phyopt: part=low seed=n1031(id=1031 center=1031 R=4 tpl=1 crit=0.100 pot=0.8201)
phyopt: rejected (map area 1561.87->1556.03, delay 275.28->275.86).
phyopt: part=low seed=n1797(id=1797 center=1797 R=4 tpl=2 crit=0.100 pot=0.8201)
phyopt: rejected (map area 1561.87->1572.52, delay 275.28->275.28).
phyopt: part=low seed=n1798(id=1798 center=1798 R=4 tpl=0 crit=0.100 pot=0.8201)
phyopt: rejected (map area 1561.87->1561.87, delay 275.28->275.28).
phyopt: part=low seed=n1881(id=1881 center=1881 R=4 tpl=1 crit=0.100 pot=0.8201)
phyopt: rejected (map area 1561.87->1566.44, delay 275.28->275.28).
phyopt: part=low seed=n299(id=299 center=299 R=4 tpl=2 crit=0.100 pot=0.8092)
phyopt: rejected (map area 1561.87->1564.29, delay 275.28->275.28).
phyopt: L0/L1 skips high=0/97 low=0/0 mid=0/564, L1-threshold=0.3200, anneal_temp=1.000.
phyopt: adaptive keep high/low/mid=95%/62%/95%.
phyopt: finished round 1/3.
mapper_extract: wrote 2512 lines to "/mnt/d/My_abc_work/abc/my_work/dynamic_scheduler_work/result/run_iwls26_model_equiv_lowrelax_20260420_133956/ex204_014/ex204_014_phy.csv".
Loaded 2512 physical records from /mnt/d/My_abc_work/abc/my_work/dynamic_scheduler_work/result/run_iwls26_model_equiv_lowrelax_20260420_133956/ex204_014/ex204_014_phy.csv
Potential rebuilt: alpha(low/mid/high)=0.300/0.500/0.800 avg_struct=0.6774 avg_slack=0.2513 avg_opt=0.4271
phyopt: round=2 partition sizes high=593 low=22 mid=1897.
phyopt: part=high seed=n184(id=184 center=184 R=5 tpl=0 crit=0.909 pot=0.2727)
phyopt: rejected (map area 1561.87->1488.75, delay 275.28->292.56).
phyopt: part=high seed=n341(id=341 center=341 R=5 tpl=0 crit=0.909 pot=0.2727)
phyopt: rejected (map area 1561.87->1541.89, delay 275.28->281.15).
phyopt: part=high seed=n476(id=476 center=476 R=5 tpl=1 crit=0.909 pot=0.2727)
phyopt: rejected (map area 1561.87->1554.50, delay 275.28->277.79).
phyopt: part=high seed=n536(id=536 center=536 R=5 tpl=0 crit=0.909 pot=0.2727)
phyopt: rejected (map area 1561.87->1586.90, delay 275.28->275.30).
phyopt: part=high seed=n542(id=542 center=542 R=5 tpl=2 crit=0.909 pot=0.2727)
phyopt: rejected (map area 1561.87->1552.92, delay 275.28->280.54).
phyopt: part=high seed=n619(id=619 center=619 R=5 tpl=0 crit=0.909 pot=0.2727)
phyopt: rejected (map area 1561.87->1524.30, delay 275.28->284.26).
phyopt: part=high seed=n786(id=786 center=786 R=5 tpl=1 crit=0.909 pot=0.2727)
phyopt: rejected (map area 1561.87->1574.13, delay 275.28->276.50).
phyopt: part=high seed=n876(id=876 center=876 R=5 tpl=0 crit=0.909 pot=0.2727)
phyopt: rejected (map area 1561.87->1575.44, delay 275.28->275.28).
phyopt: part=high seed=n956(id=956 center=956 R=5 tpl=1 crit=0.909 pot=0.2727)
phyopt: rejected (map area 1561.87->1552.79, delay 275.28->276.90).
phyopt: part=high seed=n1200(id=1200 center=1200 R=5 tpl=0 crit=0.909 pot=0.2727)
phyopt: rejected (map area 1561.87->1558.35, delay 275.28->276.29).
phyopt: part=high seed=n1578(id=1578 center=1578 R=5 tpl=2 crit=0.909 pot=0.2727)
phyopt: rejected (map area 1561.87->1563.69, delay 275.28->276.50).
phyopt: part=high seed=n1586(id=1586 center=1586 R=5 tpl=0 crit=0.909 pot=0.2727)
phyopt: rejected (map area 1561.87->1571.21, delay 275.28->275.28).
phyopt: part=high seed=n1593(id=1593 center=1593 R=5 tpl=1 crit=0.909 pot=0.2727)
phyopt: rejected (map area 1561.87->1570.17, delay 275.28->275.28).
phyopt: part=high seed=n1624(id=1624 center=1624 R=5 tpl=0 crit=0.909 pot=0.2727)
phyopt: rejected (map area 1561.87->1518.50, delay 275.28->287.29).
phyopt: part=high seed=n2033(id=2033 center=2033 R=5 tpl=0 crit=0.909 pot=0.2727)
phyopt: rejected (map area 1561.87->1562.39, delay 275.28->275.28).
phyopt: part=high seed=n2064(id=2064 center=2064 R=5 tpl=2 crit=0.909 pot=0.2727)
phyopt: accepted (map area 1561.87->1556.86, delay 275.28->275.28).
phyopt: part=low seed=n249(id=249 center=249 R=4 tpl=1 crit=0.273 pot=0.9182)
phyopt: rejected (map area 1556.86->1562.19, delay 275.28->275.28).
phyopt: part=low seed=n521(id=521 center=521 R=4 tpl=0 crit=0.273 pot=0.9182)
phyopt: rejected (map area 1556.86->1561.89, delay 275.28->275.28).
phyopt: part=low seed=n1308(id=1308 center=1308 R=4 tpl=1 crit=0.273 pot=0.9182)
phyopt: rejected (map area 1556.86->1556.86, delay 275.28->275.28).
phyopt: part=low seed=n1859(id=1859 center=1859 R=4 tpl=2 crit=0.273 pot=0.9182)
phyopt: rejected (map area 1556.86->1568.74, delay 275.28->276.50).
phyopt: part=mid seed=n1052(id=1052 center=1052 R=4 tpl=2 crit=0.364 pot=0.8182)
phyopt: rejected (map area 1556.86->1561.61, delay 275.28->275.28).
phyopt: part=mid seed=n1333(id=1333 center=1333 R=4 tpl=2 crit=0.364 pot=0.8182)
phyopt: rejected (map area 1556.86->1556.86, delay 275.28->275.28).
phyopt: part=mid seed=n1694(id=1694 center=1694 R=4 tpl=1 crit=0.364 pot=0.8182)
phyopt: rejected (map area 1556.86->1553.74, delay 275.28->279.41).
phyopt: part=mid seed=n1919(id=1919 center=1919 R=4 tpl=2 crit=0.364 pot=0.8182)
phyopt: rejected (map area 1556.86->1559.75, delay 275.28->275.28).
The node "n2289" with ID 2289 is not in the current network.
phyopt: skip seed=n2289 (cannot resolve center node in current AIG).
The node "n2381" with ID 2381 is not in the current network.
phyopt: skip seed=n2381 (cannot resolve center node in current AIG).
phyopt: part=mid seed=n1018(id=1018 center=1018 R=4 tpl=0 crit=0.455 pot=0.7727)
phyopt: rejected (map area 1556.86->1547.14, delay 275.28->281.15).
phyopt: part=mid seed=n1469(id=1469 center=1469 R=4 tpl=2 crit=0.455 pot=0.7727)
phyopt: rejected (map area 1556.86->1563.25, delay 275.28->275.28).
phyopt: part=mid seed=n1875(id=1875 center=1875 R=4 tpl=1 crit=0.455 pot=0.7727)
phyopt: rejected (map area 1556.86->1570.94, delay 275.28->275.28).
phyopt: part=mid seed=n1918(id=1918 center=1918 R=4 tpl=2 crit=0.455 pot=0.7727)
phyopt: rejected (map area 1556.86->1556.86, delay 275.28->275.28).
The node "n2466" with ID 2466 is not in the current network.
phyopt: skip seed=n2466 (cannot resolve center node in current AIG).
phyopt: part=mid seed=n77(id=77 center=77 R=4 tpl=1 crit=0.545 pot=0.7273)
phyopt: rejected (map area 1556.86->1556.86, delay 275.28->275.28).
phyopt: part=mid seed=n941(id=941 center=941 R=4 tpl=2 crit=0.545 pot=0.7273)
phyopt: rejected (map area 1556.86->1564.87, delay 275.28->275.28).
phyopt: part=mid seed=n1039(id=1039 center=1039 R=4 tpl=0 crit=0.545 pot=0.7273)
phyopt: rejected (map area 1556.86->1541.27, delay 275.28->281.15).
phyopt: part=mid seed=n1114(id=1114 center=1114 R=4 tpl=2 crit=0.545 pot=0.7273)
phyopt: accepted (map area 1556.86->1554.23, delay 275.28->275.28).
phyopt: part=mid seed=n1470(id=1470 center=1470 R=4 tpl=2 crit=0.545 pot=0.7273)
phyopt: accepted (map area 1554.23->1553.97, delay 275.28->275.28).
phyopt: part=mid seed=n1532(id=1532 center=1532 R=4 tpl=2 crit=0.545 pot=0.7273)
phyopt: rejected (map area 1553.97->1553.97, delay 275.28->275.28).
phyopt: part=mid seed=n1660(id=1660 center=1660 R=4 tpl=2 crit=0.545 pot=0.7273)
phyopt: rejected (map area 1553.97->1554.50, delay 275.28->275.28).
phyopt: part=mid seed=n1763(id=1763 center=1763 R=4 tpl=2 crit=0.545 pot=0.7273)
phyopt: rejected (map area 1553.97->1558.73, delay 275.28->275.28).
phyopt: part=low seed=n1779(id=1779 center=1779 R=4 tpl=1 crit=0.000 pot=0.8501)
phyopt: rejected (map area 1553.97->1548.11, delay 275.28->278.89).
phyopt: part=low seed=n1947(id=1947 center=1947 R=4 tpl=1 crit=0.000 pot=0.8501)
phyopt: rejected (map area 1553.97->1550.82, delay 275.28->278.94).
phyopt: part=low seed=n1879(id=1879 center=1879 R=4 tpl=0 crit=0.091 pot=0.8228)
phyopt: rejected (map area 1553.97->1553.97, delay 275.28->275.28).
phyopt: L0/L1 skips high=6/78 low=0/0 mid=19/361, L1-threshold=0.3238, anneal_temp=0.850.
phyopt: adaptive keep high/low/mid=95%/62%/95%.
phyopt: finished round 2/3.
mapper_extract: wrote 2511 lines to "/mnt/d/My_abc_work/abc/my_work/dynamic_scheduler_work/result/run_iwls26_model_equiv_lowrelax_20260420_133956/ex204_014/ex204_014_phy.csv".
Loaded 2511 physical records from /mnt/d/My_abc_work/abc/my_work/dynamic_scheduler_work/result/run_iwls26_model_equiv_lowrelax_20260420_133956/ex204_014/ex204_014_phy.csv
Potential rebuilt: alpha(low/mid/high)=0.300/0.500/0.800 avg_struct=0.6773 avg_slack=0.2543 avg_opt=0.4285
phyopt: round=3 partition sizes high=595 low=30 mid=1886.
phyopt: part=high seed=n184(id=184 center=184 R=5 tpl=2 crit=0.909 pot=0.2727)
phyopt: rejected (map area 1553.97->1485.55, delay 275.28->292.56).
phyopt: part=high seed=n341(id=341 center=341 R=5 tpl=2 crit=0.909 pot=0.2727)
phyopt: rejected (map area 1553.97->1539.14, delay 275.28->281.15).
phyopt: part=high seed=n476(id=476 center=476 R=5 tpl=2 crit=0.909 pot=0.2727)
phyopt: rejected (map area 1553.97->1547.09, delay 275.28->277.79).
phyopt: part=high seed=n536(id=536 center=536 R=5 tpl=2 crit=0.909 pot=0.2727)
phyopt: rejected (map area 1553.97->1567.37, delay 275.28->276.50).
phyopt: part=high seed=n542(id=542 center=542 R=5 tpl=2 crit=0.909 pot=0.2727)
phyopt: rejected (map area 1553.97->1546.33, delay 275.28->280.54).
phyopt: part=high seed=n619(id=619 center=619 R=5 tpl=2 crit=0.909 pot=0.2727)
phyopt: rejected (map area 1553.97->1549.61, delay 275.28->280.20).
phyopt: part=high seed=n786(id=786 center=786 R=5 tpl=0 crit=0.909 pot=0.2727)
phyopt: rejected (map area 1553.97->1563.50, delay 275.28->275.28).
phyopt: part=high seed=n876(id=876 center=876 R=5 tpl=1 crit=0.909 pot=0.2727)
phyopt: rejected (map area 1553.97->1558.97, delay 275.28->276.15).
phyopt: part=high seed=n956(id=956 center=956 R=5 tpl=2 crit=0.909 pot=0.2727)
phyopt: rejected (map area 1553.97->1545.09, delay 275.28->276.90).
phyopt: part=high seed=n1200(id=1200 center=1200 R=5 tpl=0 crit=0.909 pot=0.2727)
phyopt: rejected (map area 1553.97->1556.90, delay 275.28->275.28).
phyopt: part=high seed=n1576(id=1576 center=1576 R=5 tpl=0 crit=0.909 pot=0.2727)
phyopt: rejected (map area 1553.97->1527.59, delay 275.28->285.50).
phyopt: part=high seed=n1584(id=1584 center=1584 R=5 tpl=1 crit=0.909 pot=0.2727)
phyopt: rejected (map area 1553.97->1560.95, delay 275.28->275.28).
phyopt: part=high seed=n1591(id=1591 center=1591 R=5 tpl=2 crit=0.909 pot=0.2727)
phyopt: rejected (map area 1553.97->1570.48, delay 275.28->275.28).
phyopt: part=high seed=n1622(id=1622 center=1622 R=5 tpl=0 crit=0.909 pot=0.2727)
phyopt: rejected (map area 1553.97->1527.12, delay 275.28->282.69).
phyopt: part=high seed=n2032(id=2032 center=2032 R=5 tpl=0 crit=0.909 pot=0.2727)
phyopt: accepted (map area 1553.97->1551.77, delay 275.28->275.28).
phyopt: part=high seed=n2063(id=2063 center=2063 R=5 tpl=0 crit=0.909 pot=0.2727)
phyopt: rejected (map area 1551.77->1528.03, delay 275.28->285.50).
phyopt: part=low seed=n249(id=249 center=249 R=4 tpl=1 crit=0.273 pot=0.9182)
phyopt: rejected (map area 1551.77->1558.70, delay 275.28->275.28).
phyopt: part=low seed=n521(id=521 center=521 R=4 tpl=2 crit=0.273 pot=0.9182)
phyopt: accepted (map area 1551.77->1551.23, delay 275.28->275.28).
phyopt: part=low seed=n1308(id=1308 center=1308 R=4 tpl=2 crit=0.273 pot=0.9182)
phyopt: rejected (map area 1551.23->1553.17, delay 275.28->276.50).
phyopt: part=low seed=n1857(id=1857 center=1857 R=4 tpl=2 crit=0.273 pot=0.9182)
phyopt: rejected (map area 1551.23->1554.96, delay 275.28->275.28).
The node "n2380" with ID 2380 is not in the current network.
phyopt: skip seed=n2380 (cannot resolve center node in current AIG).
phyopt: part=mid seed=n1052(id=1052 center=1052 R=4 tpl=2 crit=0.364 pot=0.8182)
phyopt: rejected (map area 1551.23->1552.79, delay 275.28->275.28).
phyopt: part=mid seed=n1333(id=1333 center=1333 R=4 tpl=2 crit=0.364 pot=0.8182)
phyopt: rejected (map area 1551.23->1551.81, delay 275.28->275.28).
phyopt: part=mid seed=n1692(id=1692 center=1692 R=4 tpl=2 crit=0.364 pot=0.8182)
phyopt: rejected (map area 1551.23->1562.67, delay 275.28->277.18).
phyopt: part=mid seed=n1918(id=1918 center=1918 R=4 tpl=2 crit=0.364 pot=0.8182)
phyopt: accepted (map area 1551.23->1551.20, delay 275.28->275.28).
The node "n2288" with ID 2288 is not in the current network.
phyopt: skip seed=n2288 (cannot resolve center node in current AIG).
phyopt: part=mid seed=n1018(id=1018 center=1018 R=4 tpl=2 crit=0.455 pot=0.7727)
phyopt: rejected (map area 1551.20->1536.28, delay 275.28->282.27).
phyopt: part=mid seed=n1467(id=1467 center=1467 R=4 tpl=2 crit=0.455 pot=0.7727)
phyopt: rejected (map area 1551.20->1556.29, delay 275.28->275.28).
phyopt: part=mid seed=n1873(id=1873 center=1873 R=4 tpl=2 crit=0.455 pot=0.7727)
phyopt: accepted (map area 1551.20->1550.93, delay 275.28->275.28).
phyopt: part=mid seed=n1877(id=1877 center=1877 R=4 tpl=2 crit=0.455 pot=0.7727)
phyopt: accepted (map area 1550.93->1550.40, delay 275.28->275.28).
phyopt: part=mid seed=n1917(id=1917 center=1917 R=4 tpl=2 crit=0.455 pot=0.7727)
phyopt: rejected (map area 1550.40->1539.74, delay 275.28->275.91).
The node "n2360" with ID 2360 is not in the current network.
phyopt: skip seed=n2360 (cannot resolve center node in current AIG).
The node "n2465" with ID 2465 is not in the current network.
phyopt: skip seed=n2465 (cannot resolve center node in current AIG).
phyopt: part=mid seed=n77(id=77 center=77 R=4 tpl=2 crit=0.545 pot=0.7273)
phyopt: rejected (map area 1550.40->1550.67, delay 275.28->275.28).
phyopt: part=mid seed=n941(id=941 center=941 R=4 tpl=2 crit=0.545 pot=0.7273)
phyopt: rejected (map area 1550.40->1550.40, delay 275.28->275.28).
phyopt: part=mid seed=n1039(id=1039 center=1039 R=4 tpl=2 crit=0.545 pot=0.7273)
phyopt: rejected (map area 1550.40->1532.82, delay 275.28->282.27).
phyopt: part=mid seed=n1468(id=1468 center=1468 R=4 tpl=2 crit=0.545 pot=0.7273)
phyopt: rejected (map area 1550.40->1517.07, delay 275.28->284.55).
phyopt: part=mid seed=n1530(id=1530 center=1530 R=4 tpl=2 crit=0.545 pot=0.7273)
phyopt: rejected (map area 1550.40->1551.71, delay 275.28->275.28).
phyopt: part=mid seed=n1658(id=1658 center=1658 R=4 tpl=2 crit=0.545 pot=0.7273)
phyopt: rejected (map area 1550.40->1558.21, delay 275.28->275.28).
phyopt: part=mid seed=n1746(id=1746 center=1746 R=4 tpl=2 crit=0.545 pot=0.7273)
phyopt: rejected (map area 1550.40->1550.96, delay 275.28->275.28).
phyopt: part=low seed=n1740(id=1740 center=1740 R=4 tpl=2 crit=0.000 pot=0.8501)
phyopt: accepted (map area 1550.40->1550.15, delay 275.28->275.28).
phyopt: part=low seed=n1946(id=1946 center=1946 R=4 tpl=2 crit=0.000 pot=0.8501)
phyopt: accepted (map area 1550.15->1550.14, delay 275.28->275.28).
phyopt: part=low seed=n1878(id=1878 center=1878 R=4 tpl=2 crit=0.091 pot=0.8228)
phyopt: rejected (map area 1550.14->1550.14, delay 275.28->275.28).
The node "n2289" with ID 2289 is not in the current network.
phyopt: skip seed=n2289 (cannot resolve center node in current AIG).
phyopt: part=low seed=n1029(id=1029 center=1029 R=4 tpl=2 crit=0.182 pot=0.7955)
phyopt: rejected (map area 1550.14->1550.14, delay 275.28->275.28).
phyopt: part=low seed=n299(id=299 center=299 R=4 tpl=2 crit=0.182 pot=0.7846)
phyopt: rejected (map area 1550.14->1557.55, delay 275.28->275.28).
phyopt: part=low seed=n214(id=214 center=214 R=4 tpl=2 crit=0.273 pot=0.7682)
phyopt: accepted (map area 1550.14->1549.34, delay 275.28->275.28).
phyopt: part=low seed=n320(id=320 center=320 R=4 tpl=2 crit=0.273 pot=0.7682)
phyopt: rejected (map area 1549.34->1552.78, delay 275.28->275.28).
phyopt: part=low seed=n1060(id=1060 center=1060 R=4 tpl=2 crit=0.273 pot=0.7682)
phyopt: rejected (map area 1549.34->1549.34, delay 275.28->275.28).
phyopt: part=low seed=n1211(id=1211 center=1211 R=4 tpl=2 crit=0.273 pot=0.7682)
phyopt: rejected (map area 1549.34->1549.67, delay 275.28->275.28).
phyopt: part=low seed=n1858(id=1858 center=1858 R=4 tpl=2 crit=0.273 pot=0.7682)
phyopt: rejected (map area 1549.34->1559.71, delay 275.28->276.50).
phyopt: part=low seed=n1931(id=1931 center=1931 R=4 tpl=2 crit=0.273 pot=0.7682)
phyopt: rejected (map area 1549.34->1534.55, delay 275.28->280.30).
phyopt: L0/L1 skips high=12/103 low=2/0 mid=39/224, L1-threshold=0.3500, anneal_temp=0.723.
phyopt: adaptive keep high/low/mid=95%/35%/86%.
phyopt: finished round 3/3.
phyopt: partition summary (tried/accepted):
  high : 4 / 48
  low  : 4 / 34
  mid  : 7 / 48
phyopt: per-part seed coverage (topK means top-5 potential within processed seeds):
  high: seeds=1776 tried=48(2.7%) accepted=4(8.3%) skipped(marked=2,low_slack=0) topK(tried=13/15 accepted=2 hit=15.4%)
  low: seeds=116 tried=34(29.3%) accepted=4(11.8%) skipped(marked=0,low_slack=0) topK(tried=13/14 accepted=1 hit=7.7%)
  mid: seeds=5646 tried=48(0.9%) accepted=7(14.6%) skipped(marked=1,low_slack=0) topK(tried=12/15 accepted=1 hit=8.3%)
phyopt: sequence template stats by partition (template_id: accepted/tried):
  high: t0=2/22 t1=1/12 t2=1/14
  low: t0=0/5 t1=0/10 t2=4/19
  mid: t0=0/5 t1=1/9 t2=6/34
phyopt: rejection reason breakdown:
  - runtime_or_eval_fail : 12
  - policy_tradeoff_reject : 16
  - delay_worse : 0
  - area_worse : 46
  - area_and_delay_worse : 12
  - delay_guard_violation : 41
phyopt: skipped marked=3 low_slack=<0.10=0
phyopt: done, accepted=15 rejected=127 final_nodes=2146 final_levels=16.
phyopt: micro-model saved (/mnt/d/My_abc_work/abc/my_work/model/phy_micro_model_global.txt, samples=5481).
[1;37miwls26/results/ex204_014      :[0m i/o =   16/   16  lat =    0  nd =  1576  edge =   4181  area =1549.34  delay =275.28  lev = 11
