======== ABC command line "source /mnt/d/My_abc_work/abc/my_work/VS-SMABC_FPRM/compare_4way_out_asap7_orfs_RVT_FF_v2/tmp/br2_opt_flow.abc"
Library "asap7sc7p5t_AO_RVT_FF_nldm_211120" from "/mnt/d/My_abc_work/abc/my_work/VS-SMABC_FPRM/asap7_orfs_combined_RVT_FF_nldm.lib" has 169 cells (0 skipped: 0 seq; 0 tri-state; 0 no func; 0 dont_use; 0 with 2 outputs; 0 with 3+ outputs).  Time =     0.56 sec
Warning: Detected 2 multi-output cells (for example, "FAx1_ASAP7_75t_R").
phymid: running map_oto -> mapper_extract -> phyread -> phyopt -> map
Derived GENLIB library "asap7sc7p5t_AO_RVT_FF_nldm_211120" with 77 gates using slew 20.00 ps and gain 250.00.
Total runtime =     0.00 sec
mapper_extract: starting extraction...
mapper_extract: extracting to "/mnt/d/My_abc_work/abc/my_work/VS-SMABC_FPRM/compare_4way_out_asap7_orfs_RVT_FF_v2/tmp/br2_opt_flow.phy.csv"...
mapper_extract: max slack = 10.000000

=== DEBUG: Node ID Mapping ===
Format: objId | Name | Type | Fanin0 | Fanin1 | Gate | pData
 14 | n14        | NODE |  12 |  -1 | INVx1_ASAP7_75t_R | 0x5a3b0722a5d0
 15 | n15        | NODE |  11 |  -1 | INVx1_ASAP7_75t_R | 0x5a3b0722a5d0
 16 | n16        | NODE |  10 |  -1 | INVx1_ASAP7_75t_R | 0x5a3b0722a5d0
 17 | n17        | NODE |   9 |  -1 | INVx1_ASAP7_75t_R | 0x5a3b0722a5d0
 18 | n18        | NODE |   8 |  -1 | INVx1_ASAP7_75t_R | 0x5a3b0722a5d0
 19 | n19        | NODE |   7 |  -1 | INVx1_ASAP7_75t_R | 0x5a3b0722a5d0
 20 | n20        | NODE |   6 |  -1 | INVx1_ASAP7_75t_R | 0x5a3b0722a5d0
 21 | n21        | NODE |   5 |  -1 | INVx1_ASAP7_75t_R | 0x5a3b0722a5d0
 22 | n22        | NODE |   4 |  -1 | INVx1_ASAP7_75t_R | 0x5a3b0722a5d0
 23 | n23        | NODE |   3 |  -1 | INVx1_ASAP7_75t_R | 0x5a3b0722a5d0
 24 | n24        | NODE |   1 |  -1 | INVx1_ASAP7_75t_R | 0x5a3b0722a5d0
 25 | n25        | NODE |   2 |  -1 | INVx1_ASAP7_75t_R | 0x5a3b0722a5d0
 26 | n26        | NODE |  24 |  25 | AND2x2_ASAP7_75t_R | 0x5a3b072335c0
 27 | n27        | NODE |  23 |  26 | AND2x2_ASAP7_75t_R | 0x5a3b072335c0
 28 | n28        | NODE |  22 |  27 | AND2x2_ASAP7_75t_R | 0x5a3b072335c0
 29 | n29        | NODE |  21 |  28 | AND2x2_ASAP7_75t_R | 0x5a3b072335c0
 30 | n30        | NODE |  20 |  29 | AND2x2_ASAP7_75t_R | 0x5a3b072335c0
 31 | n31        | NODE |  19 |  30 | AND2x2_ASAP7_75t_R | 0x5a3b072335c0
 32 | n32        | NODE |  18 |  31 | AND2x2_ASAP7_75t_R | 0x5a3b072335c0
 33 | n33        | NODE |  17 |  32 | AND2x2_ASAP7_75t_R | 0x5a3b072335c0
 34 | n34        | NODE |  16 |  33 | AND2x2_ASAP7_75t_R | 0x5a3b072335c0
 35 | n35        | NODE |  15 |  34 | AND2x2_ASAP7_75t_R | 0x5a3b072335c0
 36 | n36        | NODE |  14 |  35 | NAND2xp33_ASAP7_75t_R | 0x5a3b072366f0
 37 | n37        | NODE |  12 |  35 | NAND2xp33_ASAP7_75t_R | 0x5a3b072366f0
 38 | n38        | NODE |  36 |  37 | NAND2xp33_ASAP7_75t_R | 0x5a3b072366f0
==============================

mapper_extract: wrote 25 lines to "/mnt/d/My_abc_work/abc/my_work/VS-SMABC_FPRM/compare_4way_out_asap7_orfs_RVT_FF_v2/tmp/br2_opt_flow.phy.csv".
mapper_extract: done.
Loaded 25 physical records from /mnt/d/My_abc_work/abc/my_work/VS-SMABC_FPRM/compare_4way_out_asap7_orfs_RVT_FF_v2/tmp/br2_opt_flow.phy.csv
Potential rebuilt: alpha(low/mid/high)=0.300/0.500/0.800 avg_struct=0.5124 avg_slack=0.2200 avg_opt=0.3241
Physical records : 25
Gate summary     : NAND=3 AND=10 INV=12 OTHER=0
Alpha (L/M/H)    : 0.300 / 0.500 / 0.800
StructW(i/p/f/g) : 0.500 / 0.400 / 0.050 / 0.050
phyopt: start rounds=3, criticality partitions high(>=0.900)->low(<=0.250)->mid, window=16, mode=fixed.
phyopt: objective=delay-non-regression + area minimization (delay_eps=0.001 rel_tol=0 area_eps=0.001 delay_only=off).
phyopt: case timeout enabled (300 sec).
phyopt: fit-function on (loaded=yes, samples=4350, l0_scale=0.35, l1_scale=0.25, coef_file=/mnt/d/My_abc_work/abc/my_work/model/phy_fit_function_v1.txt).
phyopt: sample-log off (keep_target=28% [35%,95%]).
phyopt: round=1 partition sizes high=16 low=3 mid=6.
phyopt: part=high seed=n23(id=23 center=23 R=5 tpl=0 crit=0.900 pot=0.2800)
phyopt: accepted (map area 0.76->0.64, delay 91.42->60.43).
The node "n24" with ID 24 is not in the current network.
phyopt: skip seed=n24 (cannot resolve center node in current AIG).
The node "n25" with ID 25 is not in the current network.
phyopt: skip seed=n25 (cannot resolve center node in current AIG).
The node "n26" with ID 26 is not in the current network.
phyopt: skip seed=n26 (cannot resolve center node in current AIG).
The node "n28" with ID 28 is not in the current network.
phyopt: skip seed=n28 (cannot resolve center node in current AIG).
The node "n29" with ID 29 is not in the current network.
phyopt: skip seed=n29 (cannot resolve center node in current AIG).
The node "n30" with ID 30 is not in the current network.
phyopt: skip seed=n30 (cannot resolve center node in current AIG).
The node "n31" with ID 31 is not in the current network.
phyopt: skip seed=n31 (cannot resolve center node in current AIG).
The node "n32" with ID 32 is not in the current network.
phyopt: skip seed=n32 (cannot resolve center node in current AIG).
The node "n33" with ID 33 is not in the current network.
phyopt: skip seed=n33 (cannot resolve center node in current AIG).
The node "n34" with ID 34 is not in the current network.
phyopt: skip seed=n34 (cannot resolve center node in current AIG).
The node "n36" with ID 36 is not in the current network.
phyopt: skip seed=n36 (cannot resolve center node in current AIG).
The node "n37" with ID 37 is not in the current network.
phyopt: skip seed=n37 (cannot resolve center node in current AIG).
The node "n38" with ID 38 is not in the current network.
phyopt: skip seed=n38 (cannot resolve center node in current AIG).
The node "n35" with ID 35 is not in the current network.
phyopt: skip seed=n35 (cannot resolve center node in current AIG).
phyopt: part=low seed=n14(id=14 center=14 R=3 tpl=0 crit=0.000 pot=1.0000)
phyopt: accepted (map area 0.64->0.62, delay 60.43->57.75).
phyopt: part=low seed=n15(id=15 center=15 R=3 tpl=1 crit=0.100 pot=0.9700)
phyopt: rejected (map area 0.62->0.62, delay 57.75->57.75).
phyopt: part=low seed=n16(id=16 center=16 R=3 tpl=2 crit=0.200 pot=0.9400)
phyopt: accepted (map area 0.62->0.52, delay 57.75->53.47).
phyopt: part=mid seed=n17(id=17 center=17 R=4 tpl=0 crit=0.300 pot=0.8500)
phyopt: accepted (map area 0.52->0.40, delay 53.47->48.64).
phyopt: part=mid seed=n18(id=18 center=18 R=4 tpl=1 crit=0.400 pot=0.8000)
phyopt: rejected (map area 0.40->0.40, delay 48.64->48.64).
phyopt: part=mid seed=n19(id=19 center=19 R=4 tpl=2 crit=0.500 pot=0.7500)
phyopt: rejected (map area 0.40->0.40, delay 48.64->48.64).
phyopt: part=mid seed=n20(id=20 center=20 R=4 tpl=0 crit=0.600 pot=0.7000)
phyopt: accepted (map area 0.40->0.39, delay 48.64->45.62).
phyopt: part=mid seed=n21(id=21 center=21 R=4 tpl=1 crit=0.700 pot=0.6500)
phyopt: rejected (map area 0.39->0.39, delay 45.62->45.62).
phyopt: part=mid seed=n22(id=22 center=22 R=4 tpl=2 crit=0.800 pot=0.6000)
phyopt: rejected (map area 0.39->0.39, delay 45.62->45.62).
phyopt: finished round 1/3.
mapper_extract: wrote 21 lines to "/mnt/d/My_abc_work/abc/my_work/VS-SMABC_FPRM/compare_4way_out_asap7_orfs_RVT_FF_v2/tmp/br2_opt_flow.phy.csv".
Loaded 21 physical records from /mnt/d/My_abc_work/abc/my_work/VS-SMABC_FPRM/compare_4way_out_asap7_orfs_RVT_FF_v2/tmp/br2_opt_flow.phy.csv
Potential rebuilt: alpha(low/mid/high)=0.300/0.500/0.800 avg_struct=0.5238 avg_slack=0.2857 avg_opt=0.3095
phyopt: round=2 partition sizes high=15 low=6 mid=0.
phyopt: part=high seed=n15(id=15 center=15 R=6 tpl=0 crit=1.000 pot=0.2000)
phyopt: rejected (map area 0.39->0.39, delay 45.62->45.95).
phyopt: part=high seed=n21(id=21 center=21 R=6 tpl=1 crit=1.000 pot=0.2000)
phyopt: rejected (map area 0.39->0.39, delay 45.62->45.95).
The node "n29" with ID 29 is not in the current network.
phyopt: skip seed=n29 (cannot resolve center node in current AIG).
phyopt: part=high seed=n18(id=18 center=18 R=6 tpl=0 crit=1.000 pot=0.0000)
phyopt: rejected (map area 0.39->0.39, delay 45.62->45.95).
phyopt: part=high seed=n22(id=22 center=22 R=6 tpl=1 crit=1.000 pot=0.0000)
phyopt: rejected (map area 0.39->0.39, delay 45.62->45.95).
The node "n24" with ID 24 is not in the current network.
phyopt: skip seed=n24 (cannot resolve center node in current AIG).
The node "n31" with ID 31 is not in the current network.
phyopt: skip seed=n31 (cannot resolve center node in current AIG).
The node "n32" with ID 32 is not in the current network.
phyopt: skip seed=n32 (cannot resolve center node in current AIG).
phyopt: part=low seed=n19(id=19 center=19 R=3 tpl=0 crit=0.000 pot=1.0000)
phyopt: rejected (map area 0.39->0.39, delay 45.62->45.62).
The node "n25" with ID 25 is not in the current network.
phyopt: skip seed=n25 (cannot resolve center node in current AIG).
The node "n26" with ID 26 is not in the current network.
phyopt: skip seed=n26 (cannot resolve center node in current AIG).
The node "n28" with ID 28 is not in the current network.
phyopt: skip seed=n28 (cannot resolve center node in current AIG).
phyopt: finished round 2/3.
mapper_extract: wrote 21 lines to "/mnt/d/My_abc_work/abc/my_work/VS-SMABC_FPRM/compare_4way_out_asap7_orfs_RVT_FF_v2/tmp/br2_opt_flow.phy.csv".
Loaded 21 physical records from /mnt/d/My_abc_work/abc/my_work/VS-SMABC_FPRM/compare_4way_out_asap7_orfs_RVT_FF_v2/tmp/br2_opt_flow.phy.csv
Potential rebuilt: alpha(low/mid/high)=0.300/0.500/0.800 avg_struct=0.5238 avg_slack=0.2857 avg_opt=0.3095
phyopt: round=3 partition sizes high=15 low=6 mid=0.
phyopt: part=high seed=n15(id=15 center=15 R=6 tpl=2 crit=1.000 pot=0.2000)
phyopt: rejected (map area 0.39->0.39, delay 45.62->45.62).
phyopt: part=high seed=n21(id=21 center=21 R=6 tpl=0 crit=1.000 pot=0.2000)
phyopt: rejected (map area 0.39->0.39, delay 45.62->45.95).
The node "n29" with ID 29 is not in the current network.
phyopt: skip seed=n29 (cannot resolve center node in current AIG).
phyopt: part=high seed=n18(id=18 center=18 R=6 tpl=0 crit=1.000 pot=0.0000)
phyopt: rejected (map area 0.39->0.39, delay 45.62->45.95).
phyopt: part=high seed=n22(id=22 center=22 R=6 tpl=2 crit=1.000 pot=0.0000)
phyopt: rejected (map area 0.39->0.39, delay 45.62->45.62).
The node "n24" with ID 24 is not in the current network.
phyopt: skip seed=n24 (cannot resolve center node in current AIG).
The node "n31" with ID 31 is not in the current network.
phyopt: skip seed=n31 (cannot resolve center node in current AIG).
The node "n32" with ID 32 is not in the current network.
phyopt: skip seed=n32 (cannot resolve center node in current AIG).
phyopt: part=low seed=n19(id=19 center=19 R=3 tpl=1 crit=0.000 pot=1.0000)
phyopt: rejected (map area 0.39->0.39, delay 45.62->45.62).
The node "n25" with ID 25 is not in the current network.
phyopt: skip seed=n25 (cannot resolve center node in current AIG).
The node "n26" with ID 26 is not in the current network.
phyopt: skip seed=n26 (cannot resolve center node in current AIG).
The node "n28" with ID 28 is not in the current network.
phyopt: skip seed=n28 (cannot resolve center node in current AIG).
phyopt: finished round 3/3.
phyopt: partition summary (tried/accepted):
  high : 1 / 9
  low  : 2 / 5
  mid  : 2 / 6
phyopt: per-part seed coverage (topK means top-5 potential within processed seeds):
  high: seeds=46 tried=9(19.6%) accepted=1(11.1%) skipped(marked=15,low_slack=0) topK(tried=5/15 accepted=1 hit=20.0%)
  low: seeds=15 tried=5(33.3%) accepted=2(40.0%) skipped(marked=4,low_slack=0) topK(tried=5/13 accepted=2 hit=40.0%)
  mid: seeds=6 tried=6(100.0%) accepted=2(33.3%) skipped(marked=0,low_slack=0) topK(tried=5/5 accepted=2 hit=40.0%)
phyopt: sequence template stats by partition (template_id: accepted/tried):
  high: t0=1/5 t1=0/2 t2=0/2
  low: t0=1/2 t1=0/2 t2=1/1
  mid: t0=2/2 t1=0/2 t2=0/2
phyopt: rejection reason breakdown:
  - runtime_or_eval_fail : 28
  - policy_tradeoff_reject : 9
  - delay_worse : 0
  - area_worse : 0
  - area_and_delay_worse : 0
  - delay_guard_violation : 6
phyopt: skipped marked=19 low_slack=<0.10=0
phyopt: done, accepted=5 rejected=43 final_nodes=10 final_levels=4.
Derived GENLIB library "asap7sc7p5t_AO_RVT_FF_nldm_211120" with 77 gates using slew 20.00 ps and gain 250.00.
Converting "/mnt/d/My_abc_work/abc/my_work/VS-SMABC_FPRM/asap7_orfs_combined_RVT_FF_nldm.genlib" into supergate library "/mnt/d/My_abc_work/abc/my_work/VS-SMABC_FPRM/asap7_orfs_combined_RVT_FF_nldm.super".
Maximum level: Original = 4. Reduced due to choices = 4.
Choice stats:  Choice nodes = 0. Total choices = 0.
Nodes =     22.  Total 5-feasible cuts =         41.  Per node = 1.9. Time =     0.00 sec
Delay    : Delay =     0.00  Flow =         0.4  Area =         0.4   0.0 %   Time =     0.00 sec
AreaFlow : Delay =    45.62  Flow =         0.4  Area =         0.4   0.0 %   Time =     0.00 sec
Area     : Delay =    45.62  Flow =         0.0  Area =         0.4   0.0 %   Time =     0.00 sec
Area     : Delay =    45.62  Flow =         0.0  Area =         0.4   0.0 %   Time =     0.00 sec
Output  po0    : Delay = (45.62, 45.62)  POS
Total runtime =     0.01 sec
phymid: done. You can now run write_verilog/write_blif (or strash; write_aiger).
[1;37m/mnt/d/My_abc_work/abc/my_work/VS-SMABC_FPRM/aig_output_opt/br2_opt:[0m i/o =   12/    1  lat =    0  nd =     5  edge =     15  area = 0.39  delay =45.62  lev = 2
