======== ABC command line "source /mnt/d/My_abc_work/abc/my_work/VS-SMABC_FPRM/compare_4way_out_asap7_orfs_RVT_FF_v2/tmp/ex1010_opt_flow.abc"
Library "asap7sc7p5t_AO_RVT_FF_nldm_211120" from "/mnt/d/My_abc_work/abc/my_work/VS-SMABC_FPRM/asap7_orfs_combined_RVT_FF_nldm.lib" has 169 cells (0 skipped: 0 seq; 0 tri-state; 0 no func; 0 dont_use; 0 with 2 outputs; 0 with 3+ outputs).  Time =     0.56 sec
Warning: Detected 2 multi-output cells (for example, "FAx1_ASAP7_75t_R").
phymid: running map_oto -> mapper_extract -> phyread -> phyopt -> map
Derived GENLIB library "asap7sc7p5t_AO_RVT_FF_nldm_211120" with 77 gates using slew 20.00 ps and gain 250.00.
Total runtime =     0.00 sec
mapper_extract: starting extraction...
mapper_extract: extracting to "/mnt/d/My_abc_work/abc/my_work/VS-SMABC_FPRM/compare_4way_out_asap7_orfs_RVT_FF_v2/tmp/ex1010_opt_flow.phy.csv"...
mapper_extract: max slack = 8.000000

=== DEBUG: Node ID Mapping ===
Format: objId | Name | Type | Fanin0 | Fanin1 | Gate | pData
 12 | n12        | NODE |  10 |   0 | INVx1_ASAP7_75t_R | 0x5f867d3915d0
 13 | n13        | NODE |   9 |   0 | INVx1_ASAP7_75t_R | 0x5f867d3915d0
 14 | n14        | NODE |   8 |   0 | INVx1_ASAP7_75t_R | 0x5f867d3915d0
 15 | n15        | NODE |   7 |   0 | INVx1_ASAP7_75t_R | 0x5f867d3915d0
 16 | n16        | NODE |   6 |   0 | INVx1_ASAP7_75t_R | 0x5f867d3915d0
 17 | n17        | NODE |   5 |   0 | INVx1_ASAP7_75t_R | 0x5f867d3915d0
 18 | n18        | NODE |   4 |   0 | INVx1_ASAP7_75t_R | 0x5f867d3915d0
 19 | n19        | NODE |   3 |   0 | INVx1_ASAP7_75t_R | 0x5f867d3915d0
 20 | n20        | NODE |   1 |   0 | INVx1_ASAP7_75t_R | 0x5f867d3915d0
 21 | n21        | NODE |   2 |   0 | INVx1_ASAP7_75t_R | 0x5f867d3915d0
 22 | n22        | NODE |  20 |  21 | AND2x2_ASAP7_75t_R | 0x5f867d39a5c0
 23 | n23        | NODE |  19 |  22 | AND2x2_ASAP7_75t_R | 0x5f867d39a5c0
 24 | n24        | NODE |  18 |  23 | AND2x2_ASAP7_75t_R | 0x5f867d39a5c0
 25 | n25        | NODE |  17 |  24 | AND2x2_ASAP7_75t_R | 0x5f867d39a5c0
 26 | n26        | NODE |  16 |  25 | AND2x2_ASAP7_75t_R | 0x5f867d39a5c0
 27 | n27        | NODE |  15 |  26 | AND2x2_ASAP7_75t_R | 0x5f867d39a5c0
 28 | n28        | NODE |  14 |  27 | AND2x2_ASAP7_75t_R | 0x5f867d39a5c0
 29 | n29        | NODE |  13 |  28 | AND2x2_ASAP7_75t_R | 0x5f867d39a5c0
 30 | n30        | NODE |  12 |  29 | NAND2xp33_ASAP7_75t_R | 0x5f867d39d6f0
 31 | n31        | NODE |  10 |  29 | NAND2xp33_ASAP7_75t_R | 0x5f867d39d6f0
 32 | n32        | NODE |  30 |  31 | AND2x2_ASAP7_75t_R | 0x5f867d39a5c0
 33 | n33        | NODE |   9 |  28 | AND2x2_ASAP7_75t_R | 0x5f867d39a5c0
 34 | n34        | NODE |  12 |  33 | NAND2xp33_ASAP7_75t_R | 0x5f867d39d6f0
 35 | n35        | NODE |  32 |  34 | AND2x2_ASAP7_75t_R | 0x5f867d39a5c0
 36 | n36        | NODE |  10 |  33 | NAND2xp33_ASAP7_75t_R | 0x5f867d39d6f0
 37 | n37        | NODE |  35 |  36 | AND2x2_ASAP7_75t_R | 0x5f867d39a5c0
 38 | n38        | NODE |   8 |  27 | AND2x2_ASAP7_75t_R | 0x5f867d39a5c0
 39 | n39        | NODE |  13 |  38 | AND2x2_ASAP7_75t_R | 0x5f867d39a5c0
 40 | n40        | NODE |  12 |  39 | NAND2xp33_ASAP7_75t_R | 0x5f867d39d6f0
 41 | n41        | NODE |  37 |  40 | AND2x2_ASAP7_75t_R | 0x5f867d39a5c0
 42 | n42        | NODE |  10 |  39 | NAND2xp33_ASAP7_75t_R | 0x5f867d39d6f0
 43 | n43        | NODE |  41 |  42 | AND2x2_ASAP7_75t_R | 0x5f867d39a5c0
 44 | n44        | NODE |   9 |  38 | AND2x2_ASAP7_75t_R | 0x5f867d39a5c0
 45 | n45        | NODE |  12 |  44 | NAND2xp33_ASAP7_75t_R | 0x5f867d39d6f0
 46 | n46        | NODE |  43 |  45 | AND2x2_ASAP7_75t_R | 0x5f867d39a5c0
 47 | n47        | NODE |  10 |  44 | NAND2xp33_ASAP7_75t_R | 0x5f867d39d6f0
 48 | n48        | NODE |  46 |  47 | NAND2xp33_ASAP7_75t_R | 0x5f867d39d6f0
==============================

mapper_extract: wrote 37 lines to "/mnt/d/My_abc_work/abc/my_work/VS-SMABC_FPRM/compare_4way_out_asap7_orfs_RVT_FF_v2/tmp/ex1010_opt_flow.phy.csv".
mapper_extract: done.
Loaded 37 physical records from /mnt/d/My_abc_work/abc/my_work/VS-SMABC_FPRM/compare_4way_out_asap7_orfs_RVT_FF_v2/tmp/ex1010_opt_flow.phy.csv
Potential rebuilt: alpha(low/mid/high)=0.300/0.500/0.800 avg_struct=0.7803 avg_slack=0.2331 avg_opt=0.3752
Physical records : 37
Gate summary     : NAND=9 AND=18 INV=10 OTHER=0
Alpha (L/M/H)    : 0.300 / 0.500 / 0.800
StructW(i/p/f/g) : 0.500 / 0.400 / 0.050 / 0.050
phyopt: start rounds=3, criticality partitions high(>=0.900)->low(<=0.250)->mid, window=16, mode=fixed.
phyopt: objective=delay-non-regression + area minimization (delay_eps=0.001 rel_tol=0 area_eps=0.001 delay_only=off).
phyopt: case timeout enabled (300 sec).
phyopt: fit-function on (loaded=yes, samples=4350, l0_scale=0.35, l1_scale=0.25, coef_file=/mnt/d/My_abc_work/abc/my_work/model/phy_fit_function_v1.txt).
phyopt: sample-log off (keep_target=28% [35%,95%]).
phyopt: round=1 partition sizes high=19 low=4 mid=14.
phyopt: part=high seed=n20(id=20 center=20 R=6 tpl=0 crit=1.000 pot=0.2000)
phyopt: accepted (map area 0.84->0.69, delay 74.08->60.42).
phyopt: part=high seed=n21(id=21 center=21 R=6 tpl=1 crit=1.000 pot=0.2000)
phyopt: accepted (map area 0.69->0.27, delay 60.42->43.63).
The node "n23" with ID 23 is not in the current network.
phyopt: skip seed=n23 (cannot resolve center node in current AIG).
The node "n24" with ID 24 is not in the current network.
phyopt: skip seed=n24 (cannot resolve center node in current AIG).
The node "n25" with ID 25 is not in the current network.
phyopt: skip seed=n25 (cannot resolve center node in current AIG).
The node "n26" with ID 26 is not in the current network.
phyopt: skip seed=n26 (cannot resolve center node in current AIG).
The node "n30" with ID 30 is not in the current network.
phyopt: skip seed=n30 (cannot resolve center node in current AIG).
The node "n31" with ID 31 is not in the current network.
phyopt: skip seed=n31 (cannot resolve center node in current AIG).
The node "n32" with ID 32 is not in the current network.
phyopt: skip seed=n32 (cannot resolve center node in current AIG).
The node "n35" with ID 35 is not in the current network.
phyopt: skip seed=n35 (cannot resolve center node in current AIG).
The node "n37" with ID 37 is not in the current network.
phyopt: skip seed=n37 (cannot resolve center node in current AIG).
The node "n41" with ID 41 is not in the current network.
phyopt: skip seed=n41 (cannot resolve center node in current AIG).
The node "n43" with ID 43 is not in the current network.
phyopt: skip seed=n43 (cannot resolve center node in current AIG).
The node "n46" with ID 46 is not in the current network.
phyopt: skip seed=n46 (cannot resolve center node in current AIG).
The node "n48" with ID 48 is not in the current network.
phyopt: skip seed=n48 (cannot resolve center node in current AIG).
The node "n27" with ID 27 is not in the current network.
phyopt: skip seed=n27 (cannot resolve center node in current AIG).
The node "n28" with ID 28 is not in the current network.
phyopt: skip seed=n28 (cannot resolve center node in current AIG).
The node "n29" with ID 29 is not in the current network.
phyopt: skip seed=n29 (cannot resolve center node in current AIG).
phyopt: part=low seed=n14(id=14 center=14 R=3 tpl=0 crit=0.250 pot=0.9250)
phyopt: rejected (map area 0.27->0.34, delay 43.63->42.25).
The node "n47" with ID 47 is not in the current network.
phyopt: skip seed=n47 (cannot resolve center node in current AIG).
phyopt: part=low seed=n12(id=12 center=12 R=3 tpl=2 crit=0.000 pot=0.3000)
phyopt: rejected (map area 0.27->0.27, delay 43.63->43.63).
phyopt: part=low seed=n13(id=13 center=13 R=3 tpl=0 crit=0.125 pot=0.2716)
phyopt: rejected (map area 0.27->0.34, delay 43.63->42.25).
phyopt: part=mid seed=n15(id=15 center=15 R=4 tpl=0 crit=0.375 pot=0.8125)
phyopt: rejected (map area 0.27->0.34, delay 43.63->42.25).
phyopt: part=mid seed=n16(id=16 center=16 R=4 tpl=1 crit=0.500 pot=0.7500)
phyopt: rejected (map area 0.27->0.34, delay 43.63->42.25).
The node "n45" with ID 45 is not in the current network.
phyopt: skip seed=n45 (cannot resolve center node in current AIG).
The node "n44" with ID 44 is not in the current network.
phyopt: skip seed=n44 (cannot resolve center node in current AIG).
phyopt: part=mid seed=n17(id=17 center=17 R=4 tpl=1 crit=0.625 pot=0.6875)
Object with ID 17 is not a node or reg output.
Error: Extracting sequential window has failed.
Error: phyopt: local optimization failed. Rolling back.
The node "n42" with ID 42 is not in the current network.
phyopt: skip seed=n42 (cannot resolve center node in current AIG).
The node "n18" with ID 18 is not in the current network.
phyopt: skip seed=n18 (cannot resolve center node in current AIG).
The node "n40" with ID 40 is not in the current network.
phyopt: skip seed=n40 (cannot resolve center node in current AIG).
The node "n38" with ID 38 is not in the current network.
phyopt: skip seed=n38 (cannot resolve center node in current AIG).
The node "n39" with ID 39 is not in the current network.
phyopt: skip seed=n39 (cannot resolve center node in current AIG).
The node "n19" with ID 19 is not in the current network.
phyopt: skip seed=n19 (cannot resolve center node in current AIG).
The node "n36" with ID 36 is not in the current network.
phyopt: skip seed=n36 (cannot resolve center node in current AIG).
The node "n34" with ID 34 is not in the current network.
phyopt: skip seed=n34 (cannot resolve center node in current AIG).
The node "n33" with ID 33 is not in the current network.
phyopt: skip seed=n33 (cannot resolve center node in current AIG).
phyopt: finished round 1/3.
mapper_extract: wrote 13 lines to "/mnt/d/My_abc_work/abc/my_work/VS-SMABC_FPRM/compare_4way_out_asap7_orfs_RVT_FF_v2/tmp/ex1010_opt_flow.phy.csv".
Loaded 13 physical records from /mnt/d/My_abc_work/abc/my_work/VS-SMABC_FPRM/compare_4way_out_asap7_orfs_RVT_FF_v2/tmp/ex1010_opt_flow.phy.csv
Potential rebuilt: alpha(low/mid/high)=0.300/0.500/0.800 avg_struct=0.5385 avg_slack=0.3462 avg_opt=0.3962
phyopt: round=2 partition sizes high=6 low=2 mid=5.
The node "n19" with ID 19 is not in the current network.
phyopt: skip seed=n19 (cannot resolve center node in current AIG).
The node "n23" with ID 23 is not in the current network.
phyopt: skip seed=n23 (cannot resolve center node in current AIG).
The node "n24" with ID 24 is not in the current network.
phyopt: skip seed=n24 (cannot resolve center node in current AIG).
phyopt: part=low seed=n12(id=12 center=12 R=3 tpl=1 crit=0.000 pot=1.0000)
phyopt: rejected (map area 0.27->0.27, delay 43.63->43.63).
phyopt: part=low seed=n17(id=17 center=17 R=3 tpl=2 crit=0.000 pot=1.0000)
Object with ID 17 is not a node or reg output.
Error: Extracting sequential window has failed.
Error: phyopt: local optimization failed. Rolling back.
phyopt: part=mid seed=n13(id=13 center=13 R=4 tpl=2 crit=0.500 pot=0.7500)
phyopt: rejected (map area 0.27->0.27, delay 43.63->43.63).
phyopt: part=mid seed=n14(id=14 center=14 R=4 tpl=0 crit=0.500 pot=0.7500)
phyopt: rejected (map area 0.27->0.27, delay 43.63->43.63).
The node "n18" with ID 18 is not in the current network.
phyopt: skip seed=n18 (cannot resolve center node in current AIG).
phyopt: part=mid seed=n15(id=15 center=15 R=4 tpl=2 crit=0.500 pot=0.2500)
phyopt: rejected (map area 0.27->0.34, delay 43.63->42.25).
phyopt: part=mid seed=n16(id=16 center=16 R=4 tpl=2 crit=0.500 pot=0.2500)
phyopt: rejected (map area 0.27->0.34, delay 43.63->42.25).
phyopt: finished round 2/3.
mapper_extract: wrote 13 lines to "/mnt/d/My_abc_work/abc/my_work/VS-SMABC_FPRM/compare_4way_out_asap7_orfs_RVT_FF_v2/tmp/ex1010_opt_flow.phy.csv".
Loaded 13 physical records from /mnt/d/My_abc_work/abc/my_work/VS-SMABC_FPRM/compare_4way_out_asap7_orfs_RVT_FF_v2/tmp/ex1010_opt_flow.phy.csv
Potential rebuilt: alpha(low/mid/high)=0.300/0.500/0.800 avg_struct=0.5385 avg_slack=0.3462 avg_opt=0.3962
phyopt: round=3 partition sizes high=6 low=2 mid=5.
The node "n19" with ID 19 is not in the current network.
phyopt: skip seed=n19 (cannot resolve center node in current AIG).
The node "n23" with ID 23 is not in the current network.
phyopt: skip seed=n23 (cannot resolve center node in current AIG).
The node "n24" with ID 24 is not in the current network.
phyopt: skip seed=n24 (cannot resolve center node in current AIG).
phyopt: part=low seed=n12(id=12 center=12 R=3 tpl=0 crit=0.000 pot=1.0000)
phyopt: rejected (map area 0.27->0.34, delay 43.63->42.25).
phyopt: part=low seed=n17(id=17 center=17 R=3 tpl=1 crit=0.000 pot=1.0000)
Object with ID 17 is not a node or reg output.
Error: Extracting sequential window has failed.
Error: phyopt: local optimization failed. Rolling back.
phyopt: part=mid seed=n13(id=13 center=13 R=4 tpl=0 crit=0.500 pot=0.7500)
phyopt: rejected (map area 0.27->0.34, delay 43.63->42.25).
phyopt: part=mid seed=n14(id=14 center=14 R=4 tpl=1 crit=0.500 pot=0.7500)
phyopt: rejected (map area 0.27->0.27, delay 43.63->43.63).
The node "n18" with ID 18 is not in the current network.
phyopt: skip seed=n18 (cannot resolve center node in current AIG).
phyopt: part=mid seed=n15(id=15 center=15 R=4 tpl=2 crit=0.500 pot=0.2500)
phyopt: rejected (map area 0.27->0.34, delay 43.63->42.25).
phyopt: part=mid seed=n16(id=16 center=16 R=4 tpl=2 crit=0.500 pot=0.2500)
phyopt: rejected (map area 0.27->0.34, delay 43.63->42.25).
phyopt: finished round 3/3.
phyopt: partition summary (tried/accepted):
  high : 2 / 2
  low  : 0 / 7
  mid  : 0 / 11
phyopt: per-part seed coverage (topK means top-5 potential within processed seeds):
  high: seeds=31 tried=2(6.5%) accepted=2(100.0%) skipped(marked=7,low_slack=0) topK(tried=2/15 accepted=2 hit=100.0%)
  low: seeds=8 tried=7(87.5%) accepted=0(0.0%) skipped(marked=0,low_slack=0) topK(tried=7/8 accepted=0 hit=0.0%)
  mid: seeds=24 tried=11(45.8%) accepted=0(0.0%) skipped(marked=0,low_slack=0) topK(tried=11/15 accepted=0 hit=0.0%)
phyopt: sequence template stats by partition (template_id: accepted/tried):
  high: t0=1/1 t1=1/1 t2=0/0
  low: t0=0/3 t1=0/2 t2=0/2
  mid: t0=0/3 t1=0/3 t2=0/5
phyopt: rejection reason breakdown:
  - runtime_or_eval_fail : 39
  - policy_tradeoff_reject : 5
  - delay_worse : 0
  - area_worse : 10
  - area_and_delay_worse : 0
  - delay_guard_violation : 0
phyopt: skipped marked=7 low_slack=<0.10=0
phyopt: done, accepted=2 rejected=54 final_nodes=6 final_levels=4.
Derived GENLIB library "asap7sc7p5t_AO_RVT_FF_nldm_211120" with 77 gates using slew 20.00 ps and gain 250.00.
Converting "/mnt/d/My_abc_work/abc/my_work/VS-SMABC_FPRM/asap7_orfs_combined_RVT_FF_nldm.genlib" into supergate library "/mnt/d/My_abc_work/abc/my_work/VS-SMABC_FPRM/asap7_orfs_combined_RVT_FF_nldm.super".
Maximum level: Original = 4. Reduced due to choices = 4.
Choice stats:  Choice nodes = 0. Total choices = 0.
Nodes =     16.  Total 5-feasible cuts =         18.  Per node = 1.1. Time =     0.00 sec
Delay    : Delay =     0.00  Flow =         0.3  Area =         0.3   0.0 %   Time =     0.00 sec
AreaFlow : Delay =    43.63  Flow =         0.3  Area =         0.3   0.0 %   Time =     0.00 sec
Area     : Delay =    43.63  Flow =         0.0  Area =         0.3   0.0 %   Time =     0.00 sec
Area     : Delay =    43.63  Flow =         0.0  Area =         0.3   0.0 %   Time =     0.00 sec
Output  po0    : Delay = (43.63, 43.63)  POS
Total runtime =     0.01 sec
phymid: done. You can now run write_verilog/write_blif (or strash; write_aiger).
[1;37m/mnt/d/My_abc_work/abc/my_work/VS-SMABC_FPRM/aig_output_opt/ex1010_opt:[0m i/o =   10/    1  lat =    0  nd =     3  edge =      9  area = 0.27  delay =43.63  lev = 2
