======== ABC command line "source /mnt/d/My_abc_work/abc/my_work/VS-SMABC_FPRM/compare_4way_out_asap7_orfs_RVT_FF_v2/tmp/in0_opt_flow.abc"
Library "asap7sc7p5t_AO_RVT_FF_nldm_211120" from "/mnt/d/My_abc_work/abc/my_work/VS-SMABC_FPRM/asap7_orfs_combined_RVT_FF_nldm.lib" has 169 cells (0 skipped: 0 seq; 0 tri-state; 0 no func; 0 dont_use; 0 with 2 outputs; 0 with 3+ outputs).  Time =     0.62 sec
Warning: Detected 2 multi-output cells (for example, "FAx1_ASAP7_75t_R").
phymid: running map_oto -> mapper_extract -> phyread -> phyopt -> map
Derived GENLIB library "asap7sc7p5t_AO_RVT_FF_nldm_211120" with 77 gates using slew 20.00 ps and gain 250.00.
Total runtime =     0.00 sec
mapper_extract: starting extraction...
mapper_extract: extracting to "/mnt/d/My_abc_work/abc/my_work/VS-SMABC_FPRM/compare_4way_out_asap7_orfs_RVT_FF_v2/tmp/in0_opt_flow.phy.csv"...
mapper_extract: max slack = 13.000000

=== DEBUG: Node ID Mapping ===
Format: objId | Name | Type | Fanin0 | Fanin1 | Gate | pData
 17 | n17        | NODE |  15 |  -1 | INVx1_ASAP7_75t_R | 0x609f6ae935d0
 18 | n18        | NODE |  14 |  -1 | INVx1_ASAP7_75t_R | 0x609f6ae935d0
 19 | n19        | NODE |  13 |  -1 | INVx1_ASAP7_75t_R | 0x609f6ae935d0
 20 | n20        | NODE |  12 |  -1 | INVx1_ASAP7_75t_R | 0x609f6ae935d0
 21 | n21        | NODE |  11 |  -1 | INVx1_ASAP7_75t_R | 0x609f6ae935d0
 22 | n22        | NODE |  10 |  -1 | INVx1_ASAP7_75t_R | 0x609f6ae935d0
 23 | n23        | NODE |   9 |  -1 | INVx1_ASAP7_75t_R | 0x609f6ae935d0
 24 | n24        | NODE |   8 |  -1 | INVx1_ASAP7_75t_R | 0x609f6ae935d0
 25 | n25        | NODE |   7 |  -1 | INVx1_ASAP7_75t_R | 0x609f6ae935d0
 26 | n26        | NODE |   6 |  -1 | INVx1_ASAP7_75t_R | 0x609f6ae935d0
 27 | n27        | NODE |   5 |  -1 | INVx1_ASAP7_75t_R | 0x609f6ae935d0
 28 | n28        | NODE |   4 |  -1 | INVx1_ASAP7_75t_R | 0x609f6ae935d0
 29 | n29        | NODE |   3 |  -1 | INVx1_ASAP7_75t_R | 0x609f6ae935d0
 30 | n30        | NODE |   1 |  -1 | INVx1_ASAP7_75t_R | 0x609f6ae935d0
 31 | n31        | NODE |   2 |  -1 | INVx1_ASAP7_75t_R | 0x609f6ae935d0
 32 | n32        | NODE |  30 |  31 | AND2x2_ASAP7_75t_R | 0x609f6ae9c5c0
 33 | n33        | NODE |  29 |  32 | AND2x2_ASAP7_75t_R | 0x609f6ae9c5c0
 34 | n34        | NODE |  28 |  33 | AND2x2_ASAP7_75t_R | 0x609f6ae9c5c0
 35 | n35        | NODE |  27 |  34 | AND2x2_ASAP7_75t_R | 0x609f6ae9c5c0
 36 | n36        | NODE |  26 |  35 | AND2x2_ASAP7_75t_R | 0x609f6ae9c5c0
 37 | n37        | NODE |  25 |  36 | AND2x2_ASAP7_75t_R | 0x609f6ae9c5c0
 38 | n38        | NODE |  24 |  37 | AND2x2_ASAP7_75t_R | 0x609f6ae9c5c0
 39 | n39        | NODE |  23 |  38 | AND2x2_ASAP7_75t_R | 0x609f6ae9c5c0
 40 | n40        | NODE |  22 |  39 | AND2x2_ASAP7_75t_R | 0x609f6ae9c5c0
 41 | n41        | NODE |  21 |  40 | AND2x2_ASAP7_75t_R | 0x609f6ae9c5c0
 42 | n42        | NODE |  20 |  41 | AND2x2_ASAP7_75t_R | 0x609f6ae9c5c0
 43 | n43        | NODE |  19 |  42 | AND2x2_ASAP7_75t_R | 0x609f6ae9c5c0
 44 | n44        | NODE |  18 |  43 | AND2x2_ASAP7_75t_R | 0x609f6ae9c5c0
 45 | n45        | NODE |  17 |  44 | NAND2xp33_ASAP7_75t_R | 0x609f6ae9f6f0
 46 | n46        | NODE |  15 |  44 | NAND2xp33_ASAP7_75t_R | 0x609f6ae9f6f0
 47 | n47        | NODE |  45 |  46 | AND2x2_ASAP7_75t_R | 0x609f6ae9c5c0
 48 | n48        | NODE |  14 |  43 | AND2x2_ASAP7_75t_R | 0x609f6ae9c5c0
 49 | n49        | NODE |  17 |  48 | NAND2xp33_ASAP7_75t_R | 0x609f6ae9f6f0
 50 | n50        | NODE |  47 |  49 | AND2x2_ASAP7_75t_R | 0x609f6ae9c5c0
 51 | n51        | NODE |  15 |  48 | NAND2xp33_ASAP7_75t_R | 0x609f6ae9f6f0
 52 | n52        | NODE |  50 |  51 | NAND2xp33_ASAP7_75t_R | 0x609f6ae9f6f0
==============================

mapper_extract: wrote 36 lines to "/mnt/d/My_abc_work/abc/my_work/VS-SMABC_FPRM/compare_4way_out_asap7_orfs_RVT_FF_v2/tmp/in0_opt_flow.phy.csv".
mapper_extract: done.
Loaded 36 physical records from /mnt/d/My_abc_work/abc/my_work/VS-SMABC_FPRM/compare_4way_out_asap7_orfs_RVT_FF_v2/tmp/in0_opt_flow.phy.csv
Potential rebuilt: alpha(low/mid/high)=0.300/0.500/0.800 avg_struct=0.8389 avg_slack=0.2030 avg_opt=0.3663
Physical records : 36
Gate summary     : NAND=5 AND=16 INV=15 OTHER=0
Alpha (L/M/H)    : 0.300 / 0.500 / 0.800
StructW(i/p/f/g) : 0.500 / 0.400 / 0.050 / 0.050
phyopt: start rounds=3, criticality partitions high(>=0.900)->low(<=0.250)->mid, window=16, mode=fixed.
phyopt: objective=delay-non-regression + area minimization (delay_eps=0.001 rel_tol=0 area_eps=0.001 delay_only=off).
phyopt: case timeout enabled (300 sec).
phyopt: fit-function on (loaded=yes, samples=4350, l0_scale=0.35, l1_scale=0.25, coef_file=/mnt/d/My_abc_work/abc/my_work/model/phy_fit_function_v1.txt).
phyopt: sample-log off (keep_target=28% [35%,95%]).
phyopt: round=1 partition sizes high=23 low=4 mid=9.
phyopt: part=high seed=n29(id=29 center=29 R=5 tpl=0 crit=0.923 pot=0.2615)
phyopt: accepted (map area 0.95->0.57, delay 101.32->72.24).
The node "n49" with ID 49 is not in the current network.
phyopt: skip seed=n49 (cannot resolve center node in current AIG).
The node "n48" with ID 48 is not in the current network.
phyopt: skip seed=n48 (cannot resolve center node in current AIG).
The node "n30" with ID 30 is not in the current network.
phyopt: skip seed=n30 (cannot resolve center node in current AIG).
The node "n31" with ID 31 is not in the current network.
phyopt: skip seed=n31 (cannot resolve center node in current AIG).
The node "n32" with ID 32 is not in the current network.
phyopt: skip seed=n32 (cannot resolve center node in current AIG).
The node "n34" with ID 34 is not in the current network.
phyopt: skip seed=n34 (cannot resolve center node in current AIG).
The node "n35" with ID 35 is not in the current network.
phyopt: skip seed=n35 (cannot resolve center node in current AIG).
The node "n36" with ID 36 is not in the current network.
phyopt: skip seed=n36 (cannot resolve center node in current AIG).
The node "n37" with ID 37 is not in the current network.
phyopt: skip seed=n37 (cannot resolve center node in current AIG).
The node "n38" with ID 38 is not in the current network.
phyopt: skip seed=n38 (cannot resolve center node in current AIG).
The node "n39" with ID 39 is not in the current network.
phyopt: skip seed=n39 (cannot resolve center node in current AIG).
The node "n40" with ID 40 is not in the current network.
phyopt: skip seed=n40 (cannot resolve center node in current AIG).
The node "n41" with ID 41 is not in the current network.
phyopt: skip seed=n41 (cannot resolve center node in current AIG).
The node "n42" with ID 42 is not in the current network.
phyopt: skip seed=n42 (cannot resolve center node in current AIG).
The node "n45" with ID 45 is not in the current network.
phyopt: skip seed=n45 (cannot resolve center node in current AIG).
The node "n46" with ID 46 is not in the current network.
phyopt: skip seed=n46 (cannot resolve center node in current AIG).
The node "n47" with ID 47 is not in the current network.
phyopt: skip seed=n47 (cannot resolve center node in current AIG).
The node "n50" with ID 50 is not in the current network.
phyopt: skip seed=n50 (cannot resolve center node in current AIG).
The node "n52" with ID 52 is not in the current network.
phyopt: skip seed=n52 (cannot resolve center node in current AIG).
The node "n43" with ID 43 is not in the current network.
phyopt: skip seed=n43 (cannot resolve center node in current AIG).
The node "n44" with ID 44 is not in the current network.
phyopt: skip seed=n44 (cannot resolve center node in current AIG).
phyopt: part=low seed=n18(id=18 center=18 R=3 tpl=0 crit=0.077 pot=0.9769)
phyopt: rejected (map area 0.57->0.57, delay 72.24->68.71).
phyopt: part=low seed=n19(id=19 center=19 R=3 tpl=1 crit=0.154 pot=0.9538)
phyopt: rejected (map area 0.57->0.57, delay 72.24->65.27).
phyopt: part=low seed=n20(id=20 center=20 R=3 tpl=2 crit=0.231 pot=0.9308)
phyopt: accepted (map area 0.57->0.54, delay 72.24->64.05).
phyopt: part=low seed=n17(id=17 center=17 R=3 tpl=0 crit=0.000 pot=0.3000)
phyopt: rejected (map area 0.54->0.58, delay 64.05->67.85).
phyopt: part=mid seed=n21(id=21 center=21 R=4 tpl=0 crit=0.308 pot=0.8462)
phyopt: rejected (map area 0.54->0.64, delay 64.05->60.43).
phyopt: part=mid seed=n22(id=22 center=22 R=4 tpl=1 crit=0.385 pot=0.8077)
phyopt: accepted (map area 0.54->0.42, delay 64.05->53.63).
phyopt: part=mid seed=n23(id=23 center=23 R=4 tpl=2 crit=0.462 pot=0.7692)
phyopt: rejected (map area 0.42->0.43, delay 53.63->49.24).
phyopt: part=mid seed=n24(id=24 center=24 R=4 tpl=0 crit=0.538 pot=0.7308)
phyopt: rejected (map area 0.42->0.43, delay 53.63->48.64).
phyopt: part=mid seed=n25(id=25 center=25 R=4 tpl=1 crit=0.615 pot=0.6923)
phyopt: rejected (map area 0.42->0.42, delay 53.63->48.64).
phyopt: part=mid seed=n26(id=26 center=26 R=4 tpl=2 crit=0.692 pot=0.6538)
phyopt: rejected (map area 0.42->0.43, delay 53.63->48.64).
phyopt: part=mid seed=n27(id=27 center=27 R=4 tpl=1 crit=0.769 pot=0.6154)
phyopt: accepted (map area 0.42->0.36, delay 53.63->51.86).
phyopt: part=mid seed=n28(id=28 center=28 R=4 tpl=1 crit=0.846 pot=0.5769)
Object with ID 28 is not a node or reg output.
Error: Extracting sequential window has failed.
Error: phyopt: local optimization failed. Rolling back.
The node "n51" with ID 51 is not in the current network.
phyopt: skip seed=n51 (cannot resolve center node in current AIG).
phyopt: finished round 1/3.
mapper_extract: wrote 25 lines to "/mnt/d/My_abc_work/abc/my_work/VS-SMABC_FPRM/compare_4way_out_asap7_orfs_RVT_FF_v2/tmp/in0_opt_flow.phy.csv".
Loaded 25 physical records from /mnt/d/My_abc_work/abc/my_work/VS-SMABC_FPRM/compare_4way_out_asap7_orfs_RVT_FF_v2/tmp/in0_opt_flow.phy.csv
Potential rebuilt: alpha(low/mid/high)=0.300/0.500/0.800 avg_struct=0.5200 avg_slack=0.4600 avg_opt=0.4580
phyopt: round=2 partition sizes high=7 low=5 mid=13.
phyopt: part=high seed=n23(id=23 center=23 R=6 tpl=1 crit=1.000 pot=0.2000)
phyopt: rejected (map area 0.36->0.42, delay 51.86->48.02).
phyopt: part=high seed=n24(id=24 center=24 R=6 tpl=2 crit=1.000 pot=0.2000)
phyopt: rejected (map area 0.36->0.43, delay 51.86->48.64).
phyopt: part=high seed=n25(id=25 center=25 R=6 tpl=0 crit=1.000 pot=0.0000)
phyopt: rejected (map area 0.36->0.42, delay 51.86->48.64).
phyopt: part=high seed=n26(id=26 center=26 R=6 tpl=1 crit=1.000 pot=0.0000)
phyopt: rejected (map area 0.36->0.42, delay 51.86->48.64).
The node "n30" with ID 30 is not in the current network.
phyopt: skip seed=n30 (cannot resolve center node in current AIG).
The node "n31" with ID 31 is not in the current network.
phyopt: skip seed=n31 (cannot resolve center node in current AIG).
The node "n41" with ID 41 is not in the current network.
phyopt: skip seed=n41 (cannot resolve center node in current AIG).
phyopt: part=low seed=n17(id=17 center=17 R=3 tpl=1 crit=0.000 pot=1.0000)
phyopt: rejected (map area 0.36->0.42, delay 51.86->53.03).
The node "n32" with ID 32 is not in the current network.
phyopt: skip seed=n32 (cannot resolve center node in current AIG).
The node "n34" with ID 34 is not in the current network.
phyopt: skip seed=n34 (cannot resolve center node in current AIG).
phyopt: part=mid seed=n18(id=18 center=18 R=4 tpl=1 crit=0.500 pot=0.7500)
phyopt: rejected (map area 0.36->0.36, delay 51.86->51.86).
phyopt: part=mid seed=n19(id=19 center=19 R=4 tpl=1 crit=0.500 pot=0.7500)
phyopt: rejected (map area 0.36->0.43, delay 51.86->53.03).
phyopt: part=mid seed=n28(id=28 center=28 R=4 tpl=1 crit=0.500 pot=0.7500)
Object with ID 28 is not a node or reg output.
Error: Extracting sequential window has failed.
Error: phyopt: local optimization failed. Rolling back.
The node "n36" with ID 36 is not in the current network.
phyopt: skip seed=n36 (cannot resolve center node in current AIG).
The node "n37" with ID 37 is not in the current network.
phyopt: skip seed=n37 (cannot resolve center node in current AIG).
phyopt: part=mid seed=n21(id=21 center=21 R=4 tpl=2 crit=0.500 pot=0.2500)
phyopt: rejected (map area 0.36->0.36, delay 51.86->51.86).
The node "n38" with ID 38 is not in the current network.
phyopt: skip seed=n38 (cannot resolve center node in current AIG).
The node "n39" with ID 39 is not in the current network.
phyopt: skip seed=n39 (cannot resolve center node in current AIG).
phyopt: finished round 2/3.
mapper_extract: wrote 25 lines to "/mnt/d/My_abc_work/abc/my_work/VS-SMABC_FPRM/compare_4way_out_asap7_orfs_RVT_FF_v2/tmp/in0_opt_flow.phy.csv".
Loaded 25 physical records from /mnt/d/My_abc_work/abc/my_work/VS-SMABC_FPRM/compare_4way_out_asap7_orfs_RVT_FF_v2/tmp/in0_opt_flow.phy.csv
Potential rebuilt: alpha(low/mid/high)=0.300/0.500/0.800 avg_struct=0.5200 avg_slack=0.4600 avg_opt=0.4580
phyopt: round=3 partition sizes high=7 low=5 mid=13.
phyopt: part=high seed=n23(id=23 center=23 R=6 tpl=2 crit=1.000 pot=0.2000)
phyopt: rejected (map area 0.36->0.36, delay 51.86->51.86).
phyopt: part=high seed=n24(id=24 center=24 R=6 tpl=0 crit=1.000 pot=0.2000)
phyopt: rejected (map area 0.36->0.42, delay 51.86->48.64).
phyopt: part=high seed=n25(id=25 center=25 R=6 tpl=0 crit=1.000 pot=0.0000)
phyopt: rejected (map area 0.36->0.42, delay 51.86->48.64).
phyopt: part=high seed=n26(id=26 center=26 R=6 tpl=0 crit=1.000 pot=0.0000)
phyopt: rejected (map area 0.36->0.42, delay 51.86->48.64).
The node "n30" with ID 30 is not in the current network.
phyopt: skip seed=n30 (cannot resolve center node in current AIG).
The node "n31" with ID 31 is not in the current network.
phyopt: skip seed=n31 (cannot resolve center node in current AIG).
The node "n41" with ID 41 is not in the current network.
phyopt: skip seed=n41 (cannot resolve center node in current AIG).
phyopt: part=low seed=n17(id=17 center=17 R=3 tpl=1 crit=0.000 pot=1.0000)
phyopt: rejected (map area 0.36->0.42, delay 51.86->53.03).
The node "n32" with ID 32 is not in the current network.
phyopt: skip seed=n32 (cannot resolve center node in current AIG).
The node "n34" with ID 34 is not in the current network.
phyopt: skip seed=n34 (cannot resolve center node in current AIG).
phyopt: part=mid seed=n18(id=18 center=18 R=4 tpl=1 crit=0.500 pot=0.7500)
phyopt: rejected (map area 0.36->0.36, delay 51.86->51.86).
phyopt: part=mid seed=n19(id=19 center=19 R=4 tpl=1 crit=0.500 pot=0.7500)
phyopt: rejected (map area 0.36->0.43, delay 51.86->53.03).
phyopt: part=mid seed=n28(id=28 center=28 R=4 tpl=0 crit=0.500 pot=0.7500)
Object with ID 28 is not a node or reg output.
Error: Extracting sequential window has failed.
Error: phyopt: local optimization failed. Rolling back.
The node "n36" with ID 36 is not in the current network.
phyopt: skip seed=n36 (cannot resolve center node in current AIG).
The node "n37" with ID 37 is not in the current network.
phyopt: skip seed=n37 (cannot resolve center node in current AIG).
phyopt: part=mid seed=n21(id=21 center=21 R=4 tpl=2 crit=0.500 pot=0.2500)
phyopt: rejected (map area 0.36->0.36, delay 51.86->51.86).
The node "n38" with ID 38 is not in the current network.
phyopt: skip seed=n38 (cannot resolve center node in current AIG).
The node "n39" with ID 39 is not in the current network.
phyopt: skip seed=n39 (cannot resolve center node in current AIG).
phyopt: finished round 3/3.
phyopt: partition summary (tried/accepted):
  high : 1 / 9
  low  : 1 / 6
  mid  : 2 / 16
phyopt: per-part seed coverage (topK means top-5 potential within processed seeds):
  high: seeds=37 tried=9(24.3%) accepted=1(11.1%) skipped(marked=1,low_slack=0) topK(tried=9/15 accepted=1 hit=11.1%)
  low: seeds=14 tried=6(42.9%) accepted=1(16.7%) skipped(marked=4,low_slack=0) topK(tried=6/14 accepted=1 hit=16.7%)
  mid: seeds=35 tried=16(45.7%) accepted=2(12.5%) skipped(marked=10,low_slack=0) topK(tried=11/15 accepted=1 hit=9.1%)
phyopt: sequence template stats by partition (template_id: accepted/tried):
  high: t0=1/5 t1=0/2 t2=0/2
  low: t0=0/2 t1=0/3 t2=1/1
  mid: t0=0/3 t1=2/9 t2=0/4
phyopt: rejection reason breakdown:
  - runtime_or_eval_fail : 43
  - policy_tradeoff_reject : 8
  - delay_worse : 0
  - area_worse : 11
  - area_and_delay_worse : 5
  - delay_guard_violation : 0
phyopt: skipped marked=15 low_slack=<0.10=0
phyopt: done, accepted=4 rejected=67 final_nodes=12 final_levels=5.
Derived GENLIB library "asap7sc7p5t_AO_RVT_FF_nldm_211120" with 77 gates using slew 20.00 ps and gain 250.00.
Converting "/mnt/d/My_abc_work/abc/my_work/VS-SMABC_FPRM/asap7_orfs_combined_RVT_FF_nldm.genlib" into supergate library "/mnt/d/My_abc_work/abc/my_work/VS-SMABC_FPRM/asap7_orfs_combined_RVT_FF_nldm.super".
Maximum level: Original = 5. Reduced due to choices = 5.
Choice stats:  Choice nodes = 0. Total choices = 0.
Nodes =     27.  Total 5-feasible cuts =         53.  Per node = 2.0. Time =     0.00 sec
Delay    : Delay =     0.00  Flow =         0.4  Area =         0.4   0.0 %   Time =     0.00 sec
AreaFlow : Delay =    51.86  Flow =         0.4  Area =         0.4   0.0 %   Time =     0.00 sec
Area     : Delay =    51.86  Flow =         0.0  Area =         0.4   0.0 %   Time =     0.00 sec
Area     : Delay =    51.86  Flow =         0.0  Area =         0.4   0.0 %   Time =     0.00 sec
Output  po0    : Delay = (51.86, 51.86)  POS
Total runtime =     0.01 sec
phymid: done. You can now run write_verilog/write_blif (or strash; write_aiger).
[1;37m/mnt/d/My_abc_work/abc/my_work/VS-SMABC_FPRM/aig_output_opt/in0_opt:[0m i/o =   15/    1  lat =    0  nd =     4  edge =     16  area = 0.36  delay =51.86  lev = 2
