======== ABC command line "source /mnt/d/My_abc_work/abc/my_work/VS-SMABC_FPRM/compare_4way_out_asap7_orfs_RVT_FF_v2/tmp/in2_opt_flow.abc"
Library "asap7sc7p5t_AO_RVT_FF_nldm_211120" from "/mnt/d/My_abc_work/abc/my_work/VS-SMABC_FPRM/asap7_orfs_combined_RVT_FF_nldm.lib" has 169 cells (0 skipped: 0 seq; 0 tri-state; 0 no func; 0 dont_use; 0 with 2 outputs; 0 with 3+ outputs).  Time =     0.55 sec
Warning: Detected 2 multi-output cells (for example, "FAx1_ASAP7_75t_R").
phymid: running map_oto -> mapper_extract -> phyread -> phyopt -> map
Derived GENLIB library "asap7sc7p5t_AO_RVT_FF_nldm_211120" with 77 gates using slew 20.00 ps and gain 250.00.
Total runtime =     0.00 sec
mapper_extract: starting extraction...
mapper_extract: extracting to "/mnt/d/My_abc_work/abc/my_work/VS-SMABC_FPRM/compare_4way_out_asap7_orfs_RVT_FF_v2/tmp/in2_opt_flow.phy.csv"...
mapper_extract: max slack = 17.000000

=== DEBUG: Node ID Mapping ===
Format: objId | Name | Type | Fanin0 | Fanin1 | Gate | pData
 21 | n21        | NODE |  19 |  -1 | INVx1_ASAP7_75t_R | 0x617ce96bd5d0
 22 | n22        | NODE |  18 |  -1 | INVx1_ASAP7_75t_R | 0x617ce96bd5d0
 23 | n23        | NODE |  17 |  -1 | INVx1_ASAP7_75t_R | 0x617ce96bd5d0
 24 | n24        | NODE |  16 |  -1 | INVx1_ASAP7_75t_R | 0x617ce96bd5d0
 25 | n25        | NODE |  15 |  -1 | INVx1_ASAP7_75t_R | 0x617ce96bd5d0
 26 | n26        | NODE |  14 |  -1 | INVx1_ASAP7_75t_R | 0x617ce96bd5d0
 27 | n27        | NODE |  13 |  -1 | INVx1_ASAP7_75t_R | 0x617ce96bd5d0
 28 | n28        | NODE |  12 |  -1 | INVx1_ASAP7_75t_R | 0x617ce96bd5d0
 29 | n29        | NODE |  11 |  -1 | INVx1_ASAP7_75t_R | 0x617ce96bd5d0
 30 | n30        | NODE |  10 |  -1 | INVx1_ASAP7_75t_R | 0x617ce96bd5d0
 31 | n31        | NODE |   9 |  -1 | INVx1_ASAP7_75t_R | 0x617ce96bd5d0
 32 | n32        | NODE |   8 |  -1 | INVx1_ASAP7_75t_R | 0x617ce96bd5d0
 33 | n33        | NODE |   7 |  -1 | INVx1_ASAP7_75t_R | 0x617ce96bd5d0
 34 | n34        | NODE |   6 |  -1 | INVx1_ASAP7_75t_R | 0x617ce96bd5d0
 35 | n35        | NODE |   5 |  -1 | INVx1_ASAP7_75t_R | 0x617ce96bd5d0
 36 | n36        | NODE |   4 |  -1 | INVx1_ASAP7_75t_R | 0x617ce96bd5d0
 37 | n37        | NODE |   3 |  -1 | INVx1_ASAP7_75t_R | 0x617ce96bd5d0
 38 | n38        | NODE |   1 |  -1 | INVx1_ASAP7_75t_R | 0x617ce96bd5d0
 39 | n39        | NODE |   2 |  -1 | INVx1_ASAP7_75t_R | 0x617ce96bd5d0
 40 | n40        | NODE |  38 |  39 | AND2x2_ASAP7_75t_R | 0x617ce96c65c0
 41 | n41        | NODE |  37 |  40 | AND2x2_ASAP7_75t_R | 0x617ce96c65c0
 42 | n42        | NODE |  36 |  41 | AND2x2_ASAP7_75t_R | 0x617ce96c65c0
 43 | n43        | NODE |  35 |  42 | AND2x2_ASAP7_75t_R | 0x617ce96c65c0
 44 | n44        | NODE |  34 |  43 | AND2x2_ASAP7_75t_R | 0x617ce96c65c0
 45 | n45        | NODE |  33 |  44 | AND2x2_ASAP7_75t_R | 0x617ce96c65c0
 46 | n46        | NODE |  32 |  45 | AND2x2_ASAP7_75t_R | 0x617ce96c65c0
 47 | n47        | NODE |  31 |  46 | AND2x2_ASAP7_75t_R | 0x617ce96c65c0
 48 | n48        | NODE |  30 |  47 | AND2x2_ASAP7_75t_R | 0x617ce96c65c0
 49 | n49        | NODE |  29 |  48 | AND2x2_ASAP7_75t_R | 0x617ce96c65c0
 50 | n50        | NODE |  28 |  49 | AND2x2_ASAP7_75t_R | 0x617ce96c65c0
 51 | n51        | NODE |  27 |  50 | AND2x2_ASAP7_75t_R | 0x617ce96c65c0
 52 | n52        | NODE |  26 |  51 | AND2x2_ASAP7_75t_R | 0x617ce96c65c0
 53 | n53        | NODE |  25 |  52 | AND2x2_ASAP7_75t_R | 0x617ce96c65c0
 54 | n54        | NODE |  24 |  53 | AND2x2_ASAP7_75t_R | 0x617ce96c65c0
 55 | n55        | NODE |  23 |  54 | AND2x2_ASAP7_75t_R | 0x617ce96c65c0
 56 | n56        | NODE |  22 |  55 | AND2x2_ASAP7_75t_R | 0x617ce96c65c0
 57 | n57        | NODE |  21 |  56 | NAND2xp33_ASAP7_75t_R | 0x617ce96c96f0
 58 | n58        | NODE |  18 |  55 | AND2x2_ASAP7_75t_R | 0x617ce96c65c0
 59 | n59        | NODE |  21 |  58 | NAND2xp33_ASAP7_75t_R | 0x617ce96c96f0
 60 | n60        | NODE |  57 |  59 | AND2x2_ASAP7_75t_R | 0x617ce96c65c0
 61 | n61        | NODE |  19 |  58 | NAND2xp33_ASAP7_75t_R | 0x617ce96c96f0
 62 | n62        | NODE |  60 |  61 | NAND2xp33_ASAP7_75t_R | 0x617ce96c96f0
==============================

mapper_extract: wrote 42 lines to "/mnt/d/My_abc_work/abc/my_work/VS-SMABC_FPRM/compare_4way_out_asap7_orfs_RVT_FF_v2/tmp/in2_opt_flow.phy.csv".
mapper_extract: done.
Loaded 42 physical records from /mnt/d/My_abc_work/abc/my_work/VS-SMABC_FPRM/compare_4way_out_asap7_orfs_RVT_FF_v2/tmp/in2_opt_flow.phy.csv
Potential rebuilt: alpha(low/mid/high)=0.300/0.500/0.800 avg_struct=0.8515 avg_slack=0.2157 avg_opt=0.3842
Physical records : 42
Gate summary     : NAND=4 AND=19 INV=19 OTHER=0
Alpha (L/M/H)    : 0.300 / 0.500 / 0.800
StructW(i/p/f/g) : 0.500 / 0.400 / 0.050 / 0.050
phyopt: start rounds=3, criticality partitions high(>=0.900)->low(<=0.250)->mid, window=16, mode=fixed.
phyopt: objective=delay-non-regression + area minimization (delay_eps=0.001 rel_tol=0 area_eps=0.001 delay_only=off).
phyopt: case timeout enabled (300 sec).
phyopt: fit-function on (loaded=yes, samples=4350, l0_scale=0.35, l1_scale=0.25, coef_file=/mnt/d/My_abc_work/abc/my_work/model/phy_fit_function_v1.txt).
phyopt: sample-log off (keep_target=28% [35%,95%]).
phyopt: round=1 partition sizes high=26 low=5 mid=11.
phyopt: part=high seed=n37(id=37 center=37 R=5 tpl=0 crit=0.941 pot=0.2471)
phyopt: rejected (map area 0.84->0.95, delay 111.48->107.09).
The node "n61" with ID 61 is not in the current network.
phyopt: skip seed=n61 (cannot resolve center node in current AIG).
phyopt: part=high seed=n38(id=38 center=38 R=6 tpl=2 crit=1.000 pot=0.2000)
phyopt: rejected (map area 0.84->0.91, delay 111.48->101.15).
phyopt: part=high seed=n39(id=39 center=39 R=6 tpl=0 crit=1.000 pot=0.2000)
phyopt: rejected (map area 0.84->0.87, delay 111.48->103.29).
phyopt: part=high seed=n40(id=40 center=40 R=6 tpl=1 crit=1.000 pot=0.1548)
phyopt: rejected (map area 0.84->0.95, delay 111.48->107.09).
phyopt: part=high seed=n41(id=41 center=41 R=6 tpl=2 crit=1.000 pot=0.1548)
phyopt: rejected (map area 0.84->0.93, delay 111.48->92.28).
phyopt: part=high seed=n42(id=42 center=42 R=6 tpl=0 crit=1.000 pot=0.1548)
phyopt: rejected (map area 0.84->0.95, delay 111.48->107.09).
phyopt: part=high seed=n43(id=43 center=43 R=6 tpl=1 crit=1.000 pot=0.1548)
Object with ID 43 is not a node or reg output.
Error: Extracting sequential window has failed.
Error: phyopt: local optimization failed. Rolling back.
The node "n44" with ID 44 is not in the current network.
phyopt: skip seed=n44 (cannot resolve center node in current AIG).
The node "n45" with ID 45 is not in the current network.
phyopt: skip seed=n45 (cannot resolve center node in current AIG).
The node "n46" with ID 46 is not in the current network.
phyopt: skip seed=n46 (cannot resolve center node in current AIG).
The node "n47" with ID 47 is not in the current network.
phyopt: skip seed=n47 (cannot resolve center node in current AIG).
The node "n48" with ID 48 is not in the current network.
phyopt: skip seed=n48 (cannot resolve center node in current AIG).
The node "n49" with ID 49 is not in the current network.
phyopt: skip seed=n49 (cannot resolve center node in current AIG).
The node "n50" with ID 50 is not in the current network.
phyopt: skip seed=n50 (cannot resolve center node in current AIG).
The node "n51" with ID 51 is not in the current network.
phyopt: skip seed=n51 (cannot resolve center node in current AIG).
The node "n52" with ID 52 is not in the current network.
phyopt: skip seed=n52 (cannot resolve center node in current AIG).
The node "n53" with ID 53 is not in the current network.
phyopt: skip seed=n53 (cannot resolve center node in current AIG).
The node "n54" with ID 54 is not in the current network.
phyopt: skip seed=n54 (cannot resolve center node in current AIG).
The node "n56" with ID 56 is not in the current network.
phyopt: skip seed=n56 (cannot resolve center node in current AIG).
The node "n57" with ID 57 is not in the current network.
phyopt: skip seed=n57 (cannot resolve center node in current AIG).
The node "n59" with ID 59 is not in the current network.
phyopt: skip seed=n59 (cannot resolve center node in current AIG).
The node "n60" with ID 60 is not in the current network.
phyopt: skip seed=n60 (cannot resolve center node in current AIG).
The node "n62" with ID 62 is not in the current network.
phyopt: skip seed=n62 (cannot resolve center node in current AIG).
The node "n55" with ID 55 is not in the current network.
phyopt: skip seed=n55 (cannot resolve center node in current AIG).
The node "n58" with ID 58 is not in the current network.
phyopt: skip seed=n58 (cannot resolve center node in current AIG).
phyopt: part=low seed=n22(id=22 center=22 R=3 tpl=0 crit=0.059 pot=0.9824)
phyopt: rejected (map area 0.84->0.84, delay 111.48->104.51).
phyopt: part=low seed=n23(id=23 center=23 R=3 tpl=1 crit=0.118 pot=0.9647)
phyopt: accepted (map area 0.84->0.81, delay 111.48->103.29).
phyopt: part=low seed=n24(id=24 center=24 R=3 tpl=2 crit=0.176 pot=0.9471)
phyopt: rejected (map area 0.81->0.81, delay 103.29->100.69).
phyopt: part=low seed=n25(id=25 center=25 R=3 tpl=0 crit=0.235 pot=0.9294)
phyopt: accepted (map area 0.81->0.78, delay 103.29->99.49).
phyopt: part=low seed=n21(id=21 center=21 R=3 tpl=1 crit=0.000 pot=0.3000)
phyopt: rejected (map area 0.78->0.78, delay 99.49->99.49).
phyopt: part=mid seed=n26(id=26 center=26 R=4 tpl=0 crit=0.294 pot=0.8529)
phyopt: rejected (map area 0.78->0.80, delay 99.49->92.27).
phyopt: part=mid seed=n27(id=27 center=27 R=4 tpl=1 crit=0.353 pot=0.8235)
phyopt: rejected (map area 0.78->0.79, delay 99.49->85.19).
phyopt: part=mid seed=n28(id=28 center=28 R=4 tpl=2 crit=0.412 pot=0.7941)
phyopt: accepted (map area 0.78->0.74, delay 99.49->83.09).
phyopt: part=mid seed=n29(id=29 center=29 R=4 tpl=0 crit=0.471 pot=0.7647)
phyopt: rejected (map area 0.74->0.81, delay 83.09->81.16).
phyopt: part=mid seed=n30(id=30 center=30 R=4 tpl=1 crit=0.529 pot=0.7353)
phyopt: rejected (map area 0.74->0.83, delay 83.09->77.01).
phyopt: part=mid seed=n31(id=31 center=31 R=4 tpl=2 crit=0.588 pot=0.7059)
phyopt: accepted (map area 0.74->0.57, delay 83.09->64.04).
phyopt: part=mid seed=n32(id=32 center=32 R=4 tpl=2 crit=0.647 pot=0.6765)
phyopt: rejected (map area 0.57->0.73, delay 64.04->60.87).
phyopt: part=mid seed=n33(id=33 center=33 R=4 tpl=2 crit=0.706 pot=0.6471)
phyopt: rejected (map area 0.57->0.73, delay 64.04->59.65).
phyopt: part=mid seed=n34(id=34 center=34 R=4 tpl=2 crit=0.765 pot=0.6176)
phyopt: rejected (map area 0.57->0.80, delay 64.04->56.03).
phyopt: part=mid seed=n35(id=35 center=35 R=4 tpl=2 crit=0.824 pot=0.5882)
phyopt: rejected (map area 0.57->0.74, delay 64.04->59.46).
phyopt: part=mid seed=n36(id=36 center=36 R=4 tpl=2 crit=0.882 pot=0.5588)
phyopt: rejected (map area 0.57->0.91, delay 64.04->59.17).
phyopt: finished round 1/3.
mapper_extract: wrote 42 lines to "/mnt/d/My_abc_work/abc/my_work/VS-SMABC_FPRM/compare_4way_out_asap7_orfs_RVT_FF_v2/tmp/in2_opt_flow.phy.csv".
Loaded 42 physical records from /mnt/d/My_abc_work/abc/my_work/VS-SMABC_FPRM/compare_4way_out_asap7_orfs_RVT_FF_v2/tmp/in2_opt_flow.phy.csv
Potential rebuilt: alpha(low/mid/high)=0.300/0.500/0.800 avg_struct=0.8515 avg_slack=0.1497 avg_opt=0.4161
phyopt: round=2 partition sizes high=14 low=2 mid=26.
phyopt: part=high seed=n26(id=26 center=26 R=6 tpl=0 crit=1.000 pot=0.2000)
phyopt: rejected (map area 0.57->0.73, delay 64.04->57.05).
phyopt: part=high seed=n27(id=27 center=27 R=6 tpl=2 crit=1.000 pot=0.1548)
phyopt: rejected (map area 0.57->0.70, delay 64.04->59.65).
phyopt: part=high seed=n32(id=32 center=32 R=6 tpl=1 crit=1.000 pot=0.1548)
phyopt: rejected (map area 0.57->0.80, delay 64.04->56.03).
phyopt: part=high seed=n38(id=38 center=38 R=6 tpl=0 crit=1.000 pot=0.1548)
phyopt: rejected (map area 0.57->0.80, delay 64.04->56.03).
The node "n54" with ID 54 is not in the current network.
phyopt: skip seed=n54 (cannot resolve center node in current AIG).
The node "n56" with ID 56 is not in the current network.
phyopt: skip seed=n56 (cannot resolve center node in current AIG).
The node "n57" with ID 57 is not in the current network.
phyopt: skip seed=n57 (cannot resolve center node in current AIG).
The node "n59" with ID 59 is not in the current network.
phyopt: skip seed=n59 (cannot resolve center node in current AIG).
The node "n60" with ID 60 is not in the current network.
phyopt: skip seed=n60 (cannot resolve center node in current AIG).
The node "n62" with ID 62 is not in the current network.
phyopt: skip seed=n62 (cannot resolve center node in current AIG).
The node "n58" with ID 58 is not in the current network.
phyopt: skip seed=n58 (cannot resolve center node in current AIG).
phyopt: part=low seed=n22(id=22 center=22 R=3 tpl=2 crit=0.143 pot=0.9571)
phyopt: rejected (map area 0.57->0.58, delay 64.04->62.18).
phyopt: part=low seed=n21(id=21 center=21 R=3 tpl=1 crit=0.000 pot=0.3000)
phyopt: rejected (map area 0.57->0.57, delay 64.04->64.04).
phyopt: part=mid seed=n33(id=33 center=33 R=4 tpl=2 crit=0.714 pot=0.6429)
phyopt: rejected (map area 0.57->0.73, delay 64.04->59.65).
phyopt: part=mid seed=n24(id=24 center=24 R=4 tpl=2 crit=0.857 pot=0.5714)
phyopt: rejected (map area 0.57->0.61, delay 64.04->64.49).
phyopt: part=mid seed=n29(id=29 center=29 R=4 tpl=2 crit=0.857 pot=0.5714)
phyopt: rejected (map area 0.57->0.73, delay 64.04->60.87).
phyopt: part=mid seed=n30(id=30 center=30 R=4 tpl=2 crit=0.857 pot=0.5714)
phyopt: rejected (map area 0.57->0.57, delay 64.04->64.04).
phyopt: part=mid seed=n34(id=34 center=34 R=4 tpl=0 crit=0.857 pot=0.5714)
phyopt: rejected (map area 0.57->0.80, delay 64.04->56.03).
phyopt: part=mid seed=n35(id=35 center=35 R=4 tpl=2 crit=0.857 pot=0.5714)
phyopt: rejected (map area 0.57->0.74, delay 64.04->59.46).
phyopt: part=mid seed=n39(id=39 center=39 R=4 tpl=1 crit=0.857 pot=0.5714)
phyopt: rejected (map area 0.57->0.70, delay 64.04->57.05).
phyopt: part=mid seed=n40(id=40 center=40 R=4 tpl=2 crit=0.857 pot=0.5714)
phyopt: rejected (map area 0.57->0.79, delay 64.04->60.68).
phyopt: part=mid seed=n42(id=42 center=42 R=4 tpl=2 crit=0.857 pot=0.5714)
phyopt: rejected (map area 0.57->0.79, delay 64.04->60.68).
phyopt: part=mid seed=n43(id=43 center=43 R=4 tpl=2 crit=0.857 pot=0.5714)
Object with ID 43 is not a node or reg output.
Error: Extracting sequential window has failed.
Error: phyopt: local optimization failed. Rolling back.
The node "n46" with ID 46 is not in the current network.
phyopt: skip seed=n46 (cannot resolve center node in current AIG).
The node "n49" with ID 49 is not in the current network.
phyopt: skip seed=n49 (cannot resolve center node in current AIG).
phyopt: part=mid seed=n36(id=36 center=36 R=4 tpl=0 crit=0.857 pot=0.4583)
phyopt: rejected (map area 0.57->0.86, delay 64.04->59.94).
phyopt: part=mid seed=n37(id=37 center=37 R=4 tpl=2 crit=0.857 pot=0.4583)
phyopt: rejected (map area 0.57->0.70, delay 64.04->57.05).
phyopt: part=mid seed=n41(id=41 center=41 R=4 tpl=2 crit=0.857 pot=0.4583)
phyopt: rejected (map area 0.57->0.70, delay 64.04->57.05).
The node "n44" with ID 44 is not in the current network.
phyopt: skip seed=n44 (cannot resolve center node in current AIG).
The node "n45" with ID 45 is not in the current network.
phyopt: skip seed=n45 (cannot resolve center node in current AIG).
The node "n48" with ID 48 is not in the current network.
phyopt: skip seed=n48 (cannot resolve center node in current AIG).
The node "n51" with ID 51 is not in the current network.
phyopt: skip seed=n51 (cannot resolve center node in current AIG).
The node "n52" with ID 52 is not in the current network.
phyopt: skip seed=n52 (cannot resolve center node in current AIG).
The node "n61" with ID 61 is not in the current network.
phyopt: skip seed=n61 (cannot resolve center node in current AIG).
phyopt: finished round 2/3.
mapper_extract: wrote 42 lines to "/mnt/d/My_abc_work/abc/my_work/VS-SMABC_FPRM/compare_4way_out_asap7_orfs_RVT_FF_v2/tmp/in2_opt_flow.phy.csv".
Loaded 42 physical records from /mnt/d/My_abc_work/abc/my_work/VS-SMABC_FPRM/compare_4way_out_asap7_orfs_RVT_FF_v2/tmp/in2_opt_flow.phy.csv
Potential rebuilt: alpha(low/mid/high)=0.300/0.500/0.800 avg_struct=0.8515 avg_slack=0.1497 avg_opt=0.4161
phyopt: round=3 partition sizes high=14 low=2 mid=26.
phyopt: part=high seed=n26(id=26 center=26 R=6 tpl=2 crit=1.000 pot=0.2000)
phyopt: rejected (map area 0.57->0.83, delay 64.04->58.77).
phyopt: part=high seed=n27(id=27 center=27 R=6 tpl=0 crit=1.000 pot=0.1548)
phyopt: rejected (map area 0.57->0.70, delay 64.04->59.65).
phyopt: part=high seed=n32(id=32 center=32 R=6 tpl=1 crit=1.000 pot=0.1548)
phyopt: rejected (map area 0.57->0.80, delay 64.04->56.03).
phyopt: part=high seed=n38(id=38 center=38 R=6 tpl=0 crit=1.000 pot=0.1548)
phyopt: rejected (map area 0.57->0.80, delay 64.04->56.03).
The node "n54" with ID 54 is not in the current network.
phyopt: skip seed=n54 (cannot resolve center node in current AIG).
The node "n56" with ID 56 is not in the current network.
phyopt: skip seed=n56 (cannot resolve center node in current AIG).
The node "n57" with ID 57 is not in the current network.
phyopt: skip seed=n57 (cannot resolve center node in current AIG).
The node "n59" with ID 59 is not in the current network.
phyopt: skip seed=n59 (cannot resolve center node in current AIG).
The node "n60" with ID 60 is not in the current network.
phyopt: skip seed=n60 (cannot resolve center node in current AIG).
The node "n62" with ID 62 is not in the current network.
phyopt: skip seed=n62 (cannot resolve center node in current AIG).
The node "n58" with ID 58 is not in the current network.
phyopt: skip seed=n58 (cannot resolve center node in current AIG).
phyopt: part=low seed=n22(id=22 center=22 R=3 tpl=0 crit=0.143 pot=0.9571)
phyopt: rejected (map area 0.57->0.61, delay 64.04->64.49).
phyopt: part=low seed=n21(id=21 center=21 R=3 tpl=1 crit=0.000 pot=0.3000)
phyopt: rejected (map area 0.57->0.57, delay 64.04->64.04).
phyopt: part=mid seed=n33(id=33 center=33 R=4 tpl=1 crit=0.714 pot=0.6429)
phyopt: rejected (map area 0.57->0.70, delay 64.04->59.65).
phyopt: part=mid seed=n24(id=24 center=24 R=4 tpl=2 crit=0.857 pot=0.5714)
phyopt: rejected (map area 0.57->0.61, delay 64.04->64.49).
phyopt: part=mid seed=n29(id=29 center=29 R=4 tpl=2 crit=0.857 pot=0.5714)
phyopt: rejected (map area 0.57->0.73, delay 64.04->60.87).
phyopt: part=mid seed=n30(id=30 center=30 R=4 tpl=0 crit=0.857 pot=0.5714)
phyopt: rejected (map area 0.57->0.57, delay 64.04->64.04).
phyopt: part=mid seed=n34(id=34 center=34 R=4 tpl=2 crit=0.857 pot=0.5714)
phyopt: rejected (map area 0.57->0.80, delay 64.04->56.03).
phyopt: part=mid seed=n35(id=35 center=35 R=4 tpl=2 crit=0.857 pot=0.5714)
phyopt: rejected (map area 0.57->0.74, delay 64.04->59.46).
phyopt: part=mid seed=n39(id=39 center=39 R=4 tpl=2 crit=0.857 pot=0.5714)
phyopt: rejected (map area 0.57->0.70, delay 64.04->57.05).
phyopt: part=mid seed=n40(id=40 center=40 R=4 tpl=1 crit=0.857 pot=0.5714)
phyopt: rejected (map area 0.57->0.79, delay 64.04->60.68).
phyopt: part=mid seed=n42(id=42 center=42 R=4 tpl=2 crit=0.857 pot=0.5714)
phyopt: rejected (map area 0.57->0.79, delay 64.04->60.68).
phyopt: part=mid seed=n43(id=43 center=43 R=4 tpl=2 crit=0.857 pot=0.5714)
Object with ID 43 is not a node or reg output.
Error: Extracting sequential window has failed.
Error: phyopt: local optimization failed. Rolling back.
The node "n46" with ID 46 is not in the current network.
phyopt: skip seed=n46 (cannot resolve center node in current AIG).
The node "n49" with ID 49 is not in the current network.
phyopt: skip seed=n49 (cannot resolve center node in current AIG).
phyopt: part=mid seed=n36(id=36 center=36 R=4 tpl=0 crit=0.857 pot=0.4583)
phyopt: rejected (map area 0.57->0.86, delay 64.04->59.94).
phyopt: part=mid seed=n37(id=37 center=37 R=4 tpl=2 crit=0.857 pot=0.4583)
phyopt: rejected (map area 0.57->0.70, delay 64.04->57.05).
phyopt: part=mid seed=n41(id=41 center=41 R=4 tpl=2 crit=0.857 pot=0.4583)
phyopt: rejected (map area 0.57->0.70, delay 64.04->57.05).
The node "n44" with ID 44 is not in the current network.
phyopt: skip seed=n44 (cannot resolve center node in current AIG).
The node "n45" with ID 45 is not in the current network.
phyopt: skip seed=n45 (cannot resolve center node in current AIG).
The node "n48" with ID 48 is not in the current network.
phyopt: skip seed=n48 (cannot resolve center node in current AIG).
The node "n51" with ID 51 is not in the current network.
phyopt: skip seed=n51 (cannot resolve center node in current AIG).
The node "n52" with ID 52 is not in the current network.
phyopt: skip seed=n52 (cannot resolve center node in current AIG).
The node "n61" with ID 61 is not in the current network.
phyopt: skip seed=n61 (cannot resolve center node in current AIG).
phyopt: finished round 3/3.
phyopt: partition summary (tried/accepted):
  high : 0 / 15
  low  : 2 / 9
  mid  : 2 / 37
phyopt: per-part seed coverage (topK means top-5 potential within processed seeds):
  high: seeds=54 tried=15(27.8%) accepted=0(0.0%) skipped(marked=6,low_slack=0) topK(tried=10/15 accepted=0 hit=0.0%)
  low: seeds=9 tried=9(100.0%) accepted=2(22.2%) skipped(marked=0,low_slack=0) topK(tried=9/9 accepted=2 hit=22.2%)
  mid: seeds=63 tried=37(58.7%) accepted=2(5.4%) skipped(marked=10,low_slack=0) topK(tried=13/15 accepted=1 hit=7.7%)
phyopt: sequence template stats by partition (template_id: accepted/tried):
  high: t0=0/7 t1=0/4 t2=0/4
  low: t0=1/3 t1=1/4 t2=0/2
  mid: t0=0/6 t1=0/5 t2=2/26
phyopt: rejection reason breakdown:
  - runtime_or_eval_fail : 52
  - policy_tradeoff_reject : 7
  - delay_worse : 0
  - area_worse : 44
  - area_and_delay_worse : 3
  - delay_guard_violation : 0
phyopt: skipped marked=16 low_slack=<0.10=0
phyopt: done, accepted=4 rejected=106 final_nodes=23 final_levels=10.
Derived GENLIB library "asap7sc7p5t_AO_RVT_FF_nldm_211120" with 77 gates using slew 20.00 ps and gain 250.00.
Converting "/mnt/d/My_abc_work/abc/my_work/VS-SMABC_FPRM/asap7_orfs_combined_RVT_FF_nldm.genlib" into supergate library "/mnt/d/My_abc_work/abc/my_work/VS-SMABC_FPRM/asap7_orfs_combined_RVT_FF_nldm.super".
Maximum level: Original = 10. Reduced due to choices = 10.
Choice stats:  Choice nodes = 0. Total choices = 0.
Nodes =     42.  Total 5-feasible cuts =        119.  Per node = 2.8. Time =     0.00 sec
Delay    : Delay =     0.00  Flow =         0.5  Area =         0.6   0.0 %   Time =     0.00 sec
AreaFlow : Delay =    64.04  Flow =         0.5  Area =         0.6   0.0 %   Time =     0.00 sec
Area     : Delay =    64.04  Flow =         0.0  Area =         0.6   0.0 %   Time =     0.00 sec
Area     : Delay =    64.04  Flow =         0.0  Area =         0.6   0.0 %   Time =     0.00 sec
Output  po0    : Delay = (64.04, 64.04)  NEG
Total runtime =     0.01 sec
phymid: done. You can now run write_verilog/write_blif (or strash; write_aiger).
[1;37m/mnt/d/My_abc_work/abc/my_work/VS-SMABC_FPRM/aig_output_opt/in2_opt:[0m i/o =   19/    1  lat =    0  nd =     7  edge =     25  area = 0.57  delay =64.04  lev = 3
