======== ABC command line "source /mnt/d/My_abc_work/abc/my_work/VS-SMABC_FPRM/compare_4way_out_asap7_orfs_RVT_FF_v2/tmp/rd84_opt_flow.abc"
Library "asap7sc7p5t_AO_RVT_FF_nldm_211120" from "/mnt/d/My_abc_work/abc/my_work/VS-SMABC_FPRM/asap7_orfs_combined_RVT_FF_nldm.lib" has 169 cells (0 skipped: 0 seq; 0 tri-state; 0 no func; 0 dont_use; 0 with 2 outputs; 0 with 3+ outputs).  Time =     0.62 sec
Warning: Detected 2 multi-output cells (for example, "FAx1_ASAP7_75t_R").
phymid: running map_oto -> mapper_extract -> phyread -> phyopt -> map
Derived GENLIB library "asap7sc7p5t_AO_RVT_FF_nldm_211120" with 77 gates using slew 20.00 ps and gain 250.00.
Total runtime =     0.00 sec
mapper_extract: starting extraction...
mapper_extract: extracting to "/mnt/d/My_abc_work/abc/my_work/VS-SMABC_FPRM/compare_4way_out_asap7_orfs_RVT_FF_v2/tmp/rd84_opt_flow.phy.csv"...
mapper_extract: max slack = 6.000000

=== DEBUG: Node ID Mapping ===
Format: objId | Name | Type | Fanin0 | Fanin1 | Gate | pData
 10 | n10        | NODE |   7 |  -1 | INVx1_ASAP7_75t_R | 0x5f66c9c945d0
 11 | n11        | NODE |   6 |  -1 | INVx1_ASAP7_75t_R | 0x5f66c9c945d0
 12 | n12        | NODE |   5 |  -1 | INVx1_ASAP7_75t_R | 0x5f66c9c945d0
 13 | n13        | NODE |   4 |  -1 | INVx1_ASAP7_75t_R | 0x5f66c9c945d0
 14 | n14        | NODE |   3 |  -1 | INVx1_ASAP7_75t_R | 0x5f66c9c945d0
 15 | n15        | NODE |   1 |  -1 | INVx1_ASAP7_75t_R | 0x5f66c9c945d0
 16 | n16        | NODE |   2 |  -1 | INVx1_ASAP7_75t_R | 0x5f66c9c945d0
 17 | n17        | NODE |  15 |  16 | AND2x2_ASAP7_75t_R | 0x5f66c9c9d5c0
 18 | n18        | NODE |  14 |  17 | AND2x2_ASAP7_75t_R | 0x5f66c9c9d5c0
 19 | n19        | NODE |  13 |  18 | AND2x2_ASAP7_75t_R | 0x5f66c9c9d5c0
 20 | n20        | NODE |  12 |  19 | AND2x2_ASAP7_75t_R | 0x5f66c9c9d5c0
 21 | n21        | NODE |  11 |  20 | AND2x2_ASAP7_75t_R | 0x5f66c9c9d5c0
 22 | n22        | NODE |  10 |  21 | AND2x2_ASAP7_75t_R | 0x5f66c9c9d5c0
 23 | n23        | NODE |   8 |  22 | NAND2xp33_ASAP7_75t_R | 0x5f66c9ca06f0
 24 | n24        | NODE |   8 |  -1 | INVx1_ASAP7_75t_R | 0x5f66c9c945d0
 25 | n25        | NODE |   7 |  21 | AND2x2_ASAP7_75t_R | 0x5f66c9c9d5c0
 26 | n26        | NODE |  24 |  25 | NAND2xp33_ASAP7_75t_R | 0x5f66c9ca06f0
 27 | n27        | NODE |  23 |  26 | AND2x2_ASAP7_75t_R | 0x5f66c9c9d5c0
 28 | n28        | NODE |   6 |  20 | AND2x2_ASAP7_75t_R | 0x5f66c9c9d5c0
 29 | n29        | NODE |  10 |  28 | AND2x2_ASAP7_75t_R | 0x5f66c9c9d5c0
 30 | n30        | NODE |  24 |  29 | NAND2xp33_ASAP7_75t_R | 0x5f66c9ca06f0
 31 | n31        | NODE |  27 |  30 | AND2x2_ASAP7_75t_R | 0x5f66c9c9d5c0
 32 | n32        | NODE |   7 |  28 | AND2x2_ASAP7_75t_R | 0x5f66c9c9d5c0
 33 | n33        | NODE |   8 |  32 | NAND2xp33_ASAP7_75t_R | 0x5f66c9ca06f0
 34 | n34        | NODE |  31 |  33 | AND2x2_ASAP7_75t_R | 0x5f66c9c9d5c0
 35 | n35        | NODE |   5 |  19 | AND2x2_ASAP7_75t_R | 0x5f66c9c9d5c0
 36 | n36        | NODE |  11 |  35 | AND2x2_ASAP7_75t_R | 0x5f66c9c9d5c0
 37 | n37        | NODE |  10 |  36 | AND2x2_ASAP7_75t_R | 0x5f66c9c9d5c0
 38 | n38        | NODE |   8 |  37 | NAND2xp33_ASAP7_75t_R | 0x5f66c9ca06f0
 39 | n39        | NODE |  34 |  38 | AND2x2_ASAP7_75t_R | 0x5f66c9c9d5c0
 40 | n40        | NODE |   7 |  36 | AND2x2_ASAP7_75t_R | 0x5f66c9c9d5c0
 41 | n41        | NODE |  24 |  40 | NAND2xp33_ASAP7_75t_R | 0x5f66c9ca06f0
 42 | n42        | NODE |  39 |  41 | AND2x2_ASAP7_75t_R | 0x5f66c9c9d5c0
 43 | n43        | NODE |   6 |  35 | AND2x2_ASAP7_75t_R | 0x5f66c9c9d5c0
 44 | n44        | NODE |  10 |  43 | AND2x2_ASAP7_75t_R | 0x5f66c9c9d5c0
 45 | n45        | NODE |  24 |  44 | NAND2xp33_ASAP7_75t_R | 0x5f66c9ca06f0
 46 | n46        | NODE |  42 |  45 | AND2x2_ASAP7_75t_R | 0x5f66c9c9d5c0
 47 | n47        | NODE |   7 |  43 | AND2x2_ASAP7_75t_R | 0x5f66c9c9d5c0
 48 | n48        | NODE |   8 |  47 | NAND2xp33_ASAP7_75t_R | 0x5f66c9ca06f0
 49 | n49        | NODE |  46 |  48 | NAND2xp33_ASAP7_75t_R | 0x5f66c9ca06f0
==============================

mapper_extract: wrote 40 lines to "/mnt/d/My_abc_work/abc/my_work/VS-SMABC_FPRM/compare_4way_out_asap7_orfs_RVT_FF_v2/tmp/rd84_opt_flow.phy.csv".
mapper_extract: done.
Loaded 40 physical records from /mnt/d/My_abc_work/abc/my_work/VS-SMABC_FPRM/compare_4way_out_asap7_orfs_RVT_FF_v2/tmp/rd84_opt_flow.phy.csv
Potential rebuilt: alpha(low/mid/high)=0.300/0.500/0.800 avg_struct=0.7439 avg_slack=0.3125 avg_opt=0.4080
Physical records : 40
Gate summary     : NAND=9 AND=23 INV=8 OTHER=0
Alpha (L/M/H)    : 0.300 / 0.500 / 0.800
StructW(i/p/f/g) : 0.500 / 0.400 / 0.050 / 0.050
phyopt: start rounds=3, criticality partitions high(>=0.900)->low(<=0.250)->mid, window=16, mode=fixed.
phyopt: objective=delay-non-regression + area minimization (delay_eps=0.001 rel_tol=0 area_eps=0.001 delay_only=off).
phyopt: case timeout enabled (300 sec).
phyopt: fit-function on (loaded=yes, samples=4350, l0_scale=0.35, l1_scale=0.25, coef_file=/mnt/d/My_abc_work/abc/my_work/model/phy_fit_function_v1.txt).
phyopt: sample-log off (keep_target=28% [35%,95%]).
phyopt: round=1 partition sizes high=18 low=7 mid=15.
phyopt: part=high seed=n15(id=15 center=15 R=6 tpl=0 crit=1.000 pot=0.2000)
phyopt: rejected (map area 1.27->1.27, delay 94.20->86.57).
phyopt: part=high seed=n16(id=16 center=16 R=6 tpl=1 crit=1.000 pot=0.2000)
phyopt: accepted (map area 1.27->1.03, delay 94.20->81.71).
phyopt: part=high seed=n18(id=18 center=18 R=6 tpl=2 crit=1.000 pot=0.1553)
phyopt: rejected (map area 1.03->1.17, delay 81.71->80.34).
phyopt: part=high seed=n22(id=22 center=22 R=6 tpl=0 crit=1.000 pot=0.1553)
phyopt: rejected (map area 1.03->1.57, delay 81.71->78.90).
phyopt: part=high seed=n23(id=23 center=23 R=6 tpl=1 crit=1.000 pot=0.1553)
phyopt: accepted (map area 1.03->0.70, delay 81.71->58.18).
The node "n25" with ID 25 is not in the current network.
phyopt: skip seed=n25 (cannot resolve center node in current AIG).
The node "n26" with ID 26 is not in the current network.
phyopt: skip seed=n26 (cannot resolve center node in current AIG).
The node "n31" with ID 31 is not in the current network.
phyopt: skip seed=n31 (cannot resolve center node in current AIG).
The node "n34" with ID 34 is not in the current network.
phyopt: skip seed=n34 (cannot resolve center node in current AIG).
The node "n39" with ID 39 is not in the current network.
phyopt: skip seed=n39 (cannot resolve center node in current AIG).
The node "n42" with ID 42 is not in the current network.
phyopt: skip seed=n42 (cannot resolve center node in current AIG).
The node "n46" with ID 46 is not in the current network.
phyopt: skip seed=n46 (cannot resolve center node in current AIG).
The node "n49" with ID 49 is not in the current network.
phyopt: skip seed=n49 (cannot resolve center node in current AIG).
phyopt: part=high seed=n19(id=19 center=19 R=6 tpl=1 crit=1.000 pot=0.1521)
Object with ID 19 is not a node or reg output.
Error: Extracting sequential window has failed.
Error: phyopt: local optimization failed. Rolling back.
The node "n20" with ID 20 is not in the current network.
phyopt: skip seed=n20 (cannot resolve center node in current AIG).
The node "n21" with ID 21 is not in the current network.
phyopt: skip seed=n21 (cannot resolve center node in current AIG).
The node "n47" with ID 47 is not in the current network.
phyopt: skip seed=n47 (cannot resolve center node in current AIG).
The node "n48" with ID 48 is not in the current network.
phyopt: skip seed=n48 (cannot resolve center node in current AIG).
The node "n44" with ID 44 is not in the current network.
phyopt: skip seed=n44 (cannot resolve center node in current AIG).
The node "n45" with ID 45 is not in the current network.
phyopt: skip seed=n45 (cannot resolve center node in current AIG).
The node "n43" with ID 43 is not in the current network.
phyopt: skip seed=n43 (cannot resolve center node in current AIG).
The node "n24" with ID 24 is not in the current network.
phyopt: skip seed=n24 (cannot resolve center node in current AIG).
phyopt: part=low seed=n10(id=10 center=10 R=3 tpl=0 crit=0.167 pot=0.2500)
phyopt: rejected (map area 0.70->0.84, delay 58.18->60.72).
phyopt: part=mid seed=n12(id=12 center=12 R=4 tpl=0 crit=0.500 pot=0.7500)
phyopt: rejected (map area 0.70->0.70, delay 58.18->58.18).
The node "n40" with ID 40 is not in the current network.
phyopt: skip seed=n40 (cannot resolve center node in current AIG).
The node "n41" with ID 41 is not in the current network.
phyopt: skip seed=n41 (cannot resolve center node in current AIG).
phyopt: part=mid seed=n13(id=13 center=13 R=4 tpl=0 crit=0.667 pot=0.6667)
phyopt: rejected (map area 0.70->0.70, delay 58.18->58.18).
The node "n37" with ID 37 is not in the current network.
phyopt: skip seed=n37 (cannot resolve center node in current AIG).
The node "n38" with ID 38 is not in the current network.
phyopt: skip seed=n38 (cannot resolve center node in current AIG).
The node "n35" with ID 35 is not in the current network.
phyopt: skip seed=n35 (cannot resolve center node in current AIG).
The node "n36" with ID 36 is not in the current network.
phyopt: skip seed=n36 (cannot resolve center node in current AIG).
phyopt: part=mid seed=n14(id=14 center=14 R=4 tpl=2 crit=0.833 pot=0.5833)
phyopt: rejected (map area 0.70->0.70, delay 58.18->58.18).
The node "n32" with ID 32 is not in the current network.
phyopt: skip seed=n32 (cannot resolve center node in current AIG).
The node "n33" with ID 33 is not in the current network.
phyopt: skip seed=n33 (cannot resolve center node in current AIG).
The node "n29" with ID 29 is not in the current network.
phyopt: skip seed=n29 (cannot resolve center node in current AIG).
The node "n30" with ID 30 is not in the current network.
phyopt: skip seed=n30 (cannot resolve center node in current AIG).
The node "n28" with ID 28 is not in the current network.
phyopt: skip seed=n28 (cannot resolve center node in current AIG).
phyopt: part=mid seed=n11(id=11 center=11 R=4 tpl=2 crit=0.333 pot=0.3398)
phyopt: rejected (map area 0.70->0.70, delay 58.18->55.25).
phyopt: finished round 1/3.
mapper_extract: wrote 18 lines to "/mnt/d/My_abc_work/abc/my_work/VS-SMABC_FPRM/compare_4way_out_asap7_orfs_RVT_FF_v2/tmp/rd84_opt_flow.phy.csv".
Loaded 18 physical records from /mnt/d/My_abc_work/abc/my_work/VS-SMABC_FPRM/compare_4way_out_asap7_orfs_RVT_FF_v2/tmp/rd84_opt_flow.phy.csv
Potential rebuilt: alpha(low/mid/high)=0.300/0.500/0.800 avg_struct=0.4782 avg_slack=0.4815 avg_opt=0.3943
phyopt: round=2 partition sizes high=8 low=8 mid=2.
phyopt: part=high seed=n18(id=18 center=18 R=6 tpl=1 crit=1.000 pot=0.2000)
phyopt: rejected (map area 0.70->0.70, delay 58.18->58.18).
phyopt: part=high seed=n19(id=19 center=19 R=6 tpl=1 crit=1.000 pot=0.0135)
Object with ID 19 is not a node or reg output.
Error: Extracting sequential window has failed.
Error: phyopt: local optimization failed. Rolling back.
The node "n26" with ID 26 is not in the current network.
phyopt: skip seed=n26 (cannot resolve center node in current AIG).
The node "n21" with ID 21 is not in the current network.
phyopt: skip seed=n21 (cannot resolve center node in current AIG).
phyopt: part=low seed=n10(id=10 center=10 R=3 tpl=1 crit=0.000 pot=1.0000)
phyopt: rejected (map area 0.70->0.69, delay 58.18->60.72).
phyopt: part=low seed=n11(id=11 center=11 R=3 tpl=2 crit=0.000 pot=1.0000)
phyopt: rejected (map area 0.70->0.69, delay 58.18->60.72).
phyopt: part=low seed=n13(id=13 center=13 R=3 tpl=0 crit=0.000 pot=1.0000)
phyopt: rejected (map area 0.70->0.70, delay 58.18->58.18).
phyopt: part=low seed=n14(id=14 center=14 R=3 tpl=1 crit=0.000 pot=1.0000)
phyopt: rejected (map area 0.70->0.70, delay 58.18->58.18).
The node "n24" with ID 24 is not in the current network.
phyopt: skip seed=n24 (cannot resolve center node in current AIG).
phyopt: part=low seed=n12(id=12 center=12 R=3 tpl=0 crit=0.000 pot=0.3473)
phyopt: rejected (map area 0.70->0.70, delay 58.18->58.18).
phyopt: part=low seed=n15(id=15 center=15 R=3 tpl=2 crit=0.000 pot=0.3473)
phyopt: rejected (map area 0.70->0.70, delay 58.18->58.18).
The node "n20" with ID 20 is not in the current network.
phyopt: skip seed=n20 (cannot resolve center node in current AIG).
The node "n25" with ID 25 is not in the current network.
phyopt: skip seed=n25 (cannot resolve center node in current AIG).
phyopt: finished round 2/3.
mapper_extract: wrote 18 lines to "/mnt/d/My_abc_work/abc/my_work/VS-SMABC_FPRM/compare_4way_out_asap7_orfs_RVT_FF_v2/tmp/rd84_opt_flow.phy.csv".
Loaded 18 physical records from /mnt/d/My_abc_work/abc/my_work/VS-SMABC_FPRM/compare_4way_out_asap7_orfs_RVT_FF_v2/tmp/rd84_opt_flow.phy.csv
Potential rebuilt: alpha(low/mid/high)=0.300/0.500/0.800 avg_struct=0.4782 avg_slack=0.4815 avg_opt=0.3943
phyopt: round=3 partition sizes high=8 low=8 mid=2.
phyopt: part=high seed=n18(id=18 center=18 R=6 tpl=1 crit=1.000 pot=0.2000)
phyopt: rejected (map area 0.70->0.70, delay 58.18->58.18).
phyopt: part=high seed=n19(id=19 center=19 R=6 tpl=2 crit=1.000 pot=0.0135)
Object with ID 19 is not a node or reg output.
Error: Extracting sequential window has failed.
Error: phyopt: local optimization failed. Rolling back.
The node "n26" with ID 26 is not in the current network.
phyopt: skip seed=n26 (cannot resolve center node in current AIG).
The node "n21" with ID 21 is not in the current network.
phyopt: skip seed=n21 (cannot resolve center node in current AIG).
phyopt: part=low seed=n10(id=10 center=10 R=3 tpl=1 crit=0.000 pot=1.0000)
phyopt: rejected (map area 0.70->0.69, delay 58.18->60.72).
phyopt: part=low seed=n11(id=11 center=11 R=3 tpl=1 crit=0.000 pot=1.0000)
phyopt: rejected (map area 0.70->0.69, delay 58.18->60.72).
phyopt: part=low seed=n13(id=13 center=13 R=3 tpl=2 crit=0.000 pot=1.0000)
phyopt: rejected (map area 0.70->0.70, delay 58.18->58.18).
phyopt: part=low seed=n14(id=14 center=14 R=3 tpl=1 crit=0.000 pot=1.0000)
phyopt: rejected (map area 0.70->0.70, delay 58.18->58.18).
The node "n24" with ID 24 is not in the current network.
phyopt: skip seed=n24 (cannot resolve center node in current AIG).
phyopt: part=low seed=n12(id=12 center=12 R=3 tpl=2 crit=0.000 pot=0.3473)
phyopt: rejected (map area 0.70->0.70, delay 58.18->58.18).
phyopt: part=low seed=n15(id=15 center=15 R=3 tpl=1 crit=0.000 pot=0.3473)
phyopt: rejected (map area 0.70->0.70, delay 58.18->58.18).
The node "n20" with ID 20 is not in the current network.
phyopt: skip seed=n20 (cannot resolve center node in current AIG).
The node "n25" with ID 25 is not in the current network.
phyopt: skip seed=n25 (cannot resolve center node in current AIG).
phyopt: finished round 3/3.
phyopt: partition summary (tried/accepted):
  high : 2 / 10
  low  : 0 / 13
  mid  : 0 / 4
phyopt: per-part seed coverage (topK means top-5 potential within processed seeds):
  high: seeds=34 tried=10(29.4%) accepted=2(20.0%) skipped(marked=10,low_slack=0) topK(tried=8/15 accepted=1 hit=12.5%)
  low: seeds=23 tried=13(56.5%) accepted=0(0.0%) skipped(marked=2,low_slack=0) topK(tried=8/15 accepted=0 hit=0.0%)
  mid: seeds=19 tried=4(21.1%) accepted=0(0.0%) skipped(marked=0,low_slack=0) topK(tried=2/9 accepted=0 hit=0.0%)
phyopt: sequence template stats by partition (template_id: accepted/tried):
  high: t0=0/2 t1=2/6 t2=0/2
  low: t0=0/3 t1=0/6 t2=0/4
  mid: t0=0/2 t1=0/0 t2=0/2
phyopt: rejection reason breakdown:
  - runtime_or_eval_fail : 40
  - policy_tradeoff_reject : 15
  - delay_worse : 0
  - area_worse : 2
  - area_and_delay_worse : 1
  - delay_guard_violation : 4
phyopt: skipped marked=12 low_slack=<0.10=0
phyopt: done, accepted=2 rejected=62 final_nodes=10 final_levels=5.
Derived GENLIB library "asap7sc7p5t_AO_RVT_FF_nldm_211120" with 77 gates using slew 20.00 ps and gain 250.00.
Converting "/mnt/d/My_abc_work/abc/my_work/VS-SMABC_FPRM/asap7_orfs_combined_RVT_FF_nldm.genlib" into supergate library "/mnt/d/My_abc_work/abc/my_work/VS-SMABC_FPRM/asap7_orfs_combined_RVT_FF_nldm.super".
Maximum level: Original = 5. Reduced due to choices = 5.
Choice stats:  Choice nodes = 0. Total choices = 0.
Nodes =     18.  Total 5-feasible cuts =         37.  Per node = 2.1. Time =     0.00 sec
Delay    : Delay =     0.00  Flow =         0.7  Area =         0.7   0.0 %   Time =     0.00 sec
AreaFlow : Delay =    58.18  Flow =         0.6  Area =         0.8  -18.6 %   Time =     0.00 sec
Area     : Delay =    58.18  Flow =         0.0  Area =         0.7   0.0 %   Time =     0.00 sec
Area     : Delay =    58.18  Flow =         0.0  Area =         0.7   0.0 %   Time =     0.00 sec
Output  po0    : Delay = (58.18, 58.18)  POS
Total runtime =     0.01 sec
phymid: done. You can now run write_verilog/write_blif (or strash; write_aiger).
[1;37m/mnt/d/My_abc_work/abc/my_work/VS-SMABC_FPRM/aig_output_opt/rd84_opt:[0m i/o =    8/    1  lat =    0  nd =     9  edge =     22  area = 0.70  delay =58.18  lev = 3
