======== ABC command line "source /mnt/d/My_abc_work/abc/my_work/VS-SMABC_FPRM/compare_4way_out_asap7_orfs_RVT_FF_v2/tmp/t2_opt_flow.abc"
Library "asap7sc7p5t_AO_RVT_FF_nldm_211120" from "/mnt/d/My_abc_work/abc/my_work/VS-SMABC_FPRM/asap7_orfs_combined_RVT_FF_nldm.lib" has 169 cells (0 skipped: 0 seq; 0 tri-state; 0 no func; 0 dont_use; 0 with 2 outputs; 0 with 3+ outputs).  Time =     0.56 sec
Warning: Detected 2 multi-output cells (for example, "FAx1_ASAP7_75t_R").
phymid: running map_oto -> mapper_extract -> phyread -> phyopt -> map
Derived GENLIB library "asap7sc7p5t_AO_RVT_FF_nldm_211120" with 77 gates using slew 20.00 ps and gain 250.00.
Total runtime =     0.00 sec
mapper_extract: starting extraction...
mapper_extract: extracting to "/mnt/d/My_abc_work/abc/my_work/VS-SMABC_FPRM/compare_4way_out_asap7_orfs_RVT_FF_v2/tmp/t2_opt_flow.phy.csv"...
mapper_extract: max slack = 15.000000

=== DEBUG: Node ID Mapping ===
Format: objId | Name | Type | Fanin0 | Fanin1 | Gate | pData
 19 | n19        | NODE |  17 |  -1 | INVx1_ASAP7_75t_R | 0x5a2a737555d0
 20 | n20        | NODE |  16 |  -1 | INVx1_ASAP7_75t_R | 0x5a2a737555d0
 21 | n21        | NODE |  15 |  -1 | INVx1_ASAP7_75t_R | 0x5a2a737555d0
 22 | n22        | NODE |  14 |  -1 | INVx1_ASAP7_75t_R | 0x5a2a737555d0
 23 | n23        | NODE |  13 |  -1 | INVx1_ASAP7_75t_R | 0x5a2a737555d0
 24 | n24        | NODE |  12 |  -1 | INVx1_ASAP7_75t_R | 0x5a2a737555d0
 25 | n25        | NODE |  11 |  -1 | INVx1_ASAP7_75t_R | 0x5a2a737555d0
 26 | n26        | NODE |  10 |  -1 | INVx1_ASAP7_75t_R | 0x5a2a737555d0
 27 | n27        | NODE |   9 |  -1 | INVx1_ASAP7_75t_R | 0x5a2a737555d0
 28 | n28        | NODE |   8 |  -1 | INVx1_ASAP7_75t_R | 0x5a2a737555d0
 29 | n29        | NODE |   7 |  -1 | INVx1_ASAP7_75t_R | 0x5a2a737555d0
 30 | n30        | NODE |   6 |  -1 | INVx1_ASAP7_75t_R | 0x5a2a737555d0
 31 | n31        | NODE |   5 |  -1 | INVx1_ASAP7_75t_R | 0x5a2a737555d0
 32 | n32        | NODE |   4 |  -1 | INVx1_ASAP7_75t_R | 0x5a2a737555d0
 33 | n33        | NODE |   3 |  -1 | INVx1_ASAP7_75t_R | 0x5a2a737555d0
 34 | n34        | NODE |   1 |  -1 | INVx1_ASAP7_75t_R | 0x5a2a737555d0
 35 | n35        | NODE |   2 |  -1 | INVx1_ASAP7_75t_R | 0x5a2a737555d0
 36 | n36        | NODE |  34 |  35 | AND2x2_ASAP7_75t_R | 0x5a2a7375e5c0
 37 | n37        | NODE |  33 |  36 | AND2x2_ASAP7_75t_R | 0x5a2a7375e5c0
 38 | n38        | NODE |  32 |  37 | AND2x2_ASAP7_75t_R | 0x5a2a7375e5c0
 39 | n39        | NODE |  31 |  38 | AND2x2_ASAP7_75t_R | 0x5a2a7375e5c0
 40 | n40        | NODE |  30 |  39 | AND2x2_ASAP7_75t_R | 0x5a2a7375e5c0
 41 | n41        | NODE |  29 |  40 | AND2x2_ASAP7_75t_R | 0x5a2a7375e5c0
 42 | n42        | NODE |  28 |  41 | AND2x2_ASAP7_75t_R | 0x5a2a7375e5c0
 43 | n43        | NODE |  27 |  42 | AND2x2_ASAP7_75t_R | 0x5a2a7375e5c0
 44 | n44        | NODE |  26 |  43 | AND2x2_ASAP7_75t_R | 0x5a2a7375e5c0
 45 | n45        | NODE |  25 |  44 | AND2x2_ASAP7_75t_R | 0x5a2a7375e5c0
 46 | n46        | NODE |  24 |  45 | AND2x2_ASAP7_75t_R | 0x5a2a7375e5c0
 47 | n47        | NODE |  23 |  46 | AND2x2_ASAP7_75t_R | 0x5a2a7375e5c0
 48 | n48        | NODE |  22 |  47 | AND2x2_ASAP7_75t_R | 0x5a2a7375e5c0
 49 | n49        | NODE |  21 |  48 | AND2x2_ASAP7_75t_R | 0x5a2a7375e5c0
 50 | n50        | NODE |  20 |  49 | AND2x2_ASAP7_75t_R | 0x5a2a7375e5c0
 51 | n51        | NODE |  19 |  50 | NAND2xp33_ASAP7_75t_R | 0x5a2a737616f0
 52 | n52        | NODE |  16 |  49 | AND2x2_ASAP7_75t_R | 0x5a2a7375e5c0
 53 | n53        | NODE |  19 |  52 | NAND2xp33_ASAP7_75t_R | 0x5a2a737616f0
 54 | n54        | NODE |  51 |  53 | NAND2xp33_ASAP7_75t_R | 0x5a2a737616f0
==============================

mapper_extract: wrote 36 lines to "/mnt/d/My_abc_work/abc/my_work/VS-SMABC_FPRM/compare_4way_out_asap7_orfs_RVT_FF_v2/tmp/t2_opt_flow.phy.csv".
mapper_extract: done.
Loaded 36 physical records from /mnt/d/My_abc_work/abc/my_work/VS-SMABC_FPRM/compare_4way_out_asap7_orfs_RVT_FF_v2/tmp/t2_opt_flow.phy.csv
Potential rebuilt: alpha(low/mid/high)=0.300/0.500/0.800 avg_struct=0.8524 avg_slack=0.2222 avg_opt=0.3871
Physical records : 36
Gate summary     : NAND=3 AND=16 INV=17 OTHER=0
Alpha (L/M/H)    : 0.300 / 0.500 / 0.800
StructW(i/p/f/g) : 0.500 / 0.400 / 0.050 / 0.050
phyopt: start rounds=3, criticality partitions high(>=0.900)->low(<=0.250)->mid, window=16, mode=fixed.
phyopt: objective=delay-non-regression + area minimization (delay_eps=0.001 rel_tol=0 area_eps=0.001 delay_only=off).
phyopt: case timeout enabled (300 sec).
phyopt: fit-function on (loaded=yes, samples=4350, l0_scale=0.35, l1_scale=0.25, coef_file=/mnt/d/My_abc_work/abc/my_work/model/phy_fit_function_v1.txt).
phyopt: sample-log off (keep_target=28% [35%,95%]).
phyopt: round=1 partition sizes high=22 low=4 mid=10.
phyopt: part=high seed=n33(id=33 center=33 R=5 tpl=0 crit=0.933 pot=0.2533)
phyopt: accepted (map area 0.88->0.71, delay 109.45->92.28).
The node "n34" with ID 34 is not in the current network.
phyopt: skip seed=n34 (cannot resolve center node in current AIG).
The node "n35" with ID 35 is not in the current network.
phyopt: skip seed=n35 (cannot resolve center node in current AIG).
The node "n36" with ID 36 is not in the current network.
phyopt: skip seed=n36 (cannot resolve center node in current AIG).
The node "n38" with ID 38 is not in the current network.
phyopt: skip seed=n38 (cannot resolve center node in current AIG).
The node "n39" with ID 39 is not in the current network.
phyopt: skip seed=n39 (cannot resolve center node in current AIG).
The node "n40" with ID 40 is not in the current network.
phyopt: skip seed=n40 (cannot resolve center node in current AIG).
The node "n41" with ID 41 is not in the current network.
phyopt: skip seed=n41 (cannot resolve center node in current AIG).
The node "n42" with ID 42 is not in the current network.
phyopt: skip seed=n42 (cannot resolve center node in current AIG).
The node "n43" with ID 43 is not in the current network.
phyopt: skip seed=n43 (cannot resolve center node in current AIG).
The node "n44" with ID 44 is not in the current network.
phyopt: skip seed=n44 (cannot resolve center node in current AIG).
The node "n45" with ID 45 is not in the current network.
phyopt: skip seed=n45 (cannot resolve center node in current AIG).
The node "n46" with ID 46 is not in the current network.
phyopt: skip seed=n46 (cannot resolve center node in current AIG).
The node "n47" with ID 47 is not in the current network.
phyopt: skip seed=n47 (cannot resolve center node in current AIG).
The node "n48" with ID 48 is not in the current network.
phyopt: skip seed=n48 (cannot resolve center node in current AIG).
The node "n50" with ID 50 is not in the current network.
phyopt: skip seed=n50 (cannot resolve center node in current AIG).
The node "n51" with ID 51 is not in the current network.
phyopt: skip seed=n51 (cannot resolve center node in current AIG).
The node "n52" with ID 52 is not in the current network.
phyopt: skip seed=n52 (cannot resolve center node in current AIG).
The node "n53" with ID 53 is not in the current network.
phyopt: skip seed=n53 (cannot resolve center node in current AIG).
The node "n54" with ID 54 is not in the current network.
phyopt: skip seed=n54 (cannot resolve center node in current AIG).
The node "n49" with ID 49 is not in the current network.
phyopt: skip seed=n49 (cannot resolve center node in current AIG).
phyopt: part=low seed=n20(id=20 center=20 R=3 tpl=0 crit=0.067 pot=0.9800)
phyopt: rejected (map area 0.71->0.73, delay 92.28->85.46).
phyopt: part=low seed=n21(id=21 center=21 R=3 tpl=1 crit=0.133 pot=0.9600)
phyopt: accepted (map area 0.71->0.57, delay 92.28->72.33).
phyopt: part=low seed=n22(id=22 center=22 R=3 tpl=2 crit=0.200 pot=0.9400)
phyopt: rejected (map area 0.57->0.57, delay 72.33->69.75).
phyopt: part=low seed=n19(id=19 center=19 R=3 tpl=0 crit=0.000 pot=0.3000)
phyopt: rejected (map area 0.57->0.57, delay 72.33->72.24).
phyopt: part=mid seed=n23(id=23 center=23 R=4 tpl=0 crit=0.267 pot=0.8667)
phyopt: rejected (map area 0.57->0.58, delay 72.33->65.27).
phyopt: part=mid seed=n24(id=24 center=24 R=4 tpl=1 crit=0.333 pot=0.8333)
phyopt: rejected (map area 0.57->0.78, delay 72.33->62.23).
phyopt: part=mid seed=n25(id=25 center=25 R=4 tpl=2 crit=0.400 pot=0.8000)
phyopt: accepted (map area 0.57->0.55, delay 72.33->55.91).
phyopt: part=mid seed=n26(id=26 center=26 R=4 tpl=0 crit=0.467 pot=0.7667)
phyopt: rejected (map area 0.55->0.76, delay 55.91->56.59).
phyopt: part=mid seed=n27(id=27 center=27 R=4 tpl=1 crit=0.533 pot=0.7333)
phyopt: rejected (map area 0.55->0.64, delay 55.91->55.05).
phyopt: part=mid seed=n28(id=28 center=28 R=4 tpl=2 crit=0.600 pot=0.7000)
phyopt: accepted (map area 0.55->0.47, delay 55.91->53.03).
phyopt: part=mid seed=n29(id=29 center=29 R=4 tpl=2 crit=0.667 pot=0.6667)
phyopt: rejected (map area 0.47->0.70, delay 53.03->55.91).
phyopt: part=mid seed=n30(id=30 center=30 R=4 tpl=2 crit=0.733 pot=0.6333)
phyopt: rejected (map area 0.47->0.70, delay 53.03->55.99).
phyopt: part=mid seed=n31(id=31 center=31 R=4 tpl=2 crit=0.800 pot=0.6000)
phyopt: rejected (map area 0.47->0.64, delay 53.03->54.33).
phyopt: part=mid seed=n32(id=32 center=32 R=4 tpl=2 crit=0.867 pot=0.5667)
phyopt: rejected (map area 0.47->0.58, delay 53.03->54.97).
phyopt: finished round 1/3.
mapper_extract: wrote 31 lines to "/mnt/d/My_abc_work/abc/my_work/VS-SMABC_FPRM/compare_4way_out_asap7_orfs_RVT_FF_v2/tmp/t2_opt_flow.phy.csv".
Loaded 31 physical records from /mnt/d/My_abc_work/abc/my_work/VS-SMABC_FPRM/compare_4way_out_asap7_orfs_RVT_FF_v2/tmp/t2_opt_flow.phy.csv
Potential rebuilt: alpha(low/mid/high)=0.300/0.500/0.800 avg_struct=0.5161 avg_slack=0.3226 avg_opt=0.3806
phyopt: round=2 partition sizes high=13 low=2 mid=16.
phyopt: part=high seed=n29(id=29 center=29 R=6 tpl=0 crit=1.000 pot=0.2000)
phyopt: rejected (map area 0.47->0.64, delay 53.03->54.33).
The node "n43" with ID 43 is not in the current network.
phyopt: skip seed=n43 (cannot resolve center node in current AIG).
The node "n44" with ID 44 is not in the current network.
phyopt: skip seed=n44 (cannot resolve center node in current AIG).
phyopt: part=high seed=n30(id=30 center=30 R=6 tpl=0 crit=1.000 pot=0.0000)
phyopt: rejected (map area 0.47->0.48, delay 53.03->49.57).
phyopt: part=high seed=n31(id=31 center=31 R=6 tpl=1 crit=1.000 pot=0.0000)
phyopt: rejected (map area 0.47->0.48, delay 53.03->49.57).
phyopt: part=high seed=n32(id=32 center=32 R=6 tpl=2 crit=1.000 pot=0.0000)
phyopt: rejected (map area 0.47->0.48, delay 53.03->49.57).
The node "n46" with ID 46 is not in the current network.
phyopt: skip seed=n46 (cannot resolve center node in current AIG).
The node "n47" with ID 47 is not in the current network.
phyopt: skip seed=n47 (cannot resolve center node in current AIG).
The node "n48" with ID 48 is not in the current network.
phyopt: skip seed=n48 (cannot resolve center node in current AIG).
phyopt: part=low seed=n26(id=26 center=26 R=3 tpl=1 crit=0.000 pot=1.0000)
phyopt: rejected (map area 0.47->0.64, delay 53.03->55.05).
The node "n34" with ID 34 is not in the current network.
phyopt: skip seed=n34 (cannot resolve center node in current AIG).
phyopt: part=mid seed=n19(id=19 center=19 R=4 tpl=2 crit=0.500 pot=0.7500)
phyopt: rejected (map area 0.47->0.47, delay 53.03->53.03).
phyopt: part=mid seed=n20(id=20 center=20 R=4 tpl=2 crit=0.500 pot=0.7500)
phyopt: rejected (map area 0.47->0.61, delay 53.03->55.99).
phyopt: part=mid seed=n22(id=22 center=22 R=4 tpl=2 crit=0.500 pot=0.7500)
phyopt: rejected (map area 0.47->0.47, delay 53.03->53.03).
phyopt: part=mid seed=n23(id=23 center=23 R=4 tpl=2 crit=0.500 pot=0.7500)
phyopt: rejected (map area 0.47->0.47, delay 53.03->53.03).
phyopt: part=mid seed=n27(id=27 center=27 R=4 tpl=2 crit=0.500 pot=0.7500)
phyopt: rejected (map area 0.47->0.55, delay 53.03->55.91).
The node "n35" with ID 35 is not in the current network.
phyopt: skip seed=n35 (cannot resolve center node in current AIG).
The node "n36" with ID 36 is not in the current network.
phyopt: skip seed=n36 (cannot resolve center node in current AIG).
The node "n39" with ID 39 is not in the current network.
phyopt: skip seed=n39 (cannot resolve center node in current AIG).
The node "n40" with ID 40 is not in the current network.
phyopt: skip seed=n40 (cannot resolve center node in current AIG).
phyopt: part=mid seed=n24(id=24 center=24 R=4 tpl=0 crit=0.500 pot=0.2500)
phyopt: rejected (map area 0.47->0.66, delay 53.03->54.97).
The node "n38" with ID 38 is not in the current network.
phyopt: skip seed=n38 (cannot resolve center node in current AIG).
The node "n41" with ID 41 is not in the current network.
phyopt: skip seed=n41 (cannot resolve center node in current AIG).
phyopt: finished round 2/3.
mapper_extract: wrote 31 lines to "/mnt/d/My_abc_work/abc/my_work/VS-SMABC_FPRM/compare_4way_out_asap7_orfs_RVT_FF_v2/tmp/t2_opt_flow.phy.csv".
Loaded 31 physical records from /mnt/d/My_abc_work/abc/my_work/VS-SMABC_FPRM/compare_4way_out_asap7_orfs_RVT_FF_v2/tmp/t2_opt_flow.phy.csv
Potential rebuilt: alpha(low/mid/high)=0.300/0.500/0.800 avg_struct=0.5161 avg_slack=0.3226 avg_opt=0.3806
phyopt: round=3 partition sizes high=13 low=2 mid=16.
phyopt: part=high seed=n29(id=29 center=29 R=6 tpl=0 crit=1.000 pot=0.2000)
phyopt: rejected (map area 0.47->0.64, delay 53.03->54.33).
The node "n43" with ID 43 is not in the current network.
phyopt: skip seed=n43 (cannot resolve center node in current AIG).
The node "n44" with ID 44 is not in the current network.
phyopt: skip seed=n44 (cannot resolve center node in current AIG).
phyopt: part=high seed=n30(id=30 center=30 R=6 tpl=0 crit=1.000 pot=0.0000)
phyopt: rejected (map area 0.47->0.48, delay 53.03->49.57).
phyopt: part=high seed=n31(id=31 center=31 R=6 tpl=2 crit=1.000 pot=0.0000)
phyopt: rejected (map area 0.47->0.48, delay 53.03->49.57).
phyopt: part=high seed=n32(id=32 center=32 R=6 tpl=1 crit=1.000 pot=0.0000)
phyopt: rejected (map area 0.47->0.48, delay 53.03->49.57).
The node "n46" with ID 46 is not in the current network.
phyopt: skip seed=n46 (cannot resolve center node in current AIG).
The node "n47" with ID 47 is not in the current network.
phyopt: skip seed=n47 (cannot resolve center node in current AIG).
The node "n48" with ID 48 is not in the current network.
phyopt: skip seed=n48 (cannot resolve center node in current AIG).
phyopt: part=low seed=n26(id=26 center=26 R=3 tpl=0 crit=0.000 pot=1.0000)
phyopt: rejected (map area 0.47->0.55, delay 53.03->55.91).
The node "n34" with ID 34 is not in the current network.
phyopt: skip seed=n34 (cannot resolve center node in current AIG).
phyopt: part=mid seed=n19(id=19 center=19 R=4 tpl=2 crit=0.500 pot=0.7500)
phyopt: rejected (map area 0.47->0.47, delay 53.03->53.03).
phyopt: part=mid seed=n20(id=20 center=20 R=4 tpl=1 crit=0.500 pot=0.7500)
phyopt: rejected (map area 0.47->0.61, delay 53.03->55.99).
phyopt: part=mid seed=n22(id=22 center=22 R=4 tpl=2 crit=0.500 pot=0.7500)
phyopt: rejected (map area 0.47->0.47, delay 53.03->53.03).
phyopt: part=mid seed=n23(id=23 center=23 R=4 tpl=2 crit=0.500 pot=0.7500)
phyopt: rejected (map area 0.47->0.47, delay 53.03->53.03).
phyopt: part=mid seed=n27(id=27 center=27 R=4 tpl=2 crit=0.500 pot=0.7500)
phyopt: rejected (map area 0.47->0.55, delay 53.03->55.91).
The node "n35" with ID 35 is not in the current network.
phyopt: skip seed=n35 (cannot resolve center node in current AIG).
The node "n36" with ID 36 is not in the current network.
phyopt: skip seed=n36 (cannot resolve center node in current AIG).
The node "n39" with ID 39 is not in the current network.
phyopt: skip seed=n39 (cannot resolve center node in current AIG).
The node "n40" with ID 40 is not in the current network.
phyopt: skip seed=n40 (cannot resolve center node in current AIG).
phyopt: part=mid seed=n24(id=24 center=24 R=4 tpl=0 crit=0.500 pot=0.2500)
phyopt: rejected (map area 0.47->0.66, delay 53.03->54.97).
The node "n38" with ID 38 is not in the current network.
phyopt: skip seed=n38 (cannot resolve center node in current AIG).
The node "n41" with ID 41 is not in the current network.
phyopt: skip seed=n41 (cannot resolve center node in current AIG).
phyopt: finished round 3/3.
phyopt: partition summary (tried/accepted):
  high : 1 / 9
  low  : 1 / 6
  mid  : 2 / 22
phyopt: per-part seed coverage (topK means top-5 potential within processed seeds):
  high: seeds=48 tried=9(18.8%) accepted=1(11.1%) skipped(marked=9,low_slack=0) topK(tried=5/15 accepted=1 hit=20.0%)
  low: seeds=8 tried=6(75.0%) accepted=1(16.7%) skipped(marked=0,low_slack=0) topK(tried=6/8 accepted=1 hit=16.7%)
  mid: seeds=42 tried=22(52.4%) accepted=2(9.1%) skipped(marked=8,low_slack=0) topK(tried=15/15 accepted=1 hit=6.7%)
phyopt: sequence template stats by partition (template_id: accepted/tried):
  high: t0=1/5 t1=0/2 t2=0/2
  low: t0=0/3 t1=1/2 t2=0/1
  mid: t0=0/4 t1=0/3 t2=2/15
phyopt: rejection reason breakdown:
  - runtime_or_eval_fail : 44
  - policy_tradeoff_reject : 8
  - delay_worse : 0
  - area_worse : 10
  - area_and_delay_worse : 15
  - delay_guard_violation : 0
phyopt: skipped marked=17 low_slack=<0.10=0
phyopt: done, accepted=4 rejected=77 final_nodes=15 final_levels=5.
Derived GENLIB library "asap7sc7p5t_AO_RVT_FF_nldm_211120" with 77 gates using slew 20.00 ps and gain 250.00.
Converting "/mnt/d/My_abc_work/abc/my_work/VS-SMABC_FPRM/asap7_orfs_combined_RVT_FF_nldm.genlib" into supergate library "/mnt/d/My_abc_work/abc/my_work/VS-SMABC_FPRM/asap7_orfs_combined_RVT_FF_nldm.super".
Maximum level: Original = 5. Reduced due to choices = 5.
Choice stats:  Choice nodes = 0. Total choices = 0.
Nodes =     32.  Total 5-feasible cuts =         69.  Per node = 2.2. Time =     0.00 sec
Delay    : Delay =     0.00  Flow =         0.5  Area =         0.5   0.0 %   Time =     0.00 sec
AreaFlow : Delay =    53.03  Flow =         0.5  Area =         0.5   0.0 %   Time =     0.00 sec
Area     : Delay =    53.03  Flow =         0.0  Area =         0.5   0.0 %   Time =     0.00 sec
Area     : Delay =    53.03  Flow =         0.0  Area =         0.5   0.0 %   Time =     0.00 sec
Output  po0    : Delay = (53.03, 53.03)  POS
Total runtime =     0.01 sec
phymid: done. You can now run write_verilog/write_blif (or strash; write_aiger).
[1;37m/mnt/d/My_abc_work/abc/my_work/VS-SMABC_FPRM/aig_output_opt/t2_opt:[0m i/o =   17/    1  lat =    0  nd =     5  edge =     20  area = 0.47  delay =53.03  lev = 2
