======== ABC command line "source /mnt/d/My_abc_work/abc/my_work/VS-SMABC_FPRM/compare_4way_out_asap7_orfs_RVT_FF_v2/tmp/table3_opt_flow.abc"
Library "asap7sc7p5t_AO_RVT_FF_nldm_211120" from "/mnt/d/My_abc_work/abc/my_work/VS-SMABC_FPRM/asap7_orfs_combined_RVT_FF_nldm.lib" has 169 cells (0 skipped: 0 seq; 0 tri-state; 0 no func; 0 dont_use; 0 with 2 outputs; 0 with 3+ outputs).  Time =     0.62 sec
Warning: Detected 2 multi-output cells (for example, "FAx1_ASAP7_75t_R").
phymid: running map_oto -> mapper_extract -> phyread -> phyopt -> map
Derived GENLIB library "asap7sc7p5t_AO_RVT_FF_nldm_211120" with 77 gates using slew 20.00 ps and gain 250.00.
Total runtime =     0.00 sec
mapper_extract: starting extraction...
mapper_extract: extracting to "/mnt/d/My_abc_work/abc/my_work/VS-SMABC_FPRM/compare_4way_out_asap7_orfs_RVT_FF_v2/tmp/table3_opt_flow.phy.csv"...
mapper_extract: max slack = 12.000000

=== DEBUG: Node ID Mapping ===
Format: objId | Name | Type | Fanin0 | Fanin1 | Gate | pData
 16 | n16        | NODE |  14 |  -1 | INVx1_ASAP7_75t_R | 0x62e683fba5d0
 17 | n17        | NODE |  13 |  -1 | INVx1_ASAP7_75t_R | 0x62e683fba5d0
 18 | n18        | NODE |  12 |  -1 | INVx1_ASAP7_75t_R | 0x62e683fba5d0
 19 | n19        | NODE |  11 |  -1 | INVx1_ASAP7_75t_R | 0x62e683fba5d0
 20 | n20        | NODE |  10 |  -1 | INVx1_ASAP7_75t_R | 0x62e683fba5d0
 21 | n21        | NODE |   9 |  -1 | INVx1_ASAP7_75t_R | 0x62e683fba5d0
 22 | n22        | NODE |   8 |  -1 | INVx1_ASAP7_75t_R | 0x62e683fba5d0
 23 | n23        | NODE |   7 |  -1 | INVx1_ASAP7_75t_R | 0x62e683fba5d0
 24 | n24        | NODE |   6 |  -1 | INVx1_ASAP7_75t_R | 0x62e683fba5d0
 25 | n25        | NODE |   5 |  -1 | INVx1_ASAP7_75t_R | 0x62e683fba5d0
 26 | n26        | NODE |   4 |  -1 | INVx1_ASAP7_75t_R | 0x62e683fba5d0
 27 | n27        | NODE |   3 |  -1 | INVx1_ASAP7_75t_R | 0x62e683fba5d0
 28 | n28        | NODE |   1 |  -1 | INVx1_ASAP7_75t_R | 0x62e683fba5d0
 29 | n29        | NODE |   2 |  -1 | INVx1_ASAP7_75t_R | 0x62e683fba5d0
 30 | n30        | NODE |  28 |  29 | AND2x2_ASAP7_75t_R | 0x62e683fc35c0
 31 | n31        | NODE |  27 |  30 | AND2x2_ASAP7_75t_R | 0x62e683fc35c0
 32 | n32        | NODE |  26 |  31 | AND2x2_ASAP7_75t_R | 0x62e683fc35c0
 33 | n33        | NODE |  25 |  32 | AND2x2_ASAP7_75t_R | 0x62e683fc35c0
 34 | n34        | NODE |  24 |  33 | AND2x2_ASAP7_75t_R | 0x62e683fc35c0
 35 | n35        | NODE |  23 |  34 | AND2x2_ASAP7_75t_R | 0x62e683fc35c0
 36 | n36        | NODE |  22 |  35 | AND2x2_ASAP7_75t_R | 0x62e683fc35c0
 37 | n37        | NODE |  21 |  36 | AND2x2_ASAP7_75t_R | 0x62e683fc35c0
 38 | n38        | NODE |  20 |  37 | AND2x2_ASAP7_75t_R | 0x62e683fc35c0
 39 | n39        | NODE |  19 |  38 | AND2x2_ASAP7_75t_R | 0x62e683fc35c0
 40 | n40        | NODE |  18 |  39 | AND2x2_ASAP7_75t_R | 0x62e683fc35c0
 41 | n41        | NODE |  17 |  40 | AND2x2_ASAP7_75t_R | 0x62e683fc35c0
 42 | n42        | NODE |  16 |  41 | NAND2xp33_ASAP7_75t_R | 0x62e683fc66f0
 43 | n43        | NODE |  14 |  41 | NAND2xp33_ASAP7_75t_R | 0x62e683fc66f0
 44 | n44        | NODE |  42 |  43 | AND2x2_ASAP7_75t_R | 0x62e683fc35c0
 45 | n45        | NODE |  13 |  40 | AND2x2_ASAP7_75t_R | 0x62e683fc35c0
 46 | n46        | NODE |  16 |  45 | NAND2xp33_ASAP7_75t_R | 0x62e683fc66f0
 47 | n47        | NODE |  44 |  46 | NAND2xp33_ASAP7_75t_R | 0x62e683fc66f0
==============================

mapper_extract: wrote 32 lines to "/mnt/d/My_abc_work/abc/my_work/VS-SMABC_FPRM/compare_4way_out_asap7_orfs_RVT_FF_v2/tmp/table3_opt_flow.phy.csv".
mapper_extract: done.
Loaded 32 physical records from /mnt/d/My_abc_work/abc/my_work/VS-SMABC_FPRM/compare_4way_out_asap7_orfs_RVT_FF_v2/tmp/table3_opt_flow.phy.csv
Potential rebuilt: alpha(low/mid/high)=0.300/0.500/0.800 avg_struct=0.8405 avg_slack=0.2083 avg_opt=0.3652
Physical records : 32
Gate summary     : NAND=4 AND=14 INV=14 OTHER=0
Alpha (L/M/H)    : 0.300 / 0.500 / 0.800
StructW(i/p/f/g) : 0.500 / 0.400 / 0.050 / 0.050
phyopt: start rounds=3, criticality partitions high(>=0.900)->low(<=0.250)->mid, window=16, mode=fixed.
phyopt: objective=delay-non-regression + area minimization (delay_eps=0.001 rel_tol=0 area_eps=0.001 delay_only=off).
phyopt: case timeout enabled (300 sec).
phyopt: fit-function on (loaded=yes, samples=4350, l0_scale=0.35, l1_scale=0.25, coef_file=/mnt/d/My_abc_work/abc/my_work/model/phy_fit_function_v1.txt).
phyopt: sample-log off (keep_target=28% [35%,95%]).
phyopt: round=1 partition sizes high=21 low=4 mid=7.
phyopt: part=high seed=n27(id=27 center=27 R=5 tpl=0 crit=0.917 pot=0.2667)
phyopt: rejected (map area 0.68->0.75, delay 87.88->84.08).
The node "n45" with ID 45 is not in the current network.
phyopt: skip seed=n45 (cannot resolve center node in current AIG).
The node "n46" with ID 46 is not in the current network.
phyopt: skip seed=n46 (cannot resolve center node in current AIG).
phyopt: part=high seed=n28(id=28 center=28 R=6 tpl=0 crit=1.000 pot=0.2000)
phyopt: accepted (map area 0.68->0.54, delay 87.88->67.84).
phyopt: part=high seed=n29(id=29 center=29 R=6 tpl=1 crit=1.000 pot=0.2000)
phyopt: accepted (map area 0.54->0.53, delay 67.84->59.65).
The node "n31" with ID 31 is not in the current network.
phyopt: skip seed=n31 (cannot resolve center node in current AIG).
The node "n32" with ID 32 is not in the current network.
phyopt: skip seed=n32 (cannot resolve center node in current AIG).
The node "n33" with ID 33 is not in the current network.
phyopt: skip seed=n33 (cannot resolve center node in current AIG).
The node "n34" with ID 34 is not in the current network.
phyopt: skip seed=n34 (cannot resolve center node in current AIG).
The node "n35" with ID 35 is not in the current network.
phyopt: skip seed=n35 (cannot resolve center node in current AIG).
The node "n36" with ID 36 is not in the current network.
phyopt: skip seed=n36 (cannot resolve center node in current AIG).
The node "n37" with ID 37 is not in the current network.
phyopt: skip seed=n37 (cannot resolve center node in current AIG).
The node "n38" with ID 38 is not in the current network.
phyopt: skip seed=n38 (cannot resolve center node in current AIG).
The node "n39" with ID 39 is not in the current network.
phyopt: skip seed=n39 (cannot resolve center node in current AIG).
The node "n42" with ID 42 is not in the current network.
phyopt: skip seed=n42 (cannot resolve center node in current AIG).
The node "n43" with ID 43 is not in the current network.
phyopt: skip seed=n43 (cannot resolve center node in current AIG).
The node "n44" with ID 44 is not in the current network.
phyopt: skip seed=n44 (cannot resolve center node in current AIG).
The node "n47" with ID 47 is not in the current network.
phyopt: skip seed=n47 (cannot resolve center node in current AIG).
The node "n40" with ID 40 is not in the current network.
phyopt: skip seed=n40 (cannot resolve center node in current AIG).
The node "n41" with ID 41 is not in the current network.
phyopt: skip seed=n41 (cannot resolve center node in current AIG).
phyopt: part=low seed=n17(id=17 center=17 R=3 tpl=0 crit=0.083 pot=0.9750)
phyopt: rejected (map area 0.53->0.53, delay 59.65->56.03).
phyopt: part=low seed=n18(id=18 center=18 R=3 tpl=1 crit=0.167 pot=0.9500)
phyopt: rejected (map area 0.53->0.53, delay 59.65->56.03).
phyopt: part=low seed=n19(id=19 center=19 R=3 tpl=2 crit=0.250 pot=0.9250)
phyopt: rejected (map area 0.53->0.63, delay 59.65->53.35).
phyopt: part=low seed=n16(id=16 center=16 R=3 tpl=0 crit=0.000 pot=0.3000)
phyopt: rejected (map area 0.53->0.53, delay 59.65->56.03).
phyopt: part=mid seed=n20(id=20 center=20 R=4 tpl=0 crit=0.333 pot=0.8333)
phyopt: rejected (map area 0.53->0.53, delay 59.65->56.03).
phyopt: part=mid seed=n21(id=21 center=21 R=4 tpl=1 crit=0.417 pot=0.7917)
phyopt: rejected (map area 0.53->0.58, delay 59.65->56.03).
phyopt: part=mid seed=n22(id=22 center=22 R=4 tpl=2 crit=0.500 pot=0.7500)
phyopt: rejected (map area 0.53->0.55, delay 59.65->63.45).
phyopt: part=mid seed=n23(id=23 center=23 R=4 tpl=0 crit=0.583 pot=0.7083)
phyopt: rejected (map area 0.53->0.55, delay 59.65->63.45).
phyopt: part=mid seed=n24(id=24 center=24 R=4 tpl=1 crit=0.667 pot=0.6667)
phyopt: rejected (map area 0.53->0.53, delay 59.65->59.65).
phyopt: part=mid seed=n25(id=25 center=25 R=4 tpl=2 crit=0.750 pot=0.6250)
phyopt: rejected (map area 0.53->0.58, delay 59.65->56.03).
phyopt: part=mid seed=n26(id=26 center=26 R=4 tpl=2 crit=0.833 pot=0.5833)
phyopt: rejected (map area 0.53->0.53, delay 59.65->59.65).
phyopt: finished round 1/3.
mapper_extract: wrote 29 lines to "/mnt/d/My_abc_work/abc/my_work/VS-SMABC_FPRM/compare_4way_out_asap7_orfs_RVT_FF_v2/tmp/table3_opt_flow.phy.csv".
Loaded 29 physical records from /mnt/d/My_abc_work/abc/my_work/VS-SMABC_FPRM/compare_4way_out_asap7_orfs_RVT_FF_v2/tmp/table3_opt_flow.phy.csv
Potential rebuilt: alpha(low/mid/high)=0.300/0.500/0.800 avg_struct=0.5154 avg_slack=0.3399 avg_opt=0.3962
phyopt: round=2 partition sizes high=12 low=3 mid=14.
phyopt: part=high seed=n20(id=20 center=20 R=6 tpl=2 crit=1.000 pot=0.2000)
phyopt: rejected (map area 0.53->0.59, delay 59.65->54.31).
phyopt: part=high seed=n21(id=21 center=21 R=6 tpl=0 crit=1.000 pot=0.2000)
phyopt: accepted (map area 0.53->0.49, delay 59.65->53.34).
phyopt: part=high seed=n23(id=23 center=23 R=6 tpl=1 crit=1.000 pot=0.0135)
phyopt: rejected (map area 0.49->0.58, delay 53.34->53.35).
phyopt: part=high seed=n24(id=24 center=24 R=6 tpl=0 crit=1.000 pot=0.0135)
phyopt: rejected (map area 0.49->0.49, delay 53.34->53.34).
phyopt: part=high seed=n25(id=25 center=25 R=6 tpl=0 crit=1.000 pot=0.0135)
phyopt: rejected (map area 0.49->0.49, delay 53.34->53.34).
phyopt: part=high seed=n26(id=26 center=26 R=6 tpl=1 crit=1.000 pot=0.0135)
phyopt: rejected (map area 0.49->0.49, delay 53.34->53.34).
The node "n41" with ID 41 is not in the current network.
phyopt: skip seed=n41 (cannot resolve center node in current AIG).
The node "n43" with ID 43 is not in the current network.
phyopt: skip seed=n43 (cannot resolve center node in current AIG).
The node "n44" with ID 44 is not in the current network.
phyopt: skip seed=n44 (cannot resolve center node in current AIG).
The node "n38" with ID 38 is not in the current network.
phyopt: skip seed=n38 (cannot resolve center node in current AIG).
The node "n42" with ID 42 is not in the current network.
phyopt: skip seed=n42 (cannot resolve center node in current AIG).
The node "n39" with ID 39 is not in the current network.
phyopt: skip seed=n39 (cannot resolve center node in current AIG).
The node "n40" with ID 40 is not in the current network.
phyopt: skip seed=n40 (cannot resolve center node in current AIG).
phyopt: part=mid seed=n16(id=16 center=16 R=4 tpl=0 crit=0.429 pot=0.7857)
phyopt: rejected (map area 0.49->0.51, delay 53.34->57.05).
phyopt: part=mid seed=n27(id=27 center=27 R=4 tpl=1 crit=0.429 pot=0.7857)
phyopt: rejected (map area 0.49->0.49, delay 53.34->53.34).
The node "n31" with ID 31 is not in the current network.
phyopt: skip seed=n31 (cannot resolve center node in current AIG).
The node "n32" with ID 32 is not in the current network.
phyopt: skip seed=n32 (cannot resolve center node in current AIG).
The node "n34" with ID 34 is not in the current network.
phyopt: skip seed=n34 (cannot resolve center node in current AIG).
The node "n35" with ID 35 is not in the current network.
phyopt: skip seed=n35 (cannot resolve center node in current AIG).
phyopt: part=mid seed=n17(id=17 center=17 R=4 tpl=2 crit=0.571 pot=0.7143)
phyopt: rejected (map area 0.49->0.53, delay 53.34->56.03).
phyopt: part=mid seed=n18(id=18 center=18 R=4 tpl=2 crit=0.714 pot=0.6429)
phyopt: rejected (map area 0.49->0.51, delay 53.34->57.05).
phyopt: part=mid seed=n19(id=19 center=19 R=4 tpl=0 crit=0.857 pot=0.5714)
phyopt: rejected (map area 0.49->0.53, delay 53.34->56.03).
The node "n33" with ID 33 is not in the current network.
phyopt: skip seed=n33 (cannot resolve center node in current AIG).
The node "n36" with ID 36 is not in the current network.
phyopt: skip seed=n36 (cannot resolve center node in current AIG).
The node "n37" with ID 37 is not in the current network.
phyopt: skip seed=n37 (cannot resolve center node in current AIG).
phyopt: finished round 2/3.
mapper_extract: wrote 29 lines to "/mnt/d/My_abc_work/abc/my_work/VS-SMABC_FPRM/compare_4way_out_asap7_orfs_RVT_FF_v2/tmp/table3_opt_flow.phy.csv".
Loaded 29 physical records from /mnt/d/My_abc_work/abc/my_work/VS-SMABC_FPRM/compare_4way_out_asap7_orfs_RVT_FF_v2/tmp/table3_opt_flow.phy.csv
Potential rebuilt: alpha(low/mid/high)=0.300/0.500/0.800 avg_struct=0.5154 avg_slack=0.1207 avg_opt=0.2232
phyopt: round=3 partition sizes high=22 low=3 mid=4.
phyopt: part=high seed=n19(id=19 center=19 R=6 tpl=0 crit=1.000 pot=0.2000)
phyopt: rejected (map area 0.49->0.49, delay 53.34->53.34).
phyopt: part=high seed=n20(id=20 center=20 R=6 tpl=0 crit=1.000 pot=0.2000)
phyopt: rejected (map area 0.49->0.49, delay 53.34->53.34).
phyopt: part=high seed=n24(id=24 center=24 R=6 tpl=1 crit=1.000 pot=0.2000)
phyopt: rejected (map area 0.49->0.49, delay 53.34->53.34).
phyopt: part=high seed=n25(id=25 center=25 R=6 tpl=0 crit=1.000 pot=0.2000)
phyopt: rejected (map area 0.49->0.49, delay 53.34->53.34).
The node "n31" with ID 31 is not in the current network.
phyopt: skip seed=n31 (cannot resolve center node in current AIG).
The node "n35" with ID 35 is not in the current network.
phyopt: skip seed=n35 (cannot resolve center node in current AIG).
The node "n36" with ID 36 is not in the current network.
phyopt: skip seed=n36 (cannot resolve center node in current AIG).
phyopt: part=high seed=n26(id=26 center=26 R=6 tpl=2 crit=1.000 pot=0.0135)
phyopt: rejected (map area 0.49->0.59, delay 53.34->54.31).
phyopt: part=high seed=n27(id=27 center=27 R=6 tpl=0 crit=1.000 pot=0.0135)
phyopt: rejected (map area 0.49->0.49, delay 53.34->53.34).
The node "n32" with ID 32 is not in the current network.
phyopt: skip seed=n32 (cannot resolve center node in current AIG).
The node "n33" with ID 33 is not in the current network.
phyopt: skip seed=n33 (cannot resolve center node in current AIG).
The node "n37" with ID 37 is not in the current network.
phyopt: skip seed=n37 (cannot resolve center node in current AIG).
The node "n38" with ID 38 is not in the current network.
phyopt: skip seed=n38 (cannot resolve center node in current AIG).
The node "n39" with ID 39 is not in the current network.
phyopt: skip seed=n39 (cannot resolve center node in current AIG).
The node "n41" with ID 41 is not in the current network.
phyopt: skip seed=n41 (cannot resolve center node in current AIG).
The node "n43" with ID 43 is not in the current network.
phyopt: skip seed=n43 (cannot resolve center node in current AIG).
The node "n44" with ID 44 is not in the current network.
phyopt: skip seed=n44 (cannot resolve center node in current AIG).
The node "n40" with ID 40 is not in the current network.
phyopt: skip seed=n40 (cannot resolve center node in current AIG).
The node "n42" with ID 42 is not in the current network.
phyopt: skip seed=n42 (cannot resolve center node in current AIG).
phyopt: part=low seed=n16(id=16 center=16 R=3 tpl=2 crit=0.250 pot=0.9250)
phyopt: rejected (map area 0.49->0.58, delay 53.34->53.35).
phyopt: part=low seed=n17(id=17 center=17 R=3 tpl=0 crit=0.250 pot=0.2723)
phyopt: rejected (map area 0.49->0.51, delay 53.34->57.05).
phyopt: part=mid seed=n18(id=18 center=18 R=4 tpl=1 crit=0.750 pot=0.6250)
phyopt: rejected (map area 0.49->0.51, delay 53.34->57.05).
phyopt: part=mid seed=n23(id=23 center=23 R=4 tpl=2 crit=0.750 pot=0.6250)
phyopt: rejected (map area 0.49->0.51, delay 53.34->57.05).
The node "n34" with ID 34 is not in the current network.
phyopt: skip seed=n34 (cannot resolve center node in current AIG).
phyopt: finished round 3/3.
phyopt: partition summary (tried/accepted):
  high : 3 / 15
  low  : 0 / 6
  mid  : 0 / 14
phyopt: per-part seed coverage (topK means top-5 potential within processed seeds):
  high: seeds=55 tried=15(27.3%) accepted=3(20.0%) skipped(marked=7,low_slack=0) topK(tried=11/15 accepted=3 hit=27.3%)
  low: seeds=10 tried=6(60.0%) accepted=0(0.0%) skipped(marked=0,low_slack=0) topK(tried=6/10 accepted=0 hit=0.0%)
  mid: seeds=25 tried=14(56.0%) accepted=0(0.0%) skipped(marked=3,low_slack=0) topK(tried=9/14 accepted=0 hit=0.0%)
phyopt: sequence template stats by partition (template_id: accepted/tried):
  high: t0=2/9 t1=1/4 t2=0/2
  low: t0=0/3 t1=0/1 t2=0/2
  mid: t0=0/4 t1=0/4 t2=0/6
phyopt: rejection reason breakdown:
  - runtime_or_eval_fail : 45
  - policy_tradeoff_reject : 15
  - delay_worse : 0
  - area_worse : 5
  - area_and_delay_worse : 12
  - delay_guard_violation : 0
phyopt: skipped marked=10 low_slack=<0.10=0
phyopt: done, accepted=3 rejected=77 final_nodes=15 final_levels=6.
Derived GENLIB library "asap7sc7p5t_AO_RVT_FF_nldm_211120" with 77 gates using slew 20.00 ps and gain 250.00.
Converting "/mnt/d/My_abc_work/abc/my_work/VS-SMABC_FPRM/asap7_orfs_combined_RVT_FF_nldm.genlib" into supergate library "/mnt/d/My_abc_work/abc/my_work/VS-SMABC_FPRM/asap7_orfs_combined_RVT_FF_nldm.super".
Maximum level: Original = 6. Reduced due to choices = 6.
Choice stats:  Choice nodes = 0. Total choices = 0.
Nodes =     29.  Total 5-feasible cuts =         86.  Per node = 3.0. Time =     0.00 sec
Delay    : Delay =     0.00  Flow =         0.5  Area =         0.5   0.0 %   Time =     0.00 sec
AreaFlow : Delay =    53.34  Flow =         0.5  Area =         0.5   0.0 %   Time =     0.00 sec
Area     : Delay =    53.34  Flow =         0.0  Area =         0.5   0.0 %   Time =     0.00 sec
Area     : Delay =    53.34  Flow =         0.0  Area =         0.5   0.0 %   Time =     0.00 sec
Output  po0    : Delay = (53.34, 53.34)  NEG
Total runtime =     0.01 sec
phymid: done. You can now run write_verilog/write_blif (or strash; write_aiger).
[1;37m/mnt/d/My_abc_work/abc/my_work/VS-SMABC_FPRM/aig_output_opt/table3_opt:[0m i/o =   14/    1  lat =    0  nd =     7  edge =     20  area = 0.49  delay =53.34  lev = 3
