======== ABC command line "source /tmp/ex200_015_optimized_306.scr"
Library "NangateOpenCellLibrary" from "/mnt/d/My_abc_work/abc/my_work/c17_work/NangateOpenCellLibrary_typical.lib" has 90 cells (45 skipped: 21 seq; 6 tri-state; 8 no func; 10 dont_use; 0 with 2 outputs; 0 with 3+ outputs).  Time =     0.25 sec
Warning: Detected 2 multi-output cells (for example, "FA_X1").
mapper_extract: wrote 5801 lines to "/mnt/d/My_abc_work/abc/my_work/dynamic_scheduler_work/result/run_iwls26_model_equiv_adaptseq_20260415_204312/ex200_015/ex200_015_phy.csv".
Loaded 5801 physical records from /mnt/d/My_abc_work/abc/my_work/dynamic_scheduler_work/result/run_iwls26_model_equiv_adaptseq_20260415_204312/ex200_015/ex200_015_phy.csv
Potential rebuilt: alpha(low/mid/high)=0.300/0.500/0.800 avg_struct=0.6959 avg_slack=0.2679 avg_opt=0.4523
Physical records : 5801
Gate summary     : NAND=3544 AND=1510 INV=746 OTHER=1
Alpha (L/M/H)    : 0.300 / 0.500 / 0.800
StructW(i/p/f/g) : 0.500 / 0.400 / 0.050 / 0.050
phyopt: start rounds=3, criticality partitions high(>=0.900)->low(<=0.250)->mid, window=16, mode=dynamic.
phyopt: objective=delay-non-regression + area minimization (delay_eps=0.001 rel_tol=0 area_eps=0.001 delay_only=off).
phyopt: dynamic scheduler enabled (init=15%, leader=5%, probe=1%, part-stop=10, global-stop=2, L2=off, L2-topk-init=2, L2-topk-step=1).
phyopt: funnel L0=on(keep=80%) L1=on(init=0.200 target=0.45 warmup=12 min_try=16).
phyopt: seq-template adaptive=on warmup_per_part=6 (templates=3).
phyopt: anneal=on(start=1.00 min=0.60 decay=0.850 keep_boost=20 l1_slack=0.200).
phyopt: case timeout enabled (300 sec).
phyopt: micro-model on (loaded=yes, samples=2199, blendL0=0.45, blendL1=0.30, keep_target=28% [35%,95%]).
phyopt: round=1 partition sizes high=1046 low=8 mid=4747.
phyopt: part=high seed=n58(id=58 center=58 R=5 tpl=0 crit=0.909 pot=0.2727)
phyopt: rejected (map area 3434.12->3444.41, delay 282.96->282.96).
phyopt: part=high seed=n64(id=64 center=64 R=5 tpl=1 crit=0.909 pot=0.2727)
phyopt: rejected (map area 3434.12->3418.03, delay 282.96->285.30).
phyopt: part=high seed=n67(id=67 center=67 R=5 tpl=2 crit=0.909 pot=0.2727)
phyopt: accepted (map area 3434.12->3433.07, delay 282.96->282.96).
phyopt: part=high seed=n581(id=581 center=581 R=5 tpl=0 crit=0.909 pot=0.2727)
phyopt: rejected (map area 3433.07->3434.07, delay 282.96->282.96).
phyopt: part=high seed=n594(id=594 center=594 R=5 tpl=1 crit=0.909 pot=0.2727)
phyopt: rejected (map area 3433.07->3453.94, delay 282.96->282.96).
phyopt: part=high seed=n976(id=976 center=976 R=5 tpl=2 crit=0.909 pot=0.2727)
phyopt: rejected (map area 3433.07->3434.94, delay 282.96->282.96).
phyopt: part=high seed=n1325(id=1325 center=1325 R=5 tpl=2 crit=0.909 pot=0.2727)
phyopt: rejected (map area 3433.07->3408.71, delay 282.96->285.30).
phyopt: part=high seed=n1800(id=1800 center=1800 R=5 tpl=2 crit=0.909 pot=0.2727)
phyopt: rejected (map area 3433.07->3443.80, delay 282.96->282.96).
phyopt: part=high seed=n2076(id=2076 center=2076 R=5 tpl=2 crit=0.909 pot=0.2727)
phyopt: rejected (map area 3433.07->3409.53, delay 282.96->284.59).
phyopt: part=high seed=n2083(id=2083 center=2083 R=5 tpl=0 crit=0.909 pot=0.2727)
phyopt: rejected (map area 3433.07->3433.07, delay 282.96->282.96).
phyopt: part=high seed=n2205(id=2205 center=2205 R=5 tpl=2 crit=0.909 pot=0.2727)
phyopt: rejected (map area 3433.07->3442.92, delay 282.96->282.96).
phyopt: part=high seed=n2932(id=2932 center=2932 R=5 tpl=0 crit=0.909 pot=0.2727)
phyopt: rejected (map area 3433.07->3449.62, delay 282.96->283.20).
phyopt: part=high seed=n3054(id=3054 center=3054 R=5 tpl=1 crit=0.909 pot=0.2727)
phyopt: rejected (map area 3433.07->3434.13, delay 282.96->282.96).
phyopt: part=high seed=n3077(id=3077 center=3077 R=5 tpl=2 crit=0.909 pot=0.2727)
phyopt: rejected (map area 3433.07->3436.50, delay 282.96->282.96).
phyopt: part=high seed=n3087(id=3087 center=3087 R=5 tpl=2 crit=0.909 pot=0.2727)
phyopt: rejected (map area 3433.07->3349.67, delay 282.96->289.70).
phyopt: part=high seed=n3524(id=3524 center=3524 R=5 tpl=0 crit=0.909 pot=0.2727)
phyopt: rejected (map area 3433.07->3429.85, delay 282.96->283.18).
The node "n5162" with ID 5162 is not in the current network.
phyopt: skip seed=n5162 (cannot resolve center node in current AIG).
phyopt: part=low seed=n666(id=666 center=666 R=3 tpl=1 crit=0.182 pot=0.9455)
phyopt: rejected (map area 3433.07->3435.47, delay 282.96->282.96).
phyopt: part=mid seed=n248(id=248 center=248 R=4 tpl=0 crit=0.273 pot=0.8636)
phyopt: rejected (map area 3433.07->3433.29, delay 282.96->282.96).
phyopt: part=mid seed=n2827(id=2827 center=2827 R=4 tpl=1 crit=0.273 pot=0.8636)
phyopt: rejected (map area 3433.07->3433.35, delay 282.96->282.96).
phyopt: part=mid seed=n3169(id=3169 center=3169 R=4 tpl=2 crit=0.273 pot=0.8636)
phyopt: rejected (map area 3433.07->3434.67, delay 282.96->282.96).
phyopt: part=mid seed=n3310(id=3310 center=3310 R=4 tpl=0 crit=0.273 pot=0.8636)
phyopt: rejected (map area 3433.07->3433.07, delay 282.96->282.96).
phyopt: part=mid seed=n4783(id=4783 center=4783 R=4 tpl=1 crit=0.273 pot=0.8636)
phyopt: rejected (map area 3433.07->3433.07, delay 282.96->282.96).
phyopt: part=mid seed=n5085(id=5085 center=5085 R=4 tpl=2 crit=0.273 pot=0.8636)
Object with ID 5085 is not a node or reg output.
Error: Extracting sequential window has failed.
Error: phyopt: local optimization failed. Rolling back.
The node "n5376" with ID 5376 is not in the current network.
phyopt: skip seed=n5376 (cannot resolve center node in current AIG).
phyopt: part=mid seed=n364(id=364 center=364 R=4 tpl=2 crit=0.364 pot=0.8182)
phyopt: accepted (map area 3433.07->3430.93, delay 282.96->282.96).
The node "n5208" with ID 5208 is not in the current network.
phyopt: skip seed=n5208 (cannot resolve center node in current AIG).
phyopt: part=mid seed=n366(id=366 center=366 R=4 tpl=2 crit=0.455 pot=0.7727)
phyopt: rejected (map area 3430.93->3437.01, delay 282.96->282.96).
phyopt: part=mid seed=n659(id=659 center=659 R=4 tpl=2 crit=0.455 pot=0.7727)
phyopt: accepted (map area 3430.93->3430.39, delay 282.96->282.96).
phyopt: part=mid seed=n1138(id=1138 center=1138 R=4 tpl=2 crit=0.455 pot=0.7727)
phyopt: rejected (map area 3430.39->3430.39, delay 282.96->282.96).
phyopt: part=mid seed=n1287(id=1287 center=1287 R=4 tpl=2 crit=0.455 pot=0.7727)
phyopt: rejected (map area 3430.39->3431.72, delay 282.96->282.96).
phyopt: part=mid seed=n1518(id=1518 center=1518 R=4 tpl=2 crit=0.455 pot=0.7727)
phyopt: rejected (map area 3430.39->3430.65, delay 282.96->282.96).
phyopt: part=mid seed=n1875(id=1875 center=1875 R=4 tpl=2 crit=0.455 pot=0.7727)
phyopt: rejected (map area 3430.39->3432.74, delay 282.96->282.96).
phyopt: part=mid seed=n1996(id=1996 center=1996 R=4 tpl=2 crit=0.455 pot=0.7727)
phyopt: accepted (map area 3430.39->3427.99, delay 282.96->282.96).
phyopt: part=mid seed=n2201(id=2201 center=2201 R=4 tpl=2 crit=0.455 pot=0.7727)
phyopt: rejected (map area 3427.99->3412.13, delay 282.96->285.85).
phyopt: part=mid seed=n2505(id=2505 center=2505 R=4 tpl=2 crit=0.455 pot=0.7727)
phyopt: rejected (map area 3427.99->3429.06, delay 282.96->282.96).
The node "n5575" with ID 5575 is not in the current network.
phyopt: skip seed=n5575 (cannot resolve center node in current AIG).
phyopt: part=low seed=n3299(id=3299 center=3299 R=3 tpl=0 crit=0.091 pot=0.8230)
phyopt: rejected (map area 3427.99->3427.99, delay 282.96->282.96).
phyopt: L0/L1 skips high=0/141 low=0/0 mid=0/791, L1-threshold=0.2930, anneal_temp=1.000.
phyopt: adaptive keep high/low/mid=86%/74%/95%.
phyopt: finished round 1/3.
mapper_extract: wrote 5801 lines to "/mnt/d/My_abc_work/abc/my_work/dynamic_scheduler_work/result/run_iwls26_model_equiv_adaptseq_20260415_204312/ex200_015/ex200_015_phy.csv".
Loaded 5801 physical records from /mnt/d/My_abc_work/abc/my_work/dynamic_scheduler_work/result/run_iwls26_model_equiv_adaptseq_20260415_204312/ex200_015/ex200_015_phy.csv
Potential rebuilt: alpha(low/mid/high)=0.300/0.500/0.800 avg_struct=0.6959 avg_slack=0.2878 avg_opt=0.4658
phyopt: round=2 partition sizes high=927 low=15 mid=4859.
phyopt: part=high seed=n581(id=581 center=581 R=5 tpl=2 crit=0.909 pot=0.2727)
phyopt: rejected (map area 3427.99->3434.09, delay 282.96->282.96).
phyopt: part=high seed=n594(id=594 center=594 R=5 tpl=1 crit=0.909 pot=0.2727)
phyopt: rejected (map area 3427.99->3449.33, delay 282.96->282.96).
phyopt: part=high seed=n976(id=976 center=976 R=5 tpl=0 crit=0.909 pot=0.2727)
phyopt: rejected (map area 3427.99->3437.05, delay 282.96->282.96).
phyopt: part=high seed=n1325(id=1325 center=1325 R=5 tpl=2 crit=0.909 pot=0.2727)
phyopt: rejected (map area 3427.99->3412.41, delay 282.96->285.30).
phyopt: part=high seed=n1800(id=1800 center=1800 R=5 tpl=0 crit=0.909 pot=0.2727)
phyopt: rejected (map area 3427.99->3431.15, delay 282.96->282.96).
phyopt: part=high seed=n2076(id=2076 center=2076 R=5 tpl=2 crit=0.909 pot=0.2727)
phyopt: rejected (map area 3427.99->3408.41, delay 282.96->284.59).
phyopt: part=high seed=n2083(id=2083 center=2083 R=5 tpl=1 crit=0.909 pot=0.2727)
phyopt: accepted (map area 3427.99->3426.66, delay 282.96->282.96).
phyopt: part=high seed=n2205(id=2205 center=2205 R=5 tpl=1 crit=0.909 pot=0.2727)
phyopt: rejected (map area 3426.66->3364.53, delay 282.96->286.94).
phyopt: part=high seed=n2949(id=2949 center=2949 R=5 tpl=1 crit=0.909 pot=0.2727)
phyopt: rejected (map area 3426.66->3427.33, delay 282.96->282.96).
phyopt: part=high seed=n2962(id=2962 center=2962 R=5 tpl=1 crit=0.909 pot=0.2727)
phyopt: accepted (map area 3426.66->3426.17, delay 282.96->282.96).
phyopt: part=high seed=n2966(id=2966 center=2966 R=5 tpl=1 crit=0.909 pot=0.2727)
phyopt: rejected (map area 3426.17->3429.27, delay 282.96->282.96).
phyopt: part=high seed=n2992(id=2992 center=2992 R=5 tpl=1 crit=0.909 pot=0.2727)
phyopt: rejected (map area 3426.17->3374.51, delay 282.96->288.39).
phyopt: part=high seed=n3484(id=3484 center=3484 R=5 tpl=1 crit=0.909 pot=0.2727)
phyopt: rejected (map area 3426.17->3434.73, delay 282.96->282.96).
phyopt: part=high seed=n4087(id=4087 center=4087 R=5 tpl=1 crit=0.909 pot=0.2727)
phyopt: rejected (map area 3426.17->3429.88, delay 282.96->282.96).
phyopt: part=high seed=n4246(id=4246 center=4246 R=5 tpl=1 crit=0.909 pot=0.2727)
phyopt: rejected (map area 3426.17->3426.17, delay 282.96->282.96).
phyopt: part=high seed=n4250(id=4250 center=4250 R=5 tpl=1 crit=0.909 pot=0.2727)
phyopt: rejected (map area 3426.17->3355.58, delay 282.96->289.07).
The node "n5162" with ID 5162 is not in the current network.
phyopt: skip seed=n5162 (cannot resolve center node in current AIG).
phyopt: part=low seed=n666(id=666 center=666 R=3 tpl=2 crit=0.182 pot=0.9455)
phyopt: rejected (map area 3426.17->3426.44, delay 282.96->282.96).
phyopt: part=low seed=n2827(id=2827 center=2827 R=3 tpl=0 crit=0.182 pot=0.9455)
phyopt: rejected (map area 3426.17->3426.17, delay 282.96->282.96).
phyopt: part=mid seed=n248(id=248 center=248 R=4 tpl=2 crit=0.273 pot=0.8636)
phyopt: rejected (map area 3426.17->3429.91, delay 282.96->282.96).
phyopt: part=mid seed=n4783(id=4783 center=4783 R=4 tpl=2 crit=0.273 pot=0.8636)
phyopt: rejected (map area 3426.17->3426.97, delay 282.96->282.96).
phyopt: part=mid seed=n5085(id=5085 center=5085 R=4 tpl=2 crit=0.273 pot=0.8636)
Object with ID 5085 is not a node or reg output.
Error: Extracting sequential window has failed.
Error: phyopt: local optimization failed. Rolling back.
The node "n5376" with ID 5376 is not in the current network.
phyopt: skip seed=n5376 (cannot resolve center node in current AIG).
phyopt: part=mid seed=n2505(id=2505 center=2505 R=4 tpl=0 crit=0.364 pot=0.8182)
phyopt: rejected (map area 3426.17->3426.17, delay 282.96->282.96).
phyopt: part=mid seed=n2636(id=2636 center=2636 R=4 tpl=2 crit=0.364 pot=0.8182)
phyopt: rejected (map area 3426.17->3426.17, delay 282.96->282.96).
phyopt: part=mid seed=n2958(id=2958 center=2958 R=4 tpl=1 crit=0.364 pot=0.8182)
phyopt: rejected (map area 3426.17->3427.96, delay 282.96->282.96).
phyopt: part=mid seed=n3170(id=3170 center=3170 R=4 tpl=2 crit=0.364 pot=0.8182)
phyopt: accepted (map area 3426.17->3425.37, delay 282.96->282.96).
phyopt: part=mid seed=n3321(id=3321 center=3321 R=4 tpl=2 crit=0.364 pot=0.8182)
phyopt: rejected (map area 3425.37->3425.37, delay 282.96->282.96).
phyopt: part=mid seed=n3372(id=3372 center=3372 R=4 tpl=2 crit=0.364 pot=0.8182)
phyopt: rejected (map area 3425.37->3426.98, delay 282.96->282.96).
phyopt: part=mid seed=n3472(id=3472 center=3472 R=4 tpl=2 crit=0.364 pot=0.8182)
phyopt: rejected (map area 3425.37->3428.00, delay 282.96->282.96).
phyopt: part=mid seed=n3742(id=3742 center=3742 R=4 tpl=2 crit=0.364 pot=0.8182)
phyopt: rejected (map area 3425.37->3426.43, delay 282.96->282.96).
The node "n5208" with ID 5208 is not in the current network.
phyopt: skip seed=n5208 (cannot resolve center node in current AIG).
The node "n5410" with ID 5410 is not in the current network.
phyopt: skip seed=n5410 (cannot resolve center node in current AIG).
phyopt: part=mid seed=n84(id=84 center=84 R=4 tpl=2 crit=0.455 pot=0.7727)
phyopt: accepted (map area 3425.37->3423.43, delay 282.96->282.96).
phyopt: part=mid seed=n366(id=366 center=366 R=4 tpl=2 crit=0.455 pot=0.7727)
phyopt: rejected (map area 3423.43->3426.85, delay 282.96->282.96).
phyopt: part=mid seed=n655(id=655 center=655 R=4 tpl=2 crit=0.455 pot=0.7727)
phyopt: rejected (map area 3423.43->3424.76, delay 282.96->282.96).
phyopt: part=mid seed=n1138(id=1138 center=1138 R=4 tpl=2 crit=0.455 pot=0.7727)
phyopt: rejected (map area 3423.43->3428.25, delay 282.96->282.96).
phyopt: part=mid seed=n1287(id=1287 center=1287 R=4 tpl=2 crit=0.455 pot=0.7727)
phyopt: rejected (map area 3423.43->3418.14, delay 282.96->283.53).
phyopt: part=low seed=n3168(id=3168 center=3168 R=3 tpl=1 crit=0.182 pot=0.9455)
phyopt: rejected (map area 3423.43->3423.43, delay 282.96->282.96).
phyopt: part=low seed=n3310(id=3310 center=3310 R=3 tpl=2 crit=0.182 pot=0.9455)
phyopt: rejected (map area 3423.43->3423.43, delay 282.96->282.96).
phyopt: L0/L1 skips high=9/115 low=0/0 mid=51/756, L1-threshold=0.3200, anneal_temp=0.850.
phyopt: adaptive keep high/low/mid=86%/62%/95%.
phyopt: finished round 2/3.
mapper_extract: wrote 5800 lines to "/mnt/d/My_abc_work/abc/my_work/dynamic_scheduler_work/result/run_iwls26_model_equiv_adaptseq_20260415_204312/ex200_015/ex200_015_phy.csv".
Loaded 5800 physical records from /mnt/d/My_abc_work/abc/my_work/dynamic_scheduler_work/result/run_iwls26_model_equiv_adaptseq_20260415_204312/ex200_015/ex200_015_phy.csv
Potential rebuilt: alpha(low/mid/high)=0.300/0.500/0.800 avg_struct=0.6959 avg_slack=0.2665 avg_opt=0.4544
phyopt: round=3 partition sizes high=947 low=26 mid=4827.
phyopt: part=high seed=n580(id=580 center=580 R=5 tpl=1 crit=0.917 pot=0.2667)
phyopt: rejected (map area 3423.43->3424.20, delay 282.96->282.96).
phyopt: part=high seed=n593(id=593 center=593 R=5 tpl=0 crit=0.917 pot=0.2667)
phyopt: rejected (map area 3423.43->3446.48, delay 282.96->282.96).
phyopt: part=high seed=n975(id=975 center=975 R=5 tpl=1 crit=0.917 pot=0.2667)
phyopt: rejected (map area 3423.43->3436.20, delay 282.96->282.96).
phyopt: part=high seed=n1324(id=1324 center=1324 R=5 tpl=2 crit=0.917 pot=0.2667)
phyopt: rejected (map area 3423.43->3408.74, delay 282.96->285.30).
phyopt: part=high seed=n1799(id=1799 center=1799 R=5 tpl=1 crit=0.917 pot=0.2667)
phyopt: rejected (map area 3423.43->3426.08, delay 282.96->282.96).
phyopt: part=high seed=n2075(id=2075 center=2075 R=5 tpl=0 crit=0.917 pot=0.2667)
phyopt: rejected (map area 3423.43->3372.26, delay 282.96->288.42).
phyopt: part=high seed=n2204(id=2204 center=2204 R=5 tpl=2 crit=0.917 pot=0.2667)
phyopt: rejected (map area 3423.43->3363.23, delay 282.96->286.94).
phyopt: part=high seed=n2948(id=2948 center=2948 R=5 tpl=1 crit=0.917 pot=0.2667)
phyopt: rejected (map area 3423.43->3447.34, delay 282.96->282.96).
phyopt: part=high seed=n2991(id=2991 center=2991 R=5 tpl=0 crit=0.917 pot=0.2667)
phyopt: rejected (map area 3423.43->3419.50, delay 282.96->284.80).
phyopt: part=high seed=n3483(id=3483 center=3483 R=5 tpl=2 crit=0.917 pot=0.2667)
phyopt: rejected (map area 3423.43->3426.62, delay 282.96->282.96).
phyopt: part=high seed=n3553(id=3553 center=3553 R=5 tpl=1 crit=0.917 pot=0.2667)
phyopt: rejected (map area 3423.43->3431.68, delay 282.96->282.96).
phyopt: part=high seed=n4086(id=4086 center=4086 R=5 tpl=0 crit=0.917 pot=0.2667)
phyopt: rejected (map area 3423.43->3425.86, delay 282.96->282.96).
phyopt: part=high seed=n4245(id=4245 center=4245 R=5 tpl=2 crit=0.917 pot=0.2667)
phyopt: rejected (map area 3423.43->3431.09, delay 282.96->282.96).
phyopt: part=high seed=n4249(id=4249 center=4249 R=5 tpl=1 crit=0.917 pot=0.2667)
phyopt: rejected (map area 3423.43->3427.95, delay 282.96->282.96).
phyopt: part=high seed=n4280(id=4280 center=4280 R=5 tpl=0 crit=0.917 pot=0.2667)
phyopt: accepted (map area 3423.43->3422.72, delay 282.96->282.96).
phyopt: part=high seed=n4358(id=4358 center=4358 R=5 tpl=0 crit=0.917 pot=0.2667)
phyopt: rejected (map area 3422.72->3420.84, delay 282.96->285.20).
The node "n5161" with ID 5161 is not in the current network.
phyopt: skip seed=n5161 (cannot resolve center node in current AIG).
phyopt: part=low seed=n665(id=665 center=665 R=3 tpl=1 crit=0.250 pot=0.9250)
phyopt: rejected (map area 3422.72->3440.77, delay 282.96->282.96).
phyopt: part=low seed=n2826(id=2826 center=2826 R=3 tpl=1 crit=0.250 pot=0.9250)
phyopt: rejected (map area 3422.72->3422.72, delay 282.96->282.96).
phyopt: part=low seed=n3167(id=3167 center=3167 R=3 tpl=2 crit=0.250 pot=0.9250)
phyopt: rejected (map area 3422.72->3422.72, delay 282.96->282.96).
phyopt: part=mid seed=n248(id=248 center=248 R=4 tpl=2 crit=0.333 pot=0.8333)
phyopt: rejected (map area 3422.72->3426.74, delay 282.96->282.96).
phyopt: part=mid seed=n4782(id=4782 center=4782 R=4 tpl=2 crit=0.333 pot=0.8333)
phyopt: rejected (map area 3422.72->3422.72, delay 282.96->282.96).
phyopt: part=mid seed=n5084(id=5084 center=5084 R=4 tpl=2 crit=0.333 pot=0.8333)
Object with ID 5084 is not a node or reg output.
Error: Extracting sequential window has failed.
Error: phyopt: local optimization failed. Rolling back.
The node "n5375" with ID 5375 is not in the current network.
phyopt: skip seed=n5375 (cannot resolve center node in current AIG).
phyopt: part=mid seed=n2626(id=2626 center=2626 R=4 tpl=2 crit=0.417 pot=0.7917)
phyopt: rejected (map area 3422.72->3423.22, delay 282.96->282.96).
phyopt: part=mid seed=n2751(id=2751 center=2751 R=4 tpl=2 crit=0.417 pot=0.7917)
phyopt: rejected (map area 3422.72->3424.32, delay 282.96->282.96).
phyopt: part=mid seed=n2957(id=2957 center=2957 R=4 tpl=0 crit=0.417 pot=0.7917)
phyopt: rejected (map area 3422.72->3423.00, delay 282.96->282.96).
phyopt: part=mid seed=n3320(id=3320 center=3320 R=4 tpl=2 crit=0.417 pot=0.7917)
phyopt: rejected (map area 3422.72->3422.99, delay 282.96->282.96).
phyopt: part=mid seed=n3371(id=3371 center=3371 R=4 tpl=2 crit=0.417 pot=0.7917)
phyopt: rejected (map area 3422.72->3424.07, delay 282.96->282.96).
phyopt: part=mid seed=n3471(id=3471 center=3471 R=4 tpl=2 crit=0.417 pot=0.7917)
phyopt: rejected (map area 3422.72->3422.72, delay 282.96->282.96).
phyopt: part=mid seed=n3741(id=3741 center=3741 R=4 tpl=2 crit=0.417 pot=0.7917)
phyopt: rejected (map area 3422.72->3422.73, delay 282.96->282.96).
The node "n5207" with ID 5207 is not in the current network.
phyopt: skip seed=n5207 (cannot resolve center node in current AIG).
The node "n5409" with ID 5409 is not in the current network.
phyopt: skip seed=n5409 (cannot resolve center node in current AIG).
The node "n5793" with ID 5793 is not in the current network.
phyopt: skip seed=n5793 (cannot resolve center node in current AIG).
phyopt: part=mid seed=n131(id=131 center=131 R=4 tpl=1 crit=0.500 pot=0.7500)
phyopt: rejected (map area 3422.72->3422.72, delay 282.96->282.96).
phyopt: part=mid seed=n366(id=366 center=366 R=4 tpl=2 crit=0.500 pot=0.7500)
phyopt: rejected (map area 3422.72->3425.88, delay 282.96->282.96).
phyopt: part=mid seed=n654(id=654 center=654 R=4 tpl=2 crit=0.500 pot=0.7500)
phyopt: rejected (map area 3422.72->3423.01, delay 282.96->282.96).
phyopt: part=mid seed=n757(id=757 center=757 R=4 tpl=2 crit=0.500 pot=0.7500)
phyopt: rejected (map area 3422.72->3367.48, delay 282.96->286.94).
phyopt: part=mid seed=n1137(id=1137 center=1137 R=4 tpl=2 crit=0.500 pot=0.7500)
phyopt: rejected (map area 3422.72->3422.72, delay 282.96->282.96).
phyopt: part=mid seed=n1286(id=1286 center=1286 R=4 tpl=0 crit=0.500 pot=0.7500)
phyopt: rejected (map area 3422.72->3425.68, delay 282.96->282.96).
phyopt: part=low seed=n3309(id=3309 center=3309 R=3 tpl=0 crit=0.250 pot=0.9250)
phyopt: rejected (map area 3422.72->3422.72, delay 282.96->282.96).
The node "n5574" with ID 5574 is not in the current network.
phyopt: skip seed=n5574 (cannot resolve center node in current AIG).
phyopt: part=low seed=n3298(id=3298 center=3298 R=3 tpl=1 crit=0.083 pot=0.8252)
phyopt: rejected (map area 3422.72->3422.72, delay 282.96->282.96).
phyopt: part=low seed=n3779(id=3779 center=3779 R=3 tpl=2 crit=0.167 pot=0.8002)
phyopt: rejected (map area 3422.72->3422.72, delay 282.96->282.96).
phyopt: L0/L1 skips high=20/104 low=0/0 mid=101/601, L1-threshold=0.3313, anneal_temp=0.723.
phyopt: adaptive keep high/low/mid=86%/62%/86%.
phyopt: finished round 3/3.
phyopt: partition summary (tried/accepted):
  high : 4 / 48
  low  : 0 / 12
  mid  : 5 / 48
phyopt: per-part seed coverage (topK means top-5 potential within processed seeds):
  high: seeds=2920 tried=48(1.6%) accepted=4(8.3%) skipped(marked=3,low_slack=0) topK(tried=15/15 accepted=1 hit=6.7%)
  low: seeds=49 tried=12(24.5%) accepted=0(0.0%) skipped(marked=0,low_slack=0) topK(tried=6/9 accepted=0 hit=0.0%)
  mid: seeds=14433 tried=48(0.3%) accepted=5(10.4%) skipped(marked=4,low_slack=0) topK(tried=11/15 accepted=0 hit=0.0%)
phyopt: sequence template stats by partition (template_id: accepted/tried):
  high: t0=1/13 t1=2/20 t2=1/15
  low: t0=0/3 t1=0/5 t2=0/4
  mid: t0=0/5 t1=0/4 t2=5/39
phyopt: rejection reason breakdown:
  - runtime_or_eval_fail : 17
  - policy_tradeoff_reject : 21
  - delay_worse : 0
  - area_worse : 56
  - area_and_delay_worse : 1
  - delay_guard_violation : 18
phyopt: skipped marked=7 low_slack=<0.10=0
phyopt: done, accepted=9 rejected=113 final_nodes=5053 final_levels=16.
phyopt: micro-model saved (/mnt/d/My_abc_work/abc/my_work/model/phy_micro_model_global.txt, samples=2307).
[1;37miwls26/results/ex200_015      :[0m i/o =   16/   16  lat =    0  nd =  3438  edge =   9302  area =3422.72  delay =282.96  lev = 12
