======== ABC command line "source /tmp/dyn_ex205_15182.scr"
Library "NangateOpenCellLibrary" from "/mnt/d/My_abc_work/abc/my_work/c17_work/NangateOpenCellLibrary_typical.lib" has 90 cells (45 skipped: 21 seq; 6 tri-state; 8 no func; 10 dont_use; 0 with 2 outputs; 0 with 3+ outputs).  Time =     0.10 sec
Warning: Detected 2 multi-output cells (for example, "FA_X1").
mapper_extract: wrote 29762 lines to "/mnt/d/My_abc_work/abc/my_work/dynamic_scheduler_work/result/run_timeout_smoke_20260414/ex205/ex205_cfg_winvpair_base.csv".
Loaded 29762 physical records from /mnt/d/My_abc_work/abc/my_work/dynamic_scheduler_work/result/run_timeout_smoke_20260414/ex205/ex205_cfg_winvpair_base.csv
Potential rebuilt: alpha(low/mid/high)=0.300/0.500/0.800 avg_struct=0.7494 avg_slack=0.2479 avg_opt=0.4668
Physical records : 29762
Gate summary     : NAND=21170 AND=7314 INV=1278 OTHER=0
Alpha (L/M/H)    : 0.300 / 0.500 / 0.800
StructW(i/p/f/g) : 0.500 / 0.400 / 0.050 / 0.050
phyopt: start rounds=1, criticality partitions high(>=0.900)->low(<=0.250)->mid, window=16, mode=dynamic.
phyopt: objective=map(area,delay), low-part delay budget=+10% from pre-opt.
phyopt: dynamic scheduler enabled (init=15%, leader=5%, probe=1%, part-stop=10, global-stop=2, L2=off, L2-topk-init=2, L2-topk-step=1).
phyopt: funnel L0=on(keep=80%) L1=on(init=0.200 target=0.45 warmup=12 min_try=16).
phyopt: case timeout enabled (1 sec).
phyopt: micro-model on (loaded=no, samples=0, blendL0=0.45, blendL1=0.30, keep_target=28% [35%,95%]).
phyopt: round=1 partition sizes high=4963 low=73 mid=24726.
phyopt: part=high seed=n1210(id=1210 center=1210 R=5 crit=0.909 pot=0.2727)
phyopt: accepted (map area 16272.76->16271.70, delay 578.87->578.87).
phyopt: L0/L1 skips high=0/0 low=0/0 mid=0/0, L1-threshold=0.2000.
phyopt: adaptive keep high/low/mid=80%/80%/80%.
phyopt: finished round 1/1.
phyopt: case timeout reached, stop after current accepted network.
phyopt: partition summary (tried/accepted):
  high : 1 / 1
  low  : 0 / 0
  mid  : 0 / 0
phyopt: per-part seed coverage (topK means top-5 potential within processed seeds):
  high: seeds=4963 tried=1(0.0%) accepted=1(100.0%) skipped(marked=0,low_slack=0) topK(tried=1/5 accepted=1 hit=100.0%)
  low: seeds=0 tried=0(0.0%) accepted=0(0.0%) skipped(marked=0,low_slack=0) topK(tried=0/0 accepted=0 hit=0.0%)
  mid: seeds=0 tried=0(0.0%) accepted=0(0.0%) skipped(marked=0,low_slack=0) topK(tried=0/0 accepted=0 hit=0.0%)
phyopt: rejection reason breakdown:
  - runtime_or_eval_fail : 0
  - policy_tradeoff_reject : 0
  - delay_worse : 0
  - area_worse : 0
  - area_and_delay_worse : 0
  - low_part_delay_budget : 0
phyopt: skipped marked=0 low_slack=<0.10=0
phyopt: done, accepted=1 rejected=0 final_nodes=28483 final_levels=40.
[1;37m/mnt/d/My_abc_work/abc/IWLS2026/aig_files/ex205:[0m i/o =   16/   16  lat =    0  nd = 15873  edge =  45046  area =16271.70  delay =578.87  lev = 21
