======== ABC command line "source /tmp/ks_c1355_k60_35465.scr"
Warning: Detected 2 multi-output cells (for example, "FA_X1").
mapper_extract: wrote 510 lines to "/mnt/d/My_abc_work/abc/my_work/k_scan_winvpair_11cxx/results/run_20260401_151836/c1355/c1355_k60.csv".
Loaded 510 physical records from /mnt/d/My_abc_work/abc/my_work/k_scan_winvpair_11cxx/results/run_20260401_151836/c1355/c1355_k60.csv
Potential rebuilt: alpha(low/mid/high)=0.200/0.500/0.800 avg_struct=0.9226 avg_slack=0.1627 avg_opt_mid=0.5427
Physical records : 510
Gate summary     : NAND=394 AND=108 INV=8 OTHER=0
Alpha (L/M/H)    : 0.200 / 0.500 / 0.800
StructW(i/p/f/g) : 0.500 / 0.400 / 0.050 / 0.050
phyopt: start rounds=1, criticality partitions high(>=0.900)->low(<=0.250)->mid, window=16.
phyopt: objective=map(area,delay), low-part delay budget=+10% from pre-opt.
phyopt: round=1 partition sizes high=398 low=104 mid=8.
phyopt: round=1 part=high seed=n88(id=88 center=88 R=6 crit=1.000 pot=0.2000)
phyopt: rejected (map area 250.57->242.33, delay 9.00->10.00).
phyopt: round=1 part=high seed=n89(id=89 center=89 R=6 crit=1.000 pot=0.2000)
phyopt: rejected (map area 250.57->241.26, delay 9.00->10.00).
phyopt: round=1 part=high seed=n92(id=92 center=92 R=6 crit=1.000 pot=0.2000)
phyopt: accepted (map area 250.57->250.57, delay 9.00->9.00).
phyopt: round=1 part=high seed=n93(id=93 center=93 R=6 crit=1.000 pot=0.2000)
phyopt: accepted (map area 250.57->250.57, delay 9.00->9.00).
phyopt: round=1 part=high seed=n96(id=96 center=96 R=6 crit=1.000 pot=0.2000)
phyopt: accepted (map area 250.57->250.57, delay 9.00->9.00).
phyopt: round=1 part=high seed=n97(id=97 center=97 R=6 crit=1.000 pot=0.2000)
phyopt: accepted (map area 250.57->250.57, delay 9.00->9.00).
phyopt: round=1 part=high seed=n100(id=100 center=100 R=6 crit=1.000 pot=0.2000)
phyopt: accepted (map area 250.57->250.57, delay 9.00->9.00).
phyopt: round=1 part=high seed=n101(id=101 center=101 R=6 crit=1.000 pot=0.2000)
phyopt: accepted (map area 250.57->250.57, delay 9.00->9.00).
phyopt: round=1 part=high seed=n104(id=104 center=104 R=6 crit=1.000 pot=0.2000)
phyopt: accepted (map area 250.57->250.57, delay 9.00->9.00).
phyopt: round=1 part=high seed=n105(id=105 center=105 R=6 crit=1.000 pot=0.2000)
phyopt: accepted (map area 250.57->250.57, delay 9.00->9.00).
phyopt: round=1 part=high seed=n108(id=108 center=108 R=6 crit=1.000 pot=0.2000)
phyopt: accepted (map area 250.57->250.57, delay 9.00->9.00).
phyopt: round=1 part=high seed=n109(id=109 center=109 R=6 crit=1.000 pot=0.2000)
phyopt: accepted (map area 250.57->250.57, delay 9.00->9.00).
phyopt: round=1 part=high seed=n112(id=112 center=112 R=6 crit=1.000 pot=0.2000)
phyopt: rejected (map area 250.57->241.26, delay 9.00->10.00).
phyopt: round=1 part=high seed=n113(id=113 center=113 R=6 crit=1.000 pot=0.2000)
phyopt: rejected (map area 250.57->238.60, delay 9.00->10.00).
phyopt: round=1 part=high seed=n116(id=116 center=116 R=6 crit=1.000 pot=0.2000)
phyopt: accepted (map area 250.57->250.57, delay 9.00->9.00).
phyopt: round=1 part=high seed=n117(id=117 center=117 R=6 crit=1.000 pot=0.2000)
phyopt: accepted (map area 250.57->250.57, delay 9.00->9.00).
phyopt: round=1 part=high seed=n120(id=120 center=120 R=6 crit=1.000 pot=0.2000)
phyopt: accepted (map area 250.57->250.57, delay 9.00->9.00).
phyopt: round=1 part=high seed=n121(id=121 center=121 R=6 crit=1.000 pot=0.2000)
phyopt: rejected (map area 250.57->246.05, delay 9.00->10.00).
phyopt: round=1 part=high seed=n137(id=137 center=137 R=6 crit=1.000 pot=0.2000)
phyopt: rejected (map area 250.57->240.20, delay 9.00->10.00).
phyopt: round=1 part=high seed=n138(id=138 center=138 R=6 crit=1.000 pot=0.2000)
phyopt: rejected (map area 250.57->239.67, delay 9.00->10.00).
phyopt: round=1 part=high seed=n141(id=141 center=141 R=6 crit=1.000 pot=0.2000)
phyopt: rejected (map area 250.57->242.33, delay 9.00->10.00).
phyopt: round=1 part=high seed=n142(id=142 center=142 R=6 crit=1.000 pot=0.2000)
phyopt: accepted (map area 250.57->250.57, delay 9.00->9.00).
phyopt: round=1 part=high seed=n145(id=145 center=145 R=6 crit=1.000 pot=0.2000)
phyopt: rejected (map area 250.57->247.65, delay 9.00->10.00).
phyopt: round=1 part=high seed=n146(id=146 center=146 R=6 crit=1.000 pot=0.2000)
phyopt: rejected (map area 250.57->247.65, delay 9.00->10.00).
phyopt: round=1 part=high seed=n149(id=149 center=149 R=6 crit=1.000 pot=0.2000)
phyopt: rejected (map area 250.57->247.65, delay 9.00->10.00).
phyopt: round=1 part=high seed=n150(id=150 center=150 R=6 crit=1.000 pot=0.2000)
phyopt: rejected (map area 250.57->243.39, delay 9.00->10.00).
phyopt: round=1 part=high seed=n153(id=153 center=153 R=6 crit=1.000 pot=0.2000)
phyopt: accepted (map area 250.57->250.57, delay 9.00->9.00).
phyopt: round=1 part=high seed=n154(id=154 center=154 R=6 crit=1.000 pot=0.2000)
phyopt: accepted (map area 250.57->250.57, delay 9.00->9.00).
phyopt: round=1 part=high seed=n157(id=157 center=157 R=6 crit=1.000 pot=0.2000)
phyopt: rejected (map area 250.57->242.33, delay 9.00->10.00).
phyopt: round=1 part=high seed=n158(id=158 center=158 R=6 crit=1.000 pot=0.2000)
phyopt: rejected (map area 250.57->243.12, delay 9.00->10.00).
phyopt: round=1 part=high seed=n175(id=175 center=175 R=6 crit=1.000 pot=0.2000)
phyopt: accepted (map area 250.57->250.57, delay 9.00->9.00).
phyopt: round=1 part=high seed=n176(id=176 center=176 R=6 crit=1.000 pot=0.2000)
phyopt: rejected (map area 250.57->244.99, delay 9.00->10.00).
phyopt: round=1 part=high seed=n179(id=179 center=179 R=6 crit=1.000 pot=0.2000)
phyopt: accepted (map area 250.57->250.57, delay 9.00->9.00).
phyopt: round=1 part=high seed=n180(id=180 center=180 R=6 crit=1.000 pot=0.2000)
phyopt: rejected (map area 250.57->239.13, delay 9.00->10.00).
phyopt: round=1 part=high seed=n183(id=183 center=183 R=6 crit=1.000 pot=0.2000)
phyopt: rejected (map area 250.57->239.67, delay 9.00->10.00).
phyopt: round=1 part=high seed=n184(id=184 center=184 R=6 crit=1.000 pot=0.2000)
phyopt: rejected (map area 250.57->239.13, delay 9.00->10.00).
phyopt: round=1 part=high seed=n187(id=187 center=187 R=6 crit=1.000 pot=0.2000)
phyopt: accepted (map area 250.57->250.57, delay 9.00->9.00).
phyopt: round=1 part=high seed=n188(id=188 center=188 R=6 crit=1.000 pot=0.2000)
phyopt: rejected (map area 250.57->244.99, delay 9.00->10.00).
phyopt: round=1 part=high seed=n191(id=191 center=191 R=6 crit=1.000 pot=0.2000)
phyopt: accepted (map area 250.57->250.57, delay 9.00->9.00).
phyopt: round=1 part=high seed=n192(id=192 center=192 R=6 crit=1.000 pot=0.2000)
phyopt: accepted (map area 250.57->250.57, delay 9.00->9.00).
phyopt: round=1 part=high seed=n195(id=195 center=195 R=6 crit=1.000 pot=0.2000)
phyopt: accepted (map area 250.57->250.57, delay 9.00->9.00).
phyopt: round=1 part=high seed=n196(id=196 center=196 R=6 crit=1.000 pot=0.2000)
phyopt: accepted (map area 250.57->250.57, delay 9.00->9.00).
phyopt: round=1 part=high seed=n214(id=214 center=214 R=6 crit=1.000 pot=0.2000)
phyopt: rejected (map area 250.57->239.13, delay 9.00->10.00).
phyopt: round=1 part=high seed=n215(id=215 center=215 R=6 crit=1.000 pot=0.2000)
phyopt: accepted (map area 250.57->250.57, delay 9.00->9.00).
phyopt: round=1 part=high seed=n218(id=218 center=218 R=6 crit=1.000 pot=0.2000)
phyopt: accepted (map area 250.57->250.57, delay 9.00->9.00).
phyopt: round=1 part=high seed=n219(id=219 center=219 R=6 crit=1.000 pot=0.2000)
phyopt: accepted (map area 250.57->250.57, delay 9.00->9.00).
phyopt: round=1 part=high seed=n222(id=222 center=222 R=6 crit=1.000 pot=0.2000)
phyopt: rejected (map area 250.57->251.10, delay 9.00->9.00).
phyopt: round=1 part=high seed=n223(id=223 center=223 R=6 crit=1.000 pot=0.2000)
phyopt: rejected (map area 250.57->242.86, delay 9.00->10.00).
phyopt: round=1 part=high seed=n227(id=227 center=227 R=6 crit=1.000 pot=0.2000)
phyopt: rejected (map area 250.57->240.20, delay 9.00->10.00).
phyopt: round=1 part=high seed=n230(id=230 center=230 R=6 crit=1.000 pot=0.2000)
phyopt: rejected (map area 250.57->244.99, delay 9.00->10.00).
phyopt: round=1 part=high seed=n231(id=231 center=231 R=6 crit=1.000 pot=0.2000)
phyopt: rejected (map area 250.57->244.99, delay 9.00->10.00).
phyopt: round=1 part=high seed=n232(id=232 center=232 R=6 crit=1.000 pot=0.2000)
phyopt: accepted (map area 250.57->250.57, delay 9.00->9.00).
phyopt: round=1 part=high seed=n235(id=235 center=235 R=6 crit=1.000 pot=0.2000)
phyopt: accepted (map area 250.57->250.57, delay 9.00->9.00).
phyopt: round=1 part=high seed=n237(id=237 center=237 R=6 crit=1.000 pot=0.2000)
phyopt: rejected (map area 250.57->246.32, delay 9.00->10.00).
phyopt: round=1 part=high seed=n253(id=253 center=253 R=6 crit=1.000 pot=0.2000)
phyopt: rejected (map area 250.57->246.32, delay 9.00->10.00).
phyopt: round=1 part=high seed=n254(id=254 center=254 R=6 crit=1.000 pot=0.2000)
phyopt: rejected (map area 250.57->239.13, delay 9.00->10.00).
phyopt: round=1 part=high seed=n257(id=257 center=257 R=6 crit=1.000 pot=0.2000)
phyopt: rejected (map area 250.57->240.46, delay 9.00->10.00).
phyopt: round=1 part=high seed=n258(id=258 center=258 R=6 crit=1.000 pot=0.2000)
phyopt: rejected (map area 250.57->241.26, delay 9.00->10.00).
phyopt: round=1 part=low seed=n251(id=251 center=251 R=3 crit=0.000 pot=0.9841)
phyopt: rejected (map area 250.57->250.57, delay 9.00->9.00).
phyopt: round=1 part=low seed=n302(id=302 center=302 R=3 crit=0.000 pot=0.9841)
phyopt: rejected (map area 250.57->250.57, delay 9.00->9.00).
phyopt: round=1 part=low seed=n351(id=351 center=351 R=3 crit=0.000 pot=0.9841)
phyopt: rejected (map area 250.57->250.57, delay 9.00->9.00).
phyopt: round=1 part=low seed=n377(id=377 center=377 R=3 crit=0.000 pot=0.9841)
phyopt: rejected (map area 250.57->250.57, delay 9.00->9.00).
phyopt: round=1 part=low seed=n75(id=75 center=75 R=3 crit=0.250 pot=0.9500)
phyopt: rejected (map area 250.57->250.57, delay 9.00->9.00).
phyopt: round=1 part=low seed=n76(id=76 center=76 R=3 crit=0.250 pot=0.9500)
phyopt: rejected (map area 250.57->250.57, delay 9.00->9.00).
phyopt: round=1 part=low seed=n79(id=79 center=79 R=3 crit=0.250 pot=0.9500)
phyopt: rejected (map area 250.57->250.57, delay 9.00->9.00).
phyopt: round=1 part=low seed=n80(id=80 center=80 R=3 crit=0.250 pot=0.9500)
phyopt: rejected (map area 250.57->250.57, delay 9.00->9.00).
phyopt: round=1 part=low seed=n83(id=83 center=83 R=3 crit=0.250 pot=0.9500)
phyopt: rejected (map area 250.57->250.57, delay 9.00->9.00).
phyopt: round=1 part=low seed=n84(id=84 center=84 R=3 crit=0.250 pot=0.9500)
phyopt: rejected (map area 250.57->250.57, delay 9.00->9.00).
phyopt: round=1 part=low seed=n124(id=124 center=124 R=3 crit=0.250 pot=0.9500)
phyopt: rejected (map area 250.57->250.57, delay 9.00->9.00).
phyopt: round=1 part=low seed=n125(id=125 center=125 R=3 crit=0.250 pot=0.9500)
phyopt: rejected (map area 250.57->250.57, delay 9.00->9.00).
phyopt: round=1 part=low seed=n128(id=128 center=128 R=3 crit=0.250 pot=0.9500)
phyopt: rejected (map area 250.57->250.57, delay 9.00->9.00).
phyopt: round=1 part=low seed=n129(id=129 center=129 R=3 crit=0.250 pot=0.9500)
phyopt: rejected (map area 250.57->250.57, delay 9.00->9.00).
phyopt: round=1 part=low seed=n132(id=132 center=132 R=3 crit=0.250 pot=0.9500)
phyopt: rejected (map area 250.57->250.57, delay 9.00->9.00).
phyopt: round=1 part=low seed=n133(id=133 center=133 R=3 crit=0.250 pot=0.9500)
phyopt: rejected (map area 250.57->250.57, delay 9.00->9.00).
phyopt: round=1 part=low seed=n162(id=162 center=162 R=3 crit=0.250 pot=0.9500)
phyopt: rejected (map area 250.57->250.57, delay 9.00->9.00).
phyopt: round=1 part=low seed=n163(id=163 center=163 R=3 crit=0.250 pot=0.9500)
phyopt: rejected (map area 250.57->250.57, delay 9.00->9.00).
phyopt: round=1 part=low seed=n166(id=166 center=166 R=3 crit=0.250 pot=0.9500)
phyopt: rejected (map area 250.57->250.57, delay 9.00->9.00).
phyopt: round=1 part=low seed=n167(id=167 center=167 R=3 crit=0.250 pot=0.9500)
phyopt: rejected (map area 250.57->250.57, delay 9.00->9.00).
phyopt: round=1 part=low seed=n170(id=170 center=170 R=3 crit=0.250 pot=0.9500)
phyopt: rejected (map area 250.57->250.57, delay 9.00->9.00).
phyopt: round=1 part=low seed=n171(id=171 center=171 R=3 crit=0.250 pot=0.9500)
phyopt: rejected (map area 250.57->250.57, delay 9.00->9.00).
phyopt: round=1 part=low seed=n201(id=201 center=201 R=3 crit=0.250 pot=0.9500)
phyopt: rejected (map area 250.57->247.65, delay 9.00->10.00).
phyopt: round=1 part=low seed=n202(id=202 center=202 R=3 crit=0.250 pot=0.9500)
phyopt: rejected (map area 250.57->250.57, delay 9.00->9.00).
phyopt: round=1 part=low seed=n205(id=205 center=205 R=3 crit=0.250 pot=0.9500)
phyopt: rejected (map area 250.57->250.57, delay 9.00->9.00).
phyopt: round=1 part=low seed=n206(id=206 center=206 R=3 crit=0.250 pot=0.9500)
phyopt: rejected (map area 250.57->250.57, delay 9.00->9.00).
phyopt: round=1 part=low seed=n209(id=209 center=209 R=3 crit=0.250 pot=0.9500)
phyopt: rejected (map area 250.57->250.57, delay 9.00->9.00).
phyopt: round=1 part=low seed=n210(id=210 center=210 R=3 crit=0.250 pot=0.9500)
phyopt: rejected (map area 250.57->250.57, delay 9.00->9.00).
phyopt: round=1 part=low seed=n240(id=240 center=240 R=3 crit=0.250 pot=0.9500)
phyopt: rejected (map area 250.57->250.57, delay 9.00->9.00).
phyopt: round=1 part=low seed=n241(id=241 center=241 R=3 crit=0.250 pot=0.9500)
phyopt: rejected (map area 250.57->250.57, delay 9.00->9.00).
phyopt: round=1 part=low seed=n244(id=244 center=244 R=3 crit=0.250 pot=0.9500)
phyopt: rejected (map area 250.57->250.57, delay 9.00->9.00).
phyopt: round=1 part=low seed=n245(id=245 center=245 R=3 crit=0.250 pot=0.9500)
phyopt: rejected (map area 250.57->250.57, delay 9.00->9.00).
phyopt: round=1 part=low seed=n248(id=248 center=248 R=3 crit=0.250 pot=0.9500)
phyopt: rejected (map area 250.57->250.57, delay 9.00->9.00).
phyopt: round=1 part=low seed=n249(id=249 center=249 R=3 crit=0.250 pot=0.9500)
phyopt: rejected (map area 250.57->250.57, delay 9.00->9.00).
phyopt: round=1 part=low seed=n291(id=291 center=291 R=3 crit=0.250 pot=0.9500)
phyopt: rejected (map area 250.57->250.57, delay 9.00->9.00).
phyopt: round=1 part=low seed=n292(id=292 center=292 R=3 crit=0.250 pot=0.9500)
phyopt: rejected (map area 250.57->250.57, delay 9.00->9.00).
phyopt: round=1 part=low seed=n295(id=295 center=295 R=3 crit=0.250 pot=0.9500)
phyopt: rejected (map area 250.57->250.57, delay 9.00->9.00).
phyopt: round=1 part=low seed=n296(id=296 center=296 R=3 crit=0.250 pot=0.9500)
phyopt: rejected (map area 250.57->250.57, delay 9.00->9.00).
phyopt: round=1 part=low seed=n299(id=299 center=299 R=3 crit=0.250 pot=0.9500)
phyopt: rejected (map area 250.57->250.57, delay 9.00->9.00).
phyopt: round=1 part=low seed=n300(id=300 center=300 R=3 crit=0.250 pot=0.9500)
phyopt: rejected (map area 250.57->250.57, delay 9.00->9.00).
phyopt: round=1 part=low seed=n340(id=340 center=340 R=3 crit=0.250 pot=0.9500)
phyopt: rejected (map area 250.57->250.57, delay 9.00->9.00).
phyopt: round=1 part=low seed=n341(id=341 center=341 R=3 crit=0.250 pot=0.9500)
phyopt: rejected (map area 250.57->250.57, delay 9.00->9.00).
phyopt: round=1 part=low seed=n344(id=344 center=344 R=3 crit=0.250 pot=0.9500)
phyopt: rejected (map area 250.57->250.57, delay 9.00->9.00).
phyopt: round=1 part=low seed=n345(id=345 center=345 R=3 crit=0.250 pot=0.9500)
phyopt: rejected (map area 250.57->250.57, delay 9.00->9.00).
phyopt: round=1 part=low seed=n348(id=348 center=348 R=3 crit=0.250 pot=0.9500)
phyopt: rejected (map area 250.57->250.57, delay 9.00->9.00).
phyopt: round=1 part=low seed=n349(id=349 center=349 R=3 crit=0.250 pot=0.9500)
phyopt: rejected (map area 250.57->250.57, delay 9.00->9.00).
phyopt: round=1 part=low seed=n366(id=366 center=366 R=3 crit=0.250 pot=0.9500)
phyopt: rejected (map area 250.57->250.57, delay 9.00->9.00).
phyopt: round=1 part=low seed=n367(id=367 center=367 R=3 crit=0.250 pot=0.9500)
phyopt: rejected (map area 250.57->250.57, delay 9.00->9.00).
phyopt: round=1 part=low seed=n370(id=370 center=370 R=3 crit=0.250 pot=0.9500)
phyopt: rejected (map area 250.57->246.32, delay 9.00->10.00).
phyopt: round=1 part=low seed=n371(id=371 center=371 R=3 crit=0.250 pot=0.9500)
phyopt: accepted (map area 250.57->250.31, delay 9.00->9.00).
phyopt: round=1 part=low seed=n374(id=374 center=374 R=3 crit=0.250 pot=0.9500)
phyopt: rejected (map area 250.31->250.31, delay 9.00->9.00).
phyopt: round=1 part=low seed=n375(id=375 center=375 R=3 crit=0.250 pot=0.9500)
phyopt: rejected (map area 250.31->250.31, delay 9.00->9.00).
phyopt: round=1 part=low seed=n74(id=74 center=74 R=3 crit=0.250 pot=0.9341)
phyopt: rejected (map area 250.31->250.31, delay 9.00->9.00).
phyopt: round=1 part=low seed=n77(id=77 center=77 R=3 crit=0.250 pot=0.9341)
phyopt: rejected (map area 250.31->250.31, delay 9.00->9.00).
phyopt: round=1 part=low seed=n78(id=78 center=78 R=3 crit=0.250 pot=0.9341)
phyopt: rejected (map area 250.31->250.31, delay 9.00->9.00).
phyopt: round=1 part=low seed=n81(id=81 center=81 R=3 crit=0.250 pot=0.9341)
phyopt: rejected (map area 250.31->250.31, delay 9.00->9.00).
phyopt: round=1 part=mid seed=n391(id=391 center=391 R=4 crit=0.625 pot=0.6875)
phyopt: rejected (map area 250.31->250.31, delay 9.00->9.00).
phyopt: round=1 part=mid seed=n413(id=413 center=413 R=4 crit=0.625 pot=0.6875)
phyopt: rejected (map area 250.31->250.31, delay 9.00->9.00).
phyopt: round=1 part=mid seed=n436(id=436 center=436 R=4 crit=0.625 pot=0.6875)
phyopt: rejected (map area 250.31->244.99, delay 9.00->10.00).
phyopt: round=1 part=mid seed=n454(id=454 center=454 R=4 crit=0.625 pot=0.6875)
phyopt: rejected (map area 250.31->250.31, delay 9.00->9.00).
phyopt: round=1 part=mid seed=n466(id=466 center=466 R=4 crit=0.625 pot=0.6875)
phyopt: rejected (map area 250.31->250.31, delay 9.00->9.00).
phyopt: round=1 part=mid seed=n488(id=488 center=488 R=4 crit=0.625 pot=0.6875)
phyopt: rejected (map area 250.31->250.31, delay 9.00->9.00).
The node "n540" with ID 540 is not in the current network.
phyopt: skip seed=n540 (cannot resolve center node in current AIG).
The node "n562" with ID 562 is not in the current network.
phyopt: skip seed=n562 (cannot resolve center node in current AIG).
phyopt: finished round 1/1.
phyopt: partition summary (tried/accepted):
  high : 28 / 58
  low  : 1 / 56
  mid  : 0 / 6
phyopt: per-part seed coverage (topK means top-5 potential within processed seeds):
  high: seeds=60 tried=58(96.7%) accepted=28(48.3%) skipped(marked=2,low_slack=0) topK(tried=5/5 accepted=3 hit=60.0%)
  low: seeds=60 tried=56(93.3%) accepted=1(1.8%) skipped(marked=4,low_slack=0) topK(tried=1/5 accepted=0 hit=0.0%)
  mid: seeds=8 tried=6(75.0%) accepted=0(0.0%) skipped(marked=0,low_slack=0) topK(tried=5/5 accepted=0 hit=0.0%)
phyopt: rejection reason breakdown:
  - runtime_or_eval_fail : 2
  - policy_tradeoff_reject : 58
  - delay_worse : 30
  - area_worse : 1
  - area_and_delay_worse : 0
  - low_part_delay_budget : 2
phyopt: skipped marked=6 low_slack=<0.10=0
phyopt: done, accepted=29 rejected=93 final_nodes=458 final_levels=25.
Networks are equivalent.  Time =     0.03 sec
