======== ABC command line "source /tmp/ablation_ex266_thresh_loose_285.scr"
Warning: Detected 2 multi-output cells (for example, "FA_X1").
mapper_extract: wrote 446 lines to "/mnt/d/My_abc_work/abc/my_work/ablation_results/ex266/ex266_thresh_loose.csv".
Loaded 446 physical records from /mnt/d/My_abc_work/abc/my_work/ablation_results/ex266/ex266_thresh_loose.csv
Potential rebuilt: alpha(low/mid/high)=0.200/0.500/0.800 avg_struct=0.6909 avg_slack=0.3098 avg_opt_mid=0.5003
Physical records : 446
Gate summary     : NAND=292 AND=126 INV=28 OTHER=0
Alpha (L/M/H)    : 0.200 / 0.500 / 0.800
StructW(i/p/f/g) : 0.400 / 0.300 / 0.200 / 0.100
phyopt: start rounds=1, criticality partitions high(>=0.700)->low(<=0.400)->mid, window=16.
phyopt: objective=map(area,delay), low-part delay budget=+10% from pre-opt.
phyopt: round=1 partition sizes high=193 low=60 mid=193.
The node "n443" with ID 443 is not in the current network.
phyopt: skip seed=n443 (cannot resolve center node in current AIG).
phyopt: round=1 part=high seed=n118(id=118 center=118 R=5 crit=0.769 pot=0.3323)
phyopt: accepted (map area 235.94->235.94, delay 9.00->9.00).
phyopt: round=1 part=high seed=n235(id=235 center=235 R=5 crit=0.769 pot=0.3323)
phyopt: accepted (map area 235.94->234.61, delay 9.00->9.00).
phyopt: round=1 part=high seed=n263(id=263 center=263 R=5 crit=0.769 pot=0.3323)
phyopt: rejected (map area 234.61->231.95, delay 9.00->10.00).
phyopt: round=1 part=high seed=n346(id=346 center=346 R=5 crit=0.769 pot=0.3323)
phyopt: accepted (map area 234.61->234.61, delay 9.00->9.00).
phyopt: round=1 part=high seed=n350(id=350 center=350 R=5 crit=0.769 pot=0.3323)
phyopt: accepted (map area 234.61->233.81, delay 9.00->9.00).
phyopt: round=1 part=high seed=n354(id=354 center=354 R=5 crit=0.769 pot=0.3323)
phyopt: accepted (map area 233.81->233.81, delay 9.00->9.00).
phyopt: round=1 part=high seed=n356(id=356 center=356 R=5 crit=0.769 pot=0.3323)
phyopt: rejected (map area 233.81->236.21, delay 9.00->9.00).
phyopt: round=1 part=high seed=n362(id=362 center=362 R=5 crit=0.769 pot=0.3323)
phyopt: accepted (map area 233.81->233.81, delay 9.00->9.00).
phyopt: round=1 part=high seed=n366(id=366 center=366 R=5 crit=0.769 pot=0.3323)
phyopt: rejected (map area 233.81->234.61, delay 9.00->9.00).
phyopt: round=1 part=high seed=n367(id=367 center=367 R=5 crit=0.769 pot=0.3323)
phyopt: accepted (map area 233.81->233.28, delay 9.00->9.00).
phyopt: round=1 part=high seed=n375(id=375 center=375 R=5 crit=0.769 pot=0.3323)
phyopt: accepted (map area 233.28->233.28, delay 9.00->9.00).
phyopt: round=1 part=high seed=n398(id=398 center=398 R=5 crit=0.769 pot=0.3323)
phyopt: accepted (map area 233.28->229.29, delay 9.00->9.00).
phyopt: round=1 part=high seed=n407(id=407 center=407 R=5 crit=0.769 pot=0.3323)
phyopt: accepted (map area 229.29->229.29, delay 9.00->9.00).
phyopt: round=1 part=high seed=n412(id=412 center=412 R=5 crit=0.769 pot=0.3323)
phyopt: accepted (map area 229.29->229.29, delay 9.00->9.00).
phyopt: round=1 part=high seed=n414(id=414 center=414 R=5 crit=0.769 pot=0.3323)
phyopt: rejected (map area 229.29->229.56, delay 9.00->9.00).
phyopt: round=1 part=high seed=n421(id=421 center=421 R=5 crit=0.769 pot=0.3323)
Object with ID 421 is not a node or reg output.
Error: Extracting sequential window has failed.
Error: phyopt: local optimization failed at round 1 part 1. Rolling back.
phyopt: round=1 part=high seed=n422(id=422 center=422 R=5 crit=0.769 pot=0.3323)
Object with ID 422 is not a node or reg output.
Error: Extracting sequential window has failed.
Error: phyopt: local optimization failed at round 1 part 1. Rolling back.
The node "n424" with ID 424 is not in the current network.
phyopt: skip seed=n424 (cannot resolve center node in current AIG).
The node "n425" with ID 425 is not in the current network.
phyopt: skip seed=n425 (cannot resolve center node in current AIG).
The node "n428" with ID 428 is not in the current network.
phyopt: skip seed=n428 (cannot resolve center node in current AIG).
The node "n446" with ID 446 is not in the current network.
phyopt: skip seed=n446 (cannot resolve center node in current AIG).
phyopt: round=1 part=low seed=n124(id=124 center=124 R=3 crit=0.308 pot=0.9385)
phyopt: rejected (map area 229.29->229.29, delay 9.00->9.00).
phyopt: round=1 part=low seed=n38(id=38 center=38 R=3 crit=0.000 pot=0.7906)
phyopt: rejected (map area 229.29->229.29, delay 9.00->9.00).
phyopt: round=1 part=low seed=n37(id=37 center=37 R=3 crit=0.077 pot=0.7752)
phyopt: rejected (map area 229.29->229.56, delay 9.00->9.00).
phyopt: round=1 part=low seed=n39(id=39 center=39 R=3 crit=0.077 pot=0.7752)
phyopt: rejected (map area 229.29->229.29, delay 9.00->9.00).
phyopt: round=1 part=low seed=n17(id=17 center=17 R=3 crit=0.154 pot=0.7598)
phyopt: rejected (map area 229.29->229.29, delay 9.00->9.00).
phyopt: round=1 part=low seed=n18(id=18 center=18 R=3 crit=0.154 pot=0.7598)
phyopt: rejected (map area 229.29->229.29, delay 9.00->9.00).
phyopt: round=1 part=low seed=n20(id=20 center=20 R=3 crit=0.154 pot=0.7598)
phyopt: rejected (map area 229.29->229.29, delay 9.00->9.00).
phyopt: round=1 part=low seed=n23(id=23 center=23 R=3 crit=0.154 pot=0.7598)
phyopt: rejected (map area 229.29->229.29, delay 9.00->9.00).
phyopt: round=1 part=low seed=n24(id=24 center=24 R=3 crit=0.154 pot=0.7598)
phyopt: accepted (map area 229.29->229.03, delay 9.00->9.00).
phyopt: round=1 part=low seed=n104(id=104 center=104 R=3 crit=0.154 pot=0.7598)
phyopt: rejected (map area 229.03->230.62, delay 9.00->9.00).
phyopt: round=1 part=low seed=n26(id=26 center=26 R=3 crit=0.231 pot=0.7445)
phyopt: rejected (map area 229.03->229.03, delay 9.00->9.00).
phyopt: round=1 part=low seed=n105(id=105 center=105 R=3 crit=0.231 pot=0.7445)
phyopt: rejected (map area 229.03->230.62, delay 9.00->9.00).
phyopt: round=1 part=low seed=n106(id=106 center=106 R=3 crit=0.231 pot=0.7445)
phyopt: rejected (map area 229.03->230.62, delay 9.00->9.00).
phyopt: round=1 part=low seed=n191(id=191 center=191 R=3 crit=0.231 pot=0.7445)
phyopt: rejected (map area 229.03->229.29, delay 9.00->9.00).
phyopt: round=1 part=low seed=n192(id=192 center=192 R=3 crit=0.231 pot=0.7445)
phyopt: rejected (map area 229.03->229.29, delay 9.00->9.00).
phyopt: round=1 part=low seed=n193(id=193 center=193 R=3 crit=0.231 pot=0.7445)
phyopt: rejected (map area 229.03->229.29, delay 9.00->9.00).
phyopt: round=1 part=low seed=n223(id=223 center=223 R=3 crit=0.231 pot=0.7445)
phyopt: rejected (map area 229.03->229.03, delay 9.00->9.00).
phyopt: round=1 part=low seed=n230(id=230 center=230 R=3 crit=0.231 pot=0.7445)
phyopt: rejected (map area 229.03->229.03, delay 9.00->9.00).
phyopt: round=1 part=low seed=n231(id=231 center=231 R=3 crit=0.231 pot=0.7445)
phyopt: rejected (map area 229.03->229.29, delay 9.00->9.00).
phyopt: round=1 part=low seed=n27(id=27 center=27 R=3 crit=0.308 pot=0.7291)
phyopt: rejected (map area 229.03->229.29, delay 9.00->9.00).
phyopt: round=1 part=low seed=n29(id=29 center=29 R=3 crit=0.308 pot=0.7291)
phyopt: rejected (map area 229.03->229.03, delay 9.00->9.00).
phyopt: round=1 part=low seed=n30(id=30 center=30 R=3 crit=0.308 pot=0.7291)
phyopt: rejected (map area 229.03->229.03, delay 9.00->9.00).
phyopt: round=1 part=low seed=n31(id=31 center=31 R=3 crit=0.308 pot=0.7291)
phyopt: rejected (map area 229.03->229.03, delay 9.00->9.00).
phyopt: round=1 part=low seed=n33(id=33 center=33 R=3 crit=0.308 pot=0.7291)
phyopt: rejected (map area 229.03->229.03, delay 9.00->9.00).
phyopt: round=1 part=low seed=n40(id=40 center=40 R=3 crit=0.308 pot=0.7291)
phyopt: rejected (map area 229.03->229.03, delay 9.00->9.00).
phyopt: round=1 part=low seed=n98(id=98 center=98 R=3 crit=0.308 pot=0.7291)
phyopt: accepted (map area 229.03->228.76, delay 9.00->9.00).
phyopt: round=1 part=low seed=n100(id=100 center=100 R=3 crit=0.308 pot=0.7291)
phyopt: rejected (map area 228.76->228.76, delay 9.00->9.00).
phyopt: round=1 part=low seed=n101(id=101 center=101 R=3 crit=0.308 pot=0.7291)
phyopt: rejected (map area 228.76->228.76, delay 9.00->9.00).
phyopt: round=1 part=mid seed=n70(id=70 center=70 R=4 crit=0.462 pot=0.7692)
phyopt: accepted (map area 228.76->228.49, delay 9.00->9.00).
phyopt: round=1 part=mid seed=n179(id=179 center=179 R=4 crit=0.462 pot=0.7692)
phyopt: accepted (map area 228.49->227.96, delay 9.00->9.00).
phyopt: round=1 part=mid seed=n347(id=347 center=347 R=4 crit=0.538 pot=0.7308)
phyopt: accepted (map area 227.96->227.43, delay 9.00->9.00).
phyopt: round=1 part=mid seed=n142(id=142 center=142 R=4 crit=0.615 pot=0.6923)
phyopt: rejected (map area 227.43->227.43, delay 9.00->9.00).
phyopt: round=1 part=mid seed=n333(id=333 center=333 R=4 crit=0.615 pot=0.6923)
phyopt: rejected (map area 227.43->227.43, delay 9.00->9.00).
phyopt: round=1 part=mid seed=n155(id=155 center=155 R=4 crit=0.692 pot=0.6538)
phyopt: accepted (map area 227.43->226.90, delay 9.00->9.00).
phyopt: round=1 part=mid seed=n351(id=351 center=351 R=4 crit=0.692 pot=0.6538)
phyopt: rejected (map area 226.90->227.70, delay 9.00->9.00).
phyopt: round=1 part=mid seed=n409(id=409 center=409 R=4 crit=0.692 pot=0.6538)
Object with ID 409 is not a node or reg output.
Error: Extracting sequential window has failed.
Error: phyopt: local optimization failed at round 1 part 3. Rolling back.
phyopt: round=1 part=mid seed=n72(id=72 center=72 R=4 crit=0.462 pot=0.6384)
phyopt: rejected (map area 226.90->227.16, delay 9.00->9.00).
phyopt: round=1 part=mid seed=n91(id=91 center=91 R=4 crit=0.462 pot=0.6384)
phyopt: rejected (map area 226.90->228.49, delay 9.00->9.00).
phyopt: round=1 part=mid seed=n92(id=92 center=92 R=4 crit=0.462 pot=0.6384)
phyopt: accepted (map area 226.90->225.30, delay 9.00->9.00).
phyopt: round=1 part=mid seed=n146(id=146 center=146 R=4 crit=0.462 pot=0.6384)
phyopt: accepted (map area 225.30->224.77, delay 9.00->9.00).
phyopt: round=1 part=mid seed=n148(id=148 center=148 R=4 crit=0.462 pot=0.6384)
phyopt: rejected (map area 224.77->225.83, delay 9.00->9.00).
phyopt: round=1 part=mid seed=n159(id=159 center=159 R=4 crit=0.462 pot=0.6384)
phyopt: rejected (map area 224.77->224.77, delay 9.00->9.00).
phyopt: round=1 part=mid seed=n161(id=161 center=161 R=4 crit=0.462 pot=0.6384)
phyopt: rejected (map area 224.77->224.77, delay 9.00->9.00).
phyopt: round=1 part=mid seed=n168(id=168 center=168 R=4 crit=0.462 pot=0.6384)
phyopt: rejected (map area 224.77->224.77, delay 9.00->9.00).
phyopt: round=1 part=mid seed=n172(id=172 center=172 R=4 crit=0.462 pot=0.6384)
phyopt: rejected (map area 224.77->225.04, delay 9.00->9.00).
phyopt: round=1 part=mid seed=n173(id=173 center=173 R=4 crit=0.462 pot=0.6384)
phyopt: rejected (map area 224.77->224.77, delay 9.00->9.00).
phyopt: round=1 part=mid seed=n204(id=204 center=204 R=4 crit=0.462 pot=0.6384)
phyopt: accepted (map area 224.77->223.17, delay 9.00->9.00).
phyopt: round=1 part=mid seed=n206(id=206 center=206 R=4 crit=0.462 pot=0.6384)
phyopt: rejected (map area 223.17->223.17, delay 9.00->9.00).
phyopt: round=1 part=mid seed=n270(id=270 center=270 R=4 crit=0.462 pot=0.6384)
phyopt: rejected (map area 223.17->223.17, delay 9.00->9.00).
phyopt: round=1 part=mid seed=n271(id=271 center=271 R=4 crit=0.462 pot=0.6384)
phyopt: rejected (map area 223.17->225.57, delay 9.00->9.00).
phyopt: round=1 part=mid seed=n304(id=304 center=304 R=4 crit=0.462 pot=0.6384)
phyopt: rejected (map area 223.17->223.17, delay 9.00->9.00).
phyopt: round=1 part=mid seed=n305(id=305 center=305 R=4 crit=0.462 pot=0.6384)
phyopt: rejected (map area 223.17->223.17, delay 9.00->9.00).
phyopt: round=1 part=mid seed=n306(id=306 center=306 R=4 crit=0.462 pot=0.6384)
phyopt: rejected (map area 223.17->223.44, delay 9.00->9.00).
phyopt: round=1 part=mid seed=n307(id=307 center=307 R=4 crit=0.462 pot=0.6384)
phyopt: rejected (map area 223.17->223.17, delay 9.00->9.00).
phyopt: finished round 1/1.
phyopt: partition summary (tried/accepted):
  high : 11 / 17
  low  : 2 / 28
  mid  : 7 / 26
phyopt: per-part seed coverage (topK means top-5 potential within processed seeds):
  high: seeds=30 tried=17(56.7%) accepted=11(64.7%) skipped(marked=8,low_slack=0) topK(tried=4/5 accepted=3 hit=75.0%)
  low: seeds=30 tried=28(93.3%) accepted=2(7.1%) skipped(marked=2,low_slack=0) topK(tried=5/5 accepted=0 hit=0.0%)
  mid: seeds=30 tried=26(86.7%) accepted=7(26.9%) skipped(marked=4,low_slack=0) topK(tried=5/5 accepted=3 hit=60.0%)
phyopt: rejection reason breakdown:
  - runtime_or_eval_fail : 8
  - policy_tradeoff_reject : 28
  - delay_worse : 1
  - area_worse : 19
  - area_and_delay_worse : 0
  - low_part_delay_budget : 0
phyopt: skipped marked=14 low_slack=<0.10=0
phyopt: done, accepted=20 rejected=56 final_nodes=390 final_levels=21.
Networks are equivalent.  Time =     0.02 sec
