======== ABC command line "source /tmp/ablation_ex266_no_fanout_ease_285.scr"
Warning: Detected 2 multi-output cells (for example, "FA_X1").
mapper_extract: wrote 446 lines to "/mnt/d/My_abc_work/abc/my_work/ablation_results/ex266/ex266_no_fanout_ease.csv".
Loaded 446 physical records from /mnt/d/My_abc_work/abc/my_work/ablation_results/ex266/ex266_no_fanout_ease.csv
Potential rebuilt: alpha(low/mid/high)=0.200/0.500/0.800 avg_struct=0.6588 avg_slack=0.3098 avg_opt_mid=0.4843
Physical records : 446
Gate summary     : NAND=292 AND=126 INV=28 OTHER=0
Alpha (L/M/H)    : 0.200 / 0.500 / 0.800
StructW(i/p/f/g) : 0.500 / 0.375 / 0.000 / 0.125
phyopt: start rounds=1, criticality partitions high(>=0.800)->low(<=0.300)->mid, window=16.
phyopt: objective=map(area,delay), low-part delay budget=+10% from pre-opt.
phyopt: round=1 partition sizes high=156 low=19 mid=271.
phyopt: round=1 part=high seed=n58(id=58 center=58 R=5 crit=0.846 pot=0.2626)
phyopt: accepted (map area 235.94->235.94, delay 9.00->9.00).
phyopt: round=1 part=high seed=n62(id=62 center=62 R=5 crit=0.846 pot=0.2626)
phyopt: accepted (map area 235.94->233.55, delay 9.00->9.00).
phyopt: round=1 part=high seed=n236(id=236 center=236 R=5 crit=0.846 pot=0.2626)
phyopt: accepted (map area 233.55->232.22, delay 9.00->9.00).
phyopt: round=1 part=high seed=n238(id=238 center=238 R=5 crit=0.846 pot=0.2626)
phyopt: accepted (map area 232.22->232.22, delay 9.00->9.00).
phyopt: round=1 part=high seed=n260(id=260 center=260 R=5 crit=0.846 pot=0.2626)
phyopt: accepted (map area 232.22->229.03, delay 9.00->9.00).
phyopt: round=1 part=high seed=n264(id=264 center=264 R=5 crit=0.846 pot=0.2626)
phyopt: accepted (map area 229.03->229.03, delay 9.00->9.00).
phyopt: round=1 part=high seed=n266(id=266 center=266 R=5 crit=0.846 pot=0.2626)
phyopt: accepted (map area 229.03->229.03, delay 9.00->9.00).
phyopt: round=1 part=high seed=n360(id=360 center=360 R=5 crit=0.846 pot=0.2626)
phyopt: accepted (map area 229.03->229.03, delay 9.00->9.00).
phyopt: round=1 part=high seed=n378(id=378 center=378 R=5 crit=0.846 pot=0.2626)
phyopt: accepted (map area 229.03->228.76, delay 9.00->9.00).
phyopt: round=1 part=high seed=n380(id=380 center=380 R=5 crit=0.846 pot=0.2626)
phyopt: accepted (map area 228.76->227.70, delay 9.00->9.00).
phyopt: round=1 part=high seed=n382(id=382 center=382 R=5 crit=0.846 pot=0.2626)
phyopt: accepted (map area 227.70->226.63, delay 9.00->9.00).
phyopt: round=1 part=high seed=n395(id=395 center=395 R=5 crit=0.846 pot=0.2626)
phyopt: rejected (map area 226.63->226.90, delay 9.00->9.00).
phyopt: round=1 part=high seed=n396(id=396 center=396 R=5 crit=0.846 pot=0.2626)
phyopt: accepted (map area 226.63->224.77, delay 9.00->9.00).
phyopt: round=1 part=high seed=n399(id=399 center=399 R=5 crit=0.846 pot=0.2626)
phyopt: accepted (map area 224.77->224.77, delay 9.00->9.00).
phyopt: round=1 part=high seed=n404(id=404 center=404 R=5 crit=0.846 pot=0.2626)
phyopt: accepted (map area 224.77->224.24, delay 9.00->9.00).
phyopt: round=1 part=high seed=n408(id=408 center=408 R=5 crit=0.846 pot=0.2626)
phyopt: accepted (map area 224.24->223.97, delay 9.00->9.00).
The node "n415" with ID 415 is not in the current network.
phyopt: skip seed=n415 (cannot resolve center node in current AIG).
The node "n416" with ID 416 is not in the current network.
phyopt: skip seed=n416 (cannot resolve center node in current AIG).
The node "n417" with ID 417 is not in the current network.
phyopt: skip seed=n417 (cannot resolve center node in current AIG).
phyopt: round=1 part=low seed=n38(id=38 center=38 R=3 crit=0.000 pot=0.7581)
phyopt: rejected (map area 223.97->223.97, delay 9.00->9.00).
phyopt: round=1 part=low seed=n37(id=37 center=37 R=3 crit=0.077 pot=0.7428)
phyopt: rejected (map area 223.97->223.97, delay 9.00->9.00).
phyopt: round=1 part=low seed=n39(id=39 center=39 R=3 crit=0.077 pot=0.7428)
phyopt: rejected (map area 223.97->223.97, delay 9.00->9.00).
phyopt: round=1 part=low seed=n17(id=17 center=17 R=3 crit=0.154 pot=0.7274)
phyopt: rejected (map area 223.97->223.97, delay 9.00->9.00).
phyopt: round=1 part=low seed=n18(id=18 center=18 R=3 crit=0.154 pot=0.7274)
phyopt: rejected (map area 223.97->223.97, delay 9.00->9.00).
phyopt: round=1 part=low seed=n20(id=20 center=20 R=3 crit=0.154 pot=0.7274)
phyopt: rejected (map area 223.97->224.77, delay 9.00->9.00).
phyopt: round=1 part=low seed=n22(id=22 center=22 R=3 crit=0.154 pot=0.7274)
phyopt: rejected (map area 223.97->226.37, delay 9.00->9.00).
phyopt: round=1 part=low seed=n23(id=23 center=23 R=3 crit=0.154 pot=0.7274)
phyopt: rejected (map area 223.97->223.97, delay 9.00->9.00).
phyopt: round=1 part=low seed=n24(id=24 center=24 R=3 crit=0.154 pot=0.7274)
phyopt: rejected (map area 223.97->223.97, delay 9.00->9.00).
phyopt: round=1 part=low seed=n104(id=104 center=104 R=3 crit=0.154 pot=0.7274)
phyopt: rejected (map area 223.97->223.97, delay 9.00->9.00).
phyopt: round=1 part=low seed=n26(id=26 center=26 R=3 crit=0.231 pot=0.7120)
phyopt: rejected (map area 223.97->223.97, delay 9.00->9.00).
phyopt: round=1 part=low seed=n105(id=105 center=105 R=3 crit=0.231 pot=0.7120)
phyopt: rejected (map area 223.97->223.97, delay 9.00->9.00).
phyopt: round=1 part=low seed=n106(id=106 center=106 R=3 crit=0.231 pot=0.7120)
phyopt: rejected (map area 223.97->223.97, delay 9.00->9.00).
phyopt: round=1 part=low seed=n191(id=191 center=191 R=3 crit=0.231 pot=0.7120)
phyopt: rejected (map area 223.97->225.83, delay 9.00->9.00).
phyopt: round=1 part=low seed=n192(id=192 center=192 R=3 crit=0.231 pot=0.7120)
phyopt: accepted (map area 223.97->223.17, delay 9.00->9.00).
phyopt: round=1 part=low seed=n223(id=223 center=223 R=3 crit=0.231 pot=0.7120)
phyopt: rejected (map area 223.17->223.17, delay 9.00->9.00).
phyopt: round=1 part=low seed=n230(id=230 center=230 R=3 crit=0.231 pot=0.7120)
phyopt: accepted (map area 223.17->217.85, delay 9.00->9.00).
phyopt: round=1 part=mid seed=n124(id=124 center=124 R=4 crit=0.308 pot=0.8462)
phyopt: rejected (map area 217.85->217.85, delay 9.00->9.00).
phyopt: round=1 part=mid seed=n70(id=70 center=70 R=4 crit=0.462 pot=0.7692)
phyopt: accepted (map area 217.85->216.79, delay 9.00->9.00).
phyopt: round=1 part=mid seed=n179(id=179 center=179 R=4 crit=0.462 pot=0.7692)
phyopt: accepted (map area 216.79->216.52, delay 9.00->9.00).
phyopt: round=1 part=mid seed=n347(id=347 center=347 R=4 crit=0.538 pot=0.7308)
phyopt: rejected (map area 216.52->216.52, delay 9.00->9.00).
phyopt: round=1 part=mid seed=n27(id=27 center=27 R=4 crit=0.308 pot=0.6950)
phyopt: accepted (map area 216.52->216.26, delay 9.00->9.00).
phyopt: round=1 part=mid seed=n29(id=29 center=29 R=4 crit=0.308 pot=0.6950)
phyopt: rejected (map area 216.26->217.06, delay 9.00->9.00).
phyopt: round=1 part=mid seed=n30(id=30 center=30 R=4 crit=0.308 pot=0.6950)
phyopt: rejected (map area 216.26->217.06, delay 9.00->9.00).
phyopt: round=1 part=mid seed=n31(id=31 center=31 R=4 crit=0.308 pot=0.6950)
phyopt: rejected (map area 216.26->216.26, delay 9.00->9.00).
phyopt: round=1 part=mid seed=n32(id=32 center=32 R=4 crit=0.308 pot=0.6950)
phyopt: rejected (map area 216.26->216.26, delay 9.00->9.00).
phyopt: round=1 part=mid seed=n33(id=33 center=33 R=4 crit=0.308 pot=0.6950)
phyopt: rejected (map area 216.26->216.26, delay 9.00->9.00).
phyopt: round=1 part=mid seed=n40(id=40 center=40 R=4 crit=0.308 pot=0.6950)
phyopt: rejected (map area 216.26->216.26, delay 9.00->9.00).
phyopt: round=1 part=mid seed=n97(id=97 center=97 R=4 crit=0.308 pot=0.6950)
phyopt: rejected (map area 216.26->216.26, delay 9.00->9.00).
phyopt: round=1 part=mid seed=n98(id=98 center=98 R=4 crit=0.308 pot=0.6950)
phyopt: rejected (map area 216.26->216.26, delay 9.00->9.00).
phyopt: round=1 part=mid seed=n99(id=99 center=99 R=4 crit=0.308 pot=0.6950)
phyopt: rejected (map area 216.26->216.26, delay 9.00->9.00).
phyopt: round=1 part=mid seed=n100(id=100 center=100 R=4 crit=0.308 pot=0.6950)
phyopt: rejected (map area 216.26->216.26, delay 9.00->9.00).
phyopt: round=1 part=mid seed=n101(id=101 center=101 R=4 crit=0.308 pot=0.6950)
phyopt: rejected (map area 216.26->216.26, delay 9.00->9.00).
phyopt: round=1 part=mid seed=n107(id=107 center=107 R=4 crit=0.308 pot=0.6950)
phyopt: rejected (map area 216.26->216.79, delay 9.00->9.00).
phyopt: round=1 part=mid seed=n180(id=180 center=180 R=4 crit=0.308 pot=0.6950)
phyopt: rejected (map area 216.26->216.26, delay 9.00->9.00).
phyopt: round=1 part=mid seed=n181(id=181 center=181 R=4 crit=0.308 pot=0.6950)
phyopt: rejected (map area 216.26->216.26, delay 9.00->9.00).
phyopt: round=1 part=mid seed=n224(id=224 center=224 R=4 crit=0.308 pot=0.6950)
phyopt: accepted (map area 216.26->215.73, delay 9.00->9.00).
phyopt: round=1 part=mid seed=n226(id=226 center=226 R=4 crit=0.308 pot=0.6950)
phyopt: rejected (map area 215.73->215.73, delay 9.00->9.00).
phyopt: round=1 part=mid seed=n227(id=227 center=227 R=4 crit=0.308 pot=0.6950)
phyopt: rejected (map area 215.73->215.73, delay 9.00->9.00).
phyopt: round=1 part=mid seed=n228(id=228 center=228 R=4 crit=0.308 pot=0.6950)
phyopt: rejected (map area 215.73->219.45, delay 9.00->9.00).
phyopt: round=1 part=mid seed=n229(id=229 center=229 R=4 crit=0.308 pot=0.6950)
phyopt: rejected (map area 215.73->215.73, delay 9.00->9.00).
phyopt: round=1 part=mid seed=n232(id=232 center=232 R=4 crit=0.308 pot=0.6950)
phyopt: rejected (map area 215.73->215.73, delay 9.00->9.00).
phyopt: round=1 part=mid seed=n233(id=233 center=233 R=4 crit=0.308 pot=0.6950)
phyopt: rejected (map area 215.73->219.18, delay 9.00->9.00).
phyopt: round=1 part=mid seed=n310(id=310 center=310 R=4 crit=0.308 pot=0.6950)
phyopt: rejected (map area 215.73->215.73, delay 9.00->9.00).
phyopt: round=1 part=mid seed=n142(id=142 center=142 R=4 crit=0.615 pot=0.6923)
phyopt: rejected (map area 215.73->217.06, delay 9.00->9.00).
phyopt: round=1 part=mid seed=n333(id=333 center=333 R=4 crit=0.615 pot=0.6923)
phyopt: rejected (map area 215.73->215.73, delay 9.00->9.00).
phyopt: finished round 1/1.
phyopt: partition summary (tried/accepted):
  high : 15 / 16
  low  : 2 / 17
  mid  : 4 / 29
phyopt: per-part seed coverage (topK means top-5 potential within processed seeds):
  high: seeds=30 tried=16(53.3%) accepted=15(93.8%) skipped(marked=11,low_slack=0) topK(tried=4/5 accepted=4 hit=100.0%)
  low: seeds=19 tried=17(89.5%) accepted=2(11.8%) skipped(marked=2,low_slack=0) topK(tried=5/5 accepted=0 hit=0.0%)
  mid: seeds=30 tried=29(96.7%) accepted=4(13.8%) skipped(marked=1,low_slack=0) topK(tried=5/5 accepted=3 hit=60.0%)
phyopt: rejection reason breakdown:
  - runtime_or_eval_fail : 3
  - policy_tradeoff_reject : 31
  - delay_worse : 0
  - area_worse : 10
  - area_and_delay_worse : 0
  - low_part_delay_budget : 0
phyopt: skipped marked=14 low_slack=<0.10=0
phyopt: done, accepted=21 rejected=44 final_nodes=387 final_levels=19.
Networks are equivalent.  Time =     0.02 sec
