======== ABC command line "source /tmp/ablation_ex258_alpha_struct_heavy_285.scr"
Warning: Detected 2 multi-output cells (for example, "FA_X1").
mapper_extract: wrote 31652 lines to "/mnt/d/My_abc_work/abc/my_work/ablation_results/ex258/ex258_alpha_struct_heavy.csv".
Loaded 31652 physical records from /mnt/d/My_abc_work/abc/my_work/ablation_results/ex258/ex258_alpha_struct_heavy.csv
Potential rebuilt: alpha(low/mid/high)=0.100/0.300/0.500 avg_struct=0.7166 avg_slack=0.2619 avg_opt_mid=0.5803
Physical records : 31652
Gate summary     : NAND=23618 AND=6694 INV=1340 OTHER=0
Alpha (L/M/H)    : 0.100 / 0.300 / 0.500
StructW(i/p/f/g) : 0.400 / 0.300 / 0.200 / 0.100
phyopt: start rounds=1, criticality partitions high(>=0.800)->low(<=0.300)->mid, window=16.
phyopt: objective=map(area,delay), low-part delay budget=+10% from pre-opt.
phyopt: round=1 partition sizes high=13873 low=575 mid=17204.
phyopt: round=1 part=high seed=n1794(id=1794 center=1794 R=5 crit=0.816 pot=0.5921)
phyopt: rejected (map area 16880.36->16886.21, delay 21.00->21.00).
phyopt: round=1 part=high seed=n2024(id=2024 center=2024 R=5 crit=0.816 pot=0.5921)
phyopt: rejected (map area 16880.36->16887.28, delay 21.00->21.00).
phyopt: round=1 part=high seed=n10876(id=10876 center=10876 R=5 crit=0.816 pot=0.5921)
phyopt: accepted (map area 16880.36->16880.36, delay 21.00->21.00).
phyopt: round=1 part=high seed=n11580(id=11580 center=11580 R=5 crit=0.816 pot=0.5921)
phyopt: accepted (map area 16880.36->16880.09, delay 21.00->21.00).
phyopt: round=1 part=high seed=n12493(id=12493 center=12493 R=5 crit=0.816 pot=0.5921)
phyopt: rejected (map area 16880.09->16881.42, delay 21.00->21.00).
phyopt: round=1 part=high seed=n12604(id=12604 center=12604 R=5 crit=0.816 pot=0.5921)
phyopt: rejected (map area 16880.09->16928.77, delay 21.00->21.00).
phyopt: round=1 part=high seed=n14156(id=14156 center=14156 R=5 crit=0.816 pot=0.5921)
phyopt: accepted (map area 16880.09->16880.09, delay 21.00->21.00).
phyopt: round=1 part=high seed=n14882(id=14882 center=14882 R=5 crit=0.816 pot=0.5921)
phyopt: accepted (map area 16880.09->16880.09, delay 21.00->21.00).
phyopt: round=1 part=high seed=n15249(id=15249 center=15249 R=5 crit=0.816 pot=0.5921)
phyopt: accepted (map area 16880.09->16880.09, delay 21.00->21.00).
phyopt: round=1 part=high seed=n15749(id=15749 center=15749 R=5 crit=0.816 pot=0.5921)
phyopt: accepted (map area 16880.09->16877.17, delay 21.00->21.00).
phyopt: round=1 part=high seed=n16638(id=16638 center=16638 R=5 crit=0.816 pot=0.5921)
phyopt: accepted (map area 16877.17->16873.18, delay 21.00->21.00).
phyopt: round=1 part=high seed=n16678(id=16678 center=16678 R=5 crit=0.816 pot=0.5921)
phyopt: rejected (map area 16873.18->16873.98, delay 21.00->21.00).
phyopt: round=1 part=high seed=n16997(id=16997 center=16997 R=5 crit=0.816 pot=0.5921)
phyopt: rejected (map area 16873.18->16889.67, delay 21.00->21.00).
phyopt: round=1 part=high seed=n20081(id=20081 center=20081 R=5 crit=0.816 pot=0.5921)
phyopt: accepted (map area 16873.18->16872.11, delay 21.00->21.00).
phyopt: round=1 part=high seed=n20547(id=20547 center=20547 R=5 crit=0.816 pot=0.5921)
phyopt: accepted (map area 16872.11->16870.78, delay 21.00->21.00).
phyopt: round=1 part=high seed=n20664(id=20664 center=20664 R=5 crit=0.816 pot=0.5921)
phyopt: rejected (map area 16870.78->16910.95, delay 21.00->21.00).
phyopt: round=1 part=high seed=n20962(id=20962 center=20962 R=5 crit=0.816 pot=0.5921)
phyopt: accepted (map area 16870.78->16868.12, delay 21.00->21.00).
phyopt: round=1 part=high seed=n26330(id=26330 center=26330 R=5 crit=0.816 pot=0.5921)
phyopt: rejected (map area 16868.12->16898.71, delay 21.00->21.00).
phyopt: round=1 part=high seed=n27100(id=27100 center=27100 R=5 crit=0.816 pot=0.5921)
phyopt: accepted (map area 16868.12->16866.00, delay 21.00->21.00).
phyopt: round=1 part=high seed=n27739(id=27739 center=27739 R=5 crit=0.816 pot=0.5921)
phyopt: accepted (map area 16866.00->16863.34, delay 21.00->21.00).
phyopt: round=1 part=high seed=n28095(id=28095 center=28095 R=5 crit=0.816 pot=0.5921)
phyopt: accepted (map area 16863.34->16863.34, delay 21.00->21.00).
phyopt: round=1 part=high seed=n28853(id=28853 center=28853 R=5 crit=0.816 pot=0.5921)
phyopt: accepted (map area 16863.34->16863.34, delay 21.00->21.00).
phyopt: round=1 part=high seed=n29537(id=29537 center=29537 R=5 crit=0.816 pot=0.5921)
phyopt: accepted (map area 16863.34->16863.07, delay 21.00->21.00).
phyopt: round=1 part=high seed=n29556(id=29556 center=29556 R=5 crit=0.816 pot=0.5921)
phyopt: accepted (map area 16863.07->16859.88, delay 21.00->21.00).
phyopt: round=1 part=high seed=n30057(id=30057 center=30057 R=5 crit=0.816 pot=0.5921)
phyopt: accepted (map area 16859.88->16858.81, delay 21.00->21.00).
phyopt: round=1 part=high seed=n30222(id=30222 center=30222 R=5 crit=0.816 pot=0.5921)
phyopt: rejected (map area 16858.81->16859.88, delay 21.00->21.00).
phyopt: round=1 part=high seed=n30239(id=30239 center=30239 R=5 crit=0.816 pot=0.5921)
phyopt: accepted (map area 16858.81->16858.81, delay 21.00->21.00).
The node "n30292" with ID 30292 is not in the current network.
phyopt: skip seed=n30292 (cannot resolve center node in current AIG).
The node "n30368" with ID 30368 is not in the current network.
phyopt: skip seed=n30368 (cannot resolve center node in current AIG).
The node "n31094" with ID 31094 is not in the current network.
phyopt: skip seed=n31094 (cannot resolve center node in current AIG).
phyopt: round=1 part=low seed=n3325(id=3325 center=3325 R=3 crit=0.105 pot=0.9895)
phyopt: accepted (map area 16858.81->16858.55, delay 21.00->21.00).
phyopt: round=1 part=low seed=n5922(id=5922 center=5922 R=3 crit=0.158 pot=0.9842)
phyopt: rejected (map area 16858.55->16858.55, delay 21.00->21.00).
phyopt: round=1 part=low seed=n5867(id=5867 center=5867 R=3 crit=0.184 pot=0.9816)
phyopt: accepted (map area 16858.55->16856.42, delay 21.00->21.00).
phyopt: round=1 part=low seed=n6381(id=6381 center=6381 R=3 crit=0.184 pot=0.9816)
phyopt: rejected (map area 16856.42->16856.42, delay 21.00->21.00).
phyopt: round=1 part=low seed=n21162(id=21162 center=21162 R=3 crit=0.211 pot=0.9789)
phyopt: accepted (map area 16856.42->16855.62, delay 21.00->21.00).
phyopt: round=1 part=low seed=n3204(id=3204 center=3204 R=3 crit=0.263 pot=0.9737)
phyopt: rejected (map area 16855.62->16855.62, delay 21.00->21.00).
phyopt: round=1 part=low seed=n3813(id=3813 center=3813 R=3 crit=0.263 pot=0.9737)
phyopt: rejected (map area 16855.62->16855.62, delay 21.00->21.00).
phyopt: round=1 part=low seed=n4977(id=4977 center=4977 R=3 crit=0.263 pot=0.9737)
phyopt: rejected (map area 16855.62->16855.62, delay 21.00->21.00).
phyopt: round=1 part=low seed=n23107(id=23107 center=23107 R=3 crit=0.263 pot=0.9737)
phyopt: rejected (map area 16855.62->16855.62, delay 21.00->21.00).
phyopt: round=1 part=low seed=n3068(id=3068 center=3068 R=3 crit=0.289 pot=0.9711)
phyopt: rejected (map area 16855.62->16855.62, delay 21.00->21.00).
phyopt: round=1 part=low seed=n3522(id=3522 center=3522 R=3 crit=0.289 pot=0.9711)
phyopt: accepted (map area 16855.62->16855.09, delay 21.00->21.00).
phyopt: round=1 part=low seed=n3538(id=3538 center=3538 R=3 crit=0.289 pot=0.9711)
phyopt: rejected (map area 16855.09->16855.09, delay 21.00->21.00).
phyopt: round=1 part=low seed=n3773(id=3773 center=3773 R=3 crit=0.289 pot=0.9711)
phyopt: rejected (map area 16855.09->16855.09, delay 21.00->21.00).
phyopt: round=1 part=low seed=n6767(id=6767 center=6767 R=3 crit=0.289 pot=0.9711)
phyopt: rejected (map area 16855.09->16855.09, delay 21.00->21.00).
phyopt: round=1 part=low seed=n8292(id=8292 center=8292 R=3 crit=0.289 pot=0.9711)
phyopt: rejected (map area 16855.09->16855.09, delay 21.00->21.00).
phyopt: round=1 part=low seed=n22213(id=22213 center=22213 R=3 crit=0.289 pot=0.9711)
phyopt: rejected (map area 16855.09->16855.09, delay 21.00->21.00).
phyopt: round=1 part=low seed=n5816(id=5816 center=5816 R=3 crit=0.000 pot=0.7768)
phyopt: rejected (map area 16855.09->16855.09, delay 21.00->21.00).
phyopt: round=1 part=low seed=n5820(id=5820 center=5820 R=3 crit=0.000 pot=0.7768)
phyopt: rejected (map area 16855.09->16855.09, delay 21.00->21.00).
phyopt: round=1 part=low seed=n5821(id=5821 center=5821 R=3 crit=0.000 pot=0.7768)
phyopt: rejected (map area 16855.09->16855.09, delay 21.00->21.00).
phyopt: round=1 part=low seed=n5875(id=5875 center=5875 R=3 crit=0.026 pot=0.7742)
phyopt: accepted (map area 16855.09->16854.82, delay 21.00->21.00).
phyopt: round=1 part=low seed=n5876(id=5876 center=5876 R=3 crit=0.026 pot=0.7742)
phyopt: rejected (map area 16854.82->16854.82, delay 21.00->21.00).
phyopt: round=1 part=low seed=n2675(id=2675 center=2675 R=3 crit=0.053 pot=0.7716)
phyopt: rejected (map area 16854.82->16854.82, delay 21.00->21.00).
phyopt: round=1 part=low seed=n2676(id=2676 center=2676 R=3 crit=0.079 pot=0.7689)
phyopt: rejected (map area 16854.82->16854.82, delay 21.00->21.00).
phyopt: round=1 part=low seed=n3330(id=3330 center=3330 R=3 crit=0.079 pot=0.7689)
phyopt: rejected (map area 16854.82->16855.89, delay 21.00->21.00).
phyopt: round=1 part=low seed=n3787(id=3787 center=3787 R=3 crit=0.079 pot=0.7689)
phyopt: rejected (map area 16854.82->16854.82, delay 21.00->21.00).
phyopt: round=1 part=low seed=n3788(id=3788 center=3788 R=3 crit=0.079 pot=0.7689)
phyopt: accepted (map area 16854.82->16854.56, delay 21.00->21.00).
phyopt: round=1 part=low seed=n5823(id=5823 center=5823 R=3 crit=0.079 pot=0.7689)
phyopt: rejected (map area 16854.56->16854.56, delay 21.00->21.00).
phyopt: round=1 part=low seed=n5824(id=5824 center=5824 R=3 crit=0.079 pot=0.7689)
phyopt: rejected (map area 16854.56->16854.56, delay 21.00->21.00).
phyopt: round=1 part=mid seed=n2810(id=2810 center=2810 R=4 crit=0.316 pot=0.9053)
phyopt: rejected (map area 16854.56->16854.82, delay 21.00->21.00).
phyopt: round=1 part=mid seed=n4719(id=4719 center=4719 R=4 crit=0.316 pot=0.9053)
phyopt: accepted (map area 16854.56->16852.70, delay 21.00->21.00).
phyopt: round=1 part=mid seed=n6484(id=6484 center=6484 R=4 crit=0.316 pot=0.9053)
phyopt: accepted (map area 16852.70->16851.37, delay 21.00->21.00).
phyopt: round=1 part=mid seed=n7458(id=7458 center=7458 R=4 crit=0.316 pot=0.9053)
phyopt: accepted (map area 16851.37->16850.57, delay 21.00->21.00).
phyopt: round=1 part=mid seed=n2743(id=2743 center=2743 R=4 crit=0.342 pot=0.8974)
phyopt: rejected (map area 16850.57->16876.10, delay 21.00->21.00).
phyopt: round=1 part=mid seed=n3176(id=3176 center=3176 R=4 crit=0.342 pot=0.8974)
phyopt: rejected (map area 16850.57->16851.10, delay 21.00->21.00).
phyopt: round=1 part=mid seed=n4714(id=4714 center=4714 R=4 crit=0.342 pot=0.8974)
phyopt: accepted (map area 16850.57->16850.04, delay 21.00->21.00).
phyopt: round=1 part=mid seed=n6410(id=6410 center=6410 R=4 crit=0.342 pot=0.8974)
phyopt: rejected (map area 16850.04->16850.04, delay 21.00->21.00).
phyopt: round=1 part=mid seed=n6744(id=6744 center=6744 R=4 crit=0.342 pot=0.8974)
phyopt: rejected (map area 16850.04->16850.04, delay 21.00->21.00).
phyopt: round=1 part=mid seed=n8094(id=8094 center=8094 R=4 crit=0.342 pot=0.8974)
phyopt: rejected (map area 16850.04->16850.30, delay 21.00->21.00).
phyopt: round=1 part=mid seed=n6326(id=6326 center=6326 R=4 crit=0.368 pot=0.8895)
phyopt: accepted (map area 16850.04->16848.44, delay 21.00->21.00).
phyopt: round=1 part=mid seed=n6945(id=6945 center=6945 R=4 crit=0.368 pot=0.8895)
phyopt: rejected (map area 16848.44->16849.77, delay 21.00->21.00).
phyopt: round=1 part=mid seed=n6966(id=6966 center=6966 R=4 crit=0.368 pot=0.8895)
phyopt: rejected (map area 16848.44->16848.44, delay 21.00->21.00).
phyopt: round=1 part=mid seed=n15840(id=15840 center=15840 R=4 crit=0.368 pot=0.8895)
phyopt: accepted (map area 16848.44->16847.91, delay 21.00->21.00).
phyopt: round=1 part=mid seed=n2895(id=2895 center=2895 R=4 crit=0.395 pot=0.8816)
phyopt: rejected (map area 16847.91->16847.91, delay 21.00->21.00).
phyopt: round=1 part=mid seed=n2898(id=2898 center=2898 R=4 crit=0.395 pot=0.8816)
phyopt: accepted (map area 16847.91->16847.64, delay 21.00->21.00).
phyopt: round=1 part=mid seed=n3158(id=3158 center=3158 R=4 crit=0.395 pot=0.8816)
phyopt: rejected (map area 16847.64->16847.64, delay 21.00->21.00).
phyopt: round=1 part=mid seed=n3675(id=3675 center=3675 R=4 crit=0.395 pot=0.8816)
phyopt: rejected (map area 16847.64->16849.24, delay 21.00->21.00).
phyopt: round=1 part=mid seed=n3894(id=3894 center=3894 R=4 crit=0.395 pot=0.8816)
phyopt: rejected (map area 16847.64->16848.71, delay 21.00->21.00).
phyopt: round=1 part=mid seed=n5025(id=5025 center=5025 R=4 crit=0.395 pot=0.8816)
phyopt: rejected (map area 16847.64->16847.64, delay 21.00->21.00).
phyopt: round=1 part=mid seed=n5515(id=5515 center=5515 R=4 crit=0.395 pot=0.8816)
phyopt: rejected (map area 16847.64->16847.64, delay 21.00->21.00).
phyopt: round=1 part=mid seed=n8257(id=8257 center=8257 R=4 crit=0.395 pot=0.8816)
phyopt: accepted (map area 16847.64->16847.38, delay 21.00->21.00).
phyopt: round=1 part=mid seed=n8446(id=8446 center=8446 R=4 crit=0.395 pot=0.8816)
phyopt: rejected (map area 16847.38->16847.38, delay 21.00->21.00).
phyopt: round=1 part=mid seed=n21714(id=21714 center=21714 R=4 crit=0.395 pot=0.8816)
phyopt: accepted (map area 16847.38->16843.12, delay 21.00->21.00).
phyopt: round=1 part=mid seed=n3140(id=3140 center=3140 R=4 crit=0.421 pot=0.8737)
phyopt: rejected (map area 16843.12->16843.12, delay 21.00->21.00).
phyopt: round=1 part=mid seed=n3661(id=3661 center=3661 R=4 crit=0.421 pot=0.8737)
phyopt: rejected (map area 16843.12->16843.12, delay 21.00->21.00).
phyopt: round=1 part=mid seed=n6209(id=6209 center=6209 R=4 crit=0.421 pot=0.8737)
phyopt: accepted (map area 16843.12->16842.59, delay 21.00->21.00).
phyopt: round=1 part=mid seed=n7213(id=7213 center=7213 R=4 crit=0.421 pot=0.8737)
phyopt: rejected (map area 16842.59->16843.12, delay 21.00->21.00).
phyopt: round=1 part=mid seed=n8277(id=8277 center=8277 R=4 crit=0.421 pot=0.8737)
phyopt: rejected (map area 16842.59->16842.85, delay 21.00->21.00).
phyopt: round=1 part=mid seed=n13049(id=13049 center=13049 R=4 crit=0.421 pot=0.8737)
phyopt: rejected (map area 16842.59->16843.39, delay 21.00->21.00).
phyopt: finished round 1/1.
phyopt: partition summary (tried/accepted):
  high : 18 / 27
  low  : 6 / 28
  mid  : 10 / 30
phyopt: per-part seed coverage (topK means top-5 potential within processed seeds):
  high: seeds=30 tried=27(90.0%) accepted=18(66.7%) skipped(marked=0,low_slack=0) topK(tried=5/5 accepted=2 hit=40.0%)
  low: seeds=30 tried=28(93.3%) accepted=6(21.4%) skipped(marked=2,low_slack=0) topK(tried=5/5 accepted=3 hit=60.0%)
  mid: seeds=30 tried=30(100.0%) accepted=10(33.3%) skipped(marked=0,low_slack=0) topK(tried=5/5 accepted=3 hit=60.0%)
phyopt: rejection reason breakdown:
  - runtime_or_eval_fail : 3
  - policy_tradeoff_reject : 31
  - delay_worse : 0
  - area_worse : 20
  - area_and_delay_worse : 0
  - low_part_delay_budget : 0
phyopt: skipped marked=2 low_slack=<0.10=0
phyopt: done, accepted=34 rejected=54 final_nodes=30222 final_levels=46.
Networks are equivalent.  Time =     3.07 sec
