======== ABC command line "source /tmp/ablation_ex275_no_fanout_ease_285.scr"
Warning: Detected 2 multi-output cells (for example, "FA_X1").
mapper_extract: wrote 118 lines to "/mnt/d/My_abc_work/abc/my_work/ablation_results/ex275/ex275_no_fanout_ease.csv".
Loaded 118 physical records from /mnt/d/My_abc_work/abc/my_work/ablation_results/ex275/ex275_no_fanout_ease.csv
Potential rebuilt: alpha(low/mid/high)=0.200/0.500/0.800 avg_struct=0.6634 avg_slack=0.2105 avg_opt_mid=0.4369
Physical records : 118
Gate summary     : NAND=79 AND=27 INV=12 OTHER=0
Alpha (L/M/H)    : 0.200 / 0.500 / 0.800
StructW(i/p/f/g) : 0.500 / 0.375 / 0.000 / 0.125
phyopt: start rounds=1, criticality partitions high(>=0.800)->low(<=0.300)->mid, window=16.
phyopt: objective=map(area,delay), low-part delay budget=+10% from pre-opt.
phyopt: round=1 partition sizes high=71 low=1 mid=46.
phyopt: round=1 part=high seed=n77(id=77 center=77 R=5 crit=0.833 pot=0.3333)
phyopt: accepted (map area 59.58->56.92, delay 6.00->6.00).
phyopt: round=1 part=high seed=n80(id=80 center=80 R=5 crit=0.833 pot=0.3333)
phyopt: accepted (map area 56.92->56.92, delay 6.00->6.00).
phyopt: round=1 part=high seed=n111(id=111 center=111 R=5 crit=0.833 pot=0.3333)
phyopt: accepted (map area 56.92->55.33, delay 6.00->6.00).
phyopt: round=1 part=high seed=n19(id=19 center=19 R=5 crit=0.833 pot=0.2729)
phyopt: accepted (map area 55.33->55.33, delay 6.00->6.00).
phyopt: round=1 part=high seed=n49(id=49 center=49 R=5 crit=0.833 pot=0.2729)
phyopt: accepted (map area 55.33->53.73, delay 6.00->5.00).
phyopt: round=1 part=high seed=n61(id=61 center=61 R=5 crit=0.833 pot=0.2729)
phyopt: rejected (map area 53.73->56.13, delay 5.00->5.00).
phyopt: round=1 part=high seed=n82(id=82 center=82 R=5 crit=0.833 pot=0.2729)
phyopt: accepted (map area 53.73->53.20, delay 5.00->5.00).
phyopt: round=1 part=high seed=n89(id=89 center=89 R=5 crit=0.833 pot=0.2729)
phyopt: accepted (map area 53.20->52.93, delay 5.00->5.00).
phyopt: round=1 part=high seed=n91(id=91 center=91 R=5 crit=0.833 pot=0.2729)
phyopt: accepted (map area 52.93->52.93, delay 5.00->5.00).
phyopt: round=1 part=high seed=n93(id=93 center=93 R=5 crit=0.833 pot=0.2729)
phyopt: accepted (map area 52.93->52.93, delay 5.00->5.00).
phyopt: round=1 part=high seed=n96(id=96 center=96 R=5 crit=0.833 pot=0.2729)
phyopt: accepted (map area 52.93->52.93, delay 5.00->5.00).
phyopt: round=1 part=high seed=n105(id=105 center=105 R=5 crit=0.833 pot=0.2729)
Object with ID 105 is not a node or reg output.
Error: Extracting sequential window has failed.
Error: phyopt: local optimization failed at round 1 part 1. Rolling back.
The node "n109" with ID 109 is not in the current network.
phyopt: skip seed=n109 (cannot resolve center node in current AIG).
The node "n128" with ID 128 is not in the current network.
phyopt: skip seed=n128 (cannot resolve center node in current AIG).
phyopt: round=1 part=high seed=n99(id=99 center=99 R=5 crit=0.917 pot=0.2062)
phyopt: accepted (map area 52.93->51.07, delay 5.00->5.00).
phyopt: round=1 part=high seed=n101(id=101 center=101 R=5 crit=0.917 pot=0.2062)
Object with ID 101 is not a node or reg output.
Error: Extracting sequential window has failed.
Error: phyopt: local optimization failed at round 1 part 1. Rolling back.
phyopt: round=1 part=high seed=n104(id=104 center=104 R=5 crit=0.917 pot=0.2062)
Object with ID 104 is not a node or reg output.
Error: Extracting sequential window has failed.
Error: phyopt: local optimization failed at round 1 part 1. Rolling back.
The node "n106" with ID 106 is not in the current network.
phyopt: skip seed=n106 (cannot resolve center node in current AIG).
The node "n107" with ID 107 is not in the current network.
phyopt: skip seed=n107 (cannot resolve center node in current AIG).
phyopt: round=1 part=low seed=n95(id=95 center=95 R=3 crit=0.000 pot=1.0000)
phyopt: rejected (map area 51.07->51.07, delay 5.00->5.00).
phyopt: round=1 part=mid seed=n16(id=16 center=16 R=4 crit=0.500 pot=0.7500)
phyopt: rejected (map area 51.07->51.07, delay 5.00->5.00).
phyopt: round=1 part=mid seed=n42(id=42 center=42 R=4 crit=0.500 pot=0.7500)
phyopt: accepted (map area 51.07->49.74, delay 5.00->5.00).
phyopt: round=1 part=mid seed=n28(id=28 center=28 R=4 crit=0.417 pot=0.6405)
phyopt: rejected (map area 49.74->49.74, delay 5.00->5.00).
phyopt: round=1 part=mid seed=n29(id=29 center=29 R=4 crit=0.417 pot=0.6405)
phyopt: rejected (map area 49.74->49.74, delay 5.00->5.00).
phyopt: round=1 part=mid seed=n43(id=43 center=43 R=4 crit=0.417 pot=0.6405)
phyopt: accepted (map area 49.74->49.21, delay 5.00->5.00).
phyopt: round=1 part=mid seed=n17(id=17 center=17 R=4 crit=0.500 pot=0.5988)
phyopt: rejected (map area 49.21->49.21, delay 5.00->5.00).
phyopt: round=1 part=mid seed=n21(id=21 center=21 R=4 crit=0.500 pot=0.5988)
phyopt: rejected (map area 49.21->49.21, delay 5.00->5.00).
phyopt: round=1 part=mid seed=n24(id=24 center=24 R=4 crit=0.500 pot=0.5988)
phyopt: rejected (map area 49.21->49.21, delay 5.00->5.00).
phyopt: round=1 part=mid seed=n25(id=25 center=25 R=4 crit=0.500 pot=0.5988)
phyopt: rejected (map area 49.21->49.21, delay 5.00->5.00).
phyopt: round=1 part=mid seed=n26(id=26 center=26 R=4 crit=0.500 pot=0.5988)
phyopt: rejected (map area 49.21->49.21, delay 5.00->5.00).
phyopt: round=1 part=mid seed=n30(id=30 center=30 R=4 crit=0.500 pot=0.5988)
phyopt: rejected (map area 49.21->49.21, delay 5.00->5.00).
phyopt: round=1 part=mid seed=n31(id=31 center=31 R=4 crit=0.500 pot=0.5988)
phyopt: rejected (map area 49.21->49.21, delay 5.00->5.00).
phyopt: round=1 part=mid seed=n62(id=62 center=62 R=4 crit=0.500 pot=0.5988)
phyopt: rejected (map area 49.21->49.74, delay 5.00->5.00).
phyopt: round=1 part=mid seed=n63(id=63 center=63 R=4 crit=0.500 pot=0.5988)
phyopt: rejected (map area 49.21->49.21, delay 5.00->5.00).
phyopt: round=1 part=mid seed=n67(id=67 center=67 R=4 crit=0.500 pot=0.5988)
phyopt: rejected (map area 49.21->49.21, delay 5.00->5.00).
phyopt: round=1 part=mid seed=n68(id=68 center=68 R=4 crit=0.500 pot=0.5988)
phyopt: rejected (map area 49.21->49.48, delay 5.00->5.00).
phyopt: round=1 part=mid seed=n69(id=69 center=69 R=4 crit=0.500 pot=0.5988)
phyopt: accepted (map area 49.21->48.68, delay 5.00->5.00).
phyopt: round=1 part=mid seed=n70(id=70 center=70 R=4 crit=0.500 pot=0.5988)
phyopt: rejected (map area 48.68->48.68, delay 5.00->5.00).
phyopt: round=1 part=mid seed=n71(id=71 center=71 R=4 crit=0.500 pot=0.5988)
phyopt: rejected (map area 48.68->48.68, delay 5.00->5.00).
phyopt: round=1 part=mid seed=n38(id=38 center=38 R=4 crit=0.583 pot=0.5572)
phyopt: rejected (map area 48.68->48.68, delay 5.00->5.00).
phyopt: round=1 part=mid seed=n39(id=39 center=39 R=4 crit=0.583 pot=0.5572)
phyopt: rejected (map area 48.68->48.68, delay 5.00->5.00).
phyopt: round=1 part=mid seed=n72(id=72 center=72 R=4 crit=0.583 pot=0.5572)
phyopt: rejected (map area 48.68->48.68, delay 5.00->5.00).
phyopt: round=1 part=mid seed=n73(id=73 center=73 R=4 crit=0.583 pot=0.5572)
phyopt: rejected (map area 48.68->48.68, delay 5.00->5.00).
phyopt: round=1 part=mid seed=n74(id=74 center=74 R=4 crit=0.583 pot=0.5572)
phyopt: rejected (map area 48.68->48.68, delay 5.00->5.00).
phyopt: round=1 part=mid seed=n56(id=56 center=56 R=4 crit=0.667 pot=0.5155)
phyopt: rejected (map area 48.68->49.48, delay 5.00->5.00).
phyopt: round=1 part=mid seed=n57(id=57 center=57 R=4 crit=0.667 pot=0.5155)
phyopt: rejected (map area 48.68->48.94, delay 5.00->5.00).
phyopt: finished round 1/1.
phyopt: partition summary (tried/accepted):
  high : 11 / 15
  low  : 0 / 1
  mid  : 3 / 26
phyopt: per-part seed coverage (topK means top-5 potential within processed seeds):
  high: seeds=30 tried=15(50.0%) accepted=11(73.3%) skipped(marked=11,low_slack=0) topK(tried=5/5 accepted=5 hit=100.0%)
  low: seeds=1 tried=1(100.0%) accepted=0(0.0%) skipped(marked=0,low_slack=0) topK(tried=1/1 accepted=0 hit=0.0%)
  mid: seeds=30 tried=26(86.7%) accepted=3(11.5%) skipped(marked=4,low_slack=0) topK(tried=4/5 accepted=1 hit=25.0%)
phyopt: rejection reason breakdown:
  - runtime_or_eval_fail : 7
  - policy_tradeoff_reject : 20
  - delay_worse : 0
  - area_worse : 5
  - area_and_delay_worse : 0
  - low_part_delay_budget : 0
phyopt: skipped marked=15 low_slack=<0.10=0
phyopt: done, accepted=14 rejected=32 final_nodes=87 final_levels=11.
Networks are equivalent.  Time =     0.01 sec
