======== ABC command line "source /tmp/dyn_ex250_019_286.scr"
Library "NangateOpenCellLibrary" from "/mnt/d/My_abc_work/abc/my_work/c17_work/NangateOpenCellLibrary_typical.lib" has 90 cells (45 skipped: 21 seq; 6 tri-state; 8 no func; 10 dont_use; 0 with 2 outputs; 0 with 3+ outputs).  Time =     0.11 sec
Warning: Detected 2 multi-output cells (for example, "FA_X1").
mapper_extract: wrote 5281 lines to "/mnt/d/My_abc_work/abc/my_work/dynamic_scheduler_work/result/run_iwls26_fit50_collect_20260420_155120/ex250_019/ex250_019_cfg_winvpair_base.csv".
Loaded 5281 physical records from /mnt/d/My_abc_work/abc/my_work/dynamic_scheduler_work/result/run_iwls26_fit50_collect_20260420_155120/ex250_019/ex250_019_cfg_winvpair_base.csv
Potential rebuilt: alpha(low/mid/high)=0.300/0.500/0.800 avg_struct=0.6878 avg_slack=0.2334 avg_opt=0.4375
Physical records : 5281
Gate summary     : NAND=3187 AND=1349 INV=745 OTHER=0
Alpha (L/M/H)    : 0.300 / 0.500 / 0.800
StructW(i/p/f/g) : 0.500 / 0.400 / 0.050 / 0.050
phyopt: start rounds=3, criticality partitions high(>=0.900)->low(<=0.250)->mid, window=16, mode=dynamic.
phyopt: objective=delay-non-regression + area minimization (delay_eps=0.001 rel_tol=0 area_eps=0.001 delay_only=off).
phyopt: dynamic scheduler enabled (init=15%, leader=5%, probe=1%, part-stop=10, global-stop=2, L2=off, L2-topk-init=2, L2-topk-step=1).
phyopt: funnel L0=on(keep=80%) L1=on(init=0.200 target=0.45 warmup=12 min_try=16).
phyopt: seq-template adaptive=on warmup_per_part=6 (templates=3).
phyopt: anneal=on(start=1.00 min=0.60 decay=0.850 keep_boost=20 l1_slack=0.200).
phyopt: low-relax radius+0 cuts+0 nodes+0 nodeSize+0 slack_skip_min=0.100 funnel(l0_keep+0% l1_relax=0.000 l2_topk+0).
phyopt: case timeout enabled (180 sec).
phyopt: fit-function on (loaded=no, samples=0, l0_scale=0.35, l1_scale=0.25, coef_file=<builtin>).
phyopt: sample-log /mnt/d/My_abc_work/abc/my_work/model/phy_fit_samples_50.csv (keep_target=28% [35%,95%]).
phyopt: round=1 partition sizes high=646 low=8 mid=4627.
phyopt: part=high seed=n970(id=970 center=970 R=5 tpl=0 crit=0.947 pot=0.2421)
phyopt: accepted (map area 3176.28->3163.57, delay 370.76->370.76).
phyopt: part=high seed=n1065(id=1065 center=1065 R=5 tpl=1 crit=0.947 pot=0.2421)
phyopt: accepted (map area 3163.57->3136.91, delay 370.76->370.24).
phyopt: part=high seed=n1071(id=1071 center=1071 R=5 tpl=2 crit=0.947 pot=0.2421)
phyopt: rejected (map area 3136.91->2998.65, delay 370.24->400.31).
phyopt: part=high seed=n1285(id=1285 center=1285 R=5 tpl=0 crit=0.947 pot=0.2421)
phyopt: rejected (map area 3136.91->3142.74, delay 370.24->370.24).
phyopt: part=high seed=n1322(id=1322 center=1322 R=5 tpl=1 crit=0.947 pot=0.2421)
phyopt: rejected (map area 3136.91->3094.35, delay 370.24->382.47).
phyopt: part=high seed=n1342(id=1342 center=1342 R=5 tpl=2 crit=0.947 pot=0.2421)
phyopt: rejected (map area 3136.91->3021.31, delay 370.24->395.73).
phyopt: part=high seed=n1690(id=1690 center=1690 R=5 tpl=0 crit=0.947 pot=0.2421)
phyopt: accepted (map area 3136.91->3135.61, delay 370.24->370.24).
phyopt: part=high seed=n1908(id=1908 center=1908 R=5 tpl=0 crit=0.947 pot=0.2421)
phyopt: rejected (map area 3135.61->3136.65, delay 370.24->370.24).
phyopt: part=high seed=n1911(id=1911 center=1911 R=5 tpl=0 crit=0.947 pot=0.2421)
phyopt: rejected (map area 3135.61->3148.03, delay 370.24->375.10).
phyopt: part=high seed=n2034(id=2034 center=2034 R=5 tpl=1 crit=0.947 pot=0.2421)
phyopt: rejected (map area 3135.61->3138.72, delay 370.24->373.55).
phyopt: part=high seed=n2520(id=2520 center=2520 R=5 tpl=0 crit=0.947 pot=0.2421)
phyopt: rejected (map area 3135.61->3137.48, delay 370.24->368.81).
phyopt: part=high seed=n2625(id=2625 center=2625 R=5 tpl=0 crit=0.947 pot=0.2421)
phyopt: rejected (map area 3135.61->3122.68, delay 370.24->375.27).
phyopt: part=high seed=n3174(id=3174 center=3174 R=5 tpl=1 crit=0.947 pot=0.2421)
phyopt: rejected (map area 3135.61->3132.40, delay 370.24->375.10).
phyopt: part=high seed=n3181(id=3181 center=3181 R=5 tpl=0 crit=0.947 pot=0.2421)
phyopt: rejected (map area 3135.61->3138.85, delay 370.24->370.24).
phyopt: part=high seed=n3268(id=3268 center=3268 R=5 tpl=0 crit=0.947 pot=0.2421)
phyopt: rejected (map area 3135.61->3137.50, delay 370.24->370.24).
phyopt: part=high seed=n3506(id=3506 center=3506 R=5 tpl=1 crit=0.947 pot=0.2421)
phyopt: rejected (map area 3135.61->3107.43, delay 370.24->375.14).
phyopt: part=low seed=n568(id=568 center=568 R=3 tpl=0 crit=0.000 pot=0.8508)
phyopt: rejected (map area 3135.61->3137.72, delay 370.24->370.24).
phyopt: part=low seed=n3132(id=3132 center=3132 R=3 tpl=1 crit=0.105 pot=0.8192)
phyopt: accepted (map area 3135.61->3134.02, delay 370.24->370.24).
phyopt: part=mid seed=n2015(id=2015 center=2015 R=4 tpl=0 crit=0.263 pot=0.8684)
phyopt: rejected (map area 3134.02->3135.34, delay 370.24->370.24).
phyopt: part=mid seed=n420(id=420 center=420 R=4 tpl=1 crit=0.316 pot=0.8421)
phyopt: rejected (map area 3134.02->3135.65, delay 370.24->370.24).
phyopt: part=mid seed=n869(id=869 center=869 R=4 tpl=2 crit=0.316 pot=0.8421)
phyopt: rejected (map area 3134.02->3011.54, delay 370.24->398.43).
phyopt: part=mid seed=n2817(id=2817 center=2817 R=4 tpl=0 crit=0.368 pot=0.8158)
phyopt: rejected (map area 3134.02->3090.34, delay 370.24->377.77).
phyopt: part=mid seed=n4160(id=4160 center=4160 R=4 tpl=1 crit=0.368 pot=0.8158)
phyopt: accepted (map area 3134.02->3131.69, delay 370.24->370.24).
phyopt: part=mid seed=n4261(id=4261 center=4261 R=4 tpl=2 crit=0.368 pot=0.8158)
phyopt: rejected (map area 3131.69->3134.12, delay 370.24->370.24).
phyopt: part=mid seed=n4513(id=4513 center=4513 R=4 tpl=1 crit=0.368 pot=0.8158)
phyopt: rejected (map area 3131.69->3131.71, delay 370.24->370.24).
phyopt: part=mid seed=n1999(id=1999 center=1999 R=4 tpl=1 crit=0.421 pot=0.7895)
phyopt: rejected (map area 3131.69->3150.26, delay 370.24->370.24).
phyopt: part=mid seed=n2105(id=2105 center=2105 R=4 tpl=1 crit=0.421 pot=0.7895)
phyopt: rejected (map area 3131.69->3137.70, delay 370.24->370.24).
phyopt: part=mid seed=n2782(id=2782 center=2782 R=4 tpl=2 crit=0.421 pot=0.7895)
phyopt: rejected (map area 3131.69->3131.69, delay 370.24->370.24).
phyopt: part=mid seed=n2820(id=2820 center=2820 R=4 tpl=0 crit=0.421 pot=0.7895)
phyopt: rejected (map area 3131.69->3132.52, delay 370.24->370.24).
phyopt: part=mid seed=n2822(id=2822 center=2822 R=4 tpl=1 crit=0.421 pot=0.7895)
phyopt: rejected (map area 3131.69->3132.22, delay 370.24->370.24).
phyopt: part=mid seed=n3473(id=3473 center=3473 R=4 tpl=2 crit=0.421 pot=0.7895)
phyopt: rejected (map area 3131.69->3137.54, delay 370.24->370.24).
phyopt: part=mid seed=n4172(id=4172 center=4172 R=4 tpl=1 crit=0.421 pot=0.7895)
phyopt: rejected (map area 3131.69->3131.69, delay 370.24->370.24).
The node "n5195" with ID 5195 is not in the current network.
phyopt: skip seed=n5195 (cannot resolve center node in current AIG).
The node "n5226" with ID 5226 is not in the current network.
phyopt: skip seed=n5226 (cannot resolve center node in current AIG).
phyopt: part=mid seed=n2197(id=2197 center=2197 R=4 tpl=2 crit=0.474 pot=0.7632)
phyopt: rejected (map area 3131.69->3116.11, delay 370.24->375.62).
phyopt: part=mid seed=n2783(id=2783 center=2783 R=4 tpl=0 crit=0.474 pot=0.7632)
phyopt: rejected (map area 3131.69->3131.69, delay 370.24->370.24).
phyopt: part=mid seed=n2864(id=2864 center=2864 R=4 tpl=1 crit=0.474 pot=0.7632)
phyopt: accepted (map area 3131.69->3130.36, delay 370.24->370.24).
phyopt: part=mid seed=n3227(id=3227 center=3227 R=4 tpl=1 crit=0.474 pot=0.7632)
phyopt: rejected (map area 3130.36->3131.15, delay 370.24->370.24).
phyopt: part=mid seed=n4491(id=4491 center=4491 R=4 tpl=1 crit=0.474 pot=0.7632)
phyopt: rejected (map area 3130.36->3130.36, delay 370.24->370.24).
phyopt: part=mid seed=n4554(id=4554 center=4554 R=4 tpl=1 crit=0.474 pot=0.7632)
Object with ID 4554 is not a node or reg output.
Error: Extracting sequential window has failed.
Error: phyopt: local optimization failed. Rolling back.
The node "n5191" with ID 5191 is not in the current network.
phyopt: skip seed=n5191 (cannot resolve center node in current AIG).
The node "n5266" with ID 5266 is not in the current network.
phyopt: skip seed=n5266 (cannot resolve center node in current AIG).
phyopt: part=mid seed=n213(id=213 center=213 R=4 tpl=1 crit=0.526 pot=0.7368)
phyopt: accepted (map area 3130.36->3110.20, delay 370.24->370.13).
phyopt: part=mid seed=n647(id=647 center=647 R=4 tpl=1 crit=0.526 pot=0.7368)
phyopt: rejected (map area 3110.20->3138.34, delay 370.13->370.13).
phyopt: part=mid seed=n723(id=723 center=723 R=4 tpl=1 crit=0.526 pot=0.7368)
phyopt: rejected (map area 3110.20->3115.26, delay 370.13->370.13).
phyopt: part=mid seed=n1662(id=1662 center=1662 R=4 tpl=1 crit=0.526 pot=0.7368)
phyopt: rejected (map area 3110.20->3119.05, delay 370.13->370.13).
phyopt: part=mid seed=n1962(id=1962 center=1962 R=4 tpl=1 crit=0.526 pot=0.7368)
phyopt: rejected (map area 3110.20->3164.28, delay 370.13->370.13).
phyopt: part=mid seed=n2137(id=2137 center=2137 R=4 tpl=1 crit=0.526 pot=0.7368)
phyopt: rejected (map area 3110.20->3112.59, delay 370.13->370.13).
phyopt: part=mid seed=n2341(id=2341 center=2341 R=4 tpl=2 crit=0.526 pot=0.7368)
phyopt: rejected (map area 3110.20->3112.85, delay 370.13->370.13).
phyopt: part=mid seed=n2523(id=2523 center=2523 R=4 tpl=1 crit=0.526 pot=0.7368)
phyopt: rejected (map area 3110.20->3110.20, delay 370.13->370.13).
phyopt: part=mid seed=n2636(id=2636 center=2636 R=4 tpl=0 crit=0.526 pot=0.7368)
phyopt: accepted (map area 3110.20->3108.86, delay 370.13->370.13).
phyopt: part=mid seed=n2845(id=2845 center=2845 R=4 tpl=0 crit=0.526 pot=0.7368)
phyopt: accepted (map area 3108.86->3107.53, delay 370.13->370.13).
phyopt: part=mid seed=n2870(id=2870 center=2870 R=4 tpl=0 crit=0.526 pot=0.7368)
phyopt: rejected (map area 3107.53->3110.38, delay 370.13->370.13).
phyopt: part=mid seed=n2872(id=2872 center=2872 R=4 tpl=0 crit=0.526 pot=0.7368)
phyopt: rejected (map area 3107.53->3107.53, delay 370.13->370.13).
phyopt: part=mid seed=n2929(id=2929 center=2929 R=4 tpl=0 crit=0.526 pot=0.7368)
phyopt: accepted (map area 3107.53->3107.27, delay 370.13->370.13).
phyopt: part=mid seed=n3065(id=3065 center=3065 R=4 tpl=0 crit=0.526 pot=0.7368)
phyopt: rejected (map area 3107.27->3153.43, delay 370.13->368.17).
phyopt: part=mid seed=n3074(id=3074 center=3074 R=4 tpl=0 crit=0.526 pot=0.7368)
phyopt: accepted (map area 3107.27->3105.62, delay 370.13->370.13).
phyopt: part=mid seed=n3111(id=3111 center=3111 R=4 tpl=0 crit=0.526 pot=0.7368)
phyopt: rejected (map area 3105.62->3108.28, delay 370.13->370.13).
phyopt: part=mid seed=n3179(id=3179 center=3179 R=4 tpl=0 crit=0.526 pot=0.7368)
phyopt: rejected (map area 3105.62->3105.87, delay 370.13->370.13).
phyopt: part=mid seed=n3234(id=3234 center=3234 R=4 tpl=0 crit=0.526 pot=0.7368)
phyopt: rejected (map area 3105.62->3106.42, delay 370.13->370.13).
phyopt: part=mid seed=n3359(id=3359 center=3359 R=4 tpl=0 crit=0.526 pot=0.7368)
phyopt: rejected (map area 3105.62->3105.62, delay 370.13->370.13).
phyopt: part=mid seed=n4435(id=4435 center=4435 R=4 tpl=0 crit=0.526 pot=0.7368)
phyopt: rejected (map area 3105.62->3106.63, delay 370.13->370.13).
phyopt: part=mid seed=n4489(id=4489 center=4489 R=4 tpl=0 crit=0.526 pot=0.7368)
phyopt: accepted (map area 3105.62->3102.97, delay 370.13->370.13).
The node "n4669" with ID 4669 is not in the current network.
phyopt: skip seed=n4669 (cannot resolve center node in current AIG).
The node "n4700" with ID 4700 is not in the current network.
phyopt: skip seed=n4700 (cannot resolve center node in current AIG).
The node "n5013" with ID 5013 is not in the current network.
phyopt: skip seed=n5013 (cannot resolve center node in current AIG).
phyopt: part=mid seed=n203(id=203 center=203 R=4 tpl=0 crit=0.579 pot=0.7105)
phyopt: rejected (map area 3102.97->3105.93, delay 370.13->370.13).
phyopt: part=mid seed=n221(id=221 center=221 R=4 tpl=0 crit=0.579 pot=0.7105)
phyopt: rejected (map area 3102.97->3103.24, delay 370.13->370.13).
phyopt: part=mid seed=n351(id=351 center=351 R=4 tpl=0 crit=0.579 pot=0.7105)
phyopt: rejected (map area 3102.97->3103.23, delay 370.13->370.13).
phyopt: part=mid seed=n555(id=555 center=555 R=4 tpl=0 crit=0.579 pot=0.7105)
phyopt: rejected (map area 3102.97->3102.97, delay 370.13->370.13).
phyopt: part=mid seed=n894(id=894 center=894 R=4 tpl=0 crit=0.579 pot=0.7105)
phyopt: rejected (map area 3102.97->3112.70, delay 370.13->370.13).
phyopt: part=mid seed=n963(id=963 center=963 R=4 tpl=0 crit=0.579 pot=0.7105)
phyopt: rejected (map area 3102.97->3110.18, delay 370.13->370.13).
phyopt: part=mid seed=n1420(id=1420 center=1420 R=4 tpl=0 crit=0.579 pot=0.7105)
phyopt: rejected (map area 3102.97->3103.50, delay 370.13->370.13).
phyopt: part=mid seed=n1522(id=1522 center=1522 R=4 tpl=0 crit=0.579 pot=0.7105)
phyopt: rejected (map area 3102.97->3103.23, delay 370.13->370.13).
phyopt: part=mid seed=n1601(id=1601 center=1601 R=4 tpl=0 crit=0.579 pot=0.7105)
phyopt: rejected (map area 3102.97->3108.65, delay 370.13->370.13).
phyopt: part=mid seed=n1782(id=1782 center=1782 R=4 tpl=0 crit=0.579 pot=0.7105)
phyopt: accepted (map area 3102.97->3101.72, delay 370.13->370.13).
phyopt: part=mid seed=n1848(id=1848 center=1848 R=4 tpl=0 crit=0.579 pot=0.7105)
phyopt: rejected (map area 3101.72->3124.85, delay 370.13->370.13).
phyopt: part=mid seed=n1965(id=1965 center=1965 R=4 tpl=0 crit=0.579 pot=0.7105)
phyopt: accepted (map area 3101.72->3100.69, delay 370.13->370.13).
phyopt: part=mid seed=n2024(id=2024 center=2024 R=4 tpl=0 crit=0.579 pot=0.7105)
phyopt: rejected (map area 3100.69->3100.96, delay 370.13->370.13).
phyopt: part=mid seed=n2065(id=2065 center=2065 R=4 tpl=0 crit=0.579 pot=0.7105)
phyopt: rejected (map area 3100.69->3102.37, delay 370.13->371.24).
phyopt: part=mid seed=n2184(id=2184 center=2184 R=4 tpl=0 crit=0.579 pot=0.7105)
phyopt: rejected (map area 3100.69->3109.97, delay 370.13->370.13).
phyopt: part=mid seed=n2437(id=2437 center=2437 R=4 tpl=0 crit=0.579 pot=0.7105)
phyopt: accepted (map area 3100.69->3099.88, delay 370.13->370.13).
phyopt: part=mid seed=n2626(id=2626 center=2626 R=4 tpl=0 crit=0.579 pot=0.7105)
phyopt: rejected (map area 3099.88->3100.41, delay 370.13->370.13).
phyopt: part=mid seed=n2735(id=2735 center=2735 R=4 tpl=0 crit=0.579 pot=0.7105)
phyopt: rejected (map area 3099.88->3104.92, delay 370.13->370.13).
phyopt: part=mid seed=n2884(id=2884 center=2884 R=4 tpl=0 crit=0.579 pot=0.7105)
phyopt: rejected (map area 3099.88->3107.45, delay 370.13->371.43).
phyopt: part=mid seed=n2963(id=2963 center=2963 R=4 tpl=0 crit=0.579 pot=0.7105)
phyopt: rejected (map area 3099.88->3120.30, delay 370.13->370.13).
phyopt: part=mid seed=n2995(id=2995 center=2995 R=4 tpl=0 crit=0.579 pot=0.7105)
phyopt: rejected (map area 3099.88->3112.77, delay 370.13->370.84).
phyopt: part=mid seed=n3015(id=3015 center=3015 R=4 tpl=0 crit=0.579 pot=0.7105)
phyopt: rejected (map area 3099.88->3100.98, delay 370.13->370.13).
phyopt: part=mid seed=n3102(id=3102 center=3102 R=4 tpl=0 crit=0.579 pot=0.7105)
phyopt: rejected (map area 3099.88->3100.95, delay 370.13->370.13).
phyopt: part=mid seed=n3137(id=3137 center=3137 R=4 tpl=0 crit=0.579 pot=0.7105)
phyopt: rejected (map area 3099.88->3099.88, delay 370.13->370.13).
phyopt: part=mid seed=n3194(id=3194 center=3194 R=4 tpl=0 crit=0.579 pot=0.7105)
phyopt: rejected (map area 3099.88->3110.05, delay 370.13->370.13).
phyopt: part=mid seed=n3554(id=3554 center=3554 R=4 tpl=0 crit=0.579 pot=0.7105)
phyopt: rejected (map area 3099.88->3100.40, delay 370.13->370.13).
phyopt: part=mid seed=n3754(id=3754 center=3754 R=4 tpl=0 crit=0.579 pot=0.7105)
phyopt: rejected (map area 3099.88->3105.70, delay 370.13->370.13).
phyopt: part=mid seed=n4026(id=4026 center=4026 R=4 tpl=0 crit=0.579 pot=0.7105)
phyopt: accepted (map area 3099.88->3098.81, delay 370.13->370.13).
phyopt: part=mid seed=n4408(id=4408 center=4408 R=4 tpl=0 crit=0.579 pot=0.7105)
phyopt: rejected (map area 3098.81->3098.81, delay 370.13->370.13).
phyopt: part=mid seed=n4444(id=4444 center=4444 R=4 tpl=0 crit=0.579 pot=0.7105)
phyopt: rejected (map area 3098.81->3099.02, delay 370.13->370.13).
phyopt: part=mid seed=n4476(id=4476 center=4476 R=4 tpl=0 crit=0.579 pot=0.7105)
phyopt: rejected (map area 3098.81->3101.47, delay 370.13->370.13).
The node "n4934" with ID 4934 is not in the current network.
phyopt: skip seed=n4934 (cannot resolve center node in current AIG).
The node "n5033" with ID 5033 is not in the current network.
phyopt: skip seed=n5033 (cannot resolve center node in current AIG).
The node "n5036" with ID 5036 is not in the current network.
phyopt: skip seed=n5036 (cannot resolve center node in current AIG).
The node "n5039" with ID 5039 is not in the current network.
phyopt: skip seed=n5039 (cannot resolve center node in current AIG).
The node "n5056" with ID 5056 is not in the current network.
phyopt: skip seed=n5056 (cannot resolve center node in current AIG).
The node "n5155" with ID 5155 is not in the current network.
phyopt: skip seed=n5155 (cannot resolve center node in current AIG).
The node "n5167" with ID 5167 is not in the current network.
phyopt: skip seed=n5167 (cannot resolve center node in current AIG).
phyopt: part=mid seed=n415(id=415 center=415 R=4 tpl=0 crit=0.632 pot=0.6842)
phyopt: rejected (map area 3098.81->3100.38, delay 370.13->370.13).
phyopt: part=mid seed=n621(id=621 center=621 R=4 tpl=0 crit=0.632 pot=0.6842)
phyopt: rejected (map area 3098.81->3099.65, delay 370.13->370.13).
phyopt: part=mid seed=n644(id=644 center=644 R=4 tpl=0 crit=0.632 pot=0.6842)
phyopt: rejected (map area 3098.81->3098.81, delay 370.13->370.13).
phyopt: part=mid seed=n926(id=926 center=926 R=4 tpl=0 crit=0.632 pot=0.6842)
phyopt: accepted (map area 3098.81->3097.76, delay 370.13->370.13).
phyopt: part=mid seed=n1008(id=1008 center=1008 R=4 tpl=0 crit=0.632 pot=0.6842)
phyopt: rejected (map area 3097.76->3112.86, delay 370.13->370.13).
phyopt: part=mid seed=n1399(id=1399 center=1399 R=4 tpl=0 crit=0.632 pot=0.6842)
phyopt: rejected (map area 3097.76->3098.04, delay 370.13->370.13).
phyopt: part=mid seed=n1460(id=1460 center=1460 R=4 tpl=0 crit=0.632 pot=0.6842)
phyopt: rejected (map area 3097.76->3098.31, delay 370.13->370.13).
phyopt: part=mid seed=n1649(id=1649 center=1649 R=4 tpl=0 crit=0.632 pot=0.6842)
phyopt: rejected (map area 3097.76->3081.62, delay 370.13->373.04).
phyopt: part=mid seed=n2172(id=2172 center=2172 R=4 tpl=0 crit=0.632 pot=0.6842)
phyopt: rejected (map area 3097.76->3098.04, delay 370.13->370.13).
phyopt: part=mid seed=n2362(id=2362 center=2362 R=4 tpl=0 crit=0.632 pot=0.6842)
phyopt: rejected (map area 3097.76->3105.62, delay 370.13->370.13).
phyopt: part=mid seed=n2689(id=2689 center=2689 R=4 tpl=1 crit=0.632 pot=0.6842)
phyopt: rejected (map area 3097.76->3097.76, delay 370.13->370.13).
phyopt: part=mid seed=n2908(id=2908 center=2908 R=4 tpl=0 crit=0.632 pot=0.6842)
phyopt: accepted (map area 3097.76->3097.47, delay 370.13->370.13).
phyopt: part=mid seed=n2927(id=2927 center=2927 R=4 tpl=0 crit=0.632 pot=0.6842)
phyopt: rejected (map area 3097.47->3104.90, delay 370.13->370.13).
phyopt: part=mid seed=n2977(id=2977 center=2977 R=4 tpl=0 crit=0.632 pot=0.6842)
phyopt: rejected (map area 3097.47->3099.32, delay 370.13->370.13).
phyopt: part=mid seed=n3262(id=3262 center=3262 R=4 tpl=0 crit=0.632 pot=0.6842)
phyopt: rejected (map area 3097.47->3098.28, delay 370.13->370.13).
phyopt: part=mid seed=n3365(id=3365 center=3365 R=4 tpl=0 crit=0.632 pot=0.6842)
phyopt: rejected (map area 3097.47->3097.47, delay 370.13->370.13).
phyopt: part=mid seed=n3447(id=3447 center=3447 R=4 tpl=0 crit=0.632 pot=0.6842)
phyopt: rejected (map area 3097.47->3105.59, delay 370.13->370.13).
phyopt: part=mid seed=n3771(id=3771 center=3771 R=4 tpl=0 crit=0.632 pot=0.6842)
phyopt: rejected (map area 3097.47->3101.83, delay 370.13->370.13).
phyopt: part=mid seed=n4076(id=4076 center=4076 R=4 tpl=2 crit=0.632 pot=0.6842)
phyopt: rejected (map area 3097.47->3097.47, delay 370.13->370.13).
phyopt: part=mid seed=n4168(id=4168 center=4168 R=4 tpl=0 crit=0.632 pot=0.6842)
phyopt: rejected (map area 3097.47->3098.75, delay 370.13->370.13).
phyopt: part=mid seed=n4253(id=4253 center=4253 R=4 tpl=0 crit=0.632 pot=0.6842)
phyopt: rejected (map area 3097.47->3097.47, delay 370.13->370.13).
phyopt: part=mid seed=n4364(id=4364 center=4364 R=4 tpl=1 crit=0.632 pot=0.6842)
phyopt: accepted (map area 3097.47->3092.99, delay 370.13->370.13).
phyopt: part=mid seed=n4447(id=4447 center=4447 R=4 tpl=1 crit=0.632 pot=0.6842)
phyopt: rejected (map area 3092.99->3096.39, delay 370.13->370.13).
The node "n4675" with ID 4675 is not in the current network.
phyopt: skip seed=n4675 (cannot resolve center node in current AIG).
The node "n4772" with ID 4772 is not in the current network.
phyopt: skip seed=n4772 (cannot resolve center node in current AIG).
The node "n4840" with ID 4840 is not in the current network.
phyopt: skip seed=n4840 (cannot resolve center node in current AIG).
The node "n4977" with ID 4977 is not in the current network.
phyopt: skip seed=n4977 (cannot resolve center node in current AIG).
The node "n5137" with ID 5137 is not in the current network.
phyopt: skip seed=n5137 (cannot resolve center node in current AIG).
The node "n5139" with ID 5139 is not in the current network.
phyopt: skip seed=n5139 (cannot resolve center node in current AIG).
The node "n5185" with ID 5185 is not in the current network.
phyopt: skip seed=n5185 (cannot resolve center node in current AIG).
The node "n5217" with ID 5217 is not in the current network.
phyopt: skip seed=n5217 (cannot resolve center node in current AIG).
phyopt: part=mid seed=n450(id=450 center=450 R=4 tpl=1 crit=0.263 pot=0.7618)
phyopt: rejected (map area 3092.99->3113.81, delay 370.13->370.13).
phyopt: part=mid seed=n2235(id=2235 center=2235 R=4 tpl=1 crit=0.263 pot=0.7618)
phyopt: rejected (map area 3092.99->3140.67, delay 370.13->370.24).
phyopt: part=mid seed=n3491(id=3491 center=3491 R=4 tpl=1 crit=0.263 pot=0.7618)
phyopt: accepted (map area 3092.99->3092.98, delay 370.13->370.13).
phyopt: part=mid seed=n35(id=35 center=35 R=4 tpl=1 crit=0.684 pot=0.6579)
phyopt: rejected (map area 3092.98->3092.98, delay 370.13->370.13).
phyopt: part=mid seed=n347(id=347 center=347 R=4 tpl=1 crit=0.684 pot=0.6579)
phyopt: accepted (map area 3092.98->3092.17, delay 370.13->370.13).
phyopt: part=mid seed=n375(id=375 center=375 R=4 tpl=1 crit=0.684 pot=0.6579)
phyopt: rejected (map area 3092.17->3085.31, delay 370.13->372.77).
phyopt: part=mid seed=n390(id=390 center=390 R=4 tpl=1 crit=0.684 pot=0.6579)
phyopt: accepted (map area 3092.17->3088.71, delay 370.13->370.13).
phyopt: part=mid seed=n406(id=406 center=406 R=4 tpl=1 crit=0.684 pot=0.6579)
phyopt: rejected (map area 3088.71->3091.07, delay 370.13->370.13).
phyopt: part=mid seed=n473(id=473 center=473 R=4 tpl=1 crit=0.684 pot=0.6579)
phyopt: accepted (map area 3088.71->3087.65, delay 370.13->370.13).
phyopt: part=mid seed=n546(id=546 center=546 R=4 tpl=1 crit=0.684 pot=0.6579)
phyopt: rejected (map area 3087.65->3099.86, delay 370.13->370.13).
phyopt: part=mid seed=n582(id=582 center=582 R=4 tpl=1 crit=0.684 pot=0.6579)
phyopt: rejected (map area 3087.65->3097.78, delay 370.13->370.13).
phyopt: part=mid seed=n656(id=656 center=656 R=4 tpl=1 crit=0.684 pot=0.6579)
phyopt: rejected (map area 3087.65->3101.81, delay 370.13->370.13).
phyopt: part=mid seed=n689(id=689 center=689 R=4 tpl=1 crit=0.684 pot=0.6579)
phyopt: rejected (map area 3087.65->3089.78, delay 370.13->370.13).
phyopt: part=mid seed=n1364(id=1364 center=1364 R=4 tpl=1 crit=0.684 pot=0.6579)
phyopt: rejected (map area 3087.65->3091.93, delay 370.13->370.13).
phyopt: part=mid seed=n1423(id=1423 center=1423 R=4 tpl=1 crit=0.684 pot=0.6579)
phyopt: accepted (map area 3087.65->3086.83, delay 370.13->370.13).
phyopt: part=mid seed=n1534(id=1534 center=1534 R=4 tpl=1 crit=0.684 pot=0.6579)
phyopt: rejected (map area 3086.83->3086.83, delay 370.13->370.13).
phyopt: part=mid seed=n1547(id=1547 center=1547 R=4 tpl=1 crit=0.684 pot=0.6579)
phyopt: rejected (map area 3086.83->3090.80, delay 370.13->370.13).
phyopt: part=mid seed=n2009(id=2009 center=2009 R=4 tpl=1 crit=0.684 pot=0.6579)
phyopt: rejected (map area 3086.83->3105.76, delay 370.13->370.13).
phyopt: part=mid seed=n2084(id=2084 center=2084 R=4 tpl=1 crit=0.684 pot=0.6579)
phyopt: rejected (map area 3086.83->3099.53, delay 370.13->370.13).
phyopt: part=mid seed=n2269(id=2269 center=2269 R=4 tpl=1 crit=0.684 pot=0.6579)
phyopt: rejected (map area 3086.83->3087.89, delay 370.13->370.13).
phyopt: part=mid seed=n2292(id=2292 center=2292 R=4 tpl=1 crit=0.684 pot=0.6579)
phyopt: rejected (map area 3086.83->3100.77, delay 370.13->370.13).
phyopt: part=mid seed=n2540(id=2540 center=2540 R=4 tpl=1 crit=0.684 pot=0.6579)
phyopt: rejected (map area 3086.83->3121.16, delay 370.13->371.18).
phyopt: part=mid seed=n2568(id=2568 center=2568 R=4 tpl=1 crit=0.684 pot=0.6579)
phyopt: accepted (map area 3086.83->3086.30, delay 370.13->370.13).
phyopt: part=mid seed=n3086(id=3086 center=3086 R=4 tpl=1 crit=0.684 pot=0.6579)
phyopt: rejected (map area 3086.30->3089.73, delay 370.13->370.13).
phyopt: part=mid seed=n3483(id=3483 center=3483 R=4 tpl=1 crit=0.684 pot=0.6579)
phyopt: rejected (map area 3086.30->3100.01, delay 370.13->370.13).
phyopt: part=mid seed=n3674(id=3674 center=3674 R=4 tpl=1 crit=0.684 pot=0.6579)
phyopt: rejected (map area 3086.30->3092.67, delay 370.13->370.13).
phyopt: part=mid seed=n3732(id=3732 center=3732 R=4 tpl=1 crit=0.684 pot=0.6579)
phyopt: rejected (map area 3086.30->3091.89, delay 370.13->370.13).
phyopt: part=mid seed=n3902(id=3902 center=3902 R=4 tpl=1 crit=0.684 pot=0.6579)
phyopt: rejected (map area 3086.30->3086.31, delay 370.13->370.13).
phyopt: part=mid seed=n3934(id=3934 center=3934 R=4 tpl=1 crit=0.684 pot=0.6579)
phyopt: rejected (map area 3086.30->3090.27, delay 370.13->370.13).
phyopt: part=mid seed=n4272(id=4272 center=4272 R=4 tpl=1 crit=0.684 pot=0.6579)
phyopt: rejected (map area 3086.30->3090.24, delay 370.13->370.13).
phyopt: part=mid seed=n4278(id=4278 center=4278 R=4 tpl=1 crit=0.684 pot=0.6579)
phyopt: rejected (map area 3086.30->3104.01, delay 370.13->370.13).
phyopt: part=mid seed=n4401(id=4401 center=4401 R=4 tpl=1 crit=0.684 pot=0.6579)
phyopt: rejected (map area 3086.30->3089.76, delay 370.13->370.13).
phyopt: part=mid seed=n4473(id=4473 center=4473 R=4 tpl=1 crit=0.684 pot=0.6579)
phyopt: rejected (map area 3086.30->3087.90, delay 370.13->370.13).
The node "n4580" with ID 4580 is not in the current network.
phyopt: skip seed=n4580 (cannot resolve center node in current AIG).
The node "n4677" with ID 4677 is not in the current network.
phyopt: skip seed=n4677 (cannot resolve center node in current AIG).
The node "n4727" with ID 4727 is not in the current network.
phyopt: skip seed=n4727 (cannot resolve center node in current AIG).
The node "n4760" with ID 4760 is not in the current network.
phyopt: skip seed=n4760 (cannot resolve center node in current AIG).
The node "n4856" with ID 4856 is not in the current network.
phyopt: skip seed=n4856 (cannot resolve center node in current AIG).
The node "n4914" with ID 4914 is not in the current network.
phyopt: skip seed=n4914 (cannot resolve center node in current AIG).
The node "n4962" with ID 4962 is not in the current network.
phyopt: skip seed=n4962 (cannot resolve center node in current AIG).
The node "n5213" with ID 5213 is not in the current network.
phyopt: skip seed=n5213 (cannot resolve center node in current AIG).
The node "n5280" with ID 5280 is not in the current network.
phyopt: skip seed=n5280 (cannot resolve center node in current AIG).
The node "n5293" with ID 5293 is not in the current network.
phyopt: skip seed=n5293 (cannot resolve center node in current AIG).
phyopt: part=mid seed=n366(id=366 center=366 R=4 tpl=1 crit=0.316 pot=0.7355)
phyopt: rejected (map area 3086.30->3093.36, delay 370.13->370.13).
phyopt: part=mid seed=n870(id=870 center=870 R=4 tpl=0 crit=0.316 pot=0.7355)
phyopt: rejected (map area 3086.30->3026.67, delay 370.13->387.36).
phyopt: part=mid seed=n871(id=871 center=871 R=4 tpl=1 crit=0.316 pot=0.7355)
phyopt: rejected (map area 3086.30->3086.30, delay 370.13->370.13).
phyopt: part=mid seed=n882(id=882 center=882 R=4 tpl=0 crit=0.316 pot=0.7355)
phyopt: rejected (map area 3086.30->3086.57, delay 370.13->370.13).
phyopt: part=mid seed=n1555(id=1555 center=1555 R=4 tpl=1 crit=0.316 pot=0.7355)
phyopt: accepted (map area 3086.30->3085.44, delay 370.13->370.13).
phyopt: part=mid seed=n2011(id=2011 center=2011 R=4 tpl=1 crit=0.316 pot=0.7355)
phyopt: rejected (map area 3085.44->3093.74, delay 370.13->370.13).
phyopt: part=mid seed=n2306(id=2306 center=2306 R=4 tpl=1 crit=0.316 pot=0.7355)
phyopt: rejected (map area 3085.44->3087.03, delay 370.13->370.13).
phyopt: part=mid seed=n2310(id=2310 center=2310 R=4 tpl=1 crit=0.316 pot=0.7355)
phyopt: rejected (map area 3085.44->3098.97, delay 370.13->370.13).
phyopt: part=mid seed=n2311(id=2311 center=2311 R=4 tpl=1 crit=0.316 pot=0.7355)
phyopt: accepted (map area 3085.44->3082.80, delay 370.13->370.13).
phyopt: part=mid seed=n2313(id=2313 center=2313 R=4 tpl=1 crit=0.316 pot=0.7355)
phyopt: rejected (map area 3082.80->3105.55, delay 370.13->370.50).
phyopt: part=mid seed=n2392(id=2392 center=2392 R=4 tpl=1 crit=0.316 pot=0.7355)
phyopt: rejected (map area 3082.80->3098.68, delay 370.13->370.13).
The node "n4598" with ID 4598 is not in the current network.
phyopt: skip seed=n4598 (cannot resolve center node in current AIG).
The node "n4849" with ID 4849 is not in the current network.
phyopt: skip seed=n4849 (cannot resolve center node in current AIG).
phyopt: part=mid seed=n190(id=190 center=190 R=4 tpl=1 crit=0.737 pot=0.6316)
phyopt: rejected (map area 3082.80->3120.85, delay 370.13->370.60).
phyopt: part=mid seed=n336(id=336 center=336 R=4 tpl=1 crit=0.737 pot=0.6316)
phyopt: rejected (map area 3082.80->3084.92, delay 370.13->370.13).
phyopt: part=mid seed=n383(id=383 center=383 R=4 tpl=1 crit=0.737 pot=0.6316)
phyopt: rejected (map area 3082.80->3085.19, delay 370.13->370.13).
phyopt: part=mid seed=n527(id=527 center=527 R=4 tpl=1 crit=0.737 pot=0.6316)
phyopt: rejected (map area 3082.80->3081.11, delay 370.13->373.63).
phyopt: part=mid seed=n843(id=843 center=843 R=4 tpl=0 crit=0.737 pot=0.6316)
phyopt: rejected (map area 3082.80->3089.35, delay 370.13->372.47).
phyopt: part=mid seed=n884(id=884 center=884 R=4 tpl=1 crit=0.737 pot=0.6316)
phyopt: rejected (map area 3082.80->3094.74, delay 370.13->372.20).
phyopt: part=mid seed=n985(id=985 center=985 R=4 tpl=0 crit=0.737 pot=0.6316)
phyopt: rejected (map area 3082.80->3083.35, delay 370.13->370.13).
phyopt: part=mid seed=n1159(id=1159 center=1159 R=4 tpl=1 crit=0.737 pot=0.6316)
phyopt: rejected (map area 3082.80->3085.71, delay 370.13->370.13).
phyopt: part=mid seed=n1171(id=1171 center=1171 R=4 tpl=2 crit=0.737 pot=0.6316)
phyopt: rejected (map area 3082.80->3084.38, delay 370.13->370.13).
phyopt: part=mid seed=n1188(id=1188 center=1188 R=4 tpl=0 crit=0.737 pot=0.6316)
phyopt: accepted (map area 3082.80->3081.98, delay 370.13->370.13).
phyopt: part=mid seed=n1276(id=1276 center=1276 R=4 tpl=0 crit=0.737 pot=0.6316)
phyopt: rejected (map area 3081.98->3084.41, delay 370.13->370.13).
phyopt: part=mid seed=n1394(id=1394 center=1394 R=4 tpl=0 crit=0.737 pot=0.6316)
phyopt: rejected (map area 3081.98->3083.57, delay 370.13->370.13).
phyopt: part=mid seed=n1542(id=1542 center=1542 R=4 tpl=0 crit=0.737 pot=0.6316)
phyopt: rejected (map area 3081.98->3081.98, delay 370.13->370.13).
phyopt: part=mid seed=n1611(id=1611 center=1611 R=4 tpl=0 crit=0.737 pot=0.6316)
phyopt: rejected (map area 3081.98->3081.98, delay 370.13->370.13).
phyopt: part=mid seed=n1796(id=1796 center=1796 R=4 tpl=0 crit=0.737 pot=0.6316)
phyopt: rejected (map area 3081.98->3081.98, delay 370.13->370.13).
phyopt: part=mid seed=n1919(id=1919 center=1919 R=4 tpl=0 crit=0.737 pot=0.6316)
phyopt: rejected (map area 3081.98->3085.43, delay 370.13->370.13).
phyopt: part=mid seed=n2022(id=2022 center=2022 R=4 tpl=1 crit=0.737 pot=0.6316)
phyopt: rejected (map area 3081.98->3081.99, delay 370.13->370.13).
phyopt: part=mid seed=n2075(id=2075 center=2075 R=4 tpl=0 crit=0.737 pot=0.6316)
phyopt: rejected (map area 3081.98->3107.37, delay 370.13->370.13).
phyopt: part=mid seed=n2239(id=2239 center=2239 R=4 tpl=1 crit=0.737 pot=0.6316)
phyopt: rejected (map area 3081.98->3111.16, delay 370.13->370.13).
phyopt: part=mid seed=n2249(id=2249 center=2249 R=4 tpl=0 crit=0.737 pot=0.6316)
phyopt: rejected (map area 3081.98->3082.76, delay 370.13->370.13).
phyopt: part=mid seed=n2422(id=2422 center=2422 R=4 tpl=0 crit=0.737 pot=0.6316)
phyopt: rejected (map area 3081.98->3106.61, delay 370.13->370.13).
phyopt: part=mid seed=n2487(id=2487 center=2487 R=4 tpl=1 crit=0.737 pot=0.6316)
phyopt: rejected (map area 3081.98->3082.25, delay 370.13->370.13).
phyopt: part=mid seed=n2493(id=2493 center=2493 R=4 tpl=0 crit=0.737 pot=0.6316)
phyopt: rejected (map area 3081.98->3081.98, delay 370.13->370.13).
phyopt: part=mid seed=n2516(id=2516 center=2516 R=4 tpl=1 crit=0.737 pot=0.6316)
phyopt: rejected (map area 3081.98->3082.24, delay 370.13->370.13).
phyopt: part=mid seed=n2700(id=2700 center=2700 R=4 tpl=0 crit=0.737 pot=0.6316)
phyopt: accepted (map area 3081.98->3081.72, delay 370.13->370.13).
phyopt: part=mid seed=n2737(id=2737 center=2737 R=4 tpl=0 crit=0.737 pot=0.6316)
phyopt: rejected (map area 3081.72->3081.72, delay 370.13->370.13).
phyopt: part=mid seed=n3398(id=3398 center=3398 R=4 tpl=0 crit=0.737 pot=0.6316)
phyopt: rejected (map area 3081.72->3083.87, delay 370.13->370.13).
phyopt: part=mid seed=n3530(id=3530 center=3530 R=4 tpl=0 crit=0.737 pot=0.6316)
phyopt: rejected (map area 3081.72->3081.72, delay 370.13->370.13).
phyopt: part=mid seed=n3543(id=3543 center=3543 R=4 tpl=0 crit=0.737 pot=0.6316)
phyopt: rejected (map area 3081.72->3085.21, delay 370.13->370.13).
phyopt: part=mid seed=n3831(id=3831 center=3831 R=4 tpl=0 crit=0.737 pot=0.6316)
phyopt: rejected (map area 3081.72->3081.72, delay 370.13->370.13).
phyopt: part=mid seed=n3857(id=3857 center=3857 R=4 tpl=0 crit=0.737 pot=0.6316)
phyopt: rejected (map area 3081.72->3081.98, delay 370.13->370.13).
phyopt: part=mid seed=n3879(id=3879 center=3879 R=4 tpl=0 crit=0.737 pot=0.6316)
phyopt: rejected (map area 3081.72->3082.25, delay 370.13->370.13).
phyopt: part=mid seed=n3971(id=3971 center=3971 R=4 tpl=1 crit=0.737 pot=0.6316)
phyopt: rejected (map area 3081.72->3082.53, delay 370.13->370.13).
phyopt: part=mid seed=n3990(id=3990 center=3990 R=4 tpl=0 crit=0.737 pot=0.6316)
phyopt: rejected (map area 3081.72->3082.25, delay 370.13->370.13).
phyopt: part=mid seed=n4047(id=4047 center=4047 R=4 tpl=2 crit=0.737 pot=0.6316)
phyopt: rejected (map area 3081.72->3081.72, delay 370.13->370.13).
phyopt: part=mid seed=n4217(id=4217 center=4217 R=4 tpl=1 crit=0.737 pot=0.6316)
phyopt: rejected (map area 3081.72->3081.75, delay 370.13->370.13).
phyopt: part=mid seed=n4271(id=4271 center=4271 R=4 tpl=0 crit=0.737 pot=0.6316)
phyopt: rejected (map area 3081.72->3134.93, delay 370.13->375.10).
phyopt: part=mid seed=n4330(id=4330 center=4330 R=4 tpl=1 crit=0.737 pot=0.6316)
phyopt: rejected (map area 3081.72->3087.06, delay 370.13->370.13).
phyopt: part=mid seed=n4385(id=4385 center=4385 R=4 tpl=0 crit=0.737 pot=0.6316)
phyopt: rejected (map area 3081.72->3081.72, delay 370.13->370.13).
phyopt: part=mid seed=n4395(id=4395 center=4395 R=4 tpl=0 crit=0.737 pot=0.6316)
phyopt: rejected (map area 3081.72->3082.00, delay 370.13->370.13).
phyopt: part=mid seed=n4432(id=4432 center=4432 R=4 tpl=1 crit=0.737 pot=0.6316)
phyopt: rejected (map area 3081.72->3093.11, delay 370.13->370.13).
phyopt: part=mid seed=n4456(id=4456 center=4456 R=4 tpl=0 crit=0.737 pot=0.6316)
phyopt: rejected (map area 3081.72->3082.79, delay 370.13->370.13).
phyopt: part=mid seed=n4470(id=4470 center=4470 R=4 tpl=1 crit=0.737 pot=0.6316)
phyopt: rejected (map area 3081.72->3088.58, delay 370.13->370.13).
phyopt: part=mid seed=n4497(id=4497 center=4497 R=4 tpl=0 crit=0.737 pot=0.6316)
phyopt: rejected (map area 3081.72->3081.72, delay 370.13->370.13).
The node "n4803" with ID 4803 is not in the current network.
phyopt: skip seed=n4803 (cannot resolve center node in current AIG).
The node "n4912" with ID 4912 is not in the current network.
phyopt: skip seed=n4912 (cannot resolve center node in current AIG).
The node "n5041" with ID 5041 is not in the current network.
phyopt: skip seed=n5041 (cannot resolve center node in current AIG).
phyopt: part=mid seed=n395(id=395 center=395 R=4 tpl=0 crit=0.368 pot=0.7092)
phyopt: rejected (map area 3081.72->3092.02, delay 370.13->370.13).
phyopt: part=mid seed=n474(id=474 center=474 R=4 tpl=1 crit=0.368 pot=0.7092)
phyopt: rejected (map area 3081.72->3138.69, delay 370.13->370.24).
phyopt: part=mid seed=n920(id=920 center=920 R=4 tpl=2 crit=0.368 pot=0.7092)
phyopt: rejected (map area 3081.72->3081.76, delay 370.13->370.13).
phyopt: part=mid seed=n921(id=921 center=921 R=4 tpl=0 crit=0.368 pot=0.7092)
phyopt: rejected (map area 3081.72->3083.04, delay 370.13->370.13).
phyopt: part=mid seed=n1755(id=1755 center=1755 R=4 tpl=1 crit=0.368 pot=0.7092)
phyopt: rejected (map area 3081.72->3077.40, delay 370.13->371.82).
phyopt: part=mid seed=n2008(id=2008 center=2008 R=4 tpl=0 crit=0.368 pot=0.7092)
phyopt: rejected (map area 3081.72->3082.28, delay 370.13->370.13).
phyopt: part=mid seed=n2012(id=2012 center=2012 R=4 tpl=1 crit=0.368 pot=0.7092)
phyopt: rejected (map area 3081.72->3089.22, delay 370.13->370.13).
phyopt: part=mid seed=n2018(id=2018 center=2018 R=4 tpl=0 crit=0.368 pot=0.7092)
phyopt: rejected (map area 3081.72->3081.72, delay 370.13->370.13).
phyopt: part=mid seed=n2060(id=2060 center=2060 R=4 tpl=0 crit=0.368 pot=0.7092)
phyopt: rejected (map area 3081.72->3081.72, delay 370.13->370.13).
phyopt: part=mid seed=n2094(id=2094 center=2094 R=4 tpl=1 crit=0.368 pot=0.7092)
phyopt: rejected (map area 3081.72->3087.01, delay 370.13->370.13).
phyopt: part=mid seed=n2230(id=2230 center=2230 R=4 tpl=0 crit=0.368 pot=0.7092)
phyopt: rejected (map area 3081.72->3081.72, delay 370.13->370.13).
phyopt: part=mid seed=n2767(id=2767 center=2767 R=4 tpl=1 crit=0.368 pot=0.7092)
phyopt: rejected (map area 3081.72->3083.03, delay 370.13->370.13).
phyopt: part=mid seed=n2789(id=2789 center=2789 R=4 tpl=0 crit=0.368 pot=0.7092)
phyopt: rejected (map area 3081.72->3084.17, delay 370.13->370.13).
phyopt: part=mid seed=n2790(id=2790 center=2790 R=4 tpl=0 crit=0.368 pot=0.7092)
phyopt: rejected (map area 3081.72->3083.07, delay 370.13->370.13).
phyopt: part=mid seed=n2791(id=2791 center=2791 R=4 tpl=1 crit=0.368 pot=0.7092)
phyopt: accepted (map area 3081.72->3081.70, delay 370.13->370.13).
phyopt: part=mid seed=n2797(id=2797 center=2797 R=4 tpl=1 crit=0.368 pot=0.7092)
phyopt: rejected (map area 3081.70->3086.32, delay 370.13->370.13).
phyopt: part=mid seed=n2922(id=2922 center=2922 R=4 tpl=1 crit=0.368 pot=0.7092)
phyopt: rejected (map area 3081.70->3090.90, delay 370.13->370.13).
phyopt: part=mid seed=n3027(id=3027 center=3027 R=4 tpl=1 crit=0.368 pot=0.7092)
phyopt: rejected (map area 3081.70->3099.35, delay 370.13->370.13).
phyopt: part=mid seed=n3028(id=3028 center=3028 R=4 tpl=1 crit=0.368 pot=0.7092)
phyopt: rejected (map area 3081.70->3085.94, delay 370.13->370.13).
phyopt: part=mid seed=n3117(id=3117 center=3117 R=4 tpl=1 crit=0.368 pot=0.7092)
phyopt: accepted (map area 3081.70->3081.44, delay 370.13->370.13).
phyopt: part=mid seed=n3240(id=3240 center=3240 R=4 tpl=1 crit=0.368 pot=0.7092)
phyopt: rejected (map area 3081.44->3086.26, delay 370.13->370.13).
phyopt: part=mid seed=n3273(id=3273 center=3273 R=4 tpl=1 crit=0.368 pot=0.7092)
phyopt: rejected (map area 3081.44->3083.62, delay 370.13->370.13).
phyopt: part=mid seed=n3998(id=3998 center=3998 R=4 tpl=1 crit=0.368 pot=0.7092)
phyopt: accepted (map area 3081.44->3080.91, delay 370.13->370.13).
phyopt: part=mid seed=n4311(id=4311 center=4311 R=4 tpl=1 crit=0.368 pot=0.7092)
phyopt: rejected (map area 3080.91->3080.91, delay 370.13->370.13).
phyopt: part=mid seed=n4348(id=4348 center=4348 R=4 tpl=1 crit=0.368 pot=0.7092)
phyopt: accepted (map area 3080.91->3079.32, delay 370.13->370.13).
phyopt: part=mid seed=n4514(id=4514 center=4514 R=4 tpl=1 crit=0.368 pot=0.7092)
phyopt: rejected (map area 3079.32->3079.32, delay 370.13->370.13).
phyopt: part=mid seed=n4522(id=4522 center=4522 R=4 tpl=1 crit=0.368 pot=0.7092)
phyopt: rejected (map area 3079.32->3079.32, delay 370.13->370.13).
The node "n4682" with ID 4682 is not in the current network.
phyopt: skip seed=n4682 (cannot resolve center node in current AIG).
The node "n4716" with ID 4716 is not in the current network.
phyopt: skip seed=n4716 (cannot resolve center node in current AIG).
The node "n4717" with ID 4717 is not in the current network.
phyopt: skip seed=n4717 (cannot resolve center node in current AIG).
The node "n4994" with ID 4994 is not in the current network.
phyopt: skip seed=n4994 (cannot resolve center node in current AIG).
The node "n5204" with ID 5204 is not in the current network.
phyopt: skip seed=n5204 (cannot resolve center node in current AIG).
The node "n5221" with ID 5221 is not in the current network.
phyopt: skip seed=n5221 (cannot resolve center node in current AIG).
The node "n5247" with ID 5247 is not in the current network.
phyopt: skip seed=n5247 (cannot resolve center node in current AIG).
The node "n5249" with ID 5249 is not in the current network.
phyopt: skip seed=n5249 (cannot resolve center node in current AIG).
phyopt: part=mid seed=n168(id=168 center=168 R=4 tpl=1 crit=0.789 pot=0.6053)
phyopt: rejected (map area 3079.32->3156.89, delay 370.13->370.24).
phyopt: part=mid seed=n292(id=292 center=292 R=4 tpl=1 crit=0.789 pot=0.6053)
phyopt: rejected (map area 3079.32->3079.86, delay 370.13->370.13).
phyopt: part=mid seed=n549(id=549 center=549 R=4 tpl=1 crit=0.789 pot=0.6053)
phyopt: accepted (map area 3079.32->3079.05, delay 370.13->370.13).
phyopt: part=mid seed=n910(id=910 center=910 R=4 tpl=1 crit=0.789 pot=0.6053)
phyopt: accepted (map area 3079.05->3078.80, delay 370.13->370.13).
phyopt: part=mid seed=n946(id=946 center=946 R=4 tpl=1 crit=0.789 pot=0.6053)
phyopt: rejected (map area 3078.80->3084.75, delay 370.13->373.63).
phyopt: part=mid seed=n1052(id=1052 center=1052 R=4 tpl=1 crit=0.789 pot=0.6053)
phyopt: rejected (map area 3078.80->3078.80, delay 370.13->370.13).
phyopt: part=mid seed=n1130(id=1130 center=1130 R=4 tpl=1 crit=0.789 pot=0.6053)
phyopt: rejected (map area 3078.80->3082.77, delay 370.13->370.13).
phyopt: part=mid seed=n1230(id=1230 center=1230 R=4 tpl=1 crit=0.789 pot=0.6053)
phyopt: rejected (map area 3078.80->3144.89, delay 370.13->369.48).
phyopt: part=mid seed=n1232(id=1232 center=1232 R=4 tpl=1 crit=0.789 pot=0.6053)
phyopt: rejected (map area 3078.80->3078.80, delay 370.13->370.13).
phyopt: part=mid seed=n1257(id=1257 center=1257 R=4 tpl=1 crit=0.789 pot=0.6053)
phyopt: rejected (map area 3078.80->3139.03, delay 370.13->368.17).
phyopt: part=mid seed=n1318(id=1318 center=1318 R=4 tpl=1 crit=0.789 pot=0.6053)
phyopt: rejected (map area 3078.80->3083.54, delay 370.13->370.13).
phyopt: part=mid seed=n1352(id=1352 center=1352 R=4 tpl=1 crit=0.789 pot=0.6053)
phyopt: rejected (map area 3078.80->3081.98, delay 370.13->370.13).
phyopt: part=mid seed=n1404(id=1404 center=1404 R=4 tpl=1 crit=0.789 pot=0.6053)
phyopt: rejected (map area 3078.80->3080.65, delay 370.13->370.13).
phyopt: part=mid seed=n1549(id=1549 center=1549 R=4 tpl=1 crit=0.789 pot=0.6053)
phyopt: accepted (map area 3078.80->3078.53, delay 370.13->370.13).
phyopt: part=mid seed=n1577(id=1577 center=1577 R=4 tpl=1 crit=0.789 pot=0.6053)
phyopt: rejected (map area 3078.53->3078.53, delay 370.13->370.13).
phyopt: part=mid seed=n2129(id=2129 center=2129 R=4 tpl=1 crit=0.789 pot=0.6053)
phyopt: rejected (map area 3078.53->3086.25, delay 370.13->370.13).
phyopt: part=mid seed=n2217(id=2217 center=2217 R=4 tpl=1 crit=0.789 pot=0.6053)
phyopt: accepted (map area 3078.53->3077.68, delay 370.13->370.13).
phyopt: part=mid seed=n2320(id=2320 center=2320 R=4 tpl=1 crit=0.789 pot=0.6053)
phyopt: rejected (map area 3077.68->3077.68, delay 370.13->370.13).
phyopt: part=mid seed=n2349(id=2349 center=2349 R=4 tpl=1 crit=0.789 pot=0.6053)
phyopt: rejected (map area 3077.68->3077.68, delay 370.13->370.13).
phyopt: part=mid seed=n2403(id=2403 center=2403 R=4 tpl=1 crit=0.789 pot=0.6053)
phyopt: rejected (map area 3077.68->3098.38, delay 370.13->370.13).
phyopt: part=mid seed=n2464(id=2464 center=2464 R=4 tpl=1 crit=0.789 pot=0.6053)
phyopt: rejected (map area 3077.68->3079.29, delay 370.13->370.13).
phyopt: part=mid seed=n2559(id=2559 center=2559 R=4 tpl=1 crit=0.789 pot=0.6053)
phyopt: rejected (map area 3077.68->3077.70, delay 370.13->370.13).
phyopt: part=mid seed=n2640(id=2640 center=2640 R=4 tpl=1 crit=0.789 pot=0.6053)
phyopt: rejected (map area 3077.68->3077.68, delay 370.13->370.13).
phyopt: part=mid seed=n2844(id=2844 center=2844 R=4 tpl=1 crit=0.789 pot=0.6053)
phyopt: rejected (map area 3077.68->3089.77, delay 370.13->370.13).
phyopt: part=mid seed=n2994(id=2994 center=2994 R=4 tpl=1 crit=0.789 pot=0.6053)
phyopt: rejected (map area 3077.68->3057.44, delay 370.13->375.91).
phyopt: part=mid seed=n3005(id=3005 center=3005 R=4 tpl=1 crit=0.789 pot=0.6053)
phyopt: rejected (map area 3077.68->3078.47, delay 370.13->370.13).
phyopt: part=mid seed=n3032(id=3032 center=3032 R=4 tpl=1 crit=0.789 pot=0.6053)
phyopt: rejected (map area 3077.68->3077.68, delay 370.13->370.13).
phyopt: part=mid seed=n3037(id=3037 center=3037 R=4 tpl=1 crit=0.789 pot=0.6053)
phyopt: rejected (map area 3077.68->3078.74, delay 370.13->370.13).
phyopt: part=mid seed=n3289(id=3289 center=3289 R=4 tpl=1 crit=0.789 pot=0.6053)
phyopt: rejected (map area 3077.68->3077.68, delay 370.13->370.13).
phyopt: part=mid seed=n3361(id=3361 center=3361 R=4 tpl=1 crit=0.789 pot=0.6053)
phyopt: accepted (map area 3077.68->3077.17, delay 370.13->370.13).
phyopt: part=mid seed=n3372(id=3372 center=3372 R=4 tpl=1 crit=0.789 pot=0.6053)
phyopt: rejected (map area 3077.17->3077.17, delay 370.13->370.13).
phyopt: part=mid seed=n3395(id=3395 center=3395 R=4 tpl=1 crit=0.789 pot=0.6053)
phyopt: rejected (map area 3077.17->3084.60, delay 370.13->370.13).
phyopt: part=mid seed=n3495(id=3495 center=3495 R=4 tpl=1 crit=0.789 pot=0.6053)
phyopt: rejected (map area 3077.17->3103.35, delay 370.13->370.13).
phyopt: part=mid seed=n3552(id=3552 center=3552 R=4 tpl=1 crit=0.789 pot=0.6053)
phyopt: rejected (map area 3077.17->3077.21, delay 370.13->370.13).
phyopt: part=mid seed=n3557(id=3557 center=3557 R=4 tpl=1 crit=0.789 pot=0.6053)
phyopt: rejected (map area 3077.17->3077.96, delay 370.13->370.13).
phyopt: part=mid seed=n3622(id=3622 center=3622 R=4 tpl=1 crit=0.789 pot=0.6053)
phyopt: rejected (map area 3077.17->3077.17, delay 370.13->370.13).
phyopt: part=mid seed=n3677(id=3677 center=3677 R=4 tpl=1 crit=0.789 pot=0.6053)
phyopt: rejected (map area 3077.17->3089.13, delay 370.13->370.13).
phyopt: part=mid seed=n3734(id=3734 center=3734 R=4 tpl=1 crit=0.789 pot=0.6053)
phyopt: rejected (map area 3077.17->3093.70, delay 370.13->370.13).
phyopt: part=mid seed=n3877(id=3877 center=3877 R=4 tpl=1 crit=0.789 pot=0.6053)
phyopt: accepted (map area 3077.17->3077.16, delay 370.13->370.13).
phyopt: part=mid seed=n4072(id=4072 center=4072 R=4 tpl=1 crit=0.789 pot=0.6053)
phyopt: rejected (map area 3077.16->3079.19, delay 370.13->370.13).
phyopt: part=mid seed=n4130(id=4130 center=4130 R=4 tpl=1 crit=0.789 pot=0.6053)
phyopt: rejected (map area 3077.16->3084.69, delay 370.13->370.13).
phyopt: part=mid seed=n4193(id=4193 center=4193 R=4 tpl=1 crit=0.789 pot=0.6053)
phyopt: rejected (map area 3077.16->3077.71, delay 370.13->370.13).
phyopt: part=mid seed=n4250(id=4250 center=4250 R=4 tpl=1 crit=0.789 pot=0.6053)
phyopt: rejected (map area 3077.16->3077.16, delay 370.13->370.13).
phyopt: part=mid seed=n4292(id=4292 center=4292 R=4 tpl=1 crit=0.789 pot=0.6053)
phyopt: rejected (map area 3077.16->3085.14, delay 370.13->370.13).
phyopt: part=mid seed=n4294(id=4294 center=4294 R=4 tpl=1 crit=0.789 pot=0.6053)
phyopt: rejected (map area 3077.16->3084.87, delay 370.13->370.13).
phyopt: part=mid seed=n4339(id=4339 center=4339 R=4 tpl=1 crit=0.789 pot=0.6053)
phyopt: rejected (map area 3077.16->3086.97, delay 370.13->370.13).
The node "n4572" with ID 4572 is not in the current network.
phyopt: skip seed=n4572 (cannot resolve center node in current AIG).
The node "n4576" with ID 4576 is not in the current network.
phyopt: skip seed=n4576 (cannot resolve center node in current AIG).
The node "n4600" with ID 4600 is not in the current network.
phyopt: skip seed=n4600 (cannot resolve center node in current AIG).
The node "n4606" with ID 4606 is not in the current network.
phyopt: skip seed=n4606 (cannot resolve center node in current AIG).
The node "n4629" with ID 4629 is not in the current network.
phyopt: skip seed=n4629 (cannot resolve center node in current AIG).
The node "n4653" with ID 4653 is not in the current network.
phyopt: skip seed=n4653 (cannot resolve center node in current AIG).
The node "n4655" with ID 4655 is not in the current network.
phyopt: skip seed=n4655 (cannot resolve center node in current AIG).
The node "n4697" with ID 4697 is not in the current network.
phyopt: skip seed=n4697 (cannot resolve center node in current AIG).
The node "n4743" with ID 4743 is not in the current network.
phyopt: skip seed=n4743 (cannot resolve center node in current AIG).
The node "n4826" with ID 4826 is not in the current network.
phyopt: skip seed=n4826 (cannot resolve center node in current AIG).
The node "n5177" with ID 5177 is not in the current network.
phyopt: skip seed=n5177 (cannot resolve center node in current AIG).
The node "n5272" with ID 5272 is not in the current network.
phyopt: skip seed=n5272 (cannot resolve center node in current AIG).
phyopt: part=mid seed=n2234(id=2234 center=2234 R=4 tpl=1 crit=0.368 pot=0.7015)
phyopt: rejected (map area 3077.16->3079.29, delay 370.13->370.13).
phyopt: part=mid seed=n2921(id=2921 center=2921 R=4 tpl=1 crit=0.368 pot=0.7015)
phyopt: rejected (map area 3077.16->3085.77, delay 370.13->370.13).
phyopt: part=mid seed=n4255(id=4255 center=4255 R=4 tpl=1 crit=0.368 pot=0.7015)
phyopt: rejected (map area 3077.16->3077.70, delay 370.13->370.13).
phyopt: part=mid seed=n4323(id=4323 center=4323 R=4 tpl=1 crit=0.368 pot=0.7015)
phyopt: rejected (map area 3077.16->3077.16, delay 370.13->370.13).
phyopt: part=mid seed=n513(id=513 center=513 R=4 tpl=1 crit=0.421 pot=0.6829)
phyopt: rejected (map area 3077.16->3084.86, delay 370.13->370.13).
phyopt: part=mid seed=n514(id=514 center=514 R=4 tpl=1 crit=0.421 pot=0.6829)
phyopt: rejected (map area 3077.16->3101.20, delay 370.13->368.74).
phyopt: part=mid seed=n542(id=542 center=542 R=4 tpl=2 crit=0.421 pot=0.6829)
phyopt: rejected (map area 3077.16->3086.27, delay 370.13->370.24).
phyopt: part=mid seed=n815(id=815 center=815 R=4 tpl=1 crit=0.421 pot=0.6829)
phyopt: rejected (map area 3077.16->3087.42, delay 370.13->370.60).
phyopt: part=mid seed=n1724(id=1724 center=1724 R=4 tpl=0 crit=0.421 pot=0.6829)
phyopt: rejected (map area 3077.16->3087.86, delay 370.13->370.13).
phyopt: part=mid seed=n2020(id=2020 center=2020 R=4 tpl=1 crit=0.421 pot=0.6829)
phyopt: rejected (map area 3077.16->3077.39, delay 370.13->370.13).
phyopt: part=mid seed=n2051(id=2051 center=2051 R=4 tpl=1 crit=0.421 pot=0.6829)
phyopt: rejected (map area 3077.16->3077.16, delay 370.13->370.13).
phyopt: part=mid seed=n2070(id=2070 center=2070 R=4 tpl=0 crit=0.421 pot=0.6829)
phyopt: rejected (map area 3077.16->3097.87, delay 370.13->370.13).
phyopt: part=mid seed=n2125(id=2125 center=2125 R=4 tpl=1 crit=0.421 pot=0.6829)
phyopt: rejected (map area 3077.16->3095.11, delay 370.13->370.13).
phyopt: part=mid seed=n2126(id=2126 center=2126 R=4 tpl=0 crit=0.421 pot=0.6829)
phyopt: rejected (map area 3077.16->3090.31, delay 370.13->370.60).
phyopt: part=mid seed=n2127(id=2127 center=2127 R=4 tpl=1 crit=0.421 pot=0.6829)
phyopt: rejected (map area 3077.16->3149.87, delay 370.13->369.34).
phyopt: part=mid seed=n2138(id=2138 center=2138 R=4 tpl=0 crit=0.421 pot=0.6829)
phyopt: rejected (map area 3077.16->3088.64, delay 370.13->370.13).
phyopt: part=mid seed=n2190(id=2190 center=2190 R=4 tpl=1 crit=0.421 pot=0.6829)
phyopt: rejected (map area 3077.16->3077.16, delay 370.13->370.13).
phyopt: part=mid seed=n2775(id=2775 center=2775 R=4 tpl=0 crit=0.421 pot=0.6829)
phyopt: rejected (map area 3077.16->3077.98, delay 370.13->370.13).
phyopt: part=mid seed=n2915(id=2915 center=2915 R=4 tpl=1 crit=0.421 pot=0.6829)
phyopt: rejected (map area 3077.16->3086.70, delay 370.13->370.13).
phyopt: part=mid seed=n2984(id=2984 center=2984 R=4 tpl=1 crit=0.421 pot=0.6829)
phyopt: rejected (map area 3077.16->3079.00, delay 370.13->370.13).
phyopt: part=mid seed=n2985(id=2985 center=2985 R=4 tpl=0 crit=0.421 pot=0.6829)
phyopt: rejected (map area 3077.16->3077.45, delay 370.13->370.13).
phyopt: part=mid seed=n3129(id=3129 center=3129 R=4 tpl=2 crit=0.421 pot=0.6829)
phyopt: rejected (map area 3077.16->3097.44, delay 370.13->370.13).
phyopt: part=mid seed=n3223(id=3223 center=3223 R=4 tpl=1 crit=0.421 pot=0.6829)
phyopt: rejected (map area 3077.16->3077.98, delay 370.13->370.13).
phyopt: part=mid seed=n3263(id=3263 center=3263 R=4 tpl=0 crit=0.421 pot=0.6829)
phyopt: rejected (map area 3077.16->3084.45, delay 370.13->370.13).
phyopt: part=mid seed=n3438(id=3438 center=3438 R=4 tpl=1 crit=0.421 pot=0.6829)
phyopt: rejected (map area 3077.16->3077.95, delay 370.13->370.13).
phyopt: part=mid seed=n3710(id=3710 center=3710 R=4 tpl=0 crit=0.421 pot=0.6829)
phyopt: rejected (map area 3077.16->3090.17, delay 370.13->370.13).
phyopt: part=mid seed=n4149(id=4149 center=4149 R=4 tpl=1 crit=0.421 pot=0.6829)
phyopt: rejected (map area 3077.16->3084.05, delay 370.13->370.13).
phyopt: part=mid seed=n4150(id=4150 center=4150 R=4 tpl=0 crit=0.421 pot=0.6829)
phyopt: rejected (map area 3077.16->3077.16, delay 370.13->370.13).
phyopt: part=mid seed=n4159(id=4159 center=4159 R=4 tpl=1 crit=0.421 pot=0.6829)
phyopt: rejected (map area 3077.16->3089.37, delay 370.13->370.13).
phyopt: L0/L1 skips high=0/81 low=0/0 mid=0/0, L1-threshold=0.2128, anneal_temp=1.000.
phyopt: adaptive keep high/low/mid=86%/74%/80%.
phyopt: finished round 1/3.
phyopt: case timeout reached, stop after current accepted network.
phyopt: partition summary (tried/accepted):
  high : 3 / 16
  low  : 1 / 2
  mid  : 35 / 285
phyopt: per-part seed coverage (topK means top-5 potential within processed seeds):
  high: seeds=646 tried=16(2.5%) accepted=3(18.8%) skipped(marked=0,low_slack=0) topK(tried=5/5 accepted=2 hit=40.0%)
  low: seeds=8 tried=2(25.0%) accepted=1(50.0%) skipped(marked=0,low_slack=0) topK(tried=2/2 accepted=1 hit=50.0%)
  mid: seeds=4627 tried=285(6.2%) accepted=35(12.3%) skipped(marked=2,low_slack=0) topK(tried=5/5 accepted=1 hit=20.0%)
phyopt: sequence template stats by partition (template_id: accepted/tried):
  high: t0=2/9 t1=1/5 t2=0/2
  low: t0=0/1 t1=1/1 t2=0/0
  mid: t0=13/113 t1=22/160 t2=0/12
phyopt: rejection reason breakdown:
  - runtime_or_eval_fail : 58
  - policy_tradeoff_reject : 49
  - delay_worse : 0
  - area_worse : 181
  - area_and_delay_worse : 18
  - delay_guard_violation : 15
phyopt: skipped marked=2 low_slack=<0.10=0
phyopt: done, accepted=39 rejected=321 final_nodes=4528 final_levels=22.
[1;37miwls26/results/ex250_019      :[0m i/o =   16/    8  lat =    0  nd =  3179  edge =   8293  area =3077.16  delay =370.13  lev = 15
