======== ABC command line "source /tmp/ablation_ex220_no_inv_chain_285.scr"
Warning: Detected 2 multi-output cells (for example, "FA_X1").
mapper_extract: wrote 69158 lines to "/mnt/d/My_abc_work/abc/my_work/ablation_results/ex220/ex220_no_inv_chain.csv".
Loaded 69158 physical records from /mnt/d/My_abc_work/abc/my_work/ablation_results/ex220/ex220_no_inv_chain.csv
Potential rebuilt: alpha(low/mid/high)=0.200/0.500/0.800 avg_struct=0.9433 avg_slack=0.2958 avg_opt_mid=0.6195
Physical records : 69158
Gate summary     : NAND=48419 AND=18151 INV=2587 OTHER=1
Alpha (L/M/H)    : 0.200 / 0.500 / 0.800
StructW(i/p/f/g) : 0.000 / 0.500 / 0.333 / 0.167
phyopt: start rounds=1, criticality partitions high(>=0.800)->low(<=0.300)->mid, window=16.
phyopt: objective=map(area,delay), low-part delay budget=+10% from pre-opt.
phyopt: round=1 partition sizes high=27804 low=787 mid=40567.
phyopt: round=1 part=high seed=n878(id=878 center=878 R=5 crit=0.800 pot=0.3600)
phyopt: accepted (map area 36162.97->36161.37, delay 23.00->23.00).
phyopt: round=1 part=high seed=n10003(id=10003 center=10003 R=5 crit=0.800 pot=0.3600)
phyopt: rejected (map area 36161.37->36184.25, delay 23.00->23.00).
phyopt: round=1 part=high seed=n13501(id=13501 center=13501 R=5 crit=0.800 pot=0.3600)
phyopt: rejected (map area 36161.37->36270.70, delay 23.00->23.00).
phyopt: round=1 part=high seed=n13590(id=13590 center=13590 R=5 crit=0.800 pot=0.3600)
phyopt: accepted (map area 36161.37->36161.37, delay 23.00->23.00).
phyopt: round=1 part=high seed=n13798(id=13798 center=13798 R=5 crit=0.800 pot=0.3600)
phyopt: accepted (map area 36161.37->36160.84, delay 23.00->23.00).
phyopt: round=1 part=high seed=n13913(id=13913 center=13913 R=5 crit=0.800 pot=0.3600)
phyopt: accepted (map area 36160.84->36158.44, delay 23.00->23.00).
phyopt: round=1 part=high seed=n14009(id=14009 center=14009 R=5 crit=0.800 pot=0.3600)
phyopt: accepted (map area 36158.44->36158.18, delay 23.00->23.00).
phyopt: round=1 part=high seed=n14063(id=14063 center=14063 R=5 crit=0.800 pot=0.3600)
phyopt: accepted (map area 36158.18->36158.18, delay 23.00->23.00).
phyopt: round=1 part=high seed=n14112(id=14112 center=14112 R=5 crit=0.800 pot=0.3600)
phyopt: accepted (map area 36158.18->36158.18, delay 23.00->23.00).
phyopt: round=1 part=high seed=n14210(id=14210 center=14210 R=5 crit=0.800 pot=0.3600)
phyopt: accepted (map area 36158.18->36157.11, delay 23.00->23.00).
phyopt: round=1 part=high seed=n14248(id=14248 center=14248 R=5 crit=0.800 pot=0.3600)
phyopt: accepted (map area 36157.11->36156.85, delay 23.00->23.00).
phyopt: round=1 part=high seed=n14382(id=14382 center=14382 R=5 crit=0.800 pot=0.3600)
phyopt: accepted (map area 36156.85->36152.86, delay 23.00->23.00).
phyopt: round=1 part=high seed=n14468(id=14468 center=14468 R=5 crit=0.800 pot=0.3600)
phyopt: rejected (map area 36152.86->36164.30, delay 23.00->23.00).
phyopt: round=1 part=high seed=n14698(id=14698 center=14698 R=5 crit=0.800 pot=0.3600)
phyopt: accepted (map area 36152.86->36152.33, delay 23.00->23.00).
phyopt: round=1 part=high seed=n14704(id=14704 center=14704 R=5 crit=0.800 pot=0.3600)
phyopt: accepted (map area 36152.33->36148.60, delay 23.00->23.00).
phyopt: round=1 part=high seed=n14774(id=14774 center=14774 R=5 crit=0.800 pot=0.3600)
phyopt: rejected (map area 36148.60->36149.93, delay 23.00->23.00).
phyopt: round=1 part=high seed=n14872(id=14872 center=14872 R=5 crit=0.800 pot=0.3600)
phyopt: accepted (map area 36148.60->36147.54, delay 23.00->23.00).
phyopt: round=1 part=high seed=n14954(id=14954 center=14954 R=5 crit=0.800 pot=0.3600)
phyopt: accepted (map area 36147.54->36146.47, delay 23.00->23.00).
phyopt: round=1 part=high seed=n14957(id=14957 center=14957 R=5 crit=0.800 pot=0.3600)
phyopt: rejected (map area 36146.47->36150.20, delay 23.00->23.00).
phyopt: round=1 part=high seed=n14958(id=14958 center=14958 R=5 crit=0.800 pot=0.3600)
phyopt: accepted (map area 36146.47->36146.21, delay 23.00->23.00).
phyopt: round=1 part=high seed=n14960(id=14960 center=14960 R=5 crit=0.800 pot=0.3600)
phyopt: rejected (map area 36146.21->36166.16, delay 23.00->23.00).
phyopt: round=1 part=high seed=n14961(id=14961 center=14961 R=5 crit=0.800 pot=0.3600)
phyopt: accepted (map area 36146.21->36144.08, delay 23.00->23.00).
phyopt: round=1 part=high seed=n14963(id=14963 center=14963 R=5 crit=0.800 pot=0.3600)
phyopt: accepted (map area 36144.08->36144.08, delay 23.00->23.00).
phyopt: round=1 part=high seed=n14970(id=14970 center=14970 R=5 crit=0.800 pot=0.3600)
phyopt: accepted (map area 36144.08->36144.08, delay 23.00->23.00).
phyopt: round=1 part=low seed=n21917(id=21917 center=21917 R=3 crit=0.000 pot=1.0000)
phyopt: rejected (map area 36144.08->36144.08, delay 23.00->23.00).
phyopt: round=1 part=low seed=n21918(id=21918 center=21918 R=3 crit=0.000 pot=1.0000)
phyopt: accepted (map area 36144.08->36143.55, delay 23.00->23.00).
phyopt: round=1 part=low seed=n22981(id=22981 center=22981 R=3 crit=0.067 pot=0.9867)
phyopt: rejected (map area 36143.55->36143.55, delay 23.00->23.00).
phyopt: round=1 part=low seed=n22982(id=22982 center=22982 R=3 crit=0.067 pot=0.9867)
phyopt: rejected (map area 36143.55->36143.55, delay 23.00->23.00).
phyopt: round=1 part=low seed=n3618(id=3618 center=3618 R=3 crit=0.089 pot=0.9822)
phyopt: rejected (map area 36143.55->36143.55, delay 23.00->23.00).
phyopt: round=1 part=low seed=n3621(id=3621 center=3621 R=3 crit=0.089 pot=0.9822)
phyopt: accepted (map area 36143.55->36143.28, delay 23.00->23.00).
phyopt: round=1 part=low seed=n18229(id=18229 center=18229 R=3 crit=0.089 pot=0.9822)
phyopt: accepted (map area 36143.28->36142.48, delay 23.00->23.00).
phyopt: round=1 part=low seed=n18834(id=18834 center=18834 R=3 crit=0.089 pot=0.9822)
phyopt: rejected (map area 36142.48->36142.48, delay 23.00->23.00).
phyopt: round=1 part=low seed=n18835(id=18835 center=18835 R=3 crit=0.089 pot=0.9822)
phyopt: rejected (map area 36142.48->36142.48, delay 23.00->23.00).
phyopt: round=1 part=low seed=n18836(id=18836 center=18836 R=3 crit=0.089 pot=0.9822)
phyopt: accepted (map area 36142.48->36142.22, delay 23.00->23.00).
phyopt: round=1 part=low seed=n23046(id=23046 center=23046 R=3 crit=0.089 pot=0.9822)
phyopt: rejected (map area 36142.22->36142.22, delay 23.00->23.00).
phyopt: round=1 part=low seed=n23047(id=23047 center=23047 R=3 crit=0.089 pot=0.9822)
phyopt: accepted (map area 36142.22->36141.15, delay 23.00->23.00).
phyopt: round=1 part=low seed=n96(id=96 center=96 R=3 crit=0.111 pot=0.9778)
phyopt: rejected (map area 36141.15->36148.07, delay 23.00->23.00).
phyopt: round=1 part=low seed=n18247(id=18247 center=18247 R=3 crit=0.111 pot=0.9778)
phyopt: rejected (map area 36141.15->36141.15, delay 23.00->23.00).
phyopt: round=1 part=low seed=n97(id=97 center=97 R=3 crit=0.133 pot=0.9733)
phyopt: accepted (map area 36141.15->36140.36, delay 23.00->23.00).
phyopt: round=1 part=low seed=n858(id=858 center=858 R=3 crit=0.133 pot=0.9733)
phyopt: rejected (map area 36140.36->36142.48, delay 23.00->23.00).
phyopt: round=1 part=low seed=n16523(id=16523 center=16523 R=3 crit=0.133 pot=0.9733)
phyopt: accepted (map area 36140.36->36139.56, delay 23.00->23.00).
phyopt: round=1 part=low seed=n16524(id=16524 center=16524 R=3 crit=0.133 pot=0.9733)
phyopt: rejected (map area 36139.56->36139.56, delay 23.00->23.00).
phyopt: round=1 part=low seed=n16764(id=16764 center=16764 R=3 crit=0.133 pot=0.9733)
phyopt: rejected (map area 36139.56->36139.56, delay 23.00->23.00).
phyopt: round=1 part=low seed=n18175(id=18175 center=18175 R=3 crit=0.133 pot=0.9733)
phyopt: rejected (map area 36139.56->36139.56, delay 23.00->23.00).
phyopt: round=1 part=low seed=n18223(id=18223 center=18223 R=3 crit=0.133 pot=0.9733)
phyopt: accepted (map area 36139.56->36138.49, delay 23.00->23.00).
phyopt: round=1 part=low seed=n21603(id=21603 center=21603 R=3 crit=0.133 pot=0.9733)
phyopt: rejected (map area 36138.49->36138.49, delay 23.00->23.00).
phyopt: round=1 part=low seed=n21604(id=21604 center=21604 R=3 crit=0.133 pot=0.9733)
phyopt: rejected (map area 36138.49->36138.49, delay 23.00->23.00).
phyopt: round=1 part=low seed=n22335(id=22335 center=22335 R=3 crit=0.133 pot=0.9733)
phyopt: accepted (map area 36138.49->36137.70, delay 23.00->23.00).
phyopt: round=1 part=low seed=n859(id=859 center=859 R=3 crit=0.156 pot=0.9689)
phyopt: rejected (map area 36137.70->36137.96, delay 23.00->23.00).
phyopt: round=1 part=mid seed=n138(id=138 center=138 R=4 crit=0.311 pot=0.8444)
phyopt: rejected (map area 36137.70->36272.56, delay 23.00->23.00).
phyopt: round=1 part=mid seed=n144(id=144 center=144 R=4 crit=0.311 pot=0.8444)
phyopt: rejected (map area 36137.70->36147.80, delay 23.00->23.00).
phyopt: round=1 part=mid seed=n145(id=145 center=145 R=4 crit=0.311 pot=0.8444)
phyopt: accepted (map area 36137.70->36128.92, delay 23.00->23.00).
phyopt: round=1 part=mid seed=n167(id=167 center=167 R=4 crit=0.311 pot=0.8444)
phyopt: rejected (map area 36128.92->36128.92, delay 23.00->23.00).
phyopt: round=1 part=mid seed=n303(id=303 center=303 R=4 crit=0.311 pot=0.8444)
phyopt: rejected (map area 36128.92->36151.79, delay 23.00->23.00).
phyopt: round=1 part=mid seed=n785(id=785 center=785 R=4 crit=0.311 pot=0.8444)
phyopt: accepted (map area 36128.92->36126.79, delay 23.00->23.00).
phyopt: round=1 part=mid seed=n800(id=800 center=800 R=4 crit=0.311 pot=0.8444)
phyopt: rejected (map area 36126.79->36127.59, delay 23.00->23.00).
phyopt: round=1 part=mid seed=n801(id=801 center=801 R=4 crit=0.311 pot=0.8444)
phyopt: rejected (map area 36126.79->36126.79, delay 23.00->23.00).
phyopt: round=1 part=mid seed=n802(id=802 center=802 R=4 crit=0.311 pot=0.8444)
phyopt: accepted (map area 36126.79->36125.99, delay 23.00->23.00).
phyopt: round=1 part=mid seed=n1216(id=1216 center=1216 R=4 crit=0.311 pot=0.8444)
phyopt: rejected (map area 36125.99->36139.82, delay 23.00->23.00).
phyopt: round=1 part=mid seed=n1217(id=1217 center=1217 R=4 crit=0.311 pot=0.8444)
phyopt: rejected (map area 36125.99->36135.30, delay 23.00->23.00).
phyopt: round=1 part=mid seed=n1219(id=1219 center=1219 R=4 crit=0.311 pot=0.8444)
phyopt: rejected (map area 36125.99->36125.99, delay 23.00->23.00).
phyopt: round=1 part=mid seed=n1223(id=1223 center=1223 R=4 crit=0.311 pot=0.8444)
phyopt: rejected (map area 36125.99->36127.85, delay 23.00->23.00).
phyopt: round=1 part=mid seed=n1224(id=1224 center=1224 R=4 crit=0.311 pot=0.8444)
phyopt: rejected (map area 36125.99->36129.45, delay 23.00->23.00).
phyopt: round=1 part=mid seed=n1225(id=1225 center=1225 R=4 crit=0.311 pot=0.8444)
phyopt: rejected (map area 36125.99->36125.99, delay 23.00->23.00).
phyopt: round=1 part=mid seed=n1230(id=1230 center=1230 R=4 crit=0.311 pot=0.8444)
phyopt: accepted (map area 36125.99->36125.19, delay 23.00->23.00).
phyopt: round=1 part=mid seed=n1337(id=1337 center=1337 R=4 crit=0.311 pot=0.8444)
phyopt: rejected (map area 36125.19->36125.19, delay 23.00->23.00).
phyopt: round=1 part=mid seed=n1637(id=1637 center=1637 R=4 crit=0.311 pot=0.8444)
phyopt: rejected (map area 36125.19->36125.19, delay 23.00->23.00).
phyopt: round=1 part=mid seed=n1638(id=1638 center=1638 R=4 crit=0.311 pot=0.8444)
phyopt: accepted (map area 36125.19->36124.13, delay 23.00->23.00).
phyopt: round=1 part=mid seed=n1644(id=1644 center=1644 R=4 crit=0.311 pot=0.8444)
phyopt: rejected (map area 36124.13->36125.19, delay 23.00->23.00).
phyopt: round=1 part=mid seed=n1645(id=1645 center=1645 R=4 crit=0.311 pot=0.8444)
phyopt: rejected (map area 36124.13->36133.17, delay 23.00->23.00).
phyopt: round=1 part=mid seed=n1646(id=1646 center=1646 R=4 crit=0.311 pot=0.8444)
phyopt: rejected (map area 36124.13->36127.85, delay 23.00->23.00).
phyopt: round=1 part=mid seed=n1647(id=1647 center=1647 R=4 crit=0.311 pot=0.8444)
phyopt: rejected (map area 36124.13->36129.72, delay 23.00->23.00).
phyopt: round=1 part=mid seed=n1654(id=1654 center=1654 R=4 crit=0.311 pot=0.8444)
phyopt: accepted (map area 36124.13->36123.86, delay 23.00->23.00).
phyopt: round=1 part=mid seed=n1659(id=1659 center=1659 R=4 crit=0.311 pot=0.8444)
phyopt: rejected (map area 36123.86->36141.42, delay 23.00->23.00).
phyopt: round=1 part=mid seed=n1661(id=1661 center=1661 R=4 crit=0.311 pot=0.8444)
phyopt: rejected (map area 36123.86->36163.23, delay 23.00->23.00).
phyopt: finished round 1/1.
phyopt: partition summary (tried/accepted):
  high : 18 / 24
  low  : 9 / 25
  mid  : 6 / 26
phyopt: per-part seed coverage (topK means top-5 potential within processed seeds):
  high: seeds=30 tried=24(80.0%) accepted=18(75.0%) skipped(marked=6,low_slack=0) topK(tried=5/5 accepted=3 hit=60.0%)
  low: seeds=30 tried=25(83.3%) accepted=9(36.0%) skipped(marked=5,low_slack=0) topK(tried=5/5 accepted=1 hit=20.0%)
  mid: seeds=30 tried=26(86.7%) accepted=6(23.1%) skipped(marked=4,low_slack=0) topK(tried=4/5 accepted=1 hit=25.0%)
phyopt: rejection reason breakdown:
  - runtime_or_eval_fail : 0
  - policy_tradeoff_reject : 19
  - delay_worse : 0
  - area_worse : 23
  - area_and_delay_worse : 0
  - low_part_delay_budget : 0
phyopt: skipped marked=15 low_slack=<0.10=0
phyopt: done, accepted=33 rejected=42 final_nodes=66502 final_levels=52.
Networks are equivalent.  Time =     7.30 sec
