======== ABC command line "source /tmp/stageW_c3540_w_inv_up_15828.scr"
Warning: Detected 2 multi-output cells (for example, "FA_X1").
mapper_extract: wrote 1157 lines to "/mnt/d/My_abc_work/abc/my_work/ablation_results_stageW/c3540/c3540_w_inv_up.csv".
Loaded 1157 physical records from /mnt/d/My_abc_work/abc/my_work/ablation_results_stageW/c3540/c3540_w_inv_up.csv
Potential rebuilt: alpha(low/mid/high)=0.200/0.500/0.800 avg_struct=0.3640 avg_slack=0.1601 avg_opt_mid=0.2620
Physical records : 1157
Gate summary     : NAND=668 AND=325 INV=164 OTHER=0
Alpha (L/M/H)    : 0.200 / 0.500 / 0.800
StructW(i/p/f/g) : 0.600 / 0.200 / 0.100 / 0.100
phyopt: start rounds=1, criticality partitions high(>=0.900)->low(<=0.250)->mid, window=16.
phyopt: objective=map(area,delay), low-part delay budget=+10% from pre-opt.
phyopt: round=1 partition sizes high=705 low=4 mid=448.
phyopt: round=1 part=high seed=n128(id=128 center=128 R=5 crit=0.925 pot=0.2600)
phyopt: rejected (map area 633.35->636.01, delay 18.00->18.00).
phyopt: round=1 part=high seed=n387(id=387 center=387 R=5 crit=0.925 pot=0.2600)
phyopt: accepted (map area 633.35->629.09, delay 18.00->18.00).
phyopt: round=1 part=high seed=n487(id=487 center=487 R=5 crit=0.925 pot=0.2600)
phyopt: accepted (map area 629.09->626.43, delay 18.00->18.00).
phyopt: round=1 part=high seed=n839(id=839 center=839 R=5 crit=0.925 pot=0.2600)
phyopt: rejected (map area 626.43->620.31, delay 18.00->19.00).
phyopt: round=1 part=high seed=n917(id=917 center=917 R=5 crit=0.925 pot=0.2600)
phyopt: accepted (map area 626.43->610.20, delay 18.00->18.00).
The node "n1075" with ID 1075 is not in the current network.
phyopt: skip seed=n1075 (cannot resolve center node in current AIG).
phyopt: round=1 part=high seed=n102(id=102 center=102 R=5 crit=0.950 pot=0.2400)
phyopt: accepted (map area 610.20->606.48, delay 18.00->18.00).
phyopt: round=1 part=high seed=n131(id=131 center=131 R=5 crit=0.950 pot=0.2400)
phyopt: rejected (map area 606.48->617.12, delay 18.00->18.00).
phyopt: round=1 part=high seed=n259(id=259 center=259 R=5 crit=0.950 pot=0.2400)
phyopt: rejected (map area 606.48->614.99, delay 18.00->18.00).
phyopt: round=1 part=high seed=n420(id=420 center=420 R=5 crit=0.950 pot=0.2400)
phyopt: rejected (map area 606.48->608.87, delay 18.00->18.00).
phyopt: round=1 part=high seed=n772(id=772 center=772 R=5 crit=0.950 pot=0.2400)
phyopt: accepted (map area 606.48->599.30, delay 18.00->18.00).
phyopt: round=1 part=high seed=n816(id=816 center=816 R=5 crit=0.950 pot=0.2400)
phyopt: rejected (map area 599.30->608.34, delay 18.00->18.00).
phyopt: round=1 part=high seed=n271(id=271 center=271 R=5 crit=0.975 pot=0.2200)
phyopt: rejected (map area 599.30->600.10, delay 18.00->18.00).
phyopt: round=1 part=high seed=n313(id=313 center=313 R=5 crit=0.975 pot=0.2200)
phyopt: rejected (map area 599.30->608.34, delay 18.00->18.00).
phyopt: round=1 part=high seed=n355(id=355 center=355 R=5 crit=0.975 pot=0.2200)
phyopt: rejected (map area 599.30->599.56, delay 18.00->18.00).
phyopt: round=1 part=high seed=n683(id=683 center=683 R=5 crit=0.975 pot=0.2200)
phyopt: accepted (map area 599.30->599.30, delay 18.00->18.00).
phyopt: round=1 part=high seed=n980(id=980 center=980 R=5 crit=0.975 pot=0.2200)
phyopt: accepted (map area 599.30->599.30, delay 18.00->18.00).
phyopt: round=1 part=high seed=n981(id=981 center=981 R=5 crit=0.975 pot=0.2200)
phyopt: accepted (map area 599.30->599.30, delay 18.00->18.00).
phyopt: round=1 part=high seed=n995(id=995 center=995 R=5 crit=0.975 pot=0.2200)
phyopt: accepted (map area 599.30->592.91, delay 18.00->18.00).
The node "n1211" with ID 1211 is not in the current network.
phyopt: skip seed=n1211 (cannot resolve center node in current AIG).
The node "n1215" with ID 1215 is not in the current network.
phyopt: skip seed=n1215 (cannot resolve center node in current AIG).
phyopt: round=1 part=high seed=n243(id=243 center=243 R=6 crit=1.000 pot=0.2000)
phyopt: accepted (map area 592.91->630.95, delay 18.00->17.00).
phyopt: round=1 part=high seed=n382(id=382 center=382 R=6 crit=1.000 pot=0.2000)
phyopt: accepted (map area 630.95->630.42, delay 17.00->17.00).
phyopt: round=1 part=high seed=n388(id=388 center=388 R=6 crit=1.000 pot=0.2000)
phyopt: rejected (map area 630.42->636.80, delay 17.00->17.00).
phyopt: round=1 part=high seed=n409(id=409 center=409 R=6 crit=1.000 pot=0.2000)
phyopt: rejected (map area 630.42->634.94, delay 17.00->17.00).
phyopt: round=1 part=high seed=n421(id=421 center=421 R=6 crit=1.000 pot=0.2000)
phyopt: rejected (map area 630.42->621.11, delay 17.00->18.00).
phyopt: round=1 part=high seed=n474(id=474 center=474 R=6 crit=1.000 pot=0.2000)
phyopt: accepted (map area 630.42->600.36, delay 17.00->17.00).
phyopt: round=1 part=high seed=n476(id=476 center=476 R=6 crit=1.000 pot=0.2000)
phyopt: rejected (map area 600.36->603.82, delay 17.00->17.00).
phyopt: round=1 part=high seed=n493(id=493 center=493 R=6 crit=1.000 pot=0.2000)
phyopt: rejected (map area 600.36->630.95, delay 17.00->18.00).
phyopt: round=1 part=high seed=n495(id=495 center=495 R=6 crit=1.000 pot=0.2000)
phyopt: rejected (map area 600.36->628.29, delay 17.00->17.00).
The node "n1121" with ID 1121 is not in the current network.
phyopt: skip seed=n1121 (cannot resolve center node in current AIG).
phyopt: round=1 part=low seed=n644(id=644 center=644 R=3 crit=0.000 pot=0.2702)
phyopt: rejected (map area 600.36->600.36, delay 17.00->17.00).
phyopt: round=1 part=low seed=n643(id=643 center=643 R=3 crit=0.000 pot=0.2249)
phyopt: rejected (map area 600.36->600.36, delay 17.00->17.00).
phyopt: round=1 part=low seed=n642(id=642 center=642 R=3 crit=0.100 pot=0.1989)
phyopt: rejected (map area 600.36->600.36, delay 17.00->17.00).
phyopt: round=1 part=mid seed=n947(id=947 center=947 R=4 crit=0.350 pot=0.8250)
phyopt: rejected (map area 600.36->600.63, delay 17.00->17.00).
phyopt: round=1 part=mid seed=n935(id=935 center=935 R=4 crit=0.375 pot=0.8125)
phyopt: rejected (map area 600.36->600.36, delay 17.00->17.00).
phyopt: round=1 part=mid seed=n627(id=627 center=627 R=4 crit=0.550 pot=0.7250)
phyopt: rejected (map area 600.36->632.28, delay 17.00->17.00).
phyopt: round=1 part=mid seed=n85(id=85 center=85 R=4 crit=0.600 pot=0.7000)
phyopt: rejected (map area 600.36->600.36, delay 17.00->17.00).
phyopt: round=1 part=mid seed=n229(id=229 center=229 R=4 crit=0.600 pot=0.7000)
phyopt: rejected (map area 600.36->638.40, delay 17.00->17.00).
phyopt: round=1 part=mid seed=n733(id=733 center=733 R=4 crit=0.625 pot=0.6875)
phyopt: rejected (map area 600.36->633.61, delay 17.00->17.00).
phyopt: round=1 part=mid seed=n490(id=490 center=490 R=4 crit=0.675 pot=0.6625)
phyopt: rejected (map area 600.36->612.07, delay 17.00->17.00).
phyopt: round=1 part=mid seed=n176(id=176 center=176 R=4 crit=0.750 pot=0.6250)
phyopt: accepted (map area 600.36->595.84, delay 17.00->17.00).
phyopt: round=1 part=mid seed=n928(id=928 center=928 R=4 crit=0.750 pot=0.6250)
phyopt: accepted (map area 595.84->595.57, delay 17.00->17.00).
phyopt: round=1 part=mid seed=n165(id=165 center=165 R=4 crit=0.775 pot=0.6125)
phyopt: rejected (map area 595.57->595.57, delay 17.00->17.00).
phyopt: round=1 part=mid seed=n191(id=191 center=191 R=4 crit=0.775 pot=0.6125)
phyopt: rejected (map area 595.57->596.37, delay 17.00->17.00).
phyopt: round=1 part=mid seed=n782(id=782 center=782 R=4 crit=0.800 pot=0.6000)
phyopt: accepted (map area 595.57->594.78, delay 17.00->17.00).
phyopt: round=1 part=mid seed=n639(id=639 center=639 R=4 crit=0.825 pot=0.5875)
phyopt: accepted (map area 594.78->591.85, delay 17.00->17.00).
phyopt: round=1 part=mid seed=n826(id=826 center=826 R=4 crit=0.825 pot=0.5875)
phyopt: rejected (map area 591.85->594.78, delay 17.00->17.00).
phyopt: round=1 part=mid seed=n970(id=970 center=970 R=4 crit=0.825 pot=0.5875)
phyopt: rejected (map area 591.85->592.91, delay 17.00->17.00).
phyopt: round=1 part=mid seed=n693(id=693 center=693 R=4 crit=0.850 pot=0.5750)
phyopt: rejected (map area 591.85->627.49, delay 17.00->17.00).
phyopt: round=1 part=mid seed=n281(id=281 center=281 R=4 crit=0.875 pot=0.5625)
phyopt: accepted (map area 591.85->591.58, delay 17.00->17.00).
phyopt: round=1 part=mid seed=n323(id=323 center=323 R=4 crit=0.875 pot=0.5625)
phyopt: rejected (map area 591.58->594.51, delay 17.00->17.00).
phyopt: round=1 part=mid seed=n365(id=365 center=365 R=4 crit=0.875 pot=0.5625)
phyopt: rejected (map area 591.58->591.58, delay 17.00->17.00).
phyopt: round=1 part=mid seed=n377(id=377 center=377 R=4 crit=0.875 pot=0.5625)
phyopt: rejected (map area 591.58->591.58, delay 17.00->17.00).
phyopt: round=1 part=mid seed=n416(id=416 center=416 R=4 crit=0.875 pot=0.5625)
phyopt: rejected (map area 591.58->592.91, delay 17.00->17.00).
phyopt: round=1 part=mid seed=n672(id=672 center=672 R=4 crit=0.875 pot=0.5625)
phyopt: rejected (map area 591.58->624.30, delay 17.00->17.00).
The node "n1088" with ID 1088 is not in the current network.
phyopt: skip seed=n1088 (cannot resolve center node in current AIG).
phyopt: round=1 part=mid seed=n645(id=645 center=645 R=4 crit=0.275 pot=0.5445)
phyopt: rejected (map area 591.58->593.98, delay 17.00->17.00).
phyopt: round=1 part=mid seed=n925(id=925 center=925 R=4 crit=0.300 pot=0.5320)
phyopt: rejected (map area 591.58->591.58, delay 17.00->17.00).
phyopt: round=1 part=mid seed=n933(id=933 center=933 R=4 crit=0.300 pot=0.5320)
phyopt: rejected (map area 591.58->591.58, delay 17.00->17.00).
phyopt: round=1 part=mid seed=n1001(id=1001 center=1001 R=4 crit=0.300 pot=0.5320)
Object with ID 1001 is not a node or reg output.
Error: Extracting sequential window has failed.
Error: phyopt: local optimization failed at round 1 part 3. Rolling back.
The node "n1219" with ID 1219 is not in the current network.
phyopt: skip seed=n1219 (cannot resolve center node in current AIG).
The node "n1225" with ID 1225 is not in the current network.
phyopt: skip seed=n1225 (cannot resolve center node in current AIG).
The node "n1221" with ID 1221 is not in the current network.
phyopt: skip seed=n1221 (cannot resolve center node in current AIG).
phyopt: finished round 1/1.
phyopt: partition summary (tried/accepted):
  high : 12 / 27
  low  : 0 / 3
  mid  : 5 / 26
phyopt: per-part seed coverage (topK means top-5 potential within processed seeds):
  high: seeds=30 tried=27(90.0%) accepted=12(44.4%) skipped(marked=0,low_slack=0) topK(tried=5/5 accepted=3 hit=60.0%)
  low: seeds=4 tried=3(75.0%) accepted=0(0.0%) skipped(marked=0,low_slack=0) topK(tried=3/4 accepted=0 hit=0.0%)
  mid: seeds=30 tried=26(86.7%) accepted=5(19.2%) skipped(marked=0,low_slack=0) topK(tried=5/5 accepted=0 hit=0.0%)
phyopt: rejection reason breakdown:
  - runtime_or_eval_fail : 9
  - policy_tradeoff_reject : 10
  - delay_worse : 2
  - area_worse : 25
  - area_and_delay_worse : 1
  - low_part_delay_budget : 0
phyopt: skipped marked=0 low_slack=<0.10=0
phyopt: done, accepted=17 rejected=47 final_nodes=936 final_levels=38.
Networks are equivalent.  Time =     0.10 sec
