======== ABC command line "source /tmp/ablation_ex227_baseline_285.scr"
Warning: Detected 2 multi-output cells (for example, "FA_X1").
mapper_extract: wrote 156329 lines to "/mnt/d/My_abc_work/abc/my_work/ablation_results/ex227/ex227_baseline.csv".
Loaded 156329 physical records from /mnt/d/My_abc_work/abc/my_work/ablation_results/ex227/ex227_baseline.csv
Potential rebuilt: alpha(low/mid/high)=0.200/0.500/0.800 avg_struct=0.7199 avg_slack=0.3029 avg_opt_mid=0.5118
Physical records : 156329
Gate summary     : NAND=119696 AND=31847 INV=4786 OTHER=0
Alpha (L/M/H)    : 0.200 / 0.500 / 0.800
StructW(i/p/f/g) : 0.400 / 0.300 / 0.200 / 0.100
phyopt: start rounds=1, criticality partitions high(>=0.800)->low(<=0.300)->mid, window=16.
phyopt: objective=map(area,delay), low-part delay budget=+10% from pre-opt.
phyopt: round=1 partition sizes high=52764 low=2640 mid=100925.
phyopt: round=1 part=high seed=n7073(id=7073 center=7073 R=5 crit=0.815 pot=0.3481)
phyopt: accepted (map area 83523.20->83499.53, delay 26.00->26.00).
phyopt: round=1 part=high seed=n12014(id=12014 center=12014 R=5 crit=0.815 pot=0.3481)
phyopt: accepted (map area 83499.53->83499.26, delay 26.00->26.00).
phyopt: round=1 part=high seed=n12281(id=12281 center=12281 R=5 crit=0.815 pot=0.3481)
phyopt: rejected (map area 83499.26->83886.56, delay 26.00->26.00).
phyopt: round=1 part=high seed=n29238(id=29238 center=29238 R=5 crit=0.815 pot=0.3481)
phyopt: accepted (map area 83499.26->83499.26, delay 26.00->26.00).
phyopt: round=1 part=high seed=n45267(id=45267 center=45267 R=5 crit=0.815 pot=0.3481)
phyopt: rejected (map area 83499.26->83503.25, delay 26.00->26.00).
phyopt: round=1 part=high seed=n57072(id=57072 center=57072 R=5 crit=0.815 pot=0.3481)
phyopt: accepted (map area 83499.26->83499.00, delay 26.00->26.00).
phyopt: round=1 part=high seed=n57639(id=57639 center=57639 R=5 crit=0.815 pot=0.3481)
phyopt: accepted (map area 83499.00->83497.93, delay 26.00->26.00).
phyopt: round=1 part=high seed=n57754(id=57754 center=57754 R=5 crit=0.815 pot=0.3481)
phyopt: accepted (map area 83497.93->83497.93, delay 26.00->26.00).
phyopt: round=1 part=high seed=n58691(id=58691 center=58691 R=5 crit=0.815 pot=0.3481)
phyopt: rejected (map area 83497.93->83802.24, delay 26.00->26.00).
phyopt: round=1 part=high seed=n63187(id=63187 center=63187 R=5 crit=0.815 pot=0.3481)
phyopt: rejected (map area 83497.93->83916.35, delay 26.00->26.00).
phyopt: round=1 part=high seed=n63732(id=63732 center=63732 R=5 crit=0.815 pot=0.3481)
phyopt: rejected (map area 83497.93->83850.91, delay 26.00->26.00).
phyopt: round=1 part=high seed=n63753(id=63753 center=63753 R=5 crit=0.815 pot=0.3481)
phyopt: rejected (map area 83497.93->83505.91, delay 26.00->26.00).
phyopt: round=1 part=high seed=n68887(id=68887 center=68887 R=5 crit=0.815 pot=0.3481)
phyopt: rejected (map area 83497.93->83499.00, delay 26.00->26.00).
phyopt: round=1 part=high seed=n69692(id=69692 center=69692 R=5 crit=0.815 pot=0.3481)
phyopt: accepted (map area 83497.93->83497.13, delay 26.00->26.00).
phyopt: round=1 part=high seed=n71078(id=71078 center=71078 R=5 crit=0.815 pot=0.3481)
phyopt: rejected (map area 83497.13->83497.93, delay 26.00->26.00).
phyopt: round=1 part=high seed=n81107(id=81107 center=81107 R=5 crit=0.815 pot=0.3481)
phyopt: rejected (map area 83497.13->83497.93, delay 26.00->26.00).
phyopt: round=1 part=high seed=n83080(id=83080 center=83080 R=5 crit=0.815 pot=0.3481)
phyopt: accepted (map area 83497.13->83496.34, delay 26.00->26.00).
phyopt: round=1 part=high seed=n86504(id=86504 center=86504 R=5 crit=0.815 pot=0.3481)
phyopt: accepted (map area 83496.34->83496.07, delay 26.00->26.00).
phyopt: round=1 part=high seed=n92147(id=92147 center=92147 R=5 crit=0.815 pot=0.3481)
phyopt: rejected (map area 83496.07->84364.56, delay 26.00->26.00).
phyopt: round=1 part=high seed=n92323(id=92323 center=92323 R=5 crit=0.815 pot=0.3481)
phyopt: rejected (map area 83496.07->84014.50, delay 26.00->26.00).
phyopt: round=1 part=high seed=n92432(id=92432 center=92432 R=5 crit=0.815 pot=0.3481)
phyopt: rejected (map area 83496.07->83501.39, delay 26.00->26.00).
phyopt: round=1 part=high seed=n93983(id=93983 center=93983 R=5 crit=0.815 pot=0.3481)
phyopt: accepted (map area 83496.07->83496.07, delay 26.00->26.00).
phyopt: round=1 part=high seed=n94033(id=94033 center=94033 R=5 crit=0.815 pot=0.3481)
phyopt: accepted (map area 83496.07->83495.80, delay 26.00->26.00).
phyopt: round=1 part=high seed=n97378(id=97378 center=97378 R=5 crit=0.815 pot=0.3481)
phyopt: accepted (map area 83495.80->83495.80, delay 26.00->26.00).
phyopt: round=1 part=high seed=n97732(id=97732 center=97732 R=5 crit=0.815 pot=0.3481)
phyopt: accepted (map area 83495.80->83495.27, delay 26.00->26.00).
phyopt: round=1 part=high seed=n101174(id=101174 center=101174 R=5 crit=0.815 pot=0.3481)
phyopt: accepted (map area 83495.27->83494.21, delay 26.00->26.00).
phyopt: round=1 part=high seed=n101311(id=101311 center=101311 R=5 crit=0.815 pot=0.3481)
phyopt: accepted (map area 83494.21->83494.21, delay 26.00->26.00).
phyopt: round=1 part=high seed=n101443(id=101443 center=101443 R=5 crit=0.815 pot=0.3481)
phyopt: accepted (map area 83494.21->83493.68, delay 26.00->26.00).
phyopt: round=1 part=high seed=n102628(id=102628 center=102628 R=5 crit=0.815 pot=0.3481)
phyopt: accepted (map area 83493.68->83493.68, delay 26.00->26.00).
phyopt: round=1 part=high seed=n109702(id=109702 center=109702 R=5 crit=0.815 pot=0.3481)
phyopt: accepted (map area 83493.68->83493.14, delay 26.00->26.00).
phyopt: round=1 part=low seed=n45571(id=45571 center=45571 R=3 crit=0.056 pot=0.9889)
phyopt: rejected (map area 83493.14->83493.14, delay 26.00->26.00).
phyopt: round=1 part=low seed=n45645(id=45645 center=45645 R=3 crit=0.111 pot=0.9778)
phyopt: rejected (map area 83493.14->83493.14, delay 26.00->26.00).
phyopt: round=1 part=low seed=n45626(id=45626 center=45626 R=3 crit=0.130 pot=0.9741)
phyopt: rejected (map area 83493.14->83493.14, delay 26.00->26.00).
phyopt: round=1 part=low seed=n45627(id=45627 center=45627 R=3 crit=0.130 pot=0.9741)
phyopt: rejected (map area 83493.14->83493.14, delay 26.00->26.00).
phyopt: round=1 part=low seed=n46141(id=46141 center=46141 R=3 crit=0.130 pot=0.9741)
phyopt: rejected (map area 83493.14->83493.68, delay 26.00->26.00).
phyopt: round=1 part=low seed=n51265(id=51265 center=51265 R=3 crit=0.148 pot=0.9704)
phyopt: accepted (map area 83493.14->83492.88, delay 26.00->26.00).
phyopt: round=1 part=low seed=n38045(id=38045 center=38045 R=3 crit=0.167 pot=0.9667)
phyopt: accepted (map area 83492.88->83492.61, delay 26.00->26.00).
phyopt: round=1 part=low seed=n45858(id=45858 center=45858 R=3 crit=0.167 pot=0.9667)
phyopt: rejected (map area 83492.61->83492.61, delay 26.00->26.00).
phyopt: round=1 part=low seed=n45861(id=45861 center=45861 R=3 crit=0.167 pot=0.9667)
phyopt: accepted (map area 83492.61->83488.89, delay 26.00->26.00).
phyopt: round=1 part=low seed=n72137(id=72137 center=72137 R=3 crit=0.167 pot=0.9667)
phyopt: rejected (map area 83488.89->83488.89, delay 26.00->26.00).
phyopt: round=1 part=low seed=n46355(id=46355 center=46355 R=3 crit=0.185 pot=0.9630)
phyopt: rejected (map area 83488.89->83488.89, delay 26.00->26.00).
phyopt: round=1 part=low seed=n46804(id=46804 center=46804 R=3 crit=0.185 pot=0.9630)
phyopt: rejected (map area 83488.89->83488.89, delay 26.00->26.00).
phyopt: round=1 part=low seed=n46806(id=46806 center=46806 R=3 crit=0.185 pot=0.9630)
phyopt: rejected (map area 83488.89->83488.89, delay 26.00->26.00).
phyopt: round=1 part=low seed=n46811(id=46811 center=46811 R=3 crit=0.185 pot=0.9630)
phyopt: rejected (map area 83488.89->83488.89, delay 26.00->26.00).
phyopt: round=1 part=low seed=n8196(id=8196 center=8196 R=3 crit=0.204 pot=0.9593)
phyopt: accepted (map area 83488.89->83487.82, delay 26.00->26.00).
phyopt: round=1 part=low seed=n45812(id=45812 center=45812 R=3 crit=0.204 pot=0.9593)
phyopt: rejected (map area 83487.82->83487.82, delay 26.00->26.00).
phyopt: round=1 part=low seed=n47005(id=47005 center=47005 R=3 crit=0.204 pot=0.9593)
phyopt: accepted (map area 83487.82->83487.56, delay 26.00->26.00).
phyopt: round=1 part=low seed=n64202(id=64202 center=64202 R=3 crit=0.204 pot=0.9593)
phyopt: accepted (map area 83487.56->83487.03, delay 26.00->26.00).
phyopt: round=1 part=low seed=n76493(id=76493 center=76493 R=3 crit=0.204 pot=0.9593)
phyopt: rejected (map area 83487.03->83487.03, delay 26.00->26.00).
phyopt: round=1 part=low seed=n10889(id=10889 center=10889 R=3 crit=0.222 pot=0.9556)
phyopt: accepted (map area 83487.03->83486.76, delay 26.00->26.00).
phyopt: round=1 part=low seed=n32298(id=32298 center=32298 R=3 crit=0.222 pot=0.9556)
phyopt: rejected (map area 83486.76->83486.76, delay 26.00->26.00).
phyopt: round=1 part=low seed=n33068(id=33068 center=33068 R=3 crit=0.222 pot=0.9556)
phyopt: rejected (map area 83486.76->83486.76, delay 26.00->26.00).
phyopt: round=1 part=low seed=n46549(id=46549 center=46549 R=3 crit=0.222 pot=0.9556)
phyopt: rejected (map area 83486.76->83486.76, delay 26.00->26.00).
phyopt: round=1 part=low seed=n60306(id=60306 center=60306 R=3 crit=0.222 pot=0.9556)
phyopt: rejected (map area 83486.76->83486.76, delay 26.00->26.00).
phyopt: round=1 part=low seed=n76443(id=76443 center=76443 R=3 crit=0.222 pot=0.9556)
phyopt: rejected (map area 83486.76->83486.76, delay 26.00->26.00).
phyopt: round=1 part=low seed=n49123(id=49123 center=49123 R=3 crit=0.241 pot=0.9519)
phyopt: accepted (map area 83486.76->83486.49, delay 26.00->26.00).
phyopt: round=1 part=low seed=n52421(id=52421 center=52421 R=3 crit=0.241 pot=0.9519)
phyopt: rejected (map area 83486.49->83486.49, delay 26.00->26.00).
phyopt: round=1 part=low seed=n60322(id=60322 center=60322 R=3 crit=0.241 pot=0.9519)
phyopt: rejected (map area 83486.49->83486.49, delay 26.00->26.00).
phyopt: round=1 part=low seed=n72277(id=72277 center=72277 R=3 crit=0.241 pot=0.9519)
phyopt: rejected (map area 83486.49->83486.49, delay 26.00->26.00).
phyopt: round=1 part=low seed=n73720(id=73720 center=73720 R=3 crit=0.241 pot=0.9519)
phyopt: accepted (map area 83486.49->83484.63, delay 26.00->26.00).
phyopt: round=1 part=mid seed=n17797(id=17797 center=17797 R=4 crit=0.315 pot=0.8426)
phyopt: rejected (map area 83484.63->83484.63, delay 26.00->26.00).
phyopt: round=1 part=mid seed=n18736(id=18736 center=18736 R=4 crit=0.315 pot=0.8426)
phyopt: accepted (map area 83484.63->83483.57, delay 26.00->26.00).
phyopt: round=1 part=mid seed=n32704(id=32704 center=32704 R=4 crit=0.315 pot=0.8426)
phyopt: rejected (map area 83483.57->83483.57, delay 26.00->26.00).
phyopt: round=1 part=mid seed=n38810(id=38810 center=38810 R=4 crit=0.315 pot=0.8426)
phyopt: rejected (map area 83483.57->83483.57, delay 26.00->26.00).
phyopt: round=1 part=mid seed=n39043(id=39043 center=39043 R=4 crit=0.315 pot=0.8426)
phyopt: rejected (map area 83483.57->83483.57, delay 26.00->26.00).
phyopt: round=1 part=mid seed=n45899(id=45899 center=45899 R=4 crit=0.315 pot=0.8426)
phyopt: rejected (map area 83483.57->83483.57, delay 26.00->26.00).
phyopt: round=1 part=mid seed=n45901(id=45901 center=45901 R=4 crit=0.315 pot=0.8426)
phyopt: rejected (map area 83483.57->83483.57, delay 26.00->26.00).
phyopt: round=1 part=mid seed=n47460(id=47460 center=47460 R=4 crit=0.315 pot=0.8426)
phyopt: rejected (map area 83483.57->83517.62, delay 26.00->26.00).
phyopt: round=1 part=mid seed=n47550(id=47550 center=47550 R=4 crit=0.315 pot=0.8426)
phyopt: rejected (map area 83483.57->83483.57, delay 26.00->26.00).
phyopt: round=1 part=mid seed=n47659(id=47659 center=47659 R=4 crit=0.315 pot=0.8426)
phyopt: rejected (map area 83483.57->83483.57, delay 26.00->26.00).
phyopt: round=1 part=mid seed=n47882(id=47882 center=47882 R=4 crit=0.315 pot=0.8426)
phyopt: accepted (map area 83483.57->83482.24, delay 26.00->26.00).
phyopt: round=1 part=mid seed=n47929(id=47929 center=47929 R=4 crit=0.315 pot=0.8426)
phyopt: rejected (map area 83482.24->83484.37, delay 26.00->26.00).
phyopt: round=1 part=mid seed=n48029(id=48029 center=48029 R=4 crit=0.315 pot=0.8426)
phyopt: accepted (map area 83482.24->83481.97, delay 26.00->26.00).
phyopt: round=1 part=mid seed=n53964(id=53964 center=53964 R=4 crit=0.315 pot=0.8426)
phyopt: rejected (map area 83481.97->83481.97, delay 26.00->26.00).
phyopt: round=1 part=mid seed=n53993(id=53993 center=53993 R=4 crit=0.315 pot=0.8426)
phyopt: rejected (map area 83481.97->83481.97, delay 26.00->26.00).
phyopt: round=1 part=mid seed=n54523(id=54523 center=54523 R=4 crit=0.315 pot=0.8426)
phyopt: rejected (map area 83481.97->83481.97, delay 26.00->26.00).
phyopt: round=1 part=mid seed=n54872(id=54872 center=54872 R=4 crit=0.315 pot=0.8426)
phyopt: accepted (map area 83481.97->83477.72, delay 26.00->26.00).
phyopt: round=1 part=mid seed=n61173(id=61173 center=61173 R=4 crit=0.315 pot=0.8426)
phyopt: rejected (map area 83477.72->83477.72, delay 26.00->26.00).
phyopt: round=1 part=mid seed=n61258(id=61258 center=61258 R=4 crit=0.315 pot=0.8426)
phyopt: accepted (map area 83477.72->83477.18, delay 26.00->26.00).
phyopt: round=1 part=mid seed=n73581(id=73581 center=73581 R=4 crit=0.315 pot=0.8426)
phyopt: accepted (map area 83477.18->83476.92, delay 26.00->26.00).
phyopt: round=1 part=mid seed=n73647(id=73647 center=73647 R=4 crit=0.315 pot=0.8426)
phyopt: accepted (map area 83476.92->83475.59, delay 26.00->26.00).
phyopt: round=1 part=mid seed=n73745(id=73745 center=73745 R=4 crit=0.315 pot=0.8426)
phyopt: rejected (map area 83475.59->83483.04, delay 26.00->26.00).
phyopt: round=1 part=mid seed=n73766(id=73766 center=73766 R=4 crit=0.315 pot=0.8426)
phyopt: rejected (map area 83475.59->83475.59, delay 26.00->26.00).
phyopt: round=1 part=mid seed=n73911(id=73911 center=73911 R=4 crit=0.315 pot=0.8426)
phyopt: rejected (map area 83475.59->83510.70, delay 26.00->26.00).
phyopt: round=1 part=mid seed=n75509(id=75509 center=75509 R=4 crit=0.315 pot=0.8426)
phyopt: rejected (map area 83475.59->83476.12, delay 26.00->26.00).
phyopt: round=1 part=mid seed=n77250(id=77250 center=77250 R=4 crit=0.315 pot=0.8426)
phyopt: rejected (map area 83475.59->83475.59, delay 26.00->26.00).
phyopt: round=1 part=mid seed=n78117(id=78117 center=78117 R=4 crit=0.315 pot=0.8426)
phyopt: rejected (map area 83475.59->83475.59, delay 26.00->26.00).
phyopt: round=1 part=mid seed=n78798(id=78798 center=78798 R=4 crit=0.315 pot=0.8426)
phyopt: rejected (map area 83475.59->83476.39, delay 26.00->26.00).
phyopt: round=1 part=mid seed=n1422(id=1422 center=1422 R=4 crit=0.333 pot=0.8333)
phyopt: rejected (map area 83475.59->83475.59, delay 26.00->26.00).
phyopt: round=1 part=mid seed=n3938(id=3938 center=3938 R=4 crit=0.333 pot=0.8333)
phyopt: rejected (map area 83475.59->83475.59, delay 26.00->26.00).
phyopt: finished round 1/1.
phyopt: partition summary (tried/accepted):
  high : 18 / 30
  low  : 9 / 30
  mid  : 7 / 30
phyopt: per-part seed coverage (topK means top-5 potential within processed seeds):
  high: seeds=30 tried=30(100.0%) accepted=18(60.0%) skipped(marked=0,low_slack=0) topK(tried=5/5 accepted=3 hit=60.0%)
  low: seeds=30 tried=30(100.0%) accepted=9(30.0%) skipped(marked=0,low_slack=0) topK(tried=5/5 accepted=0 hit=0.0%)
  mid: seeds=30 tried=30(100.0%) accepted=7(23.3%) skipped(marked=0,low_slack=0) topK(tried=5/5 accepted=1 hit=20.0%)
phyopt: rejection reason breakdown:
  - runtime_or_eval_fail : 0
  - policy_tradeoff_reject : 37
  - delay_worse : 0
  - area_worse : 19
  - area_and_delay_worse : 0
  - low_part_delay_budget : 0
phyopt: skipped marked=0 low_slack=<0.10=0
phyopt: done, accepted=34 rejected=56 final_nodes=151426 final_levels=61.
Networks are equivalent.  Time =    27.93 sec
