======== ABC command line "source /tmp/dyn_ex211_009_286.scr"
Library "NangateOpenCellLibrary" from "/mnt/d/My_abc_work/abc/my_work/c17_work/NangateOpenCellLibrary_typical.lib" has 90 cells (45 skipped: 21 seq; 6 tri-state; 8 no func; 10 dont_use; 0 with 2 outputs; 0 with 3+ outputs).  Time =     0.23 sec
Warning: Detected 2 multi-output cells (for example, "FA_X1").
mapper_extract: wrote 332 lines to "/mnt/d/My_abc_work/abc/my_work/dynamic_scheduler_work/result/run_iwls26_fit50_collect_20260420_155120/ex211_009/ex211_009_cfg_winvpair_base.csv".
Loaded 332 physical records from /mnt/d/My_abc_work/abc/my_work/dynamic_scheduler_work/result/run_iwls26_fit50_collect_20260420_155120/ex211_009/ex211_009_cfg_winvpair_base.csv
Potential rebuilt: alpha(low/mid/high)=0.300/0.500/0.800 avg_struct=0.6687 avg_slack=0.1924 avg_opt=0.3724
Physical records : 332
Gate summary     : NAND=177 AND=97 INV=58 OTHER=0
Alpha (L/M/H)    : 0.300 / 0.500 / 0.800
StructW(i/p/f/g) : 0.500 / 0.400 / 0.050 / 0.050
phyopt: start rounds=3, criticality partitions high(>=0.900)->low(<=0.250)->mid, window=16, mode=dynamic.
phyopt: objective=delay-non-regression + area minimization (delay_eps=0.001 rel_tol=0 area_eps=0.001 delay_only=off).
phyopt: dynamic scheduler enabled (init=15%, leader=5%, probe=1%, part-stop=10, global-stop=2, L2=off, L2-topk-init=2, L2-topk-step=1).
phyopt: funnel L0=on(keep=80%) L1=on(init=0.200 target=0.45 warmup=12 min_try=16).
phyopt: seq-template adaptive=on warmup_per_part=6 (templates=3).
phyopt: anneal=on(start=1.00 min=0.60 decay=0.850 keep_boost=20 l1_slack=0.200).
phyopt: low-relax radius+0 cuts+0 nodes+0 nodeSize+0 slack_skip_min=0.100 funnel(l0_keep+0% l1_relax=0.000 l2_topk+0).
phyopt: case timeout enabled (180 sec).
phyopt: fit-function on (loaded=no, samples=0, l0_scale=0.35, l1_scale=0.25, coef_file=<builtin>).
phyopt: sample-log /mnt/d/My_abc_work/abc/my_work/model/phy_fit_samples_50.csv (keep_target=28% [35%,95%]).
phyopt: round=1 partition sizes high=101 low=3 mid=228.
phyopt: part=high seed=n101(id=101 center=101 R=6 tpl=0 crit=1.000 pot=0.2000)
phyopt: rejected (map area 231.66->223.46, delay 174.43->188.85).
phyopt: part=high seed=n110(id=110 center=110 R=6 tpl=1 crit=1.000 pot=0.2000)
phyopt: rejected (map area 231.66->198.26, delay 174.43->209.59).
phyopt: part=high seed=n162(id=162 center=162 R=6 tpl=2 crit=1.000 pot=0.2000)
phyopt: rejected (map area 231.66->208.34, delay 174.43->199.60).
phyopt: part=high seed=n201(id=201 center=201 R=6 tpl=0 crit=1.000 pot=0.2000)
phyopt: rejected (map area 231.66->196.70, delay 174.43->199.60).
phyopt: part=high seed=n231(id=231 center=231 R=6 tpl=1 crit=1.000 pot=0.2000)
phyopt: accepted (map area 231.66->230.35, delay 174.43->174.43).
phyopt: part=high seed=n295(id=295 center=295 R=6 tpl=2 crit=1.000 pot=0.2000)
Object with ID 295 is not a node or reg output.
Error: Extracting sequential window has failed.
Error: phyopt: local optimization failed. Rolling back.
phyopt: part=high seed=n304(id=304 center=304 R=6 tpl=1 crit=1.000 pot=0.2000)
Object with ID 304 is not a node or reg output.
Error: Extracting sequential window has failed.
Error: phyopt: local optimization failed. Rolling back.
The node "n317" with ID 317 is not in the current network.
phyopt: skip seed=n317 (cannot resolve center node in current AIG).
The node "n324" with ID 324 is not in the current network.
phyopt: skip seed=n324 (cannot resolve center node in current AIG).
phyopt: part=high seed=n118(id=118 center=118 R=6 tpl=1 crit=1.000 pot=0.1570)
phyopt: rejected (map area 230.35->234.66, delay 174.43->176.31).
phyopt: part=high seed=n126(id=126 center=126 R=6 tpl=0 crit=1.000 pot=0.1570)
phyopt: rejected (map area 230.35->202.52, delay 174.43->189.43).
phyopt: part=high seed=n127(id=127 center=127 R=6 tpl=1 crit=1.000 pot=0.1570)
phyopt: rejected (map area 230.35->237.06, delay 174.43->176.35).
phyopt: part=high seed=n159(id=159 center=159 R=6 tpl=0 crit=1.000 pot=0.1570)
phyopt: rejected (map area 230.35->209.10, delay 174.43->192.69).
phyopt: part=high seed=n160(id=160 center=160 R=6 tpl=2 crit=1.000 pot=0.1570)
phyopt: rejected (map area 230.35->203.47, delay 174.43->196.78).
phyopt: part=high seed=n174(id=174 center=174 R=6 tpl=1 crit=1.000 pot=0.1570)
phyopt: rejected (map area 230.35->222.59, delay 174.43->177.55).
phyopt: part=high seed=n175(id=175 center=175 R=6 tpl=0 crit=1.000 pot=0.1570)
phyopt: rejected (map area 230.35->226.08, delay 174.43->178.82).
phyopt: part=low seed=n75(id=75 center=75 R=3 tpl=0 crit=0.250 pot=0.9250)
phyopt: rejected (map area 230.35->230.35, delay 174.43->174.43).
The node "n319" with ID 319 is not in the current network.
phyopt: skip seed=n319 (cannot resolve center node in current AIG).
phyopt: part=mid seed=n123(id=123 center=123 R=4 tpl=1 crit=0.500 pot=0.7500)
phyopt: rejected (map area 230.35->238.37, delay 174.43->175.12).
phyopt: part=mid seed=n132(id=132 center=132 R=4 tpl=2 crit=0.500 pot=0.7500)
phyopt: rejected (map area 230.35->233.01, delay 174.43->174.43).
phyopt: part=mid seed=n213(id=213 center=213 R=4 tpl=0 crit=0.500 pot=0.7500)
phyopt: rejected (map area 230.35->220.24, delay 174.43->180.30).
phyopt: part=mid seed=n280(id=280 center=280 R=4 tpl=1 crit=0.500 pot=0.7500)
phyopt: rejected (map area 230.35->197.70, delay 174.43->189.88).
phyopt: part=mid seed=n70(id=70 center=70 R=4 tpl=2 crit=0.625 pot=0.6875)
phyopt: rejected (map area 230.35->228.79, delay 174.43->175.76).
phyopt: part=mid seed=n260(id=260 center=260 R=4 tpl=0 crit=0.625 pot=0.6875)
phyopt: rejected (map area 230.35->230.35, delay 174.43->174.43).
The node "n308" with ID 308 is not in the current network.
phyopt: skip seed=n308 (cannot resolve center node in current AIG).
phyopt: part=mid seed=n34(id=34 center=34 R=4 tpl=2 crit=0.750 pot=0.6250)
phyopt: rejected (map area 230.35->230.36, delay 174.43->174.43).
phyopt: part=mid seed=n92(id=92 center=92 R=4 tpl=0 crit=0.750 pot=0.6250)
phyopt: rejected (map area 230.35->230.35, delay 174.43->174.43).
phyopt: part=mid seed=n143(id=143 center=143 R=4 tpl=1 crit=0.750 pot=0.6250)
phyopt: rejected (map area 230.35->230.35, delay 174.43->174.43).
phyopt: part=mid seed=n148(id=148 center=148 R=4 tpl=2 crit=0.750 pot=0.6250)
phyopt: rejected (map area 230.35->231.12, delay 174.43->174.43).
phyopt: part=mid seed=n153(id=153 center=153 R=4 tpl=2 crit=0.750 pot=0.6250)
phyopt: rejected (map area 230.35->231.67, delay 174.43->174.43).
phyopt: part=mid seed=n193(id=193 center=193 R=4 tpl=0 crit=0.750 pot=0.6250)
phyopt: rejected (map area 230.35->230.35, delay 174.43->174.43).
phyopt: part=mid seed=n207(id=207 center=207 R=4 tpl=1 crit=0.750 pot=0.6250)
phyopt: rejected (map area 230.35->233.81, delay 174.43->174.43).
phyopt: part=mid seed=n237(id=237 center=237 R=4 tpl=2 crit=0.750 pot=0.6250)
phyopt: rejected (map area 230.35->199.57, delay 174.43->195.18).
phyopt: part=mid seed=n179(id=179 center=179 R=4 tpl=0 crit=0.375 pot=0.7050)
phyopt: rejected (map area 230.35->217.06, delay 174.43->181.45).
The node "n321" with ID 321 is not in the current network.
phyopt: skip seed=n321 (cannot resolve center node in current AIG).
The node "n357" with ID 357 is not in the current network.
phyopt: skip seed=n357 (cannot resolve center node in current AIG).
phyopt: part=mid seed=n73(id=73 center=73 R=4 tpl=2 crit=0.375 pot=0.6972)
phyopt: rejected (map area 230.35->213.43, delay 174.43->186.00).
The node "n318" with ID 318 is not in the current network.
phyopt: skip seed=n318 (cannot resolve center node in current AIG).
The node "n348" with ID 348 is not in the current network.
phyopt: skip seed=n348 (cannot resolve center node in current AIG).
The node "n353" with ID 353 is not in the current network.
phyopt: skip seed=n353 (cannot resolve center node in current AIG).
phyopt: part=mid seed=n78(id=78 center=78 R=4 tpl=1 crit=0.500 pot=0.6425)
phyopt: rejected (map area 230.35->230.35, delay 174.43->174.43).
phyopt: part=mid seed=n86(id=86 center=86 R=4 tpl=2 crit=0.500 pot=0.6425)
phyopt: rejected (map area 230.35->208.05, delay 174.43->188.83).
phyopt: part=mid seed=n87(id=87 center=87 R=4 tpl=0 crit=0.500 pot=0.6425)
phyopt: rejected (map area 230.35->228.79, delay 174.43->176.64).
phyopt: part=mid seed=n88(id=88 center=88 R=4 tpl=2 crit=0.500 pot=0.6425)
phyopt: rejected (map area 230.35->221.08, delay 174.43->179.88).
phyopt: part=mid seed=n95(id=95 center=95 R=4 tpl=2 crit=0.500 pot=0.6425)
phyopt: rejected (map area 230.35->222.66, delay 174.43->180.65).
phyopt: part=mid seed=n124(id=124 center=124 R=4 tpl=1 crit=0.500 pot=0.6425)
phyopt: rejected (map area 230.35->230.35, delay 174.43->174.43).
phyopt: part=mid seed=n125(id=125 center=125 R=4 tpl=0 crit=0.500 pot=0.6425)
phyopt: accepted (map area 230.35->229.29, delay 174.43->174.43).
phyopt: part=mid seed=n203(id=203 center=203 R=4 tpl=0 crit=0.500 pot=0.6425)
phyopt: rejected (map area 229.29->203.54, delay 174.43->209.59).
phyopt: part=mid seed=n292(id=292 center=292 R=4 tpl=0 crit=0.500 pot=0.6425)
Object with ID 292 is not a node or reg output.
Error: Extracting sequential window has failed.
Error: phyopt: local optimization failed. Rolling back.
phyopt: part=mid seed=n232(id=232 center=232 R=4 tpl=0 crit=0.500 pot=0.6347)
phyopt: rejected (map area 229.29->230.36, delay 174.43->174.43).
phyopt: part=mid seed=n36(id=36 center=36 R=4 tpl=0 crit=0.625 pot=0.5800)
phyopt: rejected (map area 229.29->231.15, delay 174.43->174.43).
phyopt: part=mid seed=n38(id=38 center=38 R=4 tpl=0 crit=0.625 pot=0.5800)
phyopt: rejected (map area 229.29->217.09, delay 174.43->191.60).
phyopt: part=high seed=n181(id=181 center=181 R=6 tpl=1 crit=1.000 pot=0.1570)
phyopt: rejected (map area 229.29->225.30, delay 174.43->177.55).
phyopt: part=high seed=n182(id=182 center=182 R=6 tpl=2 crit=1.000 pot=0.1570)
phyopt: rejected (map area 229.29->229.56, delay 174.43->174.43).
The node "n343" with ID 343 is not in the current network.
phyopt: skip seed=n343 (cannot resolve center node in current AIG).
The node "n337" with ID 337 is not in the current network.
phyopt: skip seed=n337 (cannot resolve center node in current AIG).
phyopt: L0/L1 skips high=0/4 low=0/0 mid=0/18, L1-threshold=0.3016, anneal_temp=1.000.
phyopt: adaptive keep high/low/mid=80%/86%/92%.
phyopt: finished round 1/3.
mapper_extract: wrote 332 lines to "/mnt/d/My_abc_work/abc/my_work/dynamic_scheduler_work/result/run_iwls26_fit50_collect_20260420_155120/ex211_009/ex211_009_cfg_winvpair_base.csv".
Loaded 332 physical records from /mnt/d/My_abc_work/abc/my_work/dynamic_scheduler_work/result/run_iwls26_fit50_collect_20260420_155120/ex211_009/ex211_009_cfg_winvpair_base.csv
Potential rebuilt: alpha(low/mid/high)=0.300/0.500/0.800 avg_struct=0.6687 avg_slack=0.1879 avg_opt=0.3640
phyopt: round=2 partition sizes high=109 low=3 mid=220.
phyopt: part=high seed=n101(id=101 center=101 R=6 tpl=0 crit=1.000 pot=0.2000)
phyopt: rejected (map area 229.29->224.77, delay 174.43->189.82).
phyopt: part=high seed=n136(id=136 center=136 R=6 tpl=1 crit=1.000 pot=0.2000)
phyopt: rejected (map area 229.29->208.33, delay 174.43->199.60).
phyopt: part=high seed=n201(id=201 center=201 R=6 tpl=0 crit=1.000 pot=0.2000)
phyopt: rejected (map area 229.29->200.67, delay 174.43->199.60).
phyopt: part=high seed=n304(id=304 center=304 R=6 tpl=1 crit=1.000 pot=0.2000)
Object with ID 304 is not a node or reg output.
Error: Extracting sequential window has failed.
Error: phyopt: local optimization failed. Rolling back.
The node "n317" with ID 317 is not in the current network.
phyopt: skip seed=n317 (cannot resolve center node in current AIG).
The node "n324" with ID 324 is not in the current network.
phyopt: skip seed=n324 (cannot resolve center node in current AIG).
phyopt: part=high seed=n127(id=127 center=127 R=6 tpl=2 crit=1.000 pot=0.1570)
phyopt: rejected (map area 229.29->237.06, delay 174.43->176.35).
phyopt: part=high seed=n137(id=137 center=137 R=6 tpl=0 crit=1.000 pot=0.1570)
phyopt: rejected (map area 229.29->211.31, delay 174.43->189.44).
phyopt: part=high seed=n159(id=159 center=159 R=6 tpl=1 crit=1.000 pot=0.1570)
phyopt: rejected (map area 229.29->206.94, delay 174.43->192.69).
phyopt: part=high seed=n160(id=160 center=160 R=6 tpl=0 crit=1.000 pot=0.1570)
phyopt: rejected (map area 229.29->221.86, delay 174.43->178.77).
phyopt: part=high seed=n175(id=175 center=175 R=6 tpl=0 crit=1.000 pot=0.1570)
phyopt: rejected (map area 229.29->226.35, delay 174.43->178.82).
phyopt: part=high seed=n176(id=176 center=176 R=6 tpl=2 crit=1.000 pot=0.1570)
phyopt: rejected (map area 229.29->200.09, delay 174.43->189.88).
phyopt: part=low seed=n75(id=75 center=75 R=3 tpl=0 crit=0.250 pot=0.9250)
phyopt: rejected (map area 229.29->229.29, delay 174.43->174.43).
The node "n319" with ID 319 is not in the current network.
phyopt: skip seed=n319 (cannot resolve center node in current AIG).
phyopt: part=mid seed=n113(id=113 center=113 R=4 tpl=0 crit=0.500 pot=0.7500)
phyopt: rejected (map area 229.29->231.15, delay 174.43->174.43).
phyopt: part=mid seed=n132(id=132 center=132 R=4 tpl=0 crit=0.500 pot=0.7500)
phyopt: rejected (map area 229.29->232.21, delay 174.43->174.43).
phyopt: part=mid seed=n213(id=213 center=213 R=4 tpl=2 crit=0.500 pot=0.7500)
phyopt: rejected (map area 229.29->220.78, delay 174.43->180.30).
phyopt: part=mid seed=n284(id=284 center=284 R=4 tpl=0 crit=0.500 pot=0.7500)
phyopt: rejected (map area 229.29->198.23, delay 174.43->189.88).
phyopt: part=mid seed=n70(id=70 center=70 R=4 tpl=2 crit=0.625 pot=0.6875)
phyopt: rejected (map area 229.29->227.98, delay 174.43->175.76).
phyopt: part=mid seed=n260(id=260 center=260 R=4 tpl=0 crit=0.625 pot=0.6875)
phyopt: rejected (map area 229.29->229.29, delay 174.43->174.43).
The node "n308" with ID 308 is not in the current network.
phyopt: skip seed=n308 (cannot resolve center node in current AIG).
phyopt: part=mid seed=n34(id=34 center=34 R=4 tpl=1 crit=0.750 pot=0.6250)
phyopt: accepted (map area 229.29->227.72, delay 174.43->174.43).
phyopt: part=mid seed=n143(id=143 center=143 R=4 tpl=1 crit=0.750 pot=0.6250)
phyopt: rejected (map area 227.72->227.72, delay 174.43->174.43).
phyopt: part=mid seed=n148(id=148 center=148 R=4 tpl=1 crit=0.750 pot=0.6250)
phyopt: rejected (map area 227.72->229.01, delay 174.43->174.43).
phyopt: part=mid seed=n153(id=153 center=153 R=4 tpl=1 crit=0.750 pot=0.6250)
phyopt: rejected (map area 227.72->229.31, delay 174.43->174.43).
phyopt: part=mid seed=n193(id=193 center=193 R=4 tpl=1 crit=0.750 pot=0.6250)
phyopt: rejected (map area 227.72->227.72, delay 174.43->174.43).
phyopt: part=mid seed=n207(id=207 center=207 R=4 tpl=1 crit=0.750 pot=0.6250)
phyopt: rejected (map area 227.72->233.29, delay 174.43->174.43).
phyopt: part=mid seed=n237(id=237 center=237 R=4 tpl=1 crit=0.750 pot=0.6250)
phyopt: rejected (map area 227.72->200.92, delay 174.43->195.18).
phyopt: part=mid seed=n180(id=180 center=180 R=4 tpl=1 crit=0.375 pot=0.7050)
phyopt: rejected (map area 227.72->228.79, delay 174.43->174.43).
The node "n357" with ID 357 is not in the current network.
phyopt: skip seed=n357 (cannot resolve center node in current AIG).
phyopt: part=mid seed=n73(id=73 center=73 R=4 tpl=2 crit=0.375 pot=0.6972)
phyopt: rejected (map area 227.72->216.08, delay 174.43->186.00).
The node "n318" with ID 318 is not in the current network.
phyopt: skip seed=n318 (cannot resolve center node in current AIG).
The node "n348" with ID 348 is not in the current network.
phyopt: skip seed=n348 (cannot resolve center node in current AIG).
The node "n353" with ID 353 is not in the current network.
phyopt: skip seed=n353 (cannot resolve center node in current AIG).
phyopt: part=mid seed=n78(id=78 center=78 R=4 tpl=0 crit=0.500 pot=0.6425)
phyopt: rejected (map area 227.72->227.72, delay 174.43->174.43).
phyopt: part=mid seed=n95(id=95 center=95 R=4 tpl=2 crit=0.500 pot=0.6425)
phyopt: rejected (map area 227.72->223.24, delay 174.43->180.65).
phyopt: part=mid seed=n114(id=114 center=114 R=4 tpl=1 crit=0.500 pot=0.6425)
phyopt: rejected (map area 227.72->228.52, delay 174.43->174.43).
phyopt: part=mid seed=n115(id=115 center=115 R=4 tpl=0 crit=0.500 pot=0.6425)
phyopt: rejected (map area 227.72->228.49, delay 174.43->174.43).
phyopt: part=mid seed=n203(id=203 center=203 R=4 tpl=2 crit=0.500 pot=0.6425)
phyopt: rejected (map area 227.72->210.17, delay 174.43->199.60).
phyopt: part=mid seed=n269(id=269 center=269 R=4 tpl=2 crit=0.500 pot=0.6425)
phyopt: rejected (map area 227.72->211.53, delay 174.43->181.52).
The node "n343" with ID 343 is not in the current network.
phyopt: skip seed=n343 (cannot resolve center node in current AIG).
The node "n337" with ID 337 is not in the current network.
phyopt: skip seed=n337 (cannot resolve center node in current AIG).
phyopt: L0/L1 skips high=1/0 low=0/0 mid=2/10, L1-threshold=0.2781, anneal_temp=0.850.
phyopt: adaptive keep high/low/mid=74%/86%/86%.
phyopt: finished round 2/3.
mapper_extract: wrote 332 lines to "/mnt/d/My_abc_work/abc/my_work/dynamic_scheduler_work/result/run_iwls26_fit50_collect_20260420_155120/ex211_009/ex211_009_cfg_winvpair_base.csv".
Loaded 332 physical records from /mnt/d/My_abc_work/abc/my_work/dynamic_scheduler_work/result/run_iwls26_fit50_collect_20260420_155120/ex211_009/ex211_009_cfg_winvpair_base.csv
Potential rebuilt: alpha(low/mid/high)=0.300/0.500/0.800 avg_struct=0.6687 avg_slack=0.1890 avg_opt=0.3646
phyopt: round=3 partition sizes high=109 low=3 mid=220.
phyopt: part=high seed=n101(id=101 center=101 R=6 tpl=1 crit=1.000 pot=0.2000)
phyopt: rejected (map area 227.72->210.40, delay 174.43->196.71).
phyopt: part=high seed=n136(id=136 center=136 R=6 tpl=0 crit=1.000 pot=0.2000)
phyopt: rejected (map area 227.72->201.98, delay 174.43->199.60).
phyopt: part=high seed=n201(id=201 center=201 R=6 tpl=0 crit=1.000 pot=0.2000)
phyopt: rejected (map area 227.72->216.33, delay 174.43->188.85).
phyopt: part=high seed=n304(id=304 center=304 R=6 tpl=1 crit=1.000 pot=0.2000)
Object with ID 304 is not a node or reg output.
Error: Extracting sequential window has failed.
Error: phyopt: local optimization failed. Rolling back.
The node "n317" with ID 317 is not in the current network.
phyopt: skip seed=n317 (cannot resolve center node in current AIG).
The node "n324" with ID 324 is not in the current network.
phyopt: skip seed=n324 (cannot resolve center node in current AIG).
phyopt: part=high seed=n127(id=127 center=127 R=6 tpl=2 crit=1.000 pot=0.1570)
phyopt: rejected (map area 227.72->237.61, delay 174.43->176.35).
phyopt: part=high seed=n137(id=137 center=137 R=6 tpl=0 crit=1.000 pot=0.1570)
phyopt: rejected (map area 227.72->211.31, delay 174.43->189.44).
phyopt: part=high seed=n159(id=159 center=159 R=6 tpl=0 crit=1.000 pot=0.1570)
phyopt: rejected (map area 227.72->210.98, delay 174.43->192.69).
phyopt: part=high seed=n160(id=160 center=160 R=6 tpl=1 crit=1.000 pot=0.1570)
phyopt: rejected (map area 227.72->210.12, delay 174.43->192.69).
phyopt: part=high seed=n175(id=175 center=175 R=6 tpl=0 crit=1.000 pot=0.1570)
phyopt: rejected (map area 227.72->226.89, delay 174.43->178.82).
phyopt: part=low seed=n84(id=84 center=84 R=3 tpl=0 crit=0.250 pot=0.9250)
phyopt: rejected (map area 227.72->227.98, delay 174.43->174.43).
The node "n319" with ID 319 is not in the current network.
phyopt: skip seed=n319 (cannot resolve center node in current AIG).
phyopt: part=mid seed=n113(id=113 center=113 R=4 tpl=0 crit=0.500 pot=0.7500)
phyopt: rejected (map area 227.72->227.72, delay 174.43->174.43).
phyopt: part=mid seed=n132(id=132 center=132 R=4 tpl=1 crit=0.500 pot=0.7500)
phyopt: rejected (map area 227.72->231.19, delay 174.43->174.43).
phyopt: part=mid seed=n213(id=213 center=213 R=4 tpl=2 crit=0.500 pot=0.7500)
phyopt: rejected (map area 227.72->221.32, delay 174.43->180.30).
phyopt: part=mid seed=n284(id=284 center=284 R=4 tpl=0 crit=0.500 pot=0.7500)
phyopt: rejected (map area 227.72->200.09, delay 174.43->189.88).
phyopt: part=mid seed=n70(id=70 center=70 R=4 tpl=2 crit=0.625 pot=0.6875)
phyopt: rejected (map area 227.72->227.47, delay 174.43->175.76).
phyopt: part=mid seed=n262(id=262 center=262 R=4 tpl=1 crit=0.625 pot=0.6875)
phyopt: rejected (map area 227.72->227.72, delay 174.43->174.43).
The node "n308" with ID 308 is not in the current network.
phyopt: skip seed=n308 (cannot resolve center node in current AIG).
phyopt: part=mid seed=n143(id=143 center=143 R=4 tpl=0 crit=0.750 pot=0.6250)
phyopt: rejected (map area 227.72->227.72, delay 174.43->174.43).
phyopt: part=mid seed=n148(id=148 center=148 R=4 tpl=2 crit=0.750 pot=0.6250)
phyopt: rejected (map area 227.72->229.01, delay 174.43->174.43).
phyopt: part=mid seed=n153(id=153 center=153 R=4 tpl=2 crit=0.750 pot=0.6250)
phyopt: rejected (map area 227.72->229.31, delay 174.43->174.43).
phyopt: part=mid seed=n193(id=193 center=193 R=4 tpl=0 crit=0.750 pot=0.6250)
phyopt: rejected (map area 227.72->227.72, delay 174.43->174.43).
phyopt: part=mid seed=n207(id=207 center=207 R=4 tpl=1 crit=0.750 pot=0.6250)
phyopt: rejected (map area 227.72->233.29, delay 174.43->174.43).
phyopt: part=mid seed=n237(id=237 center=237 R=4 tpl=2 crit=0.750 pot=0.6250)
phyopt: rejected (map area 227.72->200.37, delay 174.43->195.18).
phyopt: part=mid seed=n180(id=180 center=180 R=4 tpl=2 crit=0.375 pot=0.7050)
phyopt: rejected (map area 227.72->229.34, delay 174.43->175.87).
The node "n357" with ID 357 is not in the current network.
phyopt: skip seed=n357 (cannot resolve center node in current AIG).
phyopt: part=mid seed=n73(id=73 center=73 R=4 tpl=0 crit=0.375 pot=0.6972)
phyopt: rejected (map area 227.72->216.08, delay 174.43->186.00).
The node "n318" with ID 318 is not in the current network.
phyopt: skip seed=n318 (cannot resolve center node in current AIG).
The node "n348" with ID 348 is not in the current network.
phyopt: skip seed=n348 (cannot resolve center node in current AIG).
The node "n353" with ID 353 is not in the current network.
phyopt: skip seed=n353 (cannot resolve center node in current AIG).
phyopt: part=mid seed=n87(id=87 center=87 R=4 tpl=2 crit=0.500 pot=0.6425)
phyopt: rejected (map area 227.72->224.80, delay 174.43->176.64).
phyopt: part=mid seed=n95(id=95 center=95 R=4 tpl=1 crit=0.500 pot=0.6425)
phyopt: rejected (map area 227.72->223.24, delay 174.43->180.65).
phyopt: part=high seed=n183(id=183 center=183 R=6 tpl=0 crit=1.000 pot=0.1570)
phyopt: rejected (map area 227.72->228.01, delay 174.43->176.64).
phyopt: part=high seed=n184(id=184 center=184 R=6 tpl=2 crit=1.000 pot=0.1570)
phyopt: rejected (map area 227.72->231.99, delay 174.43->174.43).
The node "n343" with ID 343 is not in the current network.
phyopt: skip seed=n343 (cannot resolve center node in current AIG).
The node "n337" with ID 337 is not in the current network.
phyopt: skip seed=n337 (cannot resolve center node in current AIG).
phyopt: L0/L1 skips high=2/0 low=0/0 mid=4/6, L1-threshold=0.3080, anneal_temp=0.723.
phyopt: adaptive keep high/low/mid=68%/86%/74%.
phyopt: finished round 3/3.
phyopt: partition summary (tried/accepted):
  high : 1 / 37
  low  : 0 / 3
  mid  : 2 / 65
phyopt: per-part seed coverage (topK means top-5 potential within processed seeds):
  high: seeds=319 tried=37(11.6%) accepted=1(2.7%) skipped(marked=8,low_slack=0) topK(tried=11/15 accepted=1 hit=9.1%)
  low: seeds=9 tried=3(33.3%) accepted=0(0.0%) skipped(marked=0,low_slack=0) topK(tried=3/3 accepted=0 hit=0.0%)
  mid: seeds=668 tried=65(9.7%) accepted=2(3.1%) skipped(marked=1,low_slack=0) topK(tried=12/15 accepted=0 hit=0.0%)
phyopt: sequence template stats by partition (template_id: accepted/tried):
  high: t0=0/16 t1=1/13 t2=0/8
  low: t0=0/3 t1=0/0 t2=0/0
  mid: t0=1/23 t1=1/19 t2=0/23
phyopt: rejection reason breakdown:
  - runtime_or_eval_fail : 36
  - policy_tradeoff_reject : 16
  - delay_worse : 0
  - area_worse : 22
  - area_and_delay_worse : 7
  - delay_guard_violation : 52
phyopt: skipped marked=9 low_slack=<0.10=0
phyopt: done, accepted=3 rejected=133 final_nodes=274 final_levels=10.
[1;37miwls26/results/ex211_009      :[0m i/o =   16/   16  lat =    0  nd =   240  edge =    603  area =227.72  delay =174.43  lev = 7
