======== ABC command line "source /tmp/ex208_013_optimized_306.scr"
Library "NangateOpenCellLibrary" from "/mnt/d/My_abc_work/abc/my_work/c17_work/NangateOpenCellLibrary_typical.lib" has 90 cells (45 skipped: 21 seq; 6 tri-state; 8 no func; 10 dont_use; 0 with 2 outputs; 0 with 3+ outputs).  Time =     0.11 sec
Warning: Detected 2 multi-output cells (for example, "FA_X1").
mapper_extract: wrote 3274 lines to "/mnt/d/My_abc_work/abc/my_work/dynamic_scheduler_work/result/run_iwls26_model_equiv_adaptseq_20260415_204312/ex208_013/ex208_013_phy.csv".
Loaded 3274 physical records from /mnt/d/My_abc_work/abc/my_work/dynamic_scheduler_work/result/run_iwls26_model_equiv_adaptseq_20260415_204312/ex208_013/ex208_013_phy.csv
Potential rebuilt: alpha(low/mid/high)=0.300/0.500/0.800 avg_struct=0.6771 avg_slack=0.1679 avg_opt=0.3336
Physical records : 3274
Gate summary     : NAND=1889 AND=949 INV=436 OTHER=0
Alpha (L/M/H)    : 0.300 / 0.500 / 0.800
StructW(i/p/f/g) : 0.500 / 0.400 / 0.050 / 0.050
phyopt: start rounds=3, criticality partitions high(>=0.900)->low(<=0.250)->mid, window=16, mode=dynamic.
phyopt: objective=delay-non-regression + area minimization (delay_eps=0.001 rel_tol=0 area_eps=0.001 delay_only=off).
phyopt: dynamic scheduler enabled (init=15%, leader=5%, probe=1%, part-stop=10, global-stop=2, L2=off, L2-topk-init=2, L2-topk-step=1).
phyopt: funnel L0=on(keep=80%) L1=on(init=0.200 target=0.45 warmup=12 min_try=16).
phyopt: seq-template adaptive=on warmup_per_part=6 (templates=3).
phyopt: anneal=on(start=1.00 min=0.60 decay=0.850 keep_boost=20 l1_slack=0.200).
phyopt: case timeout enabled (300 sec).
phyopt: micro-model on (loaded=yes, samples=2880, blendL0=0.45, blendL1=0.30, keep_target=28% [35%,95%]).
phyopt: round=1 partition sizes high=1659 low=7 mid=1608.
phyopt: part=high seed=n46(id=46 center=46 R=5 tpl=0 crit=0.900 pot=0.2800)
phyopt: accepted (map area 1982.18->1979.04, delay 264.27->264.27).
phyopt: part=high seed=n180(id=180 center=180 R=5 tpl=1 crit=0.900 pot=0.2800)
phyopt: rejected (map area 1979.04->1963.84, delay 264.27->266.01).
phyopt: part=high seed=n199(id=199 center=199 R=5 tpl=2 crit=0.900 pot=0.2800)
phyopt: rejected (map area 1979.04->1955.12, delay 264.27->269.26).
phyopt: part=high seed=n200(id=200 center=200 R=5 tpl=0 crit=0.900 pot=0.2800)
phyopt: rejected (map area 1979.04->1957.77, delay 264.27->268.53).
phyopt: part=high seed=n235(id=235 center=235 R=5 tpl=1 crit=0.900 pot=0.2800)
phyopt: rejected (map area 1979.04->1954.65, delay 264.27->269.68).
phyopt: part=high seed=n333(id=333 center=333 R=5 tpl=2 crit=0.900 pot=0.2800)
phyopt: accepted (map area 1979.04->1978.80, delay 264.27->264.27).
phyopt: part=high seed=n541(id=541 center=541 R=5 tpl=0 crit=0.900 pot=0.2800)
phyopt: rejected (map area 1978.80->1979.07, delay 264.27->264.27).
phyopt: part=high seed=n614(id=614 center=614 R=5 tpl=2 crit=0.900 pot=0.2800)
phyopt: rejected (map area 1978.80->1969.96, delay 264.27->265.67).
phyopt: part=high seed=n663(id=663 center=663 R=5 tpl=0 crit=0.900 pot=0.2800)
phyopt: rejected (map area 1978.80->1979.07, delay 264.27->264.27).
phyopt: part=high seed=n669(id=669 center=669 R=5 tpl=2 crit=0.900 pot=0.2800)
phyopt: rejected (map area 1978.80->1970.80, delay 264.27->264.55).
phyopt: part=high seed=n751(id=751 center=751 R=5 tpl=0 crit=0.900 pot=0.2800)
phyopt: rejected (map area 1978.80->1972.63, delay 264.27->264.55).
phyopt: part=high seed=n799(id=799 center=799 R=5 tpl=2 crit=0.900 pot=0.2800)
phyopt: rejected (map area 1978.80->1970.07, delay 264.27->265.02).
phyopt: part=high seed=n802(id=802 center=802 R=5 tpl=0 crit=0.900 pot=0.2800)
phyopt: rejected (map area 1978.80->1974.04, delay 264.27->264.55).
phyopt: part=high seed=n836(id=836 center=836 R=5 tpl=0 crit=0.900 pot=0.2800)
phyopt: rejected (map area 1978.80->1986.27, delay 264.27->264.27).
phyopt: part=high seed=n854(id=854 center=854 R=5 tpl=2 crit=0.900 pot=0.2800)
phyopt: rejected (map area 1978.80->1979.34, delay 264.27->264.27).
phyopt: part=high seed=n876(id=876 center=876 R=5 tpl=0 crit=0.900 pot=0.2800)
phyopt: rejected (map area 1978.80->1961.01, delay 264.27->268.30).
phyopt: part=low seed=n2354(id=2354 center=2354 R=3 tpl=0 crit=0.000 pot=0.8501)
phyopt: rejected (map area 1978.80->1978.80, delay 264.27->264.27).
The node "n2903" with ID 2903 is not in the current network.
phyopt: skip seed=n2903 (cannot resolve center node in current AIG).
phyopt: part=mid seed=n1153(id=1153 center=1153 R=4 tpl=0 crit=0.300 pot=0.8500)
phyopt: rejected (map area 1978.80->1978.80, delay 264.27->264.27).
phyopt: part=mid seed=n2767(id=2767 center=2767 R=4 tpl=1 crit=0.300 pot=0.8500)
phyopt: rejected (map area 1978.80->1982.49, delay 264.27->264.27).
phyopt: part=mid seed=n1216(id=1216 center=1216 R=4 tpl=2 crit=0.400 pot=0.8000)
phyopt: rejected (map area 1978.80->1980.66, delay 264.27->264.27).
phyopt: part=mid seed=n1322(id=1322 center=1322 R=4 tpl=0 crit=0.500 pot=0.7500)
phyopt: accepted (map area 1978.80->1978.54, delay 264.27->264.27).
phyopt: part=mid seed=n2355(id=2355 center=2355 R=4 tpl=1 crit=0.500 pot=0.7500)
phyopt: rejected (map area 1978.54->1983.57, delay 264.27->264.27).
phyopt: part=mid seed=n2740(id=2740 center=2740 R=4 tpl=2 crit=0.500 pot=0.7500)
phyopt: accepted (map area 1978.54->1977.45, delay 264.27->264.27).
The node "n2872" with ID 2872 is not in the current network.
phyopt: skip seed=n2872 (cannot resolve center node in current AIG).
The node "n2884" with ID 2884 is not in the current network.
phyopt: skip seed=n2884 (cannot resolve center node in current AIG).
The node "n2886" with ID 2886 is not in the current network.
phyopt: skip seed=n2886 (cannot resolve center node in current AIG).
The node "n2891" with ID 2891 is not in the current network.
phyopt: skip seed=n2891 (cannot resolve center node in current AIG).
The node "n2920" with ID 2920 is not in the current network.
phyopt: skip seed=n2920 (cannot resolve center node in current AIG).
The node "n3125" with ID 3125 is not in the current network.
phyopt: skip seed=n3125 (cannot resolve center node in current AIG).
The node "n3163" with ID 3163 is not in the current network.
phyopt: skip seed=n3163 (cannot resolve center node in current AIG).
phyopt: part=mid seed=n493(id=493 center=493 R=4 tpl=2 crit=0.600 pot=0.7000)
phyopt: rejected (map area 1977.45->1977.45, delay 264.27->264.27).
phyopt: part=mid seed=n827(id=827 center=827 R=4 tpl=0 crit=0.600 pot=0.7000)
phyopt: rejected (map area 1977.45->1962.81, delay 264.27->265.67).
phyopt: part=mid seed=n1321(id=1321 center=1321 R=4 tpl=2 crit=0.600 pot=0.7000)
phyopt: accepted (map area 1977.45->1973.53, delay 264.27->264.27).
phyopt: part=mid seed=n1435(id=1435 center=1435 R=4 tpl=2 crit=0.600 pot=0.7000)
phyopt: rejected (map area 1973.53->1982.78, delay 264.27->265.22).
phyopt: part=mid seed=n1729(id=1729 center=1729 R=4 tpl=2 crit=0.600 pot=0.7000)
phyopt: rejected (map area 1973.53->1984.56, delay 264.27->264.27).
phyopt: part=mid seed=n1755(id=1755 center=1755 R=4 tpl=2 crit=0.600 pot=0.7000)
phyopt: rejected (map area 1973.53->1974.08, delay 264.27->264.27).
phyopt: part=mid seed=n2312(id=2312 center=2312 R=4 tpl=0 crit=0.600 pot=0.7000)
phyopt: rejected (map area 1973.53->1973.53, delay 264.27->264.27).
phyopt: part=mid seed=n2825(id=2825 center=2825 R=4 tpl=2 crit=0.600 pot=0.7000)
phyopt: rejected (map area 1973.53->1975.13, delay 264.27->264.27).
phyopt: part=mid seed=n2827(id=2827 center=2827 R=4 tpl=0 crit=0.600 pot=0.7000)
phyopt: accepted (map area 1973.53->1972.73, delay 264.27->264.27).
The node "n2879" with ID 2879 is not in the current network.
phyopt: skip seed=n2879 (cannot resolve center node in current AIG).
The node "n2887" with ID 2887 is not in the current network.
phyopt: skip seed=n2887 (cannot resolve center node in current AIG).
The node "n3050" with ID 3050 is not in the current network.
phyopt: skip seed=n3050 (cannot resolve center node in current AIG).
The node "n3084" with ID 3084 is not in the current network.
phyopt: skip seed=n3084 (cannot resolve center node in current AIG).
phyopt: part=mid seed=n427(id=427 center=427 R=4 tpl=0 crit=0.700 pot=0.6500)
phyopt: rejected (map area 1972.73->1976.21, delay 264.27->264.27).
phyopt: part=low seed=n767(id=767 center=767 R=3 tpl=2 crit=0.100 pot=0.8201)
phyopt: rejected (map area 1972.73->1972.73, delay 264.27->264.27).
phyopt: part=low seed=n128(id=128 center=128 R=3 tpl=0 crit=0.200 pot=0.7901)
phyopt: rejected (map area 1972.73->1979.35, delay 264.27->264.27).
phyopt: L0/L1 skips high=0/267 low=0/0 mid=0/249, L1-threshold=0.3125, anneal_temp=1.000.
phyopt: adaptive keep high/low/mid=95%/62%/95%.
phyopt: finished round 1/3.
mapper_extract: wrote 3274 lines to "/mnt/d/My_abc_work/abc/my_work/dynamic_scheduler_work/result/run_iwls26_model_equiv_adaptseq_20260415_204312/ex208_013/ex208_013_phy.csv".
Loaded 3274 physical records from /mnt/d/My_abc_work/abc/my_work/dynamic_scheduler_work/result/run_iwls26_model_equiv_adaptseq_20260415_204312/ex208_013/ex208_013_phy.csv
Potential rebuilt: alpha(low/mid/high)=0.300/0.500/0.800 avg_struct=0.6771 avg_slack=0.1938 avg_opt=0.3685
phyopt: round=2 partition sizes high=1290 low=3 mid=1981.
phyopt: part=high seed=n119(id=119 center=119 R=5 tpl=1 crit=0.909 pot=0.2727)
phyopt: rejected (map area 1972.73->1982.80, delay 264.27->264.27).
phyopt: part=high seed=n170(id=170 center=170 R=5 tpl=2 crit=0.909 pot=0.2727)
phyopt: rejected (map area 1972.73->1975.33, delay 264.27->264.27).
phyopt: part=high seed=n199(id=199 center=199 R=5 tpl=0 crit=0.909 pot=0.2727)
phyopt: rejected (map area 1972.73->1980.07, delay 264.27->265.91).
phyopt: part=high seed=n200(id=200 center=200 R=5 tpl=2 crit=0.909 pot=0.2727)
phyopt: rejected (map area 1972.73->1960.47, delay 264.27->268.53).
phyopt: part=high seed=n231(id=231 center=231 R=5 tpl=0 crit=0.909 pot=0.2727)
phyopt: rejected (map area 1972.73->1958.85, delay 264.27->268.42).
phyopt: part=high seed=n541(id=541 center=541 R=5 tpl=0 crit=0.909 pot=0.2727)
phyopt: rejected (map area 1972.73->1972.99, delay 264.27->264.27).
phyopt: part=high seed=n614(id=614 center=614 R=5 tpl=2 crit=0.909 pot=0.2727)
phyopt: rejected (map area 1972.73->1967.82, delay 264.27->265.67).
phyopt: part=high seed=n663(id=663 center=663 R=5 tpl=1 crit=0.909 pot=0.2727)
phyopt: accepted (map area 1972.73->1970.65, delay 264.27->264.27).
phyopt: part=high seed=n669(id=669 center=669 R=5 tpl=1 crit=0.909 pot=0.2727)
phyopt: rejected (map area 1970.65->1971.70, delay 264.27->264.55).
phyopt: part=high seed=n754(id=754 center=754 R=5 tpl=1 crit=0.909 pot=0.2727)
phyopt: rejected (map area 1970.65->1980.15, delay 264.27->264.27).
phyopt: part=high seed=n799(id=799 center=799 R=5 tpl=1 crit=0.909 pot=0.2727)
phyopt: rejected (map area 1970.65->1965.01, delay 264.27->266.39).
phyopt: part=high seed=n802(id=802 center=802 R=5 tpl=1 crit=0.909 pot=0.2727)
phyopt: rejected (map area 1970.65->1976.18, delay 264.27->264.55).
phyopt: part=high seed=n836(id=836 center=836 R=5 tpl=0 crit=0.909 pot=0.2727)
phyopt: rejected (map area 1970.65->1971.43, delay 264.27->264.27).
phyopt: part=high seed=n847(id=847 center=847 R=5 tpl=2 crit=0.909 pot=0.2727)
phyopt: rejected (map area 1970.65->1963.66, delay 264.27->266.71).
phyopt: part=high seed=n876(id=876 center=876 R=5 tpl=1 crit=0.909 pot=0.2727)
phyopt: rejected (map area 1970.65->1976.48, delay 264.27->264.27).
phyopt: part=high seed=n949(id=949 center=949 R=5 tpl=0 crit=0.909 pot=0.2727)
phyopt: accepted (map area 1970.65->1969.84, delay 264.27->264.27).
phyopt: part=low seed=n2354(id=2354 center=2354 R=3 tpl=1 crit=0.000 pot=0.8501)
phyopt: rejected (map area 1969.84->1969.84, delay 264.27->264.27).
phyopt: part=mid seed=n1153(id=1153 center=1153 R=4 tpl=0 crit=0.364 pot=0.8182)
phyopt: accepted (map area 1969.84->1968.52, delay 264.27->264.27).
phyopt: part=mid seed=n2767(id=2767 center=2767 R=4 tpl=0 crit=0.364 pot=0.8182)
phyopt: rejected (map area 1968.52->1968.79, delay 264.27->264.27).
phyopt: part=mid seed=n1216(id=1216 center=1216 R=4 tpl=0 crit=0.455 pot=0.7727)
phyopt: rejected (map area 1968.52->1980.17, delay 264.27->264.27).
phyopt: part=mid seed=n1755(id=1755 center=1755 R=4 tpl=0 crit=0.455 pot=0.7727)
phyopt: rejected (map area 1968.52->1966.14, delay 264.27->264.55).
phyopt: part=mid seed=n2355(id=2355 center=2355 R=4 tpl=2 crit=0.455 pot=0.7727)
phyopt: rejected (map area 1968.52->1969.62, delay 264.27->264.27).
phyopt: part=mid seed=n1435(id=1435 center=1435 R=4 tpl=0 crit=0.545 pot=0.7273)
phyopt: rejected (map area 1968.52->1968.76, delay 264.27->264.27).
phyopt: part=mid seed=n1729(id=1729 center=1729 R=4 tpl=2 crit=0.545 pot=0.7273)
phyopt: rejected (map area 1968.52->1959.66, delay 264.27->267.89).
phyopt: part=mid seed=n1938(id=1938 center=1938 R=4 tpl=0 crit=0.545 pot=0.7273)
phyopt: rejected (map area 1968.52->1970.34, delay 264.27->264.27).
phyopt: part=mid seed=n2087(id=2087 center=2087 R=4 tpl=2 crit=0.545 pot=0.7273)
phyopt: rejected (map area 1968.52->1973.68, delay 264.27->264.27).
phyopt: part=mid seed=n2096(id=2096 center=2096 R=4 tpl=0 crit=0.545 pot=0.7273)
phyopt: rejected (map area 1968.52->1968.52, delay 264.27->264.27).
phyopt: part=mid seed=n2312(id=2312 center=2312 R=4 tpl=2 crit=0.545 pot=0.7273)
phyopt: rejected (map area 1968.52->1969.05, delay 264.27->264.27).
phyopt: part=mid seed=n2411(id=2411 center=2411 R=4 tpl=0 crit=0.545 pot=0.7273)
phyopt: rejected (map area 1968.52->1968.80, delay 264.27->264.27).
phyopt: part=mid seed=n2744(id=2744 center=2744 R=4 tpl=1 crit=0.545 pot=0.7273)
phyopt: rejected (map area 1968.52->1957.57, delay 264.27->266.39).
The node "n2872" with ID 2872 is not in the current network.
phyopt: skip seed=n2872 (cannot resolve center node in current AIG).
The node "n2884" with ID 2884 is not in the current network.
phyopt: skip seed=n2884 (cannot resolve center node in current AIG).
The node "n2886" with ID 2886 is not in the current network.
phyopt: skip seed=n2886 (cannot resolve center node in current AIG).
The node "n2891" with ID 2891 is not in the current network.
phyopt: skip seed=n2891 (cannot resolve center node in current AIG).
The node "n2920" with ID 2920 is not in the current network.
phyopt: skip seed=n2920 (cannot resolve center node in current AIG).
The node "n3125" with ID 3125 is not in the current network.
phyopt: skip seed=n3125 (cannot resolve center node in current AIG).
The node "n3163" with ID 3163 is not in the current network.
phyopt: skip seed=n3163 (cannot resolve center node in current AIG).
phyopt: part=mid seed=n493(id=493 center=493 R=4 tpl=2 crit=0.636 pot=0.6818)
phyopt: rejected (map area 1968.52->1971.14, delay 264.27->264.27).
phyopt: part=mid seed=n827(id=827 center=827 R=4 tpl=0 crit=0.636 pot=0.6818)
phyopt: rejected (map area 1968.52->1968.52, delay 264.27->264.27).
phyopt: part=mid seed=n1340(id=1340 center=1340 R=4 tpl=2 crit=0.636 pot=0.6818)
phyopt: rejected (map area 1968.52->1970.33, delay 264.27->264.27).
The node "n2903" with ID 2903 is not in the current network.
phyopt: skip seed=n2903 (cannot resolve center node in current AIG).
phyopt: part=low seed=n767(id=767 center=767 R=3 tpl=0 crit=0.182 pot=0.7955)
phyopt: rejected (map area 1968.52->1971.15, delay 264.27->264.27).
phyopt: L0/L1 skips high=13/189 low=0/0 mid=20/293, L1-threshold=0.2968, anneal_temp=0.850.
phyopt: adaptive keep high/low/mid=95%/74%/95%.
phyopt: finished round 2/3.
mapper_extract: wrote 3273 lines to "/mnt/d/My_abc_work/abc/my_work/dynamic_scheduler_work/result/run_iwls26_model_equiv_adaptseq_20260415_204312/ex208_013/ex208_013_phy.csv".
Loaded 3273 physical records from /mnt/d/My_abc_work/abc/my_work/dynamic_scheduler_work/result/run_iwls26_model_equiv_adaptseq_20260415_204312/ex208_013/ex208_013_phy.csv
Potential rebuilt: alpha(low/mid/high)=0.300/0.500/0.800 avg_struct=0.6773 avg_slack=0.2087 avg_opt=0.3863
phyopt: round=3 partition sizes high=1103 low=3 mid=2167.
phyopt: part=high seed=n119(id=119 center=119 R=5 tpl=0 crit=0.909 pot=0.2727)
phyopt: rejected (map area 1968.52->1987.61, delay 264.27->264.27).
phyopt: part=high seed=n170(id=170 center=170 R=5 tpl=0 crit=0.909 pot=0.2727)
phyopt: rejected (map area 1968.52->1970.83, delay 264.27->264.27).
phyopt: part=high seed=n199(id=199 center=199 R=5 tpl=0 crit=0.909 pot=0.2727)
phyopt: rejected (map area 1968.52->1957.29, delay 264.27->268.01).
phyopt: part=high seed=n200(id=200 center=200 R=5 tpl=0 crit=0.909 pot=0.2727)
phyopt: rejected (map area 1968.52->1952.25, delay 264.27->269.59).
phyopt: part=high seed=n231(id=231 center=231 R=5 tpl=0 crit=0.909 pot=0.2727)
phyopt: rejected (map area 1968.52->1957.56, delay 264.27->268.42).
phyopt: part=high seed=n540(id=540 center=540 R=5 tpl=0 crit=0.909 pot=0.2727)
phyopt: rejected (map area 1968.52->1968.78, delay 264.27->264.27).
phyopt: part=high seed=n613(id=613 center=613 R=5 tpl=0 crit=0.909 pot=0.2727)
phyopt: rejected (map area 1968.52->1964.93, delay 264.27->265.67).
phyopt: part=high seed=n668(id=668 center=668 R=5 tpl=0 crit=0.909 pot=0.2727)
phyopt: rejected (map area 1968.52->1946.72, delay 264.27->269.77).
phyopt: part=high seed=n753(id=753 center=753 R=5 tpl=2 crit=0.909 pot=0.2727)
phyopt: rejected (map area 1968.52->1972.23, delay 264.27->264.55).
phyopt: part=high seed=n1109(id=1109 center=1109 R=5 tpl=0 crit=0.909 pot=0.2727)
phyopt: rejected (map area 1968.52->1968.52, delay 264.27->264.27).
phyopt: part=high seed=n1139(id=1139 center=1139 R=5 tpl=1 crit=0.909 pot=0.2727)
phyopt: rejected (map area 1968.52->1977.17, delay 264.27->264.27).
phyopt: part=high seed=n1267(id=1267 center=1267 R=5 tpl=0 crit=0.909 pot=0.2727)
phyopt: rejected (map area 1968.52->1973.56, delay 264.27->264.27).
phyopt: part=high seed=n1269(id=1269 center=1269 R=5 tpl=0 crit=0.909 pot=0.2727)
phyopt: rejected (map area 1968.52->1982.23, delay 264.27->264.27).
phyopt: part=high seed=n1272(id=1272 center=1272 R=5 tpl=2 crit=0.909 pot=0.2727)
phyopt: accepted (map area 1968.52->1968.25, delay 264.27->264.27).
phyopt: part=high seed=n1390(id=1390 center=1390 R=5 tpl=2 crit=0.909 pot=0.2727)
phyopt: rejected (map area 1968.25->1974.59, delay 264.27->264.27).
phyopt: part=high seed=n1556(id=1556 center=1556 R=5 tpl=2 crit=0.909 pot=0.2727)
phyopt: rejected (map area 1968.25->1973.96, delay 264.27->264.27).
phyopt: part=low seed=n2353(id=2353 center=2353 R=3 tpl=1 crit=0.000 pot=0.8501)
phyopt: rejected (map area 1968.25->1968.25, delay 264.27->264.27).
phyopt: part=mid seed=n1152(id=1152 center=1152 R=4 tpl=0 crit=0.273 pot=0.8636)
phyopt: rejected (map area 1968.25->1969.72, delay 264.27->264.27).
phyopt: part=mid seed=n1215(id=1215 center=1215 R=4 tpl=2 crit=0.364 pot=0.8182)
phyopt: rejected (map area 1968.25->1972.73, delay 264.27->264.90).
phyopt: part=mid seed=n2766(id=2766 center=2766 R=4 tpl=0 crit=0.364 pot=0.8182)
phyopt: rejected (map area 1968.25->1969.28, delay 264.27->264.27).
phyopt: part=mid seed=n1743(id=1743 center=1743 R=4 tpl=2 crit=0.455 pot=0.7727)
phyopt: rejected (map area 1968.25->1979.36, delay 264.27->264.27).
phyopt: part=mid seed=n2354(id=2354 center=2354 R=4 tpl=0 crit=0.455 pot=0.7727)
phyopt: rejected (map area 1968.25->1970.63, delay 264.27->264.27).
The node "n3124" with ID 3124 is not in the current network.
phyopt: skip seed=n3124 (cannot resolve center node in current AIG).
The node "n3162" with ID 3162 is not in the current network.
phyopt: skip seed=n3162 (cannot resolve center node in current AIG).
phyopt: part=mid seed=n826(id=826 center=826 R=4 tpl=2 crit=0.545 pot=0.7273)
phyopt: rejected (map area 1968.25->1963.35, delay 264.27->265.67).
phyopt: part=mid seed=n1320(id=1320 center=1320 R=4 tpl=1 crit=0.545 pot=0.7273)
phyopt: rejected (map area 1968.25->1974.29, delay 264.27->264.27).
phyopt: part=mid seed=n1434(id=1434 center=1434 R=4 tpl=0 crit=0.545 pot=0.7273)
phyopt: rejected (map area 1968.25->1964.67, delay 264.27->264.87).
phyopt: part=mid seed=n1728(id=1728 center=1728 R=4 tpl=2 crit=0.545 pot=0.7273)
phyopt: rejected (map area 1968.25->1985.19, delay 264.27->264.27).
phyopt: part=mid seed=n1937(id=1937 center=1937 R=4 tpl=0 crit=0.545 pot=0.7273)
phyopt: rejected (map area 1968.25->1973.48, delay 264.27->264.27).
phyopt: part=mid seed=n2086(id=2086 center=2086 R=4 tpl=2 crit=0.545 pot=0.7273)
phyopt: rejected (map area 1968.25->1969.58, delay 264.27->264.27).
phyopt: part=mid seed=n2095(id=2095 center=2095 R=4 tpl=2 crit=0.545 pot=0.7273)
phyopt: rejected (map area 1968.25->1968.99, delay 264.27->264.27).
phyopt: part=mid seed=n2410(id=2410 center=2410 R=4 tpl=0 crit=0.545 pot=0.7273)
phyopt: accepted (map area 1968.25->1967.74, delay 264.27->264.27).
phyopt: part=mid seed=n2743(id=2743 center=2743 R=4 tpl=0 crit=0.545 pot=0.7273)
phyopt: rejected (map area 1967.74->1967.74, delay 264.27->264.27).
The node "n2871" with ID 2871 is not in the current network.
phyopt: skip seed=n2871 (cannot resolve center node in current AIG).
The node "n2883" with ID 2883 is not in the current network.
phyopt: skip seed=n2883 (cannot resolve center node in current AIG).
The node "n2885" with ID 2885 is not in the current network.
phyopt: skip seed=n2885 (cannot resolve center node in current AIG).
The node "n2890" with ID 2890 is not in the current network.
phyopt: skip seed=n2890 (cannot resolve center node in current AIG).
The node "n2919" with ID 2919 is not in the current network.
phyopt: skip seed=n2919 (cannot resolve center node in current AIG).
The node "n3049" with ID 3049 is not in the current network.
phyopt: skip seed=n3049 (cannot resolve center node in current AIG).
The node "n3083" with ID 3083 is not in the current network.
phyopt: skip seed=n3083 (cannot resolve center node in current AIG).
phyopt: part=mid seed=n492(id=492 center=492 R=4 tpl=0 crit=0.636 pot=0.6818)
phyopt: rejected (map area 1967.74->1967.74, delay 264.27->264.27).
phyopt: part=mid seed=n1015(id=1015 center=1015 R=4 tpl=0 crit=0.636 pot=0.6818)
phyopt: rejected (map area 1967.74->1967.17, delay 264.27->264.55).
The node "n2902" with ID 2902 is not in the current network.
phyopt: skip seed=n2902 (cannot resolve center node in current AIG).
phyopt: part=low seed=n766(id=766 center=766 R=3 tpl=2 crit=0.182 pot=0.7955)
phyopt: rejected (map area 1967.74->1967.74, delay 264.27->264.27).
phyopt: L0/L1 skips high=23/124 low=0/0 mid=45/255, L1-threshold=0.3005, anneal_temp=0.723.
phyopt: adaptive keep high/low/mid=86%/74%/86%.
phyopt: finished round 3/3.
phyopt: partition summary (tried/accepted):
  high : 5 / 48
  low  : 0 / 7
  mid  : 6 / 48
phyopt: per-part seed coverage (topK means top-5 potential within processed seeds):
  high: seeds=4052 tried=48(1.2%) accepted=5(10.4%) skipped(marked=5,low_slack=0) topK(tried=13/15 accepted=1 hit=7.7%)
  low: seeds=13 tried=7(53.8%) accepted=0(0.0%) skipped(marked=0,low_slack=0) topK(tried=3/4 accepted=0 hit=0.0%)
  mid: seeds=5756 tried=48(0.8%) accepted=6(12.5%) skipped(marked=3,low_slack=0) topK(tried=13/15 accepted=2 hit=15.4%)
phyopt: sequence template stats by partition (template_id: accepted/tried):
  high: t0=2/24 t1=1/10 t2=2/14
  low: t0=0/3 t1=0/2 t2=0/2
  mid: t0=4/24 t1=0/4 t2=2/20
phyopt: rejection reason breakdown:
  - runtime_or_eval_fail : 30
  - policy_tradeoff_reject : 13
  - delay_worse : 0
  - area_worse : 46
  - area_and_delay_worse : 6
  - delay_guard_violation : 27
phyopt: skipped marked=8 low_slack=<0.10=0
phyopt: done, accepted=11 rejected=122 final_nodes=2837 final_levels=16.
phyopt: micro-model saved (/mnt/d/My_abc_work/abc/my_work/model/phy_micro_model_global.txt, samples=2983).
[1;37miwls26/results/ex208_013      :[0m i/o =   16/   16  lat =    0  nd =  1992  edge =   5325  area =1967.74  delay =264.27  lev = 11
