======== ABC command line "source /tmp/ablation_ex202_L0.15_H0.90_1826.scr"
Warning: Detected 2 multi-output cells (for example, "FA_X1").
mapper_extract: wrote 18394 lines to "/mnt/d/My_abc_work/abc/my_work/ablation_results_stageB/ex202/ex202_L0.15_H0.90.csv".
Loaded 18394 physical records from /mnt/d/My_abc_work/abc/my_work/ablation_results_stageB/ex202/ex202_L0.15_H0.90.csv
Potential rebuilt: alpha(low/mid/high)=0.200/0.500/0.800 avg_struct=0.7168 avg_slack=0.2444 avg_opt_mid=0.4806
Physical records : 18394
Gate summary     : NAND=11614 AND=6059 INV=720 OTHER=1
Alpha (L/M/H)    : 0.200 / 0.500 / 0.800
StructW(i/p/f/g) : 0.400 / 0.300 / 0.200 / 0.100
phyopt: start rounds=1, criticality partitions high(>=0.900)->low(<=0.150)->mid, window=16.
phyopt: objective=map(area,delay), low-part delay budget=+10% from pre-opt.
phyopt: round=1 partition sizes high=4519 low=18 mid=13857.
phyopt: round=1 part=high seed=n3067(id=3067 center=3067 R=5 crit=0.903 pot=0.2774)
phyopt: accepted (map area 9669.63->9666.97, delay 17.00->17.00).
phyopt: round=1 part=high seed=n5503(id=5503 center=5503 R=5 crit=0.903 pot=0.2774)
phyopt: rejected (map area 9666.97->9673.62, delay 17.00->17.00).
phyopt: round=1 part=high seed=n7904(id=7904 center=7904 R=5 crit=0.903 pot=0.2774)
phyopt: accepted (map area 9666.97->9666.71, delay 17.00->17.00).
phyopt: round=1 part=high seed=n8018(id=8018 center=8018 R=5 crit=0.903 pot=0.2774)
phyopt: rejected (map area 9666.71->9672.29, delay 17.00->17.00).
phyopt: round=1 part=high seed=n9356(id=9356 center=9356 R=5 crit=0.903 pot=0.2774)
phyopt: accepted (map area 9666.71->9665.91, delay 17.00->17.00).
phyopt: round=1 part=high seed=n10240(id=10240 center=10240 R=5 crit=0.903 pot=0.2774)
phyopt: accepted (map area 9665.91->9656.07, delay 17.00->17.00).
phyopt: round=1 part=high seed=n10419(id=10419 center=10419 R=5 crit=0.903 pot=0.2774)
phyopt: accepted (map area 9656.07->9654.20, delay 17.00->17.00).
phyopt: round=1 part=high seed=n16547(id=16547 center=16547 R=5 crit=0.903 pot=0.2774)
phyopt: accepted (map area 9654.20->9653.67, delay 17.00->17.00).
phyopt: round=1 part=high seed=n17389(id=17389 center=17389 R=5 crit=0.903 pot=0.2774)
phyopt: accepted (map area 9653.67->9653.67, delay 17.00->17.00).
The node "n17715" with ID 17715 is not in the current network.
phyopt: skip seed=n17715 (cannot resolve center node in current AIG).
The node "n17809" with ID 17809 is not in the current network.
phyopt: skip seed=n17809 (cannot resolve center node in current AIG).
phyopt: round=1 part=high seed=n7835(id=7835 center=7835 R=5 crit=0.935 pot=0.2516)
phyopt: accepted (map area 9653.67->9653.67, delay 17.00->17.00).
phyopt: round=1 part=high seed=n7854(id=7854 center=7854 R=5 crit=0.935 pot=0.2516)
phyopt: accepted (map area 9653.67->9651.81, delay 17.00->17.00).
phyopt: round=1 part=high seed=n9856(id=9856 center=9856 R=5 crit=0.935 pot=0.2516)
phyopt: accepted (map area 9651.81->9651.54, delay 17.00->17.00).
phyopt: round=1 part=high seed=n11486(id=11486 center=11486 R=5 crit=0.935 pot=0.2516)
phyopt: accepted (map area 9651.54->9649.15, delay 17.00->17.00).
phyopt: round=1 part=high seed=n16521(id=16521 center=16521 R=5 crit=0.935 pot=0.2516)
phyopt: rejected (map area 9649.15->9649.42, delay 17.00->17.00).
phyopt: round=1 part=high seed=n16670(id=16670 center=16670 R=5 crit=0.935 pot=0.2516)
phyopt: accepted (map area 9649.15->9645.16, delay 17.00->17.00).
phyopt: round=1 part=high seed=n16698(id=16698 center=16698 R=5 crit=0.935 pot=0.2516)
phyopt: rejected (map area 9645.16->9646.22, delay 17.00->17.00).
The node "n17813" with ID 17813 is not in the current network.
phyopt: skip seed=n17813 (cannot resolve center node in current AIG).
The node "n18260" with ID 18260 is not in the current network.
phyopt: skip seed=n18260 (cannot resolve center node in current AIG).
phyopt: round=1 part=high seed=n1149(id=1149 center=1149 R=5 crit=0.903 pot=0.2282)
phyopt: rejected (map area 9645.16->9649.68, delay 17.00->17.00).
phyopt: round=1 part=high seed=n1152(id=1152 center=1152 R=5 crit=0.903 pot=0.2282)
phyopt: rejected (map area 9645.16->9645.43, delay 17.00->17.00).
phyopt: round=1 part=high seed=n2521(id=2521 center=2521 R=5 crit=0.903 pot=0.2282)
phyopt: rejected (map area 9645.16->9645.69, delay 17.00->17.00).
phyopt: round=1 part=high seed=n2522(id=2522 center=2522 R=5 crit=0.903 pot=0.2282)
phyopt: accepted (map area 9645.16->9644.89, delay 17.00->17.00).
phyopt: round=1 part=high seed=n2524(id=2524 center=2524 R=5 crit=0.903 pot=0.2282)
phyopt: accepted (map area 9644.89->9640.90, delay 17.00->17.00).
phyopt: round=1 part=high seed=n2526(id=2526 center=2526 R=5 crit=0.903 pot=0.2282)
phyopt: accepted (map area 9640.90->9640.64, delay 17.00->17.00).
phyopt: round=1 part=high seed=n2530(id=2530 center=2530 R=5 crit=0.903 pot=0.2282)
phyopt: accepted (map area 9640.64->9634.25, delay 17.00->17.00).
phyopt: round=1 part=low seed=n1436(id=1436 center=1436 R=3 crit=0.032 pot=0.9935)
phyopt: rejected (map area 9634.25->9634.52, delay 17.00->17.00).
phyopt: round=1 part=low seed=n1434(id=1434 center=1434 R=3 crit=0.000 pot=0.8031)
phyopt: accepted (map area 9634.25->9633.46, delay 17.00->17.00).
phyopt: round=1 part=low seed=n36(id=36 center=36 R=3 crit=0.032 pot=0.7967)
phyopt: rejected (map area 9633.46->9633.46, delay 17.00->17.00).
phyopt: round=1 part=low seed=n41(id=41 center=41 R=3 crit=0.032 pot=0.7967)
phyopt: rejected (map area 9633.46->9633.46, delay 17.00->17.00).
phyopt: round=1 part=low seed=n42(id=42 center=42 R=3 crit=0.032 pot=0.7967)
phyopt: rejected (map area 9633.46->9633.46, delay 17.00->17.00).
phyopt: round=1 part=low seed=n1437(id=1437 center=1437 R=3 crit=0.032 pot=0.7967)
phyopt: rejected (map area 9633.46->9633.46, delay 17.00->17.00).
phyopt: round=1 part=low seed=n6663(id=6663 center=6663 R=3 crit=0.032 pot=0.7967)
phyopt: accepted (map area 9633.46->9632.92, delay 17.00->17.00).
phyopt: round=1 part=low seed=n11734(id=11734 center=11734 R=3 crit=0.032 pot=0.7967)
phyopt: rejected (map area 9632.92->9632.92, delay 17.00->17.00).
phyopt: round=1 part=low seed=n6665(id=6665 center=6665 R=3 crit=0.065 pot=0.7902)
phyopt: rejected (map area 9632.92->9674.69, delay 17.00->16.00).
phyopt: round=1 part=low seed=n11735(id=11735 center=11735 R=3 crit=0.065 pot=0.7902)
phyopt: rejected (map area 9632.92->9632.92, delay 17.00->17.00).
phyopt: round=1 part=low seed=n11736(id=11736 center=11736 R=3 crit=0.065 pot=0.7902)
phyopt: accepted (map area 9632.92->9632.39, delay 17.00->17.00).
phyopt: round=1 part=low seed=n373(id=373 center=373 R=3 crit=0.097 pot=0.7837)
phyopt: rejected (map area 9632.39->9632.39, delay 17.00->17.00).
phyopt: round=1 part=low seed=n11738(id=11738 center=11738 R=3 crit=0.129 pot=0.7773)
phyopt: rejected (map area 9632.39->9632.39, delay 17.00->17.00).
phyopt: round=1 part=low seed=n15541(id=15541 center=15541 R=3 crit=0.129 pot=0.7773)
phyopt: accepted (map area 9632.39->9631.86, delay 17.00->17.00).
phyopt: round=1 part=low seed=n15542(id=15542 center=15542 R=3 crit=0.129 pot=0.7773)
phyopt: rejected (map area 9631.86->9631.86, delay 17.00->17.00).
phyopt: round=1 part=mid seed=n361(id=361 center=361 R=4 crit=0.194 pot=0.9032)
phyopt: rejected (map area 9631.86->9631.86, delay 17.00->17.00).
phyopt: round=1 part=mid seed=n5910(id=5910 center=5910 R=4 crit=0.194 pot=0.9032)
phyopt: rejected (map area 9631.86->9647.55, delay 17.00->17.00).
phyopt: round=1 part=mid seed=n5758(id=5758 center=5758 R=4 crit=0.290 pot=0.8548)
phyopt: accepted (map area 9631.86->9631.59, delay 17.00->17.00).
phyopt: round=1 part=mid seed=n304(id=304 center=304 R=4 crit=0.323 pot=0.8387)
phyopt: rejected (map area 9631.59->9631.59, delay 17.00->17.00).
phyopt: round=1 part=mid seed=n14283(id=14283 center=14283 R=4 crit=0.323 pot=0.8387)
phyopt: accepted (map area 9631.59->9631.06, delay 17.00->17.00).
phyopt: round=1 part=mid seed=n15552(id=15552 center=15552 R=4 crit=0.323 pot=0.8387)
phyopt: rejected (map area 9631.06->9632.39, delay 17.00->17.00).
phyopt: round=1 part=mid seed=n1743(id=1743 center=1743 R=4 crit=0.355 pot=0.8226)
phyopt: rejected (map area 9631.06->9631.06, delay 17.00->17.00).
phyopt: round=1 part=mid seed=n2235(id=2235 center=2235 R=4 crit=0.355 pot=0.8226)
phyopt: rejected (map area 9631.06->9631.06, delay 17.00->17.00).
phyopt: round=1 part=mid seed=n4832(id=4832 center=4832 R=4 crit=0.355 pot=0.8226)
phyopt: accepted (map area 9631.06->9630.80, delay 17.00->17.00).
phyopt: round=1 part=mid seed=n13156(id=13156 center=13156 R=4 crit=0.355 pot=0.8226)
phyopt: rejected (map area 9630.80->9632.13, delay 17.00->17.00).
phyopt: round=1 part=mid seed=n129(id=129 center=129 R=4 crit=0.387 pot=0.8065)
phyopt: accepted (map area 9630.80->9612.44, delay 17.00->17.00).
phyopt: round=1 part=mid seed=n1550(id=1550 center=1550 R=4 crit=0.387 pot=0.8065)
phyopt: rejected (map area 9612.44->9614.30, delay 17.00->17.00).
phyopt: round=1 part=mid seed=n2148(id=2148 center=2148 R=4 crit=0.387 pot=0.8065)
phyopt: rejected (map area 9612.44->9612.44, delay 17.00->17.00).
phyopt: round=1 part=mid seed=n2261(id=2261 center=2261 R=4 crit=0.387 pot=0.8065)
phyopt: rejected (map area 9612.44->9612.44, delay 17.00->17.00).
phyopt: round=1 part=mid seed=n4828(id=4828 center=4828 R=4 crit=0.387 pot=0.8065)
phyopt: rejected (map area 9612.44->9612.44, delay 17.00->17.00).
phyopt: round=1 part=mid seed=n6739(id=6739 center=6739 R=4 crit=0.387 pot=0.8065)
phyopt: rejected (map area 9612.44->9612.44, delay 17.00->17.00).
phyopt: round=1 part=mid seed=n7402(id=7402 center=7402 R=4 crit=0.387 pot=0.8065)
phyopt: rejected (map area 9612.44->9612.44, delay 17.00->17.00).
phyopt: round=1 part=mid seed=n1548(id=1548 center=1548 R=4 crit=0.161 pot=0.7963)
phyopt: rejected (map area 9612.44->9612.44, delay 17.00->17.00).
phyopt: round=1 part=mid seed=n1552(id=1552 center=1552 R=4 crit=0.161 pot=0.7963)
phyopt: rejected (map area 9612.44->9614.30, delay 17.00->17.00).
phyopt: round=1 part=mid seed=n2165(id=2165 center=2165 R=4 crit=0.161 pot=0.7963)
phyopt: rejected (map area 9612.44->9612.44, delay 17.00->17.00).
phyopt: round=1 part=mid seed=n2166(id=2166 center=2166 R=4 crit=0.161 pot=0.7963)
phyopt: rejected (map area 9612.44->9612.44, delay 17.00->17.00).
phyopt: round=1 part=mid seed=n5748(id=5748 center=5748 R=4 crit=0.161 pot=0.7963)
phyopt: rejected (map area 9612.44->9618.03, delay 17.00->17.00).
phyopt: round=1 part=mid seed=n5750(id=5750 center=5750 R=4 crit=0.161 pot=0.7963)
phyopt: accepted (map area 9612.44->9607.92, delay 17.00->17.00).
phyopt: round=1 part=mid seed=n16231(id=16231 center=16231 R=4 crit=0.161 pot=0.7963)
phyopt: accepted (map area 9607.92->9607.39, delay 17.00->17.00).
phyopt: round=1 part=mid seed=n16232(id=16232 center=16232 R=4 crit=0.161 pot=0.7963)
phyopt: accepted (map area 9607.39->9607.12, delay 17.00->17.00).
phyopt: round=1 part=mid seed=n1688(id=1688 center=1688 R=4 crit=0.419 pot=0.7903)
phyopt: rejected (map area 9607.12->9607.92, delay 17.00->17.00).
phyopt: round=1 part=mid seed=n3596(id=3596 center=3596 R=4 crit=0.419 pot=0.7903)
phyopt: rejected (map area 9607.12->9607.12, delay 17.00->17.00).
phyopt: round=1 part=mid seed=n5906(id=5906 center=5906 R=4 crit=0.194 pot=0.7802)
phyopt: rejected (map area 9607.12->9607.12, delay 17.00->17.00).
phyopt: round=1 part=mid seed=n5911(id=5911 center=5911 R=4 crit=0.194 pot=0.7802)
phyopt: accepted (map area 9607.12->9605.53, delay 17.00->17.00).
phyopt: finished round 1/1.
phyopt: partition summary (tried/accepted):
  high : 16 / 23
  low  : 4 / 15
  mid  : 8 / 29
phyopt: per-part seed coverage (topK means top-5 potential within processed seeds):
  high: seeds=30 tried=23(76.7%) accepted=16(69.6%) skipped(marked=3,low_slack=0) topK(tried=5/5 accepted=3 hit=60.0%)
  low: seeds=18 tried=15(83.3%) accepted=4(26.7%) skipped(marked=3,low_slack=0) topK(tried=5/5 accepted=1 hit=20.0%)
  mid: seeds=30 tried=29(96.7%) accepted=8(27.6%) skipped(marked=1,low_slack=0) topK(tried=5/5 accepted=2 hit=40.0%)
phyopt: rejection reason breakdown:
  - runtime_or_eval_fail : 4
  - policy_tradeoff_reject : 23
  - delay_worse : 0
  - area_worse : 16
  - area_and_delay_worse : 0
  - low_part_delay_budget : 0
phyopt: skipped marked=7 low_slack=<0.10=0
phyopt: done, accepted=28 rejected=43 final_nodes=17435 final_levels=36.
Networks are equivalent.  Time =     0.89 sec
