======== ABC command line "source /tmp/ablation_ex226_thresh_loose_285.scr"
Warning: Detected 2 multi-output cells (for example, "FA_X1").
mapper_extract: wrote 137388 lines to "/mnt/d/My_abc_work/abc/my_work/ablation_results/ex226/ex226_thresh_loose.csv".
Loaded 137388 physical records from /mnt/d/My_abc_work/abc/my_work/ablation_results/ex226/ex226_thresh_loose.csv
Potential rebuilt: alpha(low/mid/high)=0.200/0.500/0.800 avg_struct=0.7193 avg_slack=0.2595 avg_opt_mid=0.4897
Physical records : 137388
Gate summary     : NAND=105794 AND=27284 INV=4310 OTHER=0
Alpha (L/M/H)    : 0.200 / 0.500 / 0.800
StructW(i/p/f/g) : 0.400 / 0.300 / 0.200 / 0.100
phyopt: start rounds=1, criticality partitions high(>=0.700)->low(<=0.400)->mid, window=16.
phyopt: objective=map(area,delay), low-part delay budget=+10% from pre-opt.
phyopt: round=1 partition sizes high=81974 low=4400 mid=51014.
phyopt: round=1 part=high seed=n19280(id=19280 center=19280 R=5 crit=0.717 pot=0.4264)
phyopt: rejected (map area 73392.59->73558.58, delay 26.00->26.00).
phyopt: round=1 part=high seed=n20697(id=20697 center=20697 R=5 crit=0.717 pot=0.4264)
phyopt: accepted (map area 73392.59->73392.33, delay 26.00->26.00).
phyopt: round=1 part=high seed=n21355(id=21355 center=21355 R=5 crit=0.717 pot=0.4264)
phyopt: rejected (map area 73392.33->73397.38, delay 26.00->26.00).
phyopt: round=1 part=high seed=n21499(id=21499 center=21499 R=5 crit=0.717 pot=0.4264)
phyopt: rejected (map area 73392.33->73441.27, delay 26.00->26.00).
phyopt: round=1 part=high seed=n28181(id=28181 center=28181 R=5 crit=0.717 pot=0.4264)
phyopt: rejected (map area 73392.33->73683.33, delay 26.00->26.00).
phyopt: round=1 part=high seed=n29383(id=29383 center=29383 R=5 crit=0.717 pot=0.4264)
phyopt: rejected (map area 73392.33->73439.14, delay 26.00->26.00).
phyopt: round=1 part=high seed=n31304(id=31304 center=31304 R=5 crit=0.717 pot=0.4264)
phyopt: rejected (map area 73392.33->73401.10, delay 26.00->26.00).
phyopt: round=1 part=high seed=n33253(id=33253 center=33253 R=5 crit=0.717 pot=0.4264)
phyopt: rejected (map area 73392.33->73473.72, delay 26.00->26.00).
phyopt: round=1 part=high seed=n34331(id=34331 center=34331 R=5 crit=0.717 pot=0.4264)
phyopt: rejected (map area 73392.33->73760.20, delay 26.00->26.00).
phyopt: round=1 part=high seed=n35018(id=35018 center=35018 R=5 crit=0.717 pot=0.4264)
phyopt: rejected (map area 73392.33->73942.41, delay 26.00->26.00).
phyopt: round=1 part=high seed=n39784(id=39784 center=39784 R=5 crit=0.717 pot=0.4264)
phyopt: rejected (map area 73392.33->73408.55, delay 26.00->26.00).
phyopt: round=1 part=high seed=n43687(id=43687 center=43687 R=5 crit=0.717 pot=0.4264)
phyopt: rejected (map area 73392.33->73396.85, delay 26.00->26.00).
phyopt: round=1 part=high seed=n44227(id=44227 center=44227 R=5 crit=0.717 pot=0.4264)
phyopt: accepted (map area 73392.33->73390.46, delay 26.00->26.00).
phyopt: round=1 part=high seed=n44324(id=44324 center=44324 R=5 crit=0.717 pot=0.4264)
phyopt: rejected (map area 73390.46->73396.58, delay 26.00->26.00).
phyopt: round=1 part=high seed=n45414(id=45414 center=45414 R=5 crit=0.717 pot=0.4264)
phyopt: accepted (map area 73390.46->73389.40, delay 26.00->26.00).
phyopt: round=1 part=high seed=n45477(id=45477 center=45477 R=5 crit=0.717 pot=0.4264)
phyopt: rejected (map area 73389.40->73396.85, delay 26.00->26.00).
phyopt: round=1 part=high seed=n48940(id=48940 center=48940 R=5 crit=0.717 pot=0.4264)
phyopt: rejected (map area 73389.40->73393.92, delay 26.00->26.00).
phyopt: round=1 part=high seed=n50653(id=50653 center=50653 R=5 crit=0.717 pot=0.4264)
phyopt: accepted (map area 73389.40->73389.13, delay 26.00->26.00).
phyopt: round=1 part=high seed=n50823(id=50823 center=50823 R=5 crit=0.717 pot=0.4264)
phyopt: accepted (map area 73389.13->73387.01, delay 26.00->26.00).
phyopt: round=1 part=high seed=n51190(id=51190 center=51190 R=5 crit=0.717 pot=0.4264)
phyopt: rejected (map area 73387.01->73410.41, delay 26.00->26.00).
phyopt: round=1 part=high seed=n51894(id=51894 center=51894 R=5 crit=0.717 pot=0.4264)
phyopt: accepted (map area 73387.01->73384.35, delay 26.00->26.00).
phyopt: round=1 part=high seed=n52887(id=52887 center=52887 R=5 crit=0.717 pot=0.4264)
phyopt: rejected (map area 73384.35->73385.41, delay 26.00->26.00).
phyopt: round=1 part=high seed=n52889(id=52889 center=52889 R=5 crit=0.717 pot=0.4264)
phyopt: accepted (map area 73384.35->73384.35, delay 26.00->26.00).
phyopt: round=1 part=high seed=n57714(id=57714 center=57714 R=5 crit=0.717 pot=0.4264)
phyopt: rejected (map area 73384.35->73385.14, delay 26.00->26.00).
phyopt: round=1 part=high seed=n59067(id=59067 center=59067 R=5 crit=0.717 pot=0.4264)
phyopt: rejected (map area 73384.35->73394.45, delay 26.00->26.00).
phyopt: round=1 part=high seed=n62821(id=62821 center=62821 R=5 crit=0.717 pot=0.4264)
phyopt: accepted (map area 73384.35->73382.48, delay 26.00->26.00).
phyopt: round=1 part=high seed=n64084(id=64084 center=64084 R=5 crit=0.717 pot=0.4264)
phyopt: rejected (map area 73382.48->73382.75, delay 26.00->26.00).
phyopt: round=1 part=high seed=n65686(id=65686 center=65686 R=5 crit=0.717 pot=0.4264)
phyopt: accepted (map area 73382.48->73381.95, delay 26.00->26.00).
phyopt: round=1 part=high seed=n67641(id=67641 center=67641 R=5 crit=0.717 pot=0.4264)
phyopt: rejected (map area 73381.95->73382.22, delay 26.00->26.00).
phyopt: round=1 part=high seed=n71569(id=71569 center=71569 R=5 crit=0.717 pot=0.4264)
phyopt: rejected (map area 73381.95->74127.28, delay 26.00->26.00).
phyopt: round=1 part=low seed=n7548(id=7548 center=7548 R=3 crit=0.019 pot=0.9962)
phyopt: rejected (map area 73381.95->73381.95, delay 26.00->26.00).
phyopt: round=1 part=low seed=n2398(id=2398 center=2398 R=3 crit=0.170 pot=0.9660)
phyopt: rejected (map area 73381.95->73381.95, delay 26.00->26.00).
phyopt: round=1 part=low seed=n349(id=349 center=349 R=3 crit=0.189 pot=0.9623)
phyopt: rejected (map area 73381.95->73381.95, delay 26.00->26.00).
phyopt: round=1 part=low seed=n1546(id=1546 center=1546 R=3 crit=0.189 pot=0.9623)
phyopt: rejected (map area 73381.95->73391.00, delay 26.00->26.00).
phyopt: round=1 part=low seed=n1594(id=1594 center=1594 R=3 crit=0.189 pot=0.9623)
phyopt: rejected (map area 73381.95->73381.95, delay 26.00->26.00).
phyopt: round=1 part=low seed=n7635(id=7635 center=7635 R=3 crit=0.189 pot=0.9623)
phyopt: rejected (map area 73381.95->73381.95, delay 26.00->26.00).
phyopt: round=1 part=low seed=n2317(id=2317 center=2317 R=3 crit=0.208 pot=0.9585)
phyopt: rejected (map area 73381.95->73381.95, delay 26.00->26.00).
phyopt: round=1 part=low seed=n1511(id=1511 center=1511 R=3 crit=0.226 pot=0.9547)
phyopt: rejected (map area 73381.95->73381.95, delay 26.00->26.00).
phyopt: round=1 part=low seed=n7597(id=7597 center=7597 R=3 crit=0.226 pot=0.9547)
phyopt: accepted (map area 73381.95->73381.42, delay 26.00->26.00).
phyopt: round=1 part=low seed=n2247(id=2247 center=2247 R=3 crit=0.245 pot=0.9509)
phyopt: rejected (map area 73381.42->73381.42, delay 26.00->26.00).
phyopt: round=1 part=low seed=n3555(id=3555 center=3555 R=3 crit=0.245 pot=0.9509)
phyopt: accepted (map area 73381.42->73380.62, delay 26.00->26.00).
phyopt: round=1 part=low seed=n3664(id=3664 center=3664 R=3 crit=0.264 pot=0.9472)
phyopt: rejected (map area 73380.62->73380.62, delay 26.00->26.00).
phyopt: round=1 part=low seed=n4666(id=4666 center=4666 R=3 crit=0.264 pot=0.9472)
phyopt: rejected (map area 73380.62->73380.62, delay 26.00->26.00).
phyopt: round=1 part=low seed=n10537(id=10537 center=10537 R=3 crit=0.264 pot=0.9472)
phyopt: rejected (map area 73380.62->73380.62, delay 26.00->26.00).
phyopt: round=1 part=low seed=n328(id=328 center=328 R=3 crit=0.283 pot=0.9434)
phyopt: rejected (map area 73380.62->73380.62, delay 26.00->26.00).
phyopt: round=1 part=low seed=n1901(id=1901 center=1901 R=3 crit=0.283 pot=0.9434)
phyopt: accepted (map area 73380.62->73380.09, delay 26.00->26.00).
phyopt: round=1 part=low seed=n2749(id=2749 center=2749 R=3 crit=0.283 pot=0.9434)
phyopt: accepted (map area 73380.09->73378.76, delay 26.00->26.00).
phyopt: round=1 part=low seed=n3598(id=3598 center=3598 R=3 crit=0.283 pot=0.9434)
phyopt: rejected (map area 73378.76->73378.76, delay 26.00->26.00).
phyopt: round=1 part=low seed=n4053(id=4053 center=4053 R=3 crit=0.283 pot=0.9434)
phyopt: accepted (map area 73378.76->73377.96, delay 26.00->26.00).
phyopt: round=1 part=low seed=n8766(id=8766 center=8766 R=3 crit=0.283 pot=0.9434)
phyopt: rejected (map area 73377.96->73377.96, delay 26.00->26.00).
phyopt: round=1 part=low seed=n9099(id=9099 center=9099 R=3 crit=0.283 pot=0.9434)
phyopt: rejected (map area 73377.96->73377.96, delay 26.00->26.00).
phyopt: round=1 part=low seed=n9237(id=9237 center=9237 R=3 crit=0.283 pot=0.9434)
phyopt: rejected (map area 73377.96->73377.96, delay 26.00->26.00).
phyopt: round=1 part=low seed=n9253(id=9253 center=9253 R=3 crit=0.283 pot=0.9434)
phyopt: accepted (map area 73377.96->73377.43, delay 26.00->26.00).
phyopt: round=1 part=low seed=n93506(id=93506 center=93506 R=3 crit=0.283 pot=0.9434)
phyopt: rejected (map area 73377.43->73377.96, delay 26.00->26.00).
phyopt: round=1 part=low seed=n1864(id=1864 center=1864 R=3 crit=0.302 pot=0.9396)
phyopt: rejected (map area 73377.43->73377.43, delay 26.00->26.00).
phyopt: round=1 part=low seed=n2692(id=2692 center=2692 R=3 crit=0.302 pot=0.9396)
phyopt: accepted (map area 73377.43->73374.77, delay 26.00->26.00).
phyopt: round=1 part=low seed=n2777(id=2777 center=2777 R=3 crit=0.302 pot=0.9396)
phyopt: rejected (map area 73374.77->73374.77, delay 26.00->26.00).
phyopt: round=1 part=low seed=n55284(id=55284 center=55284 R=3 crit=0.302 pot=0.9396)
phyopt: rejected (map area 73374.77->73375.30, delay 26.00->26.00).
phyopt: round=1 part=low seed=n90885(id=90885 center=90885 R=3 crit=0.302 pot=0.9396)
phyopt: rejected (map area 73374.77->73374.77, delay 26.00->26.00).
phyopt: round=1 part=low seed=n92018(id=92018 center=92018 R=3 crit=0.302 pot=0.9396)
phyopt: accepted (map area 73374.77->73373.44, delay 26.00->26.00).
phyopt: round=1 part=mid seed=n670(id=670 center=670 R=4 crit=0.415 pot=0.7925)
phyopt: accepted (map area 73373.44->73372.11, delay 26.00->26.00).
phyopt: round=1 part=mid seed=n2999(id=2999 center=2999 R=4 crit=0.415 pot=0.7925)
phyopt: rejected (map area 73372.11->73372.11, delay 26.00->26.00).
phyopt: round=1 part=mid seed=n3731(id=3731 center=3731 R=4 crit=0.415 pot=0.7925)
phyopt: rejected (map area 73372.11->73372.11, delay 26.00->26.00).
phyopt: round=1 part=mid seed=n3980(id=3980 center=3980 R=4 crit=0.415 pot=0.7925)
phyopt: rejected (map area 73372.11->73376.63, delay 26.00->26.00).
phyopt: round=1 part=mid seed=n5173(id=5173 center=5173 R=4 crit=0.415 pot=0.7925)
phyopt: rejected (map area 73372.11->73372.11, delay 26.00->26.00).
phyopt: round=1 part=mid seed=n8696(id=8696 center=8696 R=4 crit=0.415 pot=0.7925)
phyopt: accepted (map area 73372.11->73371.58, delay 26.00->26.00).
phyopt: round=1 part=mid seed=n9112(id=9112 center=9112 R=4 crit=0.415 pot=0.7925)
phyopt: rejected (map area 73371.58->73371.58, delay 26.00->26.00).
phyopt: round=1 part=mid seed=n31766(id=31766 center=31766 R=4 crit=0.415 pot=0.7925)
phyopt: accepted (map area 73371.58->73371.31, delay 26.00->26.00).
phyopt: round=1 part=mid seed=n36703(id=36703 center=36703 R=4 crit=0.415 pot=0.7925)
phyopt: rejected (map area 73371.31->73371.31, delay 26.00->26.00).
phyopt: round=1 part=mid seed=n56681(id=56681 center=56681 R=4 crit=0.415 pot=0.7925)
phyopt: rejected (map area 73371.31->73371.31, delay 26.00->26.00).
phyopt: round=1 part=mid seed=n57567(id=57567 center=57567 R=4 crit=0.415 pot=0.7925)
phyopt: rejected (map area 73371.31->73371.31, delay 26.00->26.00).
phyopt: round=1 part=mid seed=n60896(id=60896 center=60896 R=4 crit=0.415 pot=0.7925)
phyopt: rejected (map area 73371.31->73371.31, delay 26.00->26.00).
phyopt: round=1 part=mid seed=n61297(id=61297 center=61297 R=4 crit=0.415 pot=0.7925)
phyopt: rejected (map area 73371.31->73371.31, delay 26.00->26.00).
phyopt: round=1 part=mid seed=n61302(id=61302 center=61302 R=4 crit=0.415 pot=0.7925)
phyopt: accepted (map area 73371.31->73364.93, delay 26.00->26.00).
phyopt: round=1 part=mid seed=n79289(id=79289 center=79289 R=4 crit=0.415 pot=0.7925)
phyopt: rejected (map area 73364.93->73364.93, delay 26.00->26.00).
phyopt: round=1 part=mid seed=n79332(id=79332 center=79332 R=4 crit=0.415 pot=0.7925)
phyopt: rejected (map area 73364.93->73364.93, delay 26.00->26.00).
phyopt: round=1 part=mid seed=n79353(id=79353 center=79353 R=4 crit=0.415 pot=0.7925)
phyopt: accepted (map area 73364.93->73364.40, delay 26.00->26.00).
phyopt: round=1 part=mid seed=n83492(id=83492 center=83492 R=4 crit=0.415 pot=0.7925)
phyopt: rejected (map area 73364.40->73364.40, delay 26.00->26.00).
phyopt: round=1 part=mid seed=n83512(id=83512 center=83512 R=4 crit=0.415 pot=0.7925)
phyopt: accepted (map area 73364.40->73354.82, delay 26.00->26.00).
phyopt: round=1 part=mid seed=n88790(id=88790 center=88790 R=4 crit=0.415 pot=0.7925)
phyopt: accepted (map area 73354.82->73354.55, delay 26.00->26.00).
phyopt: round=1 part=mid seed=n88919(id=88919 center=88919 R=4 crit=0.415 pot=0.7925)
phyopt: accepted (map area 73354.55->73353.76, delay 26.00->26.00).
phyopt: round=1 part=mid seed=n89087(id=89087 center=89087 R=4 crit=0.415 pot=0.7925)
phyopt: rejected (map area 73353.76->73353.76, delay 26.00->26.00).
phyopt: round=1 part=mid seed=n90054(id=90054 center=90054 R=4 crit=0.415 pot=0.7925)
phyopt: rejected (map area 73353.76->73354.55, delay 26.00->26.00).
phyopt: round=1 part=mid seed=n90413(id=90413 center=90413 R=4 crit=0.415 pot=0.7925)
phyopt: accepted (map area 73353.76->73353.49, delay 26.00->26.00).
phyopt: round=1 part=mid seed=n90927(id=90927 center=90927 R=4 crit=0.415 pot=0.7925)
phyopt: rejected (map area 73353.49->73353.49, delay 26.00->26.00).
phyopt: round=1 part=mid seed=n114460(id=114460 center=114460 R=4 crit=0.415 pot=0.7925)
phyopt: accepted (map area 73353.49->73353.22, delay 26.00->26.00).
phyopt: round=1 part=mid seed=n114620(id=114620 center=114620 R=4 crit=0.415 pot=0.7925)
phyopt: rejected (map area 73353.22->73404.83, delay 26.00->26.00).
phyopt: round=1 part=mid seed=n115480(id=115480 center=115480 R=4 crit=0.415 pot=0.7925)
phyopt: accepted (map area 73353.22->73352.69, delay 26.00->26.00).
phyopt: round=1 part=mid seed=n115481(id=115481 center=115481 R=4 crit=0.415 pot=0.7925)
phyopt: rejected (map area 73352.69->73352.69, delay 26.00->26.00).
phyopt: round=1 part=mid seed=n2994(id=2994 center=2994 R=4 crit=0.434 pot=0.7830)
phyopt: rejected (map area 73352.69->73368.92, delay 26.00->26.00).
phyopt: finished round 1/1.
phyopt: partition summary (tried/accepted):
  high : 9 / 30
  low  : 8 / 30
  mid  : 11 / 30
phyopt: per-part seed coverage (topK means top-5 potential within processed seeds):
  high: seeds=30 tried=30(100.0%) accepted=9(30.0%) skipped(marked=0,low_slack=0) topK(tried=5/5 accepted=1 hit=20.0%)
  low: seeds=30 tried=30(100.0%) accepted=8(26.7%) skipped(marked=0,low_slack=0) topK(tried=5/5 accepted=0 hit=0.0%)
  mid: seeds=30 tried=30(100.0%) accepted=11(36.7%) skipped(marked=0,low_slack=0) topK(tried=5/5 accepted=1 hit=20.0%)
phyopt: rejection reason breakdown:
  - runtime_or_eval_fail : 0
  - policy_tradeoff_reject : 34
  - delay_worse : 0
  - area_worse : 28
  - area_and_delay_worse : 0
  - low_part_delay_budget : 0
phyopt: skipped marked=0 low_slack=<0.10=0
phyopt: done, accepted=28 rejected=62 final_nodes=133038 final_levels=61.
Networks are equivalent.  Time =    24.28 sec
