======== ABC command line "source /tmp/ablation_ex205_L0.15_H0.90_1826.scr"
Warning: Detected 2 multi-output cells (for example, "FA_X1").
mapper_extract: wrote 29762 lines to "/mnt/d/My_abc_work/abc/my_work/ablation_results_stageB/ex205/ex205_L0.15_H0.90.csv".
Loaded 29762 physical records from /mnt/d/My_abc_work/abc/my_work/ablation_results_stageB/ex205/ex205_L0.15_H0.90.csv
Potential rebuilt: alpha(low/mid/high)=0.200/0.500/0.800 avg_struct=0.7178 avg_slack=0.2479 avg_opt_mid=0.4830
Physical records : 29762
Gate summary     : NAND=21170 AND=7315 INV=1277 OTHER=0
Alpha (L/M/H)    : 0.200 / 0.500 / 0.800
StructW(i/p/f/g) : 0.400 / 0.300 / 0.200 / 0.100
phyopt: start rounds=1, criticality partitions high(>=0.900)->low(<=0.150)->mid, window=16.
phyopt: objective=map(area,delay), low-part delay budget=+10% from pre-opt.
phyopt: round=1 partition sizes high=4963 low=6 mid=24793.
phyopt: round=1 part=high seed=n1210(id=1210 center=1210 R=5 crit=0.909 pot=0.2727)
phyopt: accepted (map area 15745.34->15745.07, delay 18.00->18.00).
phyopt: round=1 part=high seed=n1841(id=1841 center=1841 R=5 crit=0.909 pot=0.2727)
phyopt: accepted (map area 15745.07->15745.07, delay 18.00->18.00).
phyopt: round=1 part=high seed=n4531(id=4531 center=4531 R=5 crit=0.909 pot=0.2727)
phyopt: accepted (map area 15745.07->15745.07, delay 18.00->18.00).
phyopt: round=1 part=high seed=n6558(id=6558 center=6558 R=5 crit=0.909 pot=0.2727)
phyopt: accepted (map area 15745.07->15745.07, delay 18.00->18.00).
phyopt: round=1 part=high seed=n11972(id=11972 center=11972 R=5 crit=0.909 pot=0.2727)
phyopt: accepted (map area 15745.07->15744.27, delay 18.00->18.00).
phyopt: round=1 part=high seed=n12603(id=12603 center=12603 R=5 crit=0.909 pot=0.2727)
phyopt: rejected (map area 15744.27->15746.14, delay 18.00->18.00).
phyopt: round=1 part=high seed=n18013(id=18013 center=18013 R=5 crit=0.909 pot=0.2727)
phyopt: accepted (map area 15744.27->15744.27, delay 18.00->18.00).
phyopt: round=1 part=high seed=n18931(id=18931 center=18931 R=5 crit=0.909 pot=0.2727)
phyopt: rejected (map area 15744.27->15747.47, delay 18.00->18.00).
phyopt: round=1 part=high seed=n19264(id=19264 center=19264 R=5 crit=0.909 pot=0.2727)
phyopt: rejected (map area 15744.27->15762.63, delay 18.00->18.00).
phyopt: round=1 part=high seed=n19927(id=19927 center=19927 R=5 crit=0.909 pot=0.2727)
phyopt: rejected (map area 15744.27->15778.06, delay 18.00->18.00).
phyopt: round=1 part=high seed=n20084(id=20084 center=20084 R=5 crit=0.909 pot=0.2727)
phyopt: accepted (map area 15744.27->15744.27, delay 18.00->18.00).
phyopt: round=1 part=high seed=n20764(id=20764 center=20764 R=5 crit=0.909 pot=0.2727)
phyopt: rejected (map area 15744.27->15744.54, delay 18.00->18.00).
phyopt: round=1 part=high seed=n25586(id=25586 center=25586 R=5 crit=0.909 pot=0.2727)
phyopt: rejected (map area 15744.27->15745.34, delay 18.00->18.00).
The node "n29650" with ID 29650 is not in the current network.
phyopt: skip seed=n29650 (cannot resolve center node in current AIG).
phyopt: round=1 part=high seed=n4111(id=4111 center=4111 R=5 crit=0.939 pot=0.2485)
phyopt: rejected (map area 15744.27->15791.62, delay 18.00->18.00).
phyopt: round=1 part=high seed=n4132(id=4132 center=4132 R=5 crit=0.939 pot=0.2485)
phyopt: accepted (map area 15744.27->15744.27, delay 18.00->18.00).
phyopt: round=1 part=high seed=n20198(id=20198 center=20198 R=5 crit=0.939 pot=0.2485)
phyopt: accepted (map area 15744.27->15744.27, delay 18.00->18.00).
The node "n28875" with ID 28875 is not in the current network.
phyopt: skip seed=n28875 (cannot resolve center node in current AIG).
The node "n29063" with ID 29063 is not in the current network.
phyopt: skip seed=n29063 (cannot resolve center node in current AIG).
The node "n29214" with ID 29214 is not in the current network.
phyopt: skip seed=n29214 (cannot resolve center node in current AIG).
The node "n29216" with ID 29216 is not in the current network.
phyopt: skip seed=n29216 (cannot resolve center node in current AIG).
The node "n29335" with ID 29335 is not in the current network.
phyopt: skip seed=n29335 (cannot resolve center node in current AIG).
The node "n29375" with ID 29375 is not in the current network.
phyopt: skip seed=n29375 (cannot resolve center node in current AIG).
The node "n29564" with ID 29564 is not in the current network.
phyopt: skip seed=n29564 (cannot resolve center node in current AIG).
phyopt: round=1 part=high seed=n17848(id=17848 center=17848 R=5 crit=0.970 pot=0.2242)
phyopt: accepted (map area 15744.27->15744.01, delay 18.00->18.00).
phyopt: round=1 part=high seed=n28299(id=28299 center=28299 R=5 crit=0.970 pot=0.2242)
phyopt: rejected (map area 15744.01->15744.27, delay 18.00->18.00).
phyopt: round=1 part=high seed=n562(id=562 center=562 R=5 crit=0.909 pot=0.2232)
phyopt: rejected (map area 15744.01->15762.10, delay 18.00->18.00).
phyopt: round=1 part=high seed=n567(id=567 center=567 R=5 crit=0.909 pot=0.2232)
phyopt: rejected (map area 15744.01->15787.63, delay 18.00->18.00).
phyopt: round=1 part=high seed=n1208(id=1208 center=1208 R=5 crit=0.909 pot=0.2232)
phyopt: rejected (map area 15744.01->15745.60, delay 18.00->18.00).
phyopt: round=1 part=low seed=n10295(id=10295 center=10295 R=3 crit=0.000 pot=0.8017)
phyopt: rejected (map area 15744.01->15744.01, delay 18.00->18.00).
phyopt: round=1 part=low seed=n10296(id=10296 center=10296 R=3 crit=0.000 pot=0.8017)
phyopt: rejected (map area 15744.01->15744.01, delay 18.00->18.00).
phyopt: round=1 part=low seed=n20991(id=20991 center=20991 R=3 crit=0.091 pot=0.7835)
phyopt: rejected (map area 15744.01->15744.01, delay 18.00->18.00).
phyopt: round=1 part=low seed=n38(id=38 center=38 R=3 crit=0.121 pot=0.7775)
phyopt: rejected (map area 15744.01->15744.01, delay 18.00->18.00).
phyopt: round=1 part=low seed=n20994(id=20994 center=20994 R=3 crit=0.121 pot=0.7775)
phyopt: accepted (map area 15744.01->15743.74, delay 18.00->18.00).
phyopt: round=1 part=mid seed=n24281(id=24281 center=24281 R=4 crit=0.182 pot=0.9091)
phyopt: rejected (map area 15743.74->15744.27, delay 18.00->18.00).
phyopt: round=1 part=mid seed=n10446(id=10446 center=10446 R=4 crit=0.242 pot=0.8788)
phyopt: rejected (map area 15743.74->15743.74, delay 18.00->18.00).
phyopt: round=1 part=mid seed=n7696(id=7696 center=7696 R=4 crit=0.273 pot=0.8636)
phyopt: accepted (map area 15743.74->15743.48, delay 18.00->18.00).
phyopt: round=1 part=mid seed=n13938(id=13938 center=13938 R=4 crit=0.273 pot=0.8636)
phyopt: rejected (map area 15743.48->15743.74, delay 18.00->18.00).
phyopt: round=1 part=mid seed=n13915(id=13915 center=13915 R=4 crit=0.303 pot=0.8485)
phyopt: accepted (map area 15743.48->15742.94, delay 18.00->18.00).
phyopt: round=1 part=mid seed=n21095(id=21095 center=21095 R=4 crit=0.303 pot=0.8485)
phyopt: rejected (map area 15742.94->15742.94, delay 18.00->18.00).
phyopt: round=1 part=mid seed=n22973(id=22973 center=22973 R=4 crit=0.303 pot=0.8485)
phyopt: accepted (map area 15742.94->15740.28, delay 18.00->18.00).
phyopt: round=1 part=mid seed=n23723(id=23723 center=23723 R=4 crit=0.303 pot=0.8485)
phyopt: rejected (map area 15740.28->15740.28, delay 18.00->18.00).
phyopt: round=1 part=mid seed=n10873(id=10873 center=10873 R=4 crit=0.333 pot=0.8333)
phyopt: accepted (map area 15740.28->15738.42, delay 18.00->18.00).
phyopt: round=1 part=mid seed=n13965(id=13965 center=13965 R=4 crit=0.364 pot=0.8182)
phyopt: rejected (map area 15738.42->15738.42, delay 18.00->18.00).
phyopt: round=1 part=mid seed=n21109(id=21109 center=21109 R=4 crit=0.364 pot=0.8182)
phyopt: accepted (map area 15738.42->15737.36, delay 18.00->18.00).
phyopt: round=1 part=mid seed=n24111(id=24111 center=24111 R=4 crit=0.364 pot=0.8182)
phyopt: rejected (map area 15737.36->15737.36, delay 18.00->18.00).
phyopt: round=1 part=mid seed=n500(id=500 center=500 R=4 crit=0.394 pot=0.8030)
phyopt: rejected (map area 15737.36->15737.36, delay 18.00->18.00).
phyopt: round=1 part=mid seed=n7675(id=7675 center=7675 R=4 crit=0.394 pot=0.8030)
phyopt: rejected (map area 15737.36->15737.36, delay 18.00->18.00).
phyopt: round=1 part=mid seed=n11624(id=11624 center=11624 R=4 crit=0.394 pot=0.8030)
phyopt: rejected (map area 15737.36->15737.36, delay 18.00->18.00).
phyopt: round=1 part=mid seed=n13500(id=13500 center=13500 R=4 crit=0.394 pot=0.8030)
phyopt: rejected (map area 15737.36->15737.36, delay 18.00->18.00).
phyopt: round=1 part=mid seed=n16844(id=16844 center=16844 R=4 crit=0.394 pot=0.8030)
phyopt: rejected (map area 15737.36->15737.62, delay 18.00->18.00).
phyopt: round=1 part=mid seed=n23505(id=23505 center=23505 R=4 crit=0.394 pot=0.8030)
phyopt: accepted (map area 15737.36->15736.56, delay 18.00->18.00).
phyopt: round=1 part=mid seed=n23569(id=23569 center=23569 R=4 crit=0.394 pot=0.8030)
phyopt: accepted (map area 15736.56->15736.29, delay 18.00->18.00).
phyopt: round=1 part=mid seed=n23649(id=23649 center=23649 R=4 crit=0.394 pot=0.8030)
phyopt: accepted (map area 15736.29->15736.03, delay 18.00->18.00).
phyopt: round=1 part=mid seed=n23934(id=23934 center=23934 R=4 crit=0.394 pot=0.8030)
phyopt: rejected (map area 15736.03->15736.56, delay 18.00->18.00).
phyopt: round=1 part=mid seed=n47(id=47 center=47 R=4 crit=0.152 pot=0.8003)
phyopt: accepted (map area 15736.03->15735.23, delay 18.00->18.00).
phyopt: round=1 part=mid seed=n10303(id=10303 center=10303 R=4 crit=0.152 pot=0.8003)
phyopt: rejected (map area 15735.23->15735.23, delay 18.00->18.00).
phyopt: round=1 part=mid seed=n10304(id=10304 center=10304 R=4 crit=0.152 pot=0.8003)
phyopt: rejected (map area 15735.23->15735.23, delay 18.00->18.00).
phyopt: round=1 part=mid seed=n24037(id=24037 center=24037 R=4 crit=0.152 pot=0.8003)
phyopt: rejected (map area 15735.23->15735.23, delay 18.00->18.00).
phyopt: round=1 part=mid seed=n24280(id=24280 center=24280 R=4 crit=0.152 pot=0.8003)
phyopt: rejected (map area 15735.23->15735.23, delay 18.00->18.00).
phyopt: round=1 part=mid seed=n10532(id=10532 center=10532 R=4 crit=0.424 pot=0.7879)
phyopt: rejected (map area 15735.23->15736.03, delay 18.00->18.00).
phyopt: round=1 part=mid seed=n10708(id=10708 center=10708 R=4 crit=0.424 pot=0.7879)
phyopt: rejected (map area 15735.23->15736.83, delay 18.00->18.00).
phyopt: round=1 part=mid seed=n11315(id=11315 center=11315 R=4 crit=0.424 pot=0.7879)
phyopt: accepted (map area 15735.23->15733.10, delay 18.00->18.00).
phyopt: finished round 1/1.
phyopt: partition summary (tried/accepted):
  high : 10 / 21
  low  : 1 / 5
  mid  : 10 / 29
phyopt: per-part seed coverage (topK means top-5 potential within processed seeds):
  high: seeds=30 tried=21(70.0%) accepted=10(47.6%) skipped(marked=1,low_slack=0) topK(tried=5/5 accepted=5 hit=100.0%)
  low: seeds=6 tried=5(83.3%) accepted=1(20.0%) skipped(marked=1,low_slack=0) topK(tried=5/5 accepted=1 hit=20.0%)
  mid: seeds=30 tried=29(96.7%) accepted=10(34.5%) skipped(marked=1,low_slack=0) topK(tried=5/5 accepted=2 hit=40.0%)
phyopt: rejection reason breakdown:
  - runtime_or_eval_fail : 8
  - policy_tradeoff_reject : 17
  - delay_worse : 0
  - area_worse : 17
  - area_and_delay_worse : 0
  - low_part_delay_budget : 0
phyopt: skipped marked=3 low_slack=<0.10=0
phyopt: done, accepted=21 rejected=42 final_nodes=28461 final_levels=40.
Networks are equivalent.  Time =     1.26 sec
