======== ABC command line "source /tmp/ks_c880_k60_35465.scr"
Warning: Detected 2 multi-output cells (for example, "FA_X1").
mapper_extract: wrote 401 lines to "/mnt/d/My_abc_work/abc/my_work/k_scan_winvpair_11cxx/results/run_20260401_151836/c880/c880_k60.csv".
Loaded 401 physical records from /mnt/d/My_abc_work/abc/my_work/k_scan_winvpair_11cxx/results/run_20260401_151836/c880/c880_k60.csv
Potential rebuilt: alpha(low/mid/high)=0.200/0.500/0.800 avg_struct=0.7036 avg_slack=0.1397 avg_opt_mid=0.4217
Physical records : 401
Gate summary     : NAND=216 AND=109 INV=76 OTHER=0
Alpha (L/M/H)    : 0.200 / 0.500 / 0.800
StructW(i/p/f/g) : 0.500 / 0.400 / 0.050 / 0.050
phyopt: start rounds=1, criticality partitions high(>=0.900)->low(<=0.250)->mid, window=16.
phyopt: objective=map(area,delay), low-part delay budget=+10% from pre-opt.
phyopt: round=1 partition sizes high=259 low=7 mid=135.
phyopt: round=1 part=high seed=n292(id=292 center=292 R=5 crit=0.962 pot=0.2308)
phyopt: rejected (map area 210.67->213.86, delay 12.00->12.00).
phyopt: round=1 part=high seed=n218(id=218 center=218 R=5 crit=0.923 pot=0.2185)
phyopt: accepted (map area 210.67->203.22, delay 12.00->12.00).
phyopt: round=1 part=high seed=n221(id=221 center=221 R=5 crit=0.923 pot=0.2185)
phyopt: rejected (map area 203.22->209.08, delay 12.00->12.00).
phyopt: round=1 part=high seed=n234(id=234 center=234 R=5 crit=0.923 pot=0.2185)
phyopt: rejected (map area 203.22->204.29, delay 12.00->12.00).
phyopt: round=1 part=high seed=n235(id=235 center=235 R=5 crit=0.923 pot=0.2185)
phyopt: rejected (map area 203.22->209.87, delay 12.00->12.00).
phyopt: round=1 part=high seed=n236(id=236 center=236 R=5 crit=0.923 pot=0.2185)
phyopt: rejected (map area 203.22->202.16, delay 12.00->13.00).
phyopt: round=1 part=high seed=n237(id=237 center=237 R=5 crit=0.923 pot=0.2185)
phyopt: rejected (map area 203.22->209.61, delay 12.00->13.00).
phyopt: round=1 part=high seed=n250(id=250 center=250 R=5 crit=0.923 pot=0.2185)
phyopt: rejected (map area 203.22->204.82, delay 12.00->12.00).
phyopt: round=1 part=high seed=n253(id=253 center=253 R=5 crit=0.923 pot=0.2185)
phyopt: rejected (map area 203.22->210.41, delay 12.00->12.00).
phyopt: round=1 part=high seed=n300(id=300 center=300 R=5 crit=0.923 pot=0.2185)
phyopt: rejected (map area 203.22->212.53, delay 12.00->12.00).
phyopt: round=1 part=high seed=n302(id=302 center=302 R=5 crit=0.923 pot=0.2185)
phyopt: rejected (map area 203.22->212.53, delay 12.00->12.00).
phyopt: round=1 part=high seed=n317(id=317 center=317 R=5 crit=0.923 pot=0.2154)
phyopt: rejected (map area 203.22->212.27, delay 12.00->12.00).
phyopt: round=1 part=high seed=n104(id=104 center=104 R=6 crit=1.000 pot=0.2000)
phyopt: accepted (map area 203.22->202.69, delay 12.00->12.00).
phyopt: round=1 part=high seed=n105(id=105 center=105 R=6 crit=1.000 pot=0.2000)
phyopt: rejected (map area 202.69->203.22, delay 12.00->12.00).
phyopt: round=1 part=high seed=n108(id=108 center=108 R=6 crit=1.000 pot=0.2000)
phyopt: rejected (map area 202.69->203.22, delay 12.00->12.00).
phyopt: round=1 part=high seed=n120(id=120 center=120 R=6 crit=1.000 pot=0.2000)
phyopt: accepted (map area 202.69->202.69, delay 12.00->12.00).
phyopt: round=1 part=high seed=n121(id=121 center=121 R=6 crit=1.000 pot=0.2000)
phyopt: accepted (map area 202.69->202.69, delay 12.00->12.00).
phyopt: round=1 part=high seed=n125(id=125 center=125 R=6 crit=1.000 pot=0.2000)
phyopt: accepted (map area 202.69->202.69, delay 12.00->12.00).
phyopt: round=1 part=high seed=n126(id=126 center=126 R=6 crit=1.000 pot=0.2000)
phyopt: accepted (map area 202.69->202.69, delay 12.00->12.00).
phyopt: round=1 part=high seed=n130(id=130 center=130 R=6 crit=1.000 pot=0.2000)
phyopt: accepted (map area 202.69->202.69, delay 12.00->12.00).
phyopt: round=1 part=high seed=n131(id=131 center=131 R=6 crit=1.000 pot=0.2000)
phyopt: accepted (map area 202.69->202.69, delay 12.00->12.00).
phyopt: round=1 part=high seed=n134(id=134 center=134 R=6 crit=1.000 pot=0.2000)
phyopt: accepted (map area 202.69->202.69, delay 12.00->12.00).
phyopt: round=1 part=high seed=n140(id=140 center=140 R=6 crit=1.000 pot=0.2000)
phyopt: accepted (map area 202.69->202.69, delay 12.00->12.00).
phyopt: round=1 part=high seed=n141(id=141 center=141 R=6 crit=1.000 pot=0.2000)
phyopt: accepted (map area 202.69->202.69, delay 12.00->12.00).
phyopt: round=1 part=high seed=n145(id=145 center=145 R=6 crit=1.000 pot=0.2000)
phyopt: accepted (map area 202.69->202.69, delay 12.00->12.00).
phyopt: round=1 part=high seed=n146(id=146 center=146 R=6 crit=1.000 pot=0.2000)
phyopt: rejected (map area 202.69->202.96, delay 12.00->12.00).
phyopt: round=1 part=high seed=n150(id=150 center=150 R=6 crit=1.000 pot=0.2000)
phyopt: rejected (map area 202.69->203.49, delay 12.00->12.00).
phyopt: round=1 part=high seed=n151(id=151 center=151 R=6 crit=1.000 pot=0.2000)
phyopt: rejected (map area 202.69->205.09, delay 12.00->12.00).
phyopt: round=1 part=high seed=n154(id=154 center=154 R=6 crit=1.000 pot=0.2000)
phyopt: rejected (map area 202.69->205.62, delay 12.00->12.00).
phyopt: round=1 part=high seed=n160(id=160 center=160 R=6 crit=1.000 pot=0.2000)
phyopt: accepted (map area 202.69->202.69, delay 12.00->12.00).
phyopt: round=1 part=high seed=n161(id=161 center=161 R=6 crit=1.000 pot=0.2000)
phyopt: rejected (map area 202.69->206.15, delay 12.00->12.00).
phyopt: round=1 part=high seed=n175(id=175 center=175 R=6 crit=1.000 pot=0.2000)
phyopt: accepted (map area 202.69->201.89, delay 12.00->12.00).
phyopt: round=1 part=high seed=n176(id=176 center=176 R=6 crit=1.000 pot=0.2000)
phyopt: rejected (map area 201.89->197.90, delay 12.00->13.00).
phyopt: round=1 part=high seed=n179(id=179 center=179 R=6 crit=1.000 pot=0.2000)
phyopt: accepted (map area 201.89->201.63, delay 12.00->12.00).
phyopt: round=1 part=high seed=n194(id=194 center=194 R=6 crit=1.000 pot=0.2000)
phyopt: rejected (map area 201.63->203.49, delay 12.00->13.00).
phyopt: round=1 part=high seed=n195(id=195 center=195 R=6 crit=1.000 pot=0.2000)
phyopt: accepted (map area 201.63->197.37, delay 12.00->12.00).
phyopt: round=1 part=high seed=n198(id=198 center=198 R=6 crit=1.000 pot=0.2000)
phyopt: rejected (map area 197.37->211.20, delay 12.00->13.00).
phyopt: round=1 part=high seed=n204(id=204 center=204 R=6 crit=1.000 pot=0.2000)
phyopt: rejected (map area 197.37->198.17, delay 12.00->12.00).
phyopt: round=1 part=high seed=n205(id=205 center=205 R=6 crit=1.000 pot=0.2000)
phyopt: rejected (map area 197.37->211.47, delay 12.00->12.00).
phyopt: round=1 part=high seed=n227(id=227 center=227 R=6 crit=1.000 pot=0.2000)
phyopt: accepted (map area 197.37->196.84, delay 12.00->12.00).
phyopt: round=1 part=high seed=n228(id=228 center=228 R=6 crit=1.000 pot=0.2000)
phyopt: accepted (map area 196.84->195.51, delay 12.00->12.00).
phyopt: round=1 part=high seed=n245(id=245 center=245 R=6 crit=1.000 pot=0.2000)
phyopt: rejected (map area 195.51->196.31, delay 12.00->13.00).
phyopt: round=1 part=high seed=n281(id=281 center=281 R=6 crit=1.000 pot=0.2000)
phyopt: rejected (map area 195.51->200.56, delay 12.00->14.00).
phyopt: round=1 part=high seed=n286(id=286 center=286 R=6 crit=1.000 pot=0.2000)
phyopt: rejected (map area 195.51->197.37, delay 12.00->13.00).
phyopt: round=1 part=high seed=n304(id=304 center=304 R=6 crit=1.000 pot=0.2000)
phyopt: rejected (map area 195.51->200.30, delay 12.00->14.00).
phyopt: round=1 part=high seed=n329(id=329 center=329 R=6 crit=1.000 pot=0.2000)
phyopt: accepted (map area 195.51->194.98, delay 12.00->12.00).
phyopt: round=1 part=high seed=n349(id=349 center=349 R=6 crit=1.000 pot=0.2000)
phyopt: rejected (map area 194.98->188.33, delay 12.00->14.00).
phyopt: round=1 part=high seed=n379(id=379 center=379 R=6 crit=1.000 pot=0.2000)
Object with ID 379 is not a node or reg output.
Error: Extracting sequential window has failed.
Error: phyopt: local optimization failed at round 1 part 1. Rolling back.
The node "n421" with ID 421 is not in the current network.
phyopt: skip seed=n421 (cannot resolve center node in current AIG).
The node "n439" with ID 439 is not in the current network.
phyopt: skip seed=n439 (cannot resolve center node in current AIG).
The node "n462" with ID 462 is not in the current network.
phyopt: skip seed=n462 (cannot resolve center node in current AIG).
The node "n480" with ID 480 is not in the current network.
phyopt: skip seed=n480 (cannot resolve center node in current AIG).
phyopt: round=1 part=high seed=n113(id=113 center=113 R=5 crit=0.962 pot=0.1877)
phyopt: rejected (map area 194.98->195.51, delay 12.00->12.00).
phyopt: round=1 part=high seed=n119(id=119 center=119 R=5 crit=0.962 pot=0.1877)
phyopt: accepted (map area 194.98->194.98, delay 12.00->12.00).
phyopt: round=1 part=high seed=n124(id=124 center=124 R=5 crit=0.962 pot=0.1877)
phyopt: accepted (map area 194.98->194.98, delay 12.00->12.00).
phyopt: round=1 part=high seed=n129(id=129 center=129 R=5 crit=0.962 pot=0.1877)
phyopt: accepted (map area 194.98->194.98, delay 12.00->12.00).
phyopt: round=1 part=high seed=n137(id=137 center=137 R=5 crit=0.962 pot=0.1877)
phyopt: accepted (map area 194.98->194.98, delay 12.00->12.00).
phyopt: round=1 part=high seed=n139(id=139 center=139 R=5 crit=0.962 pot=0.1877)
phyopt: accepted (map area 194.98->194.98, delay 12.00->12.00).
phyopt: round=1 part=high seed=n144(id=144 center=144 R=5 crit=0.962 pot=0.1877)
phyopt: accepted (map area 194.98->194.98, delay 12.00->12.00).
The node "n438" with ID 438 is not in the current network.
phyopt: skip seed=n438 (cannot resolve center node in current AIG).
The node "n430" with ID 430 is not in the current network.
phyopt: skip seed=n430 (cannot resolve center node in current AIG).
The node "n456" with ID 456 is not in the current network.
phyopt: skip seed=n456 (cannot resolve center node in current AIG).
The node "n478" with ID 478 is not in the current network.
phyopt: skip seed=n478 (cannot resolve center node in current AIG).
The node "n420" with ID 420 is not in the current network.
phyopt: skip seed=n420 (cannot resolve center node in current AIG).
The node "n448" with ID 448 is not in the current network.
phyopt: skip seed=n448 (cannot resolve center node in current AIG).
The node "n471" with ID 471 is not in the current network.
phyopt: skip seed=n471 (cannot resolve center node in current AIG).
The node "n435" with ID 435 is not in the current network.
phyopt: skip seed=n435 (cannot resolve center node in current AIG).
phyopt: round=1 part=mid seed=n279(id=279 center=279 R=4 crit=0.269 pot=0.7578)
phyopt: rejected (map area 194.98->197.64, delay 12.00->12.00).
The node "n413" with ID 413 is not in the current network.
phyopt: skip seed=n413 (cannot resolve center node in current AIG).
The node "n429" with ID 429 is not in the current network.
phyopt: skip seed=n429 (cannot resolve center node in current AIG).
The node "n431" with ID 431 is not in the current network.
phyopt: skip seed=n431 (cannot resolve center node in current AIG).
phyopt: round=1 part=mid seed=n255(id=255 center=255 R=4 crit=0.538 pot=0.7308)
phyopt: accepted (map area 194.98->194.45, delay 12.00->12.00).
The node "n453" with ID 453 is not in the current network.
phyopt: skip seed=n453 (cannot resolve center node in current AIG).
phyopt: round=1 part=mid seed=n313(id=313 center=313 R=4 crit=0.346 pot=0.7193)
phyopt: rejected (map area 194.45->198.44, delay 12.00->12.00).
phyopt: round=1 part=mid seed=n323(id=323 center=323 R=4 crit=0.346 pot=0.7193)
phyopt: rejected (map area 194.45->198.97, delay 12.00->12.00).
phyopt: round=1 part=mid seed=n357(id=357 center=357 R=4 crit=0.346 pot=0.7193)
phyopt: rejected (map area 194.45->198.17, delay 12.00->12.00).
The node "n408" with ID 408 is not in the current network.
phyopt: skip seed=n408 (cannot resolve center node in current AIG).
phyopt: round=1 part=mid seed=n268(id=268 center=268 R=4 crit=0.385 pot=0.7001)
phyopt: rejected (map area 194.45->200.30, delay 12.00->12.00).
phyopt: round=1 part=mid seed=n338(id=338 center=338 R=4 crit=0.385 pot=0.7001)
phyopt: accepted (map area 194.45->193.38, delay 12.00->12.00).
phyopt: round=1 part=mid seed=n347(id=347 center=347 R=4 crit=0.385 pot=0.7001)
phyopt: rejected (map area 193.38->190.99, delay 12.00->13.00).
phyopt: round=1 part=mid seed=n214(id=214 center=214 R=4 crit=0.423 pot=0.6809)
phyopt: rejected (map area 193.38->200.83, delay 12.00->12.00).
phyopt: round=1 part=mid seed=n254(id=254 center=254 R=4 crit=0.423 pot=0.6809)
phyopt: rejected (map area 193.38->193.38, delay 12.00->12.00).
The node "n436" with ID 436 is not in the current network.
phyopt: skip seed=n436 (cannot resolve center node in current AIG).
The node "n447" with ID 447 is not in the current network.
phyopt: skip seed=n447 (cannot resolve center node in current AIG).
The node "n449" with ID 449 is not in the current network.
phyopt: skip seed=n449 (cannot resolve center node in current AIG).
The node "n470" with ID 470 is not in the current network.
phyopt: skip seed=n470 (cannot resolve center node in current AIG).
The node "n472" with ID 472 is not in the current network.
phyopt: skip seed=n472 (cannot resolve center node in current AIG).
phyopt: round=1 part=mid seed=n312(id=312 center=312 R=4 crit=0.462 pot=0.6616)
phyopt: rejected (map area 193.38->193.38, delay 12.00->12.00).
phyopt: round=1 part=mid seed=n388(id=388 center=388 R=4 crit=0.462 pot=0.6616)
Object with ID 388 is not a node or reg output.
Error: Extracting sequential window has failed.
Error: phyopt: local optimization failed at round 1 part 3. Rolling back.
phyopt: round=1 part=mid seed=n276(id=276 center=276 R=4 crit=0.692 pot=0.6538)
phyopt: rejected (map area 193.38->193.91, delay 12.00->12.00).
phyopt: round=1 part=mid seed=n394(id=394 center=394 R=4 crit=0.692 pot=0.6538)
Object with ID 394 is not a node or reg output.
Error: Extracting sequential window has failed.
Error: phyopt: local optimization failed at round 1 part 3. Rolling back.
phyopt: round=1 part=mid seed=n337(id=337 center=337 R=4 crit=0.500 pot=0.6424)
phyopt: rejected (map area 193.38->193.38, delay 12.00->12.00).
The node "n412" with ID 412 is not in the current network.
phyopt: skip seed=n412 (cannot resolve center node in current AIG).
The node "n414" with ID 414 is not in the current network.
phyopt: skip seed=n414 (cannot resolve center node in current AIG).
The node "n434" with ID 434 is not in the current network.
phyopt: skip seed=n434 (cannot resolve center node in current AIG).
The node "n437" with ID 437 is not in the current network.
phyopt: skip seed=n437 (cannot resolve center node in current AIG).
phyopt: round=1 part=mid seed=n208(id=208 center=208 R=4 crit=0.538 pot=0.6232)
phyopt: rejected (map area 193.38->196.04, delay 12.00->12.00).
phyopt: round=1 part=mid seed=n209(id=209 center=209 R=4 crit=0.538 pot=0.6232)
phyopt: rejected (map area 193.38->193.38, delay 12.00->12.00).
phyopt: round=1 part=mid seed=n210(id=210 center=210 R=4 crit=0.538 pot=0.6232)
phyopt: rejected (map area 193.38->197.64, delay 12.00->13.00).
phyopt: round=1 part=mid seed=n211(id=211 center=211 R=4 crit=0.538 pot=0.6232)
phyopt: rejected (map area 193.38->202.96, delay 12.00->13.00).
phyopt: round=1 part=mid seed=n213(id=213 center=213 R=4 crit=0.538 pot=0.6232)
phyopt: rejected (map area 193.38->197.11, delay 12.00->13.00).
phyopt: round=1 part=mid seed=n361(id=361 center=361 R=4 crit=0.538 pot=0.6232)
phyopt: rejected (map area 193.38->195.51, delay 12.00->12.00).
phyopt: round=1 part=mid seed=n365(id=365 center=365 R=4 crit=0.538 pot=0.6232)
phyopt: rejected (map area 193.38->194.71, delay 12.00->12.00).
phyopt: round=1 part=mid seed=n370(id=370 center=370 R=4 crit=0.538 pot=0.6232)
phyopt: rejected (map area 193.38->195.51, delay 12.00->12.00).
phyopt: round=1 part=mid seed=n380(id=380 center=380 R=4 crit=0.538 pot=0.6232)
Object with ID 380 is not a node or reg output.
Error: Extracting sequential window has failed.
Error: phyopt: local optimization failed at round 1 part 3. Rolling back.
The node "n454" with ID 454 is not in the current network.
phyopt: skip seed=n454 (cannot resolve center node in current AIG).
The node "n476" with ID 476 is not in the current network.
phyopt: skip seed=n476 (cannot resolve center node in current AIG).
phyopt: round=1 part=mid seed=n156(id=156 center=156 R=4 crit=0.769 pot=0.6154)
phyopt: rejected (map area 193.38->193.38, delay 12.00->12.00).
phyopt: round=1 part=mid seed=n200(id=200 center=200 R=4 crit=0.769 pot=0.6154)
phyopt: rejected (map area 193.38->194.45, delay 12.00->12.00).
phyopt: round=1 part=mid seed=n320(id=320 center=320 R=4 crit=0.769 pot=0.6154)
phyopt: rejected (map area 193.38->195.78, delay 12.00->12.00).
phyopt: round=1 part=mid seed=n376(id=376 center=376 R=4 crit=0.769 pot=0.6154)
Object with ID 376 is not a node or reg output.
Error: Extracting sequential window has failed.
Error: phyopt: local optimization failed at round 1 part 3. Rolling back.
phyopt: round=1 part=mid seed=n386(id=386 center=386 R=4 crit=0.769 pot=0.6154)
Object with ID 386 is not a node or reg output.
Error: Extracting sequential window has failed.
Error: phyopt: local optimization failed at round 1 part 3. Rolling back.
phyopt: round=1 part=mid seed=n267(id=267 center=267 R=4 crit=0.577 pot=0.6040)
phyopt: rejected (map area 193.38->201.36, delay 12.00->12.00).
phyopt: round=1 part=mid seed=n269(id=269 center=269 R=4 crit=0.577 pot=0.6040)
phyopt: rejected (map area 193.38->205.35, delay 12.00->12.00).
phyopt: round=1 part=mid seed=n358(id=358 center=358 R=4 crit=0.577 pot=0.6040)
phyopt: rejected (map area 193.38->193.38, delay 12.00->12.00).
phyopt: round=1 part=mid seed=n359(id=359 center=359 R=4 crit=0.577 pot=0.6040)
phyopt: rejected (map area 193.38->193.65, delay 12.00->13.00).
The node "n409" with ID 409 is not in the current network.
phyopt: skip seed=n409 (cannot resolve center node in current AIG).
The node "n432" with ID 432 is not in the current network.
phyopt: skip seed=n432 (cannot resolve center node in current AIG).
The node "n418" with ID 418 is not in the current network.
phyopt: skip seed=n418 (cannot resolve center node in current AIG).
The node "n452" with ID 452 is not in the current network.
phyopt: skip seed=n452 (cannot resolve center node in current AIG).
The node "n455" with ID 455 is not in the current network.
phyopt: skip seed=n455 (cannot resolve center node in current AIG).
The node "n475" with ID 475 is not in the current network.
phyopt: skip seed=n475 (cannot resolve center node in current AIG).
The node "n477" with ID 477 is not in the current network.
phyopt: skip seed=n477 (cannot resolve center node in current AIG).
phyopt: round=1 part=mid seed=n270(id=270 center=270 R=4 crit=0.846 pot=0.5769)
phyopt: rejected (map area 193.38->210.14, delay 12.00->12.00).
phyopt: round=1 part=mid seed=n391(id=391 center=391 R=4 crit=0.654 pot=0.5655)
Object with ID 391 is not a node or reg output.
Error: Extracting sequential window has failed.
Error: phyopt: local optimization failed at round 1 part 3. Rolling back.
phyopt: round=1 part=mid seed=n392(id=392 center=392 R=4 crit=0.654 pot=0.5655)
Object with ID 392 is not a node or reg output.
Error: Extracting sequential window has failed.
Error: phyopt: local optimization failed at round 1 part 3. Rolling back.
phyopt: finished round 1/1.
phyopt: partition summary (tried/accepted):
  high : 25 / 55
  low  : 0 / 0
  mid  : 2 / 36
phyopt: per-part seed coverage (topK means top-5 potential within processed seeds):
  high: seeds=60 tried=55(91.7%) accepted=25(45.5%) skipped(marked=1,low_slack=0) topK(tried=4/5 accepted=1 hit=25.0%)
  low: seeds=7 tried=0(0.0%) accepted=0(0.0%) skipped(marked=0,low_slack=0) topK(tried=0/5 accepted=0 hit=0.0%)
  mid: seeds=60 tried=36(60.0%) accepted=2(5.6%) skipped(marked=0,low_slack=0) topK(tried=1/5 accepted=0 hit=0.0%)
phyopt: rejection reason breakdown:
  - runtime_or_eval_fail : 43
  - policy_tradeoff_reject : 6
  - delay_worse : 4
  - area_worse : 35
  - area_and_delay_worse : 11
  - low_part_delay_budget : 0
phyopt: skipped marked=1 low_slack=<0.10=0
phyopt: done, accepted=27 rejected=99 final_nodes=314 final_levels=26.
Networks are equivalent.  Time =     0.02 sec
