======== ABC command line "source /tmp/ablation_ex212_baseline_285.scr"
Warning: Detected 2 multi-output cells (for example, "FA_X1").
mapper_extract: wrote 1484 lines to "/mnt/d/My_abc_work/abc/my_work/ablation_results/ex212/ex212_baseline.csv".
Loaded 1484 physical records from /mnt/d/My_abc_work/abc/my_work/ablation_results/ex212/ex212_baseline.csv
Potential rebuilt: alpha(low/mid/high)=0.200/0.500/0.800 avg_struct=0.7152 avg_slack=0.1534 avg_opt_mid=0.4343
Physical records : 1484
Gate summary     : NAND=750 AND=644 INV=89 OTHER=1
Alpha (L/M/H)    : 0.200 / 0.500 / 0.800
StructW(i/p/f/g) : 0.400 / 0.300 / 0.200 / 0.100
phyopt: start rounds=1, criticality partitions high(>=0.800)->low(<=0.300)->mid, window=16.
phyopt: objective=map(area,delay), low-part delay budget=+10% from pre-opt.
phyopt: round=1 partition sizes high=903 low=16 mid=565.
phyopt: round=1 part=high seed=n120(id=120 center=120 R=5 crit=0.842 pot=0.3263)
phyopt: accepted (map area 750.92->746.93, delay 12.00->12.00).
phyopt: round=1 part=high seed=n124(id=124 center=124 R=5 crit=0.842 pot=0.3263)
phyopt: rejected (map area 746.93->747.19, delay 12.00->12.00).
phyopt: round=1 part=high seed=n216(id=216 center=216 R=5 crit=0.842 pot=0.3263)
phyopt: accepted (map area 746.93->745.07, delay 12.00->12.00).
phyopt: round=1 part=high seed=n462(id=462 center=462 R=5 crit=0.842 pot=0.3263)
phyopt: accepted (map area 745.07->744.27, delay 12.00->12.00).
phyopt: round=1 part=high seed=n555(id=555 center=555 R=5 crit=0.842 pot=0.3263)
phyopt: accepted (map area 744.27->743.47, delay 12.00->12.00).
phyopt: round=1 part=high seed=n613(id=613 center=613 R=5 crit=0.842 pot=0.3263)
phyopt: rejected (map area 743.47->745.07, delay 12.00->12.00).
phyopt: round=1 part=high seed=n1168(id=1168 center=1168 R=5 crit=0.842 pot=0.3263)
phyopt: accepted (map area 743.47->742.14, delay 12.00->12.00).
phyopt: round=1 part=high seed=n1218(id=1218 center=1218 R=5 crit=0.842 pot=0.3263)
phyopt: accepted (map area 742.14->741.34, delay 12.00->12.00).
phyopt: round=1 part=high seed=n1271(id=1271 center=1271 R=5 crit=0.842 pot=0.3263)
phyopt: rejected (map area 741.34->741.87, delay 12.00->12.00).
phyopt: round=1 part=high seed=n455(id=455 center=455 R=5 crit=0.895 pot=0.2842)
phyopt: accepted (map area 741.34->740.81, delay 12.00->12.00).
phyopt: round=1 part=high seed=n614(id=614 center=614 R=5 crit=0.895 pot=0.2842)
phyopt: accepted (map area 740.81->739.75, delay 12.00->12.00).
phyopt: round=1 part=high seed=n1231(id=1231 center=1231 R=5 crit=0.895 pot=0.2842)
phyopt: accepted (map area 739.75->736.02, delay 12.00->12.00).
phyopt: round=1 part=high seed=n1288(id=1288 center=1288 R=5 crit=0.895 pot=0.2842)
phyopt: rejected (map area 736.02->738.15, delay 12.00->12.00).
phyopt: round=1 part=high seed=n1347(id=1347 center=1347 R=5 crit=0.895 pot=0.2842)
phyopt: accepted (map area 736.02->727.51, delay 12.00->12.00).
The node "n1495" with ID 1495 is not in the current network.
phyopt: skip seed=n1495 (cannot resolve center node in current AIG).
The node "n1506" with ID 1506 is not in the current network.
phyopt: skip seed=n1506 (cannot resolve center node in current AIG).
The node "n1513" with ID 1513 is not in the current network.
phyopt: skip seed=n1513 (cannot resolve center node in current AIG).
phyopt: round=1 part=high seed=n125(id=125 center=125 R=5 crit=0.842 pot=0.2768)
phyopt: accepted (map area 727.51->726.45, delay 12.00->12.00).
phyopt: round=1 part=high seed=n127(id=127 center=127 R=5 crit=0.842 pot=0.2768)
phyopt: accepted (map area 726.45->726.45, delay 12.00->12.00).
phyopt: round=1 part=high seed=n132(id=132 center=132 R=5 crit=0.842 pot=0.2768)
phyopt: accepted (map area 726.45->726.45, delay 12.00->12.00).
phyopt: round=1 part=high seed=n139(id=139 center=139 R=5 crit=0.842 pot=0.2768)
phyopt: accepted (map area 726.45->724.05, delay 12.00->12.00).
phyopt: round=1 part=high seed=n214(id=214 center=214 R=5 crit=0.842 pot=0.2768)
phyopt: accepted (map area 724.05->722.99, delay 12.00->12.00).
phyopt: round=1 part=high seed=n340(id=340 center=340 R=5 crit=0.842 pot=0.2768)
phyopt: rejected (map area 722.99->724.85, delay 12.00->12.00).
phyopt: round=1 part=high seed=n341(id=341 center=341 R=5 crit=0.842 pot=0.2768)
phyopt: accepted (map area 722.99->722.72, delay 12.00->12.00).
phyopt: round=1 part=low seed=n1028(id=1028 center=1028 R=3 crit=0.000 pot=0.8018)
phyopt: rejected (map area 722.72->722.72, delay 12.00->12.00).
phyopt: round=1 part=low seed=n1029(id=1029 center=1029 R=3 crit=0.053 pot=0.7912)
phyopt: rejected (map area 722.72->722.72, delay 12.00->12.00).
phyopt: round=1 part=low seed=n1026(id=1026 center=1026 R=3 crit=0.105 pot=0.7807)
phyopt: rejected (map area 722.72->722.72, delay 12.00->12.00).
phyopt: round=1 part=low seed=n1027(id=1027 center=1027 R=3 crit=0.105 pot=0.7807)
phyopt: rejected (map area 722.72->722.72, delay 12.00->12.00).
phyopt: round=1 part=low seed=n1030(id=1030 center=1030 R=3 crit=0.105 pot=0.7807)
phyopt: accepted (map area 722.72->722.46, delay 12.00->12.00).
phyopt: round=1 part=low seed=n975(id=975 center=975 R=3 crit=0.211 pot=0.7596)
phyopt: accepted (map area 722.46->721.92, delay 12.00->12.00).
phyopt: round=1 part=low seed=n649(id=649 center=649 R=3 crit=0.263 pot=0.7491)
phyopt: rejected (map area 721.92->721.92, delay 12.00->12.00).
phyopt: round=1 part=low seed=n651(id=651 center=651 R=3 crit=0.263 pot=0.7491)
phyopt: rejected (map area 721.92->722.46, delay 12.00->12.00).
phyopt: round=1 part=low seed=n652(id=652 center=652 R=3 crit=0.263 pot=0.7491)
phyopt: rejected (map area 721.92->721.92, delay 12.00->12.00).
phyopt: round=1 part=low seed=n653(id=653 center=653 R=3 crit=0.263 pot=0.7491)
phyopt: rejected (map area 721.92->721.92, delay 12.00->12.00).
phyopt: round=1 part=low seed=n654(id=654 center=654 R=3 crit=0.263 pot=0.7491)
phyopt: rejected (map area 721.92->721.92, delay 12.00->12.00).
phyopt: round=1 part=low seed=n969(id=969 center=969 R=3 crit=0.263 pot=0.7491)
phyopt: rejected (map area 721.92->722.46, delay 12.00->12.00).
phyopt: round=1 part=low seed=n970(id=970 center=970 R=3 crit=0.263 pot=0.7491)
phyopt: rejected (map area 721.92->722.19, delay 12.00->12.00).
phyopt: round=1 part=low seed=n971(id=971 center=971 R=3 crit=0.263 pot=0.7491)
phyopt: rejected (map area 721.92->721.92, delay 12.00->12.00).
phyopt: round=1 part=low seed=n977(id=977 center=977 R=3 crit=0.263 pot=0.7491)
phyopt: rejected (map area 721.92->721.92, delay 12.00->12.00).
The node "n1416" with ID 1416 is not in the current network.
phyopt: skip seed=n1416 (cannot resolve center node in current AIG).
phyopt: round=1 part=mid seed=n897(id=897 center=897 R=4 crit=0.421 pot=0.6656)
phyopt: rejected (map area 721.92->722.19, delay 12.00->12.00).
phyopt: round=1 part=mid seed=n898(id=898 center=898 R=4 crit=0.421 pot=0.6656)
phyopt: rejected (map area 721.92->722.19, delay 12.00->12.00).
phyopt: round=1 part=mid seed=n899(id=899 center=899 R=4 crit=0.421 pot=0.6656)
phyopt: rejected (map area 721.92->722.19, delay 12.00->12.00).
phyopt: round=1 part=mid seed=n144(id=144 center=144 R=4 crit=0.684 pot=0.6579)
phyopt: rejected (map area 721.92->721.92, delay 12.00->12.00).
phyopt: round=1 part=mid seed=n777(id=777 center=777 R=4 crit=0.684 pot=0.6579)
phyopt: rejected (map area 721.92->721.92, delay 12.00->12.00).
phyopt: round=1 part=mid seed=n779(id=779 center=779 R=4 crit=0.684 pot=0.6579)
phyopt: rejected (map area 721.92->744.00, delay 12.00->11.00).
phyopt: round=1 part=mid seed=n949(id=949 center=949 R=4 crit=0.684 pot=0.6579)
phyopt: accepted (map area 721.92->721.39, delay 12.00->12.00).
The node "n1420" with ID 1420 is not in the current network.
phyopt: skip seed=n1420 (cannot resolve center node in current AIG).
The node "n1422" with ID 1422 is not in the current network.
phyopt: skip seed=n1422 (cannot resolve center node in current AIG).
phyopt: round=1 part=mid seed=n273(id=273 center=273 R=4 crit=0.474 pot=0.6393)
phyopt: rejected (map area 721.39->721.39, delay 12.00->12.00).
phyopt: round=1 part=mid seed=n274(id=274 center=274 R=4 crit=0.474 pot=0.6393)
phyopt: rejected (map area 721.39->721.39, delay 12.00->12.00).
phyopt: round=1 part=mid seed=n398(id=398 center=398 R=4 crit=0.474 pot=0.6393)
phyopt: accepted (map area 721.39->721.13, delay 12.00->12.00).
phyopt: round=1 part=mid seed=n407(id=407 center=407 R=4 crit=0.474 pot=0.6393)
phyopt: accepted (map area 721.13->720.86, delay 12.00->12.00).
phyopt: round=1 part=mid seed=n409(id=409 center=409 R=4 crit=0.474 pot=0.6393)
phyopt: rejected (map area 720.86->721.66, delay 12.00->12.00).
phyopt: round=1 part=mid seed=n410(id=410 center=410 R=4 crit=0.474 pot=0.6393)
phyopt: accepted (map area 720.86->716.87, delay 12.00->12.00).
phyopt: round=1 part=mid seed=n474(id=474 center=474 R=4 crit=0.737 pot=0.6316)
phyopt: rejected (map area 716.87->717.14, delay 12.00->12.00).
phyopt: round=1 part=mid seed=n401(id=401 center=401 R=4 crit=0.526 pot=0.6129)
phyopt: accepted (map area 716.87->716.34, delay 12.00->12.00).
phyopt: round=1 part=mid seed=n402(id=402 center=402 R=4 crit=0.526 pot=0.6129)
phyopt: rejected (map area 716.34->716.34, delay 12.00->12.00).
phyopt: round=1 part=mid seed=n891(id=891 center=891 R=4 crit=0.526 pot=0.6129)
phyopt: rejected (map area 716.34->717.40, delay 12.00->12.00).
phyopt: round=1 part=mid seed=n892(id=892 center=892 R=4 crit=0.526 pot=0.6129)
phyopt: accepted (map area 716.34->709.16, delay 12.00->12.00).
The node "n1425" with ID 1425 is not in the current network.
phyopt: skip seed=n1425 (cannot resolve center node in current AIG).
phyopt: round=1 part=mid seed=n275(id=275 center=275 R=4 crit=0.474 pot=0.6075)
phyopt: accepted (map area 709.16->706.23, delay 12.00->12.00).
phyopt: round=1 part=mid seed=n351(id=351 center=351 R=4 crit=0.789 pot=0.6053)
phyopt: accepted (map area 706.23->705.17, delay 12.00->12.00).
phyopt: round=1 part=mid seed=n485(id=485 center=485 R=4 crit=0.789 pot=0.6053)
phyopt: accepted (map area 705.17->700.11, delay 12.00->12.00).
phyopt: round=1 part=mid seed=n727(id=727 center=727 R=4 crit=0.789 pot=0.6053)
phyopt: rejected (map area 700.11->702.51, delay 12.00->11.00).
phyopt: round=1 part=mid seed=n807(id=807 center=807 R=4 crit=0.789 pot=0.6053)
phyopt: rejected (map area 700.11->700.91, delay 12.00->12.00).
phyopt: round=1 part=mid seed=n1100(id=1100 center=1100 R=4 crit=0.789 pot=0.6053)
phyopt: rejected (map area 700.11->700.64, delay 12.00->12.00).
phyopt: round=1 part=mid seed=n1156(id=1156 center=1156 R=4 crit=0.789 pot=0.6053)
phyopt: rejected (map area 700.11->700.11, delay 12.00->12.00).
phyopt: finished round 1/1.
phyopt: partition summary (tried/accepted):
  high : 16 / 21
  low  : 2 / 15
  mid  : 9 / 25
phyopt: per-part seed coverage (topK means top-5 potential within processed seeds):
  high: seeds=30 tried=21(70.0%) accepted=16(76.2%) skipped(marked=6,low_slack=0) topK(tried=5/5 accepted=4 hit=80.0%)
  low: seeds=16 tried=15(93.8%) accepted=2(13.3%) skipped(marked=1,low_slack=0) topK(tried=5/5 accepted=1 hit=20.0%)
  mid: seeds=30 tried=25(83.3%) accepted=9(36.0%) skipped(marked=1,low_slack=0) topK(tried=4/5 accepted=0 hit=0.0%)
phyopt: rejection reason breakdown:
  - runtime_or_eval_fail : 7
  - policy_tradeoff_reject : 16
  - delay_worse : 0
  - area_worse : 18
  - area_and_delay_worse : 0
  - low_part_delay_budget : 0
phyopt: skipped marked=8 low_slack=<0.10=0
phyopt: done, accepted=27 rejected=41 final_nodes=1287 final_levels=24.
Networks are equivalent.  Time =     0.10 sec
