======== ABC command line "source /mnt/d/My_abc_work/abc/my_work/VS-SMABC_FPRM/compare_4way_out_smabc_method_45nm_runs20/tmp/in2_opt_flow.abc"
Library "NangateOpenCellLibrary" from "/mnt/d/My_abc_work/abc/my_work/c17_work/NangateOpenCellLibrary_typical.lib" has 90 cells (45 skipped: 21 seq; 6 tri-state; 8 no func; 10 dont_use; 0 with 2 outputs; 0 with 3+ outputs).  Time =     0.09 sec
Warning: Detected 2 multi-output cells (for example, "FA_X1").
phymid: running map_oto -> mapper_extract -> phyread -> phyopt -> map
Derived GENLIB library "NangateOpenCellLibrary" with 30 gates using slew 17.19 ps and gain 250.00.
Total runtime =     0.00 sec
mapper_extract: starting extraction...
mapper_extract: extracting to "/mnt/d/My_abc_work/abc/my_work/VS-SMABC_FPRM/compare_4way_out_smabc_method_45nm_runs20/tmp/in2_opt_flow.phy.csv"...
mapper_extract: max slack = 17.000000

=== DEBUG: Node ID Mapping ===
Format: objId | Name | Type | Fanin0 | Fanin1 | Gate | pData
 21 | n21        | NODE |   1 |  -1 | INV_X1 | 0x5cd86599ad10
 22 | n22        | NODE |   2 |  -1 | INV_X1 | 0x5cd86599ad10
 23 | n23        | NODE |   3 |  -1 | INV_X1 | 0x5cd86599ad10
 24 | n24        | NODE |   4 |  -1 | INV_X1 | 0x5cd86599ad10
 25 | n25        | NODE |   5 |  -1 | INV_X1 | 0x5cd86599ad10
 26 | n26        | NODE |   6 |  -1 | INV_X1 | 0x5cd86599ad10
 27 | n27        | NODE |   7 |  -1 | INV_X1 | 0x5cd86599ad10
 28 | n28        | NODE |   8 |  -1 | INV_X1 | 0x5cd86599ad10
 29 | n29        | NODE |   9 |  -1 | INV_X1 | 0x5cd86599ad10
 30 | n30        | NODE |  10 |  -1 | INV_X1 | 0x5cd86599ad10
 31 | n31        | NODE |  11 |  -1 | INV_X1 | 0x5cd86599ad10
 32 | n32        | NODE |  12 |  -1 | INV_X1 | 0x5cd86599ad10
 33 | n33        | NODE |  13 |  -1 | INV_X1 | 0x5cd86599ad10
 34 | n34        | NODE |  14 |  -1 | INV_X1 | 0x5cd86599ad10
 35 | n35        | NODE |  15 |  -1 | INV_X1 | 0x5cd86599ad10
 36 | n36        | NODE |  16 |  -1 | INV_X1 | 0x5cd86599ad10
 37 | n37        | NODE |  17 |  -1 | INV_X1 | 0x5cd86599ad10
 38 | n38        | NODE |  36 |  37 | AND2_X1 | 0x5cd865994fc0
 39 | n39        | NODE |  35 |  38 | AND2_X1 | 0x5cd865994fc0
 40 | n40        | NODE |  34 |  39 | AND2_X1 | 0x5cd865994fc0
 41 | n41        | NODE |  33 |  40 | AND2_X1 | 0x5cd865994fc0
 42 | n42        | NODE |  32 |  41 | AND2_X1 | 0x5cd865994fc0
 43 | n43        | NODE |  31 |  42 | AND2_X1 | 0x5cd865994fc0
 44 | n44        | NODE |  30 |  43 | AND2_X1 | 0x5cd865994fc0
 45 | n45        | NODE |  29 |  44 | AND2_X1 | 0x5cd865994fc0
 46 | n46        | NODE |  28 |  45 | AND2_X1 | 0x5cd865994fc0
 47 | n47        | NODE |  27 |  46 | AND2_X1 | 0x5cd865994fc0
 48 | n48        | NODE |  26 |  47 | AND2_X1 | 0x5cd865994fc0
 49 | n49        | NODE |  25 |  48 | AND2_X1 | 0x5cd865994fc0
 50 | n50        | NODE |  24 |  49 | AND2_X1 | 0x5cd865994fc0
 51 | n51        | NODE |  23 |  50 | AND2_X1 | 0x5cd865994fc0
 52 | n52        | NODE |  22 |  51 | AND2_X1 | 0x5cd865994fc0
 53 | n53        | NODE |  21 |  52 | NAND2_X1 | 0x5cd86599bb10
 54 | n54        | NODE |  53 |  -1 | INV_X1 | 0x5cd86599ad10
 55 | n55        | NODE |  18 |  -1 | INV_X1 | 0x5cd86599ad10
 56 | n56        | NODE |  55 |  19 | AND2_X1 | 0x5cd865994fc0
 57 | n57        | NODE |  37 |  56 | AND2_X1 | 0x5cd865994fc0
 58 | n58        | NODE |  36 |  57 | AND2_X1 | 0x5cd865994fc0
 59 | n59        | NODE |  35 |  58 | AND2_X1 | 0x5cd865994fc0
 60 | n60        | NODE |  34 |  59 | AND2_X1 | 0x5cd865994fc0
 61 | n61        | NODE |  33 |  60 | AND2_X1 | 0x5cd865994fc0
 62 | n62        | NODE |  32 |  61 | AND2_X1 | 0x5cd865994fc0
 63 | n63        | NODE |  31 |  62 | AND2_X1 | 0x5cd865994fc0
 64 | n64        | NODE |  30 |  63 | AND2_X1 | 0x5cd865994fc0
 65 | n65        | NODE |  29 |  64 | AND2_X1 | 0x5cd865994fc0
 66 | n66        | NODE |  28 |  65 | AND2_X1 | 0x5cd865994fc0
 67 | n67        | NODE |  27 |  66 | AND2_X1 | 0x5cd865994fc0
 68 | n68        | NODE |  26 |  67 | AND2_X1 | 0x5cd865994fc0
 69 | n69        | NODE |  25 |  68 | AND2_X1 | 0x5cd865994fc0
 70 | n70        | NODE |  24 |  69 | AND2_X1 | 0x5cd865994fc0
 71 | n71        | NODE |  23 |  70 | AND2_X1 | 0x5cd865994fc0
 72 | n72        | NODE |  22 |  71 | AND2_X1 | 0x5cd865994fc0
 73 | n73        | NODE |  21 |  72 | NAND2_X1 | 0x5cd86599bb10
 74 | n74        | NODE |  54 |  73 | NAND2_X1 | 0x5cd86599bb10
 75 | n75        | NODE |  73 |  -1 | INV_X1 | 0x5cd86599ad10
 76 | n76        | NODE |  53 |  75 | NAND2_X1 | 0x5cd86599bb10
 77 | n77        | NODE |  74 |  76 | NAND2_X1 | 0x5cd86599bb10
==============================

mapper_extract: wrote 57 lines to "/mnt/d/My_abc_work/abc/my_work/VS-SMABC_FPRM/compare_4way_out_smabc_method_45nm_runs20/tmp/in2_opt_flow.phy.csv".
mapper_extract: done.
Loaded 57 physical records from /mnt/d/My_abc_work/abc/my_work/VS-SMABC_FPRM/compare_4way_out_smabc_method_45nm_runs20/tmp/in2_opt_flow.phy.csv
Potential rebuilt: alpha(low/mid/high)=0.300/0.500/0.800 avg_struct=0.5543 avg_slack=0.1940 avg_opt=0.2633
Physical records : 57
Gate summary     : NAND=5 AND=32 INV=20 OTHER=0
Alpha (L/M/H)    : 0.300 / 0.500 / 0.800
StructW(i/p/f/g) : 0.500 / 0.400 / 0.050 / 0.050
phyopt: start rounds=3, criticality partitions high(>=0.900)->low(<=0.250)->mid, window=16, mode=fixed.
phyopt: objective=delay-non-regression + area minimization (delay_eps=0.001 rel_tol=0 area_eps=0.001 delay_only=off).
phyopt: case timeout enabled (300 sec).
phyopt: fit-function on (loaded=yes, samples=4350, l0_scale=0.35, l1_scale=0.25, coef_file=/mnt/d/My_abc_work/abc/my_work/model/phy_fit_function_v1.txt).
phyopt: sample-log off (keep_target=28% [35%,95%]).
phyopt: round=1 partition sizes high=24 low=5 mid=28.
The node "n74" with ID 74 is not in the current network.
phyopt: skip seed=n74 (cannot resolve center node in current AIG).
phyopt: part=high seed=n55(id=55 center=55 R=6 tpl=1 crit=1.000 pot=0.2000)
phyopt: accepted (map area 35.59->28.95, delay 271.67->217.84).
The node "n75" with ID 75 is not in the current network.
phyopt: skip seed=n75 (cannot resolve center node in current AIG).
The node "n57" with ID 57 is not in the current network.
phyopt: skip seed=n57 (cannot resolve center node in current AIG).
The node "n58" with ID 58 is not in the current network.
phyopt: skip seed=n58 (cannot resolve center node in current AIG).
The node "n59" with ID 59 is not in the current network.
phyopt: skip seed=n59 (cannot resolve center node in current AIG).
The node "n60" with ID 60 is not in the current network.
phyopt: skip seed=n60 (cannot resolve center node in current AIG).
The node "n61" with ID 61 is not in the current network.
phyopt: skip seed=n61 (cannot resolve center node in current AIG).
The node "n62" with ID 62 is not in the current network.
phyopt: skip seed=n62 (cannot resolve center node in current AIG).
The node "n63" with ID 63 is not in the current network.
phyopt: skip seed=n63 (cannot resolve center node in current AIG).
The node "n64" with ID 64 is not in the current network.
phyopt: skip seed=n64 (cannot resolve center node in current AIG).
The node "n65" with ID 65 is not in the current network.
phyopt: skip seed=n65 (cannot resolve center node in current AIG).
The node "n66" with ID 66 is not in the current network.
phyopt: skip seed=n66 (cannot resolve center node in current AIG).
The node "n67" with ID 67 is not in the current network.
phyopt: skip seed=n67 (cannot resolve center node in current AIG).
The node "n68" with ID 68 is not in the current network.
phyopt: skip seed=n68 (cannot resolve center node in current AIG).
The node "n69" with ID 69 is not in the current network.
phyopt: skip seed=n69 (cannot resolve center node in current AIG).
The node "n70" with ID 70 is not in the current network.
phyopt: skip seed=n70 (cannot resolve center node in current AIG).
The node "n71" with ID 71 is not in the current network.
phyopt: skip seed=n71 (cannot resolve center node in current AIG).
The node "n72" with ID 72 is not in the current network.
phyopt: skip seed=n72 (cannot resolve center node in current AIG).
The node "n76" with ID 76 is not in the current network.
phyopt: skip seed=n76 (cannot resolve center node in current AIG).
The node "n77" with ID 77 is not in the current network.
phyopt: skip seed=n77 (cannot resolve center node in current AIG).
The node "n73" with ID 73 is not in the current network.
phyopt: skip seed=n73 (cannot resolve center node in current AIG).
phyopt: part=high seed=n37(id=37 center=37 R=5 tpl=1 crit=0.941 pot=0.0471)
phyopt: rejected (map area 28.95->30.82, delay 217.84->195.76).
phyopt: part=low seed=n21(id=21 center=21 R=3 tpl=0 crit=0.000 pot=0.3000)
phyopt: rejected (map area 28.95->28.95, delay 217.84->217.84).
phyopt: part=low seed=n22(id=22 center=22 R=3 tpl=1 crit=0.059 pot=0.2824)
phyopt: rejected (map area 28.95->29.75, delay 217.84->252.66).
phyopt: part=low seed=n23(id=23 center=23 R=3 tpl=2 crit=0.118 pot=0.2647)
phyopt: rejected (map area 28.95->28.95, delay 217.84->235.17).
phyopt: part=low seed=n24(id=24 center=24 R=3 tpl=0 crit=0.176 pot=0.2471)
phyopt: rejected (map area 28.95->29.49, delay 217.84->217.84).
phyopt: part=low seed=n25(id=25 center=25 R=3 tpl=1 crit=0.235 pot=0.2294)
phyopt: rejected (map area 28.95->28.95, delay 217.84->217.84).
The node "n54" with ID 54 is not in the current network.
phyopt: skip seed=n54 (cannot resolve center node in current AIG).
phyopt: part=mid seed=n38(id=38 center=38 R=4 tpl=1 crit=0.882 pot=0.4457)
phyopt: rejected (map area 28.95->30.82, delay 217.84->195.76).
phyopt: part=mid seed=n39(id=39 center=39 R=4 tpl=2 crit=0.882 pot=0.4457)
phyopt: rejected (map area 28.95->29.49, delay 217.84->195.76).
phyopt: part=mid seed=n40(id=40 center=40 R=4 tpl=0 crit=0.882 pot=0.4457)
phyopt: accepted (map area 28.95->28.69, delay 217.84->195.76).
phyopt: part=mid seed=n42(id=42 center=42 R=4 tpl=1 crit=0.882 pot=0.4457)
phyopt: accepted (map area 28.69->27.89, delay 195.76->195.76).
phyopt: part=mid seed=n44(id=44 center=44 R=4 tpl=2 crit=0.882 pot=0.4457)
phyopt: rejected (map area 27.89->28.15, delay 195.76->195.76).
phyopt: part=mid seed=n45(id=45 center=45 R=4 tpl=0 crit=0.882 pot=0.4457)
phyopt: rejected (map area 27.89->27.90, delay 195.76->195.76).
phyopt: part=mid seed=n46(id=46 center=46 R=4 tpl=0 crit=0.882 pot=0.4457)
phyopt: rejected (map area 27.89->29.22, delay 195.76->195.76).
phyopt: part=mid seed=n47(id=47 center=47 R=4 tpl=1 crit=0.882 pot=0.4457)
phyopt: accepted (map area 27.89->23.92, delay 195.76->172.75).
phyopt: part=mid seed=n49(id=49 center=49 R=4 tpl=1 crit=0.882 pot=0.4457)
phyopt: accepted (map area 23.92->23.39, delay 172.75->172.75).
The node "n51" with ID 51 is not in the current network.
phyopt: skip seed=n51 (cannot resolve center node in current AIG).
The node "n52" with ID 52 is not in the current network.
phyopt: skip seed=n52 (cannot resolve center node in current AIG).
The node "n53" with ID 53 is not in the current network.
phyopt: skip seed=n53 (cannot resolve center node in current AIG).
phyopt: part=mid seed=n26(id=26 center=26 R=4 tpl=1 crit=0.294 pot=0.3529)
phyopt: rejected (map area 23.39->27.09, delay 172.75->147.63).
phyopt: part=mid seed=n28(id=28 center=28 R=4 tpl=1 crit=0.412 pot=0.2941)
phyopt: rejected (map area 23.39->29.77, delay 172.75->156.31).
phyopt: part=mid seed=n29(id=29 center=29 R=4 tpl=1 crit=0.471 pot=0.2647)
phyopt: accepted (map area 23.39->22.05, delay 172.75->172.75).
phyopt: part=mid seed=n30(id=30 center=30 R=4 tpl=1 crit=0.529 pot=0.2353)
phyopt: rejected (map area 22.05->22.05, delay 172.75->172.75).
phyopt: part=mid seed=n31(id=31 center=31 R=4 tpl=1 crit=0.588 pot=0.2059)
phyopt: accepted (map area 22.05->21.52, delay 172.75->172.75).
phyopt: part=mid seed=n33(id=33 center=33 R=4 tpl=1 crit=0.706 pot=0.1471)
phyopt: rejected (map area 21.52->22.06, delay 172.75->172.75).
phyopt: part=mid seed=n35(id=35 center=35 R=4 tpl=1 crit=0.824 pot=0.0882)
phyopt: rejected (map area 21.52->22.05, delay 172.75->172.75).
phyopt: part=mid seed=n36(id=36 center=36 R=4 tpl=1 crit=0.882 pot=0.0588)
phyopt: rejected (map area 21.52->27.11, delay 172.75->172.75).
phyopt: finished round 1/3.
mapper_extract: wrote 50 lines to "/mnt/d/My_abc_work/abc/my_work/VS-SMABC_FPRM/compare_4way_out_smabc_method_45nm_runs20/tmp/in2_opt_flow.phy.csv".
Loaded 50 physical records from /mnt/d/My_abc_work/abc/my_work/VS-SMABC_FPRM/compare_4way_out_smabc_method_45nm_runs20/tmp/in2_opt_flow.phy.csv
Potential rebuilt: alpha(low/mid/high)=0.300/0.500/0.800 avg_struct=0.6636 avg_slack=0.3960 avg_opt=0.4661
phyopt: round=2 partition sizes high=17 low=13 mid=20.
phyopt: part=high seed=n33(id=33 center=33 R=6 tpl=2 crit=1.000 pot=0.1548)
phyopt: rejected (map area 21.52->22.05, delay 172.75->172.75).
phyopt: part=high seed=n35(id=35 center=35 R=6 tpl=0 crit=1.000 pot=0.1548)
phyopt: rejected (map area 21.52->22.07, delay 172.75->163.73).
phyopt: part=high seed=n36(id=36 center=36 R=6 tpl=1 crit=1.000 pot=0.1548)
phyopt: rejected (map area 21.52->22.32, delay 172.75->179.29).
phyopt: part=high seed=n37(id=37 center=37 R=6 tpl=2 crit=1.000 pot=0.1548)
phyopt: rejected (map area 21.52->22.60, delay 172.75->179.29).
phyopt: part=high seed=n38(id=38 center=38 R=6 tpl=0 crit=1.000 pot=0.1548)
phyopt: rejected (map area 21.52->21.78, delay 172.75->163.73).
The node "n53" with ID 53 is not in the current network.
phyopt: skip seed=n53 (cannot resolve center node in current AIG).
The node "n70" with ID 70 is not in the current network.
phyopt: skip seed=n70 (cannot resolve center node in current AIG).
phyopt: part=high seed=n28(id=28 center=28 R=5 tpl=1 crit=0.900 pot=0.0800)
phyopt: rejected (map area 21.52->28.42, delay 172.75->150.54).
phyopt: part=high seed=n30(id=30 center=30 R=6 tpl=0 crit=1.000 pot=0.0000)
phyopt: rejected (map area 21.52->22.61, delay 172.75->170.27).
The node "n57" with ID 57 is not in the current network.
phyopt: skip seed=n57 (cannot resolve center node in current AIG).
The node "n62" with ID 62 is not in the current network.
phyopt: skip seed=n62 (cannot resolve center node in current AIG).
The node "n58" with ID 58 is not in the current network.
phyopt: skip seed=n58 (cannot resolve center node in current AIG).
The node "n59" with ID 59 is not in the current network.
phyopt: skip seed=n59 (cannot resolve center node in current AIG).
The node "n64" with ID 64 is not in the current network.
phyopt: skip seed=n64 (cannot resolve center node in current AIG).
The node "n60" with ID 60 is not in the current network.
phyopt: skip seed=n60 (cannot resolve center node in current AIG).
The node "n61" with ID 61 is not in the current network.
phyopt: skip seed=n61 (cannot resolve center node in current AIG).
The node "n66" with ID 66 is not in the current network.
phyopt: skip seed=n66 (cannot resolve center node in current AIG).
The node "n67" with ID 67 is not in the current network.
phyopt: skip seed=n67 (cannot resolve center node in current AIG).
The node "n68" with ID 68 is not in the current network.
phyopt: skip seed=n68 (cannot resolve center node in current AIG).
The node "n69" with ID 69 is not in the current network.
phyopt: skip seed=n69 (cannot resolve center node in current AIG).
The node "n51" with ID 51 is not in the current network.
phyopt: skip seed=n51 (cannot resolve center node in current AIG).
The node "n54" with ID 54 is not in the current network.
phyopt: skip seed=n54 (cannot resolve center node in current AIG).
phyopt: part=mid seed=n44(id=44 center=44 R=4 tpl=0 crit=0.700 pot=0.5369)
phyopt: rejected (map area 21.52->22.32, delay 172.75->190.08).
The node "n52" with ID 52 is not in the current network.
phyopt: skip seed=n52 (cannot resolve center node in current AIG).
phyopt: part=mid seed=n21(id=21 center=21 R=4 tpl=1 crit=0.400 pot=0.3000)
phyopt: rejected (map area 21.52->22.06, delay 172.75->162.99).
phyopt: part=mid seed=n23(id=23 center=23 R=4 tpl=1 crit=0.400 pot=0.3000)
phyopt: rejected (map area 21.52->28.44, delay 172.75->150.03).
phyopt: part=mid seed=n22(id=22 center=22 R=4 tpl=1 crit=0.500 pot=0.2500)
phyopt: rejected (map area 21.52->27.89, delay 172.75->155.50).
phyopt: part=mid seed=n24(id=24 center=24 R=4 tpl=0 crit=0.600 pot=0.2000)
phyopt: rejected (map area 21.52->28.97, delay 172.75->147.95).
phyopt: part=mid seed=n26(id=26 center=26 R=4 tpl=1 crit=0.700 pot=0.1500)
phyopt: rejected (map area 21.52->28.43, delay 172.75->146.49).
phyopt: finished round 2/3.
mapper_extract: wrote 50 lines to "/mnt/d/My_abc_work/abc/my_work/VS-SMABC_FPRM/compare_4way_out_smabc_method_45nm_runs20/tmp/in2_opt_flow.phy.csv".
Loaded 50 physical records from /mnt/d/My_abc_work/abc/my_work/VS-SMABC_FPRM/compare_4way_out_smabc_method_45nm_runs20/tmp/in2_opt_flow.phy.csv
Potential rebuilt: alpha(low/mid/high)=0.300/0.500/0.800 avg_struct=0.6636 avg_slack=0.3960 avg_opt=0.4661
phyopt: round=3 partition sizes high=17 low=13 mid=20.
phyopt: part=high seed=n33(id=33 center=33 R=6 tpl=1 crit=1.000 pot=0.1548)
phyopt: rejected (map area 21.52->22.04, delay 172.75->172.75).
phyopt: part=high seed=n35(id=35 center=35 R=6 tpl=0 crit=1.000 pot=0.1548)
phyopt: rejected (map area 21.52->22.07, delay 172.75->163.73).
phyopt: part=high seed=n36(id=36 center=36 R=6 tpl=2 crit=1.000 pot=0.1548)
phyopt: rejected (map area 21.52->22.60, delay 172.75->179.29).
phyopt: part=high seed=n37(id=37 center=37 R=6 tpl=1 crit=1.000 pot=0.1548)
phyopt: rejected (map area 21.52->22.32, delay 172.75->179.29).
phyopt: part=high seed=n38(id=38 center=38 R=6 tpl=0 crit=1.000 pot=0.1548)
phyopt: rejected (map area 21.52->21.78, delay 172.75->163.73).
The node "n53" with ID 53 is not in the current network.
phyopt: skip seed=n53 (cannot resolve center node in current AIG).
The node "n70" with ID 70 is not in the current network.
phyopt: skip seed=n70 (cannot resolve center node in current AIG).
phyopt: part=high seed=n28(id=28 center=28 R=5 tpl=1 crit=0.900 pot=0.0800)
phyopt: rejected (map area 21.52->28.42, delay 172.75->150.54).
phyopt: part=high seed=n30(id=30 center=30 R=6 tpl=2 crit=1.000 pot=0.0000)
phyopt: rejected (map area 21.52->22.60, delay 172.75->170.27).
The node "n57" with ID 57 is not in the current network.
phyopt: skip seed=n57 (cannot resolve center node in current AIG).
The node "n62" with ID 62 is not in the current network.
phyopt: skip seed=n62 (cannot resolve center node in current AIG).
The node "n58" with ID 58 is not in the current network.
phyopt: skip seed=n58 (cannot resolve center node in current AIG).
The node "n59" with ID 59 is not in the current network.
phyopt: skip seed=n59 (cannot resolve center node in current AIG).
The node "n64" with ID 64 is not in the current network.
phyopt: skip seed=n64 (cannot resolve center node in current AIG).
The node "n60" with ID 60 is not in the current network.
phyopt: skip seed=n60 (cannot resolve center node in current AIG).
The node "n61" with ID 61 is not in the current network.
phyopt: skip seed=n61 (cannot resolve center node in current AIG).
The node "n66" with ID 66 is not in the current network.
phyopt: skip seed=n66 (cannot resolve center node in current AIG).
The node "n67" with ID 67 is not in the current network.
phyopt: skip seed=n67 (cannot resolve center node in current AIG).
The node "n68" with ID 68 is not in the current network.
phyopt: skip seed=n68 (cannot resolve center node in current AIG).
The node "n69" with ID 69 is not in the current network.
phyopt: skip seed=n69 (cannot resolve center node in current AIG).
The node "n51" with ID 51 is not in the current network.
phyopt: skip seed=n51 (cannot resolve center node in current AIG).
The node "n54" with ID 54 is not in the current network.
phyopt: skip seed=n54 (cannot resolve center node in current AIG).
phyopt: part=mid seed=n44(id=44 center=44 R=4 tpl=2 crit=0.700 pot=0.5369)
phyopt: rejected (map area 21.52->22.32, delay 172.75->190.08).
The node "n52" with ID 52 is not in the current network.
phyopt: skip seed=n52 (cannot resolve center node in current AIG).
phyopt: part=mid seed=n21(id=21 center=21 R=4 tpl=1 crit=0.400 pot=0.3000)
phyopt: rejected (map area 21.52->22.06, delay 172.75->162.99).
phyopt: part=mid seed=n23(id=23 center=23 R=4 tpl=0 crit=0.400 pot=0.3000)
phyopt: rejected (map area 21.52->28.44, delay 172.75->150.03).
phyopt: part=mid seed=n22(id=22 center=22 R=4 tpl=1 crit=0.500 pot=0.2500)
phyopt: rejected (map area 21.52->27.89, delay 172.75->155.50).
phyopt: part=mid seed=n24(id=24 center=24 R=4 tpl=1 crit=0.600 pot=0.2000)
phyopt: rejected (map area 21.52->28.17, delay 172.75->147.95).
phyopt: part=mid seed=n26(id=26 center=26 R=4 tpl=1 crit=0.700 pot=0.1500)
phyopt: rejected (map area 21.52->28.43, delay 172.75->146.49).
phyopt: finished round 3/3.
phyopt: partition summary (tried/accepted):
  high : 1 / 16
  low  : 0 / 5
  mid  : 6 / 29
phyopt: per-part seed coverage (topK means top-5 potential within processed seeds):
  high: seeds=58 tried=16(27.6%) accepted=1(6.2%) skipped(marked=17,low_slack=0) topK(tried=3/15 accepted=1 hit=33.3%)
  low: seeds=31 tried=5(16.1%) accepted=0(0.0%) skipped(marked=4,low_slack=0) topK(tried=5/15 accepted=0 hit=0.0%)
  mid: seeds=68 tried=29(42.6%) accepted=6(20.7%) skipped(marked=29,low_slack=0) topK(tried=3/15 accepted=1 hit=33.3%)
phyopt: sequence template stats by partition (template_id: accepted/tried):
  high: t0=0/5 t1=1/7 t2=0/4
  low: t0=0/2 t1=0/2 t2=0/1
  mid: t0=1/6 t1=5/20 t2=0/3
phyopt: rejection reason breakdown:
  - runtime_or_eval_fail : 57
  - policy_tradeoff_reject : 3
  - delay_worse : 0
  - area_worse : 32
  - area_and_delay_worse : 7
  - delay_guard_violation : 1
phyopt: skipped marked=50 low_slack=<0.10=0
phyopt: done, accepted=7 rejected=100 final_nodes=30 final_levels=12.
Derived GENLIB library "NangateOpenCellLibrary" with 30 gates using slew 17.19 ps and gain 250.00.
Converting "/mnt/d/My_abc_work/abc/my_work/c17_work/NangateOpenCellLibrary_typical.genlib" into supergate library "/mnt/d/My_abc_work/abc/my_work/c17_work/NangateOpenCellLibrary_typical.super".
Maximum level: Original = 12. Reduced due to choices = 12.
Choice stats:  Choice nodes = 0. Total choices = 0.
Nodes =     49.  Total 5-feasible cuts =        167.  Per node = 3.4. Time =     0.00 sec
Delay    : Delay =     0.00  Flow =        18.6  Area =        29.5   0.0 %   Time =     0.00 sec
AreaFlow : Delay =   172.75  Flow =        17.6  Area =        23.6  19.8 %   Time =     0.00 sec
Area     : Delay =   172.75  Flow =         0.0  Area =        22.6  23.4 %   Time =     0.00 sec
Area     : Delay =   172.75  Flow =         0.0  Area =        21.5  27.0 %   Time =     0.00 sec
Output  po0    : Delay = (172.75, 172.75)  POS
Total runtime =     0.00 sec
phymid: done. You can now run write_verilog/write_blif (or strash; write_aiger).
[1;37m/mnt/d/My_abc_work/abc/my_work/VS-SMABC_FPRM/aig_output_opt/in2_opt:[0m i/o =   19/    1  lat =    0  nd =    23  edge =     58  area =21.52  delay =172.75  lev = 6
