======== ABC command line "source /mnt/d/My_abc_work/abc/my_work/VS-SMABC_FPRM/compare_4way_out_smabc_method_45nm_runs20/tmp/table3_raw_flow.abc"
Library "NangateOpenCellLibrary" from "/mnt/d/My_abc_work/abc/my_work/c17_work/NangateOpenCellLibrary_typical.lib" has 90 cells (45 skipped: 21 seq; 6 tri-state; 8 no func; 10 dont_use; 0 with 2 outputs; 0 with 3+ outputs).  Time =     0.10 sec
Warning: Detected 2 multi-output cells (for example, "FA_X1").
phymid: running map_oto -> mapper_extract -> phyread -> phyopt -> map
Derived GENLIB library "NangateOpenCellLibrary" with 30 gates using slew 17.19 ps and gain 250.00.
Total runtime =     0.00 sec
mapper_extract: starting extraction...
mapper_extract: extracting to "/mnt/d/My_abc_work/abc/my_work/VS-SMABC_FPRM/compare_4way_out_smabc_method_45nm_runs20/tmp/table3_raw_flow.phy.csv"...
mapper_extract: max slack = 13.000000

=== DEBUG: Node ID Mapping ===
Format: objId | Name | Type | Fanin0 | Fanin1 | Gate | pData
 16 | n16        | NODE |   1 |  -1 | INV_X1 | 0x591930d98d10
 17 | n17        | NODE |   2 |  -1 | INV_X1 | 0x591930d98d10
 18 | n18        | NODE |   3 |  -1 | INV_X1 | 0x591930d98d10
 19 | n19        | NODE |   4 |  -1 | INV_X1 | 0x591930d98d10
 20 | n20        | NODE |   5 |  -1 | INV_X1 | 0x591930d98d10
 21 | n21        | NODE |   6 |  -1 | INV_X1 | 0x591930d98d10
 22 | n22        | NODE |   7 |  -1 | INV_X1 | 0x591930d98d10
 23 | n23        | NODE |   8 |  -1 | INV_X1 | 0x591930d98d10
 24 | n24        | NODE |   9 |  -1 | INV_X1 | 0x591930d98d10
 25 | n25        | NODE |  10 |  -1 | INV_X1 | 0x591930d98d10
 26 | n26        | NODE |  11 |  -1 | INV_X1 | 0x591930d98d10
 27 | n27        | NODE |  12 |  -1 | INV_X1 | 0x591930d98d10
 28 | n28        | NODE |  14 |  -1 | INV_X1 | 0x591930d98d10
 29 | n29        | NODE |  13 |  28 | NAND2_X1 | 0x591930d99b10
 30 | n30        | NODE |  13 |  29 | NAND2_X1 | 0x591930d99b10
 31 | n31        | NODE |  27 |  30 | AND2_X1 | 0x591930d92fc0
 32 | n32        | NODE |  26 |  31 | AND2_X1 | 0x591930d92fc0
 33 | n33        | NODE |  25 |  32 | AND2_X1 | 0x591930d92fc0
 34 | n34        | NODE |  24 |  33 | AND2_X1 | 0x591930d92fc0
 35 | n35        | NODE |  23 |  34 | AND2_X1 | 0x591930d92fc0
 36 | n36        | NODE |  22 |  35 | AND2_X1 | 0x591930d92fc0
 37 | n37        | NODE |  21 |  36 | AND2_X1 | 0x591930d92fc0
 38 | n38        | NODE |  20 |  37 | AND2_X1 | 0x591930d92fc0
 39 | n39        | NODE |  19 |  38 | AND2_X1 | 0x591930d92fc0
 40 | n40        | NODE |  18 |  39 | AND2_X1 | 0x591930d92fc0
 41 | n41        | NODE |  17 |  40 | AND2_X1 | 0x591930d92fc0
 42 | n42        | NODE |  16 |  41 | AND2_X1 | 0x591930d92fc0
==============================

mapper_extract: wrote 27 lines to "/mnt/d/My_abc_work/abc/my_work/VS-SMABC_FPRM/compare_4way_out_smabc_method_45nm_runs20/tmp/table3_raw_flow.phy.csv".
mapper_extract: done.
Loaded 27 physical records from /mnt/d/My_abc_work/abc/my_work/VS-SMABC_FPRM/compare_4way_out_smabc_method_45nm_runs20/tmp/table3_raw_flow.phy.csv
Potential rebuilt: alpha(low/mid/high)=0.300/0.500/0.800 avg_struct=0.4815 avg_slack=0.2564 avg_opt=0.3613
Physical records : 27
Gate summary     : NAND=2 AND=12 INV=13 OTHER=0
Alpha (L/M/H)    : 0.300 / 0.500 / 0.800
StructW(i/p/f/g) : 0.500 / 0.400 / 0.050 / 0.050
phyopt: start rounds=3, criticality partitions high(>=0.900)->low(<=0.250)->mid, window=16, mode=fixed.
phyopt: objective=delay-non-regression + area minimization (delay_eps=0.001 rel_tol=0 area_eps=0.001 delay_only=off).
phyopt: case timeout enabled (300 sec).
phyopt: fit-function on (loaded=yes, samples=4350, l0_scale=0.35, l1_scale=0.25, coef_file=/mnt/d/My_abc_work/abc/my_work/model/phy_fit_function_v1.txt).
phyopt: sample-log off (keep_target=28% [35%,95%]).
phyopt: round=1 partition sizes high=15 low=4 mid=8.
phyopt: part=high seed=n28(id=28 center=28 R=6 tpl=0 crit=1.000 pot=0.2000)
phyopt: rejected (map area 9.30->10.63, delay 168.59->131.20).
phyopt: part=high seed=n29(id=29 center=29 R=6 tpl=1 crit=1.000 pot=0.0000)
Object with ID 29 is not a node or reg output.
Error: Extracting sequential window has failed.
Error: phyopt: local optimization failed. Rolling back.
The node "n30" with ID 30 is not in the current network.
phyopt: skip seed=n30 (cannot resolve center node in current AIG).
The node "n31" with ID 31 is not in the current network.
phyopt: skip seed=n31 (cannot resolve center node in current AIG).
The node "n32" with ID 32 is not in the current network.
phyopt: skip seed=n32 (cannot resolve center node in current AIG).
The node "n33" with ID 33 is not in the current network.
phyopt: skip seed=n33 (cannot resolve center node in current AIG).
The node "n34" with ID 34 is not in the current network.
phyopt: skip seed=n34 (cannot resolve center node in current AIG).
The node "n35" with ID 35 is not in the current network.
phyopt: skip seed=n35 (cannot resolve center node in current AIG).
The node "n36" with ID 36 is not in the current network.
phyopt: skip seed=n36 (cannot resolve center node in current AIG).
The node "n37" with ID 37 is not in the current network.
phyopt: skip seed=n37 (cannot resolve center node in current AIG).
The node "n38" with ID 38 is not in the current network.
phyopt: skip seed=n38 (cannot resolve center node in current AIG).
The node "n39" with ID 39 is not in the current network.
phyopt: skip seed=n39 (cannot resolve center node in current AIG).
The node "n40" with ID 40 is not in the current network.
phyopt: skip seed=n40 (cannot resolve center node in current AIG).
The node "n41" with ID 41 is not in the current network.
phyopt: skip seed=n41 (cannot resolve center node in current AIG).
The node "n42" with ID 42 is not in the current network.
phyopt: skip seed=n42 (cannot resolve center node in current AIG).
phyopt: part=low seed=n16(id=16 center=16 R=3 tpl=0 crit=0.000 pot=1.0000)
phyopt: rejected (map area 9.30->9.30, delay 168.59->168.59).
phyopt: part=low seed=n17(id=17 center=17 R=3 tpl=1 crit=0.077 pot=0.9769)
phyopt: rejected (map area 9.30->9.30, delay 168.59->165.58).
phyopt: part=low seed=n18(id=18 center=18 R=3 tpl=2 crit=0.154 pot=0.9538)
phyopt: rejected (map area 9.30->9.30, delay 168.59->160.19).
phyopt: part=low seed=n19(id=19 center=19 R=3 tpl=0 crit=0.231 pot=0.9308)
phyopt: rejected (map area 9.30->10.88, delay 168.59->158.85).
phyopt: part=mid seed=n20(id=20 center=20 R=4 tpl=0 crit=0.308 pot=0.8462)
phyopt: rejected (map area 9.30->9.84, delay 168.59->138.70).
phyopt: part=mid seed=n21(id=21 center=21 R=4 tpl=1 crit=0.385 pot=0.8077)
phyopt: accepted (map area 9.30->8.50, delay 168.59->135.80).
phyopt: part=mid seed=n22(id=22 center=22 R=4 tpl=2 crit=0.462 pot=0.7692)
phyopt: rejected (map area 8.50->10.64, delay 135.80->134.94).
phyopt: part=mid seed=n23(id=23 center=23 R=4 tpl=0 crit=0.538 pot=0.7308)
phyopt: accepted (map area 8.50->8.24, delay 135.80->111.00).
phyopt: part=mid seed=n24(id=24 center=24 R=4 tpl=1 crit=0.615 pot=0.6923)
phyopt: rejected (map area 8.24->10.89, delay 111.00->106.05).
phyopt: part=mid seed=n25(id=25 center=25 R=4 tpl=2 crit=0.692 pot=0.6538)
phyopt: rejected (map area 8.24->9.84, delay 111.00->95.42).
phyopt: part=mid seed=n26(id=26 center=26 R=4 tpl=0 crit=0.769 pot=0.6154)
phyopt: rejected (map area 8.24->9.31, delay 111.00->91.49).
phyopt: part=mid seed=n27(id=27 center=27 R=4 tpl=1 crit=0.846 pot=0.5769)
phyopt: rejected (map area 8.24->8.76, delay 111.00->97.14).
phyopt: finished round 1/3.
mapper_extract: wrote 27 lines to "/mnt/d/My_abc_work/abc/my_work/VS-SMABC_FPRM/compare_4way_out_smabc_method_45nm_runs20/tmp/table3_raw_flow.phy.csv".
Loaded 27 physical records from /mnt/d/My_abc_work/abc/my_work/VS-SMABC_FPRM/compare_4way_out_smabc_method_45nm_runs20/tmp/table3_raw_flow.phy.csv
Potential rebuilt: alpha(low/mid/high)=0.300/0.500/0.800 avg_struct=0.4815 avg_slack=0.2751 avg_opt=0.3683
phyopt: round=2 partition sizes high=9 low=2 mid=16.
The node "n31" with ID 31 is not in the current network.
phyopt: skip seed=n31 (cannot resolve center node in current AIG).
The node "n32" with ID 32 is not in the current network.
phyopt: skip seed=n32 (cannot resolve center node in current AIG).
The node "n33" with ID 33 is not in the current network.
phyopt: skip seed=n33 (cannot resolve center node in current AIG).
The node "n34" with ID 34 is not in the current network.
phyopt: skip seed=n34 (cannot resolve center node in current AIG).
The node "n38" with ID 38 is not in the current network.
phyopt: skip seed=n38 (cannot resolve center node in current AIG).
The node "n39" with ID 39 is not in the current network.
phyopt: skip seed=n39 (cannot resolve center node in current AIG).
The node "n40" with ID 40 is not in the current network.
phyopt: skip seed=n40 (cannot resolve center node in current AIG).
The node "n41" with ID 41 is not in the current network.
phyopt: skip seed=n41 (cannot resolve center node in current AIG).
The node "n42" with ID 42 is not in the current network.
phyopt: skip seed=n42 (cannot resolve center node in current AIG).
phyopt: part=low seed=n16(id=16 center=16 R=3 tpl=1 crit=0.000 pot=1.0000)
phyopt: rejected (map area 8.24->8.24, delay 111.00->111.00).
phyopt: part=low seed=n17(id=17 center=17 R=3 tpl=2 crit=0.143 pot=0.9571)
phyopt: rejected (map area 8.24->9.04, delay 111.00->134.94).
phyopt: part=mid seed=n18(id=18 center=18 R=4 tpl=0 crit=0.571 pot=0.7143)
phyopt: rejected (map area 8.24->11.42, delay 111.00->96.27).
phyopt: part=mid seed=n19(id=19 center=19 R=4 tpl=1 crit=0.571 pot=0.7143)
phyopt: rejected (map area 8.24->8.77, delay 111.00->101.73).
phyopt: part=mid seed=n27(id=27 center=27 R=4 tpl=0 crit=0.571 pot=0.7143)
phyopt: rejected (map area 8.24->9.31, delay 111.00->91.49).
phyopt: part=mid seed=n28(id=28 center=28 R=4 tpl=1 crit=0.571 pot=0.7143)
phyopt: rejected (map area 8.24->10.36, delay 111.00->94.65).
phyopt: part=mid seed=n22(id=22 center=22 R=4 tpl=2 crit=0.714 pot=0.6429)
phyopt: rejected (map area 8.24->8.25, delay 111.00->116.81).
The node "n30" with ID 30 is not in the current network.
phyopt: skip seed=n30 (cannot resolve center node in current AIG).
The node "n36" with ID 36 is not in the current network.
phyopt: skip seed=n36 (cannot resolve center node in current AIG).
phyopt: part=mid seed=n20(id=20 center=20 R=4 tpl=0 crit=0.571 pot=0.2143)
phyopt: rejected (map area 8.24->8.78, delay 111.00->111.00).
phyopt: part=mid seed=n29(id=29 center=29 R=4 tpl=1 crit=0.571 pot=0.2143)
Object with ID 29 is not a node or reg output.
Error: Extracting sequential window has failed.
Error: phyopt: local optimization failed. Rolling back.
phyopt: part=mid seed=n24(id=24 center=24 R=4 tpl=2 crit=0.714 pot=0.1429)
phyopt: rejected (map area 8.24->10.89, delay 111.00->106.05).
phyopt: part=mid seed=n25(id=25 center=25 R=4 tpl=0 crit=0.714 pot=0.1429)
phyopt: rejected (map area 8.24->9.84, delay 111.00->95.42).
phyopt: part=mid seed=n26(id=26 center=26 R=4 tpl=1 crit=0.714 pot=0.1429)
phyopt: rejected (map area 8.24->9.31, delay 111.00->91.49).
phyopt: finished round 2/3.
mapper_extract: wrote 27 lines to "/mnt/d/My_abc_work/abc/my_work/VS-SMABC_FPRM/compare_4way_out_smabc_method_45nm_runs20/tmp/table3_raw_flow.phy.csv".
Loaded 27 physical records from /mnt/d/My_abc_work/abc/my_work/VS-SMABC_FPRM/compare_4way_out_smabc_method_45nm_runs20/tmp/table3_raw_flow.phy.csv
Potential rebuilt: alpha(low/mid/high)=0.300/0.500/0.800 avg_struct=0.4815 avg_slack=0.2751 avg_opt=0.3683
phyopt: round=3 partition sizes high=9 low=2 mid=16.
The node "n31" with ID 31 is not in the current network.
phyopt: skip seed=n31 (cannot resolve center node in current AIG).
The node "n32" with ID 32 is not in the current network.
phyopt: skip seed=n32 (cannot resolve center node in current AIG).
The node "n33" with ID 33 is not in the current network.
phyopt: skip seed=n33 (cannot resolve center node in current AIG).
The node "n34" with ID 34 is not in the current network.
phyopt: skip seed=n34 (cannot resolve center node in current AIG).
The node "n38" with ID 38 is not in the current network.
phyopt: skip seed=n38 (cannot resolve center node in current AIG).
The node "n39" with ID 39 is not in the current network.
phyopt: skip seed=n39 (cannot resolve center node in current AIG).
The node "n40" with ID 40 is not in the current network.
phyopt: skip seed=n40 (cannot resolve center node in current AIG).
The node "n41" with ID 41 is not in the current network.
phyopt: skip seed=n41 (cannot resolve center node in current AIG).
The node "n42" with ID 42 is not in the current network.
phyopt: skip seed=n42 (cannot resolve center node in current AIG).
phyopt: part=low seed=n16(id=16 center=16 R=3 tpl=1 crit=0.000 pot=1.0000)
phyopt: rejected (map area 8.24->8.24, delay 111.00->111.00).
phyopt: part=low seed=n17(id=17 center=17 R=3 tpl=1 crit=0.143 pot=0.9571)
phyopt: rejected (map area 8.24->9.04, delay 111.00->134.94).
phyopt: part=mid seed=n18(id=18 center=18 R=4 tpl=0 crit=0.571 pot=0.7143)
phyopt: rejected (map area 8.24->11.42, delay 111.00->96.27).
phyopt: part=mid seed=n19(id=19 center=19 R=4 tpl=2 crit=0.571 pot=0.7143)
phyopt: rejected (map area 8.24->8.77, delay 111.00->101.73).
phyopt: part=mid seed=n27(id=27 center=27 R=4 tpl=1 crit=0.571 pot=0.7143)
phyopt: rejected (map area 8.24->8.76, delay 111.00->97.14).
phyopt: part=mid seed=n28(id=28 center=28 R=4 tpl=0 crit=0.571 pot=0.7143)
phyopt: rejected (map area 8.24->9.31, delay 111.00->90.84).
phyopt: part=mid seed=n22(id=22 center=22 R=4 tpl=2 crit=0.714 pot=0.6429)
phyopt: rejected (map area 8.24->8.25, delay 111.00->116.81).
The node "n30" with ID 30 is not in the current network.
phyopt: skip seed=n30 (cannot resolve center node in current AIG).
The node "n36" with ID 36 is not in the current network.
phyopt: skip seed=n36 (cannot resolve center node in current AIG).
phyopt: part=mid seed=n20(id=20 center=20 R=4 tpl=0 crit=0.571 pot=0.2143)
phyopt: rejected (map area 8.24->8.78, delay 111.00->111.00).
phyopt: part=mid seed=n29(id=29 center=29 R=4 tpl=1 crit=0.571 pot=0.2143)
Object with ID 29 is not a node or reg output.
Error: Extracting sequential window has failed.
Error: phyopt: local optimization failed. Rolling back.
phyopt: part=mid seed=n24(id=24 center=24 R=4 tpl=2 crit=0.714 pot=0.1429)
phyopt: rejected (map area 8.24->10.89, delay 111.00->106.05).
phyopt: part=mid seed=n25(id=25 center=25 R=4 tpl=0 crit=0.714 pot=0.1429)
phyopt: rejected (map area 8.24->9.84, delay 111.00->95.42).
phyopt: part=mid seed=n26(id=26 center=26 R=4 tpl=1 crit=0.714 pot=0.1429)
phyopt: rejected (map area 8.24->9.31, delay 111.00->91.49).
phyopt: finished round 3/3.
phyopt: partition summary (tried/accepted):
  high : 0 / 2
  low  : 0 / 8
  mid  : 2 / 28
phyopt: per-part seed coverage (topK means top-5 potential within processed seeds):
  high: seeds=33 tried=2(6.1%) accepted=0(0.0%) skipped(marked=0,low_slack=0) topK(tried=2/15 accepted=0 hit=0.0%)
  low: seeds=8 tried=8(100.0%) accepted=0(0.0%) skipped(marked=0,low_slack=0) topK(tried=8/8 accepted=0 hit=0.0%)
  mid: seeds=40 tried=28(70.0%) accepted=2(7.1%) skipped(marked=8,low_slack=0) topK(tried=13/15 accepted=2 hit=15.4%)
phyopt: sequence template stats by partition (template_id: accepted/tried):
  high: t0=0/1 t1=0/1 t2=0/0
  low: t0=0/2 t1=0/4 t2=0/2
  mid: t0=1/11 t1=1/10 t2=0/7
phyopt: rejection reason breakdown:
  - runtime_or_eval_fail : 38
  - policy_tradeoff_reject : 5
  - delay_worse : 0
  - area_worse : 24
  - area_and_delay_worse : 4
  - delay_guard_violation : 0
phyopt: skipped marked=8 low_slack=<0.10=0
phyopt: done, accepted=2 rejected=71 final_nodes=14 final_levels=8.
Derived GENLIB library "NangateOpenCellLibrary" with 30 gates using slew 17.19 ps and gain 250.00.
Converting "/mnt/d/My_abc_work/abc/my_work/c17_work/NangateOpenCellLibrary_typical.genlib" into supergate library "/mnt/d/My_abc_work/abc/my_work/c17_work/NangateOpenCellLibrary_typical.super".
Maximum level: Original = 8. Reduced due to choices = 8.
Choice stats:  Choice nodes = 0. Total choices = 0.
Nodes =     28.  Total 5-feasible cuts =         68.  Per node = 2.4. Time =     0.00 sec
Delay    : Delay =     0.00  Flow =         7.7  Area =         8.2   0.0 %   Time =     0.00 sec
AreaFlow : Delay =   111.00  Flow =         7.2  Area =         8.8  -6.4 %   Time =     0.00 sec
Area     : Delay =   111.00  Flow =         0.0  Area =         8.2   0.0 %   Time =     0.00 sec
Area     : Delay =   111.00  Flow =         0.0  Area =         8.2   0.0 %   Time =     0.00 sec
Output  po0    : Delay = (111.00, 111.00)  POS
Total runtime =     0.00 sec
phymid: done. You can now run write_verilog/write_blif (or strash; write_aiger).
[1;37m/mnt/d/My_abc_work/abc/my_work/VS-SMABC_FPRM/aig_output_raw/table3_raw:[0m i/o =   14/    1  lat =    0  nd =     9  edge =     22  area = 8.24  delay =111.00  lev = 3
