======== ABC command line "source /mnt/d/My_abc_work/abc/my_work/VS-SMABC_FPRM/compare_4way_out_smabc_method_45nm_runs20/tmp/ts10_raw_flow.abc"
Library "NangateOpenCellLibrary" from "/mnt/d/My_abc_work/abc/my_work/c17_work/NangateOpenCellLibrary_typical.lib" has 90 cells (45 skipped: 21 seq; 6 tri-state; 8 no func; 10 dont_use; 0 with 2 outputs; 0 with 3+ outputs).  Time =     0.09 sec
Warning: Detected 2 multi-output cells (for example, "FA_X1").
phymid: running map_oto -> mapper_extract -> phyread -> phyopt -> map
Derived GENLIB library "NangateOpenCellLibrary" with 30 gates using slew 17.19 ps and gain 250.00.
Total runtime =     0.00 sec
mapper_extract: starting extraction...
mapper_extract: extracting to "/mnt/d/My_abc_work/abc/my_work/VS-SMABC_FPRM/compare_4way_out_smabc_method_45nm_runs20/tmp/ts10_raw_flow.phy.csv"...
mapper_extract: max slack = 20.000000

=== DEBUG: Node ID Mapping ===
Format: objId | Name | Type | Fanin0 | Fanin1 | Gate | pData
 24 | n24        | NODE |   1 |  -1 | INV_X1 | 0x603bae79cd10
 25 | n25        | NODE |   2 |  -1 | INV_X1 | 0x603bae79cd10
 26 | n26        | NODE |   3 |  -1 | INV_X1 | 0x603bae79cd10
 27 | n27        | NODE |   4 |  -1 | INV_X1 | 0x603bae79cd10
 28 | n28        | NODE |   5 |  -1 | INV_X1 | 0x603bae79cd10
 29 | n29        | NODE |   6 |  -1 | INV_X1 | 0x603bae79cd10
 30 | n30        | NODE |   7 |  -1 | INV_X1 | 0x603bae79cd10
 31 | n31        | NODE |   8 |  -1 | INV_X1 | 0x603bae79cd10
 32 | n32        | NODE |   9 |  -1 | INV_X1 | 0x603bae79cd10
 33 | n33        | NODE |  10 |  -1 | INV_X1 | 0x603bae79cd10
 34 | n34        | NODE |  11 |  -1 | INV_X1 | 0x603bae79cd10
 35 | n35        | NODE |  12 |  -1 | INV_X1 | 0x603bae79cd10
 36 | n36        | NODE |  13 |  -1 | INV_X1 | 0x603bae79cd10
 37 | n37        | NODE |  14 |  -1 | INV_X1 | 0x603bae79cd10
 38 | n38        | NODE |  15 |  -1 | INV_X1 | 0x603bae79cd10
 39 | n39        | NODE |  16 |  -1 | INV_X1 | 0x603bae79cd10
 40 | n40        | NODE |  17 |  -1 | INV_X1 | 0x603bae79cd10
 41 | n41        | NODE |  18 |  -1 | INV_X1 | 0x603bae79cd10
 42 | n42        | NODE |  19 |  -1 | INV_X1 | 0x603bae79cd10
 43 | n43        | NODE |  20 |  -1 | INV_X1 | 0x603bae79cd10
 44 | n44        | NODE |  21 |  22 | NAND2_X1 | 0x603bae79db10
 45 | n45        | NODE |  21 |  44 | NAND2_X1 | 0x603bae79db10
 46 | n46        | NODE |  43 |  45 | AND2_X1 | 0x603bae796fc0
 47 | n47        | NODE |  42 |  46 | AND2_X1 | 0x603bae796fc0
 48 | n48        | NODE |  41 |  47 | AND2_X1 | 0x603bae796fc0
 49 | n49        | NODE |  40 |  48 | AND2_X1 | 0x603bae796fc0
 50 | n50        | NODE |  39 |  49 | AND2_X1 | 0x603bae796fc0
 51 | n51        | NODE |  38 |  50 | AND2_X1 | 0x603bae796fc0
 52 | n52        | NODE |  37 |  51 | AND2_X1 | 0x603bae796fc0
 53 | n53        | NODE |  36 |  52 | AND2_X1 | 0x603bae796fc0
 54 | n54        | NODE |  35 |  53 | AND2_X1 | 0x603bae796fc0
 55 | n55        | NODE |  34 |  54 | AND2_X1 | 0x603bae796fc0
 56 | n56        | NODE |  33 |  55 | AND2_X1 | 0x603bae796fc0
 57 | n57        | NODE |  32 |  56 | AND2_X1 | 0x603bae796fc0
 58 | n58        | NODE |  31 |  57 | AND2_X1 | 0x603bae796fc0
 59 | n59        | NODE |  30 |  58 | AND2_X1 | 0x603bae796fc0
 60 | n60        | NODE |  29 |  59 | AND2_X1 | 0x603bae796fc0
 61 | n61        | NODE |  28 |  60 | AND2_X1 | 0x603bae796fc0
 62 | n62        | NODE |  27 |  61 | AND2_X1 | 0x603bae796fc0
 63 | n63        | NODE |  26 |  62 | AND2_X1 | 0x603bae796fc0
 64 | n64        | NODE |  25 |  63 | AND2_X1 | 0x603bae796fc0
 65 | n65        | NODE |  24 |  64 | AND2_X1 | 0x603bae796fc0
==============================

mapper_extract: wrote 42 lines to "/mnt/d/My_abc_work/abc/my_work/VS-SMABC_FPRM/compare_4way_out_smabc_method_45nm_runs20/tmp/ts10_raw_flow.phy.csv".
mapper_extract: done.
Loaded 42 physical records from /mnt/d/My_abc_work/abc/my_work/VS-SMABC_FPRM/compare_4way_out_smabc_method_45nm_runs20/tmp/ts10_raw_flow.phy.csv
Potential rebuilt: alpha(low/mid/high)=0.300/0.500/0.800 avg_struct=0.4762 avg_slack=0.2500 avg_opt=0.3535
Physical records : 42
Gate summary     : NAND=2 AND=20 INV=20 OTHER=0
Alpha (L/M/H)    : 0.300 / 0.500 / 0.800
StructW(i/p/f/g) : 0.500 / 0.400 / 0.050 / 0.050
phyopt: start rounds=3, criticality partitions high(>=0.900)->low(<=0.250)->mid, window=16, mode=fixed.
phyopt: objective=delay-non-regression + area minimization (delay_eps=0.001 rel_tol=0 area_eps=0.001 delay_only=off).
phyopt: case timeout enabled (300 sec).
phyopt: fit-function on (loaded=yes, samples=4350, l0_scale=0.35, l1_scale=0.25, coef_file=/mnt/d/My_abc_work/abc/my_work/model/phy_fit_function_v1.txt).
phyopt: sample-log off (keep_target=28% [35%,95%]).
phyopt: round=1 partition sizes high=24 low=6 mid=12.
phyopt: part=high seed=n42(id=42 center=42 R=5 tpl=0 crit=0.900 pot=0.2800)
phyopt: rejected (map area 14.61->15.14, delay 281.46->230.22).
phyopt: part=high seed=n43(id=43 center=43 R=5 tpl=1 crit=0.950 pot=0.2400)
phyopt: rejected (map area 14.61->15.14, delay 281.46->230.22).
phyopt: part=high seed=n44(id=44 center=44 R=6 tpl=2 crit=1.000 pot=0.0000)
phyopt: rejected (map area 14.61->15.14, delay 281.46->230.22).
phyopt: part=high seed=n45(id=45 center=45 R=6 tpl=0 crit=1.000 pot=0.0000)
Object with ID 45 is not a node or reg output.
Error: Extracting sequential window has failed.
Error: phyopt: local optimization failed. Rolling back.
The node "n46" with ID 46 is not in the current network.
phyopt: skip seed=n46 (cannot resolve center node in current AIG).
The node "n47" with ID 47 is not in the current network.
phyopt: skip seed=n47 (cannot resolve center node in current AIG).
The node "n48" with ID 48 is not in the current network.
phyopt: skip seed=n48 (cannot resolve center node in current AIG).
The node "n49" with ID 49 is not in the current network.
phyopt: skip seed=n49 (cannot resolve center node in current AIG).
The node "n50" with ID 50 is not in the current network.
phyopt: skip seed=n50 (cannot resolve center node in current AIG).
The node "n51" with ID 51 is not in the current network.
phyopt: skip seed=n51 (cannot resolve center node in current AIG).
The node "n52" with ID 52 is not in the current network.
phyopt: skip seed=n52 (cannot resolve center node in current AIG).
The node "n53" with ID 53 is not in the current network.
phyopt: skip seed=n53 (cannot resolve center node in current AIG).
The node "n54" with ID 54 is not in the current network.
phyopt: skip seed=n54 (cannot resolve center node in current AIG).
The node "n55" with ID 55 is not in the current network.
phyopt: skip seed=n55 (cannot resolve center node in current AIG).
The node "n56" with ID 56 is not in the current network.
phyopt: skip seed=n56 (cannot resolve center node in current AIG).
The node "n57" with ID 57 is not in the current network.
phyopt: skip seed=n57 (cannot resolve center node in current AIG).
The node "n58" with ID 58 is not in the current network.
phyopt: skip seed=n58 (cannot resolve center node in current AIG).
The node "n59" with ID 59 is not in the current network.
phyopt: skip seed=n59 (cannot resolve center node in current AIG).
The node "n60" with ID 60 is not in the current network.
phyopt: skip seed=n60 (cannot resolve center node in current AIG).
The node "n61" with ID 61 is not in the current network.
phyopt: skip seed=n61 (cannot resolve center node in current AIG).
The node "n62" with ID 62 is not in the current network.
phyopt: skip seed=n62 (cannot resolve center node in current AIG).
The node "n63" with ID 63 is not in the current network.
phyopt: skip seed=n63 (cannot resolve center node in current AIG).
The node "n64" with ID 64 is not in the current network.
phyopt: skip seed=n64 (cannot resolve center node in current AIG).
The node "n65" with ID 65 is not in the current network.
phyopt: skip seed=n65 (cannot resolve center node in current AIG).
phyopt: part=low seed=n24(id=24 center=24 R=3 tpl=0 crit=0.000 pot=1.0000)
phyopt: rejected (map area 14.61->14.61, delay 281.46->281.46).
phyopt: part=low seed=n25(id=25 center=25 R=3 tpl=1 crit=0.050 pot=0.9850)
phyopt: rejected (map area 14.61->14.61, delay 281.46->262.71).
phyopt: part=low seed=n26(id=26 center=26 R=3 tpl=2 crit=0.100 pot=0.9700)
phyopt: rejected (map area 14.61->14.62, delay 281.46->254.20).
phyopt: part=low seed=n27(id=27 center=27 R=3 tpl=0 crit=0.150 pot=0.9550)
phyopt: accepted (map area 14.61->14.60, delay 281.46->257.32).
phyopt: part=low seed=n28(id=28 center=28 R=3 tpl=1 crit=0.200 pot=0.9400)
phyopt: rejected (map area 14.60->15.67, delay 257.32->250.05).
phyopt: part=low seed=n29(id=29 center=29 R=3 tpl=2 crit=0.250 pot=0.9250)
phyopt: rejected (map area 14.60->15.68, delay 257.32->240.45).
phyopt: part=mid seed=n30(id=30 center=30 R=4 tpl=0 crit=0.300 pot=0.8500)
phyopt: rejected (map area 14.60->15.69, delay 257.32->217.84).
phyopt: part=mid seed=n31(id=31 center=31 R=4 tpl=1 crit=0.350 pot=0.8250)
phyopt: accepted (map area 14.60->13.29, delay 257.32->213.75).
phyopt: part=mid seed=n32(id=32 center=32 R=4 tpl=2 crit=0.400 pot=0.8000)
phyopt: rejected (map area 13.29->17.53, delay 213.75->205.20).
phyopt: part=mid seed=n33(id=33 center=33 R=4 tpl=0 crit=0.450 pot=0.7750)
phyopt: rejected (map area 13.29->14.10, delay 213.75->187.33).
phyopt: part=mid seed=n34(id=34 center=34 R=4 tpl=1 crit=0.500 pot=0.7500)
phyopt: rejected (map area 13.29->13.54, delay 213.75->184.37).
phyopt: part=mid seed=n35(id=35 center=35 R=4 tpl=2 crit=0.550 pot=0.7250)
phyopt: rejected (map area 13.29->14.08, delay 213.75->174.17).
phyopt: part=mid seed=n36(id=36 center=36 R=4 tpl=1 crit=0.600 pot=0.7000)
phyopt: rejected (map area 13.29->16.47, delay 213.75->161.07).
phyopt: part=mid seed=n37(id=37 center=37 R=4 tpl=1 crit=0.650 pot=0.6750)
phyopt: rejected (map area 13.29->13.81, delay 213.75->164.35).
phyopt: part=mid seed=n38(id=38 center=38 R=4 tpl=1 crit=0.700 pot=0.6500)
phyopt: rejected (map area 13.29->15.15, delay 213.75->167.32).
phyopt: part=mid seed=n39(id=39 center=39 R=4 tpl=2 crit=0.750 pot=0.6250)
phyopt: rejected (map area 13.29->15.95, delay 213.75->167.32).
phyopt: part=mid seed=n40(id=40 center=40 R=4 tpl=0 crit=0.800 pot=0.6000)
phyopt: rejected (map area 13.29->16.74, delay 213.75->167.32).
phyopt: part=mid seed=n41(id=41 center=41 R=4 tpl=1 crit=0.850 pot=0.5750)
phyopt: rejected (map area 13.29->16.74, delay 213.75->167.32).
phyopt: finished round 1/3.
mapper_extract: wrote 42 lines to "/mnt/d/My_abc_work/abc/my_work/VS-SMABC_FPRM/compare_4way_out_smabc_method_45nm_runs20/tmp/ts10_raw_flow.phy.csv".
Loaded 42 physical records from /mnt/d/My_abc_work/abc/my_work/VS-SMABC_FPRM/compare_4way_out_smabc_method_45nm_runs20/tmp/ts10_raw_flow.phy.csv
Potential rebuilt: alpha(low/mid/high)=0.300/0.500/0.800 avg_struct=0.4762 avg_slack=0.1956 avg_opt=0.3104
phyopt: round=2 partition sizes high=23 low=4 mid=15.
phyopt: part=high seed=n42(id=42 center=42 R=5 tpl=0 crit=0.929 pot=0.2571)
phyopt: rejected (map area 13.29->16.74, delay 213.75->167.32).
The node "n48" with ID 48 is not in the current network.
phyopt: skip seed=n48 (cannot resolve center node in current AIG).
The node "n49" with ID 49 is not in the current network.
phyopt: skip seed=n49 (cannot resolve center node in current AIG).
The node "n50" with ID 50 is not in the current network.
phyopt: skip seed=n50 (cannot resolve center node in current AIG).
phyopt: part=high seed=n43(id=43 center=43 R=6 tpl=1 crit=1.000 pot=0.0000)
phyopt: rejected (map area 13.29->16.74, delay 213.75->167.32).
phyopt: part=high seed=n44(id=44 center=44 R=6 tpl=2 crit=1.000 pot=0.0000)
phyopt: rejected (map area 13.29->16.74, delay 213.75->167.32).
phyopt: part=high seed=n45(id=45 center=45 R=6 tpl=0 crit=1.000 pot=0.0000)
Object with ID 45 is not a node or reg output.
Error: Extracting sequential window has failed.
Error: phyopt: local optimization failed. Rolling back.
The node "n46" with ID 46 is not in the current network.
phyopt: skip seed=n46 (cannot resolve center node in current AIG).
The node "n51" with ID 51 is not in the current network.
phyopt: skip seed=n51 (cannot resolve center node in current AIG).
The node "n52" with ID 52 is not in the current network.
phyopt: skip seed=n52 (cannot resolve center node in current AIG).
The node "n53" with ID 53 is not in the current network.
phyopt: skip seed=n53 (cannot resolve center node in current AIG).
The node "n54" with ID 54 is not in the current network.
phyopt: skip seed=n54 (cannot resolve center node in current AIG).
The node "n55" with ID 55 is not in the current network.
phyopt: skip seed=n55 (cannot resolve center node in current AIG).
The node "n56" with ID 56 is not in the current network.
phyopt: skip seed=n56 (cannot resolve center node in current AIG).
The node "n57" with ID 57 is not in the current network.
phyopt: skip seed=n57 (cannot resolve center node in current AIG).
The node "n59" with ID 59 is not in the current network.
phyopt: skip seed=n59 (cannot resolve center node in current AIG).
The node "n60" with ID 60 is not in the current network.
phyopt: skip seed=n60 (cannot resolve center node in current AIG).
The node "n61" with ID 61 is not in the current network.
phyopt: skip seed=n61 (cannot resolve center node in current AIG).
The node "n63" with ID 63 is not in the current network.
phyopt: skip seed=n63 (cannot resolve center node in current AIG).
The node "n64" with ID 64 is not in the current network.
phyopt: skip seed=n64 (cannot resolve center node in current AIG).
The node "n65" with ID 65 is not in the current network.
phyopt: skip seed=n65 (cannot resolve center node in current AIG).
phyopt: part=low seed=n24(id=24 center=24 R=3 tpl=0 crit=0.000 pot=1.0000)
phyopt: rejected (map area 13.29->15.68, delay 213.75->225.28).
phyopt: part=low seed=n25(id=25 center=25 R=3 tpl=0 crit=0.071 pot=0.9786)
phyopt: rejected (map area 13.29->13.29, delay 213.75->213.75).
phyopt: part=low seed=n26(id=26 center=26 R=3 tpl=1 crit=0.143 pot=0.9571)
phyopt: rejected (map area 13.29->13.29, delay 213.75->213.75).
phyopt: part=mid seed=n28(id=28 center=28 R=4 tpl=2 crit=0.286 pot=0.8571)
phyopt: rejected (map area 13.29->13.29, delay 213.75->213.75).
phyopt: part=mid seed=n29(id=29 center=29 R=4 tpl=1 crit=0.357 pot=0.8214)
phyopt: rejected (map area 13.29->18.07, delay 213.75->207.62).
phyopt: part=mid seed=n30(id=30 center=30 R=4 tpl=2 crit=0.429 pot=0.7857)
phyopt: rejected (map area 13.29->13.55, delay 213.75->221.20).
phyopt: part=mid seed=n32(id=32 center=32 R=4 tpl=0 crit=0.571 pot=0.7143)
phyopt: rejected (map area 13.29->16.75, delay 213.75->207.62).
phyopt: part=mid seed=n33(id=33 center=33 R=4 tpl=1 crit=0.643 pot=0.6786)
phyopt: rejected (map area 13.29->14.10, delay 213.75->187.33).
phyopt: part=mid seed=n34(id=34 center=34 R=4 tpl=2 crit=0.857 pot=0.5714)
phyopt: rejected (map area 13.29->13.53, delay 213.75->186.19).
phyopt: part=mid seed=n35(id=35 center=35 R=4 tpl=1 crit=0.857 pot=0.5714)
phyopt: rejected (map area 13.29->15.67, delay 213.75->175.63).
phyopt: part=mid seed=n37(id=37 center=37 R=4 tpl=0 crit=0.857 pot=0.5714)
phyopt: rejected (map area 13.29->13.81, delay 213.75->164.35).
phyopt: part=mid seed=n38(id=38 center=38 R=4 tpl=2 crit=0.857 pot=0.5714)
phyopt: rejected (map area 13.29->15.15, delay 213.75->167.32).
phyopt: part=mid seed=n41(id=41 center=41 R=4 tpl=1 crit=0.857 pot=0.5714)
phyopt: rejected (map area 13.29->16.74, delay 213.75->167.32).
The node "n47" with ID 47 is not in the current network.
phyopt: skip seed=n47 (cannot resolve center node in current AIG).
phyopt: part=mid seed=n36(id=36 center=36 R=4 tpl=2 crit=0.857 pot=0.0714)
phyopt: rejected (map area 13.29->16.47, delay 213.75->161.07).
phyopt: part=mid seed=n39(id=39 center=39 R=4 tpl=0 crit=0.857 pot=0.0714)
phyopt: rejected (map area 13.29->15.95, delay 213.75->167.32).
phyopt: part=mid seed=n40(id=40 center=40 R=4 tpl=1 crit=0.857 pot=0.0714)
phyopt: rejected (map area 13.29->16.74, delay 213.75->167.32).
phyopt: finished round 2/3.
mapper_extract: wrote 42 lines to "/mnt/d/My_abc_work/abc/my_work/VS-SMABC_FPRM/compare_4way_out_smabc_method_45nm_runs20/tmp/ts10_raw_flow.phy.csv".
Loaded 42 physical records from /mnt/d/My_abc_work/abc/my_work/VS-SMABC_FPRM/compare_4way_out_smabc_method_45nm_runs20/tmp/ts10_raw_flow.phy.csv
Potential rebuilt: alpha(low/mid/high)=0.300/0.500/0.800 avg_struct=0.4762 avg_slack=0.1956 avg_opt=0.3104
phyopt: round=3 partition sizes high=23 low=4 mid=15.
phyopt: part=high seed=n42(id=42 center=42 R=5 tpl=2 crit=0.929 pot=0.2571)
phyopt: rejected (map area 13.29->16.74, delay 213.75->167.32).
The node "n48" with ID 48 is not in the current network.
phyopt: skip seed=n48 (cannot resolve center node in current AIG).
The node "n49" with ID 49 is not in the current network.
phyopt: skip seed=n49 (cannot resolve center node in current AIG).
The node "n50" with ID 50 is not in the current network.
phyopt: skip seed=n50 (cannot resolve center node in current AIG).
phyopt: part=high seed=n43(id=43 center=43 R=6 tpl=1 crit=1.000 pot=0.0000)
phyopt: rejected (map area 13.29->16.74, delay 213.75->167.32).
phyopt: part=high seed=n44(id=44 center=44 R=6 tpl=0 crit=1.000 pot=0.0000)
phyopt: rejected (map area 13.29->16.74, delay 213.75->167.32).
phyopt: part=high seed=n45(id=45 center=45 R=6 tpl=2 crit=1.000 pot=0.0000)
Object with ID 45 is not a node or reg output.
Error: Extracting sequential window has failed.
Error: phyopt: local optimization failed. Rolling back.
The node "n46" with ID 46 is not in the current network.
phyopt: skip seed=n46 (cannot resolve center node in current AIG).
The node "n51" with ID 51 is not in the current network.
phyopt: skip seed=n51 (cannot resolve center node in current AIG).
The node "n52" with ID 52 is not in the current network.
phyopt: skip seed=n52 (cannot resolve center node in current AIG).
The node "n53" with ID 53 is not in the current network.
phyopt: skip seed=n53 (cannot resolve center node in current AIG).
The node "n54" with ID 54 is not in the current network.
phyopt: skip seed=n54 (cannot resolve center node in current AIG).
The node "n55" with ID 55 is not in the current network.
phyopt: skip seed=n55 (cannot resolve center node in current AIG).
The node "n56" with ID 56 is not in the current network.
phyopt: skip seed=n56 (cannot resolve center node in current AIG).
The node "n57" with ID 57 is not in the current network.
phyopt: skip seed=n57 (cannot resolve center node in current AIG).
The node "n59" with ID 59 is not in the current network.
phyopt: skip seed=n59 (cannot resolve center node in current AIG).
The node "n60" with ID 60 is not in the current network.
phyopt: skip seed=n60 (cannot resolve center node in current AIG).
The node "n61" with ID 61 is not in the current network.
phyopt: skip seed=n61 (cannot resolve center node in current AIG).
The node "n63" with ID 63 is not in the current network.
phyopt: skip seed=n63 (cannot resolve center node in current AIG).
The node "n64" with ID 64 is not in the current network.
phyopt: skip seed=n64 (cannot resolve center node in current AIG).
The node "n65" with ID 65 is not in the current network.
phyopt: skip seed=n65 (cannot resolve center node in current AIG).
phyopt: part=low seed=n24(id=24 center=24 R=3 tpl=0 crit=0.000 pot=1.0000)
phyopt: rejected (map area 13.29->15.68, delay 213.75->225.28).
phyopt: part=low seed=n25(id=25 center=25 R=3 tpl=1 crit=0.071 pot=0.9786)
phyopt: rejected (map area 13.29->13.29, delay 213.75->213.75).
phyopt: part=low seed=n26(id=26 center=26 R=3 tpl=2 crit=0.143 pot=0.9571)
phyopt: rejected (map area 13.29->13.29, delay 213.75->213.75).
phyopt: part=mid seed=n28(id=28 center=28 R=4 tpl=2 crit=0.286 pot=0.8571)
phyopt: rejected (map area 13.29->13.29, delay 213.75->213.75).
phyopt: part=mid seed=n29(id=29 center=29 R=4 tpl=1 crit=0.357 pot=0.8214)
phyopt: rejected (map area 13.29->18.07, delay 213.75->207.62).
phyopt: part=mid seed=n30(id=30 center=30 R=4 tpl=2 crit=0.429 pot=0.7857)
phyopt: rejected (map area 13.29->13.55, delay 213.75->221.20).
phyopt: part=mid seed=n32(id=32 center=32 R=4 tpl=0 crit=0.571 pot=0.7143)
phyopt: rejected (map area 13.29->16.75, delay 213.75->207.62).
phyopt: part=mid seed=n33(id=33 center=33 R=4 tpl=2 crit=0.643 pot=0.6786)
phyopt: rejected (map area 13.29->14.10, delay 213.75->187.33).
phyopt: part=mid seed=n34(id=34 center=34 R=4 tpl=1 crit=0.857 pot=0.5714)
phyopt: rejected (map area 13.29->13.54, delay 213.75->184.37).
phyopt: part=mid seed=n35(id=35 center=35 R=4 tpl=2 crit=0.857 pot=0.5714)
phyopt: rejected (map area 13.29->14.08, delay 213.75->174.17).
phyopt: part=mid seed=n37(id=37 center=37 R=4 tpl=0 crit=0.857 pot=0.5714)
phyopt: rejected (map area 13.29->13.81, delay 213.75->164.35).
phyopt: part=mid seed=n38(id=38 center=38 R=4 tpl=1 crit=0.857 pot=0.5714)
phyopt: rejected (map area 13.29->15.15, delay 213.75->167.32).
phyopt: part=mid seed=n41(id=41 center=41 R=4 tpl=2 crit=0.857 pot=0.5714)
phyopt: rejected (map area 13.29->16.74, delay 213.75->167.32).
The node "n47" with ID 47 is not in the current network.
phyopt: skip seed=n47 (cannot resolve center node in current AIG).
phyopt: part=mid seed=n36(id=36 center=36 R=4 tpl=2 crit=0.857 pot=0.0714)
phyopt: rejected (map area 13.29->16.47, delay 213.75->161.07).
phyopt: part=mid seed=n39(id=39 center=39 R=4 tpl=0 crit=0.857 pot=0.0714)
phyopt: rejected (map area 13.29->15.95, delay 213.75->167.32).
phyopt: part=mid seed=n40(id=40 center=40 R=4 tpl=1 crit=0.857 pot=0.0714)
phyopt: rejected (map area 13.29->16.74, delay 213.75->167.32).
phyopt: finished round 3/3.
phyopt: partition summary (tried/accepted):
  high : 0 / 12
  low  : 1 / 12
  mid  : 1 / 38
phyopt: per-part seed coverage (topK means top-5 potential within processed seeds):
  high: seeds=70 tried=12(17.1%) accepted=0(0.0%) skipped(marked=4,low_slack=0) topK(tried=8/15 accepted=0 hit=0.0%)
  low: seeds=14 tried=12(85.7%) accepted=1(8.3%) skipped(marked=2,low_slack=0) topK(tried=11/13 accepted=1 hit=9.1%)
  mid: seeds=42 tried=38(90.5%) accepted=1(2.6%) skipped(marked=2,low_slack=0) topK(tried=13/15 accepted=1 hit=7.7%)
phyopt: sequence template stats by partition (template_id: accepted/tried):
  high: t0=0/5 t1=0/3 t2=0/4
  low: t0=1/5 t1=0/4 t2=0/3
  mid: t0=0/9 t1=1/15 t2=0/14
phyopt: rejection reason breakdown:
  - runtime_or_eval_fail : 59
  - policy_tradeoff_reject : 8
  - delay_worse : 0
  - area_worse : 45
  - area_and_delay_worse : 4
  - delay_guard_violation : 0
phyopt: skipped marked=8 low_slack=<0.10=0
phyopt: done, accepted=2 rejected=116 final_nodes=22 final_levels=16.
Derived GENLIB library "NangateOpenCellLibrary" with 30 gates using slew 17.19 ps and gain 250.00.
Converting "/mnt/d/My_abc_work/abc/my_work/c17_work/NangateOpenCellLibrary_typical.genlib" into supergate library "/mnt/d/My_abc_work/abc/my_work/c17_work/NangateOpenCellLibrary_typical.super".
Maximum level: Original = 16. Reduced due to choices = 16.
Choice stats:  Choice nodes = 0. Total choices = 0.
Nodes =     44.  Total 5-feasible cuts =         95.  Per node = 2.2. Time =     0.00 sec
Delay    : Delay =     0.00  Flow =        10.6  Area =        13.3   0.0 %   Time =     0.00 sec
AreaFlow : Delay =   213.75  Flow =        10.6  Area =        13.3   0.0 %   Time =     0.00 sec
Area     : Delay =   213.75  Flow =         0.0  Area =        13.3   0.0 %   Time =     0.00 sec
Area     : Delay =   213.75  Flow =         0.0  Area =        13.3   0.0 %   Time =     0.00 sec
Output  po0    : Delay = (213.75, 213.75)  POS
Total runtime =     0.00 sec
phymid: done. You can now run write_verilog/write_blif (or strash; write_aiger).
[1;37m/mnt/d/My_abc_work/abc/my_work/VS-SMABC_FPRM/aig_output_raw/ts10_raw:[0m i/o =   22/    1  lat =    0  nd =    14  edge =     35  area =13.29  delay =213.75  lev = 6
