======== ABC command line "source /mnt/d/My_abc_work/abc/my_work/VS-SMABC_FPRM/compare_4way_out_smabc_method_asap7_runs20/tmp/table3_opt_flow.abc"
Library "asap7sc7p5t_AO_RVT_FF_nldm_211120" from "/mnt/d/My_abc_work/abc/my_work/VS-SMABC_FPRM/asap7_orfs_combined_RVT_FF_nldm.lib" has 169 cells (0 skipped: 0 seq; 0 tri-state; 0 no func; 0 dont_use; 0 with 2 outputs; 0 with 3+ outputs).  Time =     0.54 sec
Warning: Detected 2 multi-output cells (for example, "FAx1_ASAP7_75t_R").
phymid: running map_oto -> mapper_extract -> phyread -> phyopt -> map
Derived GENLIB library "asap7sc7p5t_AO_RVT_FF_nldm_211120" with 77 gates using slew 20.00 ps and gain 250.00.
Total runtime =     0.00 sec
mapper_extract: starting extraction...
mapper_extract: extracting to "/mnt/d/My_abc_work/abc/my_work/VS-SMABC_FPRM/compare_4way_out_smabc_method_asap7_runs20/tmp/table3_opt_flow.phy.csv"...
mapper_extract: max slack = 11.000000

=== DEBUG: Node ID Mapping ===
Format: objId | Name | Type | Fanin0 | Fanin1 | Gate | pData
 16 | n16        | NODE |   1 |  -1 | INVx1_ASAP7_75t_R | 0x5a4b124cbc20
 17 | n17        | NODE |   2 |  -1 | INVx1_ASAP7_75t_R | 0x5a4b124cbc20
 18 | n18        | NODE |   3 |  -1 | INVx1_ASAP7_75t_R | 0x5a4b124cbc20
 19 | n19        | NODE |   4 |  -1 | INVx1_ASAP7_75t_R | 0x5a4b124cbc20
 20 | n20        | NODE |   5 |  -1 | INVx1_ASAP7_75t_R | 0x5a4b124cbc20
 21 | n21        | NODE |   6 |  -1 | INVx1_ASAP7_75t_R | 0x5a4b124cbc20
 22 | n22        | NODE |   7 |  -1 | INVx1_ASAP7_75t_R | 0x5a4b124cbc20
 23 | n23        | NODE |   8 |  -1 | INVx1_ASAP7_75t_R | 0x5a4b124cbc20
 24 | n24        | NODE |   9 |  -1 | INVx1_ASAP7_75t_R | 0x5a4b124cbc20
 25 | n25        | NODE |  10 |  -1 | INVx1_ASAP7_75t_R | 0x5a4b124cbc20
 26 | n26        | NODE |  11 |  -1 | INVx1_ASAP7_75t_R | 0x5a4b124cbc20
 27 | n27        | NODE |  12 |  -1 | INVx1_ASAP7_75t_R | 0x5a4b124cbc20
 28 | n28        | NODE |  26 |  27 | AND2x2_ASAP7_75t_R | 0x5a4b124d4c10
 29 | n29        | NODE |  25 |  28 | AND2x2_ASAP7_75t_R | 0x5a4b124d4c10
 30 | n30        | NODE |  24 |  29 | AND2x2_ASAP7_75t_R | 0x5a4b124d4c10
 31 | n31        | NODE |  23 |  30 | AND2x2_ASAP7_75t_R | 0x5a4b124d4c10
 32 | n32        | NODE |  22 |  31 | AND2x2_ASAP7_75t_R | 0x5a4b124d4c10
 33 | n33        | NODE |  21 |  32 | AND2x2_ASAP7_75t_R | 0x5a4b124d4c10
 34 | n34        | NODE |  20 |  33 | AND2x2_ASAP7_75t_R | 0x5a4b124d4c10
 35 | n35        | NODE |  19 |  34 | AND2x2_ASAP7_75t_R | 0x5a4b124d4c10
 36 | n36        | NODE |  18 |  35 | AND2x2_ASAP7_75t_R | 0x5a4b124d4c10
 37 | n37        | NODE |  17 |  36 | AND2x2_ASAP7_75t_R | 0x5a4b124d4c10
 38 | n38        | NODE |  16 |  37 | NAND2xp33_ASAP7_75t_R | 0x5a4b124d7d40
 39 | n39        | NODE |  13 |  14 | AND2x2_ASAP7_75t_R | 0x5a4b124d4c10
 40 | n40        | NODE |  27 |  39 | AND2x2_ASAP7_75t_R | 0x5a4b124d4c10
 41 | n41        | NODE |  26 |  40 | AND2x2_ASAP7_75t_R | 0x5a4b124d4c10
 42 | n42        | NODE |  25 |  41 | AND2x2_ASAP7_75t_R | 0x5a4b124d4c10
 43 | n43        | NODE |  24 |  42 | AND2x2_ASAP7_75t_R | 0x5a4b124d4c10
 44 | n44        | NODE |  23 |  43 | AND2x2_ASAP7_75t_R | 0x5a4b124d4c10
 45 | n45        | NODE |  22 |  44 | AND2x2_ASAP7_75t_R | 0x5a4b124d4c10
 46 | n46        | NODE |  21 |  45 | AND2x2_ASAP7_75t_R | 0x5a4b124d4c10
 47 | n47        | NODE |  20 |  46 | AND2x2_ASAP7_75t_R | 0x5a4b124d4c10
 48 | n48        | NODE |  19 |  47 | AND2x2_ASAP7_75t_R | 0x5a4b124d4c10
 49 | n49        | NODE |  18 |  48 | AND2x2_ASAP7_75t_R | 0x5a4b124d4c10
 50 | n50        | NODE |  17 |  49 | AND2x2_ASAP7_75t_R | 0x5a4b124d4c10
 51 | n51        | NODE |  16 |  50 | NAND2xp33_ASAP7_75t_R | 0x5a4b124d7d40
 52 | n52        | NODE |  51 |  -1 | INVx1_ASAP7_75t_R | 0x5a4b124cbc20
 53 | n53        | NODE |  38 |  52 | NAND2xp33_ASAP7_75t_R | 0x5a4b124d7d40
 54 | n54        | NODE |  38 |  -1 | INVx1_ASAP7_75t_R | 0x5a4b124cbc20
 55 | n55        | NODE |  54 |  51 | NAND2xp33_ASAP7_75t_R | 0x5a4b124d7d40
 56 | n56        | NODE |  53 |  55 | NAND2xp33_ASAP7_75t_R | 0x5a4b124d7d40
==============================

mapper_extract: wrote 41 lines to "/mnt/d/My_abc_work/abc/my_work/VS-SMABC_FPRM/compare_4way_out_smabc_method_asap7_runs20/tmp/table3_opt_flow.phy.csv".
mapper_extract: done.
Loaded 41 physical records from /mnt/d/My_abc_work/abc/my_work/VS-SMABC_FPRM/compare_4way_out_smabc_method_asap7_runs20/tmp/table3_opt_flow.phy.csv
Potential rebuilt: alpha(low/mid/high)=0.300/0.500/0.800 avg_struct=0.5575 avg_slack=0.1752 avg_opt=0.1951
Physical records : 41
Gate summary     : NAND=5 AND=22 INV=14 OTHER=0
Alpha (L/M/H)    : 0.300 / 0.500 / 0.800
StructW(i/p/f/g) : 0.500 / 0.400 / 0.050 / 0.050
phyopt: start rounds=3, criticality partitions high(>=0.900)->low(<=0.250)->mid, window=16, mode=fixed.
phyopt: objective=delay-non-regression + area minimization (delay_eps=0.001 rel_tol=0 area_eps=0.001 delay_only=off).
phyopt: case timeout enabled (300 sec).
phyopt: fit-function on (loaded=yes, samples=4350, l0_scale=0.35, l1_scale=0.25, coef_file=/mnt/d/My_abc_work/abc/my_work/model/phy_fit_function_v1.txt).
phyopt: sample-log off (keep_target=28% [35%,95%]).
phyopt: round=1 partition sizes high=31 low=3 mid=7.
The node "n54" with ID 54 is not in the current network.
phyopt: skip seed=n54 (cannot resolve center node in current AIG).
phyopt: part=high seed=n28(id=28 center=28 R=5 tpl=1 crit=0.909 pot=0.2275)
phyopt: rejected (map area 1.64->1.73, delay 113.81->97.79).
phyopt: part=high seed=n29(id=29 center=29 R=5 tpl=2 crit=0.909 pot=0.2275)
phyopt: rejected (map area 1.64->1.84, delay 113.81->97.61).
phyopt: part=high seed=n30(id=30 center=30 R=5 tpl=0 crit=0.909 pot=0.2275)
phyopt: accepted (map area 1.64->1.54, delay 113.81->97.61).
phyopt: part=high seed=n32(id=32 center=32 R=5 tpl=1 crit=0.909 pot=0.2275)
phyopt: rejected (map area 1.54->1.54, delay 97.61->97.61).
phyopt: part=high seed=n33(id=33 center=33 R=5 tpl=2 crit=0.909 pot=0.2275)
phyopt: accepted (map area 1.54->1.45, delay 97.61->97.61).
phyopt: part=high seed=n35(id=35 center=35 R=5 tpl=0 crit=0.909 pot=0.2275)
phyopt: rejected (map area 1.45->1.30, delay 97.61->98.64).
phyopt: part=high seed=n36(id=36 center=36 R=5 tpl=0 crit=0.909 pot=0.2275)
phyopt: rejected (map area 1.45->1.29, delay 97.61->98.64).
phyopt: part=high seed=n37(id=37 center=37 R=5 tpl=2 crit=0.909 pot=0.2275)
phyopt: accepted (map area 1.45->1.44, delay 97.61->90.39).
The node "n55" with ID 55 is not in the current network.
phyopt: skip seed=n55 (cannot resolve center node in current AIG).
The node "n52" with ID 52 is not in the current network.
phyopt: skip seed=n52 (cannot resolve center node in current AIG).
phyopt: part=high seed=n39(id=39 center=39 R=6 tpl=2 crit=1.000 pot=0.1548)
phyopt: accepted (map area 1.44->1.21, delay 90.39->75.93).
The node "n41" with ID 41 is not in the current network.
phyopt: skip seed=n41 (cannot resolve center node in current AIG).
The node "n42" with ID 42 is not in the current network.
phyopt: skip seed=n42 (cannot resolve center node in current AIG).
The node "n43" with ID 43 is not in the current network.
phyopt: skip seed=n43 (cannot resolve center node in current AIG).
The node "n44" with ID 44 is not in the current network.
phyopt: skip seed=n44 (cannot resolve center node in current AIG).
The node "n45" with ID 45 is not in the current network.
phyopt: skip seed=n45 (cannot resolve center node in current AIG).
The node "n46" with ID 46 is not in the current network.
phyopt: skip seed=n46 (cannot resolve center node in current AIG).
The node "n47" with ID 47 is not in the current network.
phyopt: skip seed=n47 (cannot resolve center node in current AIG).
The node "n48" with ID 48 is not in the current network.
phyopt: skip seed=n48 (cannot resolve center node in current AIG).
The node "n49" with ID 49 is not in the current network.
phyopt: skip seed=n49 (cannot resolve center node in current AIG).
The node "n50" with ID 50 is not in the current network.
phyopt: skip seed=n50 (cannot resolve center node in current AIG).
The node "n53" with ID 53 is not in the current network.
phyopt: skip seed=n53 (cannot resolve center node in current AIG).
The node "n56" with ID 56 is not in the current network.
phyopt: skip seed=n56 (cannot resolve center node in current AIG).
The node "n51" with ID 51 is not in the current network.
phyopt: skip seed=n51 (cannot resolve center node in current AIG).
phyopt: part=high seed=n26(id=26 center=26 R=5 tpl=2 crit=0.909 pot=0.0727)
phyopt: rejected (map area 1.21->1.35, delay 75.93->61.48).
phyopt: part=high seed=n27(id=27 center=27 R=6 tpl=2 crit=1.000 pot=0.0000)
phyopt: rejected (map area 1.21->1.35, delay 75.93->62.71).
phyopt: part=low seed=n16(id=16 center=16 R=3 tpl=0 crit=0.000 pot=0.3000)
phyopt: rejected (map area 1.21->1.38, delay 75.93->76.67).
phyopt: part=low seed=n18(id=18 center=18 R=3 tpl=1 crit=0.182 pot=0.2455)
phyopt: accepted (map area 1.21->1.20, delay 75.93->75.93).
phyopt: part=mid seed=n19(id=19 center=19 R=4 tpl=0 crit=0.273 pot=0.3636)
phyopt: rejected (map area 1.20->1.30, delay 75.93->78.93).
phyopt: part=mid seed=n20(id=20 center=20 R=4 tpl=1 crit=0.364 pot=0.3182)
phyopt: accepted (map area 1.20->1.16, delay 75.93->75.93).
phyopt: part=mid seed=n22(id=22 center=22 R=4 tpl=2 crit=0.545 pot=0.2273)
phyopt: rejected (map area 1.16->0.91, delay 75.93->76.39).
phyopt: part=mid seed=n23(id=23 center=23 R=4 tpl=0 crit=0.636 pot=0.1818)
phyopt: rejected (map area 1.16->0.88, delay 75.93->75.95).
phyopt: part=mid seed=n25(id=25 center=25 R=4 tpl=1 crit=0.818 pot=0.0909)
phyopt: rejected (map area 1.16->1.24, delay 75.93->71.11).
phyopt: finished round 1/3.
mapper_extract: wrote 36 lines to "/mnt/d/My_abc_work/abc/my_work/VS-SMABC_FPRM/compare_4way_out_smabc_method_asap7_runs20/tmp/table3_opt_flow.phy.csv".
Loaded 36 physical records from /mnt/d/My_abc_work/abc/my_work/VS-SMABC_FPRM/compare_4way_out_smabc_method_asap7_runs20/tmp/table3_opt_flow.phy.csv
Potential rebuilt: alpha(low/mid/high)=0.300/0.500/0.800 avg_struct=0.6937 avg_slack=0.3426 avg_opt=0.4571
phyopt: round=2 partition sizes high=11 low=1 mid=24.
phyopt: part=high seed=n35(id=35 center=35 R=6 tpl=2 crit=1.000 pot=0.1548)
phyopt: accepted (map area 1.16->0.38, delay 75.93->51.86).
The node "n50" with ID 50 is not in the current network.
phyopt: skip seed=n50 (cannot resolve center node in current AIG).
The node "n51" with ID 51 is not in the current network.
phyopt: skip seed=n51 (cannot resolve center node in current AIG).
The node "n42" with ID 42 is not in the current network.
phyopt: skip seed=n42 (cannot resolve center node in current AIG).
phyopt: part=mid seed=n16(id=16 center=16 R=4 tpl=2 crit=0.333 pot=0.8333)
phyopt: rejected (map area 0.38->0.38, delay 51.86->51.86).
The node "n41" with ID 41 is not in the current network.
phyopt: skip seed=n41 (cannot resolve center node in current AIG).
The node "n43" with ID 43 is not in the current network.
phyopt: skip seed=n43 (cannot resolve center node in current AIG).
The node "n44" with ID 44 is not in the current network.
phyopt: skip seed=n44 (cannot resolve center node in current AIG).
phyopt: part=mid seed=n22(id=22 center=22 R=4 tpl=1 crit=0.667 pot=0.6667)
phyopt: rejected (map area 0.38->0.44, delay 51.86->48.64).
phyopt: part=mid seed=n23(id=23 center=23 R=4 tpl=1 crit=0.667 pot=0.6667)
phyopt: rejected (map area 0.38->0.70, delay 51.86->57.75).
phyopt: part=mid seed=n19(id=19 center=19 R=4 tpl=1 crit=0.667 pot=0.5536)
phyopt: rejected (map area 0.38->0.44, delay 51.86->53.63).
phyopt: part=mid seed=n25(id=25 center=25 R=4 tpl=2 crit=0.667 pot=0.5536)
phyopt: rejected (map area 0.38->0.44, delay 51.86->53.03).
The node "n45" with ID 45 is not in the current network.
phyopt: skip seed=n45 (cannot resolve center node in current AIG).
The node "n48" with ID 48 is not in the current network.
phyopt: skip seed=n48 (cannot resolve center node in current AIG).
phyopt: part=mid seed=n26(id=26 center=26 R=4 tpl=0 crit=0.667 pot=0.5454)
phyopt: rejected (map area 0.38->0.44, delay 51.86->53.03).
The node "n46" with ID 46 is not in the current network.
phyopt: skip seed=n46 (cannot resolve center node in current AIG).
phyopt: part=mid seed=n27(id=27 center=27 R=4 tpl=1 crit=0.333 pot=0.3333)
phyopt: rejected (map area 0.38->0.70, delay 51.86->57.75).
phyopt: part=mid seed=n28(id=28 center=28 R=4 tpl=2 crit=0.333 pot=0.3333)
phyopt: rejected (map area 0.38->0.44, delay 51.86->48.64).
phyopt: finished round 2/3.
mapper_extract: wrote 31 lines to "/mnt/d/My_abc_work/abc/my_work/VS-SMABC_FPRM/compare_4way_out_smabc_method_asap7_runs20/tmp/table3_opt_flow.phy.csv".
Loaded 31 physical records from /mnt/d/My_abc_work/abc/my_work/VS-SMABC_FPRM/compare_4way_out_smabc_method_asap7_runs20/tmp/table3_opt_flow.phy.csv
Potential rebuilt: alpha(low/mid/high)=0.300/0.500/0.800 avg_struct=0.8104 avg_slack=0.4839 avg_opt=0.5898
phyopt: round=3 partition sizes high=9 low=8 mid=14.
phyopt: part=high seed=n25(id=25 center=25 R=6 tpl=2 crit=1.000 pot=0.1548)
phyopt: rejected (map area 0.38->0.38, delay 51.86->51.86).
phyopt: part=high seed=n26(id=26 center=26 R=6 tpl=2 crit=1.000 pot=0.1548)
phyopt: rejected (map area 0.38->0.44, delay 51.86->48.64).
The node "n46" with ID 46 is not in the current network.
phyopt: skip seed=n46 (cannot resolve center node in current AIG).
phyopt: part=high seed=n22(id=22 center=22 R=6 tpl=0 crit=1.000 pot=0.1515)
phyopt: rejected (map area 0.38->0.44, delay 51.86->48.64).
phyopt: part=high seed=n16(id=16 center=16 R=6 tpl=2 crit=1.000 pot=0.0000)
phyopt: rejected (map area 0.38->0.38, delay 51.86->51.86).
phyopt: part=low seed=n27(id=27 center=27 R=3 tpl=0 crit=0.000 pot=1.0000)
phyopt: rejected (map area 0.38->0.38, delay 51.86->51.86).
phyopt: part=low seed=n28(id=28 center=28 R=3 tpl=1 crit=0.000 pot=1.0000)
phyopt: rejected (map area 0.38->0.70, delay 51.86->57.75).
phyopt: part=mid seed=n19(id=19 center=19 R=4 tpl=1 crit=0.500 pot=0.7500)
phyopt: rejected (map area 0.38->0.44, delay 51.86->53.63).
The node "n41" with ID 41 is not in the current network.
phyopt: skip seed=n41 (cannot resolve center node in current AIG).
phyopt: part=mid seed=n23(id=23 center=23 R=4 tpl=2 crit=0.500 pot=0.6369)
phyopt: rejected (map area 0.38->0.70, delay 51.86->57.75).
The node "n42" with ID 42 is not in the current network.
phyopt: skip seed=n42 (cannot resolve center node in current AIG).
The node "n43" with ID 43 is not in the current network.
phyopt: skip seed=n43 (cannot resolve center node in current AIG).
The node "n44" with ID 44 is not in the current network.
phyopt: skip seed=n44 (cannot resolve center node in current AIG).
The node "n45" with ID 45 is not in the current network.
phyopt: skip seed=n45 (cannot resolve center node in current AIG).
phyopt: finished round 3/3.
phyopt: partition summary (tried/accepted):
  high : 5 / 16
  low  : 1 / 4
  mid  : 1 / 15
phyopt: per-part seed coverage (topK means top-5 potential within processed seeds):
  high: seeds=51 tried=16(31.4%) accepted=5(31.2%) skipped(marked=16,low_slack=0) topK(tried=6/15 accepted=2 hit=33.3%)
  low: seeds=12 tried=4(33.3%) accepted=1(25.0%) skipped(marked=7,low_slack=0) topK(tried=4/9 accepted=1 hit=25.0%)
  mid: seeds=45 tried=15(33.3%) accepted=1(6.7%) skipped(marked=19,low_slack=0) topK(tried=6/15 accepted=1 hit=16.7%)
phyopt: sequence template stats by partition (template_id: accepted/tried):
  high: t0=1/4 t1=0/2 t2=4/10
  low: t0=0/2 t1=1/2 t2=0/0
  mid: t0=0/3 t1=1/7 t2=0/5
phyopt: rejection reason breakdown:
  - runtime_or_eval_fail : 31
  - policy_tradeoff_reject : 5
  - delay_worse : 0
  - area_worse : 9
  - area_and_delay_worse : 10
  - delay_guard_violation : 4
phyopt: skipped marked=42 low_slack=<0.10=0
phyopt: done, accepted=7 rejected=59 final_nodes=17 final_levels=5.
Derived GENLIB library "asap7sc7p5t_AO_RVT_FF_nldm_211120" with 77 gates using slew 20.00 ps and gain 250.00.
Converting "/mnt/d/My_abc_work/abc/my_work/VS-SMABC_FPRM/asap7_orfs_combined_RVT_FF_nldm.genlib" into supergate library "/mnt/d/My_abc_work/abc/my_work/VS-SMABC_FPRM/asap7_orfs_combined_RVT_FF_nldm.super".
Maximum level: Original = 5. Reduced due to choices = 5.
Choice stats:  Choice nodes = 0. Total choices = 0.
Nodes =     31.  Total 5-feasible cuts =         98.  Per node = 3.2. Time =     0.00 sec
Delay    : Delay =     0.00  Flow =         0.4  Area =         0.4   0.0 %   Time =     0.00 sec
AreaFlow : Delay =    51.86  Flow =         0.4  Area =         0.4   0.0 %   Time =     0.00 sec
Area     : Delay =    51.86  Flow =         0.0  Area =         0.4   0.0 %   Time =     0.00 sec
Area     : Delay =    51.86  Flow =         0.0  Area =         0.4   0.0 %   Time =     0.00 sec
Output  po0    : Delay = (51.86, 51.86)  POS
Total runtime =     0.01 sec
phymid: done. You can now run write_verilog/write_blif (or strash; write_aiger).
[1;37m/mnt/d/My_abc_work/abc/my_work/VS-SMABC_FPRM/aig_output_opt/table3_opt:[0m i/o =   14/    1  lat =    0  nd =     4  edge =     17  area = 0.38  delay =51.86  lev = 2
