======== ABC command line "source /tmp/gs1_ex210_B_base_4196.scr"
Warning: Detected 2 multi-output cells (for example, "FA_X1").
mapper_extract: wrote 12302 lines to "/mnt/d/My_abc_work/abc/my_work/grouped_opt_stage1/results/run_stage1_strategy_r1/B/ex210/ex210_B_base.csv".
Loaded 12302 physical records from /mnt/d/My_abc_work/abc/my_work/grouped_opt_stage1/results/run_stage1_strategy_r1/B/ex210/ex210_B_base.csv
Potential rebuilt: alpha(low/mid/high)=0.200/0.500/0.800 avg_struct=0.7459 avg_slack=0.2573 avg_opt_mid=0.5016
Physical records : 12302
Gate summary     : NAND=7406 AND=4366 INV=529 OTHER=1
Alpha (L/M/H)    : 0.200 / 0.500 / 0.800
StructW(i/p/f/g) : 0.500 / 0.400 / 0.050 / 0.050
phyopt: start rounds=1, criticality partitions high(>=0.900)->low(<=0.250)->mid, window=16.
phyopt: objective=map(area,delay), low-part delay budget=+10% from pre-opt.
phyopt: round=1 partition sizes high=2610 low=136 mid=9556.
phyopt: round=1 part=high seed=n2193(id=2193 center=2193 R=5 crit=0.920 pot=0.2640)
phyopt: accepted (map area 6442.52->6441.72, delay 16.00->16.00).
phyopt: round=1 part=high seed=n7232(id=7232 center=7232 R=5 crit=0.920 pot=0.2640)
phyopt: rejected (map area 6441.72->6443.58, delay 16.00->16.00).
phyopt: round=1 part=high seed=n7334(id=7334 center=7334 R=5 crit=0.920 pot=0.2640)
phyopt: accepted (map area 6441.72->6441.19, delay 16.00->16.00).
The node "n12015" with ID 12015 is not in the current network.
phyopt: skip seed=n12015 (cannot resolve center node in current AIG).
The node "n12031" with ID 12031 is not in the current network.
phyopt: skip seed=n12031 (cannot resolve center node in current AIG).
phyopt: round=1 part=high seed=n2259(id=2259 center=2259 R=5 crit=0.960 pot=0.2320)
phyopt: accepted (map area 6441.19->6437.73, delay 16.00->16.00).
phyopt: round=1 part=high seed=n7075(id=7075 center=7075 R=5 crit=0.960 pot=0.2320)
phyopt: accepted (map area 6437.73->6432.68, delay 16.00->16.00).
The node "n11962" with ID 11962 is not in the current network.
phyopt: skip seed=n11962 (cannot resolve center node in current AIG).
phyopt: round=1 part=high seed=n999(id=999 center=999 R=5 crit=0.920 pot=0.2214)
phyopt: accepted (map area 6432.68->6432.41, delay 16.00->16.00).
phyopt: round=1 part=high seed=n1357(id=1357 center=1357 R=5 crit=0.920 pot=0.2214)
phyopt: rejected (map area 6432.41->6433.74, delay 16.00->16.00).
phyopt: round=1 part=high seed=n1361(id=1361 center=1361 R=5 crit=0.920 pot=0.2214)
phyopt: accepted (map area 6432.41->6428.95, delay 16.00->16.00).
phyopt: round=1 part=high seed=n1363(id=1363 center=1363 R=5 crit=0.920 pot=0.2214)
phyopt: accepted (map area 6428.95->6426.29, delay 16.00->16.00).
phyopt: round=1 part=high seed=n1367(id=1367 center=1367 R=5 crit=0.920 pot=0.2214)
phyopt: accepted (map area 6426.29->6423.90, delay 16.00->16.00).
phyopt: round=1 part=high seed=n1376(id=1376 center=1376 R=5 crit=0.920 pot=0.2214)
phyopt: accepted (map area 6423.90->6423.63, delay 16.00->16.00).
phyopt: round=1 part=high seed=n1421(id=1421 center=1421 R=5 crit=0.920 pot=0.2214)
phyopt: accepted (map area 6423.63->6422.84, delay 16.00->16.00).
phyopt: round=1 part=high seed=n1423(id=1423 center=1423 R=5 crit=0.920 pot=0.2214)
phyopt: accepted (map area 6422.84->6422.84, delay 16.00->16.00).
phyopt: round=1 part=high seed=n1428(id=1428 center=1428 R=5 crit=0.920 pot=0.2214)
phyopt: rejected (map area 6422.84->6423.10, delay 16.00->16.00).
phyopt: round=1 part=high seed=n1434(id=1434 center=1434 R=5 crit=0.920 pot=0.2214)
phyopt: rejected (map area 6422.84->6423.37, delay 16.00->16.00).
phyopt: round=1 part=high seed=n1435(id=1435 center=1435 R=5 crit=0.920 pot=0.2214)
phyopt: accepted (map area 6422.84->6422.04, delay 16.00->16.00).
phyopt: round=1 part=high seed=n1442(id=1442 center=1442 R=5 crit=0.920 pot=0.2214)
phyopt: rejected (map area 6422.04->6422.84, delay 16.00->16.00).
phyopt: round=1 part=high seed=n1443(id=1443 center=1443 R=5 crit=0.920 pot=0.2214)
phyopt: accepted (map area 6422.04->6421.77, delay 16.00->16.00).
phyopt: round=1 part=high seed=n1445(id=1445 center=1445 R=5 crit=0.920 pot=0.2214)
phyopt: rejected (map area 6421.77->6426.29, delay 16.00->16.00).
phyopt: round=1 part=high seed=n1446(id=1446 center=1446 R=5 crit=0.920 pot=0.2214)
phyopt: rejected (map area 6421.77->6422.04, delay 16.00->16.00).
phyopt: round=1 part=high seed=n1447(id=1447 center=1447 R=5 crit=0.920 pot=0.2214)
phyopt: accepted (map area 6421.77->6421.77, delay 16.00->16.00).
phyopt: round=1 part=high seed=n1504(id=1504 center=1504 R=5 crit=0.920 pot=0.2214)
phyopt: rejected (map area 6421.77->6422.04, delay 16.00->16.00).
phyopt: round=1 part=high seed=n1505(id=1505 center=1505 R=5 crit=0.920 pot=0.2214)
phyopt: accepted (map area 6421.77->6419.91, delay 16.00->16.00).
phyopt: round=1 part=high seed=n1509(id=1509 center=1509 R=5 crit=0.920 pot=0.2214)
phyopt: rejected (map area 6419.91->6424.17, delay 16.00->16.00).
phyopt: round=1 part=high seed=n1511(id=1511 center=1511 R=5 crit=0.920 pot=0.2214)
phyopt: accepted (map area 6419.91->6415.92, delay 16.00->16.00).
phyopt: round=1 part=high seed=n1513(id=1513 center=1513 R=5 crit=0.920 pot=0.2214)
phyopt: accepted (map area 6415.92->6414.86, delay 16.00->16.00).
phyopt: round=1 part=low seed=n8085(id=8085 center=8085 R=3 crit=0.160 pot=0.9680)
phyopt: rejected (map area 6414.86->6415.65, delay 16.00->16.00).
phyopt: round=1 part=low seed=n1798(id=1798 center=1798 R=3 crit=0.240 pot=0.9520)
phyopt: rejected (map area 6414.86->6414.86, delay 16.00->16.00).
phyopt: round=1 part=low seed=n10673(id=10673 center=10673 R=3 crit=0.240 pot=0.9520)
phyopt: rejected (map area 6414.86->6414.86, delay 16.00->16.00).
phyopt: round=1 part=low seed=n10702(id=10702 center=10702 R=3 crit=0.240 pot=0.9520)
phyopt: accepted (map area 6414.86->6413.53, delay 16.00->16.00).
phyopt: round=1 part=low seed=n11200(id=11200 center=11200 R=3 crit=0.240 pot=0.9520)
phyopt: rejected (map area 6413.53->6413.53, delay 16.00->16.00).
phyopt: round=1 part=low seed=n1031(id=1031 center=1031 R=3 crit=0.000 pot=0.8294)
phyopt: rejected (map area 6413.53->6413.53, delay 16.00->16.00).
phyopt: round=1 part=low seed=n1032(id=1032 center=1032 R=3 crit=0.000 pot=0.8294)
phyopt: accepted (map area 6413.53->6412.46, delay 16.00->16.00).
phyopt: round=1 part=low seed=n8095(id=8095 center=8095 R=3 crit=0.000 pot=0.8294)
phyopt: rejected (map area 6412.46->6412.73, delay 16.00->16.00).
phyopt: round=1 part=low seed=n8096(id=8096 center=8096 R=3 crit=0.000 pot=0.8294)
phyopt: rejected (map area 6412.46->6412.46, delay 16.00->16.00).
phyopt: round=1 part=low seed=n10449(id=10449 center=10449 R=3 crit=0.000 pot=0.8294)
phyopt: rejected (map area 6412.46->6412.46, delay 16.00->16.00).
phyopt: round=1 part=low seed=n10450(id=10450 center=10450 R=3 crit=0.000 pot=0.8294)
phyopt: rejected (map area 6412.46->6412.46, delay 16.00->16.00).
phyopt: round=1 part=low seed=n10451(id=10451 center=10451 R=3 crit=0.000 pot=0.8294)
phyopt: rejected (map area 6412.46->6412.46, delay 16.00->16.00).
phyopt: round=1 part=low seed=n1021(id=1021 center=1021 R=3 crit=0.040 pot=0.8214)
phyopt: rejected (map area 6412.46->6412.46, delay 16.00->16.00).
phyopt: round=1 part=low seed=n1099(id=1099 center=1099 R=3 crit=0.040 pot=0.8214)
phyopt: rejected (map area 6412.46->6412.73, delay 16.00->16.00).
phyopt: round=1 part=low seed=n7600(id=7600 center=7600 R=3 crit=0.040 pot=0.8214)
phyopt: rejected (map area 6412.46->6412.46, delay 16.00->16.00).
phyopt: round=1 part=low seed=n7601(id=7601 center=7601 R=3 crit=0.040 pot=0.8214)
phyopt: rejected (map area 6412.46->6412.46, delay 16.00->16.00).
phyopt: round=1 part=low seed=n7602(id=7602 center=7602 R=3 crit=0.040 pot=0.8214)
phyopt: rejected (map area 6412.46->6413.53, delay 16.00->16.00).
phyopt: round=1 part=low seed=n8092(id=8092 center=8092 R=3 crit=0.040 pot=0.8214)
phyopt: rejected (map area 6412.46->6412.46, delay 16.00->16.00).
phyopt: round=1 part=low seed=n8093(id=8093 center=8093 R=3 crit=0.040 pot=0.8214)
phyopt: rejected (map area 6412.46->6415.92, delay 16.00->16.00).
phyopt: round=1 part=low seed=n8097(id=8097 center=8097 R=3 crit=0.040 pot=0.8214)
phyopt: accepted (map area 6412.46->6412.20, delay 16.00->16.00).
phyopt: round=1 part=low seed=n8101(id=8101 center=8101 R=3 crit=0.040 pot=0.8214)
phyopt: accepted (map area 6412.20->6411.13, delay 16.00->16.00).
phyopt: round=1 part=low seed=n8102(id=8102 center=8102 R=3 crit=0.040 pot=0.8214)
phyopt: rejected (map area 6411.13->6411.13, delay 16.00->16.00).
phyopt: round=1 part=low seed=n709(id=709 center=709 R=3 crit=0.080 pot=0.8134)
phyopt: accepted (map area 6411.13->6407.94, delay 16.00->16.00).
phyopt: round=1 part=low seed=n1022(id=1022 center=1022 R=3 crit=0.080 pot=0.8134)
phyopt: accepted (map area 6407.94->6407.67, delay 16.00->16.00).
phyopt: round=1 part=low seed=n4626(id=4626 center=4626 R=3 crit=0.080 pot=0.8134)
phyopt: rejected (map area 6407.67->6407.67, delay 16.00->16.00).
phyopt: round=1 part=low seed=n4628(id=4628 center=4628 R=3 crit=0.080 pot=0.8134)
phyopt: accepted (map area 6407.67->6403.68, delay 16.00->16.00).
phyopt: round=1 part=low seed=n8099(id=8099 center=8099 R=3 crit=0.080 pot=0.8134)
phyopt: rejected (map area 6403.68->6403.68, delay 16.00->16.00).
phyopt: round=1 part=low seed=n9908(id=9908 center=9908 R=3 crit=0.080 pot=0.8134)
phyopt: rejected (map area 6403.68->6403.68, delay 16.00->16.00).
phyopt: round=1 part=low seed=n9909(id=9909 center=9909 R=3 crit=0.080 pot=0.8134)
phyopt: rejected (map area 6403.68->6403.68, delay 16.00->16.00).
phyopt: round=1 part=low seed=n9910(id=9910 center=9910 R=3 crit=0.080 pot=0.8134)
phyopt: rejected (map area 6403.68->6403.68, delay 16.00->16.00).
phyopt: round=1 part=low seed=n10452(id=10452 center=10452 R=3 crit=0.080 pot=0.8134)
phyopt: accepted (map area 6403.68->6402.89, delay 16.00->16.00).
phyopt: round=1 part=low seed=n11008(id=11008 center=11008 R=3 crit=0.080 pot=0.8134)
phyopt: rejected (map area 6402.89->6402.89, delay 16.00->16.00).
phyopt: round=1 part=low seed=n697(id=697 center=697 R=3 crit=0.120 pot=0.8054)
phyopt: rejected (map area 6402.89->6402.89, delay 16.00->16.00).
phyopt: round=1 part=low seed=n1026(id=1026 center=1026 R=3 crit=0.120 pot=0.8054)
phyopt: rejected (map area 6402.89->6402.89, delay 16.00->16.00).
phyopt: round=1 part=low seed=n1117(id=1117 center=1117 R=3 crit=0.120 pot=0.8054)
phyopt: rejected (map area 6402.89->6402.89, delay 16.00->16.00).
phyopt: round=1 part=mid seed=n2084(id=2084 center=2084 R=4 crit=0.280 pot=0.8600)
phyopt: accepted (map area 6402.89->6380.81, delay 16.00->16.00).
phyopt: round=1 part=mid seed=n7022(id=7022 center=7022 R=4 crit=0.280 pot=0.8600)
phyopt: accepted (map area 6380.81->6380.54, delay 16.00->16.00).
phyopt: round=1 part=mid seed=n7641(id=7641 center=7641 R=4 crit=0.280 pot=0.8600)
phyopt: rejected (map area 6380.54->6380.54, delay 16.00->16.00).
phyopt: round=1 part=mid seed=n9613(id=9613 center=9613 R=4 crit=0.280 pot=0.8600)
phyopt: rejected (map area 6380.54->6381.87, delay 16.00->16.00).
phyopt: round=1 part=mid seed=n10653(id=10653 center=10653 R=4 crit=0.280 pot=0.8600)
phyopt: accepted (map area 6380.54->6380.01, delay 16.00->16.00).
The node "n11838" with ID 11838 is not in the current network.
phyopt: skip seed=n11838 (cannot resolve center node in current AIG).
The node "n11839" with ID 11839 is not in the current network.
phyopt: skip seed=n11839 (cannot resolve center node in current AIG).
phyopt: round=1 part=mid seed=n773(id=773 center=773 R=4 crit=0.320 pot=0.8400)
phyopt: accepted (map area 6380.01->6378.95, delay 16.00->16.00).
phyopt: round=1 part=mid seed=n1083(id=1083 center=1083 R=4 crit=0.320 pot=0.8400)
phyopt: rejected (map area 6378.95->6378.95, delay 16.00->16.00).
phyopt: round=1 part=mid seed=n4295(id=4295 center=4295 R=4 crit=0.320 pot=0.8400)
phyopt: accepted (map area 6378.95->6377.88, delay 16.00->16.00).
phyopt: round=1 part=mid seed=n9445(id=9445 center=9445 R=4 crit=0.320 pot=0.8400)
phyopt: rejected (map area 6377.88->6378.15, delay 16.00->16.00).
The node "n11903" with ID 11903 is not in the current network.
phyopt: skip seed=n11903 (cannot resolve center node in current AIG).
phyopt: round=1 part=mid seed=n2142(id=2142 center=2142 R=4 crit=0.360 pot=0.8200)
phyopt: accepted (map area 6377.88->6377.62, delay 16.00->16.00).
phyopt: round=1 part=mid seed=n5874(id=5874 center=5874 R=4 crit=0.360 pot=0.8200)
phyopt: rejected (map area 6377.62->6379.48, delay 16.00->16.00).
phyopt: round=1 part=mid seed=n7839(id=7839 center=7839 R=4 crit=0.360 pot=0.8200)
phyopt: rejected (map area 6377.62->6377.62, delay 16.00->16.00).
phyopt: round=1 part=mid seed=n8485(id=8485 center=8485 R=4 crit=0.360 pot=0.8200)
phyopt: rejected (map area 6377.62->6377.62, delay 16.00->16.00).
phyopt: round=1 part=mid seed=n10690(id=10690 center=10690 R=4 crit=0.360 pot=0.8200)
phyopt: accepted (map area 6377.62->6373.63, delay 16.00->16.00).
phyopt: round=1 part=mid seed=n10842(id=10842 center=10842 R=4 crit=0.360 pot=0.8200)
phyopt: accepted (map area 6373.63->6365.38, delay 16.00->16.00).
The node "n11833" with ID 11833 is not in the current network.
phyopt: skip seed=n11833 (cannot resolve center node in current AIG).
phyopt: round=1 part=mid seed=n884(id=884 center=884 R=4 crit=0.400 pot=0.8000)
phyopt: rejected (map area 6365.38->6365.38, delay 16.00->16.00).
phyopt: round=1 part=mid seed=n1157(id=1157 center=1157 R=4 crit=0.400 pot=0.8000)
phyopt: rejected (map area 6365.38->6365.38, delay 16.00->16.00).
phyopt: round=1 part=mid seed=n4752(id=4752 center=4752 R=4 crit=0.400 pot=0.8000)
phyopt: rejected (map area 6365.38->6365.38, delay 16.00->16.00).
phyopt: round=1 part=mid seed=n9459(id=9459 center=9459 R=4 crit=0.400 pot=0.8000)
phyopt: rejected (map area 6365.38->6365.38, delay 16.00->16.00).
phyopt: round=1 part=mid seed=n10485(id=10485 center=10485 R=4 crit=0.400 pot=0.8000)
phyopt: rejected (map area 6365.38->6368.84, delay 16.00->16.00).
phyopt: round=1 part=mid seed=n881(id=881 center=881 R=4 crit=0.440 pot=0.7800)
phyopt: rejected (map area 6365.38->6365.38, delay 16.00->16.00).
phyopt: round=1 part=mid seed=n2111(id=2111 center=2111 R=4 crit=0.440 pot=0.7800)
phyopt: rejected (map area 6365.38->6365.38, delay 16.00->16.00).
phyopt: round=1 part=mid seed=n6378(id=6378 center=6378 R=4 crit=0.440 pot=0.7800)
phyopt: rejected (map area 6365.38->6365.38, delay 16.00->16.00).
phyopt: round=1 part=mid seed=n7562(id=7562 center=7562 R=4 crit=0.440 pot=0.7800)
phyopt: accepted (map area 6365.38->6361.92, delay 16.00->16.00).
phyopt: round=1 part=mid seed=n7577(id=7577 center=7577 R=4 crit=0.440 pot=0.7800)
phyopt: rejected (map area 6361.92->6361.92, delay 16.00->16.00).
phyopt: round=1 part=mid seed=n10462(id=10462 center=10462 R=4 crit=0.440 pot=0.7800)
phyopt: rejected (map area 6361.92->6361.92, delay 16.00->16.00).
phyopt: round=1 part=mid seed=n10504(id=10504 center=10504 R=4 crit=0.440 pot=0.7800)
phyopt: accepted (map area 6361.92->6361.12, delay 16.00->16.00).
phyopt: round=1 part=mid seed=n11061(id=11061 center=11061 R=4 crit=0.440 pot=0.7800)
phyopt: rejected (map area 6361.12->6361.12, delay 16.00->16.00).
phyopt: round=1 part=mid seed=n489(id=489 center=489 R=4 crit=0.480 pot=0.7600)
phyopt: accepted (map area 6361.12->6360.59, delay 16.00->16.00).
phyopt: round=1 part=mid seed=n2769(id=2769 center=2769 R=4 crit=0.480 pot=0.7600)
phyopt: rejected (map area 6360.59->6360.59, delay 16.00->16.00).
phyopt: round=1 part=mid seed=n3018(id=3018 center=3018 R=4 crit=0.480 pot=0.7600)
phyopt: accepted (map area 6360.59->6360.33, delay 16.00->16.00).
phyopt: round=1 part=mid seed=n3087(id=3087 center=3087 R=4 crit=0.480 pot=0.7600)
phyopt: rejected (map area 6360.33->6360.86, delay 16.00->16.00).
phyopt: round=1 part=mid seed=n4284(id=4284 center=4284 R=4 crit=0.480 pot=0.7600)
phyopt: rejected (map area 6360.33->6360.33, delay 16.00->16.00).
phyopt: round=1 part=mid seed=n4860(id=4860 center=4860 R=4 crit=0.480 pot=0.7600)
phyopt: rejected (map area 6360.33->6361.12, delay 16.00->16.00).
phyopt: round=1 part=mid seed=n10475(id=10475 center=10475 R=4 crit=0.480 pot=0.7600)
phyopt: rejected (map area 6360.33->6360.33, delay 16.00->16.00).
The node "n11936" with ID 11936 is not in the current network.
phyopt: skip seed=n11936 (cannot resolve center node in current AIG).
phyopt: finished round 1/1.
phyopt: partition summary (tried/accepted):
  high : 17 / 26
  low  : 8 / 35
  mid  : 12 / 35
phyopt: per-part seed coverage (topK means top-5 potential within processed seeds):
  high: seeds=40 tried=26(65.0%) accepted=17(65.4%) skipped(marked=11,low_slack=0) topK(tried=3/5 accepted=2 hit=66.7%)
  low: seeds=40 tried=35(87.5%) accepted=8(22.9%) skipped(marked=5,low_slack=0) topK(tried=5/5 accepted=1 hit=20.0%)
  mid: seeds=40 tried=35(87.5%) accepted=12(34.3%) skipped(marked=0,low_slack=0) topK(tried=5/5 accepted=3 hit=60.0%)
phyopt: rejection reason breakdown:
  - runtime_or_eval_fail : 8
  - policy_tradeoff_reject : 39
  - delay_worse : 0
  - area_worse : 20
  - area_and_delay_worse : 0
  - low_part_delay_budget : 0
phyopt: skipped marked=16 low_slack=<0.10=0
phyopt: done, accepted=37 rejected=67 final_nodes=11602 final_levels=33.
Networks are equivalent.  Time =     0.64 sec
