======== ABC command line "source /tmp/ex201_013_optimized_451.scr"
Library "NangateOpenCellLibrary" from "/mnt/d/My_abc_work/abc/my_work/c17_work/NangateOpenCellLibrary_typical.lib" has 90 cells (45 skipped: 21 seq; 6 tri-state; 8 no func; 10 dont_use; 0 with 2 outputs; 0 with 3+ outputs).  Time =     0.12 sec
Warning: Detected 2 multi-output cells (for example, "FA_X1").
mapper_extract: wrote 1913 lines to "/mnt/d/My_abc_work/abc/my_work/dynamic_scheduler_work/result/run_iwls26_model_equiv_lowrelax_20260420_133956/ex201_013/ex201_013_phy.csv".
Loaded 1913 physical records from /mnt/d/My_abc_work/abc/my_work/dynamic_scheduler_work/result/run_iwls26_model_equiv_lowrelax_20260420_133956/ex201_013/ex201_013_phy.csv
Potential rebuilt: alpha(low/mid/high)=0.300/0.500/0.800 avg_struct=0.6785 avg_slack=0.2376 avg_opt=0.4029
Physical records : 1913
Gate summary     : NAND=1155 AND=473 INV=284 OTHER=1
Alpha (L/M/H)    : 0.300 / 0.500 / 0.800
StructW(i/p/f/g) : 0.500 / 0.400 / 0.050 / 0.050
phyopt: start rounds=3, criticality partitions high(>=0.900)->low(<=0.300)->mid, window=16, mode=dynamic.
phyopt: objective=delay-non-regression + area minimization (delay_eps=0.001 rel_tol=0 area_eps=0.001 delay_only=off).
phyopt: dynamic scheduler enabled (init=15%, leader=5%, probe=1%, part-stop=10, global-stop=2, L2=off, L2-topk-init=2, L2-topk-step=1).
phyopt: funnel L0=on(keep=80%) L1=on(init=0.200 target=0.45 warmup=12 min_try=16).
phyopt: seq-template adaptive=on warmup_per_part=6 (templates=3).
phyopt: anneal=on(start=1.00 min=0.60 decay=0.850 keep_boost=20 l1_slack=0.200).
phyopt: low-relax radius+1 cuts+2 nodes+1 nodeSize+1 slack_skip_min=0.020.
phyopt: case timeout enabled (300 sec).
phyopt: micro-model on (loaded=yes, samples=4994, blendL0=0.45, blendL1=0.30, keep_target=28% [35%,95%]).
phyopt: round=1 partition sizes high=638 low=40 mid=1235.
phyopt: part=high seed=n88(id=88 center=88 R=5 tpl=0 crit=0.900 pot=0.2800)
phyopt: rejected (map area 1225.75->1178.17, delay 252.24->258.51).
phyopt: part=high seed=n169(id=169 center=169 R=5 tpl=1 crit=0.900 pot=0.2800)
phyopt: rejected (map area 1225.75->1226.52, delay 252.24->252.24).
phyopt: part=high seed=n177(id=177 center=177 R=5 tpl=2 crit=0.900 pot=0.2800)
phyopt: rejected (map area 1225.75->1211.90, delay 252.24->253.47).
phyopt: part=high seed=n219(id=219 center=219 R=5 tpl=0 crit=0.900 pot=0.2800)
phyopt: accepted (map area 1225.75->1220.42, delay 252.24->252.24).
phyopt: part=high seed=n221(id=221 center=221 R=5 tpl=1 crit=0.900 pot=0.2800)
phyopt: rejected (map area 1220.42->1186.59, delay 252.24->256.80).
phyopt: part=high seed=n270(id=270 center=270 R=5 tpl=2 crit=0.900 pot=0.2800)
phyopt: rejected (map area 1220.42->1221.48, delay 252.24->252.24).
phyopt: part=high seed=n280(id=280 center=280 R=5 tpl=0 crit=0.900 pot=0.2800)
phyopt: rejected (map area 1220.42->1224.40, delay 252.24->252.24).
phyopt: part=high seed=n367(id=367 center=367 R=5 tpl=0 crit=0.900 pot=0.2800)
phyopt: rejected (map area 1220.42->1185.59, delay 252.24->257.58).
phyopt: part=high seed=n446(id=446 center=446 R=5 tpl=0 crit=0.900 pot=0.2800)
phyopt: rejected (map area 1220.42->1193.78, delay 252.24->255.21).
phyopt: part=high seed=n560(id=560 center=560 R=5 tpl=0 crit=0.900 pot=0.2800)
phyopt: rejected (map area 1220.42->1239.76, delay 252.24->253.20).
phyopt: part=high seed=n715(id=715 center=715 R=5 tpl=0 crit=0.900 pot=0.2800)
phyopt: accepted (map area 1220.42->1217.99, delay 252.24->252.24).
phyopt: part=high seed=n736(id=736 center=736 R=5 tpl=0 crit=0.900 pot=0.2800)
phyopt: rejected (map area 1217.99->1203.82, delay 252.24->253.46).
phyopt: part=high seed=n1100(id=1100 center=1100 R=5 tpl=0 crit=0.900 pot=0.2800)
phyopt: accepted (map area 1217.99->1217.73, delay 252.24->252.24).
phyopt: part=high seed=n1183(id=1183 center=1183 R=5 tpl=0 crit=0.900 pot=0.2800)
phyopt: accepted (map area 1217.73->1217.45, delay 252.24->252.24).
phyopt: part=high seed=n1223(id=1223 center=1223 R=5 tpl=0 crit=0.900 pot=0.2800)
phyopt: rejected (map area 1217.45->1221.43, delay 252.24->253.12).
phyopt: part=high seed=n1228(id=1228 center=1228 R=5 tpl=0 crit=0.900 pot=0.2800)
phyopt: rejected (map area 1217.45->1224.34, delay 252.24->252.24).
phyopt: part=low seed=n1555(id=1555 center=1555 R=4 tpl=0 crit=0.300 pot=0.9100)
phyopt: rejected (map area 1217.45->1217.46, delay 252.24->252.24).
The node "n1718" with ID 1718 is not in the current network.
phyopt: skip seed=n1718 (cannot resolve center node in current AIG).
phyopt: part=low seed=n310(id=310 center=310 R=4 tpl=2 crit=0.000 pot=0.8498)
phyopt: rejected (map area 1217.45->1217.73, delay 252.24->252.24).
The node "n1686" with ID 1686 is not in the current network.
phyopt: skip seed=n1686 (cannot resolve center node in current AIG).
phyopt: part=low seed=n245(id=245 center=245 R=4 tpl=1 crit=0.200 pot=0.7898)
phyopt: accepted (map area 1217.45->1217.16, delay 252.24->252.24).
phyopt: part=low seed=n247(id=247 center=247 R=4 tpl=2 crit=0.200 pot=0.7898)
phyopt: rejected (map area 1217.16->1218.56, delay 252.24->252.24).
phyopt: part=mid seed=n616(id=616 center=616 R=4 tpl=0 crit=0.400 pot=0.8000)
phyopt: accepted (map area 1217.16->1216.31, delay 252.24->252.24).
phyopt: part=mid seed=n1466(id=1466 center=1466 R=4 tpl=1 crit=0.400 pot=0.8000)
phyopt: rejected (map area 1216.31->1217.41, delay 252.24->252.24).
The node "n1684" with ID 1684 is not in the current network.
phyopt: skip seed=n1684 (cannot resolve center node in current AIG).
The node "n1862" with ID 1862 is not in the current network.
phyopt: skip seed=n1862 (cannot resolve center node in current AIG).
phyopt: part=mid seed=n448(id=448 center=448 R=4 tpl=1 crit=0.500 pot=0.7500)
phyopt: accepted (map area 1216.31->1216.07, delay 252.24->252.24).
phyopt: part=mid seed=n552(id=552 center=552 R=4 tpl=2 crit=0.500 pot=0.7500)
phyopt: rejected (map area 1216.07->1232.50, delay 252.24->253.13).
phyopt: part=mid seed=n692(id=692 center=692 R=4 tpl=0 crit=0.500 pot=0.7500)
phyopt: rejected (map area 1216.07->1216.07, delay 252.24->252.24).
phyopt: part=mid seed=n795(id=795 center=795 R=4 tpl=1 crit=0.500 pot=0.7500)
phyopt: rejected (map area 1216.07->1217.10, delay 252.24->252.24).
phyopt: part=mid seed=n854(id=854 center=854 R=4 tpl=0 crit=0.500 pot=0.7500)
phyopt: rejected (map area 1216.07->1216.07, delay 252.24->252.24).
phyopt: part=mid seed=n1470(id=1470 center=1470 R=4 tpl=2 crit=0.500 pot=0.7500)
phyopt: rejected (map area 1216.07->1216.86, delay 252.24->252.24).
phyopt: part=mid seed=n1490(id=1490 center=1490 R=4 tpl=0 crit=0.500 pot=0.7500)
phyopt: accepted (map area 1216.07->1216.06, delay 252.24->252.24).
The node "n1724" with ID 1724 is not in the current network.
phyopt: skip seed=n1724 (cannot resolve center node in current AIG).
The node "n1840" with ID 1840 is not in the current network.
phyopt: skip seed=n1840 (cannot resolve center node in current AIG).
phyopt: part=mid seed=n584(id=584 center=584 R=4 tpl=0 crit=0.600 pot=0.7000)
phyopt: rejected (map area 1216.06->1217.63, delay 252.24->252.24).
phyopt: part=mid seed=n621(id=621 center=621 R=4 tpl=0 crit=0.600 pot=0.7000)
phyopt: rejected (map area 1216.06->1218.21, delay 252.24->252.24).
phyopt: part=mid seed=n672(id=672 center=672 R=4 tpl=1 crit=0.600 pot=0.7000)
phyopt: rejected (map area 1216.06->1207.00, delay 252.24->255.65).
phyopt: part=mid seed=n685(id=685 center=685 R=4 tpl=0 crit=0.600 pot=0.7000)
phyopt: rejected (map area 1216.06->1180.53, delay 252.24->257.40).
phyopt: part=mid seed=n842(id=842 center=842 R=4 tpl=0 crit=0.600 pot=0.7000)
phyopt: rejected (map area 1216.06->1216.06, delay 252.24->252.24).
phyopt: part=mid seed=n845(id=845 center=845 R=4 tpl=1 crit=0.600 pot=0.7000)
phyopt: rejected (map area 1216.06->1216.57, delay 252.24->252.24).
phyopt: part=mid seed=n933(id=933 center=933 R=4 tpl=2 crit=0.600 pot=0.7000)
phyopt: rejected (map area 1216.06->1232.77, delay 252.24->252.24).
phyopt: part=low seed=n248(id=248 center=248 R=4 tpl=0 crit=0.200 pot=0.7898)
phyopt: accepted (map area 1216.06->1213.43, delay 252.24->252.24).
phyopt: part=low seed=n355(id=355 center=355 R=4 tpl=1 crit=0.200 pot=0.7898)
phyopt: rejected (map area 1213.43->1214.51, delay 252.24->252.24).
phyopt: part=low seed=n431(id=431 center=431 R=4 tpl=1 crit=0.200 pot=0.7898)
phyopt: rejected (map area 1213.43->1111.65, delay 252.24->288.59).
phyopt: part=low seed=n432(id=432 center=432 R=4 tpl=0 crit=0.200 pot=0.7898)
phyopt: rejected (map area 1213.43->1216.22, delay 252.24->253.40).
phyopt: L0/L1 skips high=0/101 low=0/0 mid=0/254, L1-threshold=0.2607, anneal_temp=1.000.
phyopt: adaptive keep high/low/mid=95%/56%/95%.
phyopt: finished round 1/3.
mapper_extract: wrote 1913 lines to "/mnt/d/My_abc_work/abc/my_work/dynamic_scheduler_work/result/run_iwls26_model_equiv_lowrelax_20260420_133956/ex201_013/ex201_013_phy.csv".
Loaded 1913 physical records from /mnt/d/My_abc_work/abc/my_work/dynamic_scheduler_work/result/run_iwls26_model_equiv_lowrelax_20260420_133956/ex201_013/ex201_013_phy.csv
Potential rebuilt: alpha(low/mid/high)=0.300/0.500/0.800 avg_struct=0.6786 avg_slack=0.2408 avg_opt=0.4035
phyopt: round=2 partition sizes high=636 low=50 mid=1227.
phyopt: part=high seed=n88(id=88 center=88 R=5 tpl=0 crit=0.900 pot=0.2800)
phyopt: rejected (map area 1213.43->1178.15, delay 252.24->258.51).
phyopt: part=high seed=n177(id=177 center=177 R=5 tpl=0 crit=0.900 pot=0.2800)
phyopt: rejected (map area 1213.43->1177.64, delay 252.24->257.24).
phyopt: part=high seed=n211(id=211 center=211 R=5 tpl=0 crit=0.900 pot=0.2800)
phyopt: rejected (map area 1213.43->1220.59, delay 252.24->252.24).
phyopt: part=high seed=n213(id=213 center=213 R=5 tpl=0 crit=0.900 pot=0.2800)
phyopt: rejected (map area 1213.43->1177.55, delay 252.24->257.45).
phyopt: part=high seed=n320(id=320 center=320 R=5 tpl=0 crit=0.900 pot=0.2800)
phyopt: accepted (map area 1213.43->1211.81, delay 252.24->252.24).
phyopt: part=high seed=n329(id=329 center=329 R=5 tpl=0 crit=0.900 pot=0.2800)
phyopt: rejected (map area 1211.81->1213.14, delay 252.24->252.24).
phyopt: part=high seed=n367(id=367 center=367 R=5 tpl=0 crit=0.900 pot=0.2800)
phyopt: rejected (map area 1211.81->1165.58, delay 252.24->258.51).
phyopt: part=high seed=n446(id=446 center=446 R=5 tpl=0 crit=0.900 pot=0.2800)
phyopt: rejected (map area 1211.81->1215.26, delay 252.24->252.24).
phyopt: part=high seed=n729(id=729 center=729 R=5 tpl=0 crit=0.900 pot=0.2800)
phyopt: rejected (map area 1211.81->1213.13, delay 252.24->252.24).
phyopt: part=high seed=n1223(id=1223 center=1223 R=5 tpl=0 crit=0.900 pot=0.2800)
phyopt: rejected (map area 1211.81->1213.12, delay 252.24->252.24).
phyopt: part=high seed=n1228(id=1228 center=1228 R=5 tpl=0 crit=0.900 pot=0.2800)
phyopt: rejected (map area 1211.81->1217.90, delay 252.24->252.24).
phyopt: part=high seed=n1267(id=1267 center=1267 R=5 tpl=2 crit=0.900 pot=0.2800)
phyopt: rejected (map area 1211.81->1155.48, delay 252.24->261.87).
phyopt: part=high seed=n1278(id=1278 center=1278 R=5 tpl=0 crit=0.900 pot=0.2800)
phyopt: rejected (map area 1211.81->1206.53, delay 252.24->252.60).
phyopt: part=high seed=n1354(id=1354 center=1354 R=5 tpl=0 crit=0.900 pot=0.2800)
phyopt: rejected (map area 1211.81->1214.24, delay 252.24->252.24).
phyopt: part=high seed=n1356(id=1356 center=1356 R=5 tpl=1 crit=0.900 pot=0.2800)
phyopt: rejected (map area 1211.81->1177.57, delay 252.24->259.01).
phyopt: part=high seed=n1365(id=1365 center=1365 R=5 tpl=0 crit=0.900 pot=0.2800)
phyopt: accepted (map area 1211.81->1211.58, delay 252.24->252.24).
phyopt: part=low seed=n1555(id=1555 center=1555 R=4 tpl=1 crit=0.300 pot=0.9100)
phyopt: rejected (map area 1211.58->1211.59, delay 252.24->252.24).
The node "n1716" with ID 1716 is not in the current network.
phyopt: skip seed=n1716 (cannot resolve center node in current AIG).
The node "n1744" with ID 1744 is not in the current network.
phyopt: skip seed=n1744 (cannot resolve center node in current AIG).
phyopt: part=low seed=n315(id=315 center=315 R=4 tpl=1 crit=0.000 pot=0.8498)
phyopt: rejected (map area 1211.58->1215.36, delay 252.24->252.66).
The node "n1686" with ID 1686 is not in the current network.
phyopt: skip seed=n1686 (cannot resolve center node in current AIG).
phyopt: part=low seed=n1562(id=1562 center=1562 R=4 tpl=0 crit=0.100 pot=0.8198)
phyopt: rejected (map area 1211.58->1211.58, delay 252.24->252.24).
phyopt: part=low seed=n239(id=239 center=239 R=4 tpl=1 crit=0.200 pot=0.7898)
phyopt: rejected (map area 1211.58->1211.58, delay 252.24->252.24).
phyopt: part=mid seed=n1466(id=1466 center=1466 R=4 tpl=0 crit=0.400 pot=0.8000)
phyopt: rejected (map area 1211.58->1213.44, delay 252.24->252.24).
The node "n1684" with ID 1684 is not in the current network.
phyopt: skip seed=n1684 (cannot resolve center node in current AIG).
The node "n1862" with ID 1862 is not in the current network.
phyopt: skip seed=n1862 (cannot resolve center node in current AIG).
phyopt: part=mid seed=n552(id=552 center=552 R=4 tpl=1 crit=0.500 pot=0.7500)
phyopt: rejected (map area 1211.58->1226.68, delay 252.24->253.13).
phyopt: part=mid seed=n621(id=621 center=621 R=4 tpl=0 crit=0.500 pot=0.7500)
phyopt: rejected (map area 1211.58->1212.93, delay 252.24->252.24).
phyopt: part=mid seed=n692(id=692 center=692 R=4 tpl=2 crit=0.500 pot=0.7500)
phyopt: rejected (map area 1211.58->1211.58, delay 252.24->252.24).
phyopt: part=mid seed=n799(id=799 center=799 R=4 tpl=0 crit=0.500 pot=0.7500)
phyopt: rejected (map area 1211.58->1213.11, delay 252.24->252.77).
phyopt: part=mid seed=n855(id=855 center=855 R=4 tpl=1 crit=0.500 pot=0.7500)
phyopt: rejected (map area 1211.58->1214.51, delay 252.24->252.24).
phyopt: part=mid seed=n1470(id=1470 center=1470 R=4 tpl=0 crit=0.500 pot=0.7500)
phyopt: rejected (map area 1211.58->1215.53, delay 252.24->252.24).
The node "n1724" with ID 1724 is not in the current network.
phyopt: skip seed=n1724 (cannot resolve center node in current AIG).
The node "n1840" with ID 1840 is not in the current network.
phyopt: skip seed=n1840 (cannot resolve center node in current AIG).
phyopt: part=mid seed=n584(id=584 center=584 R=4 tpl=2 crit=0.600 pot=0.7000)
phyopt: rejected (map area 1211.58->1212.89, delay 252.24->252.24).
phyopt: part=mid seed=n672(id=672 center=672 R=4 tpl=0 crit=0.600 pot=0.7000)
phyopt: rejected (map area 1211.58->1186.91, delay 252.24->258.35).
phyopt: part=mid seed=n685(id=685 center=685 R=4 tpl=1 crit=0.600 pot=0.7000)
phyopt: rejected (map area 1211.58->1182.42, delay 252.24->257.40).
phyopt: part=mid seed=n842(id=842 center=842 R=4 tpl=0 crit=0.600 pot=0.7000)
phyopt: rejected (map area 1211.58->1211.58, delay 252.24->252.24).
phyopt: part=mid seed=n845(id=845 center=845 R=4 tpl=2 crit=0.600 pot=0.7000)
phyopt: rejected (map area 1211.58->1179.23, delay 252.24->257.89).
phyopt: part=mid seed=n933(id=933 center=933 R=4 tpl=0 crit=0.600 pot=0.7000)
phyopt: rejected (map area 1211.58->1211.58, delay 252.24->252.24).
phyopt: part=mid seed=n1022(id=1022 center=1022 R=4 tpl=1 crit=0.600 pot=0.7000)
phyopt: rejected (map area 1211.58->1206.25, delay 252.24->253.96).
phyopt: part=mid seed=n1033(id=1033 center=1033 R=4 tpl=0 crit=0.600 pot=0.7000)
phyopt: accepted (map area 1211.58->1211.57, delay 252.24->252.24).
phyopt: part=mid seed=n1407(id=1407 center=1407 R=4 tpl=0 crit=0.600 pot=0.7000)
phyopt: rejected (map area 1211.57->1211.86, delay 252.24->252.24).
phyopt: part=low seed=n242(id=242 center=242 R=4 tpl=0 crit=0.200 pot=0.7898)
phyopt: rejected (map area 1211.57->1211.28, delay 252.24->252.72).
phyopt: part=low seed=n243(id=243 center=243 R=4 tpl=1 crit=0.200 pot=0.7898)
phyopt: rejected (map area 1211.57->1213.94, delay 252.24->252.24).
phyopt: part=low seed=n301(id=301 center=301 R=4 tpl=1 crit=0.200 pot=0.7898)
phyopt: rejected (map area 1211.57->1211.58, delay 252.24->252.24).
phyopt: part=low seed=n431(id=431 center=431 R=4 tpl=2 crit=0.200 pot=0.7898)
phyopt: rejected (map area 1211.57->1109.00, delay 252.24->288.59).
phyopt: part=low seed=n432(id=432 center=432 R=4 tpl=0 crit=0.200 pot=0.7898)
phyopt: rejected (map area 1211.57->1214.69, delay 252.24->253.40).
phyopt: part=low seed=n1077(id=1077 center=1077 R=4 tpl=1 crit=0.200 pot=0.7898)
phyopt: rejected (map area 1211.57->1211.57, delay 252.24->252.24).
phyopt: L0/L1 skips high=6/85 low=0/0 mid=12/150, L1-threshold=0.3238, anneal_temp=0.850.
phyopt: adaptive keep high/low/mid=95%/62%/86%.
phyopt: finished round 2/3.
mapper_extract: wrote 1913 lines to "/mnt/d/My_abc_work/abc/my_work/dynamic_scheduler_work/result/run_iwls26_model_equiv_lowrelax_20260420_133956/ex201_013/ex201_013_phy.csv".
Loaded 1913 physical records from /mnt/d/My_abc_work/abc/my_work/dynamic_scheduler_work/result/run_iwls26_model_equiv_lowrelax_20260420_133956/ex201_013/ex201_013_phy.csv
Potential rebuilt: alpha(low/mid/high)=0.300/0.500/0.800 avg_struct=0.6786 avg_slack=0.2372 avg_opt=0.3990
phyopt: round=3 partition sizes high=665 low=49 mid=1199.
phyopt: part=high seed=n88(id=88 center=88 R=5 tpl=0 crit=0.900 pot=0.2800)
phyopt: rejected (map area 1211.57->1177.35, delay 252.24->258.51).
phyopt: part=high seed=n169(id=169 center=169 R=5 tpl=0 crit=0.900 pot=0.2800)
phyopt: rejected (map area 1211.57->1139.41, delay 252.24->266.60).
phyopt: part=high seed=n177(id=177 center=177 R=5 tpl=0 crit=0.900 pot=0.2800)
phyopt: rejected (map area 1211.57->1171.77, delay 252.24->257.24).
phyopt: part=high seed=n211(id=211 center=211 R=5 tpl=0 crit=0.900 pot=0.2800)
phyopt: rejected (map area 1211.57->1218.22, delay 252.24->252.24).
phyopt: part=high seed=n213(id=213 center=213 R=5 tpl=0 crit=0.900 pot=0.2800)
phyopt: rejected (map area 1211.57->1173.60, delay 252.24->257.45).
phyopt: part=high seed=n329(id=329 center=329 R=5 tpl=0 crit=0.900 pot=0.2800)
phyopt: rejected (map area 1211.57->1213.16, delay 252.24->252.24).
phyopt: part=high seed=n366(id=366 center=366 R=5 tpl=0 crit=0.900 pot=0.2800)
phyopt: rejected (map area 1211.57->1161.18, delay 252.24->258.21).
phyopt: part=high seed=n446(id=446 center=446 R=5 tpl=0 crit=0.900 pot=0.2800)
phyopt: rejected (map area 1211.57->1215.29, delay 252.24->252.24).
phyopt: part=high seed=n560(id=560 center=560 R=5 tpl=0 crit=0.900 pot=0.2800)
phyopt: rejected (map area 1211.57->1211.90, delay 252.24->253.75).
phyopt: part=high seed=n729(id=729 center=729 R=5 tpl=0 crit=0.900 pot=0.2800)
phyopt: rejected (map area 1211.57->1212.38, delay 252.24->252.24).
phyopt: part=high seed=n1158(id=1158 center=1158 R=5 tpl=2 crit=0.900 pot=0.2800)
phyopt: rejected (map area 1211.57->1215.83, delay 252.24->252.24).
phyopt: part=high seed=n1199(id=1199 center=1199 R=5 tpl=0 crit=0.900 pot=0.2800)
phyopt: rejected (map area 1211.57->1213.36, delay 252.24->252.24).
phyopt: part=high seed=n1204(id=1204 center=1204 R=5 tpl=0 crit=0.900 pot=0.2800)
phyopt: rejected (map area 1211.57->1210.71, delay 252.24->253.45).
phyopt: part=high seed=n1243(id=1243 center=1243 R=5 tpl=0 crit=0.900 pot=0.2800)
phyopt: rejected (map area 1211.57->1149.38, delay 252.24->263.91).
phyopt: part=high seed=n1278(id=1278 center=1278 R=5 tpl=0 crit=0.900 pot=0.2800)
phyopt: rejected (map area 1211.57->1205.79, delay 252.24->252.60).
phyopt: part=high seed=n1354(id=1354 center=1354 R=5 tpl=1 crit=0.900 pot=0.2800)
phyopt: rejected (map area 1211.57->1215.75, delay 252.24->253.91).
phyopt: part=low seed=n1465(id=1465 center=1465 R=4 tpl=1 crit=0.300 pot=0.9100)
phyopt: rejected (map area 1211.57->1168.55, delay 252.24->257.24).
phyopt: part=low seed=n1555(id=1555 center=1555 R=4 tpl=0 crit=0.300 pot=0.9100)
phyopt: rejected (map area 1211.57->1211.58, delay 252.24->252.24).
The node "n1716" with ID 1716 is not in the current network.
phyopt: skip seed=n1716 (cannot resolve center node in current AIG).
The node "n1744" with ID 1744 is not in the current network.
phyopt: skip seed=n1744 (cannot resolve center node in current AIG).
phyopt: part=low seed=n315(id=315 center=315 R=4 tpl=1 crit=0.000 pot=0.8498)
phyopt: rejected (map area 1211.57->1216.68, delay 252.24->252.66).
The node "n1686" with ID 1686 is not in the current network.
phyopt: skip seed=n1686 (cannot resolve center node in current AIG).
phyopt: part=low seed=n1562(id=1562 center=1562 R=4 tpl=2 crit=0.100 pot=0.8198)
phyopt: rejected (map area 1211.57->1211.57, delay 252.24->252.24).
The node "n1684" with ID 1684 is not in the current network.
phyopt: skip seed=n1684 (cannot resolve center node in current AIG).
The node "n1862" with ID 1862 is not in the current network.
phyopt: skip seed=n1862 (cannot resolve center node in current AIG).
phyopt: part=mid seed=n552(id=552 center=552 R=4 tpl=0 crit=0.500 pot=0.7500)
phyopt: rejected (map area 1211.57->1222.44, delay 252.24->253.13).
phyopt: part=mid seed=n621(id=621 center=621 R=4 tpl=0 crit=0.500 pot=0.7500)
phyopt: rejected (map area 1211.57->1212.92, delay 252.24->252.24).
phyopt: part=mid seed=n692(id=692 center=692 R=4 tpl=0 crit=0.500 pot=0.7500)
phyopt: rejected (map area 1211.57->1211.57, delay 252.24->252.24).
phyopt: part=mid seed=n799(id=799 center=799 R=4 tpl=0 crit=0.500 pot=0.7500)
phyopt: rejected (map area 1211.57->1213.62, delay 252.24->252.77).
phyopt: part=mid seed=n855(id=855 center=855 R=4 tpl=2 crit=0.500 pot=0.7500)
phyopt: rejected (map area 1211.57->1214.50, delay 252.24->252.24).
phyopt: part=mid seed=n1470(id=1470 center=1470 R=4 tpl=0 crit=0.500 pot=0.7500)
phyopt: rejected (map area 1211.57->1215.52, delay 252.24->252.24).
The node "n1724" with ID 1724 is not in the current network.
phyopt: skip seed=n1724 (cannot resolve center node in current AIG).
The node "n1840" with ID 1840 is not in the current network.
phyopt: skip seed=n1840 (cannot resolve center node in current AIG).
phyopt: part=mid seed=n584(id=584 center=584 R=4 tpl=1 crit=0.600 pot=0.7000)
phyopt: accepted (map area 1211.57->1209.45, delay 252.24->252.24).
phyopt: part=mid seed=n672(id=672 center=672 R=4 tpl=1 crit=0.600 pot=0.7000)
phyopt: rejected (map area 1209.45->1192.10, delay 252.24->255.65).
phyopt: part=mid seed=n685(id=685 center=685 R=4 tpl=1 crit=0.600 pot=0.7000)
phyopt: rejected (map area 1209.45->1181.37, delay 252.24->257.40).
phyopt: part=mid seed=n842(id=842 center=842 R=4 tpl=1 crit=0.600 pot=0.7000)
phyopt: rejected (map area 1209.45->1209.45, delay 252.24->252.24).
phyopt: part=mid seed=n845(id=845 center=845 R=4 tpl=1 crit=0.600 pot=0.7000)
phyopt: rejected (map area 1209.45->1209.96, delay 252.24->252.24).
phyopt: part=mid seed=n933(id=933 center=933 R=4 tpl=1 crit=0.600 pot=0.7000)
phyopt: rejected (map area 1209.45->1209.45, delay 252.24->252.24).
phyopt: part=mid seed=n1022(id=1022 center=1022 R=4 tpl=0 crit=0.600 pot=0.7000)
phyopt: rejected (map area 1209.45->1199.60, delay 252.24->253.96).
phyopt: part=mid seed=n1404(id=1404 center=1404 R=4 tpl=2 crit=0.600 pot=0.7000)
phyopt: accepted (map area 1209.45->1209.44, delay 252.24->252.24).
phyopt: part=mid seed=n1491(id=1491 center=1491 R=4 tpl=2 crit=0.600 pot=0.7000)
phyopt: rejected (map area 1209.44->1209.44, delay 252.24->252.24).
phyopt: part=mid seed=n1656(id=1656 center=1656 R=4 tpl=2 crit=0.600 pot=0.7000)
Object with ID 1656 is not a node or reg output.
Error: Extracting sequential window has failed.
Error: phyopt: local optimization failed. Rolling back.
phyopt: part=low seed=n242(id=242 center=242 R=4 tpl=1 crit=0.200 pot=0.7898)
phyopt: rejected (map area 1209.44->1212.08, delay 252.24->252.24).
phyopt: part=low seed=n243(id=243 center=243 R=4 tpl=0 crit=0.200 pot=0.7898)
phyopt: rejected (map area 1209.44->1212.08, delay 252.24->252.24).
phyopt: part=low seed=n301(id=301 center=301 R=4 tpl=1 crit=0.200 pot=0.7898)
phyopt: rejected (map area 1209.44->1209.46, delay 252.24->252.24).
phyopt: part=low seed=n431(id=431 center=431 R=4 tpl=1 crit=0.200 pot=0.7898)
phyopt: rejected (map area 1209.44->1108.21, delay 252.24->288.59).
phyopt: part=low seed=n432(id=432 center=432 R=4 tpl=0 crit=0.200 pot=0.7898)
phyopt: rejected (map area 1209.44->1212.28, delay 252.24->253.40).
phyopt: L0/L1 skips high=14/67 low=1/0 mid=30/486, L1-threshold=0.4085, anneal_temp=0.723.
phyopt: adaptive keep high/low/mid=86%/50%/95%.
phyopt: finished round 3/3.
phyopt: partition summary (tried/accepted):
  high : 6 / 48
  low  : 2 / 27
  mid  : 6 / 48
phyopt: per-part seed coverage (topK means top-5 potential within processed seeds):
  high: seeds=1939 tried=48(2.5%) accepted=6(12.5%) skipped(marked=6,low_slack=0) topK(tried=15/15 accepted=2 hit=13.3%)
  low: seeds=139 tried=27(19.4%) accepted=2(7.4%) skipped(marked=3,low_slack=0) topK(tried=8/15 accepted=1 hit=12.5%)
  mid: seeds=3661 tried=48(1.3%) accepted=6(12.5%) skipped(marked=7,low_slack=0) topK(tried=5/15 accepted=2 hit=40.0%)
phyopt: sequence template stats by partition (template_id: accepted/tried):
  high: t0=6/40 t1=0/4 t2=0/4
  low: t0=1/9 t1=1/14 t2=0/4
  mid: t0=3/23 t1=2/15 t2=1/10
phyopt: rejection reason breakdown:
  - runtime_or_eval_fail : 21
  - policy_tradeoff_reject : 14
  - delay_worse : 0
  - area_worse : 45
  - area_and_delay_worse : 14
  - delay_guard_violation : 35
phyopt: skipped marked=16 low_slack=<0.10=0
phyopt: done, accepted=14 rejected=129 final_nodes=1627 final_levels=15.
phyopt: micro-model saved (/mnt/d/My_abc_work/abc/my_work/model/phy_micro_model_global.txt, samples=5117).
[1;37miwls26/results/ex201_013      :[0m i/o =   16/   16  lat =    0  nd =  1251  edge =   3245  area =1209.44  delay =252.24  lev = 11
