======== ABC command line "source /tmp/ex206_optimized_291.scr"
Library "NangateOpenCellLibrary" from "/mnt/d/My_abc_work/abc/my_work/c17_work/NangateOpenCellLibrary_typical.lib" has 90 cells (45 skipped: 21 seq; 6 tri-state; 8 no func; 10 dont_use; 0 with 2 outputs; 0 with 3+ outputs).  Time =     0.08 sec
Warning: Detected 2 multi-output cells (for example, "FA_X1").
mapper_extract: wrote 118261 lines to "/mnt/d/My_abc_work/abc/my_work/dynamic_scheduler_work/result/run_iwls2026_rawaig_model_equiv_tunedv1_20260415_220038/ex206/ex206_phy.csv".
Loaded 118261 physical records from /mnt/d/My_abc_work/abc/my_work/dynamic_scheduler_work/result/run_iwls2026_rawaig_model_equiv_tunedv1_20260415_220038/ex206/ex206_phy.csv
Potential rebuilt: alpha(low/mid/high)=0.300/0.500/0.800 avg_struct=0.7518 avg_slack=0.3128 avg_opt=0.4895
Physical records : 118261
Gate summary     : NAND=89967 AND=24564 INV=3730 OTHER=0
Alpha (L/M/H)    : 0.300 / 0.500 / 0.800
StructW(i/p/f/g) : 0.500 / 0.400 / 0.050 / 0.050
phyopt: start rounds=3, criticality partitions high(>=0.900)->low(<=0.250)->mid, window=16, mode=dynamic.
phyopt: objective=delay-non-regression + area minimization (delay_eps=0.001 rel_tol=0 area_eps=0.001 delay_only=off).
phyopt: dynamic scheduler enabled (init=15%, leader=5%, probe=1%, part-stop=10, global-stop=2, L2=on, L2-topk-init=12, L2-topk-step=3).
phyopt: funnel L0=on(keep=78%) L1=on(init=0.220 target=0.48 warmup=12 min_try=14).
phyopt: seq-template adaptive=on warmup_per_part=6 (templates=3).
phyopt: anneal=on(start=1.00 min=0.60 decay=0.850 keep_boost=20 l1_slack=0.200).
phyopt: case timeout enabled (300 sec).
phyopt: micro-model on (loaded=yes, samples=4601, blendL0=0.50, blendL1=0.35, keep_target=26% [32%,92%]).
phyopt: round=1 partition sizes high=26079 low=696 mid=91486.
phyopt: part=high seed=n5745(id=5745 center=5745 R=5 tpl=0 crit=0.917 pot=0.2667)
phyopt: rejected (map area 65702.76->65703.82, delay 769.52->769.52).
phyopt: part=high seed=n25557(id=25557 center=25557 R=5 tpl=1 crit=0.917 pot=0.2667)
phyopt: rejected (map area 65702.76->65702.76, delay 769.52->769.52).
phyopt: part=high seed=n25634(id=25634 center=25634 R=5 tpl=2 crit=0.917 pot=0.2667)
phyopt: accepted (map area 65702.76->65700.61, delay 769.52->769.52).
phyopt: part=high seed=n25732(id=25732 center=25732 R=5 tpl=0 crit=0.917 pot=0.2667)
phyopt: accepted (map area 65700.61->65699.81, delay 769.52->769.52).
phyopt: part=high seed=n29665(id=29665 center=29665 R=5 tpl=1 crit=0.917 pot=0.2667)
phyopt: accepted (map area 65699.81->65699.01, delay 769.52->769.52).
phyopt: part=high seed=n34984(id=34984 center=34984 R=5 tpl=2 crit=0.917 pot=0.2667)
phyopt: rejected (map area 65699.01->65701.18, delay 769.52->769.52).
phyopt: part=high seed=n35429(id=35429 center=35429 R=5 tpl=0 crit=0.917 pot=0.2667)
phyopt: rejected (map area 65699.01->65700.60, delay 769.52->769.52).
phyopt: part=high seed=n46430(id=46430 center=46430 R=5 tpl=2 crit=0.917 pot=0.2667)
phyopt: accepted (map area 65699.01->65697.95, delay 769.52->769.52).
phyopt: part=high seed=n57662(id=57662 center=57662 R=5 tpl=2 crit=0.917 pot=0.2667)
phyopt: rejected (map area 65697.95->65697.95, delay 769.52->769.52).
phyopt: part=high seed=n68067(id=68067 center=68067 R=5 tpl=2 crit=0.917 pot=0.2667)
phyopt: accepted (map area 65697.95->65697.68, delay 769.52->769.52).
phyopt: part=high seed=n72706(id=72706 center=72706 R=5 tpl=2 crit=0.917 pot=0.2667)
phyopt: accepted (map area 65697.68->65697.16, delay 769.52->769.52).
phyopt: part=high seed=n72974(id=72974 center=72974 R=5 tpl=2 crit=0.917 pot=0.2667)
phyopt: rejected (map area 65697.16->65698.75, delay 769.52->769.52).
phyopt: part=low seed=n79965(id=79965 center=79965 R=3 tpl=0 crit=0.250 pot=0.9250)
phyopt: rejected (map area 65697.16->65697.16, delay 769.52->769.52).
phyopt: part=low seed=n79994(id=79994 center=79994 R=3 tpl=1 crit=0.250 pot=0.9250)
phyopt: rejected (map area 65697.16->65697.16, delay 769.52->769.52).
phyopt: part=low seed=n80003(id=80003 center=80003 R=3 tpl=2 crit=0.250 pot=0.9250)
phyopt: accepted (map area 65697.16->65696.89, delay 769.52->769.52).
phyopt: part=low seed=n38727(id=38727 center=38727 R=3 tpl=0 crit=0.229 pot=0.9312)
phyopt: accepted (map area 65696.89->65696.62, delay 769.52->769.52).
phyopt: part=low seed=n48376(id=48376 center=48376 R=3 tpl=1 crit=0.229 pot=0.9312)
phyopt: accepted (map area 65696.62->65696.35, delay 769.52->769.52).
phyopt: part=low seed=n59212(id=59212 center=59212 R=3 tpl=2 crit=0.229 pot=0.9312)
phyopt: rejected (map area 65696.35->65696.35, delay 769.52->769.52).
phyopt: part=low seed=n60213(id=60213 center=60213 R=3 tpl=1 crit=0.229 pot=0.9312)
phyopt: accepted (map area 65696.35->65695.03, delay 769.52->769.52).
phyopt: L2 skips high=3822 low=0 mid=0.
phyopt: L0/L1 skips high=78/0 low=0/0 mid=0/0, L1-threshold=0.2188, anneal_temp=1.000.
phyopt: adaptive keep high/low/mid=85%/78%/78%.
phyopt: finished round 1/3.
phyopt: case timeout reached, stop after current accepted network.
phyopt: partition summary (tried/accepted):
  high : 6 / 12
  low  : 4 / 7
  mid  : 0 / 0
phyopt: per-part seed coverage (topK means top-5 potential within processed seeds):
  high: seeds=26079 tried=12(0.0%) accepted=6(50.0%) skipped(marked=0,low_slack=0) topK(tried=5/5 accepted=3 hit=60.0%)
  low: seeds=696 tried=7(1.0%) accepted=4(57.1%) skipped(marked=0,low_slack=0) topK(tried=0/5 accepted=0 hit=0.0%)
  mid: seeds=0 tried=0(0.0%) accepted=0(0.0%) skipped(marked=0,low_slack=0) topK(tried=0/0 accepted=0 hit=0.0%)
phyopt: sequence template stats by partition (template_id: accepted/tried):
  high: t0=1/3 t1=1/2 t2=4/7
  low: t0=1/2 t1=2/3 t2=1/2
  mid: t0=0/0 t1=0/0 t2=0/0
phyopt: rejection reason breakdown:
  - runtime_or_eval_fail : 0
  - policy_tradeoff_reject : 5
  - delay_worse : 0
  - area_worse : 4
  - area_and_delay_worse : 0
  - delay_guard_violation : 0
phyopt: skipped marked=0 low_slack=<0.10=0
phyopt: done, accepted=10 rejected=9 final_nodes=114520 final_levels=55.
phyopt: micro-model saved (/mnt/d/My_abc_work/abc/my_work/model/phy_micro_model_global.txt, samples=4620).
[1;37mIWLS2026/aig_files/ex206      :[0m i/o =   16/   16  lat =    0  nd = 64517  edge = 181875  area =65695.03  delay =769.52  lev = 28
