======== ABC command line "source /mnt/d/My_abc_work/abc/my_work/VS-SMABC_FPRM/compare_4way_out_smabc_method_asap7/tmp/misex3_raw_flow.abc"
Library "asap7sc7p5t_AO_RVT_FF_nldm_211120" from "/mnt/d/My_abc_work/abc/my_work/VS-SMABC_FPRM/asap7_orfs_combined_RVT_FF_nldm.lib" has 169 cells (0 skipped: 0 seq; 0 tri-state; 0 no func; 0 dont_use; 0 with 2 outputs; 0 with 3+ outputs).  Time =     0.55 sec
Warning: Detected 2 multi-output cells (for example, "FAx1_ASAP7_75t_R").
phymid: running map_oto -> mapper_extract -> phyread -> phyopt -> map
Derived GENLIB library "asap7sc7p5t_AO_RVT_FF_nldm_211120" with 77 gates using slew 20.00 ps and gain 250.00.
Total runtime =     0.00 sec
mapper_extract: starting extraction...
mapper_extract: extracting to "/mnt/d/My_abc_work/abc/my_work/VS-SMABC_FPRM/compare_4way_out_smabc_method_asap7/tmp/misex3_raw_flow.phy.csv"...
mapper_extract: max slack = 12.000000

=== DEBUG: Node ID Mapping ===
Format: objId | Name | Type | Fanin0 | Fanin1 | Gate | pData
 16 | n16        | NODE |  14 |  -1 | INVx1_ASAP7_75t_R | 0x5d2914338c20
 17 | n17        | NODE |  13 |  -1 | INVx1_ASAP7_75t_R | 0x5d2914338c20
 18 | n18        | NODE |  12 |  -1 | INVx1_ASAP7_75t_R | 0x5d2914338c20
 19 | n19        | NODE |  11 |  -1 | INVx1_ASAP7_75t_R | 0x5d2914338c20
 20 | n20        | NODE |  10 |  -1 | INVx1_ASAP7_75t_R | 0x5d2914338c20
 21 | n21        | NODE |   9 |  -1 | INVx1_ASAP7_75t_R | 0x5d2914338c20
 22 | n22        | NODE |   8 |  -1 | INVx1_ASAP7_75t_R | 0x5d2914338c20
 23 | n23        | NODE |   7 |  -1 | INVx1_ASAP7_75t_R | 0x5d2914338c20
 24 | n24        | NODE |   6 |  -1 | INVx1_ASAP7_75t_R | 0x5d2914338c20
 25 | n25        | NODE |   5 |  -1 | INVx1_ASAP7_75t_R | 0x5d2914338c20
 26 | n26        | NODE |   4 |  -1 | INVx1_ASAP7_75t_R | 0x5d2914338c20
 27 | n27        | NODE |   3 |  -1 | INVx1_ASAP7_75t_R | 0x5d2914338c20
 28 | n28        | NODE |   1 |  -1 | INVx1_ASAP7_75t_R | 0x5d2914338c20
 29 | n29        | NODE |   2 |  -1 | INVx1_ASAP7_75t_R | 0x5d2914338c20
 30 | n30        | NODE |  28 |  29 | AND2x2_ASAP7_75t_R | 0x5d2914341c10
 31 | n31        | NODE |  27 |  30 | AND2x2_ASAP7_75t_R | 0x5d2914341c10
 32 | n32        | NODE |  26 |  31 | AND2x2_ASAP7_75t_R | 0x5d2914341c10
 33 | n33        | NODE |  25 |  32 | AND2x2_ASAP7_75t_R | 0x5d2914341c10
 34 | n34        | NODE |  24 |  33 | AND2x2_ASAP7_75t_R | 0x5d2914341c10
 35 | n35        | NODE |  23 |  34 | AND2x2_ASAP7_75t_R | 0x5d2914341c10
 36 | n36        | NODE |  22 |  35 | AND2x2_ASAP7_75t_R | 0x5d2914341c10
 37 | n37        | NODE |  21 |  36 | AND2x2_ASAP7_75t_R | 0x5d2914341c10
 38 | n38        | NODE |  20 |  37 | AND2x2_ASAP7_75t_R | 0x5d2914341c10
 39 | n39        | NODE |  19 |  38 | AND2x2_ASAP7_75t_R | 0x5d2914341c10
 40 | n40        | NODE |  18 |  39 | AND2x2_ASAP7_75t_R | 0x5d2914341c10
 41 | n41        | NODE |  17 |  40 | AND2x2_ASAP7_75t_R | 0x5d2914341c10
 42 | n42        | NODE |  16 |  41 | AND2x2_ASAP7_75t_R | 0x5d2914341c10
==============================

mapper_extract: wrote 27 lines to "/mnt/d/My_abc_work/abc/my_work/VS-SMABC_FPRM/compare_4way_out_smabc_method_asap7/tmp/misex3_raw_flow.phy.csv".
mapper_extract: done.
Loaded 27 physical records from /mnt/d/My_abc_work/abc/my_work/VS-SMABC_FPRM/compare_4way_out_smabc_method_asap7/tmp/misex3_raw_flow.phy.csv
Potential rebuilt: alpha(low/mid/high)=0.300/0.500/0.800 avg_struct=0.5185 avg_slack=0.2407 avg_opt=0.3509
Physical records : 27
Gate summary     : NAND=0 AND=13 INV=14 OTHER=0
Alpha (L/M/H)    : 0.300 / 0.500 / 0.800
StructW(i/p/f/g) : 0.500 / 0.400 / 0.050 / 0.050
phyopt: start rounds=3, criticality partitions high(>=0.900)->low(<=0.250)->mid, window=16, mode=fixed.
phyopt: objective=delay-non-regression + area minimization (delay_eps=0.001 rel_tol=0 area_eps=0.001 delay_only=off).
phyopt: case timeout enabled (300 sec).
phyopt: fit-function on (loaded=yes, samples=4350, l0_scale=0.35, l1_scale=0.25, coef_file=/mnt/d/My_abc_work/abc/my_work/model/phy_fit_function_v1.txt).
phyopt: sample-log off (keep_target=28% [35%,95%]).
phyopt: round=1 partition sizes high=16 low=4 mid=7.
phyopt: part=high seed=n27(id=27 center=27 R=5 tpl=0 crit=0.917 pot=0.2667)
phyopt: accepted (map area 0.68->0.54, delay 92.28->72.24).
phyopt: part=high seed=n28(id=28 center=28 R=6 tpl=1 crit=1.000 pot=0.2000)
Object with ID 28 is not a node or reg output.
Error: Extracting sequential window has failed.
Error: phyopt: local optimization failed. Rolling back.
The node "n29" with ID 29 is not in the current network.
phyopt: skip seed=n29 (cannot resolve center node in current AIG).
The node "n30" with ID 30 is not in the current network.
phyopt: skip seed=n30 (cannot resolve center node in current AIG).
The node "n32" with ID 32 is not in the current network.
phyopt: skip seed=n32 (cannot resolve center node in current AIG).
The node "n33" with ID 33 is not in the current network.
phyopt: skip seed=n33 (cannot resolve center node in current AIG).
The node "n34" with ID 34 is not in the current network.
phyopt: skip seed=n34 (cannot resolve center node in current AIG).
The node "n35" with ID 35 is not in the current network.
phyopt: skip seed=n35 (cannot resolve center node in current AIG).
The node "n36" with ID 36 is not in the current network.
phyopt: skip seed=n36 (cannot resolve center node in current AIG).
The node "n37" with ID 37 is not in the current network.
phyopt: skip seed=n37 (cannot resolve center node in current AIG).
The node "n38" with ID 38 is not in the current network.
phyopt: skip seed=n38 (cannot resolve center node in current AIG).
The node "n39" with ID 39 is not in the current network.
phyopt: skip seed=n39 (cannot resolve center node in current AIG).
The node "n40" with ID 40 is not in the current network.
phyopt: skip seed=n40 (cannot resolve center node in current AIG).
The node "n41" with ID 41 is not in the current network.
phyopt: skip seed=n41 (cannot resolve center node in current AIG).
The node "n42" with ID 42 is not in the current network.
phyopt: skip seed=n42 (cannot resolve center node in current AIG).
phyopt: part=low seed=n16(id=16 center=16 R=3 tpl=0 crit=0.000 pot=1.0000)
phyopt: rejected (map area 0.54->0.69, delay 72.24->72.24).
phyopt: part=low seed=n17(id=17 center=17 R=3 tpl=1 crit=0.083 pot=0.9750)
phyopt: rejected (map area 0.54->0.54, delay 72.24->72.24).
phyopt: part=low seed=n18(id=18 center=18 R=3 tpl=2 crit=0.167 pot=0.9500)
phyopt: rejected (map area 0.54->0.54, delay 72.24->68.71).
phyopt: part=low seed=n19(id=19 center=19 R=3 tpl=0 crit=0.250 pot=0.9250)
phyopt: rejected (map area 0.54->0.54, delay 72.24->65.27).
phyopt: part=mid seed=n20(id=20 center=20 R=4 tpl=0 crit=0.333 pot=0.8333)
phyopt: accepted (map area 0.54->0.51, delay 72.24->62.53).
phyopt: part=mid seed=n21(id=21 center=21 R=4 tpl=1 crit=0.417 pot=0.7917)
phyopt: rejected (map area 0.51->0.61, delay 62.53->60.43).
phyopt: part=mid seed=n22(id=22 center=22 R=4 tpl=2 crit=0.500 pot=0.7500)
phyopt: accepted (map area 0.51->0.43, delay 62.53->53.63).
phyopt: part=mid seed=n23(id=23 center=23 R=4 tpl=0 crit=0.583 pot=0.7083)
phyopt: rejected (map area 0.43->0.44, delay 53.63->49.24).
phyopt: part=mid seed=n24(id=24 center=24 R=4 tpl=1 crit=0.667 pot=0.6667)
phyopt: rejected (map area 0.43->0.44, delay 53.63->48.64).
phyopt: part=mid seed=n25(id=25 center=25 R=4 tpl=2 crit=0.750 pot=0.6250)
phyopt: rejected (map area 0.43->0.44, delay 53.63->49.24).
phyopt: part=mid seed=n26(id=26 center=26 R=4 tpl=2 crit=0.833 pot=0.5833)
phyopt: rejected (map area 0.43->0.44, delay 53.63->52.41).
phyopt: finished round 1/3.
mapper_extract: wrote 27 lines to "/mnt/d/My_abc_work/abc/my_work/VS-SMABC_FPRM/compare_4way_out_smabc_method_asap7/tmp/misex3_raw_flow.phy.csv".
Loaded 27 physical records from /mnt/d/My_abc_work/abc/my_work/VS-SMABC_FPRM/compare_4way_out_smabc_method_asap7/tmp/misex3_raw_flow.phy.csv
Potential rebuilt: alpha(low/mid/high)=0.300/0.500/0.800 avg_struct=0.5185 avg_slack=0.2593 avg_opt=0.3370
phyopt: round=2 partition sizes high=13 low=6 mid=8.
phyopt: part=high seed=n26(id=26 center=26 R=6 tpl=0 crit=1.000 pot=0.2000)
phyopt: rejected (map area 0.43->0.44, delay 53.63->48.64).
The node "n35" with ID 35 is not in the current network.
phyopt: skip seed=n35 (cannot resolve center node in current AIG).
phyopt: part=high seed=n28(id=28 center=28 R=6 tpl=2 crit=1.000 pot=0.0000)
Object with ID 28 is not a node or reg output.
Error: Extracting sequential window has failed.
Error: phyopt: local optimization failed. Rolling back.
The node "n29" with ID 29 is not in the current network.
phyopt: skip seed=n29 (cannot resolve center node in current AIG).
The node "n30" with ID 30 is not in the current network.
phyopt: skip seed=n30 (cannot resolve center node in current AIG).
The node "n37" with ID 37 is not in the current network.
phyopt: skip seed=n37 (cannot resolve center node in current AIG).
The node "n39" with ID 39 is not in the current network.
phyopt: skip seed=n39 (cannot resolve center node in current AIG).
The node "n40" with ID 40 is not in the current network.
phyopt: skip seed=n40 (cannot resolve center node in current AIG).
The node "n41" with ID 41 is not in the current network.
phyopt: skip seed=n41 (cannot resolve center node in current AIG).
The node "n42" with ID 42 is not in the current network.
phyopt: skip seed=n42 (cannot resolve center node in current AIG).
phyopt: part=low seed=n16(id=16 center=16 R=3 tpl=1 crit=0.000 pot=1.0000)
phyopt: rejected (map area 0.43->0.43, delay 53.63->53.63).
phyopt: part=low seed=n21(id=21 center=21 R=3 tpl=2 crit=0.000 pot=1.0000)
phyopt: rejected (map area 0.43->0.59, delay 53.63->57.75).
phyopt: part=low seed=n17(id=17 center=17 R=3 tpl=1 crit=0.250 pot=0.9250)
phyopt: rejected (map area 0.43->0.59, delay 53.63->57.75).
phyopt: part=low seed=n18(id=18 center=18 R=3 tpl=1 crit=0.250 pot=0.9250)
phyopt: rejected (map area 0.43->0.43, delay 53.63->53.63).
phyopt: part=low seed=n19(id=19 center=19 R=3 tpl=2 crit=0.250 pot=0.2250)
phyopt: rejected (map area 0.43->0.57, delay 53.63->60.43).
phyopt: part=mid seed=n23(id=23 center=23 R=4 tpl=0 crit=0.750 pot=0.6250)
phyopt: rejected (map area 0.43->0.44, delay 53.63->49.24).
phyopt: part=mid seed=n25(id=25 center=25 R=4 tpl=2 crit=0.750 pot=0.6250)
phyopt: rejected (map area 0.43->0.44, delay 53.63->49.24).
The node "n32" with ID 32 is not in the current network.
phyopt: skip seed=n32 (cannot resolve center node in current AIG).
The node "n34" with ID 34 is not in the current network.
phyopt: skip seed=n34 (cannot resolve center node in current AIG).
phyopt: part=mid seed=n24(id=24 center=24 R=4 tpl=0 crit=0.750 pot=0.1250)
phyopt: accepted (map area 0.43->0.38, delay 53.63->51.86).
The node "n33" with ID 33 is not in the current network.
phyopt: skip seed=n33 (cannot resolve center node in current AIG).
phyopt: finished round 2/3.
mapper_extract: wrote 27 lines to "/mnt/d/My_abc_work/abc/my_work/VS-SMABC_FPRM/compare_4way_out_smabc_method_asap7/tmp/misex3_raw_flow.phy.csv".
Loaded 27 physical records from /mnt/d/My_abc_work/abc/my_work/VS-SMABC_FPRM/compare_4way_out_smabc_method_asap7/tmp/misex3_raw_flow.phy.csv
Potential rebuilt: alpha(low/mid/high)=0.300/0.500/0.800 avg_struct=0.5185 avg_slack=0.3704 avg_opt=0.3926
phyopt: round=3 partition sizes high=12 low=5 mid=10.
phyopt: part=high seed=n17(id=17 center=17 R=6 tpl=1 crit=1.000 pot=0.2000)
phyopt: rejected (map area 0.38->0.44, delay 51.86->48.64).
phyopt: part=high seed=n18(id=18 center=18 R=6 tpl=2 crit=1.000 pot=0.2000)
phyopt: rejected (map area 0.38->0.44, delay 51.86->48.64).
phyopt: part=high seed=n28(id=28 center=28 R=6 tpl=0 crit=1.000 pot=0.2000)
Object with ID 28 is not a node or reg output.
Error: Extracting sequential window has failed.
Error: phyopt: local optimization failed. Rolling back.
phyopt: part=high seed=n19(id=19 center=19 R=6 tpl=0 crit=1.000 pot=0.0000)
phyopt: rejected (map area 0.38->0.45, delay 51.86->49.57).
The node "n29" with ID 29 is not in the current network.
phyopt: skip seed=n29 (cannot resolve center node in current AIG).
The node "n32" with ID 32 is not in the current network.
phyopt: skip seed=n32 (cannot resolve center node in current AIG).
The node "n42" with ID 42 is not in the current network.
phyopt: skip seed=n42 (cannot resolve center node in current AIG).
phyopt: part=low seed=n25(id=25 center=25 R=3 tpl=0 crit=0.000 pot=1.0000)
phyopt: rejected (map area 0.38->0.61, delay 51.86->60.43).
The node "n33" with ID 33 is not in the current network.
phyopt: skip seed=n33 (cannot resolve center node in current AIG).
The node "n34" with ID 34 is not in the current network.
phyopt: skip seed=n34 (cannot resolve center node in current AIG).
The node "n35" with ID 35 is not in the current network.
phyopt: skip seed=n35 (cannot resolve center node in current AIG).
phyopt: part=mid seed=n16(id=16 center=16 R=4 tpl=0 crit=0.500 pot=0.7500)
phyopt: rejected (map area 0.38->0.44, delay 51.86->53.03).
phyopt: part=mid seed=n21(id=21 center=21 R=4 tpl=0 crit=0.500 pot=0.7500)
phyopt: rejected (map area 0.38->0.44, delay 51.86->53.03).
phyopt: part=mid seed=n26(id=26 center=26 R=4 tpl=2 crit=0.500 pot=0.7500)
phyopt: rejected (map area 0.38->0.44, delay 51.86->53.03).
The node "n37" with ID 37 is not in the current network.
phyopt: skip seed=n37 (cannot resolve center node in current AIG).
The node "n39" with ID 39 is not in the current network.
phyopt: skip seed=n39 (cannot resolve center node in current AIG).
The node "n40" with ID 40 is not in the current network.
phyopt: skip seed=n40 (cannot resolve center node in current AIG).
The node "n41" with ID 41 is not in the current network.
phyopt: skip seed=n41 (cannot resolve center node in current AIG).
phyopt: finished round 3/3.
phyopt: partition summary (tried/accepted):
  high : 1 / 8
  low  : 0 / 10
  mid  : 3 / 13
phyopt: per-part seed coverage (topK means top-5 potential within processed seeds):
  high: seeds=41 tried=8(19.5%) accepted=1(12.5%) skipped(marked=9,low_slack=0) topK(tried=8/15 accepted=1 hit=12.5%)
  low: seeds=15 tried=10(66.7%) accepted=0(0.0%) skipped(marked=2,low_slack=0) topK(tried=10/14 accepted=0 hit=0.0%)
  mid: seeds=25 tried=13(52.0%) accepted=3(23.1%) skipped(marked=5,low_slack=0) topK(tried=10/15 accepted=2 hit=20.0%)
phyopt: sequence template stats by partition (template_id: accepted/tried):
  high: t0=1/4 t1=0/2 t2=0/2
  low: t0=0/3 t1=0/4 t2=0/3
  mid: t0=2/6 t1=0/2 t2=1/5
phyopt: rejection reason breakdown:
  - runtime_or_eval_fail : 37
  - policy_tradeoff_reject : 5
  - delay_worse : 0
  - area_worse : 12
  - area_and_delay_worse : 7
  - delay_guard_violation : 0
phyopt: skipped marked=16 low_slack=<0.10=0
phyopt: done, accepted=4 rejected=61 final_nodes=13 final_levels=5.
Derived GENLIB library "asap7sc7p5t_AO_RVT_FF_nldm_211120" with 77 gates using slew 20.00 ps and gain 250.00.
Converting "/mnt/d/My_abc_work/abc/my_work/VS-SMABC_FPRM/asap7_orfs_combined_RVT_FF_nldm.genlib" into supergate library "/mnt/d/My_abc_work/abc/my_work/VS-SMABC_FPRM/asap7_orfs_combined_RVT_FF_nldm.super".
Maximum level: Original = 5. Reduced due to choices = 5.
Choice stats:  Choice nodes = 0. Total choices = 0.
Nodes =     27.  Total 5-feasible cuts =         57.  Per node = 2.1. Time =     0.00 sec
Delay    : Delay =     0.00  Flow =         0.4  Area =         0.4   0.0 %   Time =     0.00 sec
AreaFlow : Delay =    51.86  Flow =         0.4  Area =         0.4   0.0 %   Time =     0.00 sec
Area     : Delay =    51.86  Flow =         0.0  Area =         0.4   0.0 %   Time =     0.00 sec
Area     : Delay =    51.86  Flow =         0.0  Area =         0.4   0.0 %   Time =     0.00 sec
Output  po0    : Delay = (51.86, 51.86)  POS
Total runtime =     0.01 sec
phymid: done. You can now run write_verilog/write_blif (or strash; write_aiger).
[1;37m/mnt/d/My_abc_work/abc/my_work/VS-SMABC_FPRM/aig_output_raw/misex3_raw:[0m i/o =   14/    1  lat =    0  nd =     4  edge =     17  area = 0.38  delay =51.86  lev = 2
