======== ABC command line "source /mnt/d/My_abc_work/abc/my_work/VS-SMABC_FPRM/compare_4way_out_smabc_method_asap7/tmp/table3_raw_flow.abc"
Library "asap7sc7p5t_AO_RVT_FF_nldm_211120" from "/mnt/d/My_abc_work/abc/my_work/VS-SMABC_FPRM/asap7_orfs_combined_RVT_FF_nldm.lib" has 169 cells (0 skipped: 0 seq; 0 tri-state; 0 no func; 0 dont_use; 0 with 2 outputs; 0 with 3+ outputs).  Time =     0.58 sec
Warning: Detected 2 multi-output cells (for example, "FAx1_ASAP7_75t_R").
phymid: running map_oto -> mapper_extract -> phyread -> phyopt -> map
Derived GENLIB library "asap7sc7p5t_AO_RVT_FF_nldm_211120" with 77 gates using slew 20.00 ps and gain 250.00.
Total runtime =     0.00 sec
mapper_extract: starting extraction...
mapper_extract: extracting to "/mnt/d/My_abc_work/abc/my_work/VS-SMABC_FPRM/compare_4way_out_smabc_method_asap7/tmp/table3_raw_flow.phy.csv"...
mapper_extract: max slack = 13.000000

=== DEBUG: Node ID Mapping ===
Format: objId | Name | Type | Fanin0 | Fanin1 | Gate | pData
 16 | n16        | NODE |   1 |   0 | INVx1_ASAP7_75t_R | 0x583c6fd91c20
 17 | n17        | NODE |   2 |   0 | INVx1_ASAP7_75t_R | 0x583c6fd91c20
 18 | n18        | NODE |   3 |   0 | INVx1_ASAP7_75t_R | 0x583c6fd91c20
 19 | n19        | NODE |   4 |   0 | INVx1_ASAP7_75t_R | 0x583c6fd91c20
 20 | n20        | NODE |   5 |   0 | INVx1_ASAP7_75t_R | 0x583c6fd91c20
 21 | n21        | NODE |   6 |   0 | INVx1_ASAP7_75t_R | 0x583c6fd91c20
 22 | n22        | NODE |   7 |   0 | INVx1_ASAP7_75t_R | 0x583c6fd91c20
 23 | n23        | NODE |   8 |   0 | INVx1_ASAP7_75t_R | 0x583c6fd91c20
 24 | n24        | NODE |   9 |   0 | INVx1_ASAP7_75t_R | 0x583c6fd91c20
 25 | n25        | NODE |  10 |   0 | INVx1_ASAP7_75t_R | 0x583c6fd91c20
 26 | n26        | NODE |  11 |   0 | INVx1_ASAP7_75t_R | 0x583c6fd91c20
 27 | n27        | NODE |  12 |   0 | INVx1_ASAP7_75t_R | 0x583c6fd91c20
 28 | n28        | NODE |  14 |   0 | INVx1_ASAP7_75t_R | 0x583c6fd91c20
 29 | n29        | NODE |  13 |  28 | NAND2xp33_ASAP7_75t_R | 0x583c6fd9dd40
 30 | n30        | NODE |  13 |  29 | NAND2xp33_ASAP7_75t_R | 0x583c6fd9dd40
 31 | n31        | NODE |  27 |  30 | AND2x2_ASAP7_75t_R | 0x583c6fd9ac10
 32 | n32        | NODE |  26 |  31 | AND2x2_ASAP7_75t_R | 0x583c6fd9ac10
 33 | n33        | NODE |  25 |  32 | AND2x2_ASAP7_75t_R | 0x583c6fd9ac10
 34 | n34        | NODE |  24 |  33 | AND2x2_ASAP7_75t_R | 0x583c6fd9ac10
 35 | n35        | NODE |  23 |  34 | AND2x2_ASAP7_75t_R | 0x583c6fd9ac10
 36 | n36        | NODE |  22 |  35 | AND2x2_ASAP7_75t_R | 0x583c6fd9ac10
 37 | n37        | NODE |  21 |  36 | AND2x2_ASAP7_75t_R | 0x583c6fd9ac10
 38 | n38        | NODE |  20 |  37 | AND2x2_ASAP7_75t_R | 0x583c6fd9ac10
 39 | n39        | NODE |  19 |  38 | AND2x2_ASAP7_75t_R | 0x583c6fd9ac10
 40 | n40        | NODE |  18 |  39 | AND2x2_ASAP7_75t_R | 0x583c6fd9ac10
 41 | n41        | NODE |  17 |  40 | AND2x2_ASAP7_75t_R | 0x583c6fd9ac10
 42 | n42        | NODE |  16 |  41 | AND2x2_ASAP7_75t_R | 0x583c6fd9ac10
==============================

mapper_extract: wrote 27 lines to "/mnt/d/My_abc_work/abc/my_work/VS-SMABC_FPRM/compare_4way_out_smabc_method_asap7/tmp/table3_raw_flow.phy.csv".
mapper_extract: done.
Loaded 27 physical records from /mnt/d/My_abc_work/abc/my_work/VS-SMABC_FPRM/compare_4way_out_smabc_method_asap7/tmp/table3_raw_flow.phy.csv
Potential rebuilt: alpha(low/mid/high)=0.300/0.500/0.800 avg_struct=0.4815 avg_slack=0.2564 avg_opt=0.3613
Physical records : 27
Gate summary     : NAND=2 AND=12 INV=13 OTHER=0
Alpha (L/M/H)    : 0.300 / 0.500 / 0.800
StructW(i/p/f/g) : 0.500 / 0.400 / 0.050 / 0.050
phyopt: start rounds=3, criticality partitions high(>=0.900)->low(<=0.250)->mid, window=16, mode=fixed.
phyopt: objective=delay-non-regression + area minimization (delay_eps=0.001 rel_tol=0 area_eps=0.001 delay_only=off).
phyopt: case timeout enabled (300 sec).
phyopt: fit-function on (loaded=yes, samples=4350, l0_scale=0.35, l1_scale=0.25, coef_file=/mnt/d/My_abc_work/abc/my_work/model/phy_fit_function_v1.txt).
phyopt: sample-log off (keep_target=28% [35%,95%]).
phyopt: round=1 partition sizes high=15 low=4 mid=8.
phyopt: part=high seed=n28(id=28 center=28 R=6 tpl=0 crit=1.000 pot=0.2000)
phyopt: accepted (map area 0.67->0.66, delay 87.26->58.35).
The node "n30" with ID 30 is not in the current network.
phyopt: skip seed=n30 (cannot resolve center node in current AIG).
The node "n31" with ID 31 is not in the current network.
phyopt: skip seed=n31 (cannot resolve center node in current AIG).
The node "n32" with ID 32 is not in the current network.
phyopt: skip seed=n32 (cannot resolve center node in current AIG).
The node "n33" with ID 33 is not in the current network.
phyopt: skip seed=n33 (cannot resolve center node in current AIG).
The node "n34" with ID 34 is not in the current network.
phyopt: skip seed=n34 (cannot resolve center node in current AIG).
The node "n35" with ID 35 is not in the current network.
phyopt: skip seed=n35 (cannot resolve center node in current AIG).
The node "n36" with ID 36 is not in the current network.
phyopt: skip seed=n36 (cannot resolve center node in current AIG).
The node "n37" with ID 37 is not in the current network.
phyopt: skip seed=n37 (cannot resolve center node in current AIG).
The node "n38" with ID 38 is not in the current network.
phyopt: skip seed=n38 (cannot resolve center node in current AIG).
The node "n39" with ID 39 is not in the current network.
phyopt: skip seed=n39 (cannot resolve center node in current AIG).
The node "n40" with ID 40 is not in the current network.
phyopt: skip seed=n40 (cannot resolve center node in current AIG).
The node "n41" with ID 41 is not in the current network.
phyopt: skip seed=n41 (cannot resolve center node in current AIG).
The node "n42" with ID 42 is not in the current network.
phyopt: skip seed=n42 (cannot resolve center node in current AIG).
phyopt: part=low seed=n16(id=16 center=16 R=3 tpl=0 crit=0.000 pot=1.0000)
phyopt: rejected (map area 0.66->0.66, delay 58.35->58.35).
phyopt: part=low seed=n17(id=17 center=17 R=3 tpl=1 crit=0.077 pot=0.9769)
phyopt: rejected (map area 0.66->0.63, delay 58.35->60.43).
phyopt: part=low seed=n18(id=18 center=18 R=3 tpl=2 crit=0.154 pot=0.9538)
phyopt: accepted (map area 0.66->0.64, delay 58.35->57.75).
phyopt: part=low seed=n19(id=19 center=19 R=3 tpl=0 crit=0.231 pot=0.9308)
phyopt: rejected (map area 0.64->0.66, delay 57.75->53.57).
phyopt: part=mid seed=n20(id=20 center=20 R=4 tpl=0 crit=0.308 pot=0.8462)
phyopt: accepted (map area 0.64->0.45, delay 57.75->49.24).
phyopt: part=mid seed=n21(id=21 center=21 R=4 tpl=1 crit=0.385 pot=0.8077)
phyopt: rejected (map area 0.45->0.45, delay 49.24->49.24).
phyopt: part=mid seed=n22(id=22 center=22 R=4 tpl=2 crit=0.462 pot=0.7692)
phyopt: rejected (map area 0.45->0.45, delay 49.24->49.24).
phyopt: part=mid seed=n23(id=23 center=23 R=4 tpl=0 crit=0.538 pot=0.7308)
phyopt: rejected (map area 0.45->0.45, delay 49.24->49.57).
phyopt: part=mid seed=n24(id=24 center=24 R=4 tpl=1 crit=0.615 pot=0.6923)
phyopt: rejected (map area 0.45->0.52, delay 49.24->55.05).
phyopt: part=mid seed=n25(id=25 center=25 R=4 tpl=2 crit=0.692 pot=0.6538)
phyopt: rejected (map area 0.45->0.52, delay 49.24->55.05).
phyopt: part=mid seed=n26(id=26 center=26 R=4 tpl=0 crit=0.769 pot=0.6154)
phyopt: rejected (map area 0.45->0.45, delay 49.24->49.24).
phyopt: part=mid seed=n27(id=27 center=27 R=4 tpl=0 crit=0.846 pot=0.5769)
phyopt: rejected (map area 0.45->0.45, delay 49.24->49.24).
phyopt: finished round 1/3.
mapper_extract: wrote 25 lines to "/mnt/d/My_abc_work/abc/my_work/VS-SMABC_FPRM/compare_4way_out_smabc_method_asap7/tmp/table3_raw_flow.phy.csv".
Loaded 25 physical records from /mnt/d/My_abc_work/abc/my_work/VS-SMABC_FPRM/compare_4way_out_smabc_method_asap7/tmp/table3_raw_flow.phy.csv
Potential rebuilt: alpha(low/mid/high)=0.300/0.500/0.800 avg_struct=0.4800 avg_slack=0.2267 avg_opt=0.2493
phyopt: round=2 partition sizes high=17 low=1 mid=7.
phyopt: part=high seed=n16(id=16 center=16 R=6 tpl=2 crit=1.000 pot=0.2000)
phyopt: rejected (map area 0.45->0.45, delay 49.24->49.24).
phyopt: part=high seed=n17(id=17 center=17 R=6 tpl=0 crit=1.000 pot=0.2000)
phyopt: rejected (map area 0.45->0.45, delay 49.24->49.57).
phyopt: part=high seed=n19(id=19 center=19 R=6 tpl=1 crit=1.000 pot=0.2000)
phyopt: rejected (map area 0.45->0.45, delay 49.24->49.24).
phyopt: part=high seed=n23(id=23 center=23 R=6 tpl=2 crit=1.000 pot=0.2000)
phyopt: rejected (map area 0.45->0.45, delay 49.24->49.57).
phyopt: part=high seed=n24(id=24 center=24 R=6 tpl=0 crit=1.000 pot=0.2000)
phyopt: rejected (map area 0.45->0.45, delay 49.24->49.24).
phyopt: part=high seed=n26(id=26 center=26 R=6 tpl=0 crit=1.000 pot=0.2000)
phyopt: rejected (map area 0.45->0.45, delay 49.24->49.57).
phyopt: part=high seed=n27(id=27 center=27 R=6 tpl=0 crit=1.000 pot=0.2000)
phyopt: rejected (map area 0.45->0.45, delay 49.24->49.57).
phyopt: part=high seed=n21(id=21 center=21 R=6 tpl=1 crit=1.000 pot=0.0000)
phyopt: rejected (map area 0.45->0.45, delay 49.24->49.57).
phyopt: part=high seed=n22(id=22 center=22 R=6 tpl=0 crit=1.000 pot=0.0000)
phyopt: rejected (map area 0.45->0.45, delay 49.24->49.57).
phyopt: part=high seed=n25(id=25 center=25 R=6 tpl=0 crit=1.000 pot=0.0000)
phyopt: rejected (map area 0.45->0.45, delay 49.24->49.24).
The node "n30" with ID 30 is not in the current network.
phyopt: skip seed=n30 (cannot resolve center node in current AIG).
The node "n32" with ID 32 is not in the current network.
phyopt: skip seed=n32 (cannot resolve center node in current AIG).
The node "n31" with ID 31 is not in the current network.
phyopt: skip seed=n31 (cannot resolve center node in current AIG).
The node "n33" with ID 33 is not in the current network.
phyopt: skip seed=n33 (cannot resolve center node in current AIG).
The node "n34" with ID 34 is not in the current network.
phyopt: skip seed=n34 (cannot resolve center node in current AIG).
The node "n36" with ID 36 is not in the current network.
phyopt: skip seed=n36 (cannot resolve center node in current AIG).
The node "n37" with ID 37 is not in the current network.
phyopt: skip seed=n37 (cannot resolve center node in current AIG).
The node "n35" with ID 35 is not in the current network.
phyopt: skip seed=n35 (cannot resolve center node in current AIG).
The node "n39" with ID 39 is not in the current network.
phyopt: skip seed=n39 (cannot resolve center node in current AIG).
phyopt: finished round 2/3.
mapper_extract: wrote 25 lines to "/mnt/d/My_abc_work/abc/my_work/VS-SMABC_FPRM/compare_4way_out_smabc_method_asap7/tmp/table3_raw_flow.phy.csv".
Loaded 25 physical records from /mnt/d/My_abc_work/abc/my_work/VS-SMABC_FPRM/compare_4way_out_smabc_method_asap7/tmp/table3_raw_flow.phy.csv
Potential rebuilt: alpha(low/mid/high)=0.300/0.500/0.800 avg_struct=0.4800 avg_slack=0.2267 avg_opt=0.2493
phyopt: round=3 partition sizes high=17 low=1 mid=7.
phyopt: part=high seed=n16(id=16 center=16 R=6 tpl=0 crit=1.000 pot=0.2000)
phyopt: rejected (map area 0.45->0.45, delay 49.24->49.24).
phyopt: part=high seed=n17(id=17 center=17 R=6 tpl=2 crit=1.000 pot=0.2000)
phyopt: rejected (map area 0.45->0.45, delay 49.24->49.57).
phyopt: part=high seed=n19(id=19 center=19 R=6 tpl=0 crit=1.000 pot=0.2000)
phyopt: rejected (map area 0.45->0.45, delay 49.24->49.24).
phyopt: part=high seed=n23(id=23 center=23 R=6 tpl=1 crit=1.000 pot=0.2000)
phyopt: rejected (map area 0.45->0.45, delay 49.24->49.57).
phyopt: part=high seed=n24(id=24 center=24 R=6 tpl=0 crit=1.000 pot=0.2000)
phyopt: rejected (map area 0.45->0.45, delay 49.24->49.24).
phyopt: part=high seed=n26(id=26 center=26 R=6 tpl=0 crit=1.000 pot=0.2000)
phyopt: rejected (map area 0.45->0.45, delay 49.24->49.57).
phyopt: part=high seed=n27(id=27 center=27 R=6 tpl=2 crit=1.000 pot=0.2000)
phyopt: rejected (map area 0.45->0.45, delay 49.24->49.57).
phyopt: part=high seed=n21(id=21 center=21 R=6 tpl=0 crit=1.000 pot=0.0000)
phyopt: rejected (map area 0.45->0.45, delay 49.24->49.57).
phyopt: part=high seed=n22(id=22 center=22 R=6 tpl=0 crit=1.000 pot=0.0000)
phyopt: rejected (map area 0.45->0.45, delay 49.24->49.57).
phyopt: part=high seed=n25(id=25 center=25 R=6 tpl=1 crit=1.000 pot=0.0000)
phyopt: rejected (map area 0.45->0.45, delay 49.24->49.24).
The node "n30" with ID 30 is not in the current network.
phyopt: skip seed=n30 (cannot resolve center node in current AIG).
The node "n32" with ID 32 is not in the current network.
phyopt: skip seed=n32 (cannot resolve center node in current AIG).
The node "n31" with ID 31 is not in the current network.
phyopt: skip seed=n31 (cannot resolve center node in current AIG).
The node "n33" with ID 33 is not in the current network.
phyopt: skip seed=n33 (cannot resolve center node in current AIG).
The node "n34" with ID 34 is not in the current network.
phyopt: skip seed=n34 (cannot resolve center node in current AIG).
The node "n36" with ID 36 is not in the current network.
phyopt: skip seed=n36 (cannot resolve center node in current AIG).
The node "n37" with ID 37 is not in the current network.
phyopt: skip seed=n37 (cannot resolve center node in current AIG).
The node "n35" with ID 35 is not in the current network.
phyopt: skip seed=n35 (cannot resolve center node in current AIG).
The node "n39" with ID 39 is not in the current network.
phyopt: skip seed=n39 (cannot resolve center node in current AIG).
phyopt: finished round 3/3.
phyopt: partition summary (tried/accepted):
  high : 1 / 21
  low  : 1 / 4
  mid  : 1 / 8
phyopt: per-part seed coverage (topK means top-5 potential within processed seeds):
  high: seeds=49 tried=21(42.9%) accepted=1(4.8%) skipped(marked=11,low_slack=0) topK(tried=9/15 accepted=1 hit=11.1%)
  low: seeds=6 tried=4(66.7%) accepted=1(25.0%) skipped(marked=0,low_slack=0) topK(tried=4/6 accepted=1 hit=25.0%)
  mid: seeds=22 tried=8(36.4%) accepted=1(12.5%) skipped(marked=2,low_slack=0) topK(tried=5/15 accepted=1 hit=20.0%)
phyopt: sequence template stats by partition (template_id: accepted/tried):
  high: t0=1/13 t1=0/4 t2=0/4
  low: t0=0/2 t1=0/1 t2=1/1
  mid: t0=1/4 t1=0/2 t2=0/2
phyopt: rejection reason breakdown:
  - runtime_or_eval_fail : 31
  - policy_tradeoff_reject : 13
  - delay_worse : 0
  - area_worse : 1
  - area_and_delay_worse : 2
  - delay_guard_violation : 14
phyopt: skipped marked=13 low_slack=<0.10=0
phyopt: done, accepted=3 rejected=61 final_nodes=13 final_levels=5.
Derived GENLIB library "asap7sc7p5t_AO_RVT_FF_nldm_211120" with 77 gates using slew 20.00 ps and gain 250.00.
Converting "/mnt/d/My_abc_work/abc/my_work/VS-SMABC_FPRM/asap7_orfs_combined_RVT_FF_nldm.genlib" into supergate library "/mnt/d/My_abc_work/abc/my_work/VS-SMABC_FPRM/asap7_orfs_combined_RVT_FF_nldm.super".
Maximum level: Original = 5. Reduced due to choices = 5.
Choice stats:  Choice nodes = 0. Total choices = 0.
Nodes =     27.  Total 5-feasible cuts =         62.  Per node = 2.3. Time =     0.00 sec
Delay    : Delay =     0.00  Flow =         0.5  Area =         0.5   0.0 %   Time =     0.00 sec
AreaFlow : Delay =    49.24  Flow =         0.5  Area =         0.5   0.0 %   Time =     0.00 sec
Area     : Delay =    49.24  Flow =         0.0  Area =         0.5   0.0 %   Time =     0.00 sec
Area     : Delay =    49.24  Flow =         0.0  Area =         0.5   0.0 %   Time =     0.00 sec
Output  po0    : Delay = (49.24, 49.24)  POS
Total runtime =     0.01 sec
phymid: done. You can now run write_verilog/write_blif (or strash; write_aiger).
[1;37m/mnt/d/My_abc_work/abc/my_work/VS-SMABC_FPRM/aig_output_raw/table3_raw:[0m i/o =   14/    1  lat =    0  nd =     5  edge =     18  area = 0.45  delay =49.24  lev = 2
