======== ABC command line "source /tmp/stageW_c1908_w_gate_up_15828.scr"
Warning: Detected 2 multi-output cells (for example, "FA_X1").
mapper_extract: wrote 414 lines to "/mnt/d/My_abc_work/abc/my_work/ablation_results_stageW/c1908/c1908_w_gate_up.csv".
Loaded 414 physical records from /mnt/d/My_abc_work/abc/my_work/ablation_results_stageW/c1908/c1908_w_gate_up.csv
Potential rebuilt: alpha(low/mid/high)=0.200/0.500/0.800 avg_struct=0.6132 avg_slack=0.1566 avg_opt_mid=0.3849
Physical records : 414
Gate summary     : NAND=269 AND=46 INV=99 OTHER=0
Alpha (L/M/H)    : 0.200 / 0.500 / 0.800
StructW(i/p/f/g) : 0.200 / 0.200 / 0.100 / 0.500
phyopt: start rounds=1, criticality partitions high(>=0.900)->low(<=0.250)->mid, window=16.
phyopt: objective=map(area,delay), low-part delay budget=+10% from pre-opt.
phyopt: round=1 partition sizes high=251 low=14 mid=149.
phyopt: round=1 part=high seed=n128(id=128 center=128 R=5 crit=0.958 pot=0.2333)
phyopt: accepted (map area 190.99->190.99, delay 12.00->12.00).
phyopt: round=1 part=high seed=n132(id=132 center=132 R=5 crit=0.958 pot=0.2333)
phyopt: rejected (map area 190.99->191.25, delay 12.00->12.00).
phyopt: round=1 part=high seed=n135(id=135 center=135 R=5 crit=0.958 pot=0.2333)
phyopt: accepted (map area 190.99->190.99, delay 12.00->12.00).
phyopt: round=1 part=high seed=n151(id=151 center=151 R=5 crit=0.958 pot=0.2333)
phyopt: accepted (map area 190.99->198.97, delay 12.00->11.00).
phyopt: round=1 part=high seed=n155(id=155 center=155 R=5 crit=0.958 pot=0.2333)
phyopt: accepted (map area 198.97->197.37, delay 11.00->11.00).
phyopt: round=1 part=high seed=n207(id=207 center=207 R=5 crit=0.958 pot=0.2333)
phyopt: accepted (map area 197.37->191.79, delay 11.00->11.00).
phyopt: round=1 part=high seed=n239(id=239 center=239 R=5 crit=0.958 pot=0.2333)
phyopt: accepted (map area 191.79->191.79, delay 11.00->11.00).
phyopt: round=1 part=high seed=n214(id=214 center=214 R=6 crit=1.000 pot=0.2000)
phyopt: accepted (map area 191.79->190.99, delay 11.00->11.00).
phyopt: round=1 part=high seed=n226(id=226 center=226 R=6 crit=1.000 pot=0.2000)
phyopt: accepted (map area 190.99->187.80, delay 11.00->11.00).
phyopt: round=1 part=high seed=n260(id=260 center=260 R=6 crit=1.000 pot=0.2000)
phyopt: rejected (map area 187.80->187.53, delay 11.00->12.00).
phyopt: round=1 part=high seed=n268(id=268 center=268 R=6 crit=1.000 pot=0.2000)
phyopt: rejected (map area 187.80->190.72, delay 11.00->11.00).
phyopt: round=1 part=high seed=n273(id=273 center=273 R=6 crit=1.000 pot=0.2000)
phyopt: rejected (map area 187.80->184.87, delay 11.00->12.00).
phyopt: round=1 part=high seed=n277(id=277 center=277 R=6 crit=1.000 pot=0.2000)
phyopt: rejected (map area 187.80->182.21, delay 11.00->12.00).
phyopt: round=1 part=high seed=n291(id=291 center=291 R=6 crit=1.000 pot=0.2000)
phyopt: rejected (map area 187.80->188.86, delay 11.00->11.00).
phyopt: round=1 part=high seed=n294(id=294 center=294 R=6 crit=1.000 pot=0.2000)
phyopt: rejected (map area 187.80->189.39, delay 11.00->11.00).
phyopt: round=1 part=high seed=n303(id=303 center=303 R=6 crit=1.000 pot=0.2000)
phyopt: accepted (map area 187.80->186.73, delay 11.00->11.00).
phyopt: round=1 part=high seed=n311(id=311 center=311 R=6 crit=1.000 pot=0.2000)
phyopt: rejected (map area 186.73->183.54, delay 11.00->13.00).
The node "n381" with ID 381 is not in the current network.
phyopt: skip seed=n381 (cannot resolve center node in current AIG).
The node "n401" with ID 401 is not in the current network.
phyopt: skip seed=n401 (cannot resolve center node in current AIG).
The node "n409" with ID 409 is not in the current network.
phyopt: skip seed=n409 (cannot resolve center node in current AIG).
The node "n417" with ID 417 is not in the current network.
phyopt: skip seed=n417 (cannot resolve center node in current AIG).
The node "n442" with ID 442 is not in the current network.
phyopt: skip seed=n442 (cannot resolve center node in current AIG).
The node "n458" with ID 458 is not in the current network.
phyopt: skip seed=n458 (cannot resolve center node in current AIG).
The node "n465" with ID 465 is not in the current network.
phyopt: skip seed=n465 (cannot resolve center node in current AIG).
The node "n469" with ID 469 is not in the current network.
phyopt: skip seed=n469 (cannot resolve center node in current AIG).
phyopt: round=1 part=high seed=n127(id=127 center=127 R=5 crit=0.917 pot=0.1892)
phyopt: accepted (map area 186.73->186.20, delay 11.00->11.00).
phyopt: round=1 part=high seed=n131(id=131 center=131 R=5 crit=0.917 pot=0.1892)
phyopt: rejected (map area 186.20->187.26, delay 11.00->11.00).
phyopt: round=1 part=high seed=n138(id=138 center=138 R=5 crit=0.917 pot=0.1892)
phyopt: rejected (map area 186.20->179.02, delay 11.00->12.00).
phyopt: round=1 part=high seed=n150(id=150 center=150 R=5 crit=0.917 pot=0.1892)
phyopt: accepted (map area 186.20->186.20, delay 11.00->11.00).
phyopt: round=1 part=high seed=n157(id=157 center=157 R=5 crit=0.917 pot=0.1892)
phyopt: accepted (map area 186.20->186.20, delay 11.00->11.00).
The node "n443" with ID 443 is not in the current network.
phyopt: skip seed=n443 (cannot resolve center node in current AIG).
The node "n459" with ID 459 is not in the current network.
phyopt: skip seed=n459 (cannot resolve center node in current AIG).
The node "n439" with ID 439 is not in the current network.
phyopt: skip seed=n439 (cannot resolve center node in current AIG).
The node "n455" with ID 455 is not in the current network.
phyopt: skip seed=n455 (cannot resolve center node in current AIG).
The node "n413" with ID 413 is not in the current network.
phyopt: skip seed=n413 (cannot resolve center node in current AIG).
The node "n421" with ID 421 is not in the current network.
phyopt: skip seed=n421 (cannot resolve center node in current AIG).
The node "n425" with ID 425 is not in the current network.
phyopt: skip seed=n425 (cannot resolve center node in current AIG).
The node "n462" with ID 462 is not in the current network.
phyopt: skip seed=n462 (cannot resolve center node in current AIG).
The node "n433" with ID 433 is not in the current network.
phyopt: skip seed=n433 (cannot resolve center node in current AIG).
The node "n446" with ID 446 is not in the current network.
phyopt: skip seed=n446 (cannot resolve center node in current AIG).
The node "n440" with ID 440 is not in the current network.
phyopt: skip seed=n440 (cannot resolve center node in current AIG).
The node "n456" with ID 456 is not in the current network.
phyopt: skip seed=n456 (cannot resolve center node in current AIG).
The node "n405" with ID 405 is not in the current network.
phyopt: skip seed=n405 (cannot resolve center node in current AIG).
The node "n429" with ID 429 is not in the current network.
phyopt: skip seed=n429 (cannot resolve center node in current AIG).
phyopt: round=1 part=mid seed=n72(id=72 center=72 R=4 crit=0.292 pot=0.8542)
phyopt: accepted (map area 186.20->185.14, delay 11.00->11.00).
phyopt: round=1 part=mid seed=n110(id=110 center=110 R=4 crit=0.292 pot=0.8542)
phyopt: accepted (map area 185.14->184.60, delay 11.00->11.00).
phyopt: round=1 part=mid seed=n194(id=194 center=194 R=4 crit=0.292 pot=0.8542)
phyopt: rejected (map area 184.60->190.99, delay 11.00->11.00).
phyopt: round=1 part=mid seed=n69(id=69 center=69 R=4 crit=0.333 pot=0.8333)
phyopt: rejected (map area 184.60->184.60, delay 11.00->11.00).
phyopt: round=1 part=mid seed=n246(id=246 center=246 R=4 crit=0.333 pot=0.8333)
phyopt: rejected (map area 184.60->185.67, delay 11.00->11.00).
phyopt: round=1 part=mid seed=n102(id=102 center=102 R=4 crit=0.583 pot=0.7083)
phyopt: rejected (map area 184.60->184.60, delay 11.00->11.00).
The node "n408" with ID 408 is not in the current network.
phyopt: skip seed=n408 (cannot resolve center node in current AIG).
The node "n416" with ID 416 is not in the current network.
phyopt: skip seed=n416 (cannot resolve center node in current AIG).
The node "n452" with ID 452 is not in the current network.
phyopt: skip seed=n452 (cannot resolve center node in current AIG).
The node "n436" with ID 436 is not in the current network.
phyopt: skip seed=n436 (cannot resolve center node in current AIG).
phyopt: round=1 part=mid seed=n65(id=65 center=65 R=4 crit=0.292 pot=0.6606)
phyopt: rejected (map area 184.60->184.60, delay 11.00->11.00).
phyopt: round=1 part=mid seed=n327(id=327 center=327 R=4 crit=0.292 pot=0.6606)
phyopt: rejected (map area 184.60->205.09, delay 11.00->11.00).
phyopt: round=1 part=mid seed=n146(id=146 center=146 R=4 crit=0.708 pot=0.6458)
phyopt: accepted (map area 184.60->183.81, delay 11.00->11.00).
phyopt: round=1 part=mid seed=n177(id=177 center=177 R=4 crit=0.708 pot=0.6458)
phyopt: rejected (map area 183.81->183.81, delay 11.00->11.00).
phyopt: round=1 part=mid seed=n183(id=183 center=183 R=4 crit=0.708 pot=0.6458)
phyopt: rejected (map area 183.81->183.81, delay 11.00->11.00).
phyopt: round=1 part=mid seed=n197(id=197 center=197 R=4 crit=0.708 pot=0.6458)
phyopt: rejected (map area 183.81->189.66, delay 11.00->11.00).
phyopt: round=1 part=mid seed=n251(id=251 center=251 R=4 crit=0.708 pot=0.6458)
phyopt: rejected (map area 183.81->183.81, delay 11.00->11.00).
phyopt: round=1 part=mid seed=n289(id=289 center=289 R=4 crit=0.708 pot=0.6458)
phyopt: rejected (map area 183.81->205.62, delay 11.00->11.00).
phyopt: round=1 part=mid seed=n66(id=66 center=66 R=4 crit=0.333 pot=0.6398)
phyopt: rejected (map area 183.81->184.34, delay 11.00->11.00).
phyopt: round=1 part=mid seed=n71(id=71 center=71 R=4 crit=0.333 pot=0.6398)
phyopt: rejected (map area 183.81->184.34, delay 11.00->11.00).
phyopt: round=1 part=mid seed=n328(id=328 center=328 R=4 crit=0.333 pot=0.6398)
phyopt: accepted (map area 183.81->183.54, delay 11.00->11.00).
phyopt: round=1 part=mid seed=n253(id=253 center=253 R=4 crit=0.750 pot=0.6250)
phyopt: rejected (map area 183.54->183.54, delay 11.00->11.00).
phyopt: round=1 part=mid seed=n272(id=272 center=272 R=4 crit=0.750 pot=0.6250)
phyopt: rejected (map area 183.54->183.81, delay 11.00->11.00).
phyopt: round=1 part=mid seed=n301(id=301 center=301 R=4 crit=0.750 pot=0.6250)
phyopt: rejected (map area 183.54->183.54, delay 11.00->11.00).
phyopt: round=1 part=mid seed=n61(id=61 center=61 R=4 crit=0.333 pot=0.6183)
phyopt: rejected (map area 183.54->183.54, delay 11.00->11.00).
phyopt: round=1 part=mid seed=n70(id=70 center=70 R=4 crit=0.333 pot=0.6183)
phyopt: rejected (map area 183.54->183.54, delay 11.00->11.00).
phyopt: round=1 part=mid seed=n244(id=244 center=244 R=4 crit=0.375 pot=0.5974)
phyopt: rejected (map area 183.54->184.60, delay 11.00->11.00).
phyopt: finished round 1/1.
phyopt: partition summary (tried/accepted):
  high : 12 / 22
  low  : 0 / 0
  mid  : 4 / 23
phyopt: per-part seed coverage (topK means top-5 potential within processed seeds):
  high: seeds=30 tried=22(73.3%) accepted=12(54.5%) skipped(marked=0,low_slack=0) topK(tried=5/5 accepted=4 hit=80.0%)
  low: seeds=14 tried=0(0.0%) accepted=0(0.0%) skipped(marked=0,low_slack=0) topK(tried=0/5 accepted=0 hit=0.0%)
  mid: seeds=30 tried=23(76.7%) accepted=4(17.4%) skipped(marked=3,low_slack=0) topK(tried=5/5 accepted=2 hit=40.0%)
phyopt: rejection reason breakdown:
  - runtime_or_eval_fail : 26
  - policy_tradeoff_reject : 10
  - delay_worse : 5
  - area_worse : 14
  - area_and_delay_worse : 0
  - low_part_delay_budget : 0
phyopt: skipped marked=3 low_slack=<0.10=0
phyopt: done, accepted=16 rejected=55 final_nodes=297 final_levels=22.
Networks are equivalent.  Time =     0.01 sec
