======== ABC command line "source /tmp/ablation_c432_no_fanout_ease_285.scr"
Warning: Detected 2 multi-output cells (for example, "FA_X1").
mapper_extract: wrote 207 lines to "/mnt/d/My_abc_work/abc/my_work/ablation_results/c432/c432_no_fanout_ease.csv".
Loaded 207 physical records from /mnt/d/My_abc_work/abc/my_work/ablation_results/c432/c432_no_fanout_ease.csv
Potential rebuilt: alpha(low/mid/high)=0.200/0.500/0.800 avg_struct=0.7054 avg_slack=0.2156 avg_opt_mid=0.4605
Physical records : 207
Gate summary     : NAND=94 AND=80 INV=33 OTHER=0
Alpha (L/M/H)    : 0.200 / 0.500 / 0.800
StructW(i/p/f/g) : 0.500 / 0.375 / 0.000 / 0.125
phyopt: start rounds=1, criticality partitions high(>=0.800)->low(<=0.300)->mid, window=16.
phyopt: objective=map(area,delay), low-part delay budget=+10% from pre-opt.
phyopt: round=1 partition sizes high=135 low=28 mid=44.
phyopt: round=1 part=high seed=n171(id=171 center=171 R=5 crit=0.842 pot=0.2659)
phyopt: rejected (map area 132.73->121.83, delay 13.00->14.00).
phyopt: round=1 part=high seed=n173(id=173 center=173 R=5 crit=0.842 pot=0.2659)
phyopt: rejected (map area 132.73->139.12, delay 13.00->13.00).
phyopt: round=1 part=high seed=n176(id=176 center=176 R=5 crit=0.842 pot=0.2659)
phyopt: rejected (map area 132.73->126.62, delay 13.00->14.00).
phyopt: round=1 part=high seed=n44(id=44 center=44 R=5 crit=0.947 pot=0.2421)
phyopt: accepted (map area 132.73->118.37, delay 13.00->13.00).
phyopt: round=1 part=high seed=n46(id=46 center=46 R=5 crit=0.947 pot=0.2421)
phyopt: accepted (map area 118.37->117.84, delay 13.00->13.00).
phyopt: round=1 part=high seed=n49(id=49 center=49 R=5 crit=0.947 pot=0.2421)
phyopt: rejected (map area 117.84->121.56, delay 13.00->13.00).
phyopt: round=1 part=high seed=n51(id=51 center=51 R=5 crit=0.947 pot=0.2421)
phyopt: rejected (map area 117.84->120.50, delay 13.00->13.00).
phyopt: round=1 part=high seed=n55(id=55 center=55 R=5 crit=0.947 pot=0.2421)
phyopt: rejected (map area 117.84->110.12, delay 13.00->14.00).
phyopt: round=1 part=high seed=n57(id=57 center=57 R=5 crit=0.947 pot=0.2421)
phyopt: accepted (map area 117.84->112.25, delay 13.00->13.00).
phyopt: round=1 part=high seed=n60(id=60 center=60 R=5 crit=0.947 pot=0.2421)
phyopt: rejected (map area 112.25->108.00, delay 13.00->14.00).
The node "n237" with ID 237 is not in the current network.
phyopt: skip seed=n237 (cannot resolve center node in current AIG).
phyopt: round=1 part=high seed=n62(id=62 center=62 R=6 crit=1.000 pot=0.2000)
phyopt: rejected (map area 112.25->118.10, delay 13.00->13.00).
phyopt: round=1 part=high seed=n64(id=64 center=64 R=6 crit=1.000 pot=0.2000)
phyopt: accepted (map area 112.25->111.45, delay 13.00->13.00).
phyopt: round=1 part=high seed=n70(id=70 center=70 R=6 crit=1.000 pot=0.2000)
phyopt: accepted (map area 111.45->109.86, delay 13.00->13.00).
phyopt: round=1 part=high seed=n116(id=116 center=116 R=6 crit=1.000 pot=0.2000)
phyopt: rejected (map area 109.86->103.47, delay 13.00->14.00).
The node "n233" with ID 233 is not in the current network.
phyopt: skip seed=n233 (cannot resolve center node in current AIG).
The node "n239" with ID 239 is not in the current network.
phyopt: skip seed=n239 (cannot resolve center node in current AIG).
The node "n245" with ID 245 is not in the current network.
phyopt: skip seed=n245 (cannot resolve center node in current AIG).
phyopt: round=1 part=high seed=n48(id=48 center=48 R=5 crit=0.947 pot=0.1816)
phyopt: rejected (map area 109.86->110.12, delay 13.00->13.00).
phyopt: round=1 part=high seed=n50(id=50 center=50 R=5 crit=0.947 pot=0.1816)
phyopt: rejected (map area 109.86->111.99, delay 13.00->13.00).
phyopt: round=1 part=high seed=n52(id=52 center=52 R=5 crit=0.947 pot=0.1816)
phyopt: rejected (map area 109.86->113.05, delay 13.00->14.00).
phyopt: round=1 part=high seed=n53(id=53 center=53 R=5 crit=0.947 pot=0.1816)
phyopt: rejected (map area 109.86->106.67, delay 13.00->14.00).
phyopt: round=1 part=high seed=n54(id=54 center=54 R=5 crit=0.947 pot=0.1816)
phyopt: rejected (map area 109.86->113.05, delay 13.00->14.00).
phyopt: round=1 part=high seed=n56(id=56 center=56 R=5 crit=0.947 pot=0.1816)
phyopt: rejected (map area 109.86->106.93, delay 13.00->14.00).
phyopt: round=1 part=high seed=n59(id=59 center=59 R=5 crit=0.947 pot=0.1816)
phyopt: rejected (map area 109.86->114.91, delay 13.00->14.00).
phyopt: round=1 part=high seed=n61(id=61 center=61 R=5 crit=0.947 pot=0.1816)
phyopt: accepted (map area 109.86->108.53, delay 13.00->13.00).
phyopt: round=1 part=high seed=n72(id=72 center=72 R=5 crit=0.947 pot=0.1816)
phyopt: rejected (map area 108.53->110.66, delay 13.00->13.00).
phyopt: round=1 part=high seed=n76(id=76 center=76 R=5 crit=0.947 pot=0.1816)
phyopt: rejected (map area 108.53->108.53, delay 13.00->14.00).
phyopt: round=1 part=low seed=n119(id=119 center=119 R=3 crit=0.211 pot=0.9579)
phyopt: accepted (map area 108.53->108.26, delay 13.00->13.00).
phyopt: round=1 part=low seed=n124(id=124 center=124 R=3 crit=0.211 pot=0.9579)
phyopt: rejected (map area 108.26->108.53, delay 13.00->13.00).
phyopt: round=1 part=low seed=n130(id=130 center=130 R=3 crit=0.211 pot=0.9579)
phyopt: rejected (map area 108.26->108.26, delay 13.00->13.00).
phyopt: round=1 part=low seed=n135(id=135 center=135 R=3 crit=0.211 pot=0.9579)
phyopt: rejected (map area 108.26->108.26, delay 13.00->13.00).
phyopt: round=1 part=low seed=n142(id=142 center=142 R=3 crit=0.211 pot=0.9579)
phyopt: rejected (map area 108.26->115.44, delay 13.00->14.00).
phyopt: round=1 part=low seed=n147(id=147 center=147 R=3 crit=0.211 pot=0.9579)
phyopt: rejected (map area 108.26->108.79, delay 13.00->13.00).
phyopt: round=1 part=low seed=n153(id=153 center=153 R=3 crit=0.211 pot=0.9579)
phyopt: rejected (map area 108.26->109.33, delay 13.00->14.00).
phyopt: round=1 part=low seed=n158(id=158 center=158 R=3 crit=0.263 pot=0.9474)
phyopt: rejected (map area 108.26->108.26, delay 13.00->13.00).
phyopt: round=1 part=low seed=n163(id=163 center=163 R=3 crit=0.263 pot=0.9474)
phyopt: rejected (map area 108.26->110.66, delay 13.00->14.00).
phyopt: round=1 part=low seed=n174(id=174 center=174 R=3 crit=0.000 pot=0.7581)
phyopt: rejected (map area 108.26->110.66, delay 13.00->14.00).
phyopt: round=1 part=low seed=n175(id=175 center=175 R=3 crit=0.000 pot=0.7581)
phyopt: rejected (map area 108.26->113.58, delay 13.00->13.00).
phyopt: round=1 part=low seed=n180(id=180 center=180 R=3 crit=0.158 pot=0.7266)
phyopt: rejected (map area 108.26->113.32, delay 13.00->13.00).
phyopt: round=1 part=low seed=n186(id=186 center=186 R=3 crit=0.158 pot=0.7266)
phyopt: rejected (map area 108.26->114.11, delay 13.00->13.00).
phyopt: round=1 part=low seed=n193(id=193 center=193 R=3 crit=0.158 pot=0.7266)
Object with ID 193 is not a node or reg output.
Error: Extracting sequential window has failed.
Error: phyopt: local optimization failed at round 1 part 2. Rolling back.
phyopt: round=1 part=low seed=n199(id=199 center=199 R=3 crit=0.158 pot=0.7266)
Object with ID 199 is not a node or reg output.
Error: Extracting sequential window has failed.
Error: phyopt: local optimization failed at round 1 part 2. Rolling back.
The node "n207" with ID 207 is not in the current network.
phyopt: skip seed=n207 (cannot resolve center node in current AIG).
The node "n213" with ID 213 is not in the current network.
phyopt: skip seed=n213 (cannot resolve center node in current AIG).
The node "n220" with ID 220 is not in the current network.
phyopt: skip seed=n220 (cannot resolve center node in current AIG).
The node "n226" with ID 226 is not in the current network.
phyopt: skip seed=n226 (cannot resolve center node in current AIG).
phyopt: round=1 part=low seed=n125(id=125 center=125 R=3 crit=0.211 pot=0.7160)
phyopt: rejected (map area 108.26->108.53, delay 13.00->13.00).
phyopt: round=1 part=low seed=n131(id=131 center=131 R=3 crit=0.211 pot=0.7160)
phyopt: rejected (map area 108.26->108.26, delay 13.00->13.00).
phyopt: round=1 part=low seed=n136(id=136 center=136 R=3 crit=0.211 pot=0.7160)
phyopt: accepted (map area 108.26->106.67, delay 13.00->13.00).
phyopt: round=1 part=low seed=n143(id=143 center=143 R=3 crit=0.211 pot=0.7160)
phyopt: rejected (map area 106.67->110.39, delay 13.00->14.00).
phyopt: round=1 part=low seed=n148(id=148 center=148 R=3 crit=0.211 pot=0.7160)
phyopt: rejected (map area 106.67->109.86, delay 13.00->14.00).
phyopt: round=1 part=low seed=n154(id=154 center=154 R=3 crit=0.211 pot=0.7160)
phyopt: rejected (map area 106.67->106.67, delay 13.00->13.00).
phyopt: round=1 part=low seed=n159(id=159 center=159 R=3 crit=0.263 pot=0.7055)
phyopt: accepted (map area 106.67->105.87, delay 13.00->13.00).
phyopt: round=1 part=low seed=n164(id=164 center=164 R=3 crit=0.263 pot=0.7055)
phyopt: rejected (map area 105.87->105.87, delay 13.00->13.00).
phyopt: round=1 part=mid seed=n73(id=73 center=73 R=4 crit=0.579 pot=0.7105)
phyopt: rejected (map area 105.87->106.40, delay 13.00->13.00).
phyopt: round=1 part=mid seed=n77(id=77 center=77 R=4 crit=0.579 pot=0.7105)
phyopt: rejected (map area 105.87->106.13, delay 13.00->13.00).
phyopt: round=1 part=mid seed=n82(id=82 center=82 R=4 crit=0.579 pot=0.7105)
phyopt: rejected (map area 105.87->108.26, delay 13.00->13.00).
phyopt: round=1 part=mid seed=n86(id=86 center=86 R=4 crit=0.579 pot=0.7105)
phyopt: rejected (map area 105.87->109.06, delay 13.00->13.00).
phyopt: round=1 part=mid seed=n92(id=92 center=92 R=4 crit=0.579 pot=0.7105)
phyopt: accepted (map area 105.87->105.07, delay 13.00->13.00).
phyopt: round=1 part=mid seed=n96(id=96 center=96 R=4 crit=0.579 pot=0.7105)
phyopt: rejected (map area 105.07->106.93, delay 13.00->13.00).
phyopt: round=1 part=mid seed=n101(id=101 center=101 R=4 crit=0.579 pot=0.7105)
phyopt: rejected (map area 105.07->104.01, delay 13.00->14.00).
phyopt: round=1 part=mid seed=n105(id=105 center=105 R=4 crit=0.632 pot=0.6842)
phyopt: rejected (map area 105.07->105.87, delay 13.00->13.00).
phyopt: round=1 part=mid seed=n109(id=109 center=109 R=4 crit=0.632 pot=0.6842)
phyopt: rejected (map area 105.07->105.60, delay 13.00->13.00).
phyopt: round=1 part=mid seed=n172(id=172 center=172 R=4 crit=0.421 pot=0.6383)
phyopt: rejected (map area 105.07->110.66, delay 13.00->13.00).
phyopt: round=1 part=mid seed=n74(id=74 center=74 R=4 crit=0.579 pot=0.5594)
phyopt: rejected (map area 105.07->105.07, delay 13.00->13.00).
phyopt: round=1 part=mid seed=n78(id=78 center=78 R=4 crit=0.579 pot=0.5594)
phyopt: rejected (map area 105.07->105.87, delay 13.00->13.00).
phyopt: round=1 part=mid seed=n83(id=83 center=83 R=4 crit=0.579 pot=0.5594)
phyopt: rejected (map area 105.07->105.87, delay 13.00->13.00).
phyopt: round=1 part=mid seed=n87(id=87 center=87 R=4 crit=0.579 pot=0.5594)
phyopt: rejected (map area 105.07->109.59, delay 13.00->13.00).
phyopt: round=1 part=mid seed=n97(id=97 center=97 R=4 crit=0.579 pot=0.5594)
phyopt: rejected (map area 105.07->108.79, delay 13.00->13.00).
phyopt: round=1 part=mid seed=n102(id=102 center=102 R=4 crit=0.579 pot=0.5594)
phyopt: rejected (map area 105.07->107.46, delay 13.00->13.00).
phyopt: round=1 part=mid seed=n121(id=121 center=121 R=4 crit=0.579 pot=0.5594)
phyopt: rejected (map area 105.07->109.33, delay 13.00->14.00).
phyopt: round=1 part=mid seed=n126(id=126 center=126 R=4 crit=0.579 pot=0.5594)
phyopt: rejected (map area 105.07->104.80, delay 13.00->14.00).
phyopt: round=1 part=mid seed=n132(id=132 center=132 R=4 crit=0.579 pot=0.5594)
phyopt: accepted (map area 105.07->103.47, delay 13.00->13.00).
phyopt: round=1 part=mid seed=n144(id=144 center=144 R=4 crit=0.579 pot=0.5594)
phyopt: rejected (map area 103.47->109.86, delay 13.00->14.00).
phyopt: round=1 part=mid seed=n149(id=149 center=149 R=4 crit=0.579 pot=0.5594)
phyopt: rejected (map area 103.47->102.41, delay 13.00->14.00).
phyopt: round=1 part=mid seed=n155(id=155 center=155 R=4 crit=0.579 pot=0.5594)
phyopt: rejected (map area 103.47->104.27, delay 13.00->13.00).
phyopt: round=1 part=mid seed=n179(id=179 center=179 R=4 crit=0.579 pot=0.5594)
phyopt: rejected (map area 103.47->110.39, delay 13.00->13.00).
phyopt: round=1 part=mid seed=n181(id=181 center=181 R=4 crit=0.579 pot=0.5594)
phyopt: rejected (map area 103.47->104.01, delay 13.00->13.00).
phyopt: round=1 part=mid seed=n185(id=185 center=185 R=4 crit=0.579 pot=0.5594)
phyopt: rejected (map area 103.47->104.27, delay 13.00->13.00).
phyopt: round=1 part=mid seed=n187(id=187 center=187 R=4 crit=0.579 pot=0.5594)
phyopt: rejected (map area 103.47->107.73, delay 13.00->13.00).
phyopt: round=1 part=mid seed=n192(id=192 center=192 R=4 crit=0.579 pot=0.5594)
Object with ID 192 is not a node or reg output.
Error: Extracting sequential window has failed.
Error: phyopt: local optimization failed at round 1 part 3. Rolling back.
phyopt: round=1 part=mid seed=n194(id=194 center=194 R=4 crit=0.579 pot=0.5594)
Object with ID 194 is not a node or reg output.
Error: Extracting sequential window has failed.
Error: phyopt: local optimization failed at round 1 part 3. Rolling back.
phyopt: finished round 1/1.
phyopt: partition summary (tried/accepted):
  high : 6 / 24
  low  : 3 / 23
  mid  : 2 / 28
phyopt: per-part seed coverage (topK means top-5 potential within processed seeds):
  high: seeds=30 tried=24(80.0%) accepted=6(25.0%) skipped(marked=2,low_slack=0) topK(tried=5/5 accepted=2 hit=40.0%)
  low: seeds=28 tried=23(82.1%) accepted=3(13.0%) skipped(marked=1,low_slack=0) topK(tried=5/5 accepted=1 hit=20.0%)
  mid: seeds=30 tried=28(93.3%) accepted=2(7.1%) skipped(marked=2,low_slack=0) topK(tried=5/5 accepted=1 hit=20.0%)
phyopt: rejection reason breakdown:
  - runtime_or_eval_fail : 12
  - policy_tradeoff_reject : 7
  - delay_worse : 11
  - area_worse : 31
  - area_and_delay_worse : 11
  - low_part_delay_budget : 0
phyopt: skipped marked=5 low_slack=<0.10=0
phyopt: done, accepted=11 rejected=72 final_nodes=152 final_levels=28.
Networks are equivalent.  Time =     0.02 sec
