======== ABC command line "source /tmp/alpha_ex202_alpha_struct_plus1_61931.scr"
Warning: Detected 2 multi-output cells (for example, "FA_X1").
mapper_extract: wrote 18394 lines to "/mnt/d/My_abc_work/abc/my_work/alpha_ablation_11cxx/results/run_20260403_alpha20/ex202/ex202_alpha_struct_plus1.csv".
Loaded 18394 physical records from /mnt/d/My_abc_work/abc/my_work/alpha_ablation_11cxx/results/run_20260403_alpha20/ex202/ex202_alpha_struct_plus1.csv
Potential rebuilt: alpha(low/mid/high)=0.150/0.450/0.750 avg_struct=0.7463 avg_slack=0.2444 avg_opt_mid=0.5204
Physical records : 18394
Gate summary     : NAND=11614 AND=6059 INV=720 OTHER=1
Alpha (L/M/H)    : 0.150 / 0.450 / 0.750
StructW(i/p/f/g) : 0.500 / 0.400 / 0.050 / 0.050
phyopt: start rounds=1, criticality partitions high(>=0.900)->low(<=0.250)->mid, window=16.
phyopt: objective=map(area,delay), low-part delay budget=+10% from pre-opt.
phyopt: round=1 partition sizes high=4519 low=48 mid=13827.
phyopt: round=1 part=high seed=n3067(id=3067 center=3067 R=5 crit=0.903 pot=0.3226)
phyopt: accepted (map area 9669.63->9666.97, delay 17.00->17.00).
phyopt: round=1 part=high seed=n5503(id=5503 center=5503 R=5 crit=0.903 pot=0.3226)
phyopt: rejected (map area 9666.97->9673.62, delay 17.00->17.00).
phyopt: round=1 part=high seed=n7904(id=7904 center=7904 R=5 crit=0.903 pot=0.3226)
phyopt: accepted (map area 9666.97->9666.71, delay 17.00->17.00).
phyopt: round=1 part=high seed=n8018(id=8018 center=8018 R=5 crit=0.903 pot=0.3226)
phyopt: rejected (map area 9666.71->9672.29, delay 17.00->17.00).
phyopt: round=1 part=high seed=n9356(id=9356 center=9356 R=5 crit=0.903 pot=0.3226)
phyopt: accepted (map area 9666.71->9665.91, delay 17.00->17.00).
phyopt: round=1 part=high seed=n10240(id=10240 center=10240 R=5 crit=0.903 pot=0.3226)
phyopt: accepted (map area 9665.91->9656.07, delay 17.00->17.00).
phyopt: round=1 part=high seed=n10419(id=10419 center=10419 R=5 crit=0.903 pot=0.3226)
phyopt: accepted (map area 9656.07->9654.20, delay 17.00->17.00).
phyopt: round=1 part=high seed=n16547(id=16547 center=16547 R=5 crit=0.903 pot=0.3226)
phyopt: accepted (map area 9654.20->9653.67, delay 17.00->17.00).
phyopt: round=1 part=high seed=n17389(id=17389 center=17389 R=5 crit=0.903 pot=0.3226)
phyopt: accepted (map area 9653.67->9653.67, delay 17.00->17.00).
The node "n17715" with ID 17715 is not in the current network.
phyopt: skip seed=n17715 (cannot resolve center node in current AIG).
The node "n17809" with ID 17809 is not in the current network.
phyopt: skip seed=n17809 (cannot resolve center node in current AIG).
phyopt: round=1 part=high seed=n7835(id=7835 center=7835 R=5 crit=0.935 pot=0.2984)
phyopt: accepted (map area 9653.67->9653.67, delay 17.00->17.00).
phyopt: round=1 part=high seed=n7854(id=7854 center=7854 R=5 crit=0.935 pot=0.2984)
phyopt: accepted (map area 9653.67->9651.81, delay 17.00->17.00).
phyopt: round=1 part=high seed=n9856(id=9856 center=9856 R=5 crit=0.935 pot=0.2984)
phyopt: accepted (map area 9651.81->9651.54, delay 17.00->17.00).
phyopt: round=1 part=high seed=n11486(id=11486 center=11486 R=5 crit=0.935 pot=0.2984)
phyopt: accepted (map area 9651.54->9649.15, delay 17.00->17.00).
phyopt: round=1 part=high seed=n16521(id=16521 center=16521 R=5 crit=0.935 pot=0.2984)
phyopt: rejected (map area 9649.15->9649.42, delay 17.00->17.00).
phyopt: round=1 part=high seed=n16670(id=16670 center=16670 R=5 crit=0.935 pot=0.2984)
phyopt: accepted (map area 9649.15->9645.16, delay 17.00->17.00).
phyopt: round=1 part=high seed=n16698(id=16698 center=16698 R=5 crit=0.935 pot=0.2984)
phyopt: rejected (map area 9645.16->9646.22, delay 17.00->17.00).
The node "n17813" with ID 17813 is not in the current network.
phyopt: skip seed=n17813 (cannot resolve center node in current AIG).
The node "n18260" with ID 18260 is not in the current network.
phyopt: skip seed=n18260 (cannot resolve center node in current AIG).
phyopt: round=1 part=high seed=n2531(id=2531 center=2531 R=5 crit=0.968 pot=0.2742)
phyopt: accepted (map area 9645.16->9643.83, delay 17.00->17.00).
phyopt: round=1 part=high seed=n2564(id=2564 center=2564 R=5 crit=0.968 pot=0.2742)
phyopt: accepted (map area 9643.83->9642.77, delay 17.00->17.00).
phyopt: round=1 part=high seed=n5479(id=5479 center=5479 R=5 crit=0.968 pot=0.2742)
phyopt: accepted (map area 9642.77->9641.44, delay 17.00->17.00).
phyopt: round=1 part=high seed=n1149(id=1149 center=1149 R=5 crit=0.903 pot=0.2693)
phyopt: accepted (map area 9641.44->9638.24, delay 17.00->17.00).
phyopt: round=1 part=high seed=n1152(id=1152 center=1152 R=5 crit=0.903 pot=0.2693)
phyopt: rejected (map area 9638.24->9639.04, delay 17.00->17.00).
phyopt: round=1 part=high seed=n2521(id=2521 center=2521 R=5 crit=0.903 pot=0.2693)
phyopt: accepted (map area 9638.24->9627.07, delay 17.00->17.00).
phyopt: round=1 part=high seed=n2523(id=2523 center=2523 R=5 crit=0.903 pot=0.2693)
phyopt: accepted (map area 9627.07->9625.74, delay 17.00->17.00).
phyopt: round=1 part=high seed=n2525(id=2525 center=2525 R=5 crit=0.903 pot=0.2693)
phyopt: accepted (map area 9625.74->9625.74, delay 17.00->17.00).
phyopt: round=1 part=high seed=n2529(id=2529 center=2529 R=5 crit=0.903 pot=0.2693)
phyopt: accepted (map area 9625.74->9625.48, delay 17.00->17.00).
phyopt: round=1 part=high seed=n2546(id=2546 center=2546 R=5 crit=0.903 pot=0.2693)
phyopt: accepted (map area 9625.48->9625.21, delay 17.00->17.00).
phyopt: round=1 part=high seed=n2548(id=2548 center=2548 R=5 crit=0.903 pot=0.2693)
phyopt: rejected (map area 9625.21->9625.74, delay 17.00->17.00).
phyopt: round=1 part=high seed=n2552(id=2552 center=2552 R=5 crit=0.903 pot=0.2693)
phyopt: accepted (map area 9625.21->9624.41, delay 17.00->17.00).
phyopt: round=1 part=high seed=n2554(id=2554 center=2554 R=5 crit=0.903 pot=0.2693)
phyopt: accepted (map area 9624.41->9624.41, delay 17.00->17.00).
phyopt: round=1 part=low seed=n1436(id=1436 center=1436 R=3 crit=0.032 pot=0.9952)
phyopt: rejected (map area 9624.41->9624.68, delay 17.00->17.00).
phyopt: round=1 part=low seed=n361(id=361 center=361 R=3 crit=0.194 pot=0.9710)
phyopt: rejected (map area 9624.41->9624.41, delay 17.00->17.00).
phyopt: round=1 part=low seed=n5910(id=5910 center=5910 R=3 crit=0.194 pot=0.9710)
phyopt: rejected (map area 9624.41->9624.41, delay 17.00->17.00).
phyopt: round=1 part=low seed=n1434(id=1434 center=1434 R=3 crit=0.000 pot=0.8188)
phyopt: rejected (map area 9624.41->9624.41, delay 17.00->17.00).
phyopt: round=1 part=low seed=n36(id=36 center=36 R=3 crit=0.032 pot=0.8140)
phyopt: rejected (map area 9624.41->9624.41, delay 17.00->17.00).
phyopt: round=1 part=low seed=n41(id=41 center=41 R=3 crit=0.032 pot=0.8140)
phyopt: rejected (map area 9624.41->9624.41, delay 17.00->17.00).
phyopt: round=1 part=low seed=n42(id=42 center=42 R=3 crit=0.032 pot=0.8140)
phyopt: rejected (map area 9624.41->9624.41, delay 17.00->17.00).
phyopt: round=1 part=low seed=n1437(id=1437 center=1437 R=3 crit=0.032 pot=0.8140)
phyopt: rejected (map area 9624.41->9625.21, delay 17.00->17.00).
phyopt: round=1 part=low seed=n1438(id=1438 center=1438 R=3 crit=0.032 pot=0.8140)
phyopt: rejected (map area 9624.41->9624.94, delay 17.00->17.00).
phyopt: round=1 part=low seed=n6663(id=6663 center=6663 R=3 crit=0.032 pot=0.8140)
phyopt: rejected (map area 9624.41->9624.41, delay 17.00->17.00).
phyopt: round=1 part=low seed=n11734(id=11734 center=11734 R=3 crit=0.032 pot=0.8140)
phyopt: rejected (map area 9624.41->9624.41, delay 17.00->17.00).
phyopt: round=1 part=low seed=n6665(id=6665 center=6665 R=3 crit=0.065 pot=0.8092)
phyopt: accepted (map area 9624.41->9624.15, delay 17.00->17.00).
phyopt: round=1 part=low seed=n11735(id=11735 center=11735 R=3 crit=0.065 pot=0.8092)
phyopt: rejected (map area 9624.15->9624.15, delay 17.00->17.00).
phyopt: round=1 part=low seed=n11736(id=11736 center=11736 R=3 crit=0.065 pot=0.8092)
phyopt: rejected (map area 9624.15->9624.15, delay 17.00->17.00).
phyopt: round=1 part=low seed=n373(id=373 center=373 R=3 crit=0.097 pot=0.8043)
phyopt: rejected (map area 9624.15->9624.41, delay 17.00->17.00).
phyopt: round=1 part=low seed=n11738(id=11738 center=11738 R=3 crit=0.129 pot=0.7995)
phyopt: rejected (map area 9624.15->9625.21, delay 17.00->17.00).
phyopt: round=1 part=low seed=n15541(id=15541 center=15541 R=3 crit=0.129 pot=0.7995)
phyopt: rejected (map area 9624.15->9624.15, delay 17.00->17.00).
phyopt: round=1 part=low seed=n15542(id=15542 center=15542 R=3 crit=0.129 pot=0.7995)
phyopt: rejected (map area 9624.15->9624.15, delay 17.00->17.00).
phyopt: round=1 part=low seed=n15543(id=15543 center=15543 R=3 crit=0.129 pot=0.7995)
phyopt: rejected (map area 9624.15->9625.21, delay 17.00->17.00).
phyopt: round=1 part=low seed=n1548(id=1548 center=1548 R=3 crit=0.161 pot=0.7946)
phyopt: rejected (map area 9624.15->9624.15, delay 17.00->17.00).
phyopt: round=1 part=low seed=n1552(id=1552 center=1552 R=3 crit=0.161 pot=0.7946)
phyopt: rejected (map area 9624.15->9624.15, delay 17.00->17.00).
phyopt: round=1 part=low seed=n2165(id=2165 center=2165 R=3 crit=0.161 pot=0.7946)
phyopt: rejected (map area 9624.15->9624.15, delay 17.00->17.00).
phyopt: round=1 part=low seed=n2166(id=2166 center=2166 R=3 crit=0.161 pot=0.7946)
phyopt: rejected (map area 9624.15->9624.15, delay 17.00->17.00).
phyopt: round=1 part=low seed=n5748(id=5748 center=5748 R=3 crit=0.161 pot=0.7946)
phyopt: rejected (map area 9624.15->9624.15, delay 17.00->17.00).
phyopt: round=1 part=low seed=n5750(id=5750 center=5750 R=3 crit=0.161 pot=0.7946)
phyopt: accepted (map area 9624.15->9623.08, delay 17.00->17.00).
phyopt: round=1 part=low seed=n16231(id=16231 center=16231 R=3 crit=0.161 pot=0.7946)
phyopt: accepted (map area 9623.08->9622.82, delay 17.00->17.00).
phyopt: round=1 part=low seed=n16232(id=16232 center=16232 R=3 crit=0.161 pot=0.7946)
phyopt: rejected (map area 9622.82->9624.15, delay 17.00->17.00).
phyopt: round=1 part=low seed=n5906(id=5906 center=5906 R=3 crit=0.194 pot=0.7898)
phyopt: rejected (map area 9622.82->9622.82, delay 17.00->17.00).
phyopt: round=1 part=low seed=n5911(id=5911 center=5911 R=3 crit=0.194 pot=0.7898)
phyopt: accepted (map area 9622.82->9621.75, delay 17.00->17.00).
phyopt: round=1 part=low seed=n11757(id=11757 center=11757 R=3 crit=0.194 pot=0.7898)
phyopt: rejected (map area 9621.75->9621.75, delay 17.00->17.00).
phyopt: round=1 part=low seed=n15573(id=15573 center=15573 R=3 crit=0.194 pot=0.7898)
phyopt: rejected (map area 9621.75->9621.75, delay 17.00->17.00).
phyopt: round=1 part=low seed=n16381(id=16381 center=16381 R=3 crit=0.194 pot=0.7898)
phyopt: rejected (map area 9621.75->9622.02, delay 17.00->17.00).
phyopt: round=1 part=low seed=n16384(id=16384 center=16384 R=3 crit=0.194 pot=0.7898)
phyopt: accepted (map area 9621.75->9621.49, delay 17.00->17.00).
phyopt: round=1 part=low seed=n364(id=364 center=364 R=3 crit=0.226 pot=0.7850)
phyopt: rejected (map area 9621.49->9621.49, delay 17.00->17.00).
phyopt: round=1 part=low seed=n368(id=368 center=368 R=3 crit=0.226 pot=0.7850)
phyopt: rejected (map area 9621.49->9621.49, delay 17.00->17.00).
phyopt: round=1 part=low seed=n4825(id=4825 center=4825 R=3 crit=0.226 pot=0.7850)
phyopt: accepted (map area 9621.49->9620.95, delay 17.00->17.00).
phyopt: round=1 part=low seed=n5762(id=5762 center=5762 R=3 crit=0.226 pot=0.7850)
phyopt: rejected (map area 9620.95->9620.95, delay 17.00->17.00).
phyopt: round=1 part=mid seed=n5758(id=5758 center=5758 R=4 crit=0.290 pot=0.8694)
phyopt: accepted (map area 9620.95->9620.42, delay 17.00->17.00).
phyopt: round=1 part=mid seed=n304(id=304 center=304 R=4 crit=0.323 pot=0.8548)
phyopt: rejected (map area 9620.42->9620.42, delay 17.00->17.00).
phyopt: round=1 part=mid seed=n14283(id=14283 center=14283 R=4 crit=0.323 pot=0.8548)
phyopt: accepted (map area 9620.42->9599.41, delay 17.00->17.00).
phyopt: round=1 part=mid seed=n15552(id=15552 center=15552 R=4 crit=0.323 pot=0.8548)
phyopt: accepted (map area 9599.41->9598.88, delay 17.00->17.00).
phyopt: round=1 part=mid seed=n1743(id=1743 center=1743 R=4 crit=0.355 pot=0.8403)
phyopt: rejected (map area 9598.88->9598.88, delay 17.00->17.00).
phyopt: round=1 part=mid seed=n2235(id=2235 center=2235 R=4 crit=0.355 pot=0.8403)
phyopt: rejected (map area 9598.88->9598.88, delay 17.00->17.00).
phyopt: round=1 part=mid seed=n4832(id=4832 center=4832 R=4 crit=0.355 pot=0.8403)
phyopt: rejected (map area 9598.88->9598.88, delay 17.00->17.00).
phyopt: round=1 part=mid seed=n13156(id=13156 center=13156 R=4 crit=0.355 pot=0.8403)
phyopt: rejected (map area 9598.88->9598.88, delay 17.00->17.00).
phyopt: round=1 part=mid seed=n129(id=129 center=129 R=4 crit=0.387 pot=0.8258)
phyopt: rejected (map area 9598.88->9602.07, delay 17.00->17.00).
phyopt: round=1 part=mid seed=n1550(id=1550 center=1550 R=4 crit=0.387 pot=0.8258)
phyopt: accepted (map area 9598.88->9598.34, delay 17.00->17.00).
phyopt: round=1 part=mid seed=n2148(id=2148 center=2148 R=4 crit=0.387 pot=0.8258)
phyopt: rejected (map area 9598.34->9598.34, delay 17.00->17.00).
phyopt: round=1 part=mid seed=n2261(id=2261 center=2261 R=4 crit=0.387 pot=0.8258)
phyopt: accepted (map area 9598.34->9597.55, delay 17.00->17.00).
phyopt: round=1 part=mid seed=n4828(id=4828 center=4828 R=4 crit=0.387 pot=0.8258)
phyopt: rejected (map area 9597.55->9597.55, delay 17.00->17.00).
phyopt: round=1 part=mid seed=n6739(id=6739 center=6739 R=4 crit=0.387 pot=0.8258)
phyopt: accepted (map area 9597.55->9595.95, delay 17.00->17.00).
phyopt: round=1 part=mid seed=n7402(id=7402 center=7402 R=4 crit=0.387 pot=0.8258)
phyopt: accepted (map area 9595.95->9589.03, delay 17.00->17.00).
phyopt: round=1 part=mid seed=n1688(id=1688 center=1688 R=4 crit=0.419 pot=0.8113)
phyopt: rejected (map area 9589.03->9589.03, delay 17.00->17.00).
phyopt: round=1 part=mid seed=n3596(id=3596 center=3596 R=4 crit=0.419 pot=0.8113)
phyopt: accepted (map area 9589.03->9588.77, delay 17.00->17.00).
phyopt: round=1 part=mid seed=n1601(id=1601 center=1601 R=4 crit=0.452 pot=0.7968)
phyopt: accepted (map area 9588.77->9588.50, delay 17.00->17.00).
phyopt: round=1 part=mid seed=n6332(id=6332 center=6332 R=4 crit=0.452 pot=0.7968)
phyopt: rejected (map area 9588.50->9588.50, delay 17.00->17.00).
phyopt: round=1 part=mid seed=n12109(id=12109 center=12109 R=4 crit=0.452 pot=0.7968)
phyopt: rejected (map area 9588.50->9588.77, delay 17.00->17.00).
phyopt: round=1 part=mid seed=n15426(id=15426 center=15426 R=4 crit=0.452 pot=0.7968)
phyopt: accepted (map area 9588.50->9587.70, delay 17.00->17.00).
phyopt: round=1 part=mid seed=n16453(id=16453 center=16453 R=4 crit=0.452 pot=0.7968)
phyopt: rejected (map area 9587.70->9587.70, delay 17.00->17.00).
phyopt: round=1 part=mid seed=n16867(id=16867 center=16867 R=4 crit=0.452 pot=0.7968)
phyopt: rejected (map area 9587.70->9587.70, delay 17.00->17.00).
phyopt: round=1 part=mid seed=n800(id=800 center=800 R=4 crit=0.484 pot=0.7823)
phyopt: rejected (map area 9587.70->9587.70, delay 17.00->17.00).
phyopt: round=1 part=mid seed=n3558(id=3558 center=3558 R=4 crit=0.484 pot=0.7823)
phyopt: rejected (map area 9587.70->9587.70, delay 17.00->17.00).
phyopt: round=1 part=mid seed=n5987(id=5987 center=5987 R=4 crit=0.484 pot=0.7823)
phyopt: rejected (map area 9587.70->9587.70, delay 17.00->17.00).
phyopt: round=1 part=mid seed=n6145(id=6145 center=6145 R=4 crit=0.484 pot=0.7823)
phyopt: rejected (map area 9587.70->9587.97, delay 17.00->17.00).
phyopt: round=1 part=mid seed=n9176(id=9176 center=9176 R=4 crit=0.484 pot=0.7823)
phyopt: accepted (map area 9587.70->9586.91, delay 17.00->17.00).
phyopt: round=1 part=mid seed=n10110(id=10110 center=10110 R=4 crit=0.484 pot=0.7823)
phyopt: rejected (map area 9586.91->9587.17, delay 17.00->17.00).
phyopt: round=1 part=mid seed=n10297(id=10297 center=10297 R=4 crit=0.484 pot=0.7823)
phyopt: rejected (map area 9586.91->9587.70, delay 17.00->17.00).
phyopt: round=1 part=mid seed=n12375(id=12375 center=12375 R=4 crit=0.484 pot=0.7823)
phyopt: accepted (map area 9586.91->9581.59, delay 17.00->17.00).
phyopt: round=1 part=mid seed=n13292(id=13292 center=13292 R=4 crit=0.484 pot=0.7823)
phyopt: rejected (map area 9581.59->9581.59, delay 17.00->17.00).
phyopt: round=1 part=mid seed=n15466(id=15466 center=15466 R=4 crit=0.484 pot=0.7823)
phyopt: accepted (map area 9581.59->9581.32, delay 17.00->17.00).
phyopt: round=1 part=mid seed=n74(id=74 center=74 R=4 crit=0.516 pot=0.7677)
phyopt: rejected (map area 9581.32->9585.58, delay 17.00->17.00).
phyopt: round=1 part=mid seed=n2045(id=2045 center=2045 R=4 crit=0.516 pot=0.7677)
phyopt: rejected (map area 9581.32->9581.32, delay 17.00->17.00).
phyopt: round=1 part=mid seed=n3649(id=3649 center=3649 R=4 crit=0.516 pot=0.7677)
phyopt: accepted (map area 9581.32->9579.19, delay 17.00->17.00).
phyopt: round=1 part=mid seed=n6540(id=6540 center=6540 R=4 crit=0.516 pot=0.7677)
phyopt: rejected (map area 9579.19->9579.99, delay 17.00->17.00).
phyopt: round=1 part=mid seed=n14282(id=14282 center=14282 R=4 crit=0.516 pot=0.7677)
phyopt: rejected (map area 9579.19->9579.19, delay 17.00->17.00).
phyopt: round=1 part=mid seed=n15845(id=15845 center=15845 R=4 crit=0.516 pot=0.7677)
phyopt: rejected (map area 9579.19->9579.19, delay 17.00->17.00).
phyopt: round=1 part=mid seed=n16446(id=16446 center=16446 R=4 crit=0.516 pot=0.7677)
phyopt: rejected (map area 9579.19->9579.19, delay 17.00->17.00).
phyopt: finished round 1/1.
phyopt: partition summary (tried/accepted):
  high : 23 / 29
  low  : 6 / 37
  mid  : 14 / 40
phyopt: per-part seed coverage (topK means top-5 potential within processed seeds):
  high: seeds=40 tried=29(72.5%) accepted=23(79.3%) skipped(marked=7,low_slack=0) topK(tried=5/5 accepted=3 hit=60.0%)
  low: seeds=40 tried=37(92.5%) accepted=6(16.2%) skipped(marked=3,low_slack=0) topK(tried=5/5 accepted=0 hit=0.0%)
  mid: seeds=40 tried=40(100.0%) accepted=14(35.0%) skipped(marked=0,low_slack=0) topK(tried=5/5 accepted=3 hit=60.0%)
phyopt: rejection reason breakdown:
  - runtime_or_eval_fail : 4
  - policy_tradeoff_reject : 42
  - delay_worse : 0
  - area_worse : 21
  - area_and_delay_worse : 0
  - low_part_delay_budget : 0
phyopt: skipped marked=10 low_slack=<0.10=0
phyopt: done, accepted=43 rejected=67 final_nodes=17453 final_levels=36.
Networks are equivalent.  Time =     1.04 sec
