======== ABC command line "source /tmp/stageW_c7552_w_pair_up_15828.scr"
Warning: Detected 2 multi-output cells (for example, "FA_X1").
mapper_extract: wrote 2019 lines to "/mnt/d/My_abc_work/abc/my_work/ablation_results_stageW/c7552/c7552_w_pair_up.csv".
Loaded 2019 physical records from /mnt/d/My_abc_work/abc/my_work/ablation_results_stageW/c7552/c7552_w_pair_up.csv
Potential rebuilt: alpha(low/mid/high)=0.200/0.500/0.800 avg_struct=0.7271 avg_slack=0.1557 avg_opt_mid=0.4414
Physical records : 2019
Gate summary     : NAND=1279 AND=188 INV=552 OTHER=0
Alpha (L/M/H)    : 0.200 / 0.500 / 0.800
StructW(i/p/f/g) : 0.200 / 0.600 / 0.100 / 0.100
phyopt: start rounds=1, criticality partitions high(>=0.900)->low(<=0.250)->mid, window=16.
phyopt: objective=map(area,delay), low-part delay budget=+10% from pre-opt.
phyopt: round=1 partition sizes high=1061 low=20 mid=938.
phyopt: round=1 part=high seed=n344(id=344 center=344 R=5 crit=0.909 pot=0.2727)
phyopt: rejected (map area 1060.81->1046.18, delay 13.00->14.00).
phyopt: round=1 part=high seed=n368(id=368 center=368 R=5 crit=0.909 pot=0.2727)
phyopt: rejected (map area 1060.81->1046.44, delay 13.00->14.00).
phyopt: round=1 part=high seed=n405(id=405 center=405 R=5 crit=0.909 pot=0.2727)
phyopt: accepted (map area 1060.81->1060.81, delay 13.00->13.00).
phyopt: round=1 part=high seed=n407(id=407 center=407 R=5 crit=0.909 pot=0.2727)
phyopt: accepted (map area 1060.81->1060.81, delay 13.00->13.00).
phyopt: round=1 part=high seed=n419(id=419 center=419 R=5 crit=0.909 pot=0.2727)
phyopt: rejected (map area 1060.81->1061.34, delay 13.00->13.00).
phyopt: round=1 part=high seed=n429(id=429 center=429 R=5 crit=0.909 pot=0.2727)
phyopt: rejected (map area 1060.81->1061.34, delay 13.00->13.00).
phyopt: round=1 part=high seed=n437(id=437 center=437 R=5 crit=0.909 pot=0.2727)
phyopt: rejected (map area 1060.81->1061.87, delay 13.00->13.00).
phyopt: round=1 part=high seed=n465(id=465 center=465 R=5 crit=0.909 pot=0.2727)
phyopt: rejected (map area 1060.81->1053.63, delay 13.00->14.00).
phyopt: round=1 part=high seed=n481(id=481 center=481 R=5 crit=0.909 pot=0.2727)
phyopt: accepted (map area 1060.81->1060.81, delay 13.00->13.00).
phyopt: round=1 part=high seed=n489(id=489 center=489 R=5 crit=0.909 pot=0.2727)
phyopt: accepted (map area 1060.81->1060.81, delay 13.00->13.00).
phyopt: round=1 part=high seed=n529(id=529 center=529 R=5 crit=0.909 pot=0.2727)
phyopt: accepted (map area 1060.81->1053.89, delay 13.00->13.00).
phyopt: round=1 part=high seed=n538(id=538 center=538 R=5 crit=0.909 pot=0.2727)
phyopt: accepted (map area 1053.89->1050.17, delay 13.00->13.00).
phyopt: round=1 part=high seed=n549(id=549 center=549 R=5 crit=0.909 pot=0.2727)
phyopt: accepted (map area 1050.17->1048.57, delay 13.00->13.00).
phyopt: round=1 part=high seed=n557(id=557 center=557 R=5 crit=0.909 pot=0.2727)
phyopt: rejected (map area 1048.57->1049.10, delay 13.00->13.00).
phyopt: round=1 part=high seed=n777(id=777 center=777 R=5 crit=0.909 pot=0.2727)
phyopt: accepted (map area 1048.57->1047.51, delay 13.00->13.00).
phyopt: round=1 part=high seed=n814(id=814 center=814 R=5 crit=0.909 pot=0.2727)
phyopt: accepted (map area 1047.51->1044.58, delay 13.00->13.00).
phyopt: round=1 part=high seed=n819(id=819 center=819 R=5 crit=0.909 pot=0.2727)
phyopt: accepted (map area 1044.58->1041.92, delay 13.00->13.00).
phyopt: round=1 part=high seed=n832(id=832 center=832 R=5 crit=0.909 pot=0.2727)
phyopt: rejected (map area 1041.92->1043.25, delay 13.00->13.00).
phyopt: round=1 part=high seed=n841(id=841 center=841 R=5 crit=0.909 pot=0.2727)
phyopt: rejected (map area 1041.92->1045.11, delay 13.00->13.00).
phyopt: round=1 part=high seed=n845(id=845 center=845 R=5 crit=0.909 pot=0.2727)
phyopt: rejected (map area 1041.92->1045.11, delay 13.00->13.00).
phyopt: round=1 part=high seed=n848(id=848 center=848 R=5 crit=0.909 pot=0.2727)
phyopt: rejected (map area 1041.92->1042.19, delay 13.00->13.00).
phyopt: round=1 part=high seed=n849(id=849 center=849 R=5 crit=0.909 pot=0.2727)
phyopt: rejected (map area 1041.92->1056.55, delay 13.00->13.00).
phyopt: round=1 part=high seed=n853(id=853 center=853 R=5 crit=0.909 pot=0.2727)
phyopt: rejected (map area 1041.92->1042.19, delay 13.00->13.00).
phyopt: round=1 part=high seed=n856(id=856 center=856 R=5 crit=0.909 pot=0.2727)
phyopt: rejected (map area 1041.92->1045.91, delay 13.00->13.00).
phyopt: round=1 part=high seed=n865(id=865 center=865 R=5 crit=0.909 pot=0.2727)
phyopt: accepted (map area 1041.92->1041.92, delay 13.00->13.00).
phyopt: round=1 part=high seed=n869(id=869 center=869 R=5 crit=0.909 pot=0.2727)
phyopt: rejected (map area 1041.92->1029.42, delay 13.00->14.00).
phyopt: round=1 part=high seed=n872(id=872 center=872 R=5 crit=0.909 pot=0.2727)
phyopt: accepted (map area 1041.92->1039.79, delay 13.00->13.00).
phyopt: round=1 part=high seed=n873(id=873 center=873 R=5 crit=0.909 pot=0.2727)
phyopt: rejected (map area 1039.79->1022.24, delay 13.00->16.00).
phyopt: round=1 part=high seed=n877(id=877 center=877 R=5 crit=0.909 pot=0.2727)
phyopt: rejected (map area 1039.79->1031.02, delay 13.00->14.00).
phyopt: round=1 part=low seed=n355(id=355 center=355 R=3 crit=0.000 pot=1.0000)
phyopt: rejected (map area 1039.79->1041.12, delay 13.00->13.00).
The node "n2118" with ID 2118 is not in the current network.
phyopt: skip seed=n2118 (cannot resolve center node in current AIG).
phyopt: round=1 part=low seed=n771(id=771 center=771 R=3 crit=0.091 pot=0.9818)
phyopt: rejected (map area 1039.79->1039.79, delay 13.00->13.00).
The node "n2116" with ID 2116 is not in the current network.
phyopt: skip seed=n2116 (cannot resolve center node in current AIG).
The node "n2119" with ID 2119 is not in the current network.
phyopt: skip seed=n2119 (cannot resolve center node in current AIG).
phyopt: round=1 part=low seed=n354(id=354 center=354 R=3 crit=0.000 pot=0.9794)
phyopt: rejected (map area 1039.79->1039.79, delay 13.00->13.00).
phyopt: round=1 part=low seed=n774(id=774 center=774 R=3 crit=0.136 pot=0.9727)
phyopt: accepted (map area 1039.79->1038.20, delay 13.00->13.00).
phyopt: round=1 part=low seed=n772(id=772 center=772 R=3 crit=0.045 pot=0.9703)
phyopt: rejected (map area 1038.20->1038.20, delay 13.00->13.00).
phyopt: round=1 part=low seed=n765(id=765 center=765 R=3 crit=0.091 pot=0.9612)
phyopt: rejected (map area 1038.20->1038.73, delay 13.00->13.00).
phyopt: round=1 part=low seed=n764(id=764 center=764 R=3 crit=0.136 pot=0.9521)
phyopt: rejected (map area 1038.20->1038.73, delay 13.00->13.00).
phyopt: round=1 part=low seed=n768(id=768 center=768 R=3 crit=0.136 pot=0.9521)
phyopt: rejected (map area 1038.20->1038.20, delay 13.00->13.00).
phyopt: round=1 part=low seed=n769(id=769 center=769 R=3 crit=0.136 pot=0.9521)
phyopt: rejected (map area 1038.20->1038.20, delay 13.00->13.00).
The node "n2117" with ID 2117 is not in the current network.
phyopt: skip seed=n2117 (cannot resolve center node in current AIG).
The node "n2006" with ID 2006 is not in the current network.
phyopt: skip seed=n2006 (cannot resolve center node in current AIG).
phyopt: round=1 part=low seed=n353(id=353 center=353 R=3 crit=0.091 pot=0.2553)
phyopt: rejected (map area 1038.20->1038.20, delay 13.00->13.00).
The node "n1884" with ID 1884 is not in the current network.
phyopt: skip seed=n1884 (cannot resolve center node in current AIG).
phyopt: round=1 part=low seed=n767(id=767 center=767 R=3 crit=0.136 pot=0.2462)
phyopt: rejected (map area 1038.20->1038.20, delay 13.00->13.00).
phyopt: round=1 part=low seed=n352(id=352 center=352 R=3 crit=0.091 pot=0.2078)
phyopt: rejected (map area 1038.20->1040.86, delay 13.00->13.00).
phyopt: round=1 part=mid seed=n1235(id=1235 center=1235 R=4 crit=0.273 pot=0.8636)
phyopt: rejected (map area 1038.20->1040.59, delay 13.00->13.00).
phyopt: round=1 part=mid seed=n1236(id=1236 center=1236 R=4 crit=0.273 pot=0.8636)
phyopt: rejected (map area 1038.20->1038.20, delay 13.00->13.00).
The node "n1842" with ID 1842 is not in the current network.
phyopt: skip seed=n1842 (cannot resolve center node in current AIG).
The node "n1845" with ID 1845 is not in the current network.
phyopt: skip seed=n1845 (cannot resolve center node in current AIG).
The node "n1846" with ID 1846 is not in the current network.
phyopt: skip seed=n1846 (cannot resolve center node in current AIG).
phyopt: round=1 part=mid seed=n759(id=759 center=759 R=4 crit=0.364 pot=0.8182)
phyopt: rejected (map area 1038.20->1038.46, delay 13.00->13.00).
phyopt: round=1 part=mid seed=n760(id=760 center=760 R=4 crit=0.364 pot=0.8182)
phyopt: rejected (map area 1038.20->1038.73, delay 13.00->13.00).
The node "n2048" with ID 2048 is not in the current network.
phyopt: skip seed=n2048 (cannot resolve center node in current AIG).
The node "n2176" with ID 2176 is not in the current network.
phyopt: skip seed=n2176 (cannot resolve center node in current AIG).
The node "n2180" with ID 2180 is not in the current network.
phyopt: skip seed=n2180 (cannot resolve center node in current AIG).
The node "n1992" with ID 1992 is not in the current network.
phyopt: skip seed=n1992 (cannot resolve center node in current AIG).
The node "n1996" with ID 1996 is not in the current network.
phyopt: skip seed=n1996 (cannot resolve center node in current AIG).
The node "n2022" with ID 2022 is not in the current network.
phyopt: skip seed=n2022 (cannot resolve center node in current AIG).
The node "n2080" with ID 2080 is not in the current network.
phyopt: skip seed=n2080 (cannot resolve center node in current AIG).
The node "n2084" with ID 2084 is not in the current network.
phyopt: skip seed=n2084 (cannot resolve center node in current AIG).
The node "n2126" with ID 2126 is not in the current network.
phyopt: skip seed=n2126 (cannot resolve center node in current AIG).
The node "n2127" with ID 2127 is not in the current network.
phyopt: skip seed=n2127 (cannot resolve center node in current AIG).
The node "n2179" with ID 2179 is not in the current network.
phyopt: skip seed=n2179 (cannot resolve center node in current AIG).
The node "n2205" with ID 2205 is not in the current network.
phyopt: skip seed=n2205 (cannot resolve center node in current AIG).
phyopt: round=1 part=mid seed=n584(id=584 center=584 R=4 crit=0.409 pot=0.7826)
phyopt: accepted (map area 1038.20->1037.67, delay 13.00->13.00).
phyopt: round=1 part=mid seed=n728(id=728 center=728 R=4 crit=0.409 pot=0.7826)
phyopt: rejected (map area 1037.67->1042.19, delay 13.00->13.00).
The node "n2177" with ID 2177 is not in the current network.
phyopt: skip seed=n2177 (cannot resolve center node in current AIG).
The node "n2181" with ID 2181 is not in the current network.
phyopt: skip seed=n2181 (cannot resolve center node in current AIG).
phyopt: round=1 part=mid seed=n757(id=757 center=757 R=4 crit=0.455 pot=0.7727)
phyopt: rejected (map area 1037.67->1040.33, delay 13.00->13.00).
phyopt: round=1 part=mid seed=n761(id=761 center=761 R=4 crit=0.455 pot=0.7727)
phyopt: rejected (map area 1037.67->1039.79, delay 13.00->13.00).
The node "n1954" with ID 1954 is not in the current network.
phyopt: skip seed=n1954 (cannot resolve center node in current AIG).
The node "n1955" with ID 1955 is not in the current network.
phyopt: skip seed=n1955 (cannot resolve center node in current AIG).
The node "n1995" with ID 1995 is not in the current network.
phyopt: skip seed=n1995 (cannot resolve center node in current AIG).
The node "n2051" with ID 2051 is not in the current network.
phyopt: skip seed=n2051 (cannot resolve center node in current AIG).
The node "n2057" with ID 2057 is not in the current network.
phyopt: skip seed=n2057 (cannot resolve center node in current AIG).
phyopt: finished round 1/1.
phyopt: partition summary (tried/accepted):
  high : 12 / 29
  low  : 1 / 12
  mid  : 1 / 8
phyopt: per-part seed coverage (topK means top-5 potential within processed seeds):
  high: seeds=30 tried=29(96.7%) accepted=12(41.4%) skipped(marked=1,low_slack=0) topK(tried=4/5 accepted=2 hit=50.0%)
  low: seeds=20 tried=12(60.0%) accepted=1(8.3%) skipped(marked=2,low_slack=0) topK(tried=2/5 accepted=0 hit=0.0%)
  mid: seeds=30 tried=8(26.7%) accepted=1(12.5%) skipped(marked=0,low_slack=0) topK(tried=2/5 accepted=0 hit=0.0%)
phyopt: rejection reason breakdown:
  - runtime_or_eval_fail : 28
  - policy_tradeoff_reject : 8
  - delay_worse : 6
  - area_worse : 21
  - area_and_delay_worse : 0
  - low_part_delay_budget : 0
phyopt: skipped marked=3 low_slack=<0.10=0
phyopt: done, accepted=14 rejected=63 final_nodes=1437 final_levels=28.
Networks are equivalent.  Time =     0.04 sec
