======== ABC command line "source /tmp/ks_c6288_k20_35465.scr"
Warning: Detected 2 multi-output cells (for example, "FA_X1").
mapper_extract: wrote 2338 lines to "/mnt/d/My_abc_work/abc/my_work/k_scan_winvpair_11cxx/results/run_20260401_151836/c6288/c6288_k20.csv".
Loaded 2338 physical records from /mnt/d/My_abc_work/abc/my_work/k_scan_winvpair_11cxx/results/run_20260401_151836/c6288/c6288_k20.csv
Potential rebuilt: alpha(low/mid/high)=0.200/0.500/0.800 avg_struct=0.6206 avg_slack=0.0941 avg_opt_mid=0.3573
Physical records : 2338
Gate summary     : NAND=2291 AND=46 INV=1 OTHER=0
Alpha (L/M/H)    : 0.200 / 0.500 / 0.800
StructW(i/p/f/g) : 0.500 / 0.400 / 0.050 / 0.050
phyopt: start rounds=1, criticality partitions high(>=0.900)->low(<=0.250)->mid, window=16.
phyopt: objective=map(area,delay), low-part delay budget=+10% from pre-opt.
phyopt: round=1 partition sizes high=1581 low=28 mid=729.
phyopt: round=1 part=high seed=n140(id=140 center=140 R=5 crit=0.904 pot=0.2304)
phyopt: accepted (map area 2283.08->2256.48, delay 45.00->45.00).
phyopt: round=1 part=high seed=n68(id=68 center=68 R=5 crit=0.912 pot=0.2234)
phyopt: rejected (map area 2256.48->2274.57, delay 45.00->45.00).
phyopt: round=1 part=high seed=n96(id=96 center=96 R=5 crit=0.921 pot=0.2196)
phyopt: accepted (map area 2256.48->1406.61, delay 45.00->45.00).
phyopt: round=1 part=high seed=n97(id=97 center=97 R=5 crit=0.921 pot=0.2196)
phyopt: rejected (map area 1406.61->1410.33, delay 45.00->45.00).
phyopt: round=1 part=high seed=n111(id=111 center=111 R=5 crit=0.921 pot=0.2196)
phyopt: accepted (map area 1406.61->1403.42, delay 45.00->45.00).
phyopt: round=1 part=high seed=n112(id=112 center=112 R=5 crit=0.921 pot=0.2196)
phyopt: rejected (map area 1403.42->1404.48, delay 45.00->45.00).
phyopt: round=1 part=high seed=n158(id=158 center=158 R=5 crit=0.921 pot=0.2196)
phyopt: rejected (map area 1403.42->1562.22, delay 45.00->46.00).
phyopt: round=1 part=high seed=n159(id=159 center=159 R=5 crit=0.921 pot=0.2196)
phyopt: accepted (map area 1403.42->1402.88, delay 45.00->45.00).
phyopt: round=1 part=high seed=n173(id=173 center=173 R=5 crit=0.921 pot=0.2196)
phyopt: rejected (map area 1402.88->1403.42, delay 45.00->45.00).
phyopt: round=1 part=high seed=n174(id=174 center=174 R=5 crit=0.921 pot=0.2196)
phyopt: accepted (map area 1402.88->1402.88, delay 45.00->45.00).
phyopt: round=1 part=high seed=n230(id=230 center=230 R=5 crit=0.921 pot=0.2196)
phyopt: rejected (map area 1402.88->1404.75, delay 45.00->45.00).
phyopt: round=1 part=high seed=n231(id=231 center=231 R=5 crit=0.921 pot=0.2196)
phyopt: rejected (map area 1402.88->1403.68, delay 45.00->45.00).
phyopt: round=1 part=high seed=n245(id=245 center=245 R=5 crit=0.921 pot=0.2196)
phyopt: accepted (map area 1402.88->1402.88, delay 45.00->45.00).
phyopt: round=1 part=high seed=n246(id=246 center=246 R=5 crit=0.921 pot=0.2196)
phyopt: accepted (map area 1402.88->1402.88, delay 45.00->45.00).
phyopt: round=1 part=high seed=n312(id=312 center=312 R=5 crit=0.921 pot=0.2196)
phyopt: rejected (map area 1402.88->1403.68, delay 45.00->45.00).
phyopt: round=1 part=high seed=n313(id=313 center=313 R=5 crit=0.921 pot=0.2196)
phyopt: rejected (map area 1402.88->1403.68, delay 45.00->45.00).
phyopt: round=1 part=high seed=n327(id=327 center=327 R=5 crit=0.921 pot=0.2196)
phyopt: accepted (map area 1402.88->1402.88, delay 45.00->45.00).
phyopt: round=1 part=high seed=n328(id=328 center=328 R=5 crit=0.921 pot=0.2196)
phyopt: accepted (map area 1402.88->1402.88, delay 45.00->45.00).
phyopt: round=1 part=high seed=n404(id=404 center=404 R=5 crit=0.921 pot=0.2196)
phyopt: accepted (map area 1402.88->1402.88, delay 45.00->45.00).
phyopt: round=1 part=high seed=n405(id=405 center=405 R=5 crit=0.921 pot=0.2196)
phyopt: rejected (map area 1402.88->1403.95, delay 45.00->45.00).
The node "n2391" with ID 2391 is not in the current network.
phyopt: skip seed=n2391 (cannot resolve center node in current AIG).
The node "n2376" with ID 2376 is not in the current network.
phyopt: skip seed=n2376 (cannot resolve center node in current AIG).
phyopt: round=1 part=low seed=n2355(id=2355 center=2355 R=3 crit=0.061 pot=0.8007)
Object with ID 2355 is not a node or reg output.
Error: Extracting sequential window has failed.
Error: phyopt: local optimization failed at round 1 part 2. Rolling back.
The node "n2370" with ID 2370 is not in the current network.
phyopt: skip seed=n2370 (cannot resolve center node in current AIG).
phyopt: round=1 part=low seed=n2324(id=2324 center=2324 R=3 crit=0.079 pot=0.7972)
phyopt: rejected (map area 1402.88->1402.88, delay 45.00->45.00).
phyopt: round=1 part=low seed=n2283(id=2283 center=2283 R=3 crit=0.096 pot=0.7937)
phyopt: rejected (map area 1402.88->1402.88, delay 45.00->45.00).
phyopt: round=1 part=low seed=n2232(id=2232 center=2232 R=3 crit=0.114 pot=0.7901)
phyopt: rejected (map area 1402.88->1403.42, delay 45.00->45.00).
phyopt: round=1 part=low seed=n2345(id=2345 center=2345 R=3 crit=0.114 pot=0.7901)
Object with ID 2345 is not a node or reg output.
Error: Extracting sequential window has failed.
Error: phyopt: local optimization failed at round 1 part 2. Rolling back.
phyopt: round=1 part=low seed=n2171(id=2171 center=2171 R=3 crit=0.132 pot=0.7866)
phyopt: rejected (map area 1402.88->1402.88, delay 45.00->45.00).
phyopt: round=1 part=low seed=n2314(id=2314 center=2314 R=3 crit=0.132 pot=0.7866)
phyopt: rejected (map area 1402.88->1402.88, delay 45.00->45.00).
phyopt: round=1 part=low seed=n2339(id=2339 center=2339 R=3 crit=0.140 pot=0.7849)
Object with ID 2339 is not a node or reg output.
Error: Extracting sequential window has failed.
Error: phyopt: local optimization failed at round 1 part 2. Rolling back.
phyopt: round=1 part=low seed=n2100(id=2100 center=2100 R=3 crit=0.149 pot=0.7831)
phyopt: accepted (map area 1402.88->1402.35, delay 45.00->45.00).
phyopt: round=1 part=low seed=n2273(id=2273 center=2273 R=3 crit=0.149 pot=0.7831)
phyopt: rejected (map area 1402.35->1402.35, delay 45.00->45.00).
phyopt: round=1 part=low seed=n2019(id=2019 center=2019 R=3 crit=0.167 pot=0.7796)
phyopt: rejected (map area 1402.35->1402.35, delay 45.00->45.00).
phyopt: round=1 part=low seed=n2222(id=2222 center=2222 R=3 crit=0.167 pot=0.7796)
phyopt: accepted (map area 1402.35->1401.82, delay 45.00->45.00).
phyopt: round=1 part=low seed=n1874(id=1874 center=1874 R=3 crit=0.184 pot=0.7761)
phyopt: rejected (map area 1401.82->1401.82, delay 45.00->45.00).
phyopt: round=1 part=low seed=n2161(id=2161 center=2161 R=3 crit=0.184 pot=0.7761)
phyopt: rejected (map area 1401.82->1402.35, delay 45.00->45.00).
phyopt: round=1 part=low seed=n2304(id=2304 center=2304 R=3 crit=0.184 pot=0.7761)
phyopt: rejected (map area 1401.82->1402.09, delay 45.00->45.00).
phyopt: round=1 part=low seed=n1024(id=1024 center=1024 R=3 crit=0.202 pot=0.7726)
phyopt: rejected (map area 1401.82->1401.82, delay 45.00->45.00).
phyopt: round=1 part=low seed=n2090(id=2090 center=2090 R=3 crit=0.202 pot=0.7726)
phyopt: accepted (map area 1401.82->1401.29, delay 45.00->45.00).
phyopt: round=1 part=mid seed=n882(id=882 center=882 R=4 crit=0.254 pot=0.7559)
phyopt: rejected (map area 1401.29->1401.29, delay 45.00->45.00).
phyopt: round=1 part=mid seed=n1469(id=1469 center=1469 R=4 crit=0.254 pot=0.7559)
phyopt: rejected (map area 1401.29->1401.29, delay 45.00->45.00).
phyopt: round=1 part=mid seed=n2080(id=2080 center=2080 R=4 crit=0.254 pot=0.7559)
phyopt: accepted (map area 1401.29->1400.76, delay 45.00->45.00).
phyopt: round=1 part=mid seed=n2253(id=2253 center=2253 R=4 crit=0.254 pot=0.7559)
phyopt: rejected (map area 1400.76->1401.29, delay 45.00->45.00).
phyopt: round=1 part=mid seed=n1769(id=1769 center=1769 R=4 crit=0.263 pot=0.7515)
phyopt: rejected (map area 1400.76->1400.76, delay 45.00->45.00).
phyopt: round=1 part=mid seed=n1017(id=1017 center=1017 R=4 crit=0.272 pot=0.7471)
phyopt: rejected (map area 1400.76->1401.55, delay 45.00->45.00).
phyopt: round=1 part=mid seed=n1619(id=1619 center=1619 R=4 crit=0.272 pot=0.7471)
phyopt: rejected (map area 1400.76->1400.76, delay 45.00->45.00).
phyopt: round=1 part=mid seed=n1999(id=1999 center=1999 R=4 crit=0.272 pot=0.7471)
phyopt: rejected (map area 1400.76->1400.76, delay 45.00->45.00).
phyopt: round=1 part=mid seed=n2202(id=2202 center=2202 R=4 crit=0.272 pot=0.7471)
phyopt: rejected (map area 1400.76->1401.29, delay 45.00->45.00).
phyopt: round=1 part=mid seed=n2247(id=2247 center=2247 R=4 crit=0.281 pot=0.7427)
phyopt: rejected (map area 1400.76->1401.02, delay 45.00->45.00).
phyopt: round=1 part=mid seed=n1162(id=1162 center=1162 R=4 crit=0.289 pot=0.7384)
phyopt: rejected (map area 1400.76->1400.76, delay 45.00->45.00).
phyopt: round=1 part=mid seed=n1854(id=1854 center=1854 R=4 crit=0.289 pot=0.7384)
phyopt: rejected (map area 1400.76->1400.76, delay 45.00->45.00).
phyopt: round=1 part=mid seed=n2141(id=2141 center=2141 R=4 crit=0.289 pot=0.7384)
phyopt: rejected (map area 1400.76->1401.29, delay 45.00->45.00).
phyopt: round=1 part=mid seed=n750(id=750 center=750 R=4 crit=0.307 pot=0.7296)
phyopt: rejected (map area 1400.76->1400.76, delay 45.00->45.00).
phyopt: round=1 part=mid seed=n1312(id=1312 center=1312 R=4 crit=0.307 pot=0.7296)
phyopt: rejected (map area 1400.76->1400.76, delay 45.00->45.00).
phyopt: round=1 part=mid seed=n2070(id=2070 center=2070 R=4 crit=0.307 pot=0.7296)
phyopt: rejected (map area 1400.76->1401.29, delay 45.00->45.00).
phyopt: round=1 part=mid seed=n1612(id=1612 center=1612 R=4 crit=0.316 pot=0.7252)
phyopt: rejected (map area 1400.76->1400.76, delay 45.00->45.00).
phyopt: round=1 part=mid seed=n1762(id=1762 center=1762 R=4 crit=0.316 pot=0.7252)
phyopt: rejected (map area 1400.76->1400.76, delay 45.00->45.00).
phyopt: round=1 part=mid seed=n875(id=875 center=875 R=4 crit=0.325 pot=0.7208)
phyopt: rejected (map area 1400.76->1400.76, delay 45.00->45.00).
phyopt: round=1 part=mid seed=n1462(id=1462 center=1462 R=4 crit=0.325 pot=0.7208)
phyopt: rejected (map area 1400.76->1400.76, delay 45.00->45.00).
phyopt: finished round 1/1.
phyopt: partition summary (tried/accepted):
  high : 10 / 20
  low  : 3 / 17
  mid  : 1 / 20
phyopt: per-part seed coverage (topK means top-5 potential within processed seeds):
  high: seeds=20 tried=20(100.0%) accepted=10(50.0%) skipped(marked=0,low_slack=0) topK(tried=5/5 accepted=3 hit=60.0%)
  low: seeds=20 tried=17(85.0%) accepted=3(17.6%) skipped(marked=0,low_slack=0) topK(tried=2/5 accepted=0 hit=0.0%)
  mid: seeds=20 tried=20(100.0%) accepted=1(5.0%) skipped(marked=0,low_slack=0) topK(tried=5/5 accepted=1 hit=20.0%)
phyopt: rejection reason breakdown:
  - runtime_or_eval_fail : 6
  - policy_tradeoff_reject : 21
  - delay_worse : 0
  - area_worse : 18
  - area_and_delay_worse : 1
  - low_part_delay_budget : 0
phyopt: skipped marked=0 low_slack=<0.10=0
phyopt: done, accepted=14 rejected=46 final_nodes=2289 final_levels=119.
Networks are equivalent.  Time =     0.40 sec
