======== ABC command line "source /mnt/d/My_abc_work/abc/my_work/VS-SMABC_FPRM/compare_4way_out_asap7_orfs_RVT_FF/tmp/table5_raw_flow.abc"
Library "asap7sc7p5t_AO_RVT_FF_nldm_211120" from "/mnt/d/My_abc_work/abc/my_work/VS-SMABC_FPRM/asap7_orfs_combined_RVT_FF_nldm.lib" has 42 cells (0 skipped: 0 seq; 0 tri-state; 0 no func; 0 dont_use; 0 with 2 outputs; 0 with 3+ outputs).  Time =     0.48 sec
Warnings: genlib library reader cannot detect the buffer gate.
Some parts of the supergate-based technology mapper may not work correctly.
Warnings: genlib library reader cannot detect the invertor gate.
Some parts of the supergate-based technology mapper may not work correctly.
Warnings: genlib library reader cannot detect the AND2, NAND2, OR2, and NOR2 gate.
Some parts of the supergate-based technology mapper may not work correctly.
** cmd error: aborting 'source /mnt/d/My_abc_work/abc/my_work/VS-SMABC_FPRM/compare_4way_out_asap7_orfs_RVT_FF/tmp/table5_raw_flow.abc'
phymid: running map_oto -> mapper_extract -> phyread -> phyopt -> map
Warnings: genlib library reader cannot detect the buffer gate.
Some parts of the supergate-based technology mapper may not work correctly.
Warnings: genlib library reader cannot detect the invertor gate.
Some parts of the supergate-based technology mapper may not work correctly.
Warnings: genlib library reader cannot detect the AND2, NAND2, OR2, and NOR2 gate.
Some parts of the supergate-based technology mapper may not work correctly.
Derived GENLIB library "asap7sc7p5t_AO_RVT_FF_nldm_211120" with 30 gates using slew 20.00 ps and gain 250.00.
map_oto: failed to find required gates in library (need INV and AND/NAND).
Error: Mapping has failed.
Error: phymid: step map_oto failed.
