======== ABC command line "source /tmp/ks_c3540_k20_35465.scr"
Warning: Detected 2 multi-output cells (for example, "FA_X1").
mapper_extract: wrote 1157 lines to "/mnt/d/My_abc_work/abc/my_work/k_scan_winvpair_11cxx/results/run_20260401_151836/c3540/c3540_k20.csv".
Loaded 1157 physical records from /mnt/d/My_abc_work/abc/my_work/k_scan_winvpair_11cxx/results/run_20260401_151836/c3540/c3540_k20.csv
Potential rebuilt: alpha(low/mid/high)=0.200/0.500/0.800 avg_struct=0.6939 avg_slack=0.1601 avg_opt_mid=0.4270
Physical records : 1157
Gate summary     : NAND=668 AND=325 INV=164 OTHER=0
Alpha (L/M/H)    : 0.200 / 0.500 / 0.800
StructW(i/p/f/g) : 0.500 / 0.400 / 0.050 / 0.050
phyopt: start rounds=1, criticality partitions high(>=0.900)->low(<=0.250)->mid, window=16.
phyopt: objective=map(area,delay), low-part delay budget=+10% from pre-opt.
phyopt: round=1 partition sizes high=705 low=4 mid=448.
phyopt: round=1 part=high seed=n128(id=128 center=128 R=5 crit=0.925 pot=0.2600)
phyopt: rejected (map area 633.35->636.01, delay 18.00->18.00).
phyopt: round=1 part=high seed=n387(id=387 center=387 R=5 crit=0.925 pot=0.2600)
phyopt: accepted (map area 633.35->629.09, delay 18.00->18.00).
phyopt: round=1 part=high seed=n487(id=487 center=487 R=5 crit=0.925 pot=0.2600)
phyopt: accepted (map area 629.09->626.43, delay 18.00->18.00).
phyopt: round=1 part=high seed=n839(id=839 center=839 R=5 crit=0.925 pot=0.2600)
phyopt: rejected (map area 626.43->620.31, delay 18.00->19.00).
phyopt: round=1 part=high seed=n917(id=917 center=917 R=5 crit=0.925 pot=0.2600)
phyopt: accepted (map area 626.43->610.20, delay 18.00->18.00).
The node "n1075" with ID 1075 is not in the current network.
phyopt: skip seed=n1075 (cannot resolve center node in current AIG).
phyopt: round=1 part=high seed=n102(id=102 center=102 R=5 crit=0.950 pot=0.2400)
phyopt: accepted (map area 610.20->606.48, delay 18.00->18.00).
phyopt: round=1 part=high seed=n131(id=131 center=131 R=5 crit=0.950 pot=0.2400)
phyopt: rejected (map area 606.48->617.12, delay 18.00->18.00).
phyopt: round=1 part=high seed=n259(id=259 center=259 R=5 crit=0.950 pot=0.2400)
phyopt: rejected (map area 606.48->614.99, delay 18.00->18.00).
phyopt: round=1 part=high seed=n420(id=420 center=420 R=5 crit=0.950 pot=0.2400)
phyopt: rejected (map area 606.48->608.87, delay 18.00->18.00).
phyopt: round=1 part=high seed=n772(id=772 center=772 R=5 crit=0.950 pot=0.2400)
phyopt: accepted (map area 606.48->599.30, delay 18.00->18.00).
phyopt: round=1 part=high seed=n816(id=816 center=816 R=5 crit=0.950 pot=0.2400)
phyopt: rejected (map area 599.30->608.34, delay 18.00->18.00).
phyopt: round=1 part=high seed=n110(id=110 center=110 R=5 crit=0.900 pot=0.2372)
phyopt: accepted (map area 599.30->596.64, delay 18.00->18.00).
phyopt: round=1 part=high seed=n134(id=134 center=134 R=5 crit=0.900 pot=0.2372)
phyopt: rejected (map area 596.64->608.87, delay 18.00->18.00).
phyopt: round=1 part=high seed=n145(id=145 center=145 R=5 crit=0.900 pot=0.2372)
phyopt: accepted (map area 596.64->596.37, delay 18.00->18.00).
phyopt: round=1 part=high seed=n146(id=146 center=146 R=5 crit=0.900 pot=0.2372)
phyopt: accepted (map area 596.37->596.37, delay 18.00->18.00).
phyopt: round=1 part=high seed=n167(id=167 center=167 R=5 crit=0.900 pot=0.2372)
phyopt: rejected (map area 596.37->616.06, delay 18.00->18.00).
phyopt: round=1 part=high seed=n237(id=237 center=237 R=5 crit=0.900 pot=0.2372)
phyopt: rejected (map area 596.37->601.69, delay 18.00->18.00).
The node "n1121" with ID 1121 is not in the current network.
phyopt: skip seed=n1121 (cannot resolve center node in current AIG).
phyopt: round=1 part=low seed=n644(id=644 center=644 R=3 crit=0.000 pot=0.2441)
phyopt: rejected (map area 596.37->602.76, delay 18.00->18.00).
phyopt: round=1 part=low seed=n643(id=643 center=643 R=3 crit=0.000 pot=0.2156)
phyopt: rejected (map area 596.37->596.37, delay 18.00->18.00).
phyopt: round=1 part=low seed=n642(id=642 center=642 R=3 crit=0.100 pot=0.1919)
phyopt: rejected (map area 596.37->596.37, delay 18.00->18.00).
phyopt: round=1 part=mid seed=n947(id=947 center=947 R=4 crit=0.350 pot=0.8250)
phyopt: rejected (map area 596.37->596.37, delay 18.00->18.00).
phyopt: round=1 part=mid seed=n935(id=935 center=935 R=4 crit=0.375 pot=0.8125)
phyopt: rejected (map area 596.37->596.37, delay 18.00->18.00).
phyopt: round=1 part=mid seed=n645(id=645 center=645 R=4 crit=0.275 pot=0.7556)
phyopt: rejected (map area 596.37->616.32, delay 18.00->18.00).
phyopt: round=1 part=mid seed=n925(id=925 center=925 R=4 crit=0.300 pot=0.7431)
phyopt: rejected (map area 596.37->599.56, delay 18.00->18.00).
phyopt: round=1 part=mid seed=n933(id=933 center=933 R=4 crit=0.300 pot=0.7431)
phyopt: rejected (map area 596.37->596.37, delay 18.00->18.00).
phyopt: round=1 part=mid seed=n1001(id=1001 center=1001 R=4 crit=0.300 pot=0.7431)
phyopt: rejected (map area 596.37->596.37, delay 18.00->18.00).
The node "n1219" with ID 1219 is not in the current network.
phyopt: skip seed=n1219 (cannot resolve center node in current AIG).
The node "n1225" with ID 1225 is not in the current network.
phyopt: skip seed=n1225 (cannot resolve center node in current AIG).
phyopt: round=1 part=mid seed=n627(id=627 center=627 R=4 crit=0.550 pot=0.7250)
phyopt: rejected (map area 596.37->598.77, delay 18.00->18.00).
The node "n1221" with ID 1221 is not in the current network.
phyopt: skip seed=n1221 (cannot resolve center node in current AIG).
The node "n1222" with ID 1222 is not in the current network.
phyopt: skip seed=n1222 (cannot resolve center node in current AIG).
phyopt: round=1 part=mid seed=n934(id=934 center=934 R=4 crit=0.375 pot=0.7056)
phyopt: rejected (map area 596.37->596.90, delay 18.00->18.00).
phyopt: round=1 part=mid seed=n85(id=85 center=85 R=4 crit=0.600 pot=0.7000)
phyopt: accepted (map area 596.37->595.57, delay 18.00->18.00).
phyopt: round=1 part=mid seed=n229(id=229 center=229 R=4 crit=0.600 pot=0.7000)
phyopt: rejected (map area 595.57->596.37, delay 18.00->18.00).
The node "n1223" with ID 1223 is not in the current network.
phyopt: skip seed=n1223 (cannot resolve center node in current AIG).
The node "n1224" with ID 1224 is not in the current network.
phyopt: skip seed=n1224 (cannot resolve center node in current AIG).
The node "n1226" with ID 1226 is not in the current network.
phyopt: skip seed=n1226 (cannot resolve center node in current AIG).
The node "n1227" with ID 1227 is not in the current network.
phyopt: skip seed=n1227 (cannot resolve center node in current AIG).
The node "n1228" with ID 1228 is not in the current network.
phyopt: skip seed=n1228 (cannot resolve center node in current AIG).
phyopt: round=1 part=mid seed=n733(id=733 center=733 R=4 crit=0.625 pot=0.6875)
phyopt: rejected (map area 595.57->608.08, delay 18.00->18.00).
phyopt: finished round 1/1.
phyopt: partition summary (tried/accepted):
  high : 8 / 17
  low  : 0 / 3
  mid  : 1 / 11
phyopt: per-part seed coverage (topK means top-5 potential within processed seeds):
  high: seeds=20 tried=17(85.0%) accepted=8(47.1%) skipped(marked=2,low_slack=0) topK(tried=5/5 accepted=3 hit=60.0%)
  low: seeds=4 tried=3(75.0%) accepted=0(0.0%) skipped(marked=0,low_slack=0) topK(tried=3/4 accepted=0 hit=0.0%)
  mid: seeds=20 tried=11(55.0%) accepted=1(9.1%) skipped(marked=0,low_slack=0) topK(tried=5/5 accepted=0 hit=0.0%)
phyopt: rejection reason breakdown:
  - runtime_or_eval_fail : 11
  - policy_tradeoff_reject : 6
  - delay_worse : 1
  - area_worse : 15
  - area_and_delay_worse : 0
  - low_part_delay_budget : 0
phyopt: skipped marked=2 low_slack=<0.10=0
phyopt: done, accepted=9 rejected=33 final_nodes=955 final_levels=39.
Networks are equivalent.  Time =     0.11 sec
