======== ABC command line "source /tmp/ablation_ex211_no_inv_chain_285.scr"
Warning: Detected 2 multi-output cells (for example, "FA_X1").
mapper_extract: wrote 1766 lines to "/mnt/d/My_abc_work/abc/my_work/ablation_results/ex211/ex211_no_inv_chain.csv".
Loaded 1766 physical records from /mnt/d/My_abc_work/abc/my_work/ablation_results/ex211/ex211_no_inv_chain.csv
Potential rebuilt: alpha(low/mid/high)=0.200/0.500/0.800 avg_struct=0.8931 avg_slack=0.2566 avg_opt_mid=0.5748
Physical records : 1766
Gate summary     : NAND=882 AND=760 INV=124 OTHER=0
Alpha (L/M/H)    : 0.200 / 0.500 / 0.800
StructW(i/p/f/g) : 0.000 / 0.500 / 0.333 / 0.167
phyopt: start rounds=1, criticality partitions high(>=0.800)->low(<=0.300)->mid, window=16.
phyopt: objective=map(area,delay), low-part delay budget=+10% from pre-opt.
phyopt: round=1 partition sizes high=915 low=71 mid=780.
phyopt: round=1 part=high seed=n67(id=67 center=67 R=5 crit=0.800 pot=0.3600)
phyopt: accepted (map area 935.79->932.86, delay 12.00->12.00).
phyopt: round=1 part=high seed=n69(id=69 center=69 R=5 crit=0.800 pot=0.3600)
phyopt: accepted (map area 932.86->928.87, delay 12.00->12.00).
phyopt: round=1 part=high seed=n71(id=71 center=71 R=5 crit=0.800 pot=0.3600)
phyopt: rejected (map area 928.87->929.14, delay 12.00->12.00).
phyopt: round=1 part=high seed=n72(id=72 center=72 R=5 crit=0.800 pot=0.3600)
phyopt: rejected (map area 928.87->929.14, delay 12.00->12.00).
phyopt: round=1 part=high seed=n77(id=77 center=77 R=5 crit=0.800 pot=0.3600)
phyopt: accepted (map area 928.87->920.89, delay 12.00->12.00).
phyopt: round=1 part=high seed=n85(id=85 center=85 R=5 crit=0.800 pot=0.3600)
phyopt: rejected (map area 920.89->926.48, delay 12.00->12.00).
phyopt: round=1 part=high seed=n86(id=86 center=86 R=5 crit=0.800 pot=0.3600)
phyopt: accepted (map area 920.89->913.18, delay 12.00->12.00).
phyopt: round=1 part=high seed=n93(id=93 center=93 R=5 crit=0.800 pot=0.3600)
phyopt: rejected (map area 913.18->915.04, delay 12.00->12.00).
phyopt: round=1 part=high seed=n112(id=112 center=112 R=5 crit=0.800 pot=0.3600)
phyopt: accepted (map area 913.18->912.91, delay 12.00->12.00).
phyopt: round=1 part=high seed=n116(id=116 center=116 R=5 crit=0.800 pot=0.3600)
phyopt: accepted (map area 912.91->912.65, delay 12.00->12.00).
phyopt: round=1 part=high seed=n118(id=118 center=118 R=5 crit=0.800 pot=0.3600)
phyopt: accepted (map area 912.65->912.11, delay 12.00->12.00).
phyopt: round=1 part=high seed=n158(id=158 center=158 R=5 crit=0.800 pot=0.3600)
phyopt: rejected (map area 912.11->914.51, delay 12.00->12.00).
phyopt: round=1 part=high seed=n326(id=326 center=326 R=5 crit=0.800 pot=0.3600)
phyopt: accepted (map area 912.11->911.05, delay 12.00->12.00).
phyopt: round=1 part=high seed=n328(id=328 center=328 R=5 crit=0.800 pot=0.3600)
phyopt: rejected (map area 911.05->912.65, delay 12.00->12.00).
phyopt: round=1 part=high seed=n329(id=329 center=329 R=5 crit=0.800 pot=0.3600)
phyopt: accepted (map area 911.05->919.30, delay 12.00->11.00).
phyopt: round=1 part=high seed=n383(id=383 center=383 R=5 crit=0.800 pot=0.3600)
phyopt: rejected (map area 919.30->925.68, delay 11.00->11.00).
phyopt: round=1 part=high seed=n384(id=384 center=384 R=5 crit=0.800 pot=0.3600)
phyopt: accepted (map area 919.30->902.27, delay 11.00->11.00).
phyopt: round=1 part=high seed=n390(id=390 center=390 R=5 crit=0.800 pot=0.3600)
phyopt: rejected (map area 902.27->903.07, delay 11.00->11.00).
phyopt: round=1 part=high seed=n398(id=398 center=398 R=5 crit=0.800 pot=0.3600)
phyopt: accepted (map area 902.27->887.38, delay 11.00->11.00).
phyopt: round=1 part=high seed=n400(id=400 center=400 R=5 crit=0.800 pot=0.3600)
phyopt: accepted (map area 887.38->887.38, delay 11.00->11.00).
phyopt: round=1 part=high seed=n402(id=402 center=402 R=5 crit=0.800 pot=0.3600)
phyopt: accepted (map area 887.38->887.38, delay 11.00->11.00).
phyopt: round=1 part=high seed=n409(id=409 center=409 R=5 crit=0.800 pot=0.3600)
phyopt: accepted (map area 887.38->881.79, delay 11.00->11.00).
phyopt: round=1 part=low seed=n1148(id=1148 center=1148 R=3 crit=0.000 pot=1.0000)
phyopt: accepted (map area 881.79->879.93, delay 11.00->11.00).
phyopt: round=1 part=low seed=n1089(id=1089 center=1089 R=3 crit=0.067 pot=0.9867)
phyopt: rejected (map area 879.93->879.93, delay 11.00->11.00).
phyopt: round=1 part=low seed=n1134(id=1134 center=1134 R=3 crit=0.067 pot=0.9867)
phyopt: rejected (map area 879.93->881.79, delay 11.00->11.00).
phyopt: round=1 part=low seed=n1147(id=1147 center=1147 R=3 crit=0.067 pot=0.9867)
phyopt: rejected (map area 879.93->880.99, delay 11.00->11.00).
phyopt: round=1 part=low seed=n1150(id=1150 center=1150 R=3 crit=0.067 pot=0.9867)
phyopt: rejected (map area 879.93->879.93, delay 11.00->11.00).
phyopt: round=1 part=low seed=n1151(id=1151 center=1151 R=3 crit=0.067 pot=0.9867)
phyopt: accepted (map area 879.93->876.47, delay 11.00->11.00).
phyopt: round=1 part=low seed=n939(id=939 center=939 R=3 crit=0.133 pot=0.9733)
phyopt: rejected (map area 876.47->876.47, delay 11.00->11.00).
phyopt: round=1 part=low seed=n1069(id=1069 center=1069 R=3 crit=0.133 pot=0.9733)
phyopt: rejected (map area 876.47->878.60, delay 11.00->11.00).
phyopt: round=1 part=low seed=n1076(id=1076 center=1076 R=3 crit=0.133 pot=0.9733)
phyopt: rejected (map area 876.47->877.00, delay 11.00->11.00).
phyopt: round=1 part=low seed=n1090(id=1090 center=1090 R=3 crit=0.133 pot=0.9733)
phyopt: rejected (map area 876.47->876.47, delay 11.00->11.00).
phyopt: round=1 part=low seed=n1120(id=1120 center=1120 R=3 crit=0.133 pot=0.9733)
phyopt: accepted (map area 876.47->875.41, delay 11.00->11.00).
phyopt: round=1 part=low seed=n1135(id=1135 center=1135 R=3 crit=0.133 pot=0.9733)
phyopt: rejected (map area 875.41->876.47, delay 11.00->11.00).
phyopt: round=1 part=low seed=n1136(id=1136 center=1136 R=3 crit=0.133 pot=0.9733)
phyopt: rejected (map area 875.41->877.00, delay 11.00->11.00).
phyopt: round=1 part=low seed=n1334(id=1334 center=1334 R=3 crit=0.133 pot=0.9733)
phyopt: accepted (map area 875.41->874.61, delay 11.00->11.00).
phyopt: round=1 part=low seed=n456(id=456 center=456 R=3 crit=0.200 pot=0.9600)
phyopt: accepted (map area 874.61->874.08, delay 11.00->11.00).
phyopt: round=1 part=low seed=n645(id=645 center=645 R=3 crit=0.200 pot=0.9600)
phyopt: rejected (map area 874.08->874.08, delay 11.00->11.00).
phyopt: round=1 part=low seed=n646(id=646 center=646 R=3 crit=0.200 pot=0.9600)
phyopt: rejected (map area 874.08->874.08, delay 11.00->11.00).
phyopt: round=1 part=low seed=n940(id=940 center=940 R=3 crit=0.200 pot=0.9600)
phyopt: rejected (map area 874.08->878.07, delay 11.00->11.00).
phyopt: round=1 part=low seed=n941(id=941 center=941 R=3 crit=0.200 pot=0.9600)
phyopt: rejected (map area 874.08->874.08, delay 11.00->11.00).
phyopt: round=1 part=low seed=n1063(id=1063 center=1063 R=3 crit=0.200 pot=0.9600)
phyopt: rejected (map area 874.08->875.14, delay 11.00->11.00).
phyopt: round=1 part=low seed=n1078(id=1078 center=1078 R=3 crit=0.200 pot=0.9600)
phyopt: accepted (map area 874.08->873.81, delay 11.00->11.00).
phyopt: round=1 part=low seed=n1093(id=1093 center=1093 R=3 crit=0.200 pot=0.9600)
phyopt: accepted (map area 873.81->873.28, delay 11.00->11.00).
phyopt: round=1 part=low seed=n1095(id=1095 center=1095 R=3 crit=0.200 pot=0.9600)
phyopt: rejected (map area 873.28->873.28, delay 11.00->11.00).
phyopt: round=1 part=low seed=n1107(id=1107 center=1107 R=3 crit=0.200 pot=0.9600)
phyopt: rejected (map area 873.28->876.47, delay 11.00->11.00).
phyopt: round=1 part=low seed=n1122(id=1122 center=1122 R=3 crit=0.200 pot=0.9600)
phyopt: rejected (map area 873.28->877.53, delay 11.00->11.00).
phyopt: round=1 part=low seed=n1186(id=1186 center=1186 R=3 crit=0.200 pot=0.9600)
phyopt: rejected (map area 873.28->878.86, delay 11.00->11.00).
phyopt: round=1 part=mid seed=n230(id=230 center=230 R=4 crit=0.333 pot=0.8333)
phyopt: accepted (map area 873.28->871.15, delay 11.00->11.00).
phyopt: round=1 part=mid seed=n255(id=255 center=255 R=4 crit=0.333 pot=0.8333)
phyopt: accepted (map area 871.15->870.62, delay 11.00->11.00).
phyopt: round=1 part=mid seed=n303(id=303 center=303 R=4 crit=0.333 pot=0.8333)
phyopt: accepted (map area 870.62->869.29, delay 11.00->11.00).
phyopt: round=1 part=mid seed=n306(id=306 center=306 R=4 crit=0.333 pot=0.8333)
phyopt: rejected (map area 869.29->869.55, delay 11.00->11.00).
phyopt: round=1 part=mid seed=n423(id=423 center=423 R=4 crit=0.333 pot=0.8333)
phyopt: rejected (map area 869.29->869.29, delay 11.00->11.00).
phyopt: round=1 part=mid seed=n424(id=424 center=424 R=4 crit=0.333 pot=0.8333)
phyopt: rejected (map area 869.29->869.29, delay 11.00->11.00).
phyopt: round=1 part=mid seed=n570(id=570 center=570 R=4 crit=0.333 pot=0.8333)
phyopt: rejected (map area 869.29->869.29, delay 11.00->11.00).
phyopt: round=1 part=mid seed=n571(id=571 center=571 R=4 crit=0.333 pot=0.8333)
phyopt: rejected (map area 869.29->869.29, delay 11.00->11.00).
phyopt: round=1 part=mid seed=n597(id=597 center=597 R=4 crit=0.333 pot=0.8333)
phyopt: accepted (map area 869.29->861.04, delay 11.00->11.00).
phyopt: round=1 part=mid seed=n599(id=599 center=599 R=4 crit=0.333 pot=0.8333)
phyopt: accepted (map area 861.04->860.51, delay 11.00->11.00).
phyopt: round=1 part=mid seed=n601(id=601 center=601 R=4 crit=0.333 pot=0.8333)
phyopt: rejected (map area 860.51->866.63, delay 11.00->11.00).
phyopt: round=1 part=mid seed=n602(id=602 center=602 R=4 crit=0.333 pot=0.8333)
phyopt: rejected (map area 860.51->866.63, delay 11.00->11.00).
phyopt: round=1 part=mid seed=n603(id=603 center=603 R=4 crit=0.333 pot=0.8333)
phyopt: rejected (map area 860.51->860.51, delay 11.00->11.00).
phyopt: round=1 part=mid seed=n622(id=622 center=622 R=4 crit=0.333 pot=0.8333)
phyopt: rejected (map area 860.51->860.51, delay 11.00->11.00).
phyopt: round=1 part=mid seed=n623(id=623 center=623 R=4 crit=0.333 pot=0.8333)
phyopt: accepted (map area 860.51->859.45, delay 11.00->11.00).
phyopt: round=1 part=mid seed=n625(id=625 center=625 R=4 crit=0.333 pot=0.8333)
phyopt: rejected (map area 859.45->860.24, delay 11.00->11.00).
phyopt: round=1 part=mid seed=n626(id=626 center=626 R=4 crit=0.333 pot=0.8333)
phyopt: rejected (map area 859.45->859.45, delay 11.00->11.00).
phyopt: round=1 part=mid seed=n627(id=627 center=627 R=4 crit=0.333 pot=0.8333)
phyopt: rejected (map area 859.45->859.45, delay 11.00->11.00).
phyopt: round=1 part=mid seed=n628(id=628 center=628 R=4 crit=0.333 pot=0.8333)
phyopt: rejected (map area 859.45->860.24, delay 11.00->11.00).
phyopt: round=1 part=mid seed=n637(id=637 center=637 R=4 crit=0.333 pot=0.8333)
phyopt: rejected (map area 859.45->859.98, delay 11.00->11.00).
phyopt: round=1 part=mid seed=n931(id=931 center=931 R=4 crit=0.333 pot=0.8333)
phyopt: rejected (map area 859.45->860.78, delay 11.00->11.00).
phyopt: round=1 part=mid seed=n953(id=953 center=953 R=4 crit=0.333 pot=0.8333)
phyopt: accepted (map area 859.45->859.18, delay 11.00->11.00).
phyopt: round=1 part=mid seed=n990(id=990 center=990 R=4 crit=0.333 pot=0.8333)
phyopt: accepted (map area 859.18->858.12, delay 11.00->11.00).
phyopt: round=1 part=mid seed=n1020(id=1020 center=1020 R=4 crit=0.333 pot=0.8333)
phyopt: rejected (map area 858.12->858.12, delay 11.00->11.00).
phyopt: finished round 1/1.
phyopt: partition summary (tried/accepted):
  high : 14 / 22
  low  : 7 / 26
  mid  : 8 / 24
phyopt: per-part seed coverage (topK means top-5 potential within processed seeds):
  high: seeds=30 tried=22(73.3%) accepted=14(63.6%) skipped(marked=8,low_slack=0) topK(tried=4/5 accepted=2 hit=50.0%)
  low: seeds=30 tried=26(86.7%) accepted=7(26.9%) skipped(marked=4,low_slack=0) topK(tried=4/5 accepted=1 hit=25.0%)
  mid: seeds=30 tried=24(80.0%) accepted=8(33.3%) skipped(marked=6,low_slack=0) topK(tried=3/5 accepted=3 hit=100.0%)
phyopt: rejection reason breakdown:
  - runtime_or_eval_fail : 0
  - policy_tradeoff_reject : 17
  - delay_worse : 0
  - area_worse : 26
  - area_and_delay_worse : 0
  - low_part_delay_budget : 0
phyopt: skipped marked=18 low_slack=<0.10=0
phyopt: done, accepted=29 rejected=43 final_nodes=1487 final_levels=26.
Networks are equivalent.  Time =     0.21 sec
