======== ABC command line "source /tmp/ablation_ex242_thresh_tight_285.scr"
Warning: Detected 2 multi-output cells (for example, "FA_X1").
mapper_extract: wrote 14077 lines to "/mnt/d/My_abc_work/abc/my_work/ablation_results/ex242/ex242_thresh_tight.csv".
Loaded 14077 physical records from /mnt/d/My_abc_work/abc/my_work/ablation_results/ex242/ex242_thresh_tight.csv
Potential rebuilt: alpha(low/mid/high)=0.200/0.500/0.800 avg_struct=0.7150 avg_slack=0.2938 avg_opt_mid=0.5044
Physical records : 14077
Gate summary     : NAND=8810 AND=4737 INV=530 OTHER=0
Alpha (L/M/H)    : 0.200 / 0.500 / 0.800
StructW(i/p/f/g) : 0.400 / 0.300 / 0.200 / 0.100
phyopt: start rounds=1, criticality partitions high(>=0.900)->low(<=0.200)->mid, window=16.
phyopt: objective=map(area,delay), low-part delay budget=+10% from pre-opt.
phyopt: round=1 partition sizes high=1491 low=42 mid=12544.
phyopt: round=1 part=high seed=n7545(id=7545 center=7545 R=5 crit=0.929 pot=0.2571)
phyopt: rejected (map area 7408.90->7409.16, delay 16.00->16.00).
phyopt: round=1 part=high seed=n12880(id=12880 center=12880 R=5 crit=0.929 pot=0.2571)
phyopt: rejected (map area 7408.90->7420.07, delay 16.00->16.00).
The node "n14086" with ID 14086 is not in the current network.
phyopt: skip seed=n14086 (cannot resolve center node in current AIG).
phyopt: round=1 part=high seed=n7548(id=7548 center=7548 R=5 crit=0.964 pot=0.2286)
phyopt: accepted (map area 7408.90->7407.83, delay 16.00->16.00).
The node "n13789" with ID 13789 is not in the current network.
phyopt: skip seed=n13789 (cannot resolve center node in current AIG).
The node "n13926" with ID 13926 is not in the current network.
phyopt: skip seed=n13926 (cannot resolve center node in current AIG).
phyopt: round=1 part=high seed=n1981(id=1981 center=1981 R=5 crit=0.929 pot=0.2078)
phyopt: rejected (map area 7407.83->7412.09, delay 16.00->16.00).
phyopt: round=1 part=high seed=n1982(id=1982 center=1982 R=5 crit=0.929 pot=0.2078)
phyopt: accepted (map area 7407.83->7401.98, delay 16.00->16.00).
phyopt: round=1 part=high seed=n1986(id=1986 center=1986 R=5 crit=0.929 pot=0.2078)
phyopt: accepted (map area 7401.98->7401.98, delay 16.00->16.00).
phyopt: round=1 part=high seed=n1993(id=1993 center=1993 R=5 crit=0.929 pot=0.2078)
phyopt: rejected (map area 7401.98->7402.78, delay 16.00->16.00).
phyopt: round=1 part=high seed=n1994(id=1994 center=1994 R=5 crit=0.929 pot=0.2078)
phyopt: rejected (map area 7401.98->7402.25, delay 16.00->16.00).
phyopt: round=1 part=high seed=n2004(id=2004 center=2004 R=5 crit=0.929 pot=0.2078)
phyopt: rejected (map area 7401.98->7404.64, delay 16.00->16.00).
phyopt: round=1 part=high seed=n2005(id=2005 center=2005 R=5 crit=0.929 pot=0.2078)
phyopt: rejected (map area 7401.98->7405.17, delay 16.00->16.00).
phyopt: round=1 part=high seed=n2013(id=2013 center=2013 R=5 crit=0.929 pot=0.2078)
phyopt: accepted (map area 7401.98->7401.45, delay 16.00->16.00).
phyopt: round=1 part=high seed=n2019(id=2019 center=2019 R=5 crit=0.929 pot=0.2078)
phyopt: accepted (map area 7401.45->7395.07, delay 16.00->16.00).
phyopt: round=1 part=high seed=n2021(id=2021 center=2021 R=5 crit=0.929 pot=0.2078)
phyopt: accepted (map area 7395.07->7384.43, delay 16.00->16.00).
phyopt: round=1 part=high seed=n2066(id=2066 center=2066 R=5 crit=0.929 pot=0.2078)
phyopt: accepted (map area 7384.43->7383.63, delay 16.00->16.00).
phyopt: round=1 part=high seed=n2136(id=2136 center=2136 R=5 crit=0.929 pot=0.2078)
phyopt: accepted (map area 7383.63->7375.38, delay 16.00->16.00).
phyopt: round=1 part=high seed=n2138(id=2138 center=2138 R=5 crit=0.929 pot=0.2078)
phyopt: rejected (map area 7375.38->7375.65, delay 16.00->16.00).
phyopt: round=1 part=high seed=n2139(id=2139 center=2139 R=5 crit=0.929 pot=0.2078)
phyopt: accepted (map area 7375.38->7375.38, delay 16.00->16.00).
phyopt: round=1 part=high seed=n2245(id=2245 center=2245 R=5 crit=0.929 pot=0.2078)
phyopt: accepted (map area 7375.38->7375.38, delay 16.00->16.00).
phyopt: round=1 part=low seed=n4262(id=4262 center=4262 R=3 crit=0.000 pot=0.8027)
phyopt: accepted (map area 7375.38->7375.12, delay 16.00->16.00).
phyopt: round=1 part=low seed=n4263(id=4263 center=4263 R=3 crit=0.000 pot=0.8027)
phyopt: accepted (map area 7375.12->7374.58, delay 16.00->16.00).
phyopt: round=1 part=low seed=n1292(id=1292 center=1292 R=3 crit=0.036 pot=0.7956)
phyopt: rejected (map area 7374.58->7374.58, delay 16.00->16.00).
phyopt: round=1 part=low seed=n1295(id=1295 center=1295 R=3 crit=0.036 pot=0.7956)
phyopt: accepted (map area 7374.58->7374.32, delay 16.00->16.00).
phyopt: round=1 part=low seed=n4285(id=4285 center=4285 R=3 crit=0.071 pot=0.7884)
phyopt: rejected (map area 7374.32->7374.32, delay 16.00->16.00).
phyopt: round=1 part=low seed=n4287(id=4287 center=4287 R=3 crit=0.071 pot=0.7884)
phyopt: rejected (map area 7374.32->7374.32, delay 16.00->16.00).
phyopt: round=1 part=low seed=n381(id=381 center=381 R=3 crit=0.107 pot=0.7813)
phyopt: rejected (map area 7374.32->7375.65, delay 16.00->16.00).
phyopt: round=1 part=low seed=n385(id=385 center=385 R=3 crit=0.107 pot=0.7813)
phyopt: rejected (map area 7374.32->7375.12, delay 16.00->16.00).
phyopt: round=1 part=low seed=n386(id=386 center=386 R=3 crit=0.107 pot=0.7813)
phyopt: rejected (map area 7374.32->7375.65, delay 16.00->16.00).
phyopt: round=1 part=low seed=n4281(id=4281 center=4281 R=3 crit=0.107 pot=0.7813)
phyopt: rejected (map area 7374.32->7374.85, delay 16.00->16.00).
phyopt: round=1 part=low seed=n4282(id=4282 center=4282 R=3 crit=0.107 pot=0.7813)
phyopt: rejected (map area 7374.32->7374.85, delay 16.00->16.00).
phyopt: round=1 part=low seed=n4286(id=4286 center=4286 R=3 crit=0.107 pot=0.7813)
phyopt: rejected (map area 7374.32->7376.98, delay 16.00->16.00).
phyopt: round=1 part=low seed=n4288(id=4288 center=4288 R=3 crit=0.107 pot=0.7813)
phyopt: rejected (map area 7374.32->7376.98, delay 16.00->16.00).
phyopt: round=1 part=low seed=n4289(id=4289 center=4289 R=3 crit=0.107 pot=0.7813)
phyopt: rejected (map area 7374.32->7374.32, delay 16.00->16.00).
phyopt: round=1 part=low seed=n4290(id=4290 center=4290 R=3 crit=0.107 pot=0.7813)
phyopt: rejected (map area 7374.32->7374.32, delay 16.00->16.00).
phyopt: round=1 part=low seed=n4435(id=4435 center=4435 R=3 crit=0.107 pot=0.7813)
phyopt: rejected (map area 7374.32->7374.32, delay 16.00->16.00).
phyopt: round=1 part=low seed=n4750(id=4750 center=4750 R=3 crit=0.143 pot=0.7742)
phyopt: rejected (map area 7374.32->7374.32, delay 16.00->16.00).
phyopt: round=1 part=low seed=n5801(id=5801 center=5801 R=3 crit=0.143 pot=0.7742)
phyopt: rejected (map area 7374.32->7374.58, delay 16.00->16.00).
phyopt: round=1 part=low seed=n5802(id=5802 center=5802 R=3 crit=0.143 pot=0.7742)
phyopt: rejected (map area 7374.32->7374.32, delay 16.00->16.00).
phyopt: round=1 part=low seed=n5804(id=5804 center=5804 R=3 crit=0.143 pot=0.7742)
phyopt: rejected (map area 7374.32->7374.32, delay 16.00->16.00).
phyopt: round=1 part=low seed=n5805(id=5805 center=5805 R=3 crit=0.143 pot=0.7742)
phyopt: rejected (map area 7374.32->7374.32, delay 16.00->16.00).
phyopt: round=1 part=low seed=n5811(id=5811 center=5811 R=3 crit=0.143 pot=0.7742)
phyopt: rejected (map area 7374.32->7374.32, delay 16.00->16.00).
phyopt: round=1 part=low seed=n2692(id=2692 center=2692 R=3 crit=0.179 pot=0.7670)
phyopt: accepted (map area 7374.32->7373.52, delay 16.00->16.00).
phyopt: round=1 part=low seed=n4266(id=4266 center=4266 R=3 crit=0.179 pot=0.7670)
phyopt: rejected (map area 7373.52->7373.79, delay 16.00->16.00).
phyopt: round=1 part=low seed=n4267(id=4267 center=4267 R=3 crit=0.179 pot=0.7670)
phyopt: rejected (map area 7373.52->7373.52, delay 16.00->16.00).
phyopt: round=1 part=low seed=n4268(id=4268 center=4268 R=3 crit=0.179 pot=0.7670)
phyopt: rejected (map area 7373.52->7374.05, delay 16.00->16.00).
phyopt: round=1 part=low seed=n4269(id=4269 center=4269 R=3 crit=0.179 pot=0.7670)
phyopt: rejected (map area 7373.52->7373.52, delay 16.00->16.00).
phyopt: round=1 part=low seed=n4385(id=4385 center=4385 R=3 crit=0.179 pot=0.7670)
phyopt: accepted (map area 7373.52->7372.72, delay 16.00->16.00).
phyopt: round=1 part=mid seed=n1236(id=1236 center=1236 R=4 crit=0.250 pot=0.8750)
phyopt: rejected (map area 7372.72->7372.72, delay 16.00->16.00).
phyopt: round=1 part=mid seed=n42(id=42 center=42 R=4 crit=0.286 pot=0.8571)
phyopt: rejected (map area 7372.72->7384.43, delay 16.00->16.00).
phyopt: round=1 part=mid seed=n2273(id=2273 center=2273 R=4 crit=0.286 pot=0.8571)
phyopt: accepted (map area 7372.72->7372.46, delay 16.00->16.00).
phyopt: round=1 part=mid seed=n1474(id=1474 center=1474 R=4 crit=0.321 pot=0.8393)
phyopt: rejected (map area 7372.46->7372.46, delay 16.00->16.00).
phyopt: round=1 part=mid seed=n4648(id=4648 center=4648 R=4 crit=0.321 pot=0.8393)
phyopt: rejected (map area 7372.46->7372.99, delay 16.00->16.00).
phyopt: round=1 part=mid seed=n169(id=169 center=169 R=4 crit=0.357 pot=0.8214)
phyopt: accepted (map area 7372.46->7370.86, delay 16.00->16.00).
phyopt: round=1 part=mid seed=n461(id=461 center=461 R=4 crit=0.357 pot=0.8214)
phyopt: rejected (map area 7370.86->7370.86, delay 16.00->16.00).
phyopt: round=1 part=mid seed=n1681(id=1681 center=1681 R=4 crit=0.357 pot=0.8214)
phyopt: rejected (map area 7370.86->7370.86, delay 16.00->16.00).
phyopt: round=1 part=mid seed=n2443(id=2443 center=2443 R=4 crit=0.357 pot=0.8214)
phyopt: rejected (map area 7370.86->7370.86, delay 16.00->16.00).
phyopt: round=1 part=mid seed=n2461(id=2461 center=2461 R=4 crit=0.393 pot=0.8036)
phyopt: rejected (map area 7370.86->7370.86, delay 16.00->16.00).
phyopt: round=1 part=mid seed=n2787(id=2787 center=2787 R=4 crit=0.393 pot=0.8036)
phyopt: rejected (map area 7370.86->7371.39, delay 16.00->16.00).
phyopt: round=1 part=mid seed=n4391(id=4391 center=4391 R=4 crit=0.393 pot=0.8036)
phyopt: rejected (map area 7370.86->7374.32, delay 16.00->16.00).
phyopt: round=1 part=mid seed=n5614(id=5614 center=5614 R=4 crit=0.393 pot=0.8036)
phyopt: accepted (map area 7370.86->7370.06, delay 16.00->16.00).
phyopt: round=1 part=mid seed=n5716(id=5716 center=5716 R=4 crit=0.393 pot=0.8036)
phyopt: rejected (map area 7370.06->7370.59, delay 16.00->16.00).
phyopt: round=1 part=mid seed=n455(id=455 center=455 R=4 crit=0.429 pot=0.7857)
phyopt: accepted (map area 7370.06->7369.53, delay 16.00->16.00).
phyopt: round=1 part=mid seed=n1676(id=1676 center=1676 R=4 crit=0.429 pot=0.7857)
phyopt: rejected (map area 7369.53->7370.06, delay 16.00->16.00).
phyopt: round=1 part=mid seed=n8845(id=8845 center=8845 R=4 crit=0.429 pot=0.7857)
phyopt: rejected (map area 7369.53->7369.53, delay 16.00->16.00).
phyopt: round=1 part=mid seed=n447(id=447 center=447 R=4 crit=0.214 pot=0.7696)
phyopt: accepted (map area 7369.53->7367.93, delay 16.00->16.00).
phyopt: round=1 part=mid seed=n4402(id=4402 center=4402 R=4 crit=0.214 pot=0.7696)
phyopt: accepted (map area 7367.93->7367.67, delay 16.00->16.00).
phyopt: round=1 part=mid seed=n4447(id=4447 center=4447 R=4 crit=0.214 pot=0.7696)
phyopt: accepted (map area 7367.67->7366.34, delay 16.00->16.00).
phyopt: round=1 part=mid seed=n4803(id=4803 center=4803 R=4 crit=0.214 pot=0.7696)
phyopt: rejected (map area 7366.34->7366.34, delay 16.00->16.00).
phyopt: round=1 part=mid seed=n4805(id=4805 center=4805 R=4 crit=0.214 pot=0.7696)
phyopt: rejected (map area 7366.34->7366.60, delay 16.00->16.00).
phyopt: round=1 part=mid seed=n5649(id=5649 center=5649 R=4 crit=0.214 pot=0.7696)
phyopt: accepted (map area 7366.34->7365.01, delay 16.00->16.00).
phyopt: round=1 part=mid seed=n5790(id=5790 center=5790 R=4 crit=0.214 pot=0.7696)
phyopt: accepted (map area 7365.01->7363.94, delay 16.00->16.00).
phyopt: round=1 part=mid seed=n5853(id=5853 center=5853 R=4 crit=0.214 pot=0.7696)
phyopt: accepted (map area 7363.94->7363.68, delay 16.00->16.00).
phyopt: round=1 part=mid seed=n5854(id=5854 center=5854 R=4 crit=0.214 pot=0.7696)
phyopt: accepted (map area 7363.68->7362.88, delay 16.00->16.00).
phyopt: finished round 1/1.
phyopt: partition summary (tried/accepted):
  high : 10 / 18
  low  : 5 / 28
  mid  : 11 / 26
phyopt: per-part seed coverage (topK means top-5 potential within processed seeds):
  high: seeds=30 tried=18(60.0%) accepted=10(55.6%) skipped(marked=9,low_slack=0) topK(tried=3/5 accepted=1 hit=33.3%)
  low: seeds=30 tried=28(93.3%) accepted=5(17.9%) skipped(marked=2,low_slack=0) topK(tried=4/5 accepted=3 hit=75.0%)
  mid: seeds=30 tried=26(86.7%) accepted=11(42.3%) skipped(marked=4,low_slack=0) topK(tried=5/5 accepted=1 hit=20.0%)
phyopt: rejection reason breakdown:
  - runtime_or_eval_fail : 3
  - policy_tradeoff_reject : 21
  - delay_worse : 0
  - area_worse : 25
  - area_and_delay_worse : 0
  - low_part_delay_budget : 0
phyopt: skipped marked=15 low_slack=<0.10=0
phyopt: done, accepted=26 rejected=49 final_nodes=13448 final_levels=35.
Networks are equivalent.  Time =     0.98 sec
