======== ABC command line "source /tmp/gs1_ex216_A_struct_wide_385.scr"
Warning: Detected 2 multi-output cells (for example, "FA_X1").
mapper_extract: wrote 2966 lines to "/mnt/d/My_abc_work/abc/my_work/grouped_opt_stage1/results/run_stage1_strategy_r1/A/ex216/ex216_A_struct_wide.csv".
Loaded 2966 physical records from /mnt/d/My_abc_work/abc/my_work/grouped_opt_stage1/results/run_stage1_strategy_r1/A/ex216/ex216_A_struct_wide.csv
Potential rebuilt: alpha(low/mid/high)=0.100/0.500/0.900 avg_struct=0.7320 avg_slack=0.2610 avg_opt_mid=0.4965
Physical records : 2966
Gate summary     : NAND=1792 AND=999 INV=175 OTHER=0
Alpha (L/M/H)    : 0.100 / 0.500 / 0.900
StructW(i/p/f/g) : 0.500 / 0.400 / 0.050 / 0.050
phyopt: start rounds=1, criticality partitions high(>=0.900)->low(<=0.250)->mid, window=16.
phyopt: objective=map(area,delay), low-part delay budget=+10% from pre-opt.
phyopt: round=1 partition sizes high=849 low=36 mid=2081.
phyopt: round=1 part=high seed=n1726(id=1726 center=1726 R=5 crit=0.900 pot=0.1900)
phyopt: rejected (map area 1572.59->1573.39, delay 12.00->12.00).
phyopt: round=1 part=high seed=n1742(id=1742 center=1742 R=5 crit=0.900 pot=0.1900)
phyopt: rejected (map area 1572.59->1573.39, delay 12.00->12.00).
phyopt: round=1 part=high seed=n1860(id=1860 center=1860 R=5 crit=0.900 pot=0.1900)
phyopt: accepted (map area 1572.59->1533.22, delay 12.00->12.00).
phyopt: round=1 part=high seed=n2004(id=2004 center=2004 R=5 crit=0.900 pot=0.1900)
phyopt: accepted (map area 1533.22->1530.83, delay 12.00->12.00).
phyopt: round=1 part=high seed=n2312(id=2312 center=2312 R=5 crit=0.900 pot=0.1900)
phyopt: accepted (map area 1530.83->1527.64, delay 12.00->12.00).
phyopt: round=1 part=high seed=n230(id=230 center=230 R=5 crit=0.900 pot=0.1686)
phyopt: accepted (map area 1527.64->1527.11, delay 12.00->12.00).
phyopt: round=1 part=high seed=n263(id=263 center=263 R=5 crit=0.900 pot=0.1686)
phyopt: accepted (map area 1527.11->1522.58, delay 12.00->12.00).
phyopt: round=1 part=high seed=n265(id=265 center=265 R=5 crit=0.900 pot=0.1686)
phyopt: accepted (map area 1522.58->1522.58, delay 12.00->12.00).
phyopt: round=1 part=high seed=n267(id=267 center=267 R=5 crit=0.900 pot=0.1686)
phyopt: accepted (map area 1522.58->1519.13, delay 12.00->12.00).
phyopt: round=1 part=high seed=n269(id=269 center=269 R=5 crit=0.900 pot=0.1686)
phyopt: accepted (map area 1519.13->1509.28, delay 12.00->12.00).
phyopt: round=1 part=high seed=n271(id=271 center=271 R=5 crit=0.900 pot=0.1686)
phyopt: accepted (map area 1509.28->1507.95, delay 12.00->12.00).
phyopt: round=1 part=high seed=n273(id=273 center=273 R=5 crit=0.900 pot=0.1686)
phyopt: accepted (map area 1507.95->1507.42, delay 12.00->12.00).
phyopt: round=1 part=high seed=n691(id=691 center=691 R=5 crit=0.900 pot=0.1686)
phyopt: accepted (map area 1507.42->1500.24, delay 12.00->12.00).
phyopt: round=1 part=high seed=n694(id=694 center=694 R=5 crit=0.900 pot=0.1686)
phyopt: rejected (map area 1500.24->1500.51, delay 12.00->12.00).
phyopt: round=1 part=high seed=n697(id=697 center=697 R=5 crit=0.900 pot=0.1686)
phyopt: rejected (map area 1500.24->1501.84, delay 12.00->12.00).
phyopt: round=1 part=high seed=n710(id=710 center=710 R=5 crit=0.900 pot=0.1686)
phyopt: rejected (map area 1500.24->1500.51, delay 12.00->12.00).
phyopt: round=1 part=high seed=n712(id=712 center=712 R=5 crit=0.900 pot=0.1686)
phyopt: accepted (map area 1500.24->1499.18, delay 12.00->12.00).
phyopt: round=1 part=high seed=n718(id=718 center=718 R=5 crit=0.900 pot=0.1686)
phyopt: accepted (map area 1499.18->1494.65, delay 12.00->12.00).
phyopt: round=1 part=high seed=n1001(id=1001 center=1001 R=5 crit=0.900 pot=0.1686)
phyopt: rejected (map area 1494.65->1495.45, delay 12.00->12.00).
phyopt: round=1 part=high seed=n1004(id=1004 center=1004 R=5 crit=0.900 pot=0.1686)
phyopt: accepted (map area 1494.65->1494.39, delay 12.00->12.00).
phyopt: round=1 part=high seed=n1014(id=1014 center=1014 R=5 crit=0.900 pot=0.1686)
phyopt: accepted (map area 1494.39->1493.32, delay 12.00->12.00).
phyopt: round=1 part=high seed=n1016(id=1016 center=1016 R=5 crit=0.900 pot=0.1686)
phyopt: rejected (map area 1493.32->1493.59, delay 12.00->12.00).
phyopt: round=1 part=high seed=n1018(id=1018 center=1018 R=5 crit=0.900 pot=0.1686)
phyopt: accepted (map area 1493.32->1490.66, delay 12.00->12.00).
phyopt: round=1 part=high seed=n1256(id=1256 center=1256 R=5 crit=0.900 pot=0.1686)
phyopt: accepted (map area 1490.66->1490.66, delay 12.00->12.00).
phyopt: round=1 part=high seed=n1258(id=1258 center=1258 R=5 crit=0.900 pot=0.1686)
phyopt: accepted (map area 1490.66->1490.66, delay 12.00->12.00).
phyopt: round=1 part=high seed=n1263(id=1263 center=1263 R=5 crit=0.900 pot=0.1686)
phyopt: accepted (map area 1490.66->1490.66, delay 12.00->12.00).
phyopt: round=1 part=high seed=n1381(id=1381 center=1381 R=5 crit=0.900 pot=0.1686)
phyopt: accepted (map area 1490.66->1490.40, delay 12.00->12.00).
phyopt: round=1 part=high seed=n1385(id=1385 center=1385 R=5 crit=0.900 pot=0.1686)
phyopt: accepted (map area 1490.40->1488.80, delay 12.00->12.00).
phyopt: round=1 part=high seed=n1394(id=1394 center=1394 R=5 crit=0.900 pot=0.1686)
phyopt: accepted (map area 1488.80->1488.27, delay 12.00->12.00).
phyopt: round=1 part=high seed=n1396(id=1396 center=1396 R=5 crit=0.900 pot=0.1686)
phyopt: accepted (map area 1488.27->1487.21, delay 12.00->12.00).
phyopt: round=1 part=low seed=n2036(id=2036 center=2036 R=3 crit=0.000 pot=0.8076)
phyopt: rejected (map area 1487.21->1488.00, delay 12.00->12.00).
phyopt: round=1 part=low seed=n2037(id=2037 center=2037 R=3 crit=0.000 pot=0.8076)
phyopt: rejected (map area 1487.21->1487.21, delay 12.00->12.00).
phyopt: round=1 part=low seed=n2038(id=2038 center=2038 R=3 crit=0.000 pot=0.8076)
phyopt: accepted (map area 1487.21->1485.88, delay 12.00->12.00).
phyopt: round=1 part=low seed=n893(id=893 center=893 R=3 crit=0.050 pot=0.8026)
phyopt: rejected (map area 1485.88->1486.14, delay 12.00->12.00).
phyopt: round=1 part=low seed=n740(id=740 center=740 R=3 crit=0.150 pot=0.7926)
phyopt: rejected (map area 1485.88->1486.14, delay 12.00->12.00).
phyopt: round=1 part=low seed=n741(id=741 center=741 R=3 crit=0.150 pot=0.7926)
phyopt: rejected (map area 1485.88->1486.14, delay 12.00->12.00).
phyopt: round=1 part=low seed=n746(id=746 center=746 R=3 crit=0.150 pot=0.7926)
phyopt: accepted (map area 1485.88->1485.61, delay 12.00->12.00).
phyopt: round=1 part=low seed=n428(id=428 center=428 R=3 crit=0.200 pot=0.7876)
phyopt: accepted (map area 1485.61->1485.34, delay 12.00->12.00).
phyopt: round=1 part=low seed=n431(id=431 center=431 R=3 crit=0.200 pot=0.7876)
phyopt: rejected (map area 1485.34->1485.34, delay 12.00->12.00).
phyopt: round=1 part=low seed=n2067(id=2067 center=2067 R=3 crit=0.200 pot=0.7876)
phyopt: rejected (map area 1485.34->1485.61, delay 12.00->12.00).
phyopt: round=1 part=low seed=n2068(id=2068 center=2068 R=3 crit=0.200 pot=0.7876)
phyopt: accepted (map area 1485.34->1485.08, delay 12.00->12.00).
phyopt: round=1 part=low seed=n2192(id=2192 center=2192 R=3 crit=0.200 pot=0.7876)
phyopt: rejected (map area 1485.08->1486.41, delay 12.00->12.00).
phyopt: round=1 part=low seed=n2219(id=2219 center=2219 R=3 crit=0.200 pot=0.7876)
phyopt: rejected (map area 1485.08->1485.08, delay 12.00->12.00).
phyopt: round=1 part=low seed=n429(id=429 center=429 R=3 crit=0.250 pot=0.7826)
phyopt: rejected (map area 1485.08->1485.08, delay 12.00->12.00).
phyopt: round=1 part=low seed=n433(id=433 center=433 R=3 crit=0.250 pot=0.7826)
phyopt: rejected (map area 1485.08->1486.94, delay 12.00->12.00).
phyopt: round=1 part=low seed=n434(id=434 center=434 R=3 crit=0.250 pot=0.7826)
phyopt: accepted (map area 1485.08->1484.81, delay 12.00->12.00).
phyopt: round=1 part=low seed=n470(id=470 center=470 R=3 crit=0.250 pot=0.7826)
phyopt: rejected (map area 1484.81->1484.81, delay 12.00->12.00).
phyopt: round=1 part=low seed=n471(id=471 center=471 R=3 crit=0.250 pot=0.7826)
phyopt: rejected (map area 1484.81->1484.81, delay 12.00->12.00).
phyopt: round=1 part=low seed=n745(id=745 center=745 R=3 crit=0.250 pot=0.7826)
phyopt: rejected (map area 1484.81->1484.81, delay 12.00->12.00).
phyopt: round=1 part=low seed=n748(id=748 center=748 R=3 crit=0.250 pot=0.7826)
phyopt: rejected (map area 1484.81->1485.61, delay 12.00->12.00).
phyopt: round=1 part=low seed=n924(id=924 center=924 R=3 crit=0.250 pot=0.7826)
phyopt: accepted (map area 1484.81->1484.55, delay 12.00->12.00).
phyopt: round=1 part=low seed=n1201(id=1201 center=1201 R=3 crit=0.250 pot=0.7826)
phyopt: rejected (map area 1484.55->1484.55, delay 12.00->12.00).
phyopt: round=1 part=low seed=n2039(id=2039 center=2039 R=3 crit=0.250 pot=0.7826)
phyopt: rejected (map area 1484.55->1484.55, delay 12.00->12.00).
phyopt: round=1 part=low seed=n2040(id=2040 center=2040 R=3 crit=0.250 pot=0.7826)
phyopt: accepted (map area 1484.55->1484.01, delay 12.00->12.00).
phyopt: round=1 part=low seed=n2042(id=2042 center=2042 R=3 crit=0.250 pot=0.7826)
phyopt: rejected (map area 1484.01->1484.01, delay 12.00->12.00).
phyopt: round=1 part=low seed=n2190(id=2190 center=2190 R=3 crit=0.250 pot=0.7826)
phyopt: rejected (map area 1484.01->1484.55, delay 12.00->12.00).
phyopt: round=1 part=low seed=n2201(id=2201 center=2201 R=3 crit=0.250 pot=0.7826)
phyopt: rejected (map area 1484.01->1484.01, delay 12.00->12.00).
phyopt: round=1 part=low seed=n2202(id=2202 center=2202 R=3 crit=0.250 pot=0.7826)
phyopt: rejected (map area 1484.01->1484.01, delay 12.00->12.00).
phyopt: round=1 part=low seed=n2203(id=2203 center=2203 R=3 crit=0.250 pot=0.7826)
phyopt: rejected (map area 1484.01->1484.01, delay 12.00->12.00).
phyopt: round=1 part=low seed=n2221(id=2221 center=2221 R=3 crit=0.250 pot=0.7826)
phyopt: rejected (map area 1484.01->1484.01, delay 12.00->12.00).
phyopt: round=1 part=low seed=n2246(id=2246 center=2246 R=3 crit=0.250 pot=0.7826)
phyopt: rejected (map area 1484.01->1486.14, delay 12.00->12.00).
phyopt: round=1 part=low seed=n2191(id=2191 center=2191 R=3 crit=0.250 pot=0.7687)
phyopt: accepted (map area 1484.01->1483.75, delay 12.00->12.00).
phyopt: round=1 part=low seed=n2247(id=2247 center=2247 R=3 crit=0.250 pot=0.7687)
phyopt: rejected (map area 1483.75->1485.34, delay 12.00->12.00).
phyopt: round=1 part=mid seed=n643(id=643 center=643 R=4 crit=0.350 pot=0.8250)
phyopt: rejected (map area 1483.75->1484.81, delay 12.00->12.00).
phyopt: round=1 part=mid seed=n844(id=844 center=844 R=4 crit=0.350 pot=0.8250)
phyopt: rejected (map area 1483.75->1485.61, delay 12.00->12.00).
phyopt: round=1 part=mid seed=n1574(id=1574 center=1574 R=4 crit=0.350 pot=0.8250)
phyopt: rejected (map area 1483.75->1484.28, delay 12.00->12.00).
phyopt: round=1 part=mid seed=n2226(id=2226 center=2226 R=4 crit=0.350 pot=0.8250)
phyopt: accepted (map area 1483.75->1483.48, delay 12.00->12.00).
phyopt: round=1 part=mid seed=n2251(id=2251 center=2251 R=4 crit=0.350 pot=0.8250)
phyopt: rejected (map area 1483.48->1483.48, delay 12.00->12.00).
phyopt: round=1 part=mid seed=n758(id=758 center=758 R=4 crit=0.400 pot=0.8000)
phyopt: rejected (map area 1483.48->1484.28, delay 12.00->12.00).
phyopt: round=1 part=mid seed=n2223(id=2223 center=2223 R=4 crit=0.400 pot=0.8000)
phyopt: rejected (map area 1483.48->1483.48, delay 12.00->12.00).
phyopt: round=1 part=mid seed=n149(id=149 center=149 R=4 crit=0.450 pot=0.7750)
phyopt: accepted (map area 1483.48->1482.95, delay 12.00->12.00).
phyopt: round=1 part=mid seed=n995(id=995 center=995 R=4 crit=0.450 pot=0.7750)
phyopt: rejected (map area 1482.95->1482.95, delay 12.00->12.00).
phyopt: round=1 part=mid seed=n1097(id=1097 center=1097 R=4 crit=0.450 pot=0.7750)
phyopt: rejected (map area 1482.95->1482.95, delay 12.00->12.00).
phyopt: round=1 part=mid seed=n1155(id=1155 center=1155 R=4 crit=0.450 pot=0.7750)
phyopt: accepted (map area 1482.95->1482.42, delay 12.00->12.00).
phyopt: round=1 part=mid seed=n151(id=151 center=151 R=4 crit=0.500 pot=0.7500)
phyopt: accepted (map area 1482.42->1480.02, delay 12.00->12.00).
phyopt: round=1 part=mid seed=n524(id=524 center=524 R=4 crit=0.500 pot=0.7500)
phyopt: accepted (map area 1480.02->1476.83, delay 12.00->12.00).
phyopt: round=1 part=mid seed=n1362(id=1362 center=1362 R=4 crit=0.500 pot=0.7500)
phyopt: accepted (map area 1476.83->1476.57, delay 12.00->12.00).
phyopt: round=1 part=mid seed=n463(id=463 center=463 R=4 crit=0.300 pot=0.7431)
phyopt: rejected (map area 1476.57->1476.57, delay 12.00->12.00).
phyopt: round=1 part=mid seed=n464(id=464 center=464 R=4 crit=0.300 pot=0.7431)
phyopt: accepted (map area 1476.57->1476.03, delay 12.00->12.00).
phyopt: round=1 part=mid seed=n658(id=658 center=658 R=4 crit=0.300 pot=0.7431)
phyopt: accepted (map area 1476.03->1475.77, delay 12.00->12.00).
phyopt: round=1 part=mid seed=n754(id=754 center=754 R=4 crit=0.300 pot=0.7431)
phyopt: rejected (map area 1475.77->1475.77, delay 12.00->12.00).
phyopt: round=1 part=mid seed=n775(id=775 center=775 R=4 crit=0.300 pot=0.7431)
phyopt: accepted (map area 1475.77->1472.58, delay 12.00->12.00).
phyopt: round=1 part=mid seed=n848(id=848 center=848 R=4 crit=0.300 pot=0.7431)
phyopt: rejected (map area 1472.58->1473.64, delay 12.00->12.00).
phyopt: round=1 part=mid seed=n1066(id=1066 center=1066 R=4 crit=0.300 pot=0.7431)
phyopt: rejected (map area 1472.58->1474.44, delay 12.00->12.00).
phyopt: round=1 part=mid seed=n1196(id=1196 center=1196 R=4 crit=0.300 pot=0.7431)
phyopt: rejected (map area 1472.58->1472.58, delay 12.00->12.00).
phyopt: round=1 part=mid seed=n2045(id=2045 center=2045 R=4 crit=0.300 pot=0.7431)
phyopt: accepted (map area 1472.58->1472.04, delay 12.00->12.00).
phyopt: round=1 part=mid seed=n2053(id=2053 center=2053 R=4 crit=0.300 pot=0.7431)
phyopt: accepted (map area 1472.04->1471.78, delay 12.00->12.00).
phyopt: round=1 part=mid seed=n2204(id=2204 center=2204 R=4 crit=0.300 pot=0.7431)
phyopt: accepted (map area 1471.78->1470.45, delay 12.00->12.00).
phyopt: round=1 part=mid seed=n2213(id=2213 center=2213 R=4 crit=0.300 pot=0.7431)
phyopt: accepted (map area 1470.45->1469.65, delay 12.00->12.00).
phyopt: round=1 part=mid seed=n2215(id=2215 center=2215 R=4 crit=0.300 pot=0.7431)
phyopt: rejected (map area 1469.65->1469.65, delay 12.00->12.00).
phyopt: round=1 part=mid seed=n2216(id=2216 center=2216 R=4 crit=0.300 pot=0.7431)
phyopt: rejected (map area 1469.65->1469.65, delay 12.00->12.00).
phyopt: round=1 part=mid seed=n2217(id=2217 center=2217 R=4 crit=0.300 pot=0.7431)
phyopt: accepted (map area 1469.65->1468.85, delay 12.00->12.00).
phyopt: round=1 part=mid seed=n2222(id=2222 center=2222 R=4 crit=0.300 pot=0.7431)
phyopt: accepted (map area 1468.85->1468.32, delay 12.00->12.00).
phyopt: round=1 part=mid seed=n2248(id=2248 center=2248 R=4 crit=0.300 pot=0.7431)
phyopt: accepted (map area 1468.32->1467.79, delay 12.00->12.00).
phyopt: round=1 part=mid seed=n212(id=212 center=212 R=4 crit=0.550 pot=0.7250)
phyopt: accepted (map area 1467.79->1466.99, delay 12.00->12.00).
phyopt: finished round 1/1.
phyopt: partition summary (tried/accepted):
  high : 23 / 30
  low  : 8 / 33
  mid  : 17 / 32
phyopt: per-part seed coverage (topK means top-5 potential within processed seeds):
  high: seeds=40 tried=30(75.0%) accepted=23(76.7%) skipped(marked=10,low_slack=0) topK(tried=5/5 accepted=3 hit=60.0%)
  low: seeds=36 tried=33(91.7%) accepted=8(24.2%) skipped(marked=3,low_slack=0) topK(tried=5/5 accepted=1 hit=20.0%)
  mid: seeds=40 tried=32(80.0%) accepted=17(53.1%) skipped(marked=8,low_slack=0) topK(tried=5/5 accepted=1 hit=20.0%)
phyopt: rejection reason breakdown:
  - runtime_or_eval_fail : 0
  - policy_tradeoff_reject : 23
  - delay_worse : 0
  - area_worse : 24
  - area_and_delay_worse : 0
  - low_part_delay_budget : 0
phyopt: skipped marked=21 low_slack=<0.10=0
phyopt: done, accepted=48 rejected=47 final_nodes=2596 final_levels=25.
Networks are equivalent.  Time =     0.23 sec
