======== ABC command line "source /tmp/ex201_013_optimized_306.scr"
Library "NangateOpenCellLibrary" from "/mnt/d/My_abc_work/abc/my_work/c17_work/NangateOpenCellLibrary_typical.lib" has 90 cells (45 skipped: 21 seq; 6 tri-state; 8 no func; 10 dont_use; 0 with 2 outputs; 0 with 3+ outputs).  Time =     0.15 sec
Warning: Detected 2 multi-output cells (for example, "FA_X1").
mapper_extract: wrote 1913 lines to "/mnt/d/My_abc_work/abc/my_work/dynamic_scheduler_work/result/run_iwls26_model_equiv_adaptseq_20260415_204312/ex201_013/ex201_013_phy.csv".
Loaded 1913 physical records from /mnt/d/My_abc_work/abc/my_work/dynamic_scheduler_work/result/run_iwls26_model_equiv_adaptseq_20260415_204312/ex201_013/ex201_013_phy.csv
Potential rebuilt: alpha(low/mid/high)=0.300/0.500/0.800 avg_struct=0.6785 avg_slack=0.2376 avg_opt=0.4029
Physical records : 1913
Gate summary     : NAND=1155 AND=473 INV=284 OTHER=1
Alpha (L/M/H)    : 0.300 / 0.500 / 0.800
StructW(i/p/f/g) : 0.500 / 0.400 / 0.050 / 0.050
phyopt: start rounds=3, criticality partitions high(>=0.900)->low(<=0.250)->mid, window=16, mode=dynamic.
phyopt: objective=delay-non-regression + area minimization (delay_eps=0.001 rel_tol=0 area_eps=0.001 delay_only=off).
phyopt: dynamic scheduler enabled (init=15%, leader=5%, probe=1%, part-stop=10, global-stop=2, L2=off, L2-topk-init=2, L2-topk-step=1).
phyopt: funnel L0=on(keep=80%) L1=on(init=0.200 target=0.45 warmup=12 min_try=16).
phyopt: seq-template adaptive=on warmup_per_part=6 (templates=3).
phyopt: anneal=on(start=1.00 min=0.60 decay=0.850 keep_boost=20 l1_slack=0.200).
phyopt: case timeout enabled (300 sec).
phyopt: micro-model on (loaded=yes, samples=2307, blendL0=0.45, blendL1=0.30, keep_target=28% [35%,95%]).
phyopt: round=1 partition sizes high=638 low=17 mid=1258.
phyopt: part=high seed=n88(id=88 center=88 R=5 tpl=0 crit=0.900 pot=0.2800)
phyopt: rejected (map area 1225.75->1178.17, delay 252.24->258.51).
phyopt: part=high seed=n169(id=169 center=169 R=5 tpl=1 crit=0.900 pot=0.2800)
phyopt: rejected (map area 1225.75->1226.52, delay 252.24->252.24).
phyopt: part=high seed=n177(id=177 center=177 R=5 tpl=2 crit=0.900 pot=0.2800)
phyopt: rejected (map area 1225.75->1211.90, delay 252.24->253.47).
phyopt: part=high seed=n219(id=219 center=219 R=5 tpl=0 crit=0.900 pot=0.2800)
phyopt: accepted (map area 1225.75->1220.42, delay 252.24->252.24).
phyopt: part=high seed=n221(id=221 center=221 R=5 tpl=1 crit=0.900 pot=0.2800)
phyopt: rejected (map area 1220.42->1186.59, delay 252.24->256.80).
phyopt: part=high seed=n270(id=270 center=270 R=5 tpl=2 crit=0.900 pot=0.2800)
phyopt: rejected (map area 1220.42->1221.48, delay 252.24->252.24).
phyopt: part=high seed=n280(id=280 center=280 R=5 tpl=0 crit=0.900 pot=0.2800)
phyopt: rejected (map area 1220.42->1224.40, delay 252.24->252.24).
phyopt: part=high seed=n367(id=367 center=367 R=5 tpl=0 crit=0.900 pot=0.2800)
phyopt: rejected (map area 1220.42->1185.59, delay 252.24->257.58).
phyopt: part=high seed=n446(id=446 center=446 R=5 tpl=0 crit=0.900 pot=0.2800)
phyopt: rejected (map area 1220.42->1193.78, delay 252.24->255.21).
phyopt: part=high seed=n560(id=560 center=560 R=5 tpl=0 crit=0.900 pot=0.2800)
phyopt: rejected (map area 1220.42->1239.76, delay 252.24->253.20).
phyopt: part=high seed=n715(id=715 center=715 R=5 tpl=0 crit=0.900 pot=0.2800)
phyopt: accepted (map area 1220.42->1217.99, delay 252.24->252.24).
phyopt: part=high seed=n736(id=736 center=736 R=5 tpl=0 crit=0.900 pot=0.2800)
phyopt: rejected (map area 1217.99->1203.82, delay 252.24->253.46).
phyopt: part=high seed=n1100(id=1100 center=1100 R=5 tpl=0 crit=0.900 pot=0.2800)
phyopt: accepted (map area 1217.99->1217.73, delay 252.24->252.24).
phyopt: part=high seed=n1183(id=1183 center=1183 R=5 tpl=0 crit=0.900 pot=0.2800)
phyopt: accepted (map area 1217.73->1217.45, delay 252.24->252.24).
phyopt: part=high seed=n1223(id=1223 center=1223 R=5 tpl=0 crit=0.900 pot=0.2800)
phyopt: rejected (map area 1217.45->1221.43, delay 252.24->253.12).
phyopt: part=high seed=n1228(id=1228 center=1228 R=5 tpl=0 crit=0.900 pot=0.2800)
phyopt: rejected (map area 1217.45->1224.34, delay 252.24->252.24).
phyopt: part=low seed=n310(id=310 center=310 R=3 tpl=0 crit=0.000 pot=0.8498)
phyopt: accepted (map area 1217.45->1216.93, delay 252.24->252.24).
The node "n1686" with ID 1686 is not in the current network.
phyopt: skip seed=n1686 (cannot resolve center node in current AIG).
phyopt: part=low seed=n245(id=245 center=245 R=3 tpl=2 crit=0.200 pot=0.7898)
phyopt: rejected (map area 1216.93->1216.93, delay 252.24->252.24).
phyopt: part=mid seed=n1555(id=1555 center=1555 R=4 tpl=0 crit=0.300 pot=0.8500)
phyopt: rejected (map area 1216.93->1216.94, delay 252.24->252.24).
The node "n1718" with ID 1718 is not in the current network.
phyopt: skip seed=n1718 (cannot resolve center node in current AIG).
phyopt: part=mid seed=n616(id=616 center=616 R=4 tpl=2 crit=0.400 pot=0.8000)
phyopt: rejected (map area 1216.93->1217.67, delay 252.24->252.24).
phyopt: part=mid seed=n1466(id=1466 center=1466 R=4 tpl=0 crit=0.400 pot=0.8000)
phyopt: accepted (map area 1216.93->1215.64, delay 252.24->252.24).
The node "n1684" with ID 1684 is not in the current network.
phyopt: skip seed=n1684 (cannot resolve center node in current AIG).
The node "n1862" with ID 1862 is not in the current network.
phyopt: skip seed=n1862 (cannot resolve center node in current AIG).
phyopt: part=mid seed=n448(id=448 center=448 R=4 tpl=0 crit=0.500 pot=0.7500)
phyopt: rejected (map area 1215.64->1216.70, delay 252.24->252.24).
phyopt: part=mid seed=n552(id=552 center=552 R=4 tpl=1 crit=0.500 pot=0.7500)
phyopt: rejected (map area 1215.64->1236.59, delay 252.24->253.13).
phyopt: part=mid seed=n692(id=692 center=692 R=4 tpl=2 crit=0.500 pot=0.7500)
phyopt: rejected (map area 1215.64->1215.64, delay 252.24->252.24).
phyopt: part=mid seed=n795(id=795 center=795 R=4 tpl=0 crit=0.500 pot=0.7500)
phyopt: rejected (map area 1215.64->1216.14, delay 252.24->252.24).
phyopt: part=mid seed=n854(id=854 center=854 R=4 tpl=1 crit=0.500 pot=0.7500)
phyopt: rejected (map area 1215.64->1215.64, delay 252.24->252.24).
phyopt: part=mid seed=n1470(id=1470 center=1470 R=4 tpl=0 crit=0.500 pot=0.7500)
phyopt: rejected (map area 1215.64->1215.64, delay 252.24->252.24).
phyopt: part=mid seed=n1490(id=1490 center=1490 R=4 tpl=2 crit=0.500 pot=0.7500)
phyopt: rejected (map area 1215.64->1210.88, delay 252.24->255.12).
The node "n1724" with ID 1724 is not in the current network.
phyopt: skip seed=n1724 (cannot resolve center node in current AIG).
The node "n1840" with ID 1840 is not in the current network.
phyopt: skip seed=n1840 (cannot resolve center node in current AIG).
phyopt: part=mid seed=n584(id=584 center=584 R=4 tpl=0 crit=0.600 pot=0.7000)
phyopt: rejected (map area 1215.64->1218.54, delay 252.24->252.24).
phyopt: part=mid seed=n621(id=621 center=621 R=4 tpl=1 crit=0.600 pot=0.7000)
phyopt: rejected (map area 1215.64->1227.34, delay 252.24->253.75).
phyopt: part=mid seed=n672(id=672 center=672 R=4 tpl=2 crit=0.600 pot=0.7000)
phyopt: rejected (map area 1215.64->1196.51, delay 252.24->258.35).
phyopt: part=mid seed=n685(id=685 center=685 R=4 tpl=0 crit=0.600 pot=0.7000)
phyopt: rejected (map area 1215.64->1181.67, delay 252.24->257.40).
phyopt: part=mid seed=n842(id=842 center=842 R=4 tpl=0 crit=0.600 pot=0.7000)
phyopt: rejected (map area 1215.64->1215.64, delay 252.24->252.24).
phyopt: part=mid seed=n845(id=845 center=845 R=4 tpl=2 crit=0.600 pot=0.7000)
phyopt: rejected (map area 1215.64->1185.07, delay 252.24->257.89).
phyopt: part=low seed=n247(id=247 center=247 R=3 tpl=0 crit=0.200 pot=0.7898)
phyopt: rejected (map area 1215.64->1215.64, delay 252.24->252.24).
phyopt: part=low seed=n248(id=248 center=248 R=3 tpl=1 crit=0.200 pot=0.7898)
phyopt: rejected (map area 1215.64->1203.05, delay 252.24->253.45).
phyopt: L0/L1 skips high=0/94 low=0/0 mid=0/194, L1-threshold=0.2863, anneal_temp=1.000.
phyopt: adaptive keep high/low/mid=95%/62%/95%.
phyopt: finished round 1/3.
mapper_extract: wrote 1913 lines to "/mnt/d/My_abc_work/abc/my_work/dynamic_scheduler_work/result/run_iwls26_model_equiv_adaptseq_20260415_204312/ex201_013/ex201_013_phy.csv".
Loaded 1913 physical records from /mnt/d/My_abc_work/abc/my_work/dynamic_scheduler_work/result/run_iwls26_model_equiv_adaptseq_20260415_204312/ex201_013/ex201_013_phy.csv
Potential rebuilt: alpha(low/mid/high)=0.300/0.500/0.800 avg_struct=0.6786 avg_slack=0.2336 avg_opt=0.3971
phyopt: round=2 partition sizes high=667 low=18 mid=1228.
phyopt: part=high seed=n88(id=88 center=88 R=5 tpl=0 crit=0.900 pot=0.2800)
phyopt: rejected (map area 1215.64->1183.29, delay 252.24->258.51).
phyopt: part=high seed=n169(id=169 center=169 R=5 tpl=0 crit=0.900 pot=0.2800)
phyopt: rejected (map area 1215.64->1223.03, delay 252.24->252.24).
phyopt: part=high seed=n177(id=177 center=177 R=5 tpl=0 crit=0.900 pot=0.2800)
phyopt: rejected (map area 1215.64->1216.45, delay 252.24->253.17).
phyopt: part=high seed=n217(id=217 center=217 R=5 tpl=0 crit=0.900 pot=0.2800)
phyopt: rejected (map area 1215.64->1219.09, delay 252.24->252.24).
phyopt: part=high seed=n339(id=339 center=339 R=5 tpl=0 crit=0.900 pot=0.2800)
phyopt: rejected (map area 1215.64->1215.67, delay 252.24->253.31).
phyopt: part=high seed=n348(id=348 center=348 R=5 tpl=0 crit=0.900 pot=0.2800)
phyopt: accepted (map area 1215.64->1214.82, delay 252.24->252.24).
phyopt: part=high seed=n351(id=351 center=351 R=5 tpl=0 crit=0.900 pot=0.2800)
phyopt: rejected (map area 1214.82->1214.82, delay 252.24->252.24).
phyopt: part=high seed=n367(id=367 center=367 R=5 tpl=0 crit=0.900 pot=0.2800)
phyopt: rejected (map area 1214.82->1171.00, delay 252.24->258.51).
phyopt: part=high seed=n446(id=446 center=446 R=5 tpl=0 crit=0.900 pot=0.2800)
phyopt: rejected (map area 1214.82->1173.86, delay 252.24->259.01).
phyopt: part=high seed=n560(id=560 center=560 R=5 tpl=0 crit=0.900 pot=0.2800)
phyopt: rejected (map area 1214.82->1231.11, delay 252.24->253.75).
phyopt: part=high seed=n727(id=727 center=727 R=5 tpl=0 crit=0.900 pot=0.2800)
phyopt: rejected (map area 1214.82->1123.41, delay 252.24->273.84).
phyopt: part=high seed=n1223(id=1223 center=1223 R=5 tpl=2 crit=0.900 pot=0.2800)
phyopt: rejected (map area 1214.82->1221.47, delay 252.24->253.12).
phyopt: part=high seed=n1228(id=1228 center=1228 R=5 tpl=0 crit=0.900 pot=0.2800)
phyopt: rejected (map area 1214.82->1222.24, delay 252.24->252.24).
phyopt: part=high seed=n1267(id=1267 center=1267 R=5 tpl=0 crit=0.900 pot=0.2800)
phyopt: rejected (map area 1214.82->1164.31, delay 252.24->261.87).
phyopt: part=high seed=n1278(id=1278 center=1278 R=5 tpl=1 crit=0.900 pot=0.2800)
phyopt: rejected (map area 1214.82->1225.78, delay 252.24->253.31).
phyopt: part=high seed=n1354(id=1354 center=1354 R=5 tpl=0 crit=0.900 pot=0.2800)
phyopt: rejected (map area 1214.82->1218.58, delay 252.24->252.24).
phyopt: part=low seed=n357(id=357 center=357 R=3 tpl=2 crit=0.000 pot=0.8498)
phyopt: rejected (map area 1214.82->1215.89, delay 252.24->252.24).
The node "n1686" with ID 1686 is not in the current network.
phyopt: skip seed=n1686 (cannot resolve center node in current AIG).
phyopt: part=low seed=n245(id=245 center=245 R=3 tpl=1 crit=0.200 pot=0.7898)
phyopt: rejected (map area 1214.82->1214.82, delay 252.24->252.24).
phyopt: part=mid seed=n1555(id=1555 center=1555 R=4 tpl=0 crit=0.300 pot=0.8500)
phyopt: rejected (map area 1214.82->1214.83, delay 252.24->252.24).
The node "n1716" with ID 1716 is not in the current network.
phyopt: skip seed=n1716 (cannot resolve center node in current AIG).
phyopt: part=mid seed=n616(id=616 center=616 R=4 tpl=1 crit=0.400 pot=0.8000)
phyopt: rejected (map area 1214.82->1216.62, delay 252.24->252.24).
The node "n1684" with ID 1684 is not in the current network.
phyopt: skip seed=n1684 (cannot resolve center node in current AIG).
The node "n1862" with ID 1862 is not in the current network.
phyopt: skip seed=n1862 (cannot resolve center node in current AIG).
phyopt: part=mid seed=n448(id=448 center=448 R=4 tpl=2 crit=0.500 pot=0.7500)
phyopt: rejected (map area 1214.82->1215.88, delay 252.24->252.24).
phyopt: part=mid seed=n552(id=552 center=552 R=4 tpl=0 crit=0.500 pot=0.7500)
phyopt: rejected (map area 1214.82->1237.67, delay 252.24->253.13).
phyopt: part=mid seed=n621(id=621 center=621 R=4 tpl=2 crit=0.500 pot=0.7500)
phyopt: rejected (map area 1214.82->1218.79, delay 252.24->252.24).
phyopt: part=mid seed=n692(id=692 center=692 R=4 tpl=0 crit=0.500 pot=0.7500)
phyopt: rejected (map area 1214.82->1214.82, delay 252.24->252.24).
phyopt: part=mid seed=n795(id=795 center=795 R=4 tpl=1 crit=0.500 pot=0.7500)
phyopt: rejected (map area 1214.82->1215.60, delay 252.24->252.24).
phyopt: part=mid seed=n855(id=855 center=855 R=4 tpl=2 crit=0.500 pot=0.7500)
phyopt: rejected (map area 1214.82->1218.02, delay 252.24->252.24).
phyopt: part=mid seed=n1470(id=1470 center=1470 R=4 tpl=0 crit=0.500 pot=0.7500)
phyopt: rejected (map area 1214.82->1214.82, delay 252.24->252.24).
phyopt: part=mid seed=n1490(id=1490 center=1490 R=4 tpl=2 crit=0.500 pot=0.7500)
phyopt: rejected (map area 1214.82->1211.98, delay 252.24->255.12).
The node "n1724" with ID 1724 is not in the current network.
phyopt: skip seed=n1724 (cannot resolve center node in current AIG).
The node "n1753" with ID 1753 is not in the current network.
phyopt: skip seed=n1753 (cannot resolve center node in current AIG).
The node "n1840" with ID 1840 is not in the current network.
phyopt: skip seed=n1840 (cannot resolve center node in current AIG).
phyopt: part=mid seed=n584(id=584 center=584 R=4 tpl=0 crit=0.600 pot=0.7000)
phyopt: rejected (map area 1214.82->1217.99, delay 252.24->252.24).
phyopt: part=mid seed=n672(id=672 center=672 R=4 tpl=2 crit=0.600 pot=0.7000)
phyopt: rejected (map area 1214.82->1196.80, delay 252.24->258.35).
phyopt: part=mid seed=n685(id=685 center=685 R=4 tpl=1 crit=0.600 pot=0.7000)
phyopt: rejected (map area 1214.82->1180.05, delay 252.24->257.40).
phyopt: part=mid seed=n842(id=842 center=842 R=4 tpl=0 crit=0.600 pot=0.7000)
phyopt: rejected (map area 1214.82->1214.82, delay 252.24->252.24).
phyopt: part=mid seed=n845(id=845 center=845 R=4 tpl=2 crit=0.600 pot=0.7000)
phyopt: rejected (map area 1214.82->1182.68, delay 252.24->257.89).
phyopt: part=mid seed=n933(id=933 center=933 R=4 tpl=0 crit=0.600 pot=0.7000)
phyopt: accepted (map area 1214.82->1213.22, delay 252.24->252.24).
phyopt: part=low seed=n247(id=247 center=247 R=3 tpl=0 crit=0.200 pot=0.7898)
phyopt: rejected (map area 1213.22->1213.22, delay 252.24->252.24).
phyopt: part=low seed=n248(id=248 center=248 R=3 tpl=0 crit=0.200 pot=0.7898)
phyopt: rejected (map area 1213.22->1214.28, delay 252.24->252.24).
phyopt: L0/L1 skips high=7/88 low=0/0 mid=12/176, L1-threshold=0.3275, anneal_temp=0.850.
phyopt: adaptive keep high/low/mid=95%/62%/95%.
phyopt: finished round 2/3.
mapper_extract: wrote 1913 lines to "/mnt/d/My_abc_work/abc/my_work/dynamic_scheduler_work/result/run_iwls26_model_equiv_adaptseq_20260415_204312/ex201_013/ex201_013_phy.csv".
Loaded 1913 physical records from /mnt/d/My_abc_work/abc/my_work/dynamic_scheduler_work/result/run_iwls26_model_equiv_adaptseq_20260415_204312/ex201_013/ex201_013_phy.csv
Potential rebuilt: alpha(low/mid/high)=0.300/0.500/0.800 avg_struct=0.6786 avg_slack=0.2329 avg_opt=0.3962
phyopt: round=3 partition sizes high=674 low=18 mid=1221.
phyopt: part=high seed=n88(id=88 center=88 R=5 tpl=0 crit=0.900 pot=0.2800)
phyopt: rejected (map area 1213.22->1182.23, delay 252.24->258.51).
phyopt: part=high seed=n169(id=169 center=169 R=5 tpl=0 crit=0.900 pot=0.2800)
phyopt: rejected (map area 1213.22->1222.52, delay 252.24->252.24).
phyopt: part=high seed=n177(id=177 center=177 R=5 tpl=0 crit=0.900 pot=0.2800)
phyopt: rejected (map area 1213.22->1233.20, delay 252.24->253.17).
phyopt: part=high seed=n217(id=217 center=217 R=5 tpl=0 crit=0.900 pot=0.2800)
phyopt: rejected (map area 1213.22->1216.15, delay 252.24->252.24).
phyopt: part=high seed=n339(id=339 center=339 R=5 tpl=0 crit=0.900 pot=0.2800)
phyopt: rejected (map area 1213.22->1214.89, delay 252.24->253.31).
phyopt: part=high seed=n351(id=351 center=351 R=5 tpl=2 crit=0.900 pot=0.2800)
phyopt: rejected (map area 1213.22->1213.22, delay 252.24->252.24).
phyopt: part=high seed=n367(id=367 center=367 R=5 tpl=0 crit=0.900 pot=0.2800)
phyopt: rejected (map area 1213.22->1176.61, delay 252.24->258.51).
phyopt: part=high seed=n446(id=446 center=446 R=5 tpl=0 crit=0.900 pot=0.2800)
phyopt: rejected (map area 1213.22->1173.61, delay 252.24->259.01).
phyopt: part=high seed=n560(id=560 center=560 R=5 tpl=0 crit=0.900 pot=0.2800)
phyopt: rejected (map area 1213.22->1222.88, delay 252.24->253.75).
phyopt: part=high seed=n727(id=727 center=727 R=5 tpl=0 crit=0.900 pot=0.2800)
phyopt: rejected (map area 1213.22->1122.07, delay 252.24->273.84).
phyopt: part=high seed=n1223(id=1223 center=1223 R=5 tpl=1 crit=0.900 pot=0.2800)
phyopt: rejected (map area 1213.22->1212.20, delay 252.24->253.12).
phyopt: part=high seed=n1228(id=1228 center=1228 R=5 tpl=0 crit=0.900 pot=0.2800)
phyopt: rejected (map area 1213.22->1219.85, delay 252.24->252.24).
phyopt: part=high seed=n1267(id=1267 center=1267 R=5 tpl=0 crit=0.900 pot=0.2800)
phyopt: rejected (map area 1213.22->1166.96, delay 252.24->261.87).
phyopt: part=high seed=n1278(id=1278 center=1278 R=5 tpl=0 crit=0.900 pot=0.2800)
phyopt: accepted (map area 1213.22->1210.35, delay 252.24->252.24).
phyopt: part=high seed=n1354(id=1354 center=1354 R=5 tpl=0 crit=0.900 pot=0.2800)
phyopt: rejected (map area 1210.35->1223.58, delay 252.24->252.24).
phyopt: part=high seed=n1356(id=1356 center=1356 R=5 tpl=0 crit=0.900 pot=0.2800)
phyopt: rejected (map area 1210.35->1210.35, delay 252.24->252.24).
phyopt: part=low seed=n357(id=357 center=357 R=3 tpl=1 crit=0.000 pot=0.8498)
phyopt: rejected (map area 1210.35->1213.54, delay 252.24->252.24).
The node "n1686" with ID 1686 is not in the current network.
phyopt: skip seed=n1686 (cannot resolve center node in current AIG).
phyopt: part=low seed=n245(id=245 center=245 R=3 tpl=0 crit=0.200 pot=0.7898)
phyopt: rejected (map area 1210.35->1210.35, delay 252.24->252.24).
phyopt: part=mid seed=n1465(id=1465 center=1465 R=4 tpl=0 crit=0.300 pot=0.8500)
phyopt: rejected (map area 1210.35->1175.60, delay 252.24->257.24).
phyopt: part=mid seed=n1555(id=1555 center=1555 R=4 tpl=0 crit=0.300 pot=0.8500)
phyopt: rejected (map area 1210.35->1223.61, delay 252.24->252.24).
The node "n1716" with ID 1716 is not in the current network.
phyopt: skip seed=n1716 (cannot resolve center node in current AIG).
phyopt: part=mid seed=n616(id=616 center=616 R=4 tpl=0 crit=0.400 pot=0.8000)
phyopt: rejected (map area 1210.35->1211.61, delay 252.24->252.24).
The node "n1684" with ID 1684 is not in the current network.
phyopt: skip seed=n1684 (cannot resolve center node in current AIG).
The node "n1862" with ID 1862 is not in the current network.
phyopt: skip seed=n1862 (cannot resolve center node in current AIG).
phyopt: part=mid seed=n449(id=449 center=449 R=4 tpl=0 crit=0.500 pot=0.7500)
phyopt: rejected (map area 1210.35->1212.72, delay 252.24->252.24).
phyopt: part=mid seed=n552(id=552 center=552 R=4 tpl=0 crit=0.500 pot=0.7500)
phyopt: rejected (map area 1210.35->1209.83, delay 252.24->254.67).
phyopt: part=mid seed=n621(id=621 center=621 R=4 tpl=0 crit=0.500 pot=0.7500)
phyopt: rejected (map area 1210.35->1219.34, delay 252.24->253.84).
phyopt: part=mid seed=n692(id=692 center=692 R=4 tpl=0 crit=0.500 pot=0.7500)
phyopt: rejected (map area 1210.35->1210.35, delay 252.24->252.24).
phyopt: part=mid seed=n795(id=795 center=795 R=4 tpl=0 crit=0.500 pot=0.7500)
phyopt: accepted (map area 1210.35->1210.33, delay 252.24->252.24).
phyopt: part=mid seed=n855(id=855 center=855 R=4 tpl=0 crit=0.500 pot=0.7500)
phyopt: rejected (map area 1210.33->1214.32, delay 252.24->252.24).
phyopt: part=mid seed=n1470(id=1470 center=1470 R=4 tpl=0 crit=0.500 pot=0.7500)
phyopt: rejected (map area 1210.33->1212.97, delay 252.24->252.24).
phyopt: part=mid seed=n1490(id=1490 center=1490 R=4 tpl=0 crit=0.500 pot=0.7500)
phyopt: rejected (map area 1210.33->1210.33, delay 252.24->252.24).
The node "n1724" with ID 1724 is not in the current network.
phyopt: skip seed=n1724 (cannot resolve center node in current AIG).
The node "n1753" with ID 1753 is not in the current network.
phyopt: skip seed=n1753 (cannot resolve center node in current AIG).
The node "n1840" with ID 1840 is not in the current network.
phyopt: skip seed=n1840 (cannot resolve center node in current AIG).
phyopt: part=mid seed=n584(id=584 center=584 R=4 tpl=0 crit=0.600 pot=0.7000)
phyopt: rejected (map area 1210.33->1212.43, delay 252.24->252.24).
phyopt: part=mid seed=n672(id=672 center=672 R=4 tpl=0 crit=0.600 pot=0.7000)
phyopt: rejected (map area 1210.33->1186.17, delay 252.24->258.35).
phyopt: part=mid seed=n685(id=685 center=685 R=4 tpl=0 crit=0.600 pot=0.7000)
phyopt: rejected (map area 1210.33->1175.82, delay 252.24->257.40).
phyopt: part=mid seed=n842(id=842 center=842 R=4 tpl=0 crit=0.600 pot=0.7000)
phyopt: rejected (map area 1210.33->1210.33, delay 252.24->252.24).
phyopt: part=mid seed=n845(id=845 center=845 R=4 tpl=0 crit=0.600 pot=0.7000)
phyopt: rejected (map area 1210.33->1175.05, delay 252.24->257.89).
phyopt: part=low seed=n247(id=247 center=247 R=3 tpl=1 crit=0.200 pot=0.7898)
phyopt: rejected (map area 1210.33->1205.54, delay 252.24->253.31).
phyopt: part=low seed=n248(id=248 center=248 R=3 tpl=2 crit=0.200 pot=0.7898)
phyopt: rejected (map area 1210.33->1213.24, delay 252.24->252.24).
phyopt: L0/L1 skips high=14/81 low=0/0 mid=25/137, L1-threshold=0.3275, anneal_temp=0.723.
phyopt: adaptive keep high/low/mid=95%/62%/86%.
phyopt: finished round 3/3.
phyopt: partition summary (tried/accepted):
  high : 6 / 48
  low  : 1 / 12
  mid  : 3 / 48
phyopt: per-part seed coverage (topK means top-5 potential within processed seeds):
  high: seeds=1979 tried=48(2.4%) accepted=6(12.5%) skipped(marked=9,low_slack=0) topK(tried=13/15 accepted=1 hit=7.7%)
  low: seeds=53 tried=12(22.6%) accepted=1(8.3%) skipped(marked=0,low_slack=0) topK(tried=6/9 accepted=1 hit=16.7%)
  mid: seeds=3707 tried=48(1.3%) accepted=3(6.2%) skipped(marked=1,low_slack=0) topK(tried=8/15 accepted=1 hit=12.5%)
phyopt: sequence template stats by partition (template_id: accepted/tried):
  high: t0=6/40 t1=0/4 t2=0/4
  low: t0=1/5 t1=0/4 t2=0/3
  mid: t0=3/31 t1=0/6 t2=0/11
phyopt: rejection reason breakdown:
  - runtime_or_eval_fail : 20
  - policy_tradeoff_reject : 18
  - delay_worse : 0
  - area_worse : 34
  - area_and_delay_worse : 14
  - delay_guard_violation : 32
phyopt: skipped marked=10 low_slack=<0.10=0
phyopt: done, accepted=10 rejected=118 final_nodes=1626 final_levels=14.
phyopt: micro-model saved (/mnt/d/My_abc_work/abc/my_work/model/phy_micro_model_global.txt, samples=2415).
[1;37miwls26/results/ex201_013      :[0m i/o =   16/   16  lat =    0  nd =  1240  edge =   3241  area =1210.33  delay =252.24  lev = 11
