======== ABC command line "source /mnt/d/My_abc_work/abc/my_work/VS-SMABC_FPRM/compare_4way_out_smabc_method/tmp/table3_opt_flow.abc"
Library "NangateOpenCellLibrary" from "/mnt/d/My_abc_work/abc/my_work/c17_work/NangateOpenCellLibrary_typical.lib" has 90 cells (45 skipped: 21 seq; 6 tri-state; 8 no func; 10 dont_use; 0 with 2 outputs; 0 with 3+ outputs).  Time =     0.28 sec
Warning: Detected 2 multi-output cells (for example, "FA_X1").
phymid: running map_oto -> mapper_extract -> phyread -> phyopt -> map
Derived GENLIB library "NangateOpenCellLibrary" with 30 gates using slew 17.19 ps and gain 250.00.
Total runtime =     0.00 sec
mapper_extract: starting extraction...
mapper_extract: extracting to "/mnt/d/My_abc_work/abc/my_work/VS-SMABC_FPRM/compare_4way_out_smabc_method/tmp/table3_opt_flow.phy.csv"...
mapper_extract: max slack = 11.000000

=== DEBUG: Node ID Mapping ===
Format: objId | Name | Type | Fanin0 | Fanin1 | Gate | pData
 16 | n16        | NODE |   1 |  -1 | INV_X1 | 0x5e932944bdc0
 17 | n17        | NODE |   2 |  -1 | INV_X1 | 0x5e932944bdc0
 18 | n18        | NODE |   3 |  -1 | INV_X1 | 0x5e932944bdc0
 19 | n19        | NODE |   4 |  -1 | INV_X1 | 0x5e932944bdc0
 20 | n20        | NODE |   5 |  -1 | INV_X1 | 0x5e932944bdc0
 21 | n21        | NODE |   6 |  -1 | INV_X1 | 0x5e932944bdc0
 22 | n22        | NODE |   7 |  -1 | INV_X1 | 0x5e932944bdc0
 23 | n23        | NODE |   8 |  -1 | INV_X1 | 0x5e932944bdc0
 24 | n24        | NODE |   9 |  -1 | INV_X1 | 0x5e932944bdc0
 25 | n25        | NODE |  10 |  -1 | INV_X1 | 0x5e932944bdc0
 26 | n26        | NODE |  11 |  -1 | INV_X1 | 0x5e932944bdc0
 27 | n27        | NODE |  12 |  -1 | INV_X1 | 0x5e932944bdc0
 28 | n28        | NODE |  26 |  27 | AND2_X1 | 0x5e9329446070
 29 | n29        | NODE |  25 |  28 | AND2_X1 | 0x5e9329446070
 30 | n30        | NODE |  24 |  29 | AND2_X1 | 0x5e9329446070
 31 | n31        | NODE |  23 |  30 | AND2_X1 | 0x5e9329446070
 32 | n32        | NODE |  22 |  31 | AND2_X1 | 0x5e9329446070
 33 | n33        | NODE |  21 |  32 | AND2_X1 | 0x5e9329446070
 34 | n34        | NODE |  20 |  33 | AND2_X1 | 0x5e9329446070
 35 | n35        | NODE |  19 |  34 | AND2_X1 | 0x5e9329446070
 36 | n36        | NODE |  18 |  35 | AND2_X1 | 0x5e9329446070
 37 | n37        | NODE |  17 |  36 | AND2_X1 | 0x5e9329446070
 38 | n38        | NODE |  16 |  37 | NAND2_X1 | 0x5e932944cbc0
 39 | n39        | NODE |  13 |  14 | AND2_X1 | 0x5e9329446070
 40 | n40        | NODE |  27 |  39 | AND2_X1 | 0x5e9329446070
 41 | n41        | NODE |  26 |  40 | AND2_X1 | 0x5e9329446070
 42 | n42        | NODE |  25 |  41 | AND2_X1 | 0x5e9329446070
 43 | n43        | NODE |  24 |  42 | AND2_X1 | 0x5e9329446070
 44 | n44        | NODE |  23 |  43 | AND2_X1 | 0x5e9329446070
 45 | n45        | NODE |  22 |  44 | AND2_X1 | 0x5e9329446070
 46 | n46        | NODE |  21 |  45 | AND2_X1 | 0x5e9329446070
 47 | n47        | NODE |  20 |  46 | AND2_X1 | 0x5e9329446070
 48 | n48        | NODE |  19 |  47 | AND2_X1 | 0x5e9329446070
 49 | n49        | NODE |  18 |  48 | AND2_X1 | 0x5e9329446070
 50 | n50        | NODE |  17 |  49 | AND2_X1 | 0x5e9329446070
 51 | n51        | NODE |  16 |  50 | NAND2_X1 | 0x5e932944cbc0
 52 | n52        | NODE |  51 |  -1 | INV_X1 | 0x5e932944bdc0
 53 | n53        | NODE |  38 |  52 | NAND2_X1 | 0x5e932944cbc0
 54 | n54        | NODE |  38 |  -1 | INV_X1 | 0x5e932944bdc0
 55 | n55        | NODE |  54 |  51 | NAND2_X1 | 0x5e932944cbc0
 56 | n56        | NODE |  53 |  55 | NAND2_X1 | 0x5e932944cbc0
==============================

mapper_extract: wrote 41 lines to "/mnt/d/My_abc_work/abc/my_work/VS-SMABC_FPRM/compare_4way_out_smabc_method/tmp/table3_opt_flow.phy.csv".
mapper_extract: done.
Loaded 41 physical records from /mnt/d/My_abc_work/abc/my_work/VS-SMABC_FPRM/compare_4way_out_smabc_method/tmp/table3_opt_flow.phy.csv
Potential rebuilt: alpha(low/mid/high)=0.300/0.500/0.800 avg_struct=0.5575 avg_slack=0.1752 avg_opt=0.1951
Physical records : 41
Gate summary     : NAND=5 AND=22 INV=14 OTHER=0
Alpha (L/M/H)    : 0.300 / 0.500 / 0.800
StructW(i/p/f/g) : 0.500 / 0.400 / 0.050 / 0.050
phyopt: start rounds=3, criticality partitions high(>=0.900)->low(<=0.250)->mid, window=16, mode=fixed.
phyopt: objective=delay-non-regression + area minimization (delay_eps=0.001 rel_tol=0 area_eps=0.001 delay_only=off).
phyopt: case timeout enabled (300 sec).
phyopt: fit-function on (loaded=yes, samples=4350, l0_scale=0.35, l1_scale=0.25, coef_file=/mnt/d/My_abc_work/abc/my_work/model/phy_fit_function_v1.txt).
phyopt: sample-log off (keep_target=28% [35%,95%]).
phyopt: round=1 partition sizes high=31 low=3 mid=7.
The node "n54" with ID 54 is not in the current network.
phyopt: skip seed=n54 (cannot resolve center node in current AIG).
phyopt: part=high seed=n28(id=28 center=28 R=5 tpl=1 crit=0.909 pot=0.2275)
phyopt: rejected (map area 25.50->26.30, delay 205.81->185.83).
phyopt: part=high seed=n29(id=29 center=29 R=5 tpl=2 crit=0.909 pot=0.2275)
phyopt: rejected (map area 25.50->28.17, delay 205.81->185.83).
phyopt: part=high seed=n30(id=30 center=30 R=5 tpl=0 crit=0.909 pot=0.2275)
phyopt: accepted (map area 25.50->24.72, delay 205.81->185.83).
phyopt: part=high seed=n32(id=32 center=32 R=5 tpl=1 crit=0.909 pot=0.2275)
phyopt: accepted (map area 24.72->23.91, delay 185.83->185.83).
phyopt: part=high seed=n34(id=34 center=34 R=5 tpl=2 crit=0.909 pot=0.2275)
phyopt: rejected (map area 23.91->26.05, delay 185.83->185.83).
phyopt: part=high seed=n35(id=35 center=35 R=5 tpl=0 crit=0.909 pot=0.2275)
phyopt: rejected (map area 23.91->23.91, delay 185.83->185.83).
phyopt: part=high seed=n36(id=36 center=36 R=5 tpl=0 crit=0.909 pot=0.2275)
phyopt: rejected (map area 23.91->24.44, delay 185.83->185.83).
phyopt: part=high seed=n37(id=37 center=37 R=5 tpl=1 crit=0.909 pot=0.2275)
phyopt: accepted (map area 23.91->22.59, delay 185.83->172.01).
The node "n55" with ID 55 is not in the current network.
phyopt: skip seed=n55 (cannot resolve center node in current AIG).
The node "n52" with ID 52 is not in the current network.
phyopt: skip seed=n52 (cannot resolve center node in current AIG).
phyopt: part=high seed=n39(id=39 center=39 R=6 tpl=1 crit=1.000 pot=0.1548)
phyopt: accepted (map area 22.59->20.99, delay 172.01->143.81).
The node "n41" with ID 41 is not in the current network.
phyopt: skip seed=n41 (cannot resolve center node in current AIG).
The node "n42" with ID 42 is not in the current network.
phyopt: skip seed=n42 (cannot resolve center node in current AIG).
The node "n43" with ID 43 is not in the current network.
phyopt: skip seed=n43 (cannot resolve center node in current AIG).
The node "n44" with ID 44 is not in the current network.
phyopt: skip seed=n44 (cannot resolve center node in current AIG).
The node "n45" with ID 45 is not in the current network.
phyopt: skip seed=n45 (cannot resolve center node in current AIG).
The node "n46" with ID 46 is not in the current network.
phyopt: skip seed=n46 (cannot resolve center node in current AIG).
The node "n47" with ID 47 is not in the current network.
phyopt: skip seed=n47 (cannot resolve center node in current AIG).
The node "n48" with ID 48 is not in the current network.
phyopt: skip seed=n48 (cannot resolve center node in current AIG).
The node "n49" with ID 49 is not in the current network.
phyopt: skip seed=n49 (cannot resolve center node in current AIG).
The node "n50" with ID 50 is not in the current network.
phyopt: skip seed=n50 (cannot resolve center node in current AIG).
The node "n53" with ID 53 is not in the current network.
phyopt: skip seed=n53 (cannot resolve center node in current AIG).
The node "n56" with ID 56 is not in the current network.
phyopt: skip seed=n56 (cannot resolve center node in current AIG).
The node "n51" with ID 51 is not in the current network.
phyopt: skip seed=n51 (cannot resolve center node in current AIG).
phyopt: part=high seed=n26(id=26 center=26 R=5 tpl=1 crit=0.909 pot=0.0727)
phyopt: rejected (map area 20.99->20.99, delay 143.81->143.81).
phyopt: part=high seed=n27(id=27 center=27 R=6 tpl=1 crit=1.000 pot=0.0000)
phyopt: rejected (map area 20.99->21.79, delay 143.81->140.92).
phyopt: part=low seed=n16(id=16 center=16 R=3 tpl=0 crit=0.000 pot=0.3000)
phyopt: rejected (map area 20.99->21.80, delay 143.81->136.67).
phyopt: part=low seed=n18(id=18 center=18 R=3 tpl=1 crit=0.182 pot=0.2455)
phyopt: rejected (map area 20.99->22.85, delay 143.81->135.26).
phyopt: part=mid seed=n19(id=19 center=19 R=4 tpl=0 crit=0.273 pot=0.3636)
phyopt: rejected (map area 20.99->26.86, delay 143.81->131.76).
phyopt: part=mid seed=n20(id=20 center=20 R=4 tpl=1 crit=0.364 pot=0.3182)
phyopt: accepted (map area 20.99->18.34, delay 143.81->141.26).
phyopt: part=mid seed=n21(id=21 center=21 R=4 tpl=2 crit=0.455 pot=0.2727)
phyopt: rejected (map area 18.34->23.66, delay 141.26->141.87).
phyopt: part=mid seed=n23(id=23 center=23 R=4 tpl=0 crit=0.636 pot=0.1818)
phyopt: rejected (map area 18.34->22.33, delay 141.26->143.74).
phyopt: part=mid seed=n25(id=25 center=25 R=4 tpl=1 crit=0.818 pot=0.0909)
phyopt: rejected (map area 18.34->21.00, delay 141.26->135.64).
phyopt: finished round 1/3.
mapper_extract: wrote 36 lines to "/mnt/d/My_abc_work/abc/my_work/VS-SMABC_FPRM/compare_4way_out_smabc_method/tmp/table3_opt_flow.phy.csv".
Loaded 36 physical records from /mnt/d/My_abc_work/abc/my_work/VS-SMABC_FPRM/compare_4way_out_smabc_method/tmp/table3_opt_flow.phy.csv
Potential rebuilt: alpha(low/mid/high)=0.300/0.500/0.800 avg_struct=0.7210 avg_slack=0.1556 avg_opt=0.2680
phyopt: round=2 partition sizes high=27 low=5 mid=4.
phyopt: part=high seed=n16(id=16 center=16 R=6 tpl=1 crit=1.000 pot=0.2000)
phyopt: accepted (map area 18.34->14.35, delay 141.26->118.52).
phyopt: part=high seed=n19(id=19 center=19 R=6 tpl=1 crit=1.000 pot=0.2000)
phyopt: rejected (map area 14.35->15.94, delay 118.52->125.06).
The node "n45" with ID 45 is not in the current network.
phyopt: skip seed=n45 (cannot resolve center node in current AIG).
The node "n48" with ID 48 is not in the current network.
phyopt: skip seed=n48 (cannot resolve center node in current AIG).
phyopt: part=high seed=n21(id=21 center=21 R=6 tpl=1 crit=1.000 pot=0.1548)
phyopt: accepted (map area 14.35->8.24, delay 118.52->97.14).
phyopt: part=high seed=n28(id=28 center=28 R=6 tpl=1 crit=1.000 pot=0.1548)
Object with ID 28 is not a node or reg output.
Error: Extracting sequential window has failed.
Error: phyopt: local optimization failed. Rolling back.
The node "n41" with ID 41 is not in the current network.
phyopt: skip seed=n41 (cannot resolve center node in current AIG).
The node "n42" with ID 42 is not in the current network.
phyopt: skip seed=n42 (cannot resolve center node in current AIG).
The node "n43" with ID 43 is not in the current network.
phyopt: skip seed=n43 (cannot resolve center node in current AIG).
The node "n46" with ID 46 is not in the current network.
phyopt: skip seed=n46 (cannot resolve center node in current AIG).
The node "n49" with ID 49 is not in the current network.
phyopt: skip seed=n49 (cannot resolve center node in current AIG).
The node "n50" with ID 50 is not in the current network.
phyopt: skip seed=n50 (cannot resolve center node in current AIG).
The node "n51" with ID 51 is not in the current network.
phyopt: skip seed=n51 (cannot resolve center node in current AIG).
The node "n44" with ID 44 is not in the current network.
phyopt: skip seed=n44 (cannot resolve center node in current AIG).
phyopt: part=high seed=n26(id=26 center=26 R=6 tpl=1 crit=1.000 pot=0.0000)
phyopt: rejected (map area 8.24->8.79, delay 97.14->90.84).
phyopt: part=high seed=n27(id=27 center=27 R=6 tpl=0 crit=1.000 pot=0.0000)
phyopt: rejected (map area 8.24->8.79, delay 97.14->90.84).
The node "n35" with ID 35 is not in the current network.
phyopt: skip seed=n35 (cannot resolve center node in current AIG).
phyopt: part=mid seed=n23(id=23 center=23 R=4 tpl=2 crit=0.600 pot=0.2000)
phyopt: rejected (map area 8.24->8.25, delay 97.14->102.40).
phyopt: part=mid seed=n25(id=25 center=25 R=4 tpl=1 crit=0.800 pot=0.1000)
phyopt: rejected (map area 8.24->8.25, delay 97.14->102.40).
phyopt: finished round 2/3.
mapper_extract: wrote 25 lines to "/mnt/d/My_abc_work/abc/my_work/VS-SMABC_FPRM/compare_4way_out_smabc_method/tmp/table3_opt_flow.phy.csv".
Loaded 25 physical records from /mnt/d/My_abc_work/abc/my_work/VS-SMABC_FPRM/compare_4way_out_smabc_method/tmp/table3_opt_flow.phy.csv
Potential rebuilt: alpha(low/mid/high)=0.300/0.500/0.800 avg_struct=0.4800 avg_slack=0.2533 avg_opt=0.3107
phyopt: round=3 partition sizes high=11 low=1 mid=13.
phyopt: part=high seed=n23(id=23 center=23 R=6 tpl=1 crit=1.000 pot=0.2000)
phyopt: rejected (map area 8.24->8.24, delay 97.14->97.14).
phyopt: part=high seed=n25(id=25 center=25 R=6 tpl=1 crit=1.000 pot=0.0000)
phyopt: rejected (map area 8.24->9.32, delay 97.14->91.49).
phyopt: part=high seed=n26(id=26 center=26 R=6 tpl=0 crit=1.000 pot=0.0000)
phyopt: rejected (map area 8.24->8.79, delay 97.14->90.84).
phyopt: part=mid seed=n27(id=27 center=27 R=4 tpl=1 crit=0.333 pot=0.8333)
phyopt: rejected (map area 8.24->9.85, delay 97.14->96.43).
phyopt: part=mid seed=n28(id=28 center=28 R=4 tpl=1 crit=0.333 pot=0.8333)
Object with ID 28 is not a node or reg output.
Error: Extracting sequential window has failed.
Error: phyopt: local optimization failed. Rolling back.
The node "n35" with ID 35 is not in the current network.
phyopt: skip seed=n35 (cannot resolve center node in current AIG).
phyopt: finished round 3/3.
phyopt: partition summary (tried/accepted):
  high : 6 / 20
  low  : 0 / 2
  mid  : 1 / 9
phyopt: per-part seed coverage (topK means top-5 potential within processed seeds):
  high: seeds=69 tried=20(29.0%) accepted=6(30.0%) skipped(marked=23,low_slack=0) topK(tried=6/15 accepted=2 hit=33.3%)
  low: seeds=9 tried=2(22.2%) accepted=0(0.0%) skipped(marked=6,low_slack=0) topK(tried=2/9 accepted=0 hit=0.0%)
  mid: seeds=24 tried=9(37.5%) accepted=1(11.1%) skipped(marked=14,low_slack=0) topK(tried=8/14 accepted=1 hit=12.5%)
phyopt: sequence template stats by partition (template_id: accepted/tried):
  high: t0=1/5 t1=5/13 t2=0/2
  low: t0=0/1 t1=0/1 t2=0/0
  mid: t0=0/2 t1=1/5 t2=0/2
phyopt: rejection reason breakdown:
  - runtime_or_eval_fail : 30
  - policy_tradeoff_reject : 3
  - delay_worse : 0
  - area_worse : 14
  - area_and_delay_worse : 5
  - delay_guard_violation : 0
phyopt: skipped marked=43 low_slack=<0.10=0
phyopt: done, accepted=7 rejected=52 final_nodes=13 final_levels=5.
Derived GENLIB library "NangateOpenCellLibrary" with 30 gates using slew 17.19 ps and gain 250.00.
Converting "/mnt/d/My_abc_work/abc/my_work/c17_work/NangateOpenCellLibrary_typical.genlib" into supergate library "/mnt/d/My_abc_work/abc/my_work/c17_work/NangateOpenCellLibrary_typical.super".
Maximum level: Original = 5. Reduced due to choices = 5.
Choice stats:  Choice nodes = 0. Total choices = 0.
Nodes =     27.  Total 5-feasible cuts =         60.  Per node = 2.2. Time =     0.00 sec
Delay    : Delay =     0.00  Flow =         8.2  Area =         8.2   0.0 %   Time =     0.00 sec
AreaFlow : Delay =    97.14  Flow =         7.7  Area =         8.8  -6.4 %   Time =     0.00 sec
Area     : Delay =    97.14  Flow =         0.0  Area =         8.2   0.0 %   Time =     0.00 sec
Area     : Delay =    97.14  Flow =         0.0  Area =         8.2   0.0 %   Time =     0.00 sec
Output  po0    : Delay = (97.14, 97.14)  POS
Total runtime =     0.03 sec
phymid: done. You can now run write_verilog/write_blif (or strash; write_aiger).
[1;37m/mnt/d/My_abc_work/abc/my_work/VS-SMABC_FPRM/aig_output_opt/table3_opt:[0m i/o =   14/    1  lat =    0  nd =     9  edge =     22  area = 8.24  delay =97.14  lev = 3
