======== ABC command line "source /tmp/wt_c2670_w_invpair_A_38671.scr"
Warning: Detected 2 multi-output cells (for example, "FA_X1").
mapper_extract: wrote 852 lines to "/mnt/d/My_abc_work/abc/my_work/w_tune_k40_11cxx/results/run_20260401_160044/c2670/c2670_w_invpair_A.csv".
Loaded 852 physical records from /mnt/d/My_abc_work/abc/my_work/w_tune_k40_11cxx/results/run_20260401_160044/c2670/c2670_w_invpair_A.csv
Potential rebuilt: alpha(low/mid/high)=0.200/0.500/0.800 avg_struct=0.7986 avg_slack=0.0777 avg_opt_mid=0.4381
Physical records : 852
Gate summary     : NAND=450 AND=250 INV=151 OTHER=1
Alpha (L/M/H)    : 0.200 / 0.500 / 0.800
StructW(i/p/f/g) : 0.480 / 0.450 / 0.040 / 0.030
phyopt: start rounds=1, criticality partitions high(>=0.900)->low(<=0.250)->mid, window=16.
phyopt: objective=map(area,delay), low-part delay budget=+10% from pre-opt.
phyopt: round=1 partition sizes high=612 low=4 mid=236.
phyopt: round=1 part=high seed=n457(id=457 center=457 R=5 crit=0.933 pot=0.2533)
phyopt: rejected (map area 445.55->447.68, delay 10.00->10.00).
phyopt: round=1 part=high seed=n459(id=459 center=459 R=5 crit=0.933 pot=0.2533)
phyopt: accepted (map area 445.55->445.02, delay 10.00->10.00).
phyopt: round=1 part=high seed=n610(id=610 center=610 R=5 crit=0.933 pot=0.2533)
phyopt: rejected (map area 445.02->447.94, delay 10.00->10.00).
phyopt: round=1 part=high seed=n628(id=628 center=628 R=5 crit=0.933 pot=0.2533)
phyopt: accepted (map area 445.02->436.77, delay 10.00->10.00).
phyopt: round=1 part=high seed=n647(id=647 center=647 R=5 crit=0.933 pot=0.2533)
phyopt: accepted (map area 436.77->436.77, delay 10.00->10.00).
phyopt: round=1 part=high seed=n673(id=673 center=673 R=5 crit=0.933 pot=0.2533)
phyopt: accepted (map area 436.77->424.54, delay 10.00->10.00).
phyopt: round=1 part=high seed=n680(id=680 center=680 R=5 crit=0.933 pot=0.2533)
phyopt: accepted (map area 424.54->423.74, delay 10.00->10.00).
phyopt: round=1 part=high seed=n688(id=688 center=688 R=5 crit=0.933 pot=0.2533)
phyopt: accepted (map area 423.74->407.51, delay 10.00->10.00).
phyopt: round=1 part=high seed=n723(id=723 center=723 R=5 crit=0.933 pot=0.2533)
phyopt: rejected (map area 407.51->407.78, delay 10.00->10.00).
phyopt: round=1 part=high seed=n730(id=730 center=730 R=5 crit=0.933 pot=0.2533)
phyopt: rejected (map area 407.51->409.37, delay 10.00->10.00).
phyopt: round=1 part=high seed=n738(id=738 center=738 R=5 crit=0.933 pot=0.2533)
phyopt: rejected (map area 407.51->413.36, delay 10.00->10.00).
phyopt: round=1 part=high seed=n798(id=798 center=798 R=5 crit=0.933 pot=0.2533)
phyopt: rejected (map area 407.51->409.91, delay 10.00->10.00).
phyopt: round=1 part=high seed=n242(id=242 center=242 R=5 crit=0.933 pot=0.2379)
phyopt: accepted (map area 407.51->405.92, delay 10.00->10.00).
phyopt: round=1 part=high seed=n247(id=247 center=247 R=5 crit=0.933 pot=0.2379)
phyopt: accepted (map area 405.92->401.13, delay 10.00->10.00).
phyopt: round=1 part=high seed=n271(id=271 center=271 R=5 crit=0.933 pot=0.2379)
phyopt: rejected (map area 401.13->406.71, delay 10.00->10.00).
phyopt: round=1 part=high seed=n272(id=272 center=272 R=5 crit=0.933 pot=0.2379)
phyopt: rejected (map area 401.13->401.39, delay 10.00->10.00).
phyopt: round=1 part=high seed=n276(id=276 center=276 R=5 crit=0.933 pot=0.2379)
phyopt: rejected (map area 401.13->403.52, delay 10.00->10.00).
phyopt: round=1 part=high seed=n277(id=277 center=277 R=5 crit=0.933 pot=0.2379)
phyopt: accepted (map area 401.13->401.13, delay 10.00->10.00).
phyopt: round=1 part=high seed=n283(id=283 center=283 R=5 crit=0.933 pot=0.2379)
phyopt: rejected (map area 401.13->403.52, delay 10.00->10.00).
phyopt: round=1 part=high seed=n284(id=284 center=284 R=5 crit=0.933 pot=0.2379)
phyopt: rejected (map area 401.13->402.99, delay 10.00->10.00).
phyopt: round=1 part=high seed=n288(id=288 center=288 R=5 crit=0.933 pot=0.2379)
phyopt: accepted (map area 401.13->401.13, delay 10.00->10.00).
phyopt: round=1 part=high seed=n297(id=297 center=297 R=5 crit=0.933 pot=0.2379)
phyopt: accepted (map area 401.13->400.60, delay 10.00->10.00).
phyopt: round=1 part=high seed=n302(id=302 center=302 R=5 crit=0.933 pot=0.2379)
phyopt: rejected (map area 400.60->401.66, delay 10.00->10.00).
phyopt: round=1 part=high seed=n303(id=303 center=303 R=5 crit=0.933 pot=0.2379)
phyopt: accepted (map area 400.60->400.06, delay 10.00->10.00).
phyopt: round=1 part=high seed=n309(id=309 center=309 R=5 crit=0.933 pot=0.2379)
phyopt: rejected (map area 400.06->402.46, delay 10.00->10.00).
phyopt: round=1 part=high seed=n310(id=310 center=310 R=5 crit=0.933 pot=0.2379)
phyopt: rejected (map area 400.06->401.13, delay 10.00->10.00).
phyopt: round=1 part=high seed=n314(id=314 center=314 R=5 crit=0.933 pot=0.2379)
phyopt: accepted (map area 400.06->400.06, delay 10.00->10.00).
phyopt: round=1 part=high seed=n321(id=321 center=321 R=5 crit=0.933 pot=0.2379)
phyopt: accepted (map area 400.06->400.06, delay 10.00->10.00).
phyopt: round=1 part=high seed=n326(id=326 center=326 R=5 crit=0.933 pot=0.2379)
phyopt: accepted (map area 400.06->400.06, delay 10.00->10.00).
phyopt: round=1 part=high seed=n333(id=333 center=333 R=5 crit=0.933 pot=0.2379)
phyopt: accepted (map area 400.06->396.07, delay 10.00->10.00).
phyopt: round=1 part=high seed=n338(id=338 center=338 R=5 crit=0.933 pot=0.2379)
phyopt: accepted (map area 396.07->396.07, delay 10.00->10.00).
phyopt: round=1 part=low seed=n581(id=581 center=581 R=3 crit=0.133 pot=0.9118)
phyopt: accepted (map area 396.07->395.81, delay 10.00->10.00).
phyopt: round=1 part=low seed=n580(id=580 center=580 R=3 crit=0.200 pot=0.8985)
phyopt: rejected (map area 395.81->395.81, delay 10.00->10.00).
phyopt: round=1 part=low seed=n789(id=789 center=789 R=3 crit=0.000 pot=0.2321)
Object with ID 789 is not a node or reg output.
Error: Extracting sequential window has failed.
Error: phyopt: local optimization failed at round 1 part 2. Rolling back.
phyopt: round=1 part=mid seed=n583(id=583 center=583 R=4 crit=0.333 pot=0.7949)
phyopt: rejected (map area 395.81->396.07, delay 10.00->10.00).
phyopt: round=1 part=mid seed=n843(id=843 center=843 R=4 crit=0.333 pot=0.7949)
Object with ID 843 is not a node or reg output.
Error: Extracting sequential window has failed.
Error: phyopt: local optimization failed at round 1 part 3. Rolling back.
phyopt: round=1 part=mid seed=n787(id=787 center=787 R=4 crit=0.400 pot=0.7615)
Object with ID 787 is not a node or reg output.
Error: Extracting sequential window has failed.
Error: phyopt: local optimization failed at round 1 part 3. Rolling back.
The node "n1059" with ID 1059 is not in the current network.
phyopt: skip seed=n1059 (cannot resolve center node in current AIG).
phyopt: round=1 part=mid seed=n587(id=587 center=587 R=4 crit=0.533 pot=0.6949)
phyopt: rejected (map area 395.81->395.81, delay 10.00->10.00).
The node "n1061" with ID 1061 is not in the current network.
phyopt: skip seed=n1061 (cannot resolve center node in current AIG).
phyopt: round=1 part=mid seed=n415(id=415 center=415 R=4 crit=0.667 pot=0.6667)
phyopt: rejected (map area 395.81->396.61, delay 10.00->10.00).
phyopt: round=1 part=mid seed=n526(id=526 center=526 R=4 crit=0.667 pot=0.6667)
phyopt: rejected (map area 395.81->397.94, delay 10.00->10.00).
phyopt: round=1 part=mid seed=n795(id=795 center=795 R=4 crit=0.667 pot=0.6667)
Object with ID 795 is not a node or reg output.
Error: Extracting sequential window has failed.
Error: phyopt: local optimization failed at round 1 part 3. Rolling back.
phyopt: round=1 part=mid seed=n595(id=595 center=595 R=4 crit=0.600 pot=0.6615)
phyopt: rejected (map area 395.81->396.61, delay 10.00->10.00).
phyopt: round=1 part=mid seed=n613(id=613 center=613 R=4 crit=0.600 pot=0.6615)
phyopt: rejected (map area 395.81->395.81, delay 10.00->10.00).
phyopt: round=1 part=mid seed=n632(id=632 center=632 R=4 crit=0.600 pot=0.6615)
phyopt: rejected (map area 395.81->394.74, delay 10.00->11.00).
phyopt: round=1 part=mid seed=n668(id=668 center=668 R=4 crit=0.600 pot=0.6615)
phyopt: rejected (map area 395.81->399.53, delay 10.00->10.00).
phyopt: round=1 part=mid seed=n676(id=676 center=676 R=4 crit=0.600 pot=0.6615)
phyopt: rejected (map area 395.81->402.46, delay 10.00->10.00).
phyopt: round=1 part=mid seed=n684(id=684 center=684 R=4 crit=0.600 pot=0.6615)
phyopt: rejected (map area 395.81->397.94, delay 10.00->10.00).
phyopt: round=1 part=mid seed=n719(id=719 center=719 R=4 crit=0.600 pot=0.6615)
phyopt: rejected (map area 395.81->397.67, delay 10.00->10.00).
phyopt: round=1 part=mid seed=n726(id=726 center=726 R=4 crit=0.600 pot=0.6615)
phyopt: rejected (map area 395.81->398.73, delay 10.00->10.00).
phyopt: round=1 part=mid seed=n734(id=734 center=734 R=4 crit=0.600 pot=0.6615)
phyopt: rejected (map area 395.81->396.61, delay 10.00->10.00).
The node "n953" with ID 953 is not in the current network.
phyopt: skip seed=n953 (cannot resolve center node in current AIG).
The node "n1030" with ID 1030 is not in the current network.
phyopt: skip seed=n1030 (cannot resolve center node in current AIG).
The node "n1060" with ID 1060 is not in the current network.
phyopt: skip seed=n1060 (cannot resolve center node in current AIG).
The node "n1062" with ID 1062 is not in the current network.
phyopt: skip seed=n1062 (cannot resolve center node in current AIG).
The node "n1063" with ID 1063 is not in the current network.
phyopt: skip seed=n1063 (cannot resolve center node in current AIG).
The node "n1064" with ID 1064 is not in the current network.
phyopt: skip seed=n1064 (cannot resolve center node in current AIG).
The node "n1069" with ID 1069 is not in the current network.
phyopt: skip seed=n1069 (cannot resolve center node in current AIG).
phyopt: round=1 part=mid seed=n346(id=346 center=346 R=4 crit=0.733 pot=0.6333)
phyopt: rejected (map area 395.81->395.81, delay 10.00->10.00).
The node "n904" with ID 904 is not in the current network.
phyopt: skip seed=n904 (cannot resolve center node in current AIG).
phyopt: round=1 part=mid seed=n492(id=492 center=492 R=4 crit=0.667 pot=0.6282)
phyopt: rejected (map area 395.81->395.81, delay 10.00->10.00).
phyopt: round=1 part=mid seed=n493(id=493 center=493 R=4 crit=0.667 pot=0.6282)
phyopt: rejected (map area 395.81->395.81, delay 10.00->10.00).
phyopt: round=1 part=mid seed=n585(id=585 center=585 R=4 crit=0.667 pot=0.6282)
phyopt: rejected (map area 395.81->397.14, delay 10.00->10.00).
phyopt: round=1 part=mid seed=n586(id=586 center=586 R=4 crit=0.667 pot=0.6282)
phyopt: rejected (map area 395.81->396.07, delay 10.00->10.00).
phyopt: round=1 part=mid seed=n650(id=650 center=650 R=4 crit=0.667 pot=0.6282)
phyopt: rejected (map area 395.81->395.81, delay 10.00->10.00).
phyopt: round=1 part=mid seed=n657(id=657 center=657 R=4 crit=0.667 pot=0.6282)
phyopt: rejected (map area 395.81->396.87, delay 10.00->10.00).
phyopt: round=1 part=mid seed=n691(id=691 center=691 R=4 crit=0.667 pot=0.6282)
phyopt: rejected (map area 395.81->401.93, delay 10.00->10.00).
phyopt: round=1 part=mid seed=n698(id=698 center=698 R=4 crit=0.667 pot=0.6282)
phyopt: rejected (map area 395.81->398.20, delay 10.00->10.00).
phyopt: round=1 part=mid seed=n741(id=741 center=741 R=4 crit=0.667 pot=0.6282)
phyopt: rejected (map area 395.81->398.73, delay 10.00->10.00).
phyopt: round=1 part=mid seed=n748(id=748 center=748 R=4 crit=0.667 pot=0.6282)
phyopt: rejected (map area 395.81->403.26, delay 10.00->10.00).
The node "n910" with ID 910 is not in the current network.
phyopt: skip seed=n910 (cannot resolve center node in current AIG).
The node "n920" with ID 920 is not in the current network.
phyopt: skip seed=n920 (cannot resolve center node in current AIG).
The node "n947" with ID 947 is not in the current network.
phyopt: skip seed=n947 (cannot resolve center node in current AIG).
phyopt: finished round 1/1.
phyopt: partition summary (tried/accepted):
  high : 17 / 31
  low  : 1 / 3
  mid  : 0 / 27
phyopt: per-part seed coverage (topK means top-5 potential within processed seeds):
  high: seeds=40 tried=31(77.5%) accepted=17(54.8%) skipped(marked=9,low_slack=0) topK(tried=5/5 accepted=3 hit=60.0%)
  low: seeds=4 tried=3(75.0%) accepted=1(33.3%) skipped(marked=1,low_slack=0) topK(tried=3/4 accepted=1 hit=33.3%)
  mid: seeds=40 tried=27(67.5%) accepted=0(0.0%) skipped(marked=0,low_slack=0) topK(tried=4/5 accepted=0 hit=0.0%)
phyopt: rejection reason breakdown:
  - runtime_or_eval_fail : 17
  - policy_tradeoff_reject : 7
  - delay_worse : 1
  - area_worse : 31
  - area_and_delay_worse : 0
  - low_part_delay_budget : 0
phyopt: skipped marked=10 low_slack=<0.10=0
phyopt: done, accepted=18 rejected=56 final_nodes=625 final_levels=20.
Networks are equivalent.  Time =     0.03 sec
