======== ABC command line "source /tmp/ablation_ex251_thresh_loose_285.scr"
Warning: Detected 2 multi-output cells (for example, "FA_X1").
mapper_extract: wrote 22108 lines to "/mnt/d/My_abc_work/abc/my_work/ablation_results/ex251/ex251_thresh_loose.csv".
Loaded 22108 physical records from /mnt/d/My_abc_work/abc/my_work/ablation_results/ex251/ex251_thresh_loose.csv
Potential rebuilt: alpha(low/mid/high)=0.200/0.500/0.800 avg_struct=0.7152 avg_slack=0.2621 avg_opt_mid=0.4886
Physical records : 22108
Gate summary     : NAND=16549 AND=4636 INV=923 OTHER=0
Alpha (L/M/H)    : 0.200 / 0.500 / 0.800
StructW(i/p/f/g) : 0.400 / 0.300 / 0.200 / 0.100
phyopt: start rounds=1, criticality partitions high(>=0.700)->low(<=0.400)->mid, window=16.
phyopt: objective=map(area,delay), low-part delay budget=+10% from pre-opt.
phyopt: round=1 partition sizes high=14036 low=672 mid=7400.
phyopt: round=1 part=high seed=n341(id=341 center=341 R=5 crit=0.700 pot=0.4400)
phyopt: accepted (map area 11790.98->11790.98, delay 18.00->18.00).
phyopt: round=1 part=high seed=n2250(id=2250 center=2250 R=5 crit=0.700 pot=0.4400)
phyopt: accepted (map area 11790.98->11790.98, delay 18.00->18.00).
phyopt: round=1 part=high seed=n3032(id=3032 center=3032 R=5 crit=0.700 pot=0.4400)
phyopt: rejected (map area 11790.98->11834.87, delay 18.00->18.00).
phyopt: round=1 part=high seed=n3048(id=3048 center=3048 R=5 crit=0.700 pot=0.4400)
phyopt: accepted (map area 11790.98->11790.98, delay 18.00->18.00).
phyopt: round=1 part=high seed=n3100(id=3100 center=3100 R=5 crit=0.700 pot=0.4400)
phyopt: rejected (map area 11790.98->11793.11, delay 18.00->18.00).
phyopt: round=1 part=high seed=n4544(id=4544 center=4544 R=5 crit=0.700 pot=0.4400)
phyopt: accepted (map area 11790.98->11790.98, delay 18.00->18.00).
phyopt: round=1 part=high seed=n4557(id=4557 center=4557 R=5 crit=0.700 pot=0.4400)
phyopt: accepted (map area 11790.98->11786.73, delay 18.00->18.00).
phyopt: round=1 part=high seed=n5737(id=5737 center=5737 R=5 crit=0.700 pot=0.4400)
phyopt: accepted (map area 11786.73->11784.60, delay 18.00->18.00).
phyopt: round=1 part=high seed=n6316(id=6316 center=6316 R=5 crit=0.700 pot=0.4400)
phyopt: accepted (map area 11784.60->11784.60, delay 18.00->18.00).
phyopt: round=1 part=high seed=n6320(id=6320 center=6320 R=5 crit=0.700 pot=0.4400)
phyopt: accepted (map area 11784.60->11784.60, delay 18.00->18.00).
phyopt: round=1 part=high seed=n10353(id=10353 center=10353 R=5 crit=0.700 pot=0.4400)
phyopt: rejected (map area 11784.60->11797.63, delay 18.00->18.00).
phyopt: round=1 part=high seed=n12046(id=12046 center=12046 R=5 crit=0.700 pot=0.4400)
phyopt: rejected (map area 11784.60->11793.91, delay 18.00->18.00).
phyopt: round=1 part=high seed=n12355(id=12355 center=12355 R=5 crit=0.700 pot=0.4400)
phyopt: rejected (map area 11784.60->11792.84, delay 18.00->18.00).
phyopt: round=1 part=high seed=n12391(id=12391 center=12391 R=5 crit=0.700 pot=0.4400)
phyopt: rejected (map area 11784.60->11787.26, delay 18.00->18.00).
phyopt: round=1 part=high seed=n13836(id=13836 center=13836 R=5 crit=0.700 pot=0.4400)
phyopt: rejected (map area 11784.60->11829.82, delay 18.00->18.00).
phyopt: round=1 part=high seed=n14246(id=14246 center=14246 R=5 crit=0.700 pot=0.4400)
phyopt: rejected (map area 11784.60->11829.55, delay 18.00->18.00).
phyopt: round=1 part=high seed=n15114(id=15114 center=15114 R=5 crit=0.700 pot=0.4400)
phyopt: rejected (map area 11784.60->11785.66, delay 18.00->18.00).
phyopt: round=1 part=high seed=n15629(id=15629 center=15629 R=5 crit=0.700 pot=0.4400)
phyopt: accepted (map area 11784.60->11784.60, delay 18.00->18.00).
phyopt: round=1 part=high seed=n15690(id=15690 center=15690 R=5 crit=0.700 pot=0.4400)
phyopt: rejected (map area 11784.60->11810.40, delay 18.00->18.00).
phyopt: round=1 part=high seed=n17522(id=17522 center=17522 R=5 crit=0.700 pot=0.4400)
phyopt: accepted (map area 11784.60->11784.60, delay 18.00->18.00).
phyopt: round=1 part=high seed=n17746(id=17746 center=17746 R=5 crit=0.700 pot=0.4400)
phyopt: accepted (map area 11784.60->11783.53, delay 18.00->18.00).
phyopt: round=1 part=high seed=n17828(id=17828 center=17828 R=5 crit=0.700 pot=0.4400)
phyopt: rejected (map area 11783.53->11785.40, delay 18.00->18.00).
phyopt: round=1 part=high seed=n17843(id=17843 center=17843 R=5 crit=0.700 pot=0.4400)
phyopt: rejected (map area 11783.53->11789.65, delay 18.00->18.00).
phyopt: round=1 part=high seed=n18243(id=18243 center=18243 R=5 crit=0.700 pot=0.4400)
phyopt: accepted (map area 11783.53->11783.53, delay 18.00->18.00).
phyopt: round=1 part=high seed=n19229(id=19229 center=19229 R=5 crit=0.700 pot=0.4400)
phyopt: accepted (map area 11783.53->11780.61, delay 18.00->18.00).
phyopt: round=1 part=high seed=n19270(id=19270 center=19270 R=5 crit=0.700 pot=0.4400)
phyopt: rejected (map area 11780.61->11806.68, delay 18.00->18.00).
phyopt: round=1 part=high seed=n19388(id=19388 center=19388 R=5 crit=0.700 pot=0.4400)
phyopt: accepted (map area 11780.61->11779.81, delay 18.00->18.00).
phyopt: round=1 part=high seed=n19436(id=19436 center=19436 R=5 crit=0.700 pot=0.4400)
phyopt: accepted (map area 11779.81->11778.75, delay 18.00->18.00).
phyopt: round=1 part=high seed=n20073(id=20073 center=20073 R=5 crit=0.700 pot=0.4400)
phyopt: accepted (map area 11778.75->11778.48, delay 18.00->18.00).
phyopt: round=1 part=high seed=n20090(id=20090 center=20090 R=5 crit=0.700 pot=0.4400)
phyopt: rejected (map area 11778.48->11779.28, delay 18.00->18.00).
phyopt: round=1 part=low seed=n36(id=36 center=36 R=3 crit=0.133 pot=0.9733)
phyopt: rejected (map area 11778.48->11778.75, delay 18.00->18.00).
phyopt: round=1 part=low seed=n42(id=42 center=42 R=3 crit=0.167 pot=0.9667)
phyopt: rejected (map area 11778.48->11778.48, delay 18.00->18.00).
phyopt: round=1 part=low seed=n102(id=102 center=102 R=3 crit=0.167 pot=0.9667)
phyopt: rejected (map area 11778.48->11778.48, delay 18.00->18.00).
phyopt: round=1 part=low seed=n105(id=105 center=105 R=3 crit=0.167 pot=0.9667)
phyopt: accepted (map area 11778.48->11777.42, delay 18.00->18.00).
phyopt: round=1 part=low seed=n10544(id=10544 center=10544 R=3 crit=0.167 pot=0.9667)
phyopt: rejected (map area 11777.42->11777.42, delay 18.00->18.00).
phyopt: round=1 part=low seed=n10506(id=10506 center=10506 R=3 crit=0.267 pot=0.9467)
phyopt: rejected (map area 11777.42->11777.42, delay 18.00->18.00).
phyopt: round=1 part=low seed=n11385(id=11385 center=11385 R=3 crit=0.300 pot=0.9400)
phyopt: accepted (map area 11777.42->11777.15, delay 18.00->18.00).
phyopt: round=1 part=low seed=n11485(id=11485 center=11485 R=3 crit=0.300 pot=0.9400)
phyopt: rejected (map area 11777.15->11777.15, delay 18.00->18.00).
phyopt: round=1 part=low seed=n773(id=773 center=773 R=3 crit=0.333 pot=0.9333)
phyopt: rejected (map area 11777.15->11777.42, delay 18.00->18.00).
phyopt: round=1 part=low seed=n8609(id=8609 center=8609 R=3 crit=0.333 pot=0.9333)
phyopt: rejected (map area 11777.15->11777.15, delay 18.00->18.00).
phyopt: round=1 part=low seed=n9159(id=9159 center=9159 R=3 crit=0.333 pot=0.9333)
phyopt: accepted (map area 11777.15->11776.88, delay 18.00->18.00).
phyopt: round=1 part=low seed=n10523(id=10523 center=10523 R=3 crit=0.333 pot=0.9333)
phyopt: accepted (map area 11776.88->11776.35, delay 18.00->18.00).
phyopt: round=1 part=low seed=n10552(id=10552 center=10552 R=3 crit=0.333 pot=0.9333)
phyopt: rejected (map area 11776.35->11776.35, delay 18.00->18.00).
phyopt: round=1 part=low seed=n9218(id=9218 center=9218 R=3 crit=0.367 pot=0.9267)
phyopt: rejected (map area 11776.35->11776.35, delay 18.00->18.00).
phyopt: round=1 part=low seed=n16091(id=16091 center=16091 R=3 crit=0.367 pot=0.9267)
phyopt: rejected (map area 11776.35->11776.35, delay 18.00->18.00).
phyopt: round=1 part=low seed=n1515(id=1515 center=1515 R=3 crit=0.400 pot=0.9200)
phyopt: rejected (map area 11776.35->11776.35, delay 18.00->18.00).
phyopt: round=1 part=low seed=n4117(id=4117 center=4117 R=3 crit=0.400 pot=0.9200)
phyopt: rejected (map area 11776.35->11776.35, delay 18.00->18.00).
phyopt: round=1 part=low seed=n5324(id=5324 center=5324 R=3 crit=0.400 pot=0.9200)
phyopt: accepted (map area 11776.35->11775.82, delay 18.00->18.00).
phyopt: round=1 part=low seed=n5670(id=5670 center=5670 R=3 crit=0.400 pot=0.9200)
phyopt: rejected (map area 11775.82->11775.82, delay 18.00->18.00).
phyopt: round=1 part=low seed=n8363(id=8363 center=8363 R=3 crit=0.400 pot=0.9200)
phyopt: accepted (map area 11775.82->11775.02, delay 18.00->18.00).
phyopt: round=1 part=low seed=n9373(id=9373 center=9373 R=3 crit=0.400 pot=0.9200)
phyopt: rejected (map area 11775.02->11775.02, delay 18.00->18.00).
phyopt: round=1 part=low seed=n11648(id=11648 center=11648 R=3 crit=0.400 pot=0.9200)
phyopt: rejected (map area 11775.02->11775.02, delay 18.00->18.00).
phyopt: round=1 part=low seed=n8268(id=8268 center=8268 R=3 crit=0.000 pot=0.8020)
phyopt: accepted (map area 11775.02->11774.76, delay 18.00->18.00).
phyopt: round=1 part=low seed=n8393(id=8393 center=8393 R=3 crit=0.033 pot=0.7954)
phyopt: rejected (map area 11774.76->11774.76, delay 18.00->18.00).
phyopt: round=1 part=low seed=n10444(id=10444 center=10444 R=3 crit=0.067 pot=0.7887)
phyopt: rejected (map area 11774.76->11774.76, delay 18.00->18.00).
phyopt: round=1 part=low seed=n8394(id=8394 center=8394 R=3 crit=0.100 pot=0.7820)
phyopt: accepted (map area 11774.76->11774.22, delay 18.00->18.00).
phyopt: round=1 part=low seed=n8395(id=8395 center=8395 R=3 crit=0.100 pot=0.7820)
phyopt: accepted (map area 11774.22->11773.96, delay 18.00->18.00).
phyopt: round=1 part=low seed=n10445(id=10445 center=10445 R=3 crit=0.100 pot=0.7820)
phyopt: rejected (map area 11773.96->11773.96, delay 18.00->18.00).
phyopt: round=1 part=mid seed=n4839(id=4839 center=4839 R=4 crit=0.433 pot=0.7833)
phyopt: accepted (map area 11773.96->11773.16, delay 18.00->18.00).
phyopt: round=1 part=mid seed=n8723(id=8723 center=8723 R=4 crit=0.433 pot=0.7833)
phyopt: accepted (map area 11773.16->11772.89, delay 18.00->18.00).
phyopt: round=1 part=mid seed=n8844(id=8844 center=8844 R=4 crit=0.433 pot=0.7833)
phyopt: rejected (map area 11772.89->11772.89, delay 18.00->18.00).
phyopt: round=1 part=mid seed=n10468(id=10468 center=10468 R=4 crit=0.433 pot=0.7833)
phyopt: rejected (map area 11772.89->11772.89, delay 18.00->18.00).
phyopt: round=1 part=mid seed=n11287(id=11287 center=11287 R=4 crit=0.433 pot=0.7833)
phyopt: rejected (map area 11772.89->11772.89, delay 18.00->18.00).
phyopt: round=1 part=mid seed=n12124(id=12124 center=12124 R=4 crit=0.433 pot=0.7833)
phyopt: rejected (map area 11772.89->11776.35, delay 18.00->18.00).
phyopt: round=1 part=mid seed=n12556(id=12556 center=12556 R=4 crit=0.433 pot=0.7833)
phyopt: rejected (map area 11772.89->11772.89, delay 18.00->18.00).
phyopt: round=1 part=mid seed=n573(id=573 center=573 R=4 crit=0.467 pot=0.7667)
phyopt: rejected (map area 11772.89->11773.43, delay 18.00->18.00).
phyopt: round=1 part=mid seed=n1329(id=1329 center=1329 R=4 crit=0.467 pot=0.7667)
phyopt: rejected (map area 11772.89->11772.89, delay 18.00->18.00).
phyopt: round=1 part=mid seed=n4237(id=4237 center=4237 R=4 crit=0.467 pot=0.7667)
phyopt: accepted (map area 11772.89->11771.56, delay 18.00->18.00).
phyopt: round=1 part=mid seed=n5195(id=5195 center=5195 R=4 crit=0.467 pot=0.7667)
phyopt: rejected (map area 11771.56->11771.56, delay 18.00->18.00).
phyopt: round=1 part=mid seed=n5276(id=5276 center=5276 R=4 crit=0.467 pot=0.7667)
phyopt: accepted (map area 11771.56->11771.03, delay 18.00->18.00).
phyopt: round=1 part=mid seed=n5311(id=5311 center=5311 R=4 crit=0.467 pot=0.7667)
phyopt: rejected (map area 11771.03->11771.30, delay 18.00->18.00).
phyopt: round=1 part=mid seed=n8322(id=8322 center=8322 R=4 crit=0.467 pot=0.7667)
phyopt: rejected (map area 11771.03->11771.03, delay 18.00->18.00).
phyopt: round=1 part=mid seed=n8846(id=8846 center=8846 R=4 crit=0.467 pot=0.7667)
phyopt: accepted (map area 11771.03->11770.50, delay 18.00->18.00).
phyopt: round=1 part=mid seed=n9468(id=9468 center=9468 R=4 crit=0.467 pot=0.7667)
phyopt: rejected (map area 11770.50->11770.50, delay 18.00->18.00).
phyopt: round=1 part=mid seed=n9488(id=9488 center=9488 R=4 crit=0.467 pot=0.7667)
phyopt: accepted (map area 11770.50->11769.97, delay 18.00->18.00).
phyopt: round=1 part=mid seed=n10662(id=10662 center=10662 R=4 crit=0.467 pot=0.7667)
phyopt: accepted (map area 11769.97->11766.24, delay 18.00->18.00).
phyopt: round=1 part=mid seed=n10670(id=10670 center=10670 R=4 crit=0.467 pot=0.7667)
phyopt: rejected (map area 11766.24->11769.17, delay 18.00->18.00).
phyopt: round=1 part=mid seed=n10726(id=10726 center=10726 R=4 crit=0.467 pot=0.7667)
phyopt: rejected (map area 11766.24->11768.37, delay 18.00->18.00).
phyopt: round=1 part=mid seed=n10864(id=10864 center=10864 R=4 crit=0.467 pot=0.7667)
phyopt: rejected (map area 11766.24->11766.24, delay 18.00->18.00).
phyopt: round=1 part=mid seed=n11450(id=11450 center=11450 R=4 crit=0.467 pot=0.7667)
phyopt: rejected (map area 11766.24->11766.51, delay 18.00->18.00).
phyopt: round=1 part=mid seed=n11641(id=11641 center=11641 R=4 crit=0.467 pot=0.7667)
phyopt: accepted (map area 11766.24->11765.98, delay 18.00->18.00).
phyopt: round=1 part=mid seed=n13280(id=13280 center=13280 R=4 crit=0.467 pot=0.7667)
phyopt: accepted (map area 11765.98->11764.12, delay 18.00->18.00).
phyopt: round=1 part=mid seed=n15957(id=15957 center=15957 R=4 crit=0.467 pot=0.7667)
phyopt: accepted (map area 11764.12->11762.25, delay 18.00->18.00).
phyopt: round=1 part=mid seed=n16241(id=16241 center=16241 R=4 crit=0.467 pot=0.7667)
phyopt: rejected (map area 11762.25->11764.65, delay 18.00->18.00).
phyopt: round=1 part=mid seed=n16530(id=16530 center=16530 R=4 crit=0.467 pot=0.7667)
phyopt: accepted (map area 11762.25->11761.72, delay 18.00->18.00).
phyopt: round=1 part=mid seed=n16593(id=16593 center=16593 R=4 crit=0.467 pot=0.7667)
phyopt: rejected (map area 11761.72->11761.72, delay 18.00->18.00).
phyopt: round=1 part=mid seed=n209(id=209 center=209 R=4 crit=0.500 pot=0.7500)
phyopt: accepted (map area 11761.72->11761.46, delay 18.00->18.00).
phyopt: round=1 part=mid seed=n4171(id=4171 center=4171 R=4 crit=0.500 pot=0.7500)
phyopt: rejected (map area 11761.46->11761.46, delay 18.00->18.00).
phyopt: finished round 1/1.
phyopt: partition summary (tried/accepted):
  high : 16 / 30
  low  : 9 / 28
  mid  : 12 / 30
phyopt: per-part seed coverage (topK means top-5 potential within processed seeds):
  high: seeds=30 tried=30(100.0%) accepted=16(53.3%) skipped(marked=0,low_slack=0) topK(tried=5/5 accepted=3 hit=60.0%)
  low: seeds=30 tried=28(93.3%) accepted=9(32.1%) skipped(marked=2,low_slack=0) topK(tried=5/5 accepted=1 hit=20.0%)
  mid: seeds=30 tried=30(100.0%) accepted=12(40.0%) skipped(marked=0,low_slack=0) topK(tried=5/5 accepted=2 hit=40.0%)
phyopt: rejection reason breakdown:
  - runtime_or_eval_fail : 0
  - policy_tradeoff_reject : 28
  - delay_worse : 0
  - area_worse : 23
  - area_and_delay_worse : 0
  - low_part_delay_budget : 0
phyopt: skipped marked=2 low_slack=<0.10=0
phyopt: done, accepted=37 rejected=51 final_nodes=21130 final_levels=40.
Networks are equivalent.  Time =     1.64 sec
