======== ABC command line "source /tmp/alpha_ex200_alpha_wide_low_high1_61931.scr"
Warning: Detected 2 multi-output cells (for example, "FA_X1").
mapper_extract: wrote 18858 lines to "/mnt/d/My_abc_work/abc/my_work/alpha_ablation_11cxx/results/run_20260403_alpha20/ex200/ex200_alpha_wide_low_high1.csv".
Loaded 18858 physical records from /mnt/d/My_abc_work/abc/my_work/alpha_ablation_11cxx/results/run_20260403_alpha20/ex200/ex200_alpha_wide_low_high1.csv
Potential rebuilt: alpha(low/mid/high)=0.100/0.500/0.900 avg_struct=0.7471 avg_slack=0.2513 avg_opt_mid=0.4991
Physical records : 18858
Gate summary     : NAND=11776 AND=6336 INV=745 OTHER=1
Alpha (L/M/H)    : 0.100 / 0.500 / 0.900
StructW(i/p/f/g) : 0.500 / 0.400 / 0.050 / 0.050
phyopt: start rounds=1, criticality partitions high(>=0.900)->low(<=0.250)->mid, window=16.
phyopt: objective=map(area,delay), low-part delay budget=+10% from pre-opt.
phyopt: round=1 partition sizes high=4350 low=74 mid=14434.
phyopt: round=1 part=high seed=n2846(id=2846 center=2846 R=5 crit=0.900 pot=0.1900)
phyopt: rejected (map area 9945.47->9948.40, delay 17.00->17.00).
phyopt: round=1 part=high seed=n2869(id=2869 center=2869 R=5 crit=0.900 pot=0.1900)
phyopt: accepted (map area 9945.47->9944.94, delay 17.00->17.00).
phyopt: round=1 part=high seed=n8833(id=8833 center=8833 R=5 crit=0.900 pot=0.1900)
phyopt: accepted (map area 9944.94->9944.41, delay 17.00->17.00).
phyopt: round=1 part=high seed=n10121(id=10121 center=10121 R=5 crit=0.900 pot=0.1900)
phyopt: accepted (map area 9944.41->9943.88, delay 17.00->17.00).
phyopt: round=1 part=high seed=n14165(id=14165 center=14165 R=5 crit=0.900 pot=0.1900)
phyopt: accepted (map area 9943.88->9941.22, delay 17.00->17.00).
phyopt: round=1 part=high seed=n16774(id=16774 center=16774 R=5 crit=0.900 pot=0.1900)
phyopt: rejected (map area 9941.22->9941.75, delay 17.00->17.00).
phyopt: round=1 part=high seed=n16803(id=16803 center=16803 R=5 crit=0.900 pot=0.1900)
phyopt: rejected (map area 9941.22->9942.02, delay 17.00->17.00).
The node "n18139" with ID 18139 is not in the current network.
phyopt: skip seed=n18139 (cannot resolve center node in current AIG).
phyopt: round=1 part=high seed=n776(id=776 center=776 R=5 crit=0.900 pot=0.1687)
phyopt: accepted (map area 9941.22->9939.36, delay 17.00->17.00).
phyopt: round=1 part=high seed=n783(id=783 center=783 R=5 crit=0.900 pot=0.1687)
phyopt: accepted (map area 9939.36->9938.82, delay 17.00->17.00).
phyopt: round=1 part=high seed=n785(id=785 center=785 R=5 crit=0.900 pot=0.1687)
phyopt: accepted (map area 9938.82->9984.58, delay 17.00->16.00).
phyopt: round=1 part=high seed=n787(id=787 center=787 R=5 crit=0.900 pot=0.1687)
phyopt: accepted (map area 9984.58->9984.58, delay 16.00->16.00).
phyopt: round=1 part=high seed=n807(id=807 center=807 R=5 crit=0.900 pot=0.1687)
phyopt: accepted (map area 9984.58->9978.46, delay 16.00->16.00).
phyopt: round=1 part=high seed=n810(id=810 center=810 R=5 crit=0.900 pot=0.1687)
phyopt: accepted (map area 9978.46->9975.27, delay 16.00->16.00).
phyopt: round=1 part=high seed=n812(id=812 center=812 R=5 crit=0.900 pot=0.1687)
phyopt: accepted (map area 9975.27->9975.27, delay 16.00->16.00).
phyopt: round=1 part=high seed=n1013(id=1013 center=1013 R=5 crit=0.900 pot=0.1687)
phyopt: accepted (map area 9975.27->9974.20, delay 16.00->16.00).
phyopt: round=1 part=high seed=n1018(id=1018 center=1018 R=5 crit=0.900 pot=0.1687)
phyopt: rejected (map area 9974.20->9977.13, delay 16.00->16.00).
phyopt: round=1 part=high seed=n1019(id=1019 center=1019 R=5 crit=0.900 pot=0.1687)
phyopt: accepted (map area 9974.20->9969.95, delay 16.00->16.00).
phyopt: round=1 part=high seed=n1026(id=1026 center=1026 R=5 crit=0.900 pot=0.1687)
phyopt: accepted (map area 9969.95->9969.68, delay 16.00->16.00).
phyopt: round=1 part=high seed=n1045(id=1045 center=1045 R=5 crit=0.900 pot=0.1687)
phyopt: accepted (map area 9969.68->9964.89, delay 16.00->16.00).
phyopt: round=1 part=high seed=n1047(id=1047 center=1047 R=5 crit=0.900 pot=0.1687)
phyopt: accepted (map area 9964.89->9962.23, delay 16.00->16.00).
phyopt: round=1 part=high seed=n1049(id=1049 center=1049 R=5 crit=0.900 pot=0.1687)
phyopt: accepted (map area 9962.23->9959.04, delay 16.00->16.00).
phyopt: round=1 part=high seed=n1078(id=1078 center=1078 R=5 crit=0.900 pot=0.1687)
phyopt: accepted (map area 9959.04->9957.44, delay 16.00->16.00).
phyopt: round=1 part=high seed=n1080(id=1080 center=1080 R=5 crit=0.900 pot=0.1687)
phyopt: accepted (map area 9957.44->9953.19, delay 16.00->16.00).
phyopt: round=1 part=high seed=n1411(id=1411 center=1411 R=5 crit=0.900 pot=0.1687)
phyopt: accepted (map area 9953.19->9952.39, delay 16.00->16.00).
phyopt: round=1 part=high seed=n1710(id=1710 center=1710 R=5 crit=0.900 pot=0.1687)
phyopt: accepted (map area 9952.39->9952.39, delay 16.00->16.00).
phyopt: round=1 part=high seed=n1737(id=1737 center=1737 R=5 crit=0.900 pot=0.1687)
phyopt: accepted (map area 9952.39->9938.82, delay 16.00->16.00).
phyopt: round=1 part=high seed=n1742(id=1742 center=1742 R=5 crit=0.900 pot=0.1687)
phyopt: rejected (map area 9938.82->9943.61, delay 16.00->16.00).
phyopt: round=1 part=low seed=n5933(id=5933 center=5933 R=3 crit=0.200 pot=0.9800)
phyopt: accepted (map area 9938.82->9938.56, delay 16.00->16.00).
phyopt: round=1 part=low seed=n6990(id=6990 center=6990 R=3 crit=0.200 pot=0.9800)
phyopt: rejected (map area 9938.56->9938.56, delay 16.00->16.00).
phyopt: round=1 part=low seed=n6992(id=6992 center=6992 R=3 crit=0.200 pot=0.9800)
phyopt: rejected (map area 9938.56->9938.56, delay 16.00->16.00).
phyopt: round=1 part=low seed=n5913(id=5913 center=5913 R=3 crit=0.000 pot=0.8082)
phyopt: rejected (map area 9938.56->9938.56, delay 16.00->16.00).
phyopt: round=1 part=low seed=n5915(id=5915 center=5915 R=3 crit=0.067 pot=0.8015)
phyopt: accepted (map area 9938.56->9937.76, delay 16.00->16.00).
phyopt: round=1 part=low seed=n3404(id=3404 center=3404 R=3 crit=0.100 pot=0.7982)
phyopt: accepted (map area 9937.76->9937.49, delay 16.00->16.00).
phyopt: round=1 part=low seed=n13411(id=13411 center=13411 R=3 crit=0.133 pot=0.7948)
phyopt: rejected (map area 9937.49->9937.49, delay 16.00->16.00).
phyopt: round=1 part=low seed=n1430(id=1430 center=1430 R=3 crit=0.167 pot=0.7915)
phyopt: rejected (map area 9937.49->9937.49, delay 16.00->16.00).
phyopt: round=1 part=low seed=n1432(id=1432 center=1432 R=3 crit=0.167 pot=0.7915)
phyopt: accepted (map area 9937.49->9936.70, delay 16.00->16.00).
phyopt: round=1 part=low seed=n3140(id=3140 center=3140 R=3 crit=0.167 pot=0.7915)
phyopt: rejected (map area 9936.70->9936.70, delay 16.00->16.00).
phyopt: round=1 part=low seed=n3519(id=3519 center=3519 R=3 crit=0.167 pot=0.7915)
phyopt: rejected (map area 9936.70->9936.70, delay 16.00->16.00).
phyopt: round=1 part=low seed=n3522(id=3522 center=3522 R=3 crit=0.167 pot=0.7915)
phyopt: accepted (map area 9936.70->9936.43, delay 16.00->16.00).
phyopt: round=1 part=low seed=n4366(id=4366 center=4366 R=3 crit=0.167 pot=0.7915)
phyopt: rejected (map area 9936.43->9936.43, delay 16.00->16.00).
phyopt: round=1 part=low seed=n4393(id=4393 center=4393 R=3 crit=0.167 pot=0.7915)
phyopt: accepted (map area 9936.43->9935.63, delay 16.00->16.00).
phyopt: round=1 part=low seed=n4394(id=4394 center=4394 R=3 crit=0.167 pot=0.7915)
phyopt: rejected (map area 9935.63->9935.63, delay 16.00->16.00).
phyopt: round=1 part=low seed=n9269(id=9269 center=9269 R=3 crit=0.167 pot=0.7915)
phyopt: rejected (map area 9935.63->9935.63, delay 16.00->16.00).
phyopt: round=1 part=low seed=n9270(id=9270 center=9270 R=3 crit=0.167 pot=0.7915)
phyopt: rejected (map area 9935.63->9935.63, delay 16.00->16.00).
phyopt: round=1 part=low seed=n9271(id=9271 center=9271 R=3 crit=0.167 pot=0.7915)
phyopt: rejected (map area 9935.63->9935.63, delay 16.00->16.00).
phyopt: round=1 part=low seed=n15579(id=15579 center=15579 R=3 crit=0.167 pot=0.7915)
phyopt: accepted (map area 9935.63->9934.83, delay 16.00->16.00).
phyopt: round=1 part=low seed=n1494(id=1494 center=1494 R=3 crit=0.200 pot=0.7882)
phyopt: accepted (map area 9934.83->9934.57, delay 16.00->16.00).
phyopt: round=1 part=low seed=n1495(id=1495 center=1495 R=3 crit=0.200 pot=0.7882)
phyopt: rejected (map area 9934.57->9934.57, delay 16.00->16.00).
phyopt: round=1 part=low seed=n3138(id=3138 center=3138 R=3 crit=0.200 pot=0.7882)
phyopt: rejected (map area 9934.57->9935.10, delay 16.00->16.00).
phyopt: round=1 part=low seed=n3139(id=3139 center=3139 R=3 crit=0.200 pot=0.7882)
phyopt: rejected (map area 9934.57->9934.57, delay 16.00->16.00).
phyopt: round=1 part=low seed=n3141(id=3141 center=3141 R=3 crit=0.200 pot=0.7882)
phyopt: rejected (map area 9934.57->9934.57, delay 16.00->16.00).
phyopt: round=1 part=low seed=n3142(id=3142 center=3142 R=3 crit=0.200 pot=0.7882)
phyopt: rejected (map area 9934.57->9934.57, delay 16.00->16.00).
phyopt: round=1 part=low seed=n3143(id=3143 center=3143 R=3 crit=0.200 pot=0.7882)
phyopt: rejected (map area 9934.57->9934.57, delay 16.00->16.00).
phyopt: round=1 part=low seed=n3147(id=3147 center=3147 R=3 crit=0.200 pot=0.7882)
phyopt: accepted (map area 9934.57->9934.30, delay 16.00->16.00).
phyopt: round=1 part=low seed=n3169(id=3169 center=3169 R=3 crit=0.200 pot=0.7882)
phyopt: rejected (map area 9934.30->9934.30, delay 16.00->16.00).
phyopt: round=1 part=low seed=n4368(id=4368 center=4368 R=3 crit=0.200 pot=0.7882)
phyopt: rejected (map area 9934.30->9934.30, delay 16.00->16.00).
phyopt: round=1 part=low seed=n4369(id=4369 center=4369 R=3 crit=0.200 pot=0.7882)
phyopt: rejected (map area 9934.30->9934.30, delay 16.00->16.00).
phyopt: round=1 part=low seed=n4411(id=4411 center=4411 R=3 crit=0.200 pot=0.7882)
phyopt: accepted (map area 9934.30->9933.50, delay 16.00->16.00).
phyopt: round=1 part=low seed=n5927(id=5927 center=5927 R=3 crit=0.200 pot=0.7882)
phyopt: rejected (map area 9933.50->9933.50, delay 16.00->16.00).
phyopt: round=1 part=low seed=n6004(id=6004 center=6004 R=3 crit=0.200 pot=0.7882)
phyopt: accepted (map area 9933.50->9932.71, delay 16.00->16.00).
phyopt: round=1 part=mid seed=n5238(id=5238 center=5238 R=4 crit=0.267 pot=0.8667)
phyopt: rejected (map area 9932.71->9932.71, delay 16.00->16.00).
phyopt: round=1 part=mid seed=n9302(id=9302 center=9302 R=4 crit=0.267 pot=0.8667)
phyopt: rejected (map area 9932.71->9934.57, delay 16.00->16.00).
phyopt: round=1 part=mid seed=n4819(id=4819 center=4819 R=4 crit=0.300 pot=0.8500)
phyopt: rejected (map area 9932.71->9932.71, delay 16.00->16.00).
phyopt: round=1 part=mid seed=n14422(id=14422 center=14422 R=4 crit=0.300 pot=0.8500)
phyopt: rejected (map area 9932.71->9932.71, delay 16.00->16.00).
phyopt: round=1 part=mid seed=n3249(id=3249 center=3249 R=4 crit=0.333 pot=0.8333)
phyopt: rejected (map area 9932.71->9932.71, delay 16.00->16.00).
phyopt: round=1 part=mid seed=n7109(id=7109 center=7109 R=4 crit=0.333 pot=0.8333)
phyopt: rejected (map area 9932.71->9932.71, delay 16.00->16.00).
phyopt: round=1 part=mid seed=n17478(id=17478 center=17478 R=4 crit=0.333 pot=0.8333)
phyopt: accepted (map area 9932.71->9929.78, delay 16.00->16.00).
phyopt: round=1 part=mid seed=n6075(id=6075 center=6075 R=4 crit=0.367 pot=0.8167)
phyopt: accepted (map area 9929.78->9928.72, delay 16.00->16.00).
phyopt: round=1 part=mid seed=n7112(id=7112 center=7112 R=4 crit=0.367 pot=0.8167)
phyopt: rejected (map area 9928.72->9928.98, delay 16.00->16.00).
phyopt: round=1 part=mid seed=n14559(id=14559 center=14559 R=4 crit=0.367 pot=0.8167)
phyopt: rejected (map area 9928.72->9928.72, delay 16.00->16.00).
phyopt: round=1 part=mid seed=n76(id=76 center=76 R=4 crit=0.400 pot=0.8000)
phyopt: accepted (map area 9928.72->9927.39, delay 16.00->16.00).
phyopt: round=1 part=mid seed=n5351(id=5351 center=5351 R=4 crit=0.400 pot=0.8000)
phyopt: accepted (map area 9927.39->9926.59, delay 16.00->16.00).
phyopt: round=1 part=mid seed=n6513(id=6513 center=6513 R=4 crit=0.400 pot=0.8000)
phyopt: rejected (map area 9926.59->9926.59, delay 16.00->16.00).
phyopt: round=1 part=mid seed=n8546(id=8546 center=8546 R=4 crit=0.400 pot=0.8000)
phyopt: rejected (map area 9926.59->9927.65, delay 16.00->16.00).
phyopt: round=1 part=mid seed=n12348(id=12348 center=12348 R=4 crit=0.400 pot=0.8000)
phyopt: accepted (map area 9926.59->9925.26, delay 16.00->16.00).
phyopt: round=1 part=mid seed=n12932(id=12932 center=12932 R=4 crit=0.400 pot=0.8000)
phyopt: accepted (map area 9925.26->9921.80, delay 16.00->16.00).
phyopt: round=1 part=mid seed=n13684(id=13684 center=13684 R=4 crit=0.400 pot=0.8000)
phyopt: accepted (map area 9921.80->9921.27, delay 16.00->16.00).
phyopt: round=1 part=mid seed=n14560(id=14560 center=14560 R=4 crit=0.400 pot=0.8000)
phyopt: rejected (map area 9921.27->9921.27, delay 16.00->16.00).
phyopt: round=1 part=mid seed=n17698(id=17698 center=17698 R=4 crit=0.400 pot=0.8000)
phyopt: accepted (map area 9921.27->9920.47, delay 16.00->16.00).
phyopt: round=1 part=mid seed=n3418(id=3418 center=3418 R=4 crit=0.433 pot=0.7833)
phyopt: rejected (map area 9920.47->9920.47, delay 16.00->16.00).
phyopt: round=1 part=mid seed=n10194(id=10194 center=10194 R=4 crit=0.433 pot=0.7833)
phyopt: accepted (map area 9920.47->9920.20, delay 16.00->16.00).
phyopt: round=1 part=mid seed=n13314(id=13314 center=13314 R=4 crit=0.433 pot=0.7833)
phyopt: accepted (map area 9920.20->9919.14, delay 16.00->16.00).
phyopt: round=1 part=mid seed=n13674(id=13674 center=13674 R=4 crit=0.433 pot=0.7833)
phyopt: rejected (map area 9919.14->9919.14, delay 16.00->16.00).
phyopt: round=1 part=mid seed=n14753(id=14753 center=14753 R=4 crit=0.433 pot=0.7833)
phyopt: accepted (map area 9919.14->9917.28, delay 16.00->16.00).
phyopt: round=1 part=mid seed=n110(id=110 center=110 R=4 crit=0.467 pot=0.7667)
phyopt: rejected (map area 9917.28->9919.67, delay 16.00->16.00).
phyopt: round=1 part=mid seed=n5392(id=5392 center=5392 R=4 crit=0.467 pot=0.7667)
phyopt: rejected (map area 9917.28->9917.81, delay 16.00->16.00).
phyopt: round=1 part=mid seed=n5496(id=5496 center=5496 R=4 crit=0.467 pot=0.7667)
phyopt: accepted (map area 9917.28->9916.75, delay 16.00->16.00).
phyopt: round=1 part=mid seed=n6274(id=6274 center=6274 R=4 crit=0.467 pot=0.7667)
phyopt: rejected (map area 9916.75->9916.75, delay 16.00->16.00).
phyopt: round=1 part=mid seed=n10660(id=10660 center=10660 R=4 crit=0.467 pot=0.7667)
phyopt: rejected (map area 9916.75->9916.75, delay 16.00->16.00).
phyopt: round=1 part=mid seed=n12463(id=12463 center=12463 R=4 crit=0.467 pot=0.7667)
phyopt: rejected (map area 9916.75->9916.75, delay 16.00->16.00).
phyopt: round=1 part=mid seed=n15804(id=15804 center=15804 R=4 crit=0.467 pot=0.7667)
phyopt: rejected (map area 9916.75->9917.28, delay 16.00->16.00).
phyopt: round=1 part=mid seed=n16410(id=16410 center=16410 R=4 crit=0.467 pot=0.7667)
phyopt: accepted (map area 9916.75->9915.42, delay 16.00->16.00).
phyopt: round=1 part=mid seed=n16419(id=16419 center=16419 R=4 crit=0.467 pot=0.7667)
phyopt: accepted (map area 9915.42->9914.62, delay 16.00->16.00).
phyopt: round=1 part=mid seed=n16724(id=16724 center=16724 R=4 crit=0.467 pot=0.7667)
phyopt: rejected (map area 9914.62->9914.62, delay 16.00->16.00).
phyopt: round=1 part=mid seed=n1542(id=1542 center=1542 R=4 crit=0.267 pot=0.7601)
phyopt: rejected (map area 9914.62->9914.62, delay 16.00->16.00).
phyopt: round=1 part=mid seed=n1543(id=1543 center=1543 R=4 crit=0.267 pot=0.7601)
phyopt: accepted (map area 9914.62->9913.55, delay 16.00->16.00).
phyopt: round=1 part=mid seed=n3206(id=3206 center=3206 R=4 crit=0.267 pot=0.7601)
phyopt: rejected (map area 9913.55->9913.82, delay 16.00->16.00).
phyopt: round=1 part=mid seed=n3222(id=3222 center=3222 R=4 crit=0.267 pot=0.7601)
phyopt: accepted (map area 9913.55->9907.70, delay 16.00->16.00).
phyopt: round=1 part=mid seed=n3231(id=3231 center=3231 R=4 crit=0.267 pot=0.7601)
phyopt: rejected (map area 9907.70->9908.23, delay 16.00->16.00).
phyopt: round=1 part=mid seed=n3232(id=3232 center=3232 R=4 crit=0.267 pot=0.7601)
phyopt: rejected (map area 9907.70->9907.70, delay 16.00->16.00).
phyopt: finished round 1/1.
phyopt: partition summary (tried/accepted):
  high : 22 / 27
  low  : 11 / 33
  mid  : 16 / 40
phyopt: per-part seed coverage (topK means top-5 potential within processed seeds):
  high: seeds=40 tried=27(67.5%) accepted=22(81.5%) skipped(marked=12,low_slack=0) topK(tried=5/5 accepted=4 hit=80.0%)
  low: seeds=40 tried=33(82.5%) accepted=11(33.3%) skipped(marked=7,low_slack=0) topK(tried=5/5 accepted=2 hit=40.0%)
  mid: seeds=40 tried=40(100.0%) accepted=16(40.0%) skipped(marked=0,low_slack=0) topK(tried=5/5 accepted=0 hit=0.0%)
phyopt: rejection reason breakdown:
  - runtime_or_eval_fail : 1
  - policy_tradeoff_reject : 37
  - delay_worse : 0
  - area_worse : 14
  - area_and_delay_worse : 0
  - low_part_delay_budget : 0
phyopt: skipped marked=19 low_slack=<0.10=0
phyopt: done, accepted=49 rejected=52 final_nodes=17891 final_levels=36.
Networks are equivalent.  Time =     1.34 sec
