======== ABC command line "source /tmp/ex205_optimized_291.scr"
Library "NangateOpenCellLibrary" from "/mnt/d/My_abc_work/abc/my_work/c17_work/NangateOpenCellLibrary_typical.lib" has 90 cells (45 skipped: 21 seq; 6 tri-state; 8 no func; 10 dont_use; 0 with 2 outputs; 0 with 3+ outputs).  Time =     0.09 sec
Warning: Detected 2 multi-output cells (for example, "FA_X1").
mapper_extract: wrote 29762 lines to "/mnt/d/My_abc_work/abc/my_work/dynamic_scheduler_work/result/run_iwls2026_rawaig_model_equiv_tunedv1_20260415_220038/ex205/ex205_phy.csv".
Loaded 29762 physical records from /mnt/d/My_abc_work/abc/my_work/dynamic_scheduler_work/result/run_iwls2026_rawaig_model_equiv_tunedv1_20260415_220038/ex205/ex205_phy.csv
Potential rebuilt: alpha(low/mid/high)=0.300/0.500/0.800 avg_struct=0.7494 avg_slack=0.2479 avg_opt=0.4668
Physical records : 29762
Gate summary     : NAND=21170 AND=7314 INV=1278 OTHER=0
Alpha (L/M/H)    : 0.300 / 0.500 / 0.800
StructW(i/p/f/g) : 0.500 / 0.400 / 0.050 / 0.050
phyopt: start rounds=3, criticality partitions high(>=0.900)->low(<=0.250)->mid, window=16, mode=dynamic.
phyopt: objective=delay-non-regression + area minimization (delay_eps=0.001 rel_tol=0 area_eps=0.001 delay_only=off).
phyopt: dynamic scheduler enabled (init=15%, leader=5%, probe=1%, part-stop=10, global-stop=2, L2=on, L2-topk-init=12, L2-topk-step=3).
phyopt: funnel L0=on(keep=78%) L1=on(init=0.220 target=0.48 warmup=12 min_try=14).
phyopt: seq-template adaptive=on warmup_per_part=6 (templates=3).
phyopt: anneal=on(start=1.00 min=0.60 decay=0.850 keep_boost=20 l1_slack=0.200).
phyopt: case timeout enabled (300 sec).
phyopt: micro-model on (loaded=yes, samples=4496, blendL0=0.50, blendL1=0.35, keep_target=26% [32%,92%]).
phyopt: round=1 partition sizes high=4963 low=73 mid=24726.
phyopt: part=high seed=n1210(id=1210 center=1210 R=5 tpl=0 crit=0.909 pot=0.2727)
phyopt: accepted (map area 16272.76->16271.15, delay 578.87->578.87).
phyopt: part=high seed=n1841(id=1841 center=1841 R=5 tpl=1 crit=0.909 pot=0.2727)
phyopt: accepted (map area 16271.15->16270.37, delay 578.87->578.87).
phyopt: part=high seed=n4531(id=4531 center=4531 R=5 tpl=2 crit=0.909 pot=0.2727)
phyopt: accepted (map area 16270.37->16268.76, delay 578.87->578.87).
phyopt: part=high seed=n6558(id=6558 center=6558 R=5 tpl=0 crit=0.909 pot=0.2727)
phyopt: accepted (map area 16268.76->16266.64, delay 578.87->578.87).
phyopt: part=high seed=n11972(id=11972 center=11972 R=5 tpl=1 crit=0.909 pot=0.2727)
phyopt: accepted (map area 16266.64->16263.17, delay 578.87->578.87).
phyopt: part=high seed=n12603(id=12603 center=12603 R=5 tpl=2 crit=0.909 pot=0.2727)
phyopt: accepted (map area 16263.17->16262.43, delay 578.87->578.87).
phyopt: part=high seed=n18013(id=18013 center=18013 R=5 tpl=0 crit=0.909 pot=0.2727)
phyopt: accepted (map area 16262.43->16261.64, delay 578.87->578.87).
phyopt: part=high seed=n18931(id=18931 center=18931 R=5 tpl=0 crit=0.909 pot=0.2727)
phyopt: accepted (map area 16261.64->16258.46, delay 578.87->578.87).
phyopt: part=high seed=n19264(id=19264 center=19264 R=5 tpl=0 crit=0.909 pot=0.2727)
phyopt: accepted (map area 16258.46->16258.21, delay 578.87->578.87).
phyopt: part=high seed=n19927(id=19927 center=19927 R=5 tpl=0 crit=0.909 pot=0.2727)
phyopt: rejected (map area 16258.21->16258.73, delay 578.87->578.87).
phyopt: part=high seed=n20084(id=20084 center=20084 R=5 tpl=0 crit=0.909 pot=0.2727)
phyopt: accepted (map area 16258.21->16256.87, delay 578.87->578.87).
phyopt: part=high seed=n20764(id=20764 center=20764 R=5 tpl=0 crit=0.909 pot=0.2727)
phyopt: rejected (map area 16256.87->16256.87, delay 578.87->578.87).
phyopt: part=low seed=n10446(id=10446 center=10446 R=3 tpl=0 crit=0.242 pot=0.9273)
phyopt: rejected (map area 16256.87->16256.88, delay 578.87->578.87).
phyopt: part=low seed=n24281(id=24281 center=24281 R=3 tpl=1 crit=0.182 pot=0.9455)
phyopt: rejected (map area 16256.87->16256.87, delay 578.87->578.87).
phyopt: part=low seed=n47(id=47 center=47 R=3 tpl=2 crit=0.152 pot=0.8051)
phyopt: rejected (map area 16256.87->16256.87, delay 578.87->578.87).
phyopt: part=low seed=n48(id=48 center=48 R=3 tpl=0 crit=0.152 pot=0.8051)
phyopt: rejected (map area 16256.87->16257.39, delay 578.87->578.87).
phyopt: part=low seed=n10303(id=10303 center=10303 R=3 tpl=1 crit=0.152 pot=0.8051)
phyopt: rejected (map area 16256.87->16256.87, delay 578.87->578.87).
phyopt: part=low seed=n38(id=38 center=38 R=3 tpl=2 crit=0.121 pot=0.8142)
phyopt: rejected (map area 16256.87->16256.87, delay 578.87->578.87).
phyopt: part=low seed=n20994(id=20994 center=20994 R=3 tpl=1 crit=0.121 pot=0.8142)
phyopt: rejected (map area 16256.87->16256.88, delay 578.87->578.87).
phyopt: part=low seed=n20995(id=20995 center=20995 R=3 tpl=1 crit=0.121 pot=0.8142)
phyopt: rejected (map area 16256.87->16256.88, delay 578.87->578.87).
phyopt: part=low seed=n20991(id=20991 center=20991 R=3 tpl=2 crit=0.091 pot=0.8233)
phyopt: rejected (map area 16256.87->16256.87, delay 578.87->578.87).
phyopt: part=low seed=n10295(id=10295 center=10295 R=3 tpl=0 crit=0.000 pot=0.8505)
phyopt: rejected (map area 16256.87->16256.87, delay 578.87->578.87).
phyopt: part=low seed=n10296(id=10296 center=10296 R=3 tpl=1 crit=0.000 pot=0.8505)
phyopt: accepted (map area 16256.87->16256.60, delay 578.87->578.87).
phyopt: part=mid seed=n7696(id=7696 center=7696 R=4 tpl=0 crit=0.273 pot=0.8636)
phyopt: accepted (map area 16256.60->16255.27, delay 578.87->578.87).
phyopt: part=mid seed=n13938(id=13938 center=13938 R=4 tpl=1 crit=0.273 pot=0.8636)
phyopt: accepted (map area 16255.27->16255.03, delay 578.87->578.87).
phyopt: part=mid seed=n13915(id=13915 center=13915 R=4 tpl=2 crit=0.303 pot=0.8485)
phyopt: accepted (map area 16255.03->16254.76, delay 578.87->578.87).
phyopt: part=mid seed=n21095(id=21095 center=21095 R=4 tpl=0 crit=0.303 pot=0.8485)
phyopt: rejected (map area 16254.76->16254.76, delay 578.87->578.87).
phyopt: part=mid seed=n22973(id=22973 center=22973 R=4 tpl=1 crit=0.303 pot=0.8485)
phyopt: rejected (map area 16254.76->16254.76, delay 578.87->578.87).
phyopt: part=mid seed=n23723(id=23723 center=23723 R=4 tpl=2 crit=0.303 pot=0.8485)
phyopt: accepted (map area 16254.76->16253.44, delay 578.87->578.87).
phyopt: part=mid seed=n10873(id=10873 center=10873 R=4 tpl=2 crit=0.333 pot=0.8333)
phyopt: accepted (map area 16253.44->16252.38, delay 578.87->578.87).
phyopt: part=mid seed=n13965(id=13965 center=13965 R=4 tpl=2 crit=0.364 pot=0.8182)
phyopt: accepted (map area 16252.38->16251.84, delay 578.87->578.87).
phyopt: part=mid seed=n21109(id=21109 center=21109 R=4 tpl=2 crit=0.364 pot=0.8182)
phyopt: accepted (map area 16251.84->16251.57, delay 578.87->578.87).
phyopt: part=mid seed=n24111(id=24111 center=24111 R=4 tpl=2 crit=0.364 pot=0.8182)
phyopt: accepted (map area 16251.57->16250.51, delay 578.87->578.87).
phyopt: part=mid seed=n500(id=500 center=500 R=4 tpl=2 crit=0.394 pot=0.8030)
phyopt: accepted (map area 16250.51->16248.90, delay 578.87->578.87).
phyopt: part=mid seed=n7675(id=7675 center=7675 R=4 tpl=2 crit=0.394 pot=0.8030)
phyopt: accepted (map area 16248.90->16248.63, delay 578.87->578.87).
phyopt: L2 skips high=719 low=0 mid=3623.
phyopt: L0/L1 skips high=14/0 low=0/0 mid=74/0, L1-threshold=0.2009, anneal_temp=1.000.
phyopt: adaptive keep high/low/mid=85%/71%/85%.
phyopt: finished round 1/3.
mapper_extract: wrote 29703 lines to "/mnt/d/My_abc_work/abc/my_work/dynamic_scheduler_work/result/run_iwls2026_rawaig_model_equiv_tunedv1_20260415_220038/ex205/ex205_phy.csv".
Loaded 29703 physical records from /mnt/d/My_abc_work/abc/my_work/dynamic_scheduler_work/result/run_iwls2026_rawaig_model_equiv_tunedv1_20260415_220038/ex205/ex205_phy.csv
Potential rebuilt: alpha(low/mid/high)=0.300/0.500/0.800 avg_struct=0.7492 avg_slack=0.2486 avg_opt=0.4673
phyopt: round=2 partition sizes high=4907 low=74 mid=24722.
phyopt: part=high seed=n4534(id=4534 center=4534 R=5 tpl=2 crit=0.909 pot=0.2727)
phyopt: rejected (map area 16248.16->16256.39, delay 578.87->578.87).
phyopt: part=high seed=n11957(id=11957 center=11957 R=5 tpl=1 crit=0.909 pot=0.2727)
phyopt: accepted (map area 16248.16->16247.38, delay 578.87->578.87).
phyopt: part=high seed=n12586(id=12586 center=12586 R=5 tpl=1 crit=0.909 pot=0.2727)
phyopt: accepted (map area 16247.38->16246.32, delay 578.87->578.87).
phyopt: part=high seed=n17984(id=17984 center=17984 R=5 tpl=1 crit=0.909 pot=0.2727)
phyopt: accepted (map area 16246.32->16244.75, delay 578.87->578.87).
phyopt: part=high seed=n18903(id=18903 center=18903 R=5 tpl=1 crit=0.909 pot=0.2727)
phyopt: accepted (map area 16244.75->16243.96, delay 578.87->578.87).
phyopt: part=high seed=n19234(id=19234 center=19234 R=5 tpl=1 crit=0.909 pot=0.2727)
phyopt: rejected (map area 16243.96->16244.22, delay 578.87->578.87).
phyopt: part=high seed=n19894(id=19894 center=19894 R=5 tpl=1 crit=0.909 pot=0.2727)
phyopt: rejected (map area 16243.96->16244.48, delay 578.87->578.87).
phyopt: part=high seed=n20725(id=20725 center=20725 R=5 tpl=0 crit=0.909 pot=0.2727)
phyopt: accepted (map area 16243.96->16243.16, delay 578.87->578.87).
phyopt: part=high seed=n25532(id=25532 center=25532 R=5 tpl=0 crit=0.909 pot=0.2727)
phyopt: accepted (map area 16243.16->16241.83, delay 578.87->578.87).
The node "n29155" with ID 29155 is not in the current network.
phyopt: skip seed=n29155 (cannot resolve center node in current AIG).
The node "n29157" with ID 29157 is not in the current network.
phyopt: skip seed=n29157 (cannot resolve center node in current AIG).
phyopt: part=low seed=n10431(id=10431 center=10431 R=3 tpl=1 crit=0.242 pot=0.9273)
phyopt: rejected (map area 16241.83->16241.83, delay 578.87->578.87).
phyopt: part=low seed=n24228(id=24228 center=24228 R=3 tpl=1 crit=0.182 pot=0.9455)
phyopt: rejected (map area 16241.83->16241.83, delay 578.87->578.87).
phyopt: part=low seed=n48(id=48 center=48 R=3 tpl=1 crit=0.152 pot=0.8052)
phyopt: rejected (map area 16241.83->16243.42, delay 578.87->578.87).
phyopt: part=low seed=n10288(id=10288 center=10288 R=3 tpl=1 crit=0.152 pot=0.8052)
phyopt: rejected (map area 16241.83->16241.83, delay 578.87->578.87).
phyopt: part=low seed=n10289(id=10289 center=10289 R=3 tpl=1 crit=0.152 pot=0.8052)
phyopt: rejected (map area 16241.83->16241.83, delay 578.87->578.87).
phyopt: part=low seed=n23985(id=23985 center=23985 R=3 tpl=1 crit=0.152 pot=0.8052)
phyopt: accepted (map area 16241.83->16240.76, delay 578.87->578.87).
phyopt: part=low seed=n38(id=38 center=38 R=3 tpl=1 crit=0.121 pot=0.8143)
phyopt: rejected (map area 16240.76->16240.76, delay 578.87->578.87).
phyopt: part=low seed=n20955(id=20955 center=20955 R=3 tpl=1 crit=0.121 pot=0.8143)
phyopt: rejected (map area 16240.76->16243.43, delay 578.87->578.87).
phyopt: part=low seed=n20956(id=20956 center=20956 R=3 tpl=1 crit=0.121 pot=0.8143)
phyopt: rejected (map area 16240.76->16240.76, delay 578.87->578.87).
phyopt: part=low seed=n20952(id=20952 center=20952 R=3 tpl=1 crit=0.091 pot=0.8234)
phyopt: accepted (map area 16240.76->16239.98, delay 578.87->578.87).
phyopt: part=low seed=n10279(id=10279 center=10279 R=3 tpl=1 crit=0.000 pot=0.8507)
phyopt: rejected (map area 16239.98->16239.98, delay 578.87->578.87).
phyopt: part=mid seed=n7689(id=7689 center=7689 R=4 tpl=2 crit=0.273 pot=0.8636)
phyopt: rejected (map area 16239.98->16239.98, delay 578.87->578.87).
phyopt: part=mid seed=n13916(id=13916 center=13916 R=4 tpl=2 crit=0.273 pot=0.8636)
phyopt: accepted (map area 16239.98->16238.93, delay 578.87->578.87).
phyopt: part=mid seed=n10861(id=10861 center=10861 R=4 tpl=2 crit=0.303 pot=0.8485)
phyopt: accepted (map area 16238.93->16238.66, delay 578.87->578.87).
phyopt: part=mid seed=n13893(id=13893 center=13893 R=4 tpl=2 crit=0.303 pot=0.8485)
phyopt: accepted (map area 16238.66->16237.34, delay 578.87->578.87).
phyopt: part=mid seed=n21056(id=21056 center=21056 R=4 tpl=2 crit=0.303 pot=0.8485)
phyopt: rejected (map area 16237.34->16237.34, delay 578.87->578.87).
phyopt: part=mid seed=n22922(id=22922 center=22922 R=4 tpl=2 crit=0.303 pot=0.8485)
phyopt: accepted (map area 16237.34->16236.53, delay 578.87->578.87).
phyopt: part=mid seed=n23671(id=23671 center=23671 R=4 tpl=2 crit=0.303 pot=0.8485)
phyopt: accepted (map area 16236.53->16234.68, delay 578.87->578.87).
phyopt: part=mid seed=n10858(id=10858 center=10858 R=4 tpl=2 crit=0.333 pot=0.8333)
phyopt: rejected (map area 16234.68->16236.59, delay 578.87->578.87).
phyopt: part=mid seed=n13943(id=13943 center=13943 R=4 tpl=2 crit=0.333 pot=0.8333)
phyopt: rejected (map area 16234.68->16235.74, delay 578.87->578.87).
phyopt: part=mid seed=n21070(id=21070 center=21070 R=4 tpl=2 crit=0.364 pot=0.8182)
phyopt: rejected (map area 16234.68->16234.68, delay 578.87->578.87).
phyopt: part=mid seed=n24059(id=24059 center=24059 R=4 tpl=2 crit=0.364 pot=0.8182)
phyopt: rejected (map area 16234.68->16234.68, delay 578.87->578.87).
phyopt: part=mid seed=n498(id=498 center=498 R=4 tpl=2 crit=0.394 pot=0.8030)
phyopt: accepted (map area 16234.68->16234.39, delay 578.87->578.87).
phyopt: part=high seed=n12572(id=12572 center=12572 R=5 tpl=0 crit=0.909 pot=0.2301)
phyopt: accepted (map area 16234.39->16234.35, delay 578.87->578.87).
phyopt: part=high seed=n12589(id=12589 center=12589 R=5 tpl=0 crit=0.909 pot=0.2301)
phyopt: rejected (map area 16234.35->16234.35, delay 578.87->578.87).
phyopt: part=high seed=n12590(id=12590 center=12590 R=5 tpl=0 crit=0.909 pot=0.2301)
phyopt: accepted (map area 16234.35->16234.05, delay 578.87->578.87).
phyopt: part=high seed=n12592(id=12592 center=12592 R=5 tpl=0 crit=0.909 pot=0.2301)
phyopt: accepted (map area 16234.05->16233.25, delay 578.87->578.87).
phyopt: part=high seed=n15447(id=15447 center=15447 R=5 tpl=0 crit=0.909 pot=0.2301)
phyopt: rejected (map area 16233.25->16233.25, delay 578.87->578.87).
phyopt: L2 skips high=659 low=0 mid=3364.
phyopt: L0/L1 skips high=70/234 low=1/0 mid=333/0, L1-threshold=0.2183, anneal_temp=0.850.
phyopt: adaptive keep high/low/mid=92%/71%/85%.
phyopt: finished round 2/3.
mapper_extract: wrote 29676 lines to "/mnt/d/My_abc_work/abc/my_work/dynamic_scheduler_work/result/run_iwls2026_rawaig_model_equiv_tunedv1_20260415_220038/ex205/ex205_phy.csv".
Loaded 29676 physical records from /mnt/d/My_abc_work/abc/my_work/dynamic_scheduler_work/result/run_iwls2026_rawaig_model_equiv_tunedv1_20260415_220038/ex205/ex205_phy.csv
Potential rebuilt: alpha(low/mid/high)=0.300/0.500/0.800 avg_struct=0.7489 avg_slack=0.2481 avg_opt=0.4667
phyopt: round=3 partition sizes high=4921 low=71 mid=24684.
phyopt: part=high seed=n4534(id=4534 center=4534 R=5 tpl=0 crit=0.909 pot=0.2727)
phyopt: accepted (map area 16228.06->16227.79, delay 578.87->578.87).
phyopt: part=high seed=n7175(id=7175 center=7175 R=5 tpl=0 crit=0.909 pot=0.2727)
phyopt: rejected (map area 16227.79->16231.71, delay 578.87->578.87).
phyopt: part=high seed=n11963(id=11963 center=11963 R=5 tpl=0 crit=0.909 pot=0.2727)
phyopt: accepted (map area 16227.79->16227.52, delay 578.87->578.87).
phyopt: part=high seed=n17989(id=17989 center=17989 R=5 tpl=0 crit=0.909 pot=0.2727)
phyopt: rejected (map area 16227.52->16227.52, delay 578.87->578.87).
phyopt: part=high seed=n18466(id=18466 center=18466 R=5 tpl=0 crit=0.909 pot=0.2727)
phyopt: rejected (map area 16227.52->16227.80, delay 578.87->578.87).
phyopt: part=high seed=n18909(id=18909 center=18909 R=5 tpl=1 crit=0.909 pot=0.2727)
phyopt: accepted (map area 16227.52->16225.93, delay 578.87->578.87).
phyopt: part=high seed=n19239(id=19239 center=19239 R=5 tpl=1 crit=0.909 pot=0.2727)
phyopt: accepted (map area 16225.93->16224.87, delay 578.87->578.87).
phyopt: part=high seed=n19899(id=19899 center=19899 R=5 tpl=1 crit=0.909 pot=0.2727)
phyopt: rejected (map area 16224.87->16225.12, delay 578.87->578.87).
phyopt: part=high seed=n25513(id=25513 center=25513 R=5 tpl=1 crit=0.909 pot=0.2727)
phyopt: accepted (map area 16224.87->16224.08, delay 578.87->578.87).
phyopt: part=low seed=n10443(id=10443 center=10443 R=3 tpl=1 crit=0.242 pot=0.9273)
phyopt: rejected (map area 16224.08->16224.08, delay 578.87->578.87).
phyopt: part=low seed=n24216(id=24216 center=24216 R=3 tpl=1 crit=0.182 pot=0.9455)
phyopt: rejected (map area 16224.08->16224.08, delay 578.87->578.87).
phyopt: part=low seed=n48(id=48 center=48 R=3 tpl=1 crit=0.152 pot=0.8052)
phyopt: rejected (map area 16224.08->16225.94, delay 578.87->578.87).
phyopt: part=low seed=n10300(id=10300 center=10300 R=3 tpl=1 crit=0.152 pot=0.8052)
phyopt: rejected (map area 16224.08->16224.08, delay 578.87->578.87).
phyopt: part=low seed=n10301(id=10301 center=10301 R=3 tpl=1 crit=0.152 pot=0.8052)
phyopt: rejected (map area 16224.08->16224.08, delay 578.87->578.87).
phyopt: part=low seed=n38(id=38 center=38 R=3 tpl=1 crit=0.121 pot=0.8143)
phyopt: rejected (map area 16224.08->16224.08, delay 578.87->578.87).
phyopt: part=low seed=n20955(id=20955 center=20955 R=3 tpl=1 crit=0.121 pot=0.8143)
phyopt: rejected (map area 16224.08->16224.08, delay 578.87->578.87).
phyopt: part=low seed=n10291(id=10291 center=10291 R=3 tpl=2 crit=0.000 pot=0.8507)
phyopt: rejected (map area 16224.08->16224.08, delay 578.87->578.87).
phyopt: part=mid seed=n7692(id=7692 center=7692 R=4 tpl=2 crit=0.273 pot=0.8636)
phyopt: rejected (map area 16224.08->16225.15, delay 578.87->578.87).
phyopt: part=mid seed=n13918(id=13918 center=13918 R=4 tpl=2 crit=0.273 pot=0.8636)
phyopt: rejected (map area 16224.08->16224.34, delay 578.87->578.87).
phyopt: part=mid seed=n14743(id=14743 center=14743 R=4 tpl=2 crit=0.303 pot=0.8485)
phyopt: accepted (map area 16224.08->16222.74, delay 578.87->578.87).
phyopt: part=mid seed=n21055(id=21055 center=21055 R=4 tpl=2 crit=0.303 pot=0.8485)
phyopt: accepted (map area 16222.74->16221.17, delay 578.87->578.87).
phyopt: part=mid seed=n22913(id=22913 center=22913 R=4 tpl=2 crit=0.303 pot=0.8485)
phyopt: accepted (map area 16221.17->16220.91, delay 578.87->578.87).
phyopt: part=mid seed=n23662(id=23662 center=23662 R=4 tpl=2 crit=0.303 pot=0.8485)
phyopt: accepted (map area 16220.91->16220.13, delay 578.87->578.87).
phyopt: part=mid seed=n13945(id=13945 center=13945 R=4 tpl=2 crit=0.333 pot=0.8333)
phyopt: rejected (map area 16220.13->16220.13, delay 578.87->578.87).
phyopt: part=mid seed=n24094(id=24094 center=24094 R=4 tpl=2 crit=0.333 pot=0.8333)
phyopt: accepted (map area 16220.13->16219.86, delay 578.87->578.87).
phyopt: part=mid seed=n21069(id=21069 center=21069 R=4 tpl=2 crit=0.364 pot=0.8182)
phyopt: rejected (map area 16219.86->16220.93, delay 578.87->578.87).
phyopt: part=mid seed=n24049(id=24049 center=24049 R=4 tpl=2 crit=0.364 pot=0.8182)
phyopt: accepted (map area 16219.86->16219.59, delay 578.87->578.87).
phyopt: part=high seed=n12328(id=12328 center=12328 R=5 tpl=1 crit=0.909 pot=0.2301)
phyopt: rejected (map area 16219.59->16221.19, delay 578.87->578.87).
phyopt: part=high seed=n12330(id=12330 center=12330 R=5 tpl=0 crit=0.909 pot=0.2301)
phyopt: accepted (map area 16219.59->16219.32, delay 578.87->578.87).
phyopt: part=low seed=n10424(id=10424 center=10424 R=3 tpl=1 crit=0.182 pot=0.7961)
phyopt: rejected (map area 16219.32->16219.32, delay 578.87->578.87).
phyopt: part=low seed=n10425(id=10425 center=10425 R=3 tpl=1 crit=0.182 pot=0.7961)
phyopt: rejected (map area 16219.32->16219.85, delay 578.87->578.87).
phyopt: part=low seed=n23975(id=23975 center=23975 R=3 tpl=1 crit=0.152 pot=0.8052)
phyopt: rejected (map area 16219.32->16219.32, delay 578.87->578.87).
phyopt: part=low seed=n24215(id=24215 center=24215 R=3 tpl=0 crit=0.152 pot=0.8052)
phyopt: rejected (map area 16219.32->16219.32, delay 578.87->578.87).
phyopt: L2 skips high=652 low=0 mid=3099.
phyopt: L0/L1 skips high=122/0 low=1/0 mid=592/0, L1-threshold=0.2647, anneal_temp=0.723.
phyopt: adaptive keep high/low/mid=92%/64%/85%.
phyopt: finished round 3/3.
phyopt: partition summary (tried/accepted):
  high : 25 / 37
  low  : 3 / 34
  mid  : 22 / 34
phyopt: per-part seed coverage (topK means top-5 potential within processed seeds):
  high: seeds=14791 tried=37(0.3%) accepted=25(67.6%) skipped(marked=8,low_slack=0) topK(tried=12/15 accepted=10 hit=83.3%)
  low: seeds=218 tried=34(15.6%) accepted=3(8.8%) skipped(marked=2,low_slack=0) topK(tried=12/15 accepted=2 hit=16.7%)
  mid: seeds=74132 tried=34(0.0%) accepted=22(64.7%) skipped(marked=2,low_slack=0) topK(tried=13/15 accepted=7 hit=53.8%)
phyopt: sequence template stats by partition (template_id: accepted/tried):
  high: t0=14/21 t1=9/13 t2=2/3
  low: t0=0/4 t1=3/26 t2=0/4
  mid: t0=1/2 t1=1/2 t2=20/30
phyopt: rejection reason breakdown:
  - runtime_or_eval_fail : 2
  - policy_tradeoff_reject : 34
  - delay_worse : 0
  - area_worse : 21
  - area_and_delay_worse : 0
  - delay_guard_violation : 0
phyopt: skipped marked=12 low_slack=<0.10=0
phyopt: done, accepted=50 rejected=57 final_nodes=28356 final_levels=40.
phyopt: micro-model saved (/mnt/d/My_abc_work/abc/my_work/model/phy_micro_model_global.txt, samples=4601).
[1;37mIWLS2026/aig_files/ex205      :[0m i/o =   16/   16  lat =    0  nd = 15843  edge =  44883  area =16219.32  delay =578.87  lev = 21
