======== ABC command line "source /tmp/alpha_ex205_alpha_wide_low_high2_61931.scr"
Warning: Detected 2 multi-output cells (for example, "FA_X1").
mapper_extract: wrote 29762 lines to "/mnt/d/My_abc_work/abc/my_work/alpha_ablation_11cxx/results/run_20260403_alpha20/ex205/ex205_alpha_wide_low_high2.csv".
Loaded 29762 physical records from /mnt/d/My_abc_work/abc/my_work/alpha_ablation_11cxx/results/run_20260403_alpha20/ex205/ex205_alpha_wide_low_high2.csv
Potential rebuilt: alpha(low/mid/high)=0.300/0.500/0.700 avg_struct=0.7495 avg_slack=0.2479 avg_opt_mid=0.4987
Physical records : 29762
Gate summary     : NAND=21170 AND=7315 INV=1277 OTHER=0
Alpha (L/M/H)    : 0.300 / 0.500 / 0.700
StructW(i/p/f/g) : 0.500 / 0.400 / 0.050 / 0.050
phyopt: start rounds=1, criticality partitions high(>=0.900)->low(<=0.250)->mid, window=16.
phyopt: objective=map(area,delay), low-part delay budget=+10% from pre-opt.
phyopt: round=1 partition sizes high=4963 low=73 mid=24726.
phyopt: round=1 part=high seed=n1210(id=1210 center=1210 R=5 crit=0.909 pot=0.3636)
phyopt: accepted (map area 15745.34->15745.07, delay 18.00->18.00).
phyopt: round=1 part=high seed=n1841(id=1841 center=1841 R=5 crit=0.909 pot=0.3636)
phyopt: accepted (map area 15745.07->15745.07, delay 18.00->18.00).
phyopt: round=1 part=high seed=n4531(id=4531 center=4531 R=5 crit=0.909 pot=0.3636)
phyopt: accepted (map area 15745.07->15745.07, delay 18.00->18.00).
phyopt: round=1 part=high seed=n6558(id=6558 center=6558 R=5 crit=0.909 pot=0.3636)
phyopt: accepted (map area 15745.07->15745.07, delay 18.00->18.00).
phyopt: round=1 part=high seed=n11972(id=11972 center=11972 R=5 crit=0.909 pot=0.3636)
phyopt: accepted (map area 15745.07->15744.27, delay 18.00->18.00).
phyopt: round=1 part=high seed=n12603(id=12603 center=12603 R=5 crit=0.909 pot=0.3636)
phyopt: rejected (map area 15744.27->15746.14, delay 18.00->18.00).
phyopt: round=1 part=high seed=n18013(id=18013 center=18013 R=5 crit=0.909 pot=0.3636)
phyopt: accepted (map area 15744.27->15744.27, delay 18.00->18.00).
phyopt: round=1 part=high seed=n18931(id=18931 center=18931 R=5 crit=0.909 pot=0.3636)
phyopt: rejected (map area 15744.27->15747.47, delay 18.00->18.00).
phyopt: round=1 part=high seed=n19264(id=19264 center=19264 R=5 crit=0.909 pot=0.3636)
phyopt: rejected (map area 15744.27->15762.63, delay 18.00->18.00).
phyopt: round=1 part=high seed=n19927(id=19927 center=19927 R=5 crit=0.909 pot=0.3636)
phyopt: rejected (map area 15744.27->15778.06, delay 18.00->18.00).
phyopt: round=1 part=high seed=n20084(id=20084 center=20084 R=5 crit=0.909 pot=0.3636)
phyopt: accepted (map area 15744.27->15744.27, delay 18.00->18.00).
phyopt: round=1 part=high seed=n20764(id=20764 center=20764 R=5 crit=0.909 pot=0.3636)
phyopt: rejected (map area 15744.27->15744.54, delay 18.00->18.00).
phyopt: round=1 part=high seed=n25586(id=25586 center=25586 R=5 crit=0.909 pot=0.3636)
phyopt: rejected (map area 15744.27->15745.34, delay 18.00->18.00).
The node "n29650" with ID 29650 is not in the current network.
phyopt: skip seed=n29650 (cannot resolve center node in current AIG).
phyopt: round=1 part=high seed=n4111(id=4111 center=4111 R=5 crit=0.939 pot=0.3424)
phyopt: rejected (map area 15744.27->15791.62, delay 18.00->18.00).
phyopt: round=1 part=high seed=n4132(id=4132 center=4132 R=5 crit=0.939 pot=0.3424)
phyopt: accepted (map area 15744.27->15744.27, delay 18.00->18.00).
phyopt: round=1 part=high seed=n20198(id=20198 center=20198 R=5 crit=0.939 pot=0.3424)
phyopt: accepted (map area 15744.27->15744.27, delay 18.00->18.00).
The node "n28875" with ID 28875 is not in the current network.
phyopt: skip seed=n28875 (cannot resolve center node in current AIG).
The node "n29063" with ID 29063 is not in the current network.
phyopt: skip seed=n29063 (cannot resolve center node in current AIG).
The node "n29214" with ID 29214 is not in the current network.
phyopt: skip seed=n29214 (cannot resolve center node in current AIG).
The node "n29216" with ID 29216 is not in the current network.
phyopt: skip seed=n29216 (cannot resolve center node in current AIG).
The node "n29335" with ID 29335 is not in the current network.
phyopt: skip seed=n29335 (cannot resolve center node in current AIG).
The node "n29375" with ID 29375 is not in the current network.
phyopt: skip seed=n29375 (cannot resolve center node in current AIG).
The node "n29564" with ID 29564 is not in the current network.
phyopt: skip seed=n29564 (cannot resolve center node in current AIG).
phyopt: round=1 part=high seed=n17848(id=17848 center=17848 R=5 crit=0.970 pot=0.3212)
phyopt: accepted (map area 15744.27->15744.01, delay 18.00->18.00).
phyopt: round=1 part=high seed=n28299(id=28299 center=28299 R=5 crit=0.970 pot=0.3212)
phyopt: rejected (map area 15744.01->15744.27, delay 18.00->18.00).
phyopt: round=1 part=high seed=n27196(id=27196 center=27196 R=6 crit=1.000 pot=0.3000)
phyopt: rejected (map area 15744.01->15772.74, delay 18.00->18.00).
The node "n29446" with ID 29446 is not in the current network.
phyopt: skip seed=n29446 (cannot resolve center node in current AIG).
The node "n29513" with ID 29513 is not in the current network.
phyopt: skip seed=n29513 (cannot resolve center node in current AIG).
The node "n29628" with ID 29628 is not in the current network.
phyopt: skip seed=n29628 (cannot resolve center node in current AIG).
phyopt: round=1 part=high seed=n562(id=562 center=562 R=5 crit=0.909 pot=0.2996)
phyopt: rejected (map area 15744.01->15762.10, delay 18.00->18.00).
phyopt: round=1 part=high seed=n567(id=567 center=567 R=5 crit=0.909 pot=0.2996)
phyopt: rejected (map area 15744.01->15787.63, delay 18.00->18.00).
phyopt: round=1 part=high seed=n1208(id=1208 center=1208 R=5 crit=0.909 pot=0.2996)
phyopt: rejected (map area 15744.01->15745.60, delay 18.00->18.00).
phyopt: round=1 part=high seed=n1215(id=1215 center=1215 R=5 crit=0.909 pot=0.2996)
phyopt: rejected (map area 15744.01->15762.36, delay 18.00->18.00).
phyopt: round=1 part=high seed=n1216(id=1216 center=1216 R=5 crit=0.909 pot=0.2996)
phyopt: rejected (map area 15744.01->15751.19, delay 18.00->18.00).
phyopt: round=1 part=high seed=n1225(id=1225 center=1225 R=5 crit=0.909 pot=0.2996)
phyopt: rejected (map area 15744.01->15754.38, delay 18.00->18.00).
phyopt: round=1 part=high seed=n1226(id=1226 center=1226 R=5 crit=0.909 pot=0.2996)
phyopt: accepted (map area 15744.01->15742.68, delay 18.00->18.00).
phyopt: round=1 part=high seed=n1237(id=1237 center=1237 R=5 crit=0.909 pot=0.2996)
phyopt: accepted (map area 15742.68->15742.68, delay 18.00->18.00).
phyopt: round=1 part=low seed=n24281(id=24281 center=24281 R=3 crit=0.182 pot=0.9455)
phyopt: rejected (map area 15742.68->15743.21, delay 18.00->18.00).
phyopt: round=1 part=low seed=n10446(id=10446 center=10446 R=3 crit=0.242 pot=0.9273)
phyopt: accepted (map area 15742.68->15741.35, delay 18.00->18.00).
phyopt: round=1 part=low seed=n10295(id=10295 center=10295 R=3 crit=0.000 pot=0.8505)
phyopt: rejected (map area 15741.35->15741.35, delay 18.00->18.00).
phyopt: round=1 part=low seed=n10296(id=10296 center=10296 R=3 crit=0.000 pot=0.8505)
phyopt: rejected (map area 15741.35->15741.35, delay 18.00->18.00).
phyopt: round=1 part=low seed=n20991(id=20991 center=20991 R=3 crit=0.091 pot=0.8233)
phyopt: rejected (map area 15741.35->15741.35, delay 18.00->18.00).
phyopt: round=1 part=low seed=n38(id=38 center=38 R=3 crit=0.121 pot=0.8142)
phyopt: rejected (map area 15741.35->15741.35, delay 18.00->18.00).
phyopt: round=1 part=low seed=n20994(id=20994 center=20994 R=3 crit=0.121 pot=0.8142)
phyopt: accepted (map area 15741.35->15741.08, delay 18.00->18.00).
phyopt: round=1 part=low seed=n47(id=47 center=47 R=3 crit=0.152 pot=0.8051)
phyopt: rejected (map area 15741.08->15741.08, delay 18.00->18.00).
phyopt: round=1 part=low seed=n48(id=48 center=48 R=3 crit=0.152 pot=0.8051)
phyopt: rejected (map area 15741.08->15741.08, delay 18.00->18.00).
phyopt: round=1 part=low seed=n10303(id=10303 center=10303 R=3 crit=0.152 pot=0.8051)
phyopt: accepted (map area 15741.08->15740.82, delay 18.00->18.00).
phyopt: round=1 part=low seed=n24037(id=24037 center=24037 R=3 crit=0.152 pot=0.8051)
phyopt: rejected (map area 15740.82->15740.82, delay 18.00->18.00).
phyopt: round=1 part=low seed=n24280(id=24280 center=24280 R=3 crit=0.152 pot=0.8051)
phyopt: rejected (map area 15740.82->15740.82, delay 18.00->18.00).
phyopt: round=1 part=low seed=n10427(id=10427 center=10427 R=3 crit=0.182 pot=0.7960)
phyopt: rejected (map area 15740.82->15740.82, delay 18.00->18.00).
phyopt: round=1 part=low seed=n10428(id=10428 center=10428 R=3 crit=0.182 pot=0.7960)
phyopt: rejected (map area 15740.82->15740.82, delay 18.00->18.00).
phyopt: round=1 part=low seed=n10484(id=10484 center=10484 R=3 crit=0.182 pot=0.7960)
phyopt: rejected (map area 15740.82->15740.82, delay 18.00->18.00).
phyopt: round=1 part=low seed=n10549(id=10549 center=10549 R=3 crit=0.182 pot=0.7960)
phyopt: rejected (map area 15740.82->15740.82, delay 18.00->18.00).
phyopt: round=1 part=low seed=n11190(id=11190 center=11190 R=3 crit=0.182 pot=0.7960)
phyopt: rejected (map area 15740.82->15740.82, delay 18.00->18.00).
phyopt: round=1 part=low seed=n11191(id=11191 center=11191 R=3 crit=0.182 pot=0.7960)
phyopt: rejected (map area 15740.82->15740.82, delay 18.00->18.00).
phyopt: round=1 part=low seed=n11192(id=11192 center=11192 R=3 crit=0.182 pot=0.7960)
phyopt: rejected (map area 15740.82->15740.82, delay 18.00->18.00).
phyopt: round=1 part=low seed=n11239(id=11239 center=11239 R=3 crit=0.182 pot=0.7960)
phyopt: rejected (map area 15740.82->15740.82, delay 18.00->18.00).
phyopt: round=1 part=low seed=n20996(id=20996 center=20996 R=3 crit=0.182 pot=0.7960)
phyopt: rejected (map area 15740.82->15740.82, delay 18.00->18.00).
phyopt: round=1 part=low seed=n21100(id=21100 center=21100 R=3 crit=0.182 pot=0.7960)
phyopt: rejected (map area 15740.82->15740.82, delay 18.00->18.00).
phyopt: round=1 part=low seed=n24036(id=24036 center=24036 R=3 crit=0.182 pot=0.7960)
phyopt: rejected (map area 15740.82->15740.82, delay 18.00->18.00).
phyopt: round=1 part=low seed=n24038(id=24038 center=24038 R=3 crit=0.182 pot=0.7960)
phyopt: rejected (map area 15740.82->15740.82, delay 18.00->18.00).
phyopt: round=1 part=low seed=n24039(id=24039 center=24039 R=3 crit=0.182 pot=0.7960)
phyopt: rejected (map area 15740.82->15740.82, delay 18.00->18.00).
phyopt: round=1 part=low seed=n24282(id=24282 center=24282 R=3 crit=0.182 pot=0.7960)
phyopt: rejected (map area 15740.82->15740.82, delay 18.00->18.00).
phyopt: round=1 part=low seed=n24283(id=24283 center=24283 R=3 crit=0.182 pot=0.7960)
phyopt: rejected (map area 15740.82->15740.82, delay 18.00->18.00).
phyopt: round=1 part=low seed=n514(id=514 center=514 R=3 crit=0.212 pot=0.7869)
phyopt: rejected (map area 15740.82->15740.82, delay 18.00->18.00).
phyopt: round=1 part=low seed=n517(id=517 center=517 R=3 crit=0.212 pot=0.7869)
phyopt: rejected (map area 15740.82->15741.88, delay 18.00->18.00).
phyopt: round=1 part=low seed=n518(id=518 center=518 R=3 crit=0.212 pot=0.7869)
phyopt: rejected (map area 15740.82->15740.82, delay 18.00->18.00).
phyopt: round=1 part=low seed=n5615(id=5615 center=5615 R=3 crit=0.212 pot=0.7869)
phyopt: rejected (map area 15740.82->15740.82, delay 18.00->18.00).
phyopt: round=1 part=low seed=n5616(id=5616 center=5616 R=3 crit=0.212 pot=0.7869)
phyopt: rejected (map area 15740.82->15740.82, delay 18.00->18.00).
phyopt: round=1 part=low seed=n10486(id=10486 center=10486 R=3 crit=0.212 pot=0.7869)
phyopt: rejected (map area 15740.82->15740.82, delay 18.00->18.00).
phyopt: round=1 part=low seed=n11165(id=11165 center=11165 R=3 crit=0.212 pot=0.7869)
phyopt: rejected (map area 15740.82->15740.82, delay 18.00->18.00).
phyopt: round=1 part=low seed=n11166(id=11166 center=11166 R=3 crit=0.212 pot=0.7869)
phyopt: rejected (map area 15740.82->15740.82, delay 18.00->18.00).
phyopt: round=1 part=low seed=n11167(id=11167 center=11167 R=3 crit=0.212 pot=0.7869)
phyopt: rejected (map area 15740.82->15740.82, delay 18.00->18.00).
phyopt: round=1 part=low seed=n11170(id=11170 center=11170 R=3 crit=0.212 pot=0.7869)
phyopt: rejected (map area 15740.82->15740.82, delay 18.00->18.00).
phyopt: round=1 part=low seed=n11171(id=11171 center=11171 R=3 crit=0.212 pot=0.7869)
phyopt: rejected (map area 15740.82->15740.82, delay 18.00->18.00).
phyopt: round=1 part=mid seed=n7696(id=7696 center=7696 R=4 crit=0.273 pot=0.8636)
phyopt: accepted (map area 15740.82->15740.55, delay 18.00->18.00).
phyopt: round=1 part=mid seed=n13938(id=13938 center=13938 R=4 crit=0.273 pot=0.8636)
phyopt: accepted (map area 15740.55->15740.02, delay 18.00->18.00).
phyopt: round=1 part=mid seed=n13915(id=13915 center=13915 R=4 crit=0.303 pot=0.8485)
phyopt: accepted (map area 15740.02->15739.75, delay 18.00->18.00).
phyopt: round=1 part=mid seed=n21095(id=21095 center=21095 R=4 crit=0.303 pot=0.8485)
phyopt: rejected (map area 15739.75->15739.75, delay 18.00->18.00).
phyopt: round=1 part=mid seed=n22973(id=22973 center=22973 R=4 crit=0.303 pot=0.8485)
phyopt: rejected (map area 15739.75->15746.14, delay 18.00->18.00).
phyopt: round=1 part=mid seed=n23723(id=23723 center=23723 R=4 crit=0.303 pot=0.8485)
phyopt: accepted (map area 15739.75->15738.16, delay 18.00->18.00).
phyopt: round=1 part=mid seed=n10873(id=10873 center=10873 R=4 crit=0.333 pot=0.8333)
phyopt: rejected (map area 15738.16->15738.16, delay 18.00->18.00).
phyopt: round=1 part=mid seed=n13965(id=13965 center=13965 R=4 crit=0.364 pot=0.8182)
phyopt: accepted (map area 15738.16->15736.56, delay 18.00->18.00).
phyopt: round=1 part=mid seed=n21109(id=21109 center=21109 R=4 crit=0.364 pot=0.8182)
phyopt: rejected (map area 15736.56->15736.56, delay 18.00->18.00).
phyopt: round=1 part=mid seed=n24111(id=24111 center=24111 R=4 crit=0.364 pot=0.8182)
phyopt: accepted (map area 15736.56->15736.29, delay 18.00->18.00).
phyopt: round=1 part=mid seed=n500(id=500 center=500 R=4 crit=0.394 pot=0.8030)
phyopt: rejected (map area 15736.29->15736.29, delay 18.00->18.00).
phyopt: round=1 part=mid seed=n7675(id=7675 center=7675 R=4 crit=0.394 pot=0.8030)
phyopt: rejected (map area 15736.29->15736.29, delay 18.00->18.00).
phyopt: round=1 part=mid seed=n11624(id=11624 center=11624 R=4 crit=0.394 pot=0.8030)
phyopt: rejected (map area 15736.29->15737.89, delay 18.00->18.00).
phyopt: round=1 part=mid seed=n13500(id=13500 center=13500 R=4 crit=0.394 pot=0.8030)
phyopt: rejected (map area 15736.29->15736.29, delay 18.00->18.00).
phyopt: round=1 part=mid seed=n16844(id=16844 center=16844 R=4 crit=0.394 pot=0.8030)
phyopt: rejected (map area 15736.29->15736.56, delay 18.00->18.00).
phyopt: round=1 part=mid seed=n23505(id=23505 center=23505 R=4 crit=0.394 pot=0.8030)
phyopt: rejected (map area 15736.29->15736.29, delay 18.00->18.00).
phyopt: round=1 part=mid seed=n23569(id=23569 center=23569 R=4 crit=0.394 pot=0.8030)
phyopt: rejected (map area 15736.29->15736.29, delay 18.00->18.00).
phyopt: round=1 part=mid seed=n23649(id=23649 center=23649 R=4 crit=0.394 pot=0.8030)
phyopt: accepted (map area 15736.29->15736.03, delay 18.00->18.00).
phyopt: round=1 part=mid seed=n23934(id=23934 center=23934 R=4 crit=0.394 pot=0.8030)
phyopt: rejected (map area 15736.03->15736.03, delay 18.00->18.00).
phyopt: round=1 part=mid seed=n10532(id=10532 center=10532 R=4 crit=0.424 pot=0.7879)
phyopt: rejected (map area 15736.03->15736.83, delay 18.00->18.00).
phyopt: round=1 part=mid seed=n10708(id=10708 center=10708 R=4 crit=0.424 pot=0.7879)
phyopt: rejected (map area 15736.03->15738.16, delay 18.00->18.00).
phyopt: round=1 part=mid seed=n11315(id=11315 center=11315 R=4 crit=0.424 pot=0.7879)
phyopt: accepted (map area 15736.03->15734.96, delay 18.00->18.00).
phyopt: round=1 part=mid seed=n13560(id=13560 center=13560 R=4 crit=0.424 pot=0.7879)
phyopt: rejected (map area 15734.96->15734.96, delay 18.00->18.00).
phyopt: round=1 part=mid seed=n13664(id=13664 center=13664 R=4 crit=0.424 pot=0.7879)
phyopt: accepted (map area 15734.96->15733.10, delay 18.00->18.00).
phyopt: round=1 part=mid seed=n22747(id=22747 center=22747 R=4 crit=0.424 pot=0.7879)
phyopt: rejected (map area 15733.10->15733.10, delay 18.00->18.00).
phyopt: round=1 part=mid seed=n22930(id=22930 center=22930 R=4 crit=0.424 pot=0.7879)
phyopt: rejected (map area 15733.10->15733.10, delay 18.00->18.00).
phyopt: round=1 part=mid seed=n22931(id=22931 center=22931 R=4 crit=0.424 pot=0.7879)
phyopt: rejected (map area 15733.10->15733.10, delay 18.00->18.00).
phyopt: round=1 part=mid seed=n22959(id=22959 center=22959 R=4 crit=0.424 pot=0.7879)
phyopt: accepted (map area 15733.10->15732.84, delay 18.00->18.00).
phyopt: round=1 part=mid seed=n23220(id=23220 center=23220 R=4 crit=0.424 pot=0.7879)
phyopt: accepted (map area 15732.84->15732.30, delay 18.00->18.00).
phyopt: round=1 part=mid seed=n24157(id=24157 center=24157 R=4 crit=0.424 pot=0.7879)
phyopt: rejected (map area 15732.30->15732.84, delay 18.00->18.00).
phyopt: round=1 part=mid seed=n195(id=195 center=195 R=4 crit=0.455 pot=0.7727)
phyopt: rejected (map area 15732.30->15732.30, delay 18.00->18.00).
phyopt: round=1 part=mid seed=n10514(id=10514 center=10514 R=4 crit=0.455 pot=0.7727)
phyopt: rejected (map area 15732.30->15738.42, delay 18.00->18.00).
phyopt: round=1 part=mid seed=n10773(id=10773 center=10773 R=4 crit=0.455 pot=0.7727)
phyopt: rejected (map area 15732.30->15733.10, delay 18.00->18.00).
phyopt: round=1 part=mid seed=n11254(id=11254 center=11254 R=4 crit=0.455 pot=0.7727)
phyopt: rejected (map area 15732.30->15732.30, delay 18.00->18.00).
phyopt: round=1 part=mid seed=n11294(id=11294 center=11294 R=4 crit=0.455 pot=0.7727)
phyopt: accepted (map area 15732.30->15731.77, delay 18.00->18.00).
phyopt: round=1 part=mid seed=n13132(id=13132 center=13132 R=4 crit=0.455 pot=0.7727)
phyopt: accepted (map area 15731.77->15731.51, delay 18.00->18.00).
phyopt: round=1 part=mid seed=n13223(id=13223 center=13223 R=4 crit=0.455 pot=0.7727)
phyopt: accepted (map area 15731.51->15731.24, delay 18.00->18.00).
phyopt: round=1 part=mid seed=n13334(id=13334 center=13334 R=4 crit=0.455 pot=0.7727)
phyopt: rejected (map area 15731.24->15731.24, delay 18.00->18.00).
phyopt: round=1 part=mid seed=n13774(id=13774 center=13774 R=4 crit=0.455 pot=0.7727)
phyopt: rejected (map area 15731.24->15731.24, delay 18.00->18.00).
phyopt: round=1 part=mid seed=n13879(id=13879 center=13879 R=4 crit=0.455 pot=0.7727)
phyopt: rejected (map area 15731.24->15731.51, delay 18.00->18.00).
phyopt: finished round 1/1.
phyopt: partition summary (tried/accepted):
  high : 12 / 27
  low  : 3 / 38
  mid  : 14 / 40
phyopt: per-part seed coverage (topK means top-5 potential within processed seeds):
  high: seeds=40 tried=27(67.5%) accepted=12(44.4%) skipped(marked=2,low_slack=0) topK(tried=5/5 accepted=5 hit=100.0%)
  low: seeds=40 tried=38(95.0%) accepted=3(7.9%) skipped(marked=2,low_slack=0) topK(tried=5/5 accepted=1 hit=20.0%)
  mid: seeds=40 tried=40(100.0%) accepted=14(35.0%) skipped(marked=0,low_slack=0) topK(tried=5/5 accepted=3 hit=60.0%)
phyopt: rejection reason breakdown:
  - runtime_or_eval_fail : 11
  - policy_tradeoff_reject : 50
  - delay_worse : 0
  - area_worse : 26
  - area_and_delay_worse : 0
  - low_part_delay_budget : 0
phyopt: skipped marked=4 low_slack=<0.10=0
phyopt: done, accepted=29 rejected=87 final_nodes=28463 final_levels=40.
Networks are equivalent.  Time =     1.49 sec
