======== ABC command line "source /tmp/ablation_ex231_no_inv_chain_285.scr"
Warning: Detected 2 multi-output cells (for example, "FA_X1").
mapper_extract: wrote 4877 lines to "/mnt/d/My_abc_work/abc/my_work/ablation_results/ex231/ex231_no_inv_chain.csv".
Loaded 4877 physical records from /mnt/d/My_abc_work/abc/my_work/ablation_results/ex231/ex231_no_inv_chain.csv
Potential rebuilt: alpha(low/mid/high)=0.200/0.500/0.800 avg_struct=0.9177 avg_slack=0.1608 avg_opt_mid=0.5392
Physical records : 4877
Gate summary     : NAND=3393 AND=1218 INV=266 OTHER=0
Alpha (L/M/H)    : 0.200 / 0.500 / 0.800
StructW(i/p/f/g) : 0.000 / 0.500 / 0.333 / 0.167
phyopt: start rounds=1, criticality partitions high(>=0.800)->low(<=0.300)->mid, window=16.
phyopt: objective=map(area,delay), low-part delay budget=+10% from pre-opt.
phyopt: round=1 partition sizes high=3414 low=5 mid=1458.
phyopt: round=1 part=high seed=n328(id=328 center=328 R=5 crit=0.818 pot=0.3455)
phyopt: accepted (map area 2652.29->2649.89, delay 16.00->16.00).
phyopt: round=1 part=high seed=n333(id=333 center=333 R=5 crit=0.818 pot=0.3455)
phyopt: rejected (map area 2649.89->2651.22, delay 16.00->16.00).
phyopt: round=1 part=high seed=n336(id=336 center=336 R=5 crit=0.818 pot=0.3455)
phyopt: accepted (map area 2649.89->2617.97, delay 16.00->16.00).
phyopt: round=1 part=high seed=n342(id=342 center=342 R=5 crit=0.818 pot=0.3455)
phyopt: accepted (map area 2617.97->2617.44, delay 16.00->16.00).
phyopt: round=1 part=high seed=n344(id=344 center=344 R=5 crit=0.818 pot=0.3455)
phyopt: accepted (map area 2617.44->2617.44, delay 16.00->16.00).
phyopt: round=1 part=high seed=n346(id=346 center=346 R=5 crit=0.818 pot=0.3455)
phyopt: accepted (map area 2617.44->2617.44, delay 16.00->16.00).
phyopt: round=1 part=high seed=n348(id=348 center=348 R=5 crit=0.818 pot=0.3455)
phyopt: accepted (map area 2617.44->2616.11, delay 16.00->16.00).
phyopt: round=1 part=high seed=n353(id=353 center=353 R=5 crit=0.818 pot=0.3455)
phyopt: accepted (map area 2616.11->2615.31, delay 16.00->16.00).
phyopt: round=1 part=high seed=n356(id=356 center=356 R=5 crit=0.818 pot=0.3455)
phyopt: accepted (map area 2615.31->2602.28, delay 16.00->16.00).
phyopt: round=1 part=high seed=n361(id=361 center=361 R=5 crit=0.818 pot=0.3455)
phyopt: rejected (map area 2602.28->2602.54, delay 16.00->16.00).
phyopt: round=1 part=high seed=n367(id=367 center=367 R=5 crit=0.818 pot=0.3455)
phyopt: accepted (map area 2602.28->2602.28, delay 16.00->16.00).
phyopt: round=1 part=high seed=n374(id=374 center=374 R=5 crit=0.818 pot=0.3455)
phyopt: accepted (map area 2602.28->2599.35, delay 16.00->16.00).
phyopt: round=1 part=high seed=n396(id=396 center=396 R=5 crit=0.818 pot=0.3455)
phyopt: accepted (map area 2599.35->2596.96, delay 16.00->16.00).
phyopt: round=1 part=high seed=n437(id=437 center=437 R=5 crit=0.818 pot=0.3455)
phyopt: rejected (map area 2596.96->2603.61, delay 16.00->16.00).
phyopt: round=1 part=high seed=n521(id=521 center=521 R=5 crit=0.818 pot=0.3455)
phyopt: accepted (map area 2596.96->2591.37, delay 16.00->16.00).
phyopt: round=1 part=high seed=n529(id=529 center=529 R=5 crit=0.818 pot=0.3455)
phyopt: rejected (map area 2591.37->2592.44, delay 16.00->16.00).
phyopt: round=1 part=high seed=n531(id=531 center=531 R=5 crit=0.818 pot=0.3455)
phyopt: accepted (map area 2591.37->2590.84, delay 16.00->16.00).
phyopt: round=1 part=high seed=n537(id=537 center=537 R=5 crit=0.818 pot=0.3455)
phyopt: accepted (map area 2590.84->2588.71, delay 16.00->16.00).
phyopt: round=1 part=low seed=n2050(id=2050 center=2050 R=3 crit=0.000 pot=1.0000)
phyopt: accepted (map area 2588.71->2588.18, delay 16.00->16.00).
phyopt: round=1 part=low seed=n36(id=36 center=36 R=3 crit=0.212 pot=0.9576)
phyopt: rejected (map area 2588.18->2588.18, delay 16.00->16.00).
phyopt: round=1 part=low seed=n41(id=41 center=41 R=3 crit=0.242 pot=0.9515)
phyopt: rejected (map area 2588.18->2588.18, delay 16.00->16.00).
phyopt: round=1 part=low seed=n42(id=42 center=42 R=3 crit=0.242 pot=0.9515)
phyopt: accepted (map area 2588.18->2587.12, delay 16.00->16.00).
phyopt: round=1 part=low seed=n2278(id=2278 center=2278 R=3 crit=0.273 pot=0.9455)
phyopt: rejected (map area 2587.12->2587.12, delay 16.00->16.00).
phyopt: round=1 part=mid seed=n2279(id=2279 center=2279 R=4 crit=0.303 pot=0.8485)
phyopt: rejected (map area 2587.12->2587.12, delay 16.00->16.00).
phyopt: round=1 part=mid seed=n2299(id=2299 center=2299 R=4 crit=0.303 pot=0.8485)
phyopt: accepted (map area 2587.12->2583.39, delay 16.00->16.00).
phyopt: round=1 part=mid seed=n2218(id=2218 center=2218 R=4 crit=0.333 pot=0.8333)
phyopt: rejected (map area 2583.39->2583.39, delay 16.00->16.00).
phyopt: round=1 part=mid seed=n2233(id=2233 center=2233 R=4 crit=0.333 pot=0.8333)
phyopt: rejected (map area 2583.39->2585.25, delay 16.00->16.00).
phyopt: round=1 part=mid seed=n2262(id=2262 center=2262 R=4 crit=0.333 pot=0.8333)
phyopt: accepted (map area 2583.39->2582.33, delay 16.00->16.00).
phyopt: round=1 part=mid seed=n2300(id=2300 center=2300 R=4 crit=0.333 pot=0.8333)
phyopt: rejected (map area 2582.33->2585.25, delay 16.00->16.00).
phyopt: round=1 part=mid seed=n2796(id=2796 center=2796 R=4 crit=0.333 pot=0.8333)
phyopt: rejected (map area 2582.33->2582.33, delay 16.00->16.00).
phyopt: round=1 part=mid seed=n2797(id=2797 center=2797 R=4 crit=0.333 pot=0.8333)
phyopt: rejected (map area 2582.33->2582.33, delay 16.00->16.00).
phyopt: round=1 part=mid seed=n2176(id=2176 center=2176 R=4 crit=0.364 pot=0.8182)
phyopt: rejected (map area 2582.33->2583.92, delay 16.00->16.00).
phyopt: round=1 part=mid seed=n2188(id=2188 center=2188 R=4 crit=0.364 pot=0.8182)
phyopt: rejected (map area 2582.33->2582.33, delay 16.00->16.00).
phyopt: round=1 part=mid seed=n2189(id=2189 center=2189 R=4 crit=0.364 pot=0.8182)
phyopt: accepted (map area 2582.33->2581.26, delay 16.00->16.00).
phyopt: round=1 part=mid seed=n2191(id=2191 center=2191 R=4 crit=0.364 pot=0.8182)
phyopt: rejected (map area 2581.26->2581.26, delay 16.00->16.00).
phyopt: round=1 part=mid seed=n2204(id=2204 center=2204 R=4 crit=0.364 pot=0.8182)
phyopt: rejected (map area 2581.26->2581.26, delay 16.00->16.00).
phyopt: round=1 part=mid seed=n2210(id=2210 center=2210 R=4 crit=0.364 pot=0.8182)
phyopt: rejected (map area 2581.26->2583.66, delay 16.00->16.00).
phyopt: round=1 part=mid seed=n2244(id=2244 center=2244 R=4 crit=0.364 pot=0.8182)
phyopt: accepted (map area 2581.26->2579.93, delay 16.00->16.00).
phyopt: round=1 part=mid seed=n2249(id=2249 center=2249 R=4 crit=0.364 pot=0.8182)
phyopt: rejected (map area 2579.93->2580.20, delay 16.00->16.00).
phyopt: round=1 part=mid seed=n2267(id=2267 center=2267 R=4 crit=0.364 pot=0.8182)
phyopt: accepted (map area 2579.93->2579.67, delay 16.00->16.00).
phyopt: round=1 part=mid seed=n2269(id=2269 center=2269 R=4 crit=0.364 pot=0.8182)
phyopt: rejected (map area 2579.67->2587.38, delay 16.00->16.00).
phyopt: round=1 part=mid seed=n2321(id=2321 center=2321 R=4 crit=0.364 pot=0.8182)
phyopt: rejected (map area 2579.67->2579.67, delay 16.00->16.00).
phyopt: round=1 part=mid seed=n2323(id=2323 center=2323 R=4 crit=0.364 pot=0.8182)
phyopt: rejected (map area 2579.67->2585.79, delay 16.00->16.00).
phyopt: round=1 part=mid seed=n2429(id=2429 center=2429 R=4 crit=0.364 pot=0.8182)
phyopt: rejected (map area 2579.67->2579.67, delay 16.00->16.00).
phyopt: round=1 part=mid seed=n2280(id=2280 center=2280 R=4 crit=0.303 pot=0.8066)
phyopt: rejected (map area 2579.67->2579.67, delay 16.00->16.00).
phyopt: round=1 part=mid seed=n1288(id=1288 center=1288 R=4 crit=0.394 pot=0.8030)
phyopt: accepted (map area 2579.67->2576.48, delay 16.00->16.00).
phyopt: round=1 part=mid seed=n1289(id=1289 center=1289 R=4 crit=0.394 pot=0.8030)
phyopt: rejected (map area 2576.48->2576.48, delay 16.00->16.00).
phyopt: round=1 part=mid seed=n1294(id=1294 center=1294 R=4 crit=0.394 pot=0.8030)
phyopt: rejected (map area 2576.48->2576.48, delay 16.00->16.00).
phyopt: round=1 part=mid seed=n2178(id=2178 center=2178 R=4 crit=0.394 pot=0.8030)
phyopt: accepted (map area 2576.48->2575.68, delay 16.00->16.00).
phyopt: finished round 1/1.
phyopt: partition summary (tried/accepted):
  high : 14 / 18
  low  : 2 / 5
  mid  : 7 / 26
phyopt: per-part seed coverage (topK means top-5 potential within processed seeds):
  high: seeds=30 tried=18(60.0%) accepted=14(77.8%) skipped(marked=12,low_slack=0) topK(tried=3/5 accepted=2 hit=66.7%)
  low: seeds=5 tried=5(100.0%) accepted=2(40.0%) skipped(marked=0,low_slack=0) topK(tried=5/5 accepted=2 hit=40.0%)
  mid: seeds=30 tried=26(86.7%) accepted=7(26.9%) skipped(marked=4,low_slack=0) topK(tried=5/5 accepted=2 hit=40.0%)
phyopt: rejection reason breakdown:
  - runtime_or_eval_fail : 0
  - policy_tradeoff_reject : 15
  - delay_worse : 0
  - area_worse : 11
  - area_and_delay_worse : 0
  - low_part_delay_budget : 0
phyopt: skipped marked=16 low_slack=<0.10=0
phyopt: done, accepted=23 rejected=26 final_nodes=4489 final_levels=35.
Networks are equivalent.  Time =     0.33 sec
