======== ABC command line "source /tmp/ablation_ex231_thresh_tight_285.scr"
Warning: Detected 2 multi-output cells (for example, "FA_X1").
mapper_extract: wrote 4877 lines to "/mnt/d/My_abc_work/abc/my_work/ablation_results/ex231/ex231_thresh_tight.csv".
Loaded 4877 physical records from /mnt/d/My_abc_work/abc/my_work/ablation_results/ex231/ex231_thresh_tight.csv
Potential rebuilt: alpha(low/mid/high)=0.200/0.500/0.800 avg_struct=0.7078 avg_slack=0.1608 avg_opt_mid=0.4343
Physical records : 4877
Gate summary     : NAND=3393 AND=1218 INV=266 OTHER=0
Alpha (L/M/H)    : 0.200 / 0.500 / 0.800
StructW(i/p/f/g) : 0.400 / 0.300 / 0.200 / 0.100
phyopt: start rounds=1, criticality partitions high(>=0.900)->low(<=0.200)->mid, window=16.
phyopt: objective=map(area,delay), low-part delay budget=+10% from pre-opt.
phyopt: round=1 partition sizes high=2086 low=1 mid=2790.
phyopt: round=1 part=high seed=n170(id=170 center=170 R=5 crit=0.909 pot=0.2727)
phyopt: accepted (map area 2652.29->2651.22, delay 16.00->16.00).
phyopt: round=1 part=high seed=n1299(id=1299 center=1299 R=5 crit=0.909 pot=0.2727)
phyopt: accepted (map area 2651.22->2646.43, delay 16.00->16.00).
phyopt: round=1 part=high seed=n1406(id=1406 center=1406 R=5 crit=0.909 pot=0.2727)
phyopt: accepted (map area 2646.43->2645.37, delay 16.00->16.00).
phyopt: round=1 part=high seed=n1661(id=1661 center=1661 R=5 crit=0.909 pot=0.2727)
phyopt: rejected (map area 2645.37->2645.90, delay 16.00->16.00).
phyopt: round=1 part=high seed=n1757(id=1757 center=1757 R=5 crit=0.909 pot=0.2727)
phyopt: accepted (map area 2645.37->2640.85, delay 16.00->16.00).
phyopt: round=1 part=high seed=n1817(id=1817 center=1817 R=5 crit=0.909 pot=0.2727)
phyopt: accepted (map area 2640.85->2638.45, delay 16.00->16.00).
phyopt: round=1 part=high seed=n1884(id=1884 center=1884 R=5 crit=0.909 pot=0.2727)
phyopt: accepted (map area 2638.45->2635.26, delay 16.00->16.00).
phyopt: round=1 part=high seed=n3816(id=3816 center=3816 R=5 crit=0.909 pot=0.2727)
phyopt: accepted (map area 2635.26->2633.13, delay 16.00->16.00).
phyopt: round=1 part=high seed=n3822(id=3822 center=3822 R=5 crit=0.909 pot=0.2727)
phyopt: accepted (map area 2633.13->2632.87, delay 16.00->16.00).
phyopt: round=1 part=high seed=n4077(id=4077 center=4077 R=5 crit=0.909 pot=0.2727)
phyopt: accepted (map area 2632.87->2632.07, delay 16.00->16.00).
phyopt: round=1 part=high seed=n4180(id=4180 center=4180 R=5 crit=0.909 pot=0.2727)
phyopt: rejected (map area 2632.07->2632.60, delay 16.00->16.00).
phyopt: round=1 part=high seed=n611(id=611 center=611 R=5 crit=0.939 pot=0.2485)
phyopt: rejected (map area 2632.07->2633.67, delay 16.00->16.00).
phyopt: round=1 part=high seed=n1778(id=1778 center=1778 R=5 crit=0.939 pot=0.2485)
phyopt: accepted (map area 2632.07->2630.47, delay 16.00->16.00).
phyopt: round=1 part=high seed=n3058(id=3058 center=3058 R=5 crit=0.939 pot=0.2485)
phyopt: rejected (map area 2630.47->2631.27, delay 16.00->16.00).
phyopt: round=1 part=high seed=n4192(id=4192 center=4192 R=5 crit=0.939 pot=0.2485)
phyopt: accepted (map area 2630.47->2629.94, delay 16.00->16.00).
phyopt: round=1 part=high seed=n4224(id=4224 center=4224 R=5 crit=0.939 pot=0.2485)
phyopt: rejected (map area 2629.94->2631.54, delay 16.00->16.00).
The node "n4618" with ID 4618 is not in the current network.
phyopt: skip seed=n4618 (cannot resolve center node in current AIG).
The node "n4831" with ID 4831 is not in the current network.
phyopt: skip seed=n4831 (cannot resolve center node in current AIG).
phyopt: round=1 part=high seed=n1298(id=1298 center=1298 R=5 crit=0.970 pot=0.2242)
phyopt: rejected (map area 2629.94->2630.74, delay 16.00->16.00).
phyopt: round=1 part=high seed=n1400(id=1400 center=1400 R=5 crit=0.970 pot=0.2242)
phyopt: accepted (map area 2629.94->2622.23, delay 16.00->16.00).
phyopt: round=1 part=high seed=n1417(id=1417 center=1417 R=5 crit=0.970 pot=0.2242)
phyopt: accepted (map area 2622.23->2621.96, delay 16.00->16.00).
phyopt: round=1 part=high seed=n1751(id=1751 center=1751 R=5 crit=0.970 pot=0.2242)
phyopt: rejected (map area 2621.96->2623.29, delay 16.00->16.00).
phyopt: round=1 part=high seed=n3754(id=3754 center=3754 R=5 crit=0.970 pot=0.2242)
phyopt: accepted (map area 2621.96->2621.96, delay 16.00->16.00).
phyopt: round=1 part=high seed=n3991(id=3991 center=3991 R=5 crit=0.970 pot=0.2242)
phyopt: accepted (map area 2621.96->2621.43, delay 16.00->16.00).
phyopt: round=1 part=high seed=n3996(id=3996 center=3996 R=5 crit=0.970 pot=0.2242)
phyopt: rejected (map area 2621.43->2623.03, delay 16.00->16.00).
phyopt: round=1 part=high seed=n4036(id=4036 center=4036 R=5 crit=0.970 pot=0.2242)
phyopt: accepted (map area 2621.43->2617.44, delay 16.00->16.00).
phyopt: round=1 part=high seed=n4345(id=4345 center=4345 R=5 crit=0.970 pot=0.2242)
phyopt: rejected (map area 2617.44->2618.50, delay 16.00->16.00).
The node "n4887" with ID 4887 is not in the current network.
phyopt: skip seed=n4887 (cannot resolve center node in current AIG).
phyopt: round=1 part=high seed=n160(id=160 center=160 R=5 crit=0.909 pot=0.2235)
phyopt: accepted (map area 2617.44->2616.64, delay 16.00->16.00).
phyopt: round=1 part=high seed=n168(id=168 center=168 R=5 crit=0.909 pot=0.2235)
phyopt: rejected (map area 2616.64->2617.44, delay 16.00->16.00).
phyopt: round=1 part=low seed=n2050(id=2050 center=2050 R=3 crit=0.000 pot=0.8030)
phyopt: rejected (map area 2616.64->2616.64, delay 16.00->16.00).
phyopt: round=1 part=mid seed=n36(id=36 center=36 R=4 crit=0.212 pot=0.7708)
phyopt: accepted (map area 2616.64->2616.38, delay 16.00->16.00).
phyopt: round=1 part=mid seed=n41(id=41 center=41 R=4 crit=0.242 pot=0.7557)
phyopt: rejected (map area 2616.38->2617.44, delay 16.00->16.00).
phyopt: round=1 part=mid seed=n2307(id=2307 center=2307 R=4 crit=0.515 pot=0.7424)
phyopt: accepted (map area 2616.38->2614.51, delay 16.00->16.00).
phyopt: round=1 part=mid seed=n2485(id=2485 center=2485 R=4 crit=0.515 pot=0.7424)
phyopt: rejected (map area 2614.51->2614.51, delay 16.00->16.00).
The node "n4589" with ID 4589 is not in the current network.
phyopt: skip seed=n4589 (cannot resolve center node in current AIG).
phyopt: round=1 part=mid seed=n2278(id=2278 center=2278 R=4 crit=0.273 pot=0.7405)
phyopt: accepted (map area 2614.51->2613.18, delay 16.00->16.00).
phyopt: round=1 part=mid seed=n2334(id=2334 center=2334 R=4 crit=0.545 pot=0.7273)
phyopt: rejected (map area 2613.18->2613.18, delay 16.00->16.00).
phyopt: round=1 part=mid seed=n2456(id=2456 center=2456 R=4 crit=0.545 pot=0.7273)
phyopt: rejected (map area 2613.18->2613.18, delay 16.00->16.00).
phyopt: round=1 part=mid seed=n2279(id=2279 center=2279 R=4 crit=0.303 pot=0.7254)
phyopt: rejected (map area 2613.18->2614.51, delay 16.00->16.00).
phyopt: round=1 part=mid seed=n2299(id=2299 center=2299 R=4 crit=0.303 pot=0.7254)
phyopt: accepted (map area 2613.18->2612.92, delay 16.00->16.00).
phyopt: round=1 part=mid seed=n2434(id=2434 center=2434 R=4 crit=0.576 pot=0.7121)
phyopt: rejected (map area 2612.92->2616.11, delay 16.00->16.00).
phyopt: round=1 part=mid seed=n4514(id=4514 center=4514 R=4 crit=0.576 pot=0.7121)
phyopt: rejected (map area 2612.92->2612.92, delay 16.00->16.00).
phyopt: round=1 part=mid seed=n2218(id=2218 center=2218 R=4 crit=0.333 pot=0.7102)
phyopt: rejected (map area 2612.92->2612.92, delay 16.00->16.00).
phyopt: round=1 part=mid seed=n2233(id=2233 center=2233 R=4 crit=0.333 pot=0.7102)
phyopt: rejected (map area 2612.92->2612.92, delay 16.00->16.00).
phyopt: round=1 part=mid seed=n2262(id=2262 center=2262 R=4 crit=0.333 pot=0.7102)
phyopt: accepted (map area 2612.92->2611.85, delay 16.00->16.00).
phyopt: round=1 part=mid seed=n2300(id=2300 center=2300 R=4 crit=0.333 pot=0.7102)
phyopt: accepted (map area 2611.85->2611.59, delay 16.00->16.00).
phyopt: round=1 part=mid seed=n2796(id=2796 center=2796 R=4 crit=0.333 pot=0.7102)
phyopt: accepted (map area 2611.59->2608.93, delay 16.00->16.00).
phyopt: round=1 part=mid seed=n2176(id=2176 center=2176 R=4 crit=0.364 pot=0.6951)
phyopt: accepted (map area 2608.93->2607.60, delay 16.00->16.00).
phyopt: round=1 part=mid seed=n2188(id=2188 center=2188 R=4 crit=0.364 pot=0.6951)
phyopt: rejected (map area 2607.60->2607.60, delay 16.00->16.00).
phyopt: round=1 part=mid seed=n2189(id=2189 center=2189 R=4 crit=0.364 pot=0.6951)
phyopt: rejected (map area 2607.60->2607.60, delay 16.00->16.00).
phyopt: round=1 part=mid seed=n2190(id=2190 center=2190 R=4 crit=0.364 pot=0.6951)
phyopt: rejected (map area 2607.60->2607.60, delay 16.00->16.00).
phyopt: round=1 part=mid seed=n2191(id=2191 center=2191 R=4 crit=0.364 pot=0.6951)
phyopt: rejected (map area 2607.60->2617.97, delay 16.00->15.00).
phyopt: round=1 part=mid seed=n2204(id=2204 center=2204 R=4 crit=0.364 pot=0.6951)
phyopt: accepted (map area 2607.60->2607.07, delay 16.00->16.00).
phyopt: round=1 part=mid seed=n2210(id=2210 center=2210 R=4 crit=0.364 pot=0.6951)
phyopt: rejected (map area 2607.07->2607.60, delay 16.00->16.00).
phyopt: round=1 part=mid seed=n2244(id=2244 center=2244 R=4 crit=0.364 pot=0.6951)
phyopt: accepted (map area 2607.07->2606.80, delay 16.00->16.00).
phyopt: round=1 part=mid seed=n2249(id=2249 center=2249 R=4 crit=0.364 pot=0.6951)
phyopt: rejected (map area 2606.80->2606.80, delay 16.00->16.00).
phyopt: round=1 part=mid seed=n2267(id=2267 center=2267 R=4 crit=0.364 pot=0.6951)
phyopt: rejected (map area 2606.80->2606.80, delay 16.00->16.00).
phyopt: finished round 1/1.
phyopt: partition summary (tried/accepted):
  high : 17 / 27
  low  : 0 / 1
  mid  : 10 / 26
phyopt: per-part seed coverage (topK means top-5 potential within processed seeds):
  high: seeds=30 tried=27(90.0%) accepted=17(63.0%) skipped(marked=0,low_slack=0) topK(tried=5/5 accepted=4 hit=80.0%)
  low: seeds=1 tried=1(100.0%) accepted=0(0.0%) skipped(marked=0,low_slack=0) topK(tried=1/1 accepted=0 hit=0.0%)
  mid: seeds=30 tried=26(86.7%) accepted=10(38.5%) skipped(marked=3,low_slack=0) topK(tried=4/5 accepted=2 hit=50.0%)
phyopt: rejection reason breakdown:
  - runtime_or_eval_fail : 4
  - policy_tradeoff_reject : 12
  - delay_worse : 0
  - area_worse : 15
  - area_and_delay_worse : 0
  - low_part_delay_budget : 0
phyopt: skipped marked=3 low_slack=<0.10=0
phyopt: done, accepted=27 rejected=31 final_nodes=4539 final_levels=36.
Networks are equivalent.  Time =     0.37 sec
