======== ABC command line "source /tmp/dyn_c1908_288.scr"
Library "NangateOpenCellLibrary" from "/mnt/d/My_abc_work/abc/my_work/c17_work/NangateOpenCellLibrary_typical.lib" has 90 cells (45 skipped: 21 seq; 6 tri-state; 8 no func; 10 dont_use; 0 with 2 outputs; 0 with 3+ outputs).  Time =     0.08 sec
Warning: Detected 2 multi-output cells (for example, "FA_X1").
mapper_extract: wrote 414 lines to "/mnt/d/My_abc_work/abc/my_work/dynamic_scheduler_work/result/run_dynamic_per_aig_20260415_110131/c1908/c1908_cfg_winvpair_base.csv".
Loaded 414 physical records from /mnt/d/My_abc_work/abc/my_work/dynamic_scheduler_work/result/run_dynamic_per_aig_20260415_110131/c1908/c1908_cfg_winvpair_base.csv
Potential rebuilt: alpha(low/mid/high)=0.300/0.500/0.800 avg_struct=0.7021 avg_slack=0.1567 avg_opt=0.3068
Physical records : 414
Gate summary     : NAND=270 AND=45 INV=99 OTHER=0
Alpha (L/M/H)    : 0.300 / 0.500 / 0.800
StructW(i/p/f/g) : 0.500 / 0.400 / 0.050 / 0.050
phyopt: start rounds=1, criticality partitions high(>=0.900)->low(<=0.250)->mid, window=16, mode=dynamic.
phyopt: objective=map(area,delay), low-part delay budget=+10% from pre-opt.
phyopt: dynamic scheduler enabled (init=15%, leader=5%, probe=1%, part-stop=10, global-stop=2, L2=off, L2-topk-init=2, L2-topk-step=1).
phyopt: funnel L0=on(keep=80%) L1=on(init=0.200 target=0.45 warmup=12 min_try=16).
phyopt: case timeout enabled (600 sec).
phyopt: micro-model on (loaded=yes, samples=578, blendL0=0.45, blendL1=0.30, keep_target=28% [35%,95%]).
phyopt: round=1 partition sizes high=251 low=14 mid=149.
phyopt: part=high seed=n214(id=214 center=214 R=6 crit=1.000 pot=0.2000)
phyopt: accepted (map area 284.43->293.72, delay 420.29->419.23).
phyopt: part=high seed=n226(id=226 center=226 R=6 crit=1.000 pot=0.2000)
phyopt: rejected (map area 293.72->285.20, delay 419.23->419.84).
phyopt: part=high seed=n260(id=260 center=260 R=6 crit=1.000 pot=0.2000)
phyopt: accepted (map area 293.72->280.14, delay 419.23->418.57).
phyopt: part=high seed=n268(id=268 center=268 R=6 crit=1.000 pot=0.2000)
phyopt: rejected (map area 280.14->305.42, delay 418.57->427.18).
phyopt: part=high seed=n273(id=273 center=273 R=6 crit=1.000 pot=0.2000)
phyopt: rejected (map area 280.14->289.41, delay 418.57->425.65).
phyopt: part=high seed=n277(id=277 center=277 R=6 crit=1.000 pot=0.2000)
phyopt: accepted (map area 280.14->291.02, delay 418.57->417.91).
phyopt: part=high seed=n291(id=291 center=291 R=6 crit=1.000 pot=0.2000)
phyopt: rejected (map area 291.02->270.08, delay 417.91->442.10).
phyopt: part=high seed=n302(id=302 center=302 R=6 crit=1.000 pot=0.2000)
phyopt: accepted (map area 291.02->295.30, delay 417.91->416.31).
phyopt: part=high seed=n306(id=306 center=306 R=6 crit=1.000 pot=0.2000)
phyopt: rejected (map area 295.30->286.57, delay 416.31->418.41).
phyopt: part=high seed=n311(id=311 center=311 R=6 crit=1.000 pot=0.2000)
phyopt: rejected (map area 295.30->280.65, delay 416.31->417.08).
The node "n381" with ID 381 is not in the current network.
phyopt: skip seed=n381 (cannot resolve center node in current AIG).
The node "n401" with ID 401 is not in the current network.
phyopt: skip seed=n401 (cannot resolve center node in current AIG).
The node "n409" with ID 409 is not in the current network.
phyopt: skip seed=n409 (cannot resolve center node in current AIG).
The node "n417" with ID 417 is not in the current network.
phyopt: skip seed=n417 (cannot resolve center node in current AIG).
The node "n442" with ID 442 is not in the current network.
phyopt: skip seed=n442 (cannot resolve center node in current AIG).
phyopt: part=high seed=n128(id=128 center=128 R=5 crit=0.958 pot=0.2333)
phyopt: accepted (map area 295.30->303.50, delay 416.31->414.09).
phyopt: part=high seed=n132(id=132 center=132 R=5 crit=0.958 pot=0.2333)
phyopt: rejected (map area 303.50->293.68, delay 414.09->416.31).
phyopt: part=high seed=n135(id=135 center=135 R=5 crit=0.958 pot=0.2333)
phyopt: rejected (map area 303.50->293.68, delay 414.09->416.31).
phyopt: part=high seed=n151(id=151 center=151 R=5 crit=0.958 pot=0.2333)
phyopt: accepted (map area 303.50->294.76, delay 414.09->414.09).
phyopt: part=high seed=n155(id=155 center=155 R=5 crit=0.958 pot=0.2333)
phyopt: rejected (map area 294.76->282.23, delay 414.09->419.84).
phyopt: part=high seed=n207(id=207 center=207 R=5 crit=0.958 pot=0.2333)
phyopt: rejected (map area 294.76->265.85, delay 414.09->425.93).
The node "n443" with ID 443 is not in the current network.
phyopt: skip seed=n443 (cannot resolve center node in current AIG).
The node "n459" with ID 459 is not in the current network.
phyopt: skip seed=n459 (cannot resolve center node in current AIG).
The node "n439" with ID 439 is not in the current network.
phyopt: skip seed=n439 (cannot resolve center node in current AIG).
phyopt: part=mid seed=n72(id=72 center=72 R=4 crit=0.292 pot=0.8542)
phyopt: rejected (map area 294.76->292.12, delay 414.09->415.75).
phyopt: part=mid seed=n110(id=110 center=110 R=4 crit=0.292 pot=0.8542)
phyopt: accepted (map area 294.76->293.43, delay 414.09->414.09).
phyopt: part=mid seed=n194(id=194 center=194 R=4 crit=0.292 pot=0.8542)
phyopt: accepted (map area 293.43->288.37, delay 414.09->412.76).
phyopt: part=mid seed=n69(id=69 center=69 R=4 crit=0.333 pot=0.8333)
phyopt: rejected (map area 288.37->288.42, delay 412.76->416.31).
phyopt: part=mid seed=n246(id=246 center=246 R=4 crit=0.333 pot=0.8333)
phyopt: rejected (map area 288.37->295.27, delay 412.76->423.27).
phyopt: part=mid seed=n102(id=102 center=102 R=4 crit=0.583 pot=0.7083)
phyopt: accepted (map area 288.37->276.66, delay 412.76->412.76).
The node "n408" with ID 408 is not in the current network.
phyopt: skip seed=n408 (cannot resolve center node in current AIG).
The node "n416" with ID 416 is not in the current network.
phyopt: skip seed=n416 (cannot resolve center node in current AIG).
The node "n452" with ID 452 is not in the current network.
phyopt: skip seed=n452 (cannot resolve center node in current AIG).
The node "n436" with ID 436 is not in the current network.
phyopt: skip seed=n436 (cannot resolve center node in current AIG).
phyopt: part=mid seed=n65(id=65 center=65 R=4 crit=0.292 pot=0.7464)
phyopt: rejected (map area 276.66->291.52, delay 412.76->414.25).
phyopt: part=mid seed=n327(id=327 center=327 R=4 crit=0.292 pot=0.7464)
phyopt: rejected (map area 276.66->277.70, delay 412.76->387.03).
phyopt: part=mid seed=n66(id=66 center=66 R=4 crit=0.333 pot=0.7256)
phyopt: rejected (map area 276.66->293.14, delay 412.76->414.48).
phyopt: part=mid seed=n71(id=71 center=71 R=4 crit=0.333 pot=0.7256)
phyopt: rejected (map area 276.66->296.32, delay 412.76->414.48).
phyopt: part=mid seed=n328(id=328 center=328 R=4 crit=0.333 pot=0.7256)
phyopt: accepted (map area 276.66->274.25, delay 412.76->388.57).
phyopt: part=mid seed=n61(id=61 center=61 R=4 crit=0.333 pot=0.7178)
phyopt: rejected (map area 274.25->292.32, delay 388.57->387.20).
phyopt: part=mid seed=n70(id=70 center=70 R=4 crit=0.333 pot=0.7178)
phyopt: rejected (map area 274.25->298.70, delay 388.57->390.29).
The node "n455" with ID 455 is not in the current network.
phyopt: skip seed=n455 (cannot resolve center node in current AIG).
phyopt: part=mid seed=n282(id=282 center=282 R=4 crit=0.458 pot=0.6553)
phyopt: rejected (map area 274.25->276.91, delay 388.57->388.57).
phyopt: part=mid seed=n312(id=312 center=312 R=4 crit=0.458 pot=0.6553)
phyopt: rejected (map area 274.25->274.25, delay 388.57->388.57).
The node "n440" with ID 440 is not in the current network.
phyopt: skip seed=n440 (cannot resolve center node in current AIG).
phyopt: part=mid seed=n146(id=146 center=146 R=4 crit=0.708 pot=0.6458)
phyopt: rejected (map area 274.25->293.43, delay 388.57->388.21).
The node "n456" with ID 456 is not in the current network.
phyopt: skip seed=n456 (cannot resolve center node in current AIG).
phyopt: L0/L1 skips high=7/19 low=0/0 mid=4/3, L1-threshold=0.2670.
phyopt: adaptive keep high/low/mid=92%/95%/68%.
phyopt: finished round 1/1.
phyopt: partition summary (tried/accepted):
  high : 6 / 16
  low  : 0 / 0
  mid  : 4 / 16
phyopt: per-part seed coverage (topK means top-5 potential within processed seeds):
  high: seeds=251 tried=16(6.4%) accepted=6(37.5%) skipped(marked=0,low_slack=0) topK(tried=5/5 accepted=2 hit=40.0%)
  low: seeds=14 tried=0(0.0%) accepted=0(0.0%) skipped(marked=0,low_slack=0) topK(tried=0/3 accepted=0 hit=0.0%)
  mid: seeds=149 tried=16(10.7%) accepted=4(25.0%) skipped(marked=2,low_slack=0) topK(tried=5/5 accepted=2 hit=40.0%)
phyopt: rejection reason breakdown:
  - runtime_or_eval_fail : 15
  - policy_tradeoff_reject : 1
  - delay_worse : 9
  - area_worse : 4
  - area_and_delay_worse : 8
  - low_part_delay_budget : 0
phyopt: skipped marked=2 low_slack=<0.10=0
phyopt: done, accepted=10 rejected=37 final_nodes=296 final_levels=22.
phyopt: micro-model saved (/mnt/d/My_abc_work/abc/my_work/model/phy_micro_model_global.txt, samples=610).
[1;37m/mnt/d/My_abc_work/abc/my_work/xiaorong_aig/c1908:[0m i/o =   33/   25  lat =    0  nd =   282  edge =    660  area =274.25  delay =388.57  lev = 16
