======== ABC command line "source /tmp/ablation_ex249_thresh_loose_285.scr"
Warning: Detected 2 multi-output cells (for example, "FA_X1").
mapper_extract: wrote 2404 lines to "/mnt/d/My_abc_work/abc/my_work/ablation_results/ex249/ex249_thresh_loose.csv".
Loaded 2404 physical records from /mnt/d/My_abc_work/abc/my_work/ablation_results/ex249/ex249_thresh_loose.csv
Potential rebuilt: alpha(low/mid/high)=0.200/0.500/0.800 avg_struct=0.6980 avg_slack=0.3321 avg_opt_mid=0.5150
Physical records : 2404
Gate summary     : NAND=1419 AND=857 INV=127 OTHER=1
Alpha (L/M/H)    : 0.200 / 0.500 / 0.800
StructW(i/p/f/g) : 0.400 / 0.300 / 0.200 / 0.100
phyopt: start rounds=1, criticality partitions high(>=0.700)->low(<=0.400)->mid, window=16.
phyopt: objective=map(area,delay), low-part delay budget=+10% from pre-opt.
phyopt: round=1 partition sizes high=1203 low=401 mid=800.
phyopt: round=1 part=high seed=n1884(id=1884 center=1884 R=5 crit=0.722 pot=0.4222)
phyopt: accepted (map area 1276.00->1276.00, delay 13.00->13.00).
The node "n2379" with ID 2379 is not in the current network.
phyopt: skip seed=n2379 (cannot resolve center node in current AIG).
phyopt: round=1 part=high seed=n624(id=624 center=624 R=5 crit=0.778 pot=0.3778)
phyopt: accepted (map area 1276.00->1270.68, delay 13.00->13.00).
phyopt: round=1 part=high seed=n1186(id=1186 center=1186 R=5 crit=0.778 pot=0.3778)
phyopt: accepted (map area 1270.68->1269.88, delay 13.00->13.00).
phyopt: round=1 part=high seed=n2182(id=2182 center=2182 R=5 crit=0.778 pot=0.3778)
phyopt: rejected (map area 1269.88->1270.68, delay 13.00->13.00).
phyopt: round=1 part=high seed=n412(id=412 center=412 R=5 crit=0.722 pot=0.3722)
phyopt: accepted (map area 1269.88->1269.35, delay 13.00->13.00).
phyopt: round=1 part=high seed=n414(id=414 center=414 R=5 crit=0.722 pot=0.3722)
phyopt: accepted (map area 1269.35->1268.02, delay 13.00->13.00).
phyopt: round=1 part=high seed=n416(id=416 center=416 R=5 crit=0.722 pot=0.3722)
phyopt: accepted (map area 1268.02->1268.02, delay 13.00->13.00).
phyopt: round=1 part=high seed=n421(id=421 center=421 R=5 crit=0.722 pot=0.3722)
phyopt: rejected (map area 1268.02->1268.29, delay 13.00->13.00).
phyopt: round=1 part=high seed=n424(id=424 center=424 R=5 crit=0.722 pot=0.3722)
phyopt: accepted (map area 1268.02->1264.30, delay 13.00->13.00).
phyopt: round=1 part=high seed=n431(id=431 center=431 R=5 crit=0.722 pot=0.3722)
phyopt: rejected (map area 1264.30->1264.83, delay 13.00->13.00).
phyopt: round=1 part=high seed=n432(id=432 center=432 R=5 crit=0.722 pot=0.3722)
phyopt: accepted (map area 1264.30->1259.78, delay 13.00->13.00).
phyopt: round=1 part=high seed=n442(id=442 center=442 R=5 crit=0.722 pot=0.3722)
phyopt: accepted (map area 1259.78->1258.98, delay 13.00->13.00).
phyopt: round=1 part=high seed=n483(id=483 center=483 R=5 crit=0.722 pot=0.3722)
phyopt: accepted (map area 1258.98->1256.58, delay 13.00->13.00).
phyopt: round=1 part=high seed=n493(id=493 center=493 R=5 crit=0.722 pot=0.3722)
phyopt: accepted (map area 1256.58->1256.05, delay 13.00->13.00).
phyopt: round=1 part=high seed=n495(id=495 center=495 R=5 crit=0.722 pot=0.3722)
phyopt: rejected (map area 1256.05->1248.60, delay 13.00->14.00).
phyopt: round=1 part=high seed=n499(id=499 center=499 R=5 crit=0.722 pot=0.3722)
phyopt: rejected (map area 1256.05->1256.85, delay 13.00->13.00).
phyopt: round=1 part=high seed=n500(id=500 center=500 R=5 crit=0.722 pot=0.3722)
phyopt: accepted (map area 1256.05->1254.99, delay 13.00->13.00).
phyopt: round=1 part=high seed=n511(id=511 center=511 R=5 crit=0.722 pot=0.3722)
phyopt: accepted (map area 1254.99->1254.99, delay 13.00->13.00).
phyopt: round=1 part=high seed=n593(id=593 center=593 R=5 crit=0.722 pot=0.3722)
phyopt: accepted (map area 1254.99->1250.73, delay 13.00->13.00).
phyopt: round=1 part=high seed=n619(id=619 center=619 R=5 crit=0.722 pot=0.3722)
phyopt: rejected (map area 1250.73->1240.36, delay 13.00->14.00).
phyopt: round=1 part=high seed=n697(id=697 center=697 R=5 crit=0.722 pot=0.3722)
phyopt: accepted (map area 1250.73->1250.73, delay 13.00->13.00).
phyopt: round=1 part=low seed=n677(id=677 center=677 R=3 crit=0.333 pot=0.9333)
phyopt: rejected (map area 1250.73->1251.53, delay 13.00->13.00).
phyopt: round=1 part=low seed=n682(id=682 center=682 R=3 crit=0.333 pot=0.9333)
phyopt: rejected (map area 1250.73->1250.73, delay 13.00->13.00).
phyopt: round=1 part=low seed=n881(id=881 center=881 R=3 crit=0.333 pot=0.9333)
phyopt: accepted (map area 1250.73->1248.60, delay 13.00->13.00).
phyopt: round=1 part=low seed=n232(id=232 center=232 R=3 crit=0.389 pot=0.9222)
phyopt: rejected (map area 1248.60->1248.60, delay 13.00->13.00).
phyopt: round=1 part=low seed=n355(id=355 center=355 R=3 crit=0.389 pot=0.9222)
phyopt: rejected (map area 1248.60->1248.60, delay 13.00->13.00).
phyopt: round=1 part=low seed=n1791(id=1791 center=1791 R=3 crit=0.389 pot=0.9222)
phyopt: rejected (map area 1248.60->1248.60, delay 13.00->13.00).
phyopt: round=1 part=low seed=n2155(id=2155 center=2155 R=3 crit=0.389 pot=0.9222)
phyopt: rejected (map area 1248.60->1248.60, delay 13.00->13.00).
phyopt: round=1 part=low seed=n44(id=44 center=44 R=3 crit=0.000 pot=0.8000)
phyopt: rejected (map area 1248.60->1248.87, delay 13.00->13.00).
phyopt: round=1 part=low seed=n919(id=919 center=919 R=3 crit=0.000 pot=0.8000)
phyopt: rejected (map area 1248.60->1248.60, delay 13.00->13.00).
phyopt: round=1 part=low seed=n997(id=997 center=997 R=3 crit=0.000 pot=0.8000)
phyopt: rejected (map area 1248.60->1248.60, delay 13.00->13.00).
phyopt: round=1 part=low seed=n998(id=998 center=998 R=3 crit=0.000 pot=0.8000)
phyopt: rejected (map area 1248.60->1250.20, delay 13.00->13.00).
phyopt: round=1 part=low seed=n999(id=999 center=999 R=3 crit=0.000 pot=0.8000)
phyopt: accepted (map area 1248.60->1248.07, delay 13.00->13.00).
phyopt: round=1 part=low seed=n80(id=80 center=80 R=3 crit=0.056 pot=0.7889)
phyopt: accepted (map area 1248.07->1246.74, delay 13.00->13.00).
phyopt: round=1 part=low seed=n743(id=743 center=743 R=3 crit=0.056 pot=0.7889)
phyopt: accepted (map area 1246.74->1246.48, delay 13.00->13.00).
phyopt: round=1 part=low seed=n758(id=758 center=758 R=3 crit=0.056 pot=0.7889)
phyopt: rejected (map area 1246.48->1246.48, delay 13.00->13.00).
phyopt: round=1 part=low seed=n759(id=759 center=759 R=3 crit=0.056 pot=0.7889)
phyopt: accepted (map area 1246.48->1246.21, delay 13.00->13.00).
phyopt: round=1 part=low seed=n902(id=902 center=902 R=3 crit=0.056 pot=0.7889)
phyopt: rejected (map area 1246.21->1246.21, delay 13.00->13.00).
phyopt: round=1 part=low seed=n916(id=916 center=916 R=3 crit=0.056 pot=0.7889)
phyopt: rejected (map area 1246.21->1246.21, delay 13.00->13.00).
phyopt: round=1 part=low seed=n917(id=917 center=917 R=3 crit=0.056 pot=0.7889)
phyopt: rejected (map area 1246.21->1246.21, delay 13.00->13.00).
phyopt: round=1 part=low seed=n920(id=920 center=920 R=3 crit=0.056 pot=0.7889)
phyopt: rejected (map area 1246.21->1247.27, delay 13.00->13.00).
phyopt: round=1 part=low seed=n921(id=921 center=921 R=3 crit=0.056 pot=0.7889)
phyopt: rejected (map area 1246.21->1246.21, delay 13.00->13.00).
phyopt: round=1 part=low seed=n48(id=48 center=48 R=3 crit=0.111 pot=0.7778)
phyopt: rejected (map area 1246.21->1246.21, delay 13.00->13.00).
phyopt: round=1 part=low seed=n49(id=49 center=49 R=3 crit=0.111 pot=0.7778)
phyopt: accepted (map area 1246.21->1245.94, delay 13.00->13.00).
phyopt: round=1 part=low seed=n81(id=81 center=81 R=3 crit=0.111 pot=0.7778)
phyopt: rejected (map area 1245.94->1245.94, delay 13.00->13.00).
phyopt: round=1 part=low seed=n91(id=91 center=91 R=3 crit=0.111 pot=0.7778)
phyopt: rejected (map area 1245.94->1245.94, delay 13.00->13.00).
phyopt: round=1 part=low seed=n337(id=337 center=337 R=3 crit=0.111 pot=0.7778)
phyopt: rejected (map area 1245.94->1245.94, delay 13.00->13.00).
phyopt: round=1 part=low seed=n744(id=744 center=744 R=3 crit=0.111 pot=0.7778)
phyopt: rejected (map area 1245.94->1245.94, delay 13.00->13.00).
phyopt: round=1 part=low seed=n745(id=745 center=745 R=3 crit=0.111 pot=0.7778)
phyopt: accepted (map area 1245.94->1245.15, delay 13.00->13.00).
phyopt: round=1 part=mid seed=n1198(id=1198 center=1198 R=4 crit=0.444 pot=0.7778)
phyopt: rejected (map area 1245.15->1246.21, delay 13.00->13.00).
phyopt: round=1 part=mid seed=n1394(id=1394 center=1394 R=4 crit=0.444 pot=0.7778)
phyopt: accepted (map area 1245.15->1244.35, delay 13.00->13.00).
phyopt: round=1 part=mid seed=n2136(id=2136 center=2136 R=4 crit=0.444 pot=0.7778)
phyopt: rejected (map area 1244.35->1244.35, delay 13.00->13.00).
phyopt: round=1 part=mid seed=n213(id=213 center=213 R=4 crit=0.500 pot=0.7500)
phyopt: accepted (map area 1244.35->1243.55, delay 13.00->13.00).
phyopt: round=1 part=mid seed=n1345(id=1345 center=1345 R=4 crit=0.500 pot=0.7500)
phyopt: rejected (map area 1243.55->1243.55, delay 13.00->13.00).
phyopt: round=1 part=mid seed=n1970(id=1970 center=1970 R=4 crit=0.500 pot=0.7500)
phyopt: rejected (map area 1243.55->1244.61, delay 13.00->13.00).
phyopt: round=1 part=mid seed=n2134(id=2134 center=2134 R=4 crit=0.500 pot=0.7500)
phyopt: rejected (map area 1243.55->1243.55, delay 13.00->13.00).
The node "n2398" with ID 2398 is not in the current network.
phyopt: skip seed=n2398 (cannot resolve center node in current AIG).
phyopt: round=1 part=mid seed=n166(id=166 center=166 R=4 crit=0.556 pot=0.7222)
phyopt: rejected (map area 1243.55->1243.55, delay 13.00->13.00).
phyopt: round=1 part=mid seed=n221(id=221 center=221 R=4 crit=0.556 pot=0.7222)
phyopt: rejected (map area 1243.55->1244.35, delay 13.00->13.00).
phyopt: round=1 part=mid seed=n1471(id=1471 center=1471 R=4 crit=0.556 pot=0.7222)
phyopt: rejected (map area 1243.55->1244.35, delay 13.00->13.00).
phyopt: round=1 part=mid seed=n1692(id=1692 center=1692 R=4 crit=0.556 pot=0.7222)
phyopt: rejected (map area 1243.55->1243.55, delay 13.00->13.00).
phyopt: round=1 part=mid seed=n2119(id=2119 center=2119 R=4 crit=0.556 pot=0.7222)
phyopt: accepted (map area 1243.55->1241.42, delay 13.00->13.00).
phyopt: round=1 part=mid seed=n1928(id=1928 center=1928 R=4 crit=0.611 pot=0.6944)
phyopt: rejected (map area 1241.42->1241.42, delay 13.00->13.00).
phyopt: round=1 part=mid seed=n2074(id=2074 center=2074 R=4 crit=0.611 pot=0.6944)
phyopt: accepted (map area 1241.42->1240.36, delay 13.00->13.00).
phyopt: round=1 part=mid seed=n2104(id=2104 center=2104 R=4 crit=0.611 pot=0.6944)
phyopt: accepted (map area 1240.36->1240.09, delay 13.00->13.00).
phyopt: round=1 part=mid seed=n144(id=144 center=144 R=4 crit=0.444 pot=0.6528)
phyopt: accepted (map area 1240.09->1238.50, delay 13.00->13.00).
phyopt: round=1 part=mid seed=n150(id=150 center=150 R=4 crit=0.444 pot=0.6528)
phyopt: rejected (map area 1238.50->1238.50, delay 13.00->13.00).
phyopt: round=1 part=mid seed=n151(id=151 center=151 R=4 crit=0.444 pot=0.6528)
phyopt: rejected (map area 1238.50->1238.50, delay 13.00->13.00).
phyopt: round=1 part=mid seed=n152(id=152 center=152 R=4 crit=0.444 pot=0.6528)
phyopt: rejected (map area 1238.50->1238.50, delay 13.00->13.00).
phyopt: round=1 part=mid seed=n153(id=153 center=153 R=4 crit=0.444 pot=0.6528)
phyopt: rejected (map area 1238.50->1239.03, delay 13.00->13.00).
phyopt: round=1 part=mid seed=n225(id=225 center=225 R=4 crit=0.444 pot=0.6528)
phyopt: rejected (map area 1238.50->1238.50, delay 13.00->13.00).
phyopt: round=1 part=mid seed=n226(id=226 center=226 R=4 crit=0.444 pot=0.6528)
phyopt: rejected (map area 1238.50->1238.50, delay 13.00->13.00).
phyopt: round=1 part=mid seed=n227(id=227 center=227 R=4 crit=0.444 pot=0.6528)
phyopt: accepted (map area 1238.50->1238.23, delay 13.00->13.00).
phyopt: round=1 part=mid seed=n243(id=243 center=243 R=4 crit=0.444 pot=0.6528)
phyopt: rejected (map area 1238.23->1238.23, delay 13.00->13.00).
phyopt: round=1 part=mid seed=n244(id=244 center=244 R=4 crit=0.444 pot=0.6528)
phyopt: accepted (map area 1238.23->1237.43, delay 13.00->13.00).
phyopt: round=1 part=mid seed=n246(id=246 center=246 R=4 crit=0.444 pot=0.6528)
phyopt: accepted (map area 1237.43->1235.04, delay 13.00->13.00).
phyopt: finished round 1/1.
phyopt: partition summary (tried/accepted):
  high : 15 / 21
  low  : 7 / 28
  mid  : 9 / 26
phyopt: per-part seed coverage (topK means top-5 potential within processed seeds):
  high: seeds=30 tried=21(70.0%) accepted=15(71.4%) skipped(marked=8,low_slack=0) topK(tried=4/5 accepted=3 hit=75.0%)
  low: seeds=30 tried=28(93.3%) accepted=7(25.0%) skipped(marked=2,low_slack=0) topK(tried=5/5 accepted=1 hit=20.0%)
  mid: seeds=30 tried=26(86.7%) accepted=9(34.6%) skipped(marked=3,low_slack=0) topK(tried=5/5 accepted=2 hit=40.0%)
phyopt: rejection reason breakdown:
  - runtime_or_eval_fail : 2
  - policy_tradeoff_reject : 29
  - delay_worse : 2
  - area_worse : 13
  - area_and_delay_worse : 0
  - low_part_delay_budget : 0
phyopt: skipped marked=13 low_slack=<0.10=0
phyopt: done, accepted=31 rejected=46 final_nodes=2208 final_levels=29.
Networks are equivalent.  Time =     0.11 sec
