======== ABC command line "source /tmp/ablation_ex249_no_inv_chain_285.scr"
Warning: Detected 2 multi-output cells (for example, "FA_X1").
mapper_extract: wrote 2404 lines to "/mnt/d/My_abc_work/abc/my_work/ablation_results/ex249/ex249_no_inv_chain.csv".
Loaded 2404 physical records from /mnt/d/My_abc_work/abc/my_work/ablation_results/ex249/ex249_no_inv_chain.csv
Potential rebuilt: alpha(low/mid/high)=0.200/0.500/0.800 avg_struct=0.9148 avg_slack=0.3321 avg_opt_mid=0.6235
Physical records : 2404
Gate summary     : NAND=1419 AND=857 INV=127 OTHER=1
Alpha (L/M/H)    : 0.200 / 0.500 / 0.800
StructW(i/p/f/g) : 0.000 / 0.500 / 0.333 / 0.167
phyopt: start rounds=1, criticality partitions high(>=0.800)->low(<=0.300)->mid, window=16.
phyopt: objective=map(area,delay), low-part delay budget=+10% from pre-opt.
phyopt: round=1 partition sizes high=829 low=174 mid=1401.
phyopt: round=1 part=high seed=n461(id=461 center=461 R=5 crit=0.833 pot=0.3333)
phyopt: accepted (map area 1276.00->1274.94, delay 13.00->13.00).
phyopt: round=1 part=high seed=n463(id=463 center=463 R=5 crit=0.833 pot=0.3333)
phyopt: accepted (map area 1274.94->1274.14, delay 13.00->13.00).
phyopt: round=1 part=high seed=n471(id=471 center=471 R=5 crit=0.833 pot=0.3333)
phyopt: accepted (map area 1274.14->1274.14, delay 13.00->13.00).
phyopt: round=1 part=high seed=n502(id=502 center=502 R=5 crit=0.833 pot=0.3333)
phyopt: rejected (map area 1274.14->1274.94, delay 13.00->13.00).
phyopt: round=1 part=high seed=n504(id=504 center=504 R=5 crit=0.833 pot=0.3333)
phyopt: rejected (map area 1274.14->1275.74, delay 13.00->13.00).
phyopt: round=1 part=high seed=n505(id=505 center=505 R=5 crit=0.833 pot=0.3333)
phyopt: accepted (map area 1274.14->1272.54, delay 13.00->13.00).
phyopt: round=1 part=high seed=n524(id=524 center=524 R=5 crit=0.833 pot=0.3333)
phyopt: accepted (map area 1272.54->1272.54, delay 13.00->13.00).
phyopt: round=1 part=high seed=n531(id=531 center=531 R=5 crit=0.833 pot=0.3333)
phyopt: accepted (map area 1272.54->1272.54, delay 13.00->13.00).
phyopt: round=1 part=high seed=n532(id=532 center=532 R=5 crit=0.833 pot=0.3333)
phyopt: accepted (map area 1272.54->1269.09, delay 13.00->13.00).
phyopt: round=1 part=high seed=n534(id=534 center=534 R=5 crit=0.833 pot=0.3333)
phyopt: accepted (map area 1269.09->1268.29, delay 13.00->13.00).
phyopt: round=1 part=high seed=n536(id=536 center=536 R=5 crit=0.833 pot=0.3333)
phyopt: rejected (map area 1268.29->1269.35, delay 13.00->13.00).
phyopt: round=1 part=high seed=n554(id=554 center=554 R=5 crit=0.833 pot=0.3333)
phyopt: accepted (map area 1268.29->1268.29, delay 13.00->13.00).
phyopt: round=1 part=high seed=n557(id=557 center=557 R=5 crit=0.833 pot=0.3333)
phyopt: accepted (map area 1268.29->1260.84, delay 13.00->13.00).
phyopt: round=1 part=high seed=n559(id=559 center=559 R=5 crit=0.833 pot=0.3333)
phyopt: accepted (map area 1260.84->1258.98, delay 13.00->13.00).
phyopt: round=1 part=high seed=n561(id=561 center=561 R=5 crit=0.833 pot=0.3333)
phyopt: accepted (map area 1258.98->1257.91, delay 13.00->13.00).
phyopt: round=1 part=high seed=n564(id=564 center=564 R=5 crit=0.833 pot=0.3333)
phyopt: accepted (map area 1257.91->1257.38, delay 13.00->13.00).
phyopt: round=1 part=high seed=n567(id=567 center=567 R=5 crit=0.833 pot=0.3333)
phyopt: rejected (map area 1257.38->1259.24, delay 13.00->13.00).
phyopt: round=1 part=high seed=n568(id=568 center=568 R=5 crit=0.833 pot=0.3333)
phyopt: rejected (map area 1257.38->1257.91, delay 13.00->13.00).
phyopt: round=1 part=high seed=n569(id=569 center=569 R=5 crit=0.833 pot=0.3333)
phyopt: rejected (map area 1257.38->1258.18, delay 13.00->13.00).
phyopt: round=1 part=high seed=n570(id=570 center=570 R=5 crit=0.833 pot=0.3333)
phyopt: accepted (map area 1257.38->1252.59, delay 13.00->13.00).
phyopt: round=1 part=high seed=n576(id=576 center=576 R=5 crit=0.833 pot=0.3333)
phyopt: accepted (map area 1252.59->1248.60, delay 13.00->13.00).
phyopt: round=1 part=high seed=n577(id=577 center=577 R=5 crit=0.833 pot=0.3333)
phyopt: rejected (map area 1248.60->1257.65, delay 13.00->13.00).
phyopt: round=1 part=low seed=n44(id=44 center=44 R=3 crit=0.000 pot=1.0000)
phyopt: accepted (map area 1248.60->1247.81, delay 13.00->13.00).
phyopt: round=1 part=low seed=n919(id=919 center=919 R=3 crit=0.000 pot=1.0000)
phyopt: accepted (map area 1247.81->1247.54, delay 13.00->13.00).
phyopt: round=1 part=low seed=n997(id=997 center=997 R=3 crit=0.000 pot=1.0000)
phyopt: rejected (map area 1247.54->1247.54, delay 13.00->13.00).
phyopt: round=1 part=low seed=n998(id=998 center=998 R=3 crit=0.000 pot=1.0000)
phyopt: rejected (map area 1247.54->1248.87, delay 13.00->13.00).
phyopt: round=1 part=low seed=n999(id=999 center=999 R=3 crit=0.000 pot=1.0000)
phyopt: rejected (map area 1247.54->1248.07, delay 13.00->13.00).
phyopt: round=1 part=low seed=n80(id=80 center=80 R=3 crit=0.056 pot=0.9889)
phyopt: accepted (map area 1247.54->1247.27, delay 13.00->13.00).
phyopt: round=1 part=low seed=n743(id=743 center=743 R=3 crit=0.056 pot=0.9889)
phyopt: rejected (map area 1247.27->1247.27, delay 13.00->13.00).
phyopt: round=1 part=low seed=n758(id=758 center=758 R=3 crit=0.056 pot=0.9889)
phyopt: rejected (map area 1247.27->1247.27, delay 13.00->13.00).
phyopt: round=1 part=low seed=n759(id=759 center=759 R=3 crit=0.056 pot=0.9889)
phyopt: rejected (map area 1247.27->1247.27, delay 13.00->13.00).
phyopt: round=1 part=low seed=n760(id=760 center=760 R=3 crit=0.056 pot=0.9889)
phyopt: rejected (map area 1247.27->1247.27, delay 13.00->13.00).
phyopt: round=1 part=low seed=n902(id=902 center=902 R=3 crit=0.056 pot=0.9889)
phyopt: rejected (map area 1247.27->1247.27, delay 13.00->13.00).
phyopt: round=1 part=low seed=n916(id=916 center=916 R=3 crit=0.056 pot=0.9889)
phyopt: rejected (map area 1247.27->1247.27, delay 13.00->13.00).
phyopt: round=1 part=low seed=n917(id=917 center=917 R=3 crit=0.056 pot=0.9889)
phyopt: rejected (map area 1247.27->1247.27, delay 13.00->13.00).
phyopt: round=1 part=low seed=n921(id=921 center=921 R=3 crit=0.056 pot=0.9889)
phyopt: rejected (map area 1247.27->1247.27, delay 13.00->13.00).
phyopt: round=1 part=low seed=n48(id=48 center=48 R=3 crit=0.111 pot=0.9778)
phyopt: rejected (map area 1247.27->1247.27, delay 13.00->13.00).
phyopt: round=1 part=low seed=n49(id=49 center=49 R=3 crit=0.111 pot=0.9778)
phyopt: accepted (map area 1247.27->1247.01, delay 13.00->13.00).
phyopt: round=1 part=low seed=n81(id=81 center=81 R=3 crit=0.111 pot=0.9778)
phyopt: accepted (map area 1247.01->1246.74, delay 13.00->13.00).
phyopt: round=1 part=low seed=n91(id=91 center=91 R=3 crit=0.111 pot=0.9778)
phyopt: rejected (map area 1246.74->1246.74, delay 13.00->13.00).
phyopt: round=1 part=low seed=n337(id=337 center=337 R=3 crit=0.111 pot=0.9778)
phyopt: rejected (map area 1246.74->1246.74, delay 13.00->13.00).
phyopt: round=1 part=low seed=n744(id=744 center=744 R=3 crit=0.111 pot=0.9778)
phyopt: rejected (map area 1246.74->1246.74, delay 13.00->13.00).
phyopt: round=1 part=low seed=n745(id=745 center=745 R=3 crit=0.111 pot=0.9778)
phyopt: rejected (map area 1246.74->1247.01, delay 13.00->13.00).
phyopt: round=1 part=low seed=n746(id=746 center=746 R=3 crit=0.111 pot=0.9778)
phyopt: rejected (map area 1246.74->1247.01, delay 13.00->13.00).
phyopt: round=1 part=low seed=n903(id=903 center=903 R=3 crit=0.111 pot=0.9778)
phyopt: rejected (map area 1246.74->1253.39, delay 13.00->13.00).
phyopt: round=1 part=low seed=n904(id=904 center=904 R=3 crit=0.111 pot=0.9778)
phyopt: rejected (map area 1246.74->1253.39, delay 13.00->13.00).
phyopt: round=1 part=low seed=n992(id=992 center=992 R=3 crit=0.111 pot=0.9778)
phyopt: rejected (map area 1246.74->1246.74, delay 13.00->13.00).
phyopt: round=1 part=low seed=n993(id=993 center=993 R=3 crit=0.111 pot=0.9778)
phyopt: rejected (map area 1246.74->1246.74, delay 13.00->13.00).
phyopt: round=1 part=low seed=n994(id=994 center=994 R=3 crit=0.111 pot=0.9778)
phyopt: rejected (map area 1246.74->1246.74, delay 13.00->13.00).
phyopt: round=1 part=low seed=n1165(id=1165 center=1165 R=3 crit=0.111 pot=0.9778)
phyopt: rejected (map area 1246.74->1246.74, delay 13.00->13.00).
phyopt: round=1 part=mid seed=n55(id=55 center=55 R=4 crit=0.333 pot=0.8333)
phyopt: accepted (map area 1246.74->1245.41, delay 13.00->13.00).
phyopt: round=1 part=mid seed=n59(id=59 center=59 R=4 crit=0.333 pot=0.8333)
phyopt: rejected (map area 1245.41->1250.47, delay 13.00->13.00).
phyopt: round=1 part=mid seed=n61(id=61 center=61 R=4 crit=0.333 pot=0.8333)
phyopt: rejected (map area 1245.41->1245.41, delay 13.00->13.00).
phyopt: round=1 part=mid seed=n63(id=63 center=63 R=4 crit=0.333 pot=0.8333)
phyopt: rejected (map area 1245.41->1251.53, delay 13.00->13.00).
phyopt: round=1 part=mid seed=n77(id=77 center=77 R=4 crit=0.333 pot=0.8333)
phyopt: accepted (map area 1245.41->1244.35, delay 13.00->13.00).
phyopt: round=1 part=mid seed=n85(id=85 center=85 R=4 crit=0.333 pot=0.8333)
phyopt: rejected (map area 1244.35->1244.35, delay 13.00->13.00).
phyopt: round=1 part=mid seed=n88(id=88 center=88 R=4 crit=0.333 pot=0.8333)
phyopt: rejected (map area 1244.35->1244.35, delay 13.00->13.00).
phyopt: round=1 part=mid seed=n89(id=89 center=89 R=4 crit=0.333 pot=0.8333)
phyopt: accepted (map area 1244.35->1243.82, delay 13.00->13.00).
phyopt: round=1 part=mid seed=n92(id=92 center=92 R=4 crit=0.333 pot=0.8333)
phyopt: accepted (map area 1243.82->1243.55, delay 13.00->13.00).
phyopt: round=1 part=mid seed=n104(id=104 center=104 R=4 crit=0.333 pot=0.8333)
phyopt: rejected (map area 1243.55->1244.08, delay 13.00->13.00).
phyopt: round=1 part=mid seed=n105(id=105 center=105 R=4 crit=0.333 pot=0.8333)
phyopt: accepted (map area 1243.55->1243.02, delay 13.00->13.00).
phyopt: round=1 part=mid seed=n207(id=207 center=207 R=4 crit=0.333 pot=0.8333)
phyopt: accepted (map area 1243.02->1242.49, delay 13.00->13.00).
phyopt: round=1 part=mid seed=n266(id=266 center=266 R=4 crit=0.333 pot=0.8333)
phyopt: accepted (map area 1242.49->1237.43, delay 13.00->13.00).
phyopt: round=1 part=mid seed=n271(id=271 center=271 R=4 crit=0.333 pot=0.8333)
phyopt: accepted (map area 1237.43->1234.77, delay 13.00->13.00).
phyopt: round=1 part=mid seed=n273(id=273 center=273 R=4 crit=0.333 pot=0.8333)
phyopt: accepted (map area 1234.77->1234.51, delay 13.00->13.00).
phyopt: round=1 part=mid seed=n300(id=300 center=300 R=4 crit=0.333 pot=0.8333)
phyopt: rejected (map area 1234.51->1235.57, delay 13.00->13.00).
phyopt: round=1 part=mid seed=n301(id=301 center=301 R=4 crit=0.333 pot=0.8333)
phyopt: rejected (map area 1234.51->1234.51, delay 13.00->13.00).
phyopt: round=1 part=mid seed=n302(id=302 center=302 R=4 crit=0.333 pot=0.8333)
phyopt: rejected (map area 1234.51->1235.84, delay 13.00->13.00).
phyopt: round=1 part=mid seed=n303(id=303 center=303 R=4 crit=0.333 pot=0.8333)
phyopt: accepted (map area 1234.51->1233.18, delay 13.00->13.00).
phyopt: round=1 part=mid seed=n309(id=309 center=309 R=4 crit=0.333 pot=0.8333)
phyopt: accepted (map area 1233.18->1232.64, delay 13.00->13.00).
phyopt: finished round 1/1.
phyopt: partition summary (tried/accepted):
  high : 15 / 22
  low  : 5 / 28
  mid  : 11 / 20
phyopt: per-part seed coverage (topK means top-5 potential within processed seeds):
  high: seeds=30 tried=22(73.3%) accepted=15(68.2%) skipped(marked=8,low_slack=0) topK(tried=3/5 accepted=3 hit=100.0%)
  low: seeds=30 tried=28(93.3%) accepted=5(17.9%) skipped(marked=2,low_slack=0) topK(tried=5/5 accepted=2 hit=40.0%)
  mid: seeds=30 tried=20(66.7%) accepted=11(55.0%) skipped(marked=10,low_slack=0) topK(tried=4/5 accepted=1 hit=25.0%)
phyopt: rejection reason breakdown:
  - runtime_or_eval_fail : 0
  - policy_tradeoff_reject : 21
  - delay_worse : 0
  - area_worse : 18
  - area_and_delay_worse : 0
  - low_part_delay_budget : 0
phyopt: skipped marked=20 low_slack=<0.10=0
phyopt: done, accepted=31 rejected=39 final_nodes=2207 final_levels=27.
Networks are equivalent.  Time =     0.09 sec
