======== ABC command line "source /tmp/gs1_ex281_D_stable_2_8098.scr"
Warning: Detected 2 multi-output cells (for example, "FA_X1").
mapper_extract: wrote 7482 lines to "/mnt/d/My_abc_work/abc/my_work/grouped_opt_stage1/results/run_stage1_strategy_r1/D/ex281/ex281_D_stable_2.csv".
Loaded 7482 physical records from /mnt/d/My_abc_work/abc/my_work/grouped_opt_stage1/results/run_stage1_strategy_r1/D/ex281/ex281_D_stable_2.csv
Potential rebuilt: alpha(low/mid/high)=0.250/0.550/0.850 avg_struct=0.7338 avg_slack=0.2779 avg_opt_mid=0.4831
Physical records : 7482
Gate summary     : NAND=5627 AND=1477 INV=378 OTHER=0
Alpha (L/M/H)    : 0.250 / 0.550 / 0.850
StructW(i/p/f/g) : 0.500 / 0.400 / 0.050 / 0.050
phyopt: start rounds=1, criticality partitions high(>=0.900)->low(<=0.250)->mid, window=16.
phyopt: objective=map(area,delay), low-part delay budget=+10% from pre-opt.
phyopt: round=1 partition sizes high=1650 low=50 mid=5782.
phyopt: round=1 part=high seed=n210(id=210 center=210 R=5 crit=0.909 pot=0.2273)
phyopt: accepted (map area 4094.01->4094.01, delay 13.00->13.00).
phyopt: round=1 part=high seed=n269(id=269 center=269 R=5 crit=0.909 pot=0.2273)
phyopt: accepted (map area 4094.01->4089.75, delay 13.00->13.00).
phyopt: round=1 part=high seed=n405(id=405 center=405 R=5 crit=0.909 pot=0.2273)
phyopt: accepted (map area 4089.75->4086.56, delay 13.00->13.00).
phyopt: round=1 part=high seed=n470(id=470 center=470 R=5 crit=0.909 pot=0.2273)
phyopt: accepted (map area 4086.56->4086.03, delay 13.00->13.00).
phyopt: round=1 part=high seed=n647(id=647 center=647 R=5 crit=0.909 pot=0.2273)
phyopt: accepted (map area 4086.03->4084.70, delay 13.00->13.00).
phyopt: round=1 part=high seed=n684(id=684 center=684 R=5 crit=0.909 pot=0.2273)
phyopt: accepted (map area 4084.70->4083.90, delay 13.00->13.00).
phyopt: round=1 part=high seed=n1284(id=1284 center=1284 R=5 crit=0.909 pot=0.2273)
phyopt: accepted (map area 4083.90->4080.17, delay 13.00->13.00).
phyopt: round=1 part=high seed=n1598(id=1598 center=1598 R=5 crit=0.909 pot=0.2273)
phyopt: accepted (map area 4080.17->4078.31, delay 13.00->13.00).
The node "n7202" with ID 7202 is not in the current network.
phyopt: skip seed=n7202 (cannot resolve center node in current AIG).
The node "n7238" with ID 7238 is not in the current network.
phyopt: skip seed=n7238 (cannot resolve center node in current AIG).
The node "n7312" with ID 7312 is not in the current network.
phyopt: skip seed=n7312 (cannot resolve center node in current AIG).
phyopt: round=1 part=high seed=n36(id=36 center=36 R=5 crit=0.909 pot=0.1953)
phyopt: accepted (map area 4078.31->4077.78, delay 13.00->13.00).
phyopt: round=1 part=high seed=n54(id=54 center=54 R=5 crit=0.909 pot=0.1953)
phyopt: accepted (map area 4077.78->4077.25, delay 13.00->13.00).
phyopt: round=1 part=high seed=n117(id=117 center=117 R=5 crit=0.909 pot=0.1953)
phyopt: accepted (map area 4077.25->4066.34, delay 13.00->13.00).
phyopt: round=1 part=high seed=n124(id=124 center=124 R=5 crit=0.909 pot=0.1953)
phyopt: accepted (map area 4066.34->4066.08, delay 13.00->13.00).
phyopt: round=1 part=high seed=n127(id=127 center=127 R=5 crit=0.909 pot=0.1953)
phyopt: rejected (map area 4066.08->4070.86, delay 13.00->13.00).
phyopt: round=1 part=high seed=n137(id=137 center=137 R=5 crit=0.909 pot=0.1953)
phyopt: accepted (map area 4066.08->4054.37, delay 13.00->13.00).
phyopt: round=1 part=high seed=n139(id=139 center=139 R=5 crit=0.909 pot=0.1953)
phyopt: accepted (map area 4054.37->4054.37, delay 13.00->13.00).
phyopt: round=1 part=high seed=n178(id=178 center=178 R=5 crit=0.909 pot=0.1953)
phyopt: rejected (map area 4054.37->4063.95, delay 13.00->13.00).
phyopt: round=1 part=high seed=n187(id=187 center=187 R=5 crit=0.909 pot=0.1953)
phyopt: accepted (map area 4054.37->4054.37, delay 13.00->13.00).
phyopt: round=1 part=high seed=n188(id=188 center=188 R=5 crit=0.909 pot=0.1953)
phyopt: accepted (map area 4054.37->4037.88, delay 13.00->13.00).
phyopt: round=1 part=high seed=n190(id=190 center=190 R=5 crit=0.909 pot=0.1953)
phyopt: accepted (map area 4037.88->4035.49, delay 13.00->13.00).
phyopt: round=1 part=high seed=n197(id=197 center=197 R=5 crit=0.909 pot=0.1953)
phyopt: accepted (map area 4035.49->4035.49, delay 13.00->13.00).
phyopt: round=1 part=high seed=n260(id=260 center=260 R=5 crit=0.909 pot=0.1953)
phyopt: accepted (map area 4035.49->4020.06, delay 13.00->13.00).
phyopt: round=1 part=high seed=n271(id=271 center=271 R=5 crit=0.909 pot=0.1953)
phyopt: accepted (map area 4020.06->4018.73, delay 13.00->13.00).
phyopt: round=1 part=high seed=n309(id=309 center=309 R=5 crit=0.909 pot=0.1953)
phyopt: accepted (map area 4018.73->4017.66, delay 13.00->13.00).
phyopt: round=1 part=high seed=n323(id=323 center=323 R=5 crit=0.909 pot=0.1953)
phyopt: accepted (map area 4017.66->4016.33, delay 13.00->13.00).
phyopt: round=1 part=high seed=n334(id=334 center=334 R=5 crit=0.909 pot=0.1953)
phyopt: rejected (map area 4016.33->4018.46, delay 13.00->13.00).
phyopt: round=1 part=high seed=n339(id=339 center=339 R=5 crit=0.909 pot=0.1953)
phyopt: accepted (map area 4016.33->4016.33, delay 13.00->13.00).
phyopt: round=1 part=low seed=n2397(id=2397 center=2397 R=3 crit=0.227 pot=0.9432)
phyopt: rejected (map area 4016.33->4016.33, delay 13.00->13.00).
phyopt: round=1 part=low seed=n5578(id=5578 center=5578 R=3 crit=0.000 pot=0.8400)
phyopt: accepted (map area 4016.33->4015.54, delay 13.00->13.00).
phyopt: round=1 part=low seed=n5579(id=5579 center=5579 R=3 crit=0.000 pot=0.8400)
phyopt: rejected (map area 4015.54->4016.33, delay 13.00->13.00).
phyopt: round=1 part=low seed=n2392(id=2392 center=2392 R=3 crit=0.045 pot=0.8287)
phyopt: rejected (map area 4015.54->4017.66, delay 13.00->13.00).
phyopt: round=1 part=low seed=n2393(id=2393 center=2393 R=3 crit=0.045 pot=0.8287)
phyopt: rejected (map area 4015.54->4017.66, delay 13.00->13.00).
phyopt: round=1 part=low seed=n2394(id=2394 center=2394 R=3 crit=0.045 pot=0.8287)
phyopt: rejected (map area 4015.54->4015.54, delay 13.00->13.00).
phyopt: round=1 part=low seed=n2747(id=2747 center=2747 R=3 crit=0.091 pot=0.8173)
phyopt: rejected (map area 4015.54->4015.54, delay 13.00->13.00).
phyopt: round=1 part=low seed=n4335(id=4335 center=4335 R=3 crit=0.091 pot=0.8173)
phyopt: rejected (map area 4015.54->4015.54, delay 13.00->13.00).
phyopt: round=1 part=low seed=n4336(id=4336 center=4336 R=3 crit=0.091 pot=0.8173)
phyopt: rejected (map area 4015.54->4015.54, delay 13.00->13.00).
phyopt: round=1 part=low seed=n4337(id=4337 center=4337 R=3 crit=0.091 pot=0.8173)
phyopt: accepted (map area 4015.54->4014.74, delay 13.00->13.00).
phyopt: round=1 part=low seed=n2749(id=2749 center=2749 R=3 crit=0.136 pot=0.8059)
phyopt: rejected (map area 4014.74->4014.74, delay 13.00->13.00).
phyopt: round=1 part=low seed=n3270(id=3270 center=3270 R=3 crit=0.136 pot=0.8059)
phyopt: rejected (map area 4014.74->4014.74, delay 13.00->13.00).
phyopt: round=1 part=low seed=n4046(id=4046 center=4046 R=3 crit=0.136 pot=0.8059)
phyopt: rejected (map area 4014.74->4014.74, delay 13.00->13.00).
phyopt: round=1 part=low seed=n2395(id=2395 center=2395 R=3 crit=0.182 pot=0.7946)
phyopt: rejected (map area 4014.74->4014.74, delay 13.00->13.00).
phyopt: round=1 part=low seed=n2396(id=2396 center=2396 R=3 crit=0.182 pot=0.7946)
phyopt: rejected (map area 4014.74->4014.74, delay 13.00->13.00).
phyopt: round=1 part=low seed=n3271(id=3271 center=3271 R=3 crit=0.182 pot=0.7946)
phyopt: accepted (map area 4014.74->4013.94, delay 13.00->13.00).
phyopt: round=1 part=low seed=n4047(id=4047 center=4047 R=3 crit=0.182 pot=0.7946)
phyopt: rejected (map area 4013.94->4013.94, delay 13.00->13.00).
phyopt: round=1 part=low seed=n4048(id=4048 center=4048 R=3 crit=0.182 pot=0.7946)
phyopt: rejected (map area 4013.94->4013.94, delay 13.00->13.00).
phyopt: round=1 part=low seed=n4451(id=4451 center=4451 R=3 crit=0.182 pot=0.7946)
phyopt: rejected (map area 4013.94->4013.94, delay 13.00->13.00).
phyopt: round=1 part=low seed=n4452(id=4452 center=4452 R=3 crit=0.182 pot=0.7946)
phyopt: rejected (map area 4013.94->4013.94, delay 13.00->13.00).
phyopt: round=1 part=low seed=n4453(id=4453 center=4453 R=3 crit=0.182 pot=0.7946)
phyopt: rejected (map area 4013.94->4013.94, delay 13.00->13.00).
phyopt: round=1 part=low seed=n5092(id=5092 center=5092 R=3 crit=0.182 pot=0.7946)
phyopt: rejected (map area 4013.94->4013.94, delay 13.00->13.00).
phyopt: round=1 part=low seed=n5432(id=5432 center=5432 R=3 crit=0.182 pot=0.7946)
phyopt: rejected (map area 4013.94->4021.12, delay 13.00->13.00).
phyopt: round=1 part=low seed=n5433(id=5433 center=5433 R=3 crit=0.182 pot=0.7946)
phyopt: rejected (map area 4013.94->4013.94, delay 13.00->13.00).
phyopt: round=1 part=low seed=n5434(id=5434 center=5434 R=3 crit=0.182 pot=0.7946)
phyopt: rejected (map area 4013.94->4017.66, delay 13.00->13.00).
phyopt: round=1 part=low seed=n5542(id=5542 center=5542 R=3 crit=0.182 pot=0.7946)
phyopt: accepted (map area 4013.94->4012.88, delay 13.00->13.00).
phyopt: round=1 part=low seed=n5547(id=5547 center=5547 R=3 crit=0.182 pot=0.7946)
phyopt: accepted (map area 4012.88->4012.61, delay 13.00->13.00).
phyopt: round=1 part=low seed=n2398(id=2398 center=2398 R=3 crit=0.227 pot=0.7832)
phyopt: rejected (map area 4012.61->4012.61, delay 13.00->13.00).
phyopt: round=1 part=low seed=n2399(id=2399 center=2399 R=3 crit=0.227 pot=0.7832)
phyopt: rejected (map area 4012.61->4012.61, delay 13.00->13.00).
phyopt: round=1 part=low seed=n2400(id=2400 center=2400 R=3 crit=0.227 pot=0.7832)
phyopt: rejected (map area 4012.61->4012.61, delay 13.00->13.00).
phyopt: round=1 part=low seed=n2458(id=2458 center=2458 R=3 crit=0.227 pot=0.7832)
phyopt: rejected (map area 4012.61->4012.61, delay 13.00->13.00).
phyopt: round=1 part=low seed=n3273(id=3273 center=3273 R=3 crit=0.227 pot=0.7832)
phyopt: rejected (map area 4012.61->4012.61, delay 13.00->13.00).
phyopt: round=1 part=low seed=n3588(id=3588 center=3588 R=3 crit=0.227 pot=0.7832)
phyopt: rejected (map area 4012.61->4012.61, delay 13.00->13.00).
phyopt: round=1 part=mid seed=n2460(id=2460 center=2460 R=4 crit=0.273 pot=0.8500)
phyopt: rejected (map area 4012.61->4012.61, delay 13.00->13.00).
phyopt: round=1 part=mid seed=n5521(id=5521 center=5521 R=4 crit=0.273 pot=0.8500)
phyopt: accepted (map area 4012.61->4012.08, delay 13.00->13.00).
phyopt: round=1 part=mid seed=n5548(id=5548 center=5548 R=4 crit=0.273 pot=0.8500)
phyopt: rejected (map area 4012.08->4012.08, delay 13.00->13.00).
phyopt: round=1 part=mid seed=n5550(id=5550 center=5550 R=4 crit=0.273 pot=0.8500)
phyopt: rejected (map area 4012.08->4012.61, delay 13.00->13.00).
phyopt: round=1 part=mid seed=n5615(id=5615 center=5615 R=4 crit=0.273 pot=0.8500)
phyopt: rejected (map area 4012.08->4012.08, delay 13.00->13.00).
phyopt: round=1 part=mid seed=n5595(id=5595 center=5595 R=4 crit=0.318 pot=0.8250)
phyopt: rejected (map area 4012.08->4017.40, delay 13.00->13.00).
phyopt: round=1 part=mid seed=n6093(id=6093 center=6093 R=4 crit=0.318 pot=0.8250)
phyopt: accepted (map area 4012.08->4011.28, delay 13.00->13.00).
phyopt: round=1 part=mid seed=n2449(id=2449 center=2449 R=4 crit=0.364 pot=0.8000)
phyopt: accepted (map area 4011.28->4010.22, delay 13.00->13.00).
phyopt: round=1 part=mid seed=n2700(id=2700 center=2700 R=4 crit=0.364 pot=0.8000)
phyopt: rejected (map area 4010.22->4012.88, delay 13.00->13.00).
phyopt: round=1 part=mid seed=n2761(id=2761 center=2761 R=4 crit=0.364 pot=0.8000)
phyopt: rejected (map area 4010.22->4012.61, delay 13.00->13.00).
phyopt: round=1 part=mid seed=n5077(id=5077 center=5077 R=4 crit=0.364 pot=0.8000)
phyopt: accepted (map area 4010.22->4009.95, delay 13.00->13.00).
phyopt: round=1 part=mid seed=n5451(id=5451 center=5451 R=4 crit=0.364 pot=0.8000)
phyopt: rejected (map area 4009.95->4010.48, delay 13.00->13.00).
phyopt: round=1 part=mid seed=n6314(id=6314 center=6314 R=4 crit=0.364 pot=0.8000)
phyopt: rejected (map area 4009.95->4009.95, delay 13.00->13.00).
phyopt: round=1 part=mid seed=n2599(id=2599 center=2599 R=4 crit=0.409 pot=0.7750)
phyopt: accepted (map area 4009.95->4006.76, delay 13.00->13.00).
phyopt: round=1 part=mid seed=n5412(id=5412 center=5412 R=4 crit=0.409 pot=0.7750)
phyopt: rejected (map area 4006.76->4006.76, delay 13.00->13.00).
phyopt: round=1 part=mid seed=n6133(id=6133 center=6133 R=4 crit=0.409 pot=0.7750)
phyopt: rejected (map area 4006.76->4006.76, delay 13.00->13.00).
phyopt: round=1 part=mid seed=n6175(id=6175 center=6175 R=4 crit=0.409 pot=0.7750)
phyopt: rejected (map area 4006.76->4006.76, delay 13.00->13.00).
phyopt: round=1 part=mid seed=n2461(id=2461 center=2461 R=4 crit=0.273 pot=0.7540)
phyopt: accepted (map area 4006.76->4006.23, delay 13.00->13.00).
phyopt: round=1 part=mid seed=n2493(id=2493 center=2493 R=4 crit=0.273 pot=0.7540)
phyopt: rejected (map area 4006.23->4006.23, delay 13.00->13.00).
phyopt: round=1 part=mid seed=n2494(id=2494 center=2494 R=4 crit=0.273 pot=0.7540)
phyopt: accepted (map area 4006.23->4004.90, delay 13.00->13.00).
phyopt: round=1 part=mid seed=n2777(id=2777 center=2777 R=4 crit=0.273 pot=0.7540)
phyopt: rejected (map area 4004.90->4005.69, delay 13.00->13.00).
phyopt: round=1 part=mid seed=n2785(id=2785 center=2785 R=4 crit=0.273 pot=0.7540)
phyopt: rejected (map area 4004.90->4005.16, delay 13.00->13.00).
phyopt: round=1 part=mid seed=n3091(id=3091 center=3091 R=4 crit=0.273 pot=0.7540)
phyopt: accepted (map area 4004.90->4002.24, delay 13.00->13.00).
phyopt: round=1 part=mid seed=n3274(id=3274 center=3274 R=4 crit=0.273 pot=0.7540)
phyopt: rejected (map area 4002.24->4002.24, delay 13.00->13.00).
phyopt: round=1 part=mid seed=n3275(id=3275 center=3275 R=4 crit=0.273 pot=0.7540)
phyopt: rejected (map area 4002.24->4002.24, delay 13.00->13.00).
phyopt: round=1 part=mid seed=n3291(id=3291 center=3291 R=4 crit=0.273 pot=0.7540)
phyopt: accepted (map area 4002.24->4000.11, delay 13.00->13.00).
phyopt: round=1 part=mid seed=n3591(id=3591 center=3591 R=4 crit=0.273 pot=0.7540)
phyopt: rejected (map area 4000.11->4000.11, delay 13.00->13.00).
phyopt: round=1 part=mid seed=n4069(id=4069 center=4069 R=4 crit=0.273 pot=0.7540)
phyopt: accepted (map area 4000.11->3998.78, delay 13.00->13.00).
phyopt: round=1 part=mid seed=n4354(id=4354 center=4354 R=4 crit=0.273 pot=0.7540)
phyopt: rejected (map area 3998.78->4000.37, delay 13.00->13.00).
phyopt: round=1 part=mid seed=n4355(id=4355 center=4355 R=4 crit=0.273 pot=0.7540)
phyopt: rejected (map area 3998.78->4000.11, delay 13.00->13.00).
phyopt: round=1 part=mid seed=n4356(id=4356 center=4356 R=4 crit=0.273 pot=0.7540)
phyopt: rejected (map area 3998.78->3999.58, delay 13.00->13.00).
phyopt: round=1 part=mid seed=n5069(id=5069 center=5069 R=4 crit=0.273 pot=0.7540)
phyopt: accepted (map area 3998.78->3995.85, delay 13.00->13.00).
phyopt: round=1 part=mid seed=n5120(id=5120 center=5120 R=4 crit=0.273 pot=0.7540)
phyopt: rejected (map area 3995.85->3995.85, delay 13.00->13.00).
phyopt: finished round 1/1.
phyopt: partition summary (tried/accepted):
  high : 23 / 26
  low  : 5 / 33
  mid  : 11 / 33
phyopt: per-part seed coverage (topK means top-5 potential within processed seeds):
  high: seeds=35 tried=26(74.3%) accepted=23(88.5%) skipped(marked=6,low_slack=0) topK(tried=5/5 accepted=5 hit=100.0%)
  low: seeds=35 tried=33(94.3%) accepted=5(15.2%) skipped(marked=2,low_slack=0) topK(tried=4/5 accepted=1 hit=25.0%)
  mid: seeds=35 tried=33(94.3%) accepted=11(33.3%) skipped(marked=2,low_slack=0) topK(tried=5/5 accepted=1 hit=20.0%)
phyopt: rejection reason breakdown:
  - runtime_or_eval_fail : 3
  - policy_tradeoff_reject : 35
  - delay_worse : 0
  - area_worse : 18
  - area_and_delay_worse : 0
  - low_part_delay_budget : 0
phyopt: skipped marked=10 low_slack=<0.10=0
phyopt: done, accepted=39 rejected=56 final_nodes=6936 final_levels=30.
Networks are equivalent.  Time =     0.67 sec
