======== ABC command line "source /tmp/ablation_ex216_thresh_tight_285.scr"
Warning: Detected 2 multi-output cells (for example, "FA_X1").
mapper_extract: wrote 2966 lines to "/mnt/d/My_abc_work/abc/my_work/ablation_results/ex216/ex216_thresh_tight.csv".
Loaded 2966 physical records from /mnt/d/My_abc_work/abc/my_work/ablation_results/ex216/ex216_thresh_tight.csv
Potential rebuilt: alpha(low/mid/high)=0.200/0.500/0.800 avg_struct=0.7008 avg_slack=0.2610 avg_opt_mid=0.4809
Physical records : 2966
Gate summary     : NAND=1792 AND=999 INV=175 OTHER=0
Alpha (L/M/H)    : 0.200 / 0.500 / 0.800
StructW(i/p/f/g) : 0.400 / 0.300 / 0.200 / 0.100
phyopt: start rounds=1, criticality partitions high(>=0.900)->low(<=0.200)->mid, window=16.
phyopt: objective=map(area,delay), low-part delay budget=+10% from pre-opt.
phyopt: round=1 partition sizes high=849 low=13 mid=2104.
phyopt: round=1 part=high seed=n1726(id=1726 center=1726 R=5 crit=0.900 pot=0.2800)
phyopt: rejected (map area 1572.59->1573.39, delay 12.00->12.00).
phyopt: round=1 part=high seed=n1742(id=1742 center=1742 R=5 crit=0.900 pot=0.2800)
phyopt: rejected (map area 1572.59->1573.39, delay 12.00->12.00).
phyopt: round=1 part=high seed=n1860(id=1860 center=1860 R=5 crit=0.900 pot=0.2800)
phyopt: accepted (map area 1572.59->1533.22, delay 12.00->12.00).
phyopt: round=1 part=high seed=n2004(id=2004 center=2004 R=5 crit=0.900 pot=0.2800)
phyopt: accepted (map area 1533.22->1530.83, delay 12.00->12.00).
phyopt: round=1 part=high seed=n2312(id=2312 center=2312 R=5 crit=0.900 pot=0.2800)
phyopt: accepted (map area 1530.83->1527.64, delay 12.00->12.00).
phyopt: round=1 part=high seed=n1732(id=1732 center=1732 R=5 crit=0.950 pot=0.2400)
phyopt: accepted (map area 1527.64->1527.64, delay 12.00->12.00).
phyopt: round=1 part=high seed=n2330(id=2330 center=2330 R=5 crit=0.950 pot=0.2400)
phyopt: accepted (map area 1527.64->1526.57, delay 12.00->12.00).
phyopt: round=1 part=high seed=n230(id=230 center=230 R=5 crit=0.900 pot=0.2302)
phyopt: accepted (map area 1526.57->1526.04, delay 12.00->12.00).
phyopt: round=1 part=high seed=n263(id=263 center=263 R=5 crit=0.900 pot=0.2302)
phyopt: accepted (map area 1526.04->1521.52, delay 12.00->12.00).
phyopt: round=1 part=high seed=n265(id=265 center=265 R=5 crit=0.900 pot=0.2302)
phyopt: accepted (map area 1521.52->1521.52, delay 12.00->12.00).
phyopt: round=1 part=high seed=n267(id=267 center=267 R=5 crit=0.900 pot=0.2302)
phyopt: accepted (map area 1521.52->1517.53, delay 12.00->12.00).
phyopt: round=1 part=high seed=n269(id=269 center=269 R=5 crit=0.900 pot=0.2302)
phyopt: accepted (map area 1517.53->1509.55, delay 12.00->12.00).
phyopt: round=1 part=high seed=n271(id=271 center=271 R=5 crit=0.900 pot=0.2302)
phyopt: accepted (map area 1509.55->1506.62, delay 12.00->12.00).
phyopt: round=1 part=high seed=n273(id=273 center=273 R=5 crit=0.900 pot=0.2302)
phyopt: accepted (map area 1506.62->1506.09, delay 12.00->12.00).
phyopt: round=1 part=high seed=n691(id=691 center=691 R=5 crit=0.900 pot=0.2302)
phyopt: accepted (map area 1506.09->1496.25, delay 12.00->12.00).
phyopt: round=1 part=high seed=n694(id=694 center=694 R=5 crit=0.900 pot=0.2302)
phyopt: rejected (map area 1496.25->1496.78, delay 12.00->12.00).
phyopt: round=1 part=high seed=n697(id=697 center=697 R=5 crit=0.900 pot=0.2302)
phyopt: rejected (map area 1496.25->1498.11, delay 12.00->12.00).
phyopt: round=1 part=high seed=n710(id=710 center=710 R=5 crit=0.900 pot=0.2302)
phyopt: rejected (map area 1496.25->1496.52, delay 12.00->12.00).
phyopt: round=1 part=high seed=n712(id=712 center=712 R=5 crit=0.900 pot=0.2302)
phyopt: accepted (map area 1496.25->1495.45, delay 12.00->12.00).
phyopt: round=1 part=high seed=n718(id=718 center=718 R=5 crit=0.900 pot=0.2302)
phyopt: accepted (map area 1495.45->1491.46, delay 12.00->12.00).
phyopt: round=1 part=high seed=n1001(id=1001 center=1001 R=5 crit=0.900 pot=0.2302)
phyopt: rejected (map area 1491.46->1492.53, delay 12.00->12.00).
phyopt: round=1 part=high seed=n1004(id=1004 center=1004 R=5 crit=0.900 pot=0.2302)
phyopt: accepted (map area 1491.46->1491.20, delay 12.00->12.00).
phyopt: round=1 part=high seed=n1014(id=1014 center=1014 R=5 crit=0.900 pot=0.2302)
phyopt: accepted (map area 1491.20->1490.13, delay 12.00->12.00).
phyopt: round=1 part=low seed=n2036(id=2036 center=2036 R=3 crit=0.000 pot=0.8009)
phyopt: rejected (map area 1490.13->1490.66, delay 12.00->12.00).
phyopt: round=1 part=low seed=n2037(id=2037 center=2037 R=3 crit=0.000 pot=0.8009)
phyopt: accepted (map area 1490.13->1489.87, delay 12.00->12.00).
phyopt: round=1 part=low seed=n893(id=893 center=893 R=3 crit=0.050 pot=0.7909)
phyopt: accepted (map area 1489.87->1489.60, delay 12.00->12.00).
phyopt: round=1 part=low seed=n740(id=740 center=740 R=3 crit=0.150 pot=0.7709)
phyopt: rejected (map area 1489.60->1489.60, delay 12.00->12.00).
phyopt: round=1 part=low seed=n741(id=741 center=741 R=3 crit=0.150 pot=0.7709)
phyopt: rejected (map area 1489.60->1495.98, delay 12.00->12.00).
phyopt: round=1 part=low seed=n746(id=746 center=746 R=3 crit=0.150 pot=0.7709)
phyopt: rejected (map area 1489.60->1496.78, delay 12.00->12.00).
phyopt: round=1 part=low seed=n428(id=428 center=428 R=3 crit=0.200 pot=0.7609)
phyopt: accepted (map area 1489.60->1489.33, delay 12.00->12.00).
phyopt: round=1 part=low seed=n431(id=431 center=431 R=3 crit=0.200 pot=0.7609)
phyopt: rejected (map area 1489.33->1489.33, delay 12.00->12.00).
phyopt: round=1 part=low seed=n2067(id=2067 center=2067 R=3 crit=0.200 pot=0.7609)
phyopt: accepted (map area 1489.33->1489.07, delay 12.00->12.00).
phyopt: round=1 part=low seed=n2192(id=2192 center=2192 R=3 crit=0.200 pot=0.7609)
phyopt: rejected (map area 1489.07->1489.07, delay 12.00->12.00).
phyopt: round=1 part=low seed=n2219(id=2219 center=2219 R=3 crit=0.200 pot=0.7609)
phyopt: rejected (map area 1489.07->1489.07, delay 12.00->12.00).
phyopt: round=1 part=mid seed=n643(id=643 center=643 R=4 crit=0.350 pot=0.8250)
phyopt: rejected (map area 1489.07->1489.07, delay 12.00->12.00).
phyopt: round=1 part=mid seed=n844(id=844 center=844 R=4 crit=0.350 pot=0.8250)
phyopt: rejected (map area 1489.07->1489.60, delay 12.00->12.00).
phyopt: round=1 part=mid seed=n1574(id=1574 center=1574 R=4 crit=0.350 pot=0.8250)
phyopt: rejected (map area 1489.07->1489.07, delay 12.00->12.00).
phyopt: round=1 part=mid seed=n2226(id=2226 center=2226 R=4 crit=0.350 pot=0.8250)
phyopt: accepted (map area 1489.07->1486.67, delay 12.00->12.00).
phyopt: round=1 part=mid seed=n2251(id=2251 center=2251 R=4 crit=0.350 pot=0.8250)
phyopt: rejected (map area 1486.67->1486.67, delay 12.00->12.00).
phyopt: round=1 part=mid seed=n758(id=758 center=758 R=4 crit=0.400 pot=0.8000)
phyopt: rejected (map area 1486.67->1486.67, delay 12.00->12.00).
phyopt: round=1 part=mid seed=n2223(id=2223 center=2223 R=4 crit=0.400 pot=0.8000)
phyopt: rejected (map area 1486.67->1486.67, delay 12.00->12.00).
phyopt: round=1 part=mid seed=n149(id=149 center=149 R=4 crit=0.450 pot=0.7750)
phyopt: accepted (map area 1486.67->1486.14, delay 12.00->12.00).
phyopt: round=1 part=mid seed=n995(id=995 center=995 R=4 crit=0.450 pot=0.7750)
phyopt: rejected (map area 1486.14->1486.14, delay 12.00->12.00).
phyopt: round=1 part=mid seed=n1097(id=1097 center=1097 R=4 crit=0.450 pot=0.7750)
phyopt: rejected (map area 1486.14->1488.80, delay 12.00->12.00).
phyopt: round=1 part=mid seed=n1155(id=1155 center=1155 R=4 crit=0.450 pot=0.7750)
phyopt: accepted (map area 1486.14->1485.08, delay 12.00->12.00).
phyopt: round=1 part=mid seed=n429(id=429 center=429 R=4 crit=0.250 pot=0.7506)
phyopt: rejected (map area 1485.08->1485.08, delay 12.00->12.00).
phyopt: round=1 part=mid seed=n433(id=433 center=433 R=4 crit=0.250 pot=0.7506)
phyopt: accepted (map area 1485.08->1484.81, delay 12.00->12.00).
phyopt: round=1 part=mid seed=n470(id=470 center=470 R=4 crit=0.250 pot=0.7506)
phyopt: rejected (map area 1484.81->1484.81, delay 12.00->12.00).
phyopt: round=1 part=mid seed=n471(id=471 center=471 R=4 crit=0.250 pot=0.7506)
phyopt: accepted (map area 1484.81->1483.22, delay 12.00->12.00).
phyopt: round=1 part=mid seed=n745(id=745 center=745 R=4 crit=0.250 pot=0.7506)
phyopt: rejected (map area 1483.22->1491.46, delay 12.00->12.00).
phyopt: round=1 part=mid seed=n747(id=747 center=747 R=4 crit=0.250 pot=0.7506)
phyopt: rejected (map area 1483.22->1487.47, delay 12.00->12.00).
phyopt: round=1 part=mid seed=n748(id=748 center=748 R=4 crit=0.250 pot=0.7506)
phyopt: rejected (map area 1483.22->1483.75, delay 12.00->12.00).
phyopt: round=1 part=mid seed=n924(id=924 center=924 R=4 crit=0.250 pot=0.7506)
phyopt: rejected (map area 1483.22->1483.48, delay 12.00->12.00).
phyopt: round=1 part=mid seed=n1201(id=1201 center=1201 R=4 crit=0.250 pot=0.7506)
phyopt: rejected (map area 1483.22->1483.22, delay 12.00->12.00).
phyopt: round=1 part=mid seed=n2039(id=2039 center=2039 R=4 crit=0.250 pot=0.7506)
phyopt: rejected (map area 1483.22->1484.81, delay 12.00->12.00).
phyopt: round=1 part=mid seed=n2040(id=2040 center=2040 R=4 crit=0.250 pot=0.7506)
phyopt: rejected (map area 1483.22->1483.22, delay 12.00->12.00).
phyopt: round=1 part=mid seed=n2041(id=2041 center=2041 R=4 crit=0.250 pot=0.7506)
phyopt: accepted (map area 1483.22->1481.35, delay 12.00->12.00).
phyopt: round=1 part=mid seed=n2190(id=2190 center=2190 R=4 crit=0.250 pot=0.7506)
phyopt: rejected (map area 1481.35->1481.89, delay 12.00->12.00).
phyopt: round=1 part=mid seed=n2201(id=2201 center=2201 R=4 crit=0.250 pot=0.7506)
phyopt: accepted (map area 1481.35->1480.82, delay 12.00->12.00).
phyopt: round=1 part=mid seed=n2203(id=2203 center=2203 R=4 crit=0.250 pot=0.7506)
phyopt: rejected (map area 1480.82->1481.35, delay 12.00->12.00).
phyopt: finished round 1/1.
phyopt: partition summary (tried/accepted):
  high : 17 / 23
  low  : 4 / 11
  mid  : 7 / 26
phyopt: per-part seed coverage (topK means top-5 potential within processed seeds):
  high: seeds=30 tried=23(76.7%) accepted=17(73.9%) skipped(marked=7,low_slack=0) topK(tried=5/5 accepted=3 hit=60.0%)
  low: seeds=13 tried=11(84.6%) accepted=4(36.4%) skipped(marked=2,low_slack=0) topK(tried=4/5 accepted=2 hit=50.0%)
  mid: seeds=30 tried=26(86.7%) accepted=7(26.9%) skipped(marked=4,low_slack=0) topK(tried=5/5 accepted=1 hit=20.0%)
phyopt: rejection reason breakdown:
  - runtime_or_eval_fail : 0
  - policy_tradeoff_reject : 14
  - delay_worse : 0
  - area_worse : 18
  - area_and_delay_worse : 0
  - low_part_delay_budget : 0
phyopt: skipped marked=13 low_slack=<0.10=0
phyopt: done, accepted=28 rejected=32 final_nodes=2616 final_levels=25.
Networks are equivalent.  Time =     0.19 sec
