======== ABC command line "source /tmp/ablation_c3540_thresh_loose_287.scr"
Warning: Detected 2 multi-output cells (for example, "FA_X1").
mapper_extract: wrote 1157 lines to "/mnt/d/My_abc_work/abc/my_work/ablation_results/c3540/c3540_thresh_loose.csv".
Loaded 1157 physical records from /mnt/d/My_abc_work/abc/my_work/ablation_results/c3540/c3540_thresh_loose.csv
Potential rebuilt: alpha(low/mid/high)=0.200/0.500/0.800 avg_struct=0.6703 avg_slack=0.1601 avg_opt_mid=0.4152
Physical records : 1157
Gate summary     : NAND=668 AND=325 INV=164 OTHER=0
Alpha (L/M/H)    : 0.200 / 0.500 / 0.800
StructW(i/p/f/g) : 0.400 / 0.300 / 0.200 / 0.100
phyopt: start rounds=1, criticality partitions high(>=0.700)->low(<=0.400)->mid, window=16.
phyopt: objective=map(area,delay), low-part delay budget=+10% from pre-opt.
phyopt: round=1 partition sizes high=881 low=20 mid=256.
phyopt: round=1 part=high seed=n176(id=176 center=176 R=5 crit=0.750 pot=0.4000)
phyopt: accepted (map area 633.35->620.05, delay 18.00->18.00).
phyopt: round=1 part=high seed=n928(id=928 center=928 R=5 crit=0.750 pot=0.4000)
phyopt: rejected (map area 620.05->607.28, delay 18.00->19.00).
phyopt: round=1 part=high seed=n566(id=566 center=566 R=5 crit=0.700 pot=0.3902)
phyopt: rejected (map area 620.05->624.83, delay 18.00->18.00).
phyopt: round=1 part=high seed=n583(id=583 center=583 R=5 crit=0.700 pot=0.3902)
phyopt: accepted (map area 620.05->602.49, delay 18.00->18.00).
phyopt: round=1 part=high seed=n698(id=698 center=698 R=5 crit=0.700 pot=0.3902)
phyopt: rejected (map area 602.49->622.97, delay 18.00->18.00).
phyopt: round=1 part=high seed=n726(id=726 center=726 R=5 crit=0.700 pot=0.3902)
phyopt: rejected (map area 602.49->622.17, delay 18.00->18.00).
phyopt: round=1 part=high seed=n727(id=727 center=727 R=5 crit=0.700 pot=0.3902)
phyopt: rejected (map area 602.49->603.29, delay 18.00->18.00).
phyopt: round=1 part=high seed=n728(id=728 center=728 R=5 crit=0.700 pot=0.3902)
phyopt: rejected (map area 602.49->605.68, delay 18.00->18.00).
phyopt: round=1 part=high seed=n1002(id=1002 center=1002 R=5 crit=0.700 pot=0.3902)
phyopt: accepted (map area 602.49->602.49, delay 18.00->18.00).
phyopt: round=1 part=high seed=n1032(id=1032 center=1032 R=5 crit=0.700 pot=0.3902)
phyopt: rejected (map area 602.49->624.30, delay 18.00->18.00).
phyopt: round=1 part=high seed=n1033(id=1033 center=1033 R=5 crit=0.700 pot=0.3902)
phyopt: accepted (map area 602.49->602.22, delay 18.00->18.00).
phyopt: round=1 part=high seed=n165(id=165 center=165 R=5 crit=0.775 pot=0.3800)
phyopt: rejected (map area 602.22->629.62, delay 18.00->18.00).
phyopt: round=1 part=high seed=n191(id=191 center=191 R=5 crit=0.775 pot=0.3800)
phyopt: rejected (map area 602.22->629.36, delay 18.00->18.00).
phyopt: round=1 part=high seed=n932(id=932 center=932 R=5 crit=0.725 pot=0.3702)
phyopt: rejected (map area 602.22->612.60, delay 18.00->19.00).
phyopt: round=1 part=high seed=n965(id=965 center=965 R=5 crit=0.725 pot=0.3702)
phyopt: rejected (map area 602.22->622.97, delay 18.00->18.00).
phyopt: round=1 part=high seed=n966(id=966 center=966 R=5 crit=0.725 pot=0.3702)
phyopt: accepted (map area 602.22->601.43, delay 18.00->18.00).
phyopt: round=1 part=high seed=n782(id=782 center=782 R=5 crit=0.800 pot=0.3600)
phyopt: rejected (map area 601.43->625.63, delay 18.00->18.00).
phyopt: round=1 part=high seed=n170(id=170 center=170 R=5 crit=0.750 pot=0.3502)
phyopt: rejected (map area 601.43->633.35, delay 18.00->18.00).
phyopt: round=1 part=high seed=n195(id=195 center=195 R=5 crit=0.750 pot=0.3502)
phyopt: rejected (map area 601.43->626.96, delay 18.00->18.00).
phyopt: round=1 part=high seed=n225(id=225 center=225 R=5 crit=0.750 pot=0.3502)
phyopt: accepted (map area 601.43->599.83, delay 18.00->18.00).
phyopt: round=1 part=high seed=n234(id=234 center=234 R=5 crit=0.750 pot=0.3502)
phyopt: rejected (map area 599.83->613.40, delay 18.00->18.00).
phyopt: round=1 part=high seed=n568(id=568 center=568 R=5 crit=0.750 pot=0.3502)
phyopt: rejected (map area 599.83->625.90, delay 18.00->18.00).
phyopt: round=1 part=high seed=n590(id=590 center=590 R=5 crit=0.750 pot=0.3502)
phyopt: rejected (map area 599.83->624.83, delay 18.00->18.00).
phyopt: round=1 part=high seed=n591(id=591 center=591 R=5 crit=0.750 pot=0.3502)
phyopt: rejected (map area 599.83->626.43, delay 18.00->18.00).
phyopt: round=1 part=high seed=n592(id=592 center=592 R=5 crit=0.750 pot=0.3502)
phyopt: accepted (map area 599.83->599.30, delay 18.00->18.00).
phyopt: round=1 part=high seed=n594(id=594 center=594 R=5 crit=0.750 pot=0.3502)
phyopt: rejected (map area 599.30->620.05, delay 18.00->18.00).
phyopt: round=1 part=high seed=n595(id=595 center=595 R=5 crit=0.750 pot=0.3502)
phyopt: rejected (map area 599.30->621.64, delay 18.00->18.00).
The node "n1121" with ID 1121 is not in the current network.
phyopt: skip seed=n1121 (cannot resolve center node in current AIG).
phyopt: round=1 part=low seed=n947(id=947 center=947 R=3 crit=0.350 pot=0.9300)
phyopt: rejected (map area 599.30->624.57, delay 18.00->18.00).
phyopt: round=1 part=low seed=n935(id=935 center=935 R=3 crit=0.375 pot=0.9250)
phyopt: rejected (map area 599.30->599.30, delay 18.00->18.00).
phyopt: round=1 part=low seed=n645(id=645 center=645 R=3 crit=0.275 pot=0.7458)
phyopt: rejected (map area 599.30->599.30, delay 18.00->18.00).
phyopt: round=1 part=low seed=n933(id=933 center=933 R=3 crit=0.300 pot=0.7408)
phyopt: rejected (map area 599.30->600.36, delay 18.00->18.00).
phyopt: round=1 part=low seed=n1001(id=1001 center=1001 R=3 crit=0.300 pot=0.7408)
phyopt: rejected (map area 599.30->599.56, delay 18.00->18.00).
The node "n1219" with ID 1219 is not in the current network.
phyopt: skip seed=n1219 (cannot resolve center node in current AIG).
The node "n1225" with ID 1225 is not in the current network.
phyopt: skip seed=n1225 (cannot resolve center node in current AIG).
The node "n1221" with ID 1221 is not in the current network.
phyopt: skip seed=n1221 (cannot resolve center node in current AIG).
The node "n1222" with ID 1222 is not in the current network.
phyopt: skip seed=n1222 (cannot resolve center node in current AIG).
phyopt: round=1 part=low seed=n934(id=934 center=934 R=3 crit=0.375 pot=0.7258)
phyopt: rejected (map area 599.30->600.36, delay 18.00->18.00).
The node "n1223" with ID 1223 is not in the current network.
phyopt: skip seed=n1223 (cannot resolve center node in current AIG).
The node "n1224" with ID 1224 is not in the current network.
phyopt: skip seed=n1224 (cannot resolve center node in current AIG).
The node "n1226" with ID 1226 is not in the current network.
phyopt: skip seed=n1226 (cannot resolve center node in current AIG).
The node "n1227" with ID 1227 is not in the current network.
phyopt: skip seed=n1227 (cannot resolve center node in current AIG).
The node "n1228" with ID 1228 is not in the current network.
phyopt: skip seed=n1228 (cannot resolve center node in current AIG).
phyopt: round=1 part=low seed=n644(id=644 center=644 R=3 crit=0.000 pot=0.3359)
phyopt: rejected (map area 599.30->626.16, delay 18.00->18.00).
phyopt: round=1 part=low seed=n643(id=643 center=643 R=3 crit=0.000 pot=0.2644)
phyopt: rejected (map area 599.30->626.16, delay 18.00->18.00).
phyopt: round=1 part=low seed=n642(id=642 center=642 R=3 crit=0.100 pot=0.2290)
phyopt: rejected (map area 599.30->619.51, delay 18.00->18.00).
phyopt: round=1 part=mid seed=n627(id=627 center=627 R=4 crit=0.550 pot=0.7250)
phyopt: rejected (map area 599.30->599.30, delay 18.00->18.00).
phyopt: round=1 part=mid seed=n85(id=85 center=85 R=4 crit=0.600 pot=0.7000)
phyopt: accepted (map area 599.30->599.03, delay 18.00->18.00).
phyopt: round=1 part=mid seed=n229(id=229 center=229 R=4 crit=0.600 pot=0.7000)
phyopt: accepted (map area 599.03->598.50, delay 18.00->18.00).
phyopt: round=1 part=mid seed=n733(id=733 center=733 R=4 crit=0.625 pot=0.6875)
phyopt: accepted (map area 598.50->597.17, delay 18.00->18.00).
phyopt: round=1 part=mid seed=n646(id=646 center=646 R=4 crit=0.425 pot=0.6630)
phyopt: rejected (map area 597.17->615.52, delay 18.00->18.00).
phyopt: round=1 part=mid seed=n699(id=699 center=699 R=4 crit=0.425 pot=0.6630)
phyopt: rejected (map area 597.17->611.80, delay 18.00->18.00).
phyopt: round=1 part=mid seed=n700(id=700 center=700 R=4 crit=0.425 pot=0.6630)
phyopt: rejected (map area 597.17->625.37, delay 18.00->18.00).
phyopt: round=1 part=mid seed=n701(id=701 center=701 R=4 crit=0.425 pot=0.6630)
phyopt: accepted (map area 597.17->592.91, delay 18.00->18.00).
phyopt: round=1 part=mid seed=n702(id=702 center=702 R=4 crit=0.425 pot=0.6630)
phyopt: rejected (map area 592.91->596.37, delay 18.00->18.00).
phyopt: round=1 part=mid seed=n703(id=703 center=703 R=4 crit=0.425 pot=0.6630)
phyopt: rejected (map area 592.91->597.44, delay 18.00->18.00).
phyopt: round=1 part=mid seed=n706(id=706 center=706 R=4 crit=0.425 pot=0.6630)
phyopt: accepted (map area 592.91->584.67, delay 18.00->18.00).
phyopt: round=1 part=mid seed=n708(id=708 center=708 R=4 crit=0.425 pot=0.6630)
phyopt: accepted (map area 584.67->583.60, delay 18.00->18.00).
phyopt: round=1 part=mid seed=n713(id=713 center=713 R=4 crit=0.425 pot=0.6630)
phyopt: rejected (map area 583.60->598.23, delay 18.00->18.00).
phyopt: round=1 part=mid seed=n714(id=714 center=714 R=4 crit=0.425 pot=0.6630)
phyopt: rejected (map area 583.60->598.23, delay 18.00->18.00).
phyopt: round=1 part=mid seed=n715(id=715 center=715 R=4 crit=0.425 pot=0.6630)
phyopt: rejected (map area 583.60->598.23, delay 18.00->18.00).
phyopt: round=1 part=mid seed=n716(id=716 center=716 R=4 crit=0.425 pot=0.6630)
phyopt: rejected (map area 583.60->583.87, delay 18.00->18.00).
phyopt: round=1 part=mid seed=n717(id=717 center=717 R=4 crit=0.425 pot=0.6630)
phyopt: rejected (map area 583.60->598.23, delay 18.00->18.00).
phyopt: round=1 part=mid seed=n718(id=718 center=718 R=4 crit=0.425 pot=0.6630)
phyopt: rejected (map area 583.60->598.23, delay 18.00->18.00).
phyopt: round=1 part=mid seed=n720(id=720 center=720 R=4 crit=0.425 pot=0.6630)
phyopt: rejected (map area 583.60->598.23, delay 18.00->18.00).
phyopt: round=1 part=mid seed=n1041(id=1041 center=1041 R=4 crit=0.425 pot=0.6630)
Object with ID 1041 is not a node or reg output.
Error: Extracting sequential window has failed.
Error: phyopt: local optimization failed at round 1 part 3. Rolling back.
phyopt: round=1 part=mid seed=n490(id=490 center=490 R=4 crit=0.675 pot=0.6625)
phyopt: rejected (map area 583.60->584.40, delay 18.00->18.00).
phyopt: round=1 part=mid seed=n83(id=83 center=83 R=4 crit=0.450 pot=0.6505)
phyopt: rejected (map area 583.60->583.60, delay 18.00->18.00).
phyopt: round=1 part=mid seed=n84(id=84 center=84 R=4 crit=0.450 pot=0.6505)
phyopt: rejected (map area 583.60->607.81, delay 18.00->18.00).
phyopt: round=1 part=mid seed=n90(id=90 center=90 R=4 crit=0.450 pot=0.6505)
phyopt: rejected (map area 583.60->607.81, delay 18.00->18.00).
phyopt: round=1 part=mid seed=n705(id=705 center=705 R=4 crit=0.450 pot=0.6505)
phyopt: rejected (map area 583.60->584.67, delay 18.00->18.00).
phyopt: round=1 part=mid seed=n710(id=710 center=710 R=4 crit=0.450 pot=0.6505)
phyopt: rejected (map area 583.60->620.84, delay 18.00->18.00).
phyopt: round=1 part=mid seed=n711(id=711 center=711 R=4 crit=0.450 pot=0.6505)
phyopt: rejected (map area 583.60->597.97, delay 18.00->18.00).
phyopt: finished round 1/1.
phyopt: partition summary (tried/accepted):
  high : 7 / 27
  low  : 0 / 9
  mid  : 6 / 27
phyopt: per-part seed coverage (topK means top-5 potential within processed seeds):
  high: seeds=30 tried=27(90.0%) accepted=7(25.9%) skipped(marked=3,low_slack=0) topK(tried=5/5 accepted=2 hit=40.0%)
  low: seeds=20 tried=9(45.0%) accepted=0(0.0%) skipped(marked=1,low_slack=0) topK(tried=3/5 accepted=0 hit=0.0%)
  mid: seeds=30 tried=27(90.0%) accepted=6(22.2%) skipped(marked=3,low_slack=0) topK(tried=5/5 accepted=3 hit=60.0%)
phyopt: rejection reason breakdown:
  - runtime_or_eval_fail : 11
  - policy_tradeoff_reject : 4
  - delay_worse : 1
  - area_worse : 43
  - area_and_delay_worse : 1
  - low_part_delay_budget : 0
phyopt: skipped marked=7 low_slack=<0.10=0
phyopt: done, accepted=13 rejected=60 final_nodes=972 final_levels=39.
Networks are equivalent.  Time =     0.10 sec
