======== ABC command line "source /tmp/ablation_c3540_no_inv_chain_287.scr"
Warning: Detected 2 multi-output cells (for example, "FA_X1").
mapper_extract: wrote 1157 lines to "/mnt/d/My_abc_work/abc/my_work/ablation_results/c3540/c3540_no_inv_chain.csv".
Loaded 1157 physical records from /mnt/d/My_abc_work/abc/my_work/ablation_results/c3540/c3540_no_inv_chain.csv
Potential rebuilt: alpha(low/mid/high)=0.200/0.500/0.800 avg_struct=0.8168 avg_slack=0.1601 avg_opt_mid=0.4884
Physical records : 1157
Gate summary     : NAND=668 AND=325 INV=164 OTHER=0
Alpha (L/M/H)    : 0.200 / 0.500 / 0.800
StructW(i/p/f/g) : 0.000 / 0.500 / 0.333 / 0.167
phyopt: start rounds=1, criticality partitions high(>=0.800)->low(<=0.300)->mid, window=16.
phyopt: objective=map(area,delay), low-part delay budget=+10% from pre-opt.
phyopt: round=1 partition sizes high=799 low=8 mid=350.
phyopt: round=1 part=high seed=n636(id=636 center=636 R=5 crit=0.800 pot=0.3600)
phyopt: rejected (map area 633.35->642.92, delay 18.00->18.00).
phyopt: round=1 part=high seed=n729(id=729 center=729 R=5 crit=0.800 pot=0.3600)
phyopt: rejected (map area 633.35->634.68, delay 18.00->18.00).
phyopt: round=1 part=high seed=n972(id=972 center=972 R=5 crit=0.800 pot=0.3600)
phyopt: accepted (map area 633.35->633.35, delay 18.00->18.00).
phyopt: round=1 part=high seed=n756(id=756 center=756 R=5 crit=0.800 pot=0.3430)
phyopt: accepted (map area 633.35->633.35, delay 18.00->18.00).
phyopt: round=1 part=high seed=n634(id=634 center=634 R=5 crit=0.825 pot=0.3400)
phyopt: accepted (map area 633.35->628.82, delay 18.00->18.00).
phyopt: round=1 part=high seed=n730(id=730 center=730 R=5 crit=0.825 pot=0.3400)
phyopt: rejected (map area 628.82->629.89, delay 18.00->18.00).
phyopt: round=1 part=high seed=n731(id=731 center=731 R=5 crit=0.825 pot=0.3400)
phyopt: rejected (map area 628.82->639.46, delay 18.00->18.00).
phyopt: round=1 part=high seed=n732(id=732 center=732 R=5 crit=0.825 pot=0.3400)
phyopt: accepted (map area 628.82->627.23, delay 18.00->18.00).
phyopt: round=1 part=high seed=n734(id=734 center=734 R=5 crit=0.825 pot=0.3400)
phyopt: accepted (map area 627.23->626.70, delay 18.00->18.00).
phyopt: round=1 part=high seed=n1042(id=1042 center=1042 R=5 crit=0.825 pot=0.3400)
Object with ID 1042 is not a node or reg output.
Error: Extracting sequential window has failed.
Error: phyopt: local optimization failed at round 1 part 1. Rolling back.
The node "n1071" with ID 1071 is not in the current network.
phyopt: skip seed=n1071 (cannot resolve center node in current AIG).
The node "n1072" with ID 1072 is not in the current network.
phyopt: skip seed=n1072 (cannot resolve center node in current AIG).
The node "n1073" with ID 1073 is not in the current network.
phyopt: skip seed=n1073 (cannot resolve center node in current AIG).
The node "n1125" with ID 1125 is not in the current network.
phyopt: skip seed=n1125 (cannot resolve center node in current AIG).
phyopt: round=1 part=high seed=n800(id=800 center=800 R=5 crit=0.825 pot=0.3230)
phyopt: rejected (map area 626.70->629.09, delay 18.00->18.00).
phyopt: round=1 part=high seed=n907(id=907 center=907 R=5 crit=0.825 pot=0.3230)
phyopt: accepted (map area 626.70->622.17, delay 18.00->18.00).
phyopt: round=1 part=high seed=n379(id=379 center=379 R=5 crit=0.850 pot=0.3200)
phyopt: accepted (map area 622.17->615.79, delay 18.00->18.00).
phyopt: round=1 part=high seed=n435(id=435 center=435 R=5 crit=0.850 pot=0.3200)
phyopt: accepted (map area 615.79->615.26, delay 18.00->18.00).
phyopt: round=1 part=high seed=n471(id=471 center=471 R=5 crit=0.850 pot=0.3200)
phyopt: accepted (map area 615.26->610.47, delay 18.00->18.00).
phyopt: round=1 part=high seed=n521(id=521 center=521 R=5 crit=0.850 pot=0.3200)
phyopt: rejected (map area 610.47->620.31, delay 18.00->18.00).
phyopt: round=1 part=high seed=n555(id=555 center=555 R=5 crit=0.850 pot=0.3200)
phyopt: rejected (map area 610.47->616.32, delay 18.00->18.00).
phyopt: round=1 part=high seed=n556(id=556 center=556 R=5 crit=0.850 pot=0.3200)
phyopt: rejected (map area 610.47->615.79, delay 18.00->18.00).
phyopt: round=1 part=high seed=n557(id=557 center=557 R=5 crit=0.850 pot=0.3200)
phyopt: accepted (map area 610.47->610.47, delay 18.00->18.00).
phyopt: round=1 part=high seed=n666(id=666 center=666 R=5 crit=0.850 pot=0.3200)
phyopt: accepted (map area 610.47->601.96, delay 18.00->18.00).
phyopt: round=1 part=high seed=n735(id=735 center=735 R=5 crit=0.850 pot=0.3200)
phyopt: rejected (map area 601.96->606.48, delay 18.00->18.00).
phyopt: round=1 part=high seed=n736(id=736 center=736 R=5 crit=0.850 pot=0.3200)
phyopt: accepted (map area 601.96->601.96, delay 18.00->18.00).
phyopt: round=1 part=low seed=n645(id=645 center=645 R=3 crit=0.275 pot=0.9450)
phyopt: accepted (map area 601.96->601.16, delay 18.00->18.00).
phyopt: round=1 part=low seed=n925(id=925 center=925 R=3 crit=0.300 pot=0.9400)
phyopt: rejected (map area 601.16->604.35, delay 18.00->18.00).
phyopt: round=1 part=low seed=n933(id=933 center=933 R=3 crit=0.300 pot=0.9400)
phyopt: rejected (map area 601.16->601.16, delay 18.00->18.00).
phyopt: round=1 part=low seed=n1001(id=1001 center=1001 R=3 crit=0.300 pot=0.9400)
phyopt: rejected (map area 601.16->601.16, delay 18.00->18.00).
The node "n1121" with ID 1121 is not in the current network.
phyopt: skip seed=n1121 (cannot resolve center node in current AIG).
phyopt: round=1 part=low seed=n644(id=644 center=644 R=3 crit=0.000 pot=0.3810)
phyopt: rejected (map area 601.16->601.16, delay 18.00->18.00).
phyopt: round=1 part=low seed=n643(id=643 center=643 R=3 crit=0.000 pot=0.2857)
phyopt: rejected (map area 601.16->601.16, delay 18.00->18.00).
phyopt: round=1 part=low seed=n642(id=642 center=642 R=3 crit=0.100 pot=0.2453)
phyopt: rejected (map area 601.16->605.42, delay 18.00->18.00).
The node "n1219" with ID 1219 is not in the current network.
phyopt: skip seed=n1219 (cannot resolve center node in current AIG).
The node "n1225" with ID 1225 is not in the current network.
phyopt: skip seed=n1225 (cannot resolve center node in current AIG).
The node "n1221" with ID 1221 is not in the current network.
phyopt: skip seed=n1221 (cannot resolve center node in current AIG).
The node "n1222" with ID 1222 is not in the current network.
phyopt: skip seed=n1222 (cannot resolve center node in current AIG).
phyopt: round=1 part=mid seed=n934(id=934 center=934 R=4 crit=0.375 pot=0.8125)
phyopt: rejected (map area 601.16->607.28, delay 18.00->18.00).
The node "n1223" with ID 1223 is not in the current network.
phyopt: skip seed=n1223 (cannot resolve center node in current AIG).
The node "n1224" with ID 1224 is not in the current network.
phyopt: skip seed=n1224 (cannot resolve center node in current AIG).
The node "n1226" with ID 1226 is not in the current network.
phyopt: skip seed=n1226 (cannot resolve center node in current AIG).
The node "n1227" with ID 1227 is not in the current network.
phyopt: skip seed=n1227 (cannot resolve center node in current AIG).
The node "n1228" with ID 1228 is not in the current network.
phyopt: skip seed=n1228 (cannot resolve center node in current AIG).
phyopt: round=1 part=mid seed=n646(id=646 center=646 R=4 crit=0.425 pot=0.7875)
phyopt: rejected (map area 601.16->605.68, delay 18.00->18.00).
phyopt: round=1 part=mid seed=n699(id=699 center=699 R=4 crit=0.425 pot=0.7875)
phyopt: rejected (map area 601.16->601.69, delay 18.00->18.00).
phyopt: round=1 part=mid seed=n700(id=700 center=700 R=4 crit=0.425 pot=0.7875)
phyopt: rejected (map area 601.16->602.22, delay 18.00->18.00).
phyopt: round=1 part=mid seed=n701(id=701 center=701 R=4 crit=0.425 pot=0.7875)
phyopt: rejected (map area 601.16->601.69, delay 18.00->18.00).
phyopt: round=1 part=mid seed=n702(id=702 center=702 R=4 crit=0.425 pot=0.7875)
phyopt: rejected (map area 601.16->607.28, delay 18.00->18.00).
phyopt: round=1 part=mid seed=n703(id=703 center=703 R=4 crit=0.425 pot=0.7875)
phyopt: rejected (map area 601.16->607.54, delay 18.00->18.00).
phyopt: round=1 part=mid seed=n704(id=704 center=704 R=4 crit=0.425 pot=0.7875)
phyopt: rejected (map area 601.16->611.27, delay 18.00->18.00).
phyopt: round=1 part=mid seed=n706(id=706 center=706 R=4 crit=0.425 pot=0.7875)
phyopt: accepted (map area 601.16->599.56, delay 18.00->18.00).
phyopt: round=1 part=mid seed=n708(id=708 center=708 R=4 crit=0.425 pot=0.7875)
phyopt: accepted (map area 599.56->599.03, delay 18.00->18.00).
phyopt: round=1 part=mid seed=n713(id=713 center=713 R=4 crit=0.425 pot=0.7875)
phyopt: rejected (map area 599.03->601.69, delay 18.00->18.00).
phyopt: round=1 part=mid seed=n714(id=714 center=714 R=4 crit=0.425 pot=0.7875)
phyopt: accepted (map area 599.03->597.44, delay 18.00->18.00).
phyopt: round=1 part=mid seed=n716(id=716 center=716 R=4 crit=0.425 pot=0.7875)
phyopt: rejected (map area 597.44->627.49, delay 18.00->18.00).
phyopt: round=1 part=mid seed=n717(id=717 center=717 R=4 crit=0.425 pot=0.7875)
phyopt: rejected (map area 597.44->615.52, delay 18.00->18.00).
phyopt: round=1 part=mid seed=n718(id=718 center=718 R=4 crit=0.425 pot=0.7875)
phyopt: rejected (map area 597.44->615.52, delay 18.00->18.00).
phyopt: round=1 part=mid seed=n720(id=720 center=720 R=4 crit=0.425 pot=0.7875)
phyopt: rejected (map area 597.44->616.32, delay 18.00->18.00).
The node "n1041" with ID 1041 is not in the current network.
phyopt: skip seed=n1041 (cannot resolve center node in current AIG).
phyopt: round=1 part=mid seed=n83(id=83 center=83 R=4 crit=0.450 pot=0.7750)
phyopt: rejected (map area 597.44->625.63, delay 18.00->18.00).
phyopt: round=1 part=mid seed=n84(id=84 center=84 R=4 crit=0.450 pot=0.7750)
phyopt: accepted (map area 597.44->597.17, delay 18.00->18.00).
phyopt: finished round 1/1.
phyopt: partition summary (tried/accepted):
  high : 12 / 22
  low  : 1 / 7
  mid  : 4 / 18
phyopt: per-part seed coverage (topK means top-5 potential within processed seeds):
  high: seeds=30 tried=22(73.3%) accepted=12(54.5%) skipped(marked=4,low_slack=0) topK(tried=5/5 accepted=3 hit=60.0%)
  low: seeds=8 tried=7(87.5%) accepted=1(14.3%) skipped(marked=0,low_slack=0) topK(tried=4/5 accepted=1 hit=25.0%)
  mid: seeds=30 tried=18(60.0%) accepted=4(22.2%) skipped(marked=2,low_slack=0) topK(tried=1/5 accepted=0 hit=0.0%)
phyopt: rejection reason breakdown:
  - runtime_or_eval_fail : 16
  - policy_tradeoff_reject : 4
  - delay_worse : 0
  - area_worse : 25
  - area_and_delay_worse : 0
  - low_part_delay_budget : 0
phyopt: skipped marked=6 low_slack=<0.10=0
phyopt: done, accepted=17 rejected=45 final_nodes=958 final_levels=40.
Networks are equivalent.  Time =     0.10 sec
