======== ABC command line "source /tmp/dyn_ex245_015_14097.scr"
Library "NangateOpenCellLibrary" from "/mnt/d/My_abc_work/abc/my_work/c17_work/NangateOpenCellLibrary_typical.lib" has 90 cells (45 skipped: 21 seq; 6 tri-state; 8 no func; 10 dont_use; 0 with 2 outputs; 0 with 3+ outputs).  Time =     0.09 sec
Warning: Detected 2 multi-output cells (for example, "FA_X1").
mapper_extract: wrote 775 lines to "/mnt/d/My_abc_work/abc/my_work/dynamic_scheduler_work/result/run_ex245015_heur_default_20260414/ex245_015/ex245_015_cfg_winvpair_base.csv".
Loaded 775 physical records from /mnt/d/My_abc_work/abc/my_work/dynamic_scheduler_work/result/run_ex245015_heur_default_20260414/ex245_015/ex245_015_cfg_winvpair_base.csv
Potential rebuilt: alpha(low/mid/high)=0.300/0.500/0.800 avg_struct=0.6522 avg_slack=0.2850 avg_opt=0.4208
Physical records : 775
Gate summary     : NAND=453 AND=184 INV=138 OTHER=0
Alpha (L/M/H)    : 0.300 / 0.500 / 0.800
StructW(i/p/f/g) : 0.500 / 0.400 / 0.050 / 0.050
phyopt: start rounds=1, criticality partitions high(>=0.900)->low(<=0.250)->mid, window=16, mode=dynamic.
phyopt: objective=map(area,delay), low-part delay budget=+10% from pre-opt.
phyopt: dynamic scheduler enabled (init=15%, leader=5%, probe=1%, part-stop=10, global-stop=2, L2=off, L2-topk-init=2, L2-topk-step=1).
phyopt: funnel L0=on(keep=80%) L1=on(init=0.200 target=0.45 warmup=12 min_try=16).
phyopt: micro-model off (loaded=no, samples=0, blendL0=0.45, blendL1=0.30, keep_target=28% [35%,95%]).
phyopt: round=1 partition sizes high=222 low=17 mid=536.
phyopt: part=high seed=n288(id=288 center=288 R=5 crit=0.900 pot=0.2800)
phyopt: rejected (map area 536.60->514.73, delay 273.62->282.65).
phyopt: part=high seed=n364(id=364 center=364 R=5 crit=0.900 pot=0.2800)
phyopt: rejected (map area 536.60->507.88, delay 273.62->283.83).
phyopt: part=high seed=n496(id=496 center=496 R=5 crit=0.900 pot=0.2800)
phyopt: rejected (map area 536.60->538.27, delay 273.62->274.38).
phyopt: part=high seed=n541(id=541 center=541 R=5 crit=0.900 pot=0.2800)
phyopt: accepted (map area 536.60->524.93, delay 273.62->273.62).
phyopt: part=high seed=n655(id=655 center=655 R=5 crit=0.900 pot=0.2800)
Object with ID 655 is not a node or reg output.
Error: Extracting sequential window has failed.
Error: phyopt: local optimization failed. Rolling back.
The node "n689" with ID 689 is not in the current network.
phyopt: skip seed=n689 (cannot resolve center node in current AIG).
The node "n697" with ID 697 is not in the current network.
phyopt: skip seed=n697 (cannot resolve center node in current AIG).
The node "n700" with ID 700 is not in the current network.
phyopt: skip seed=n700 (cannot resolve center node in current AIG).
The node "n779" with ID 779 is not in the current network.
phyopt: skip seed=n779 (cannot resolve center node in current AIG).
phyopt: part=high seed=n118(id=118 center=118 R=5 crit=0.900 pot=0.2369)
phyopt: rejected (map area 524.93->514.32, delay 273.62->277.18).
phyopt: part=high seed=n119(id=119 center=119 R=5 crit=0.900 pot=0.2369)
phyopt: rejected (map area 524.93->516.08, delay 273.62->277.18).
phyopt: part=high seed=n120(id=120 center=120 R=5 crit=0.900 pot=0.2369)
phyopt: accepted (map area 524.93->524.68, delay 273.62->273.62).
phyopt: part=high seed=n127(id=127 center=127 R=5 crit=0.900 pot=0.2369)
phyopt: rejected (map area 524.68->530.26, delay 273.62->273.62).
phyopt: part=high seed=n129(id=129 center=129 R=5 crit=0.900 pot=0.2369)
phyopt: rejected (map area 524.68->512.19, delay 273.62->279.38).
phyopt: part=high seed=n138(id=138 center=138 R=5 crit=0.900 pot=0.2369)
phyopt: rejected (map area 524.68->509.99, delay 273.62->280.78).
phyopt: part=high seed=n139(id=139 center=139 R=5 crit=0.900 pot=0.2369)
phyopt: rejected (map area 524.68->507.83, delay 273.62->291.35).
phyopt: part=high seed=n224(id=224 center=224 R=5 crit=0.900 pot=0.2369)
phyopt: rejected (map area 524.68->520.68, delay 273.62->275.43).
phyopt: part=high seed=n275(id=275 center=275 R=5 crit=0.900 pot=0.2369)
phyopt: rejected (map area 524.68->524.65, delay 273.62->274.41).
phyopt: part=high seed=n366(id=366 center=366 R=5 crit=0.900 pot=0.2369)
phyopt: rejected (map area 524.68->528.35, delay 273.62->273.62).
phyopt: part=high seed=n380(id=380 center=380 R=5 crit=0.900 pot=0.2369)
phyopt: rejected (map area 524.68->524.15, delay 273.62->273.71).
phyopt: part=low seed=n427(id=427 center=427 R=3 crit=0.200 pot=0.9400)
phyopt: rejected (map area 524.68->524.68, delay 273.62->273.62).
The node "n738" with ID 738 is not in the current network.
phyopt: skip seed=n738 (cannot resolve center node in current AIG).
The node "n767" with ID 767 is not in the current network.
phyopt: skip seed=n767 (cannot resolve center node in current AIG).
phyopt: part=mid seed=n412(id=412 center=412 R=4 crit=0.300 pot=0.8500)
phyopt: rejected (map area 524.68->527.37, delay 273.62->273.66).
phyopt: part=mid seed=n580(id=580 center=580 R=4 crit=0.300 pot=0.8500)
phyopt: rejected (map area 524.68->524.95, delay 273.62->273.62).
phyopt: part=mid seed=n615(id=615 center=615 R=4 crit=0.300 pot=0.8500)
phyopt: accepted (map area 524.68->524.43, delay 273.62->273.62).
phyopt: part=mid seed=n307(id=307 center=307 R=4 crit=0.400 pot=0.8000)
phyopt: rejected (map area 524.43->532.91, delay 273.62->273.62).
phyopt: part=mid seed=n331(id=331 center=331 R=4 crit=0.400 pot=0.8000)
phyopt: rejected (map area 524.43->525.97, delay 273.62->273.62).
phyopt: part=mid seed=n485(id=485 center=485 R=4 crit=0.400 pot=0.8000)
phyopt: rejected (map area 524.43->525.48, delay 273.62->273.62).
phyopt: part=mid seed=n608(id=608 center=608 R=4 crit=0.400 pot=0.8000)
phyopt: rejected (map area 524.43->528.94, delay 273.62->273.62).
The node "n701" with ID 701 is not in the current network.
phyopt: skip seed=n701 (cannot resolve center node in current AIG).
The node "n726" with ID 726 is not in the current network.
phyopt: skip seed=n726 (cannot resolve center node in current AIG).
phyopt: part=mid seed=n78(id=78 center=78 R=4 crit=0.500 pot=0.7500)
phyopt: rejected (map area 524.43->528.67, delay 273.62->273.62).
phyopt: part=mid seed=n157(id=157 center=157 R=4 crit=0.500 pot=0.7500)
phyopt: rejected (map area 524.43->528.07, delay 273.62->273.62).
phyopt: part=mid seed=n291(id=291 center=291 R=4 crit=0.500 pot=0.7500)
phyopt: accepted (map area 524.43->520.94, delay 273.62->273.62).
phyopt: part=mid seed=n319(id=319 center=319 R=4 crit=0.500 pot=0.7500)
phyopt: rejected (map area 520.94->513.46, delay 273.62->274.76).
phyopt: part=mid seed=n394(id=394 center=394 R=4 crit=0.500 pot=0.7500)
phyopt: accepted (map area 520.94->520.09, delay 273.62->273.62).
phyopt: part=mid seed=n438(id=438 center=438 R=4 crit=0.500 pot=0.7500)
phyopt: rejected (map area 520.09->523.81, delay 273.62->273.62).
phyopt: part=mid seed=n648(id=648 center=648 R=4 crit=0.500 pot=0.7500)
phyopt: rejected (map area 520.09->520.09, delay 273.62->273.62).
The node "n791" with ID 791 is not in the current network.
phyopt: skip seed=n791 (cannot resolve center node in current AIG).
phyopt: part=mid seed=n38(id=38 center=38 R=4 crit=0.600 pot=0.7000)
phyopt: rejected (map area 520.09->531.84, delay 273.62->273.66).
phyopt: part=mid seed=n202(id=202 center=202 R=4 crit=0.600 pot=0.7000)
phyopt: rejected (map area 520.09->507.06, delay 273.62->282.00).
phyopt: part=mid seed=n211(id=211 center=211 R=4 crit=0.300 pot=0.7423)
phyopt: rejected (map area 520.09->521.15, delay 273.62->273.62).
phyopt: part=mid seed=n238(id=238 center=238 R=4 crit=0.300 pot=0.7423)
phyopt: rejected (map area 520.09->524.64, delay 273.62->273.71).
phyopt: part=mid seed=n404(id=404 center=404 R=4 crit=0.300 pot=0.7423)
phyopt: rejected (map area 520.09->508.38, delay 273.62->279.38).
phyopt: part=mid seed=n405(id=405 center=405 R=4 crit=0.300 pot=0.7423)
phyopt: rejected (map area 520.09->516.95, delay 273.62->274.84).
phyopt: part=mid seed=n428(id=428 center=428 R=4 crit=0.300 pot=0.7423)
phyopt: rejected (map area 520.09->520.09, delay 273.62->273.62).
phyopt: part=mid seed=n430(id=430 center=430 R=4 crit=0.300 pot=0.7423)
phyopt: rejected (map area 520.09->512.17, delay 273.62->274.56).
The node "n768" with ID 768 is not in the current network.
phyopt: skip seed=n768 (cannot resolve center node in current AIG).
phyopt: part=low seed=n165(id=165 center=165 R=3 crit=0.100 pot=0.8192)
phyopt: rejected (map area 520.09->528.08, delay 273.62->273.62).
phyopt: L0/L1 skips high=6/14 low=0/0 mid=17/51, L1-threshold=0.2923.
phyopt: adaptive keep high/low/mid=86%/80%/92%.
phyopt: finished round 1/1.
phyopt: partition summary (tried/accepted):
  high : 2 / 16
  low  : 0 / 2
  mid  : 3 / 22
phyopt: per-part seed coverage (topK means top-5 potential within processed seeds):
  high: seeds=222 tried=16(7.2%) accepted=2(12.5%) skipped(marked=0,low_slack=0) topK(tried=5/5 accepted=1 hit=20.0%)
  low: seeds=17 tried=2(11.8%) accepted=0(0.0%) skipped(marked=0,low_slack=0) topK(tried=1/3 accepted=0 hit=0.0%)
  mid: seeds=536 tried=22(4.1%) accepted=3(13.6%) skipped(marked=0,low_slack=0) topK(tried=5/5 accepted=1 hit=20.0%)
phyopt: rejection reason breakdown:
  - runtime_or_eval_fail : 11
  - policy_tradeoff_reject : 3
  - delay_worse : 15
  - area_worse : 12
  - area_and_delay_worse : 4
  - low_part_delay_budget : 0
phyopt: skipped marked=0 low_slack=<0.10=0
phyopt: done, accepted=5 rejected=45 final_nodes=636 final_levels=16.
[1;37m/mnt/d/My_abc_work/abc/iwls26/results/ex245_015:[0m i/o =   16/    8  lat =    0  nd =   530  edge =   1372  area =520.09  delay =273.62  lev = 11
