======== ABC command line "source /tmp/ex206_020_optimized_289.scr"
Library "NangateOpenCellLibrary" from "/mnt/d/My_abc_work/abc/my_work/c17_work/NangateOpenCellLibrary_typical.lib" has 90 cells (45 skipped: 21 seq; 6 tri-state; 8 no func; 10 dont_use; 0 with 2 outputs; 0 with 3+ outputs).  Time =     0.08 sec
Warning: Detected 2 multi-output cells (for example, "FA_X1").
mapper_extract: wrote 79375 lines to "/mnt/d/My_abc_work/abc/my_work/dynamic_scheduler_work/result/run_iwls26_model_equiv_strictdelay_20260415_154824/ex206_020/ex206_020_phy.csv".
Loaded 79375 physical records from /mnt/d/My_abc_work/abc/my_work/dynamic_scheduler_work/result/run_iwls26_model_equiv_strictdelay_20260415_154824/ex206_020/ex206_020_phy.csv
Potential rebuilt: alpha(low/mid/high)=0.300/0.500/0.800 avg_struct=0.6972 avg_slack=0.1751 avg_opt=0.3870
Physical records : 79375
Gate summary     : NAND=44716 AND=27501 INV=7158 OTHER=0
Alpha (L/M/H)    : 0.300 / 0.500 / 0.800
StructW(i/p/f/g) : 0.500 / 0.400 / 0.050 / 0.050
phyopt: start rounds=1, criticality partitions high(>=0.900)->low(<=0.250)->mid, window=16, mode=dynamic.
phyopt: objective=delay-non-regression + area minimization (delay_eps=0.001 rel_tol=0 area_eps=0.001 delay_only=off).
phyopt: dynamic scheduler enabled (init=15%, leader=5%, probe=1%, part-stop=10, global-stop=2, L2=off, L2-topk-init=2, L2-topk-step=1).
phyopt: funnel L0=on(keep=80%) L1=on(init=0.200 target=0.45 warmup=12 min_try=16).
phyopt: anneal=on(start=1.00 min=0.60 decay=0.850 keep_boost=20 l1_slack=0.200).
phyopt: case timeout enabled (180 sec).
phyopt: micro-model on (loaded=yes, samples=2100, blendL0=0.45, blendL1=0.30, keep_target=28% [35%,95%]).
phyopt: round=1 partition sizes high=23623 low=6 mid=55746.
phyopt: part=high seed=n545(id=545 center=545 R=5 crit=0.900 pot=0.2800)
phyopt: accepted (map area 47377.11->47330.62, delay 382.11->382.11).
phyopt: part=high seed=n1039(id=1039 center=1039 R=5 crit=0.900 pot=0.2800)
phyopt: rejected (map area 47330.62->47354.02, delay 382.11->382.11).
phyopt: part=high seed=n1523(id=1523 center=1523 R=5 crit=0.900 pot=0.2800)
phyopt: rejected (map area 47330.62->47351.31, delay 382.11->382.15).
phyopt: part=high seed=n1927(id=1927 center=1927 R=5 crit=0.900 pot=0.2800)
phyopt: rejected (map area 47330.62->47371.64, delay 382.11->382.11).
phyopt: part=high seed=n2097(id=2097 center=2097 R=5 crit=0.900 pot=0.2800)
phyopt: rejected (map area 47330.62->47367.55, delay 382.11->382.11).
phyopt: part=high seed=n2641(id=2641 center=2641 R=5 crit=0.900 pot=0.2800)
phyopt: rejected (map area 47330.62->46995.36, delay 382.11->384.53).
phyopt: part=high seed=n2828(id=2828 center=2828 R=5 crit=0.900 pot=0.2800)
phyopt: rejected (map area 47330.62->47334.13, delay 382.11->382.11).
phyopt: part=high seed=n3241(id=3241 center=3241 R=5 crit=0.900 pot=0.2800)
phyopt: accepted (map area 47330.62->47324.98, delay 382.11->382.11).
phyopt: part=high seed=n3309(id=3309 center=3309 R=5 crit=0.900 pot=0.2800)
phyopt: rejected (map area 47324.98->47348.80, delay 382.11->382.11).
phyopt: part=high seed=n3518(id=3518 center=3518 R=5 crit=0.900 pot=0.2800)
phyopt: accepted (map area 47324.98->47306.45, delay 382.11->382.11).
phyopt: part=high seed=n3745(id=3745 center=3745 R=5 crit=0.900 pot=0.2800)
phyopt: rejected (map area 47306.45->47328.88, delay 382.11->382.11).
phyopt: part=high seed=n3793(id=3793 center=3793 R=5 crit=0.900 pot=0.2800)
phyopt: rejected (map area 47306.45->47309.34, delay 382.11->382.11).
phyopt: part=high seed=n3802(id=3802 center=3802 R=5 crit=0.900 pot=0.2800)
phyopt: rejected (map area 47306.45->47324.28, delay 382.11->382.11).
phyopt: part=high seed=n3905(id=3905 center=3905 R=5 crit=0.900 pot=0.2800)
phyopt: rejected (map area 47306.45->47265.82, delay 382.11->382.63).
phyopt: part=high seed=n3980(id=3980 center=3980 R=5 crit=0.900 pot=0.2800)
phyopt: accepted (map area 47306.45->47300.30, delay 382.11->382.11).
phyopt: part=high seed=n4082(id=4082 center=4082 R=5 crit=0.900 pot=0.2800)
phyopt: accepted (map area 47300.30->47285.47, delay 382.11->382.11).
phyopt: part=low seed=n67430(id=67430 center=67430 R=3 crit=0.000 pot=0.8507)
phyopt: rejected (map area 47285.47->47285.47, delay 382.11->382.11).
phyopt: L0/L1 skips high=0/3528 low=0/0 mid=0/0, L1-threshold=0.2353, anneal_temp=1.000.
phyopt: adaptive keep high/low/mid=86%/74%/80%.
phyopt: finished round 1/1.
phyopt: case timeout reached, stop after current accepted network.
phyopt: partition summary (tried/accepted):
  high : 5 / 16
  low  : 0 / 1
  mid  : 0 / 0
phyopt: per-part seed coverage (topK means top-5 potential within processed seeds):
  high: seeds=23623 tried=16(0.1%) accepted=5(31.2%) skipped(marked=0,low_slack=0) topK(tried=5/5 accepted=1 hit=20.0%)
  low: seeds=6 tried=1(16.7%) accepted=0(0.0%) skipped(marked=0,low_slack=0) topK(tried=1/1 accepted=0 hit=0.0%)
  mid: seeds=55746 tried=0(0.0%) accepted=0(0.0%) skipped(marked=0,low_slack=0) topK(tried=0/5 accepted=0 hit=0.0%)
phyopt: rejection reason breakdown:
  - runtime_or_eval_fail : 0
  - policy_tradeoff_reject : 1
  - delay_worse : 0
  - area_worse : 8
  - area_and_delay_worse : 1
  - delay_guard_violation : 2
phyopt: skipped marked=0 low_slack=<0.10=0
phyopt: done, accepted=5 rejected=12 final_nodes=72216 final_levels=23.
phyopt: micro-model saved (/mnt/d/My_abc_work/abc/my_work/model/phy_micro_model_global.txt, samples=2117).
[1;37miwls26/results/ex206_020      :[0m i/o =   16/   16  lat =    0  nd = 47457  edge = 129231  area =47285.47  delay =382.11  lev = 16
