======== ABC command line "source /tmp/ablation_ex260_thresh_loose_285.scr"
Warning: Detected 2 multi-output cells (for example, "FA_X1").
mapper_extract: wrote 399 lines to "/mnt/d/My_abc_work/abc/my_work/ablation_results/ex260/ex260_thresh_loose.csv".
Loaded 399 physical records from /mnt/d/My_abc_work/abc/my_work/ablation_results/ex260/ex260_thresh_loose.csv
Potential rebuilt: alpha(low/mid/high)=0.200/0.500/0.800 avg_struct=0.6902 avg_slack=0.2041 avg_opt_mid=0.4471
Physical records : 399
Gate summary     : NAND=270 AND=91 INV=38 OTHER=0
Alpha (L/M/H)    : 0.200 / 0.500 / 0.800
StructW(i/p/f/g) : 0.400 / 0.300 / 0.200 / 0.100
phyopt: start rounds=1, criticality partitions high(>=0.700)->low(<=0.400)->mid, window=16.
phyopt: objective=map(area,delay), low-part delay budget=+10% from pre-opt.
phyopt: round=1 partition sizes high=271 low=18 mid=110.
phyopt: round=1 part=high seed=n38(id=38 center=38 R=5 crit=0.778 pot=0.3778)
phyopt: rejected (map area 212.27->212.53, delay 8.00->8.00).
phyopt: round=1 part=high seed=n168(id=168 center=168 R=5 crit=0.778 pot=0.3778)
phyopt: accepted (map area 212.27->210.94, delay 8.00->8.00).
phyopt: round=1 part=high seed=n239(id=239 center=239 R=5 crit=0.778 pot=0.3778)
phyopt: rejected (map area 210.94->212.53, delay 8.00->8.00).
phyopt: round=1 part=high seed=n347(id=347 center=347 R=5 crit=0.778 pot=0.3778)
phyopt: accepted (map area 210.94->210.14, delay 8.00->8.00).
phyopt: round=1 part=high seed=n25(id=25 center=25 R=5 crit=0.778 pot=0.3250)
phyopt: rejected (map area 210.14->210.41, delay 8.00->8.00).
phyopt: round=1 part=high seed=n33(id=33 center=33 R=5 crit=0.778 pot=0.3250)
phyopt: accepted (map area 210.14->210.14, delay 8.00->8.00).
phyopt: round=1 part=high seed=n48(id=48 center=48 R=5 crit=0.778 pot=0.3250)
phyopt: accepted (map area 210.14->210.14, delay 8.00->8.00).
phyopt: round=1 part=high seed=n65(id=65 center=65 R=5 crit=0.778 pot=0.3250)
phyopt: accepted (map area 210.14->209.87, delay 8.00->8.00).
phyopt: round=1 part=high seed=n72(id=72 center=72 R=5 crit=0.778 pot=0.3250)
phyopt: accepted (map area 209.87->209.87, delay 8.00->8.00).
phyopt: round=1 part=high seed=n85(id=85 center=85 R=5 crit=0.778 pot=0.3250)
phyopt: accepted (map area 209.87->206.42, delay 8.00->8.00).
phyopt: round=1 part=high seed=n99(id=99 center=99 R=5 crit=0.778 pot=0.3250)
phyopt: accepted (map area 206.42->206.42, delay 8.00->8.00).
phyopt: round=1 part=high seed=n169(id=169 center=169 R=5 crit=0.778 pot=0.3250)
phyopt: rejected (map area 206.42->207.21, delay 8.00->8.00).
phyopt: round=1 part=high seed=n175(id=175 center=175 R=5 crit=0.778 pot=0.3250)
phyopt: rejected (map area 206.42->207.48, delay 8.00->8.00).
phyopt: round=1 part=high seed=n176(id=176 center=176 R=5 crit=0.778 pot=0.3250)
phyopt: rejected (map area 206.42->208.01, delay 8.00->8.00).
phyopt: round=1 part=high seed=n177(id=177 center=177 R=5 crit=0.778 pot=0.3250)
phyopt: accepted (map area 206.42->206.15, delay 8.00->8.00).
phyopt: round=1 part=high seed=n236(id=236 center=236 R=5 crit=0.778 pot=0.3250)
phyopt: accepted (map area 206.15->206.15, delay 8.00->8.00).
phyopt: round=1 part=high seed=n241(id=241 center=241 R=5 crit=0.778 pot=0.3250)
phyopt: accepted (map area 206.15->206.15, delay 8.00->8.00).
phyopt: round=1 part=high seed=n262(id=262 center=262 R=5 crit=0.778 pot=0.3250)
phyopt: accepted (map area 206.15->205.88, delay 8.00->8.00).
phyopt: round=1 part=high seed=n271(id=271 center=271 R=5 crit=0.778 pot=0.3250)
phyopt: accepted (map area 205.88->202.96, delay 8.00->8.00).
phyopt: round=1 part=high seed=n273(id=273 center=273 R=5 crit=0.778 pot=0.3250)
phyopt: accepted (map area 202.96->202.96, delay 8.00->8.00).
phyopt: round=1 part=high seed=n277(id=277 center=277 R=5 crit=0.778 pot=0.3250)
phyopt: accepted (map area 202.96->201.89, delay 8.00->8.00).
phyopt: round=1 part=high seed=n279(id=279 center=279 R=5 crit=0.778 pot=0.3250)
phyopt: accepted (map area 201.89->201.63, delay 8.00->8.00).
phyopt: round=1 part=high seed=n284(id=284 center=284 R=5 crit=0.778 pot=0.3250)
phyopt: accepted (map area 201.63->201.63, delay 8.00->8.00).
phyopt: round=1 part=high seed=n286(id=286 center=286 R=5 crit=0.778 pot=0.3250)
phyopt: accepted (map area 201.63->201.63, delay 8.00->8.00).
phyopt: round=1 part=low seed=n134(id=134 center=134 R=3 crit=0.000 pot=0.7887)
phyopt: accepted (map area 201.63->200.56, delay 8.00->8.00).
phyopt: round=1 part=low seed=n152(id=152 center=152 R=3 crit=0.111 pot=0.7665)
phyopt: rejected (map area 200.56->200.56, delay 8.00->8.00).
phyopt: round=1 part=low seed=n141(id=141 center=141 R=3 crit=0.222 pot=0.7443)
phyopt: rejected (map area 200.56->200.56, delay 8.00->8.00).
phyopt: round=1 part=low seed=n142(id=142 center=142 R=3 crit=0.222 pot=0.7443)
phyopt: rejected (map area 200.56->200.56, delay 8.00->8.00).
phyopt: round=1 part=low seed=n143(id=143 center=143 R=3 crit=0.222 pot=0.7443)
phyopt: rejected (map area 200.56->200.56, delay 8.00->8.00).
phyopt: round=1 part=low seed=n155(id=155 center=155 R=3 crit=0.222 pot=0.7443)
phyopt: rejected (map area 200.56->200.56, delay 8.00->8.00).
phyopt: round=1 part=low seed=n157(id=157 center=157 R=3 crit=0.222 pot=0.7443)
phyopt: rejected (map area 200.56->200.83, delay 8.00->8.00).
phyopt: round=1 part=low seed=n158(id=158 center=158 R=3 crit=0.222 pot=0.7443)
phyopt: rejected (map area 200.56->200.56, delay 8.00->8.00).
phyopt: round=1 part=low seed=n165(id=165 center=165 R=3 crit=0.333 pot=0.7221)
phyopt: rejected (map area 200.56->200.56, delay 8.00->8.00).
phyopt: round=1 part=low seed=n180(id=180 center=180 R=3 crit=0.333 pot=0.7221)
phyopt: rejected (map area 200.56->200.56, delay 8.00->8.00).
phyopt: round=1 part=low seed=n181(id=181 center=181 R=3 crit=0.333 pot=0.7221)
phyopt: rejected (map area 200.56->200.56, delay 8.00->8.00).
phyopt: round=1 part=low seed=n197(id=197 center=197 R=3 crit=0.333 pot=0.7221)
phyopt: accepted (map area 200.56->199.50, delay 8.00->8.00).
phyopt: round=1 part=low seed=n207(id=207 center=207 R=3 crit=0.333 pot=0.7221)
phyopt: rejected (map area 199.50->199.50, delay 8.00->8.00).
phyopt: round=1 part=low seed=n248(id=248 center=248 R=3 crit=0.333 pot=0.7221)
phyopt: rejected (map area 199.50->199.50, delay 8.00->8.00).
phyopt: round=1 part=low seed=n249(id=249 center=249 R=3 crit=0.333 pot=0.7221)
phyopt: rejected (map area 199.50->199.50, delay 8.00->8.00).
phyopt: round=1 part=low seed=n250(id=250 center=250 R=3 crit=0.333 pot=0.7221)
phyopt: rejected (map area 199.50->199.50, delay 8.00->8.00).
phyopt: round=1 part=low seed=n151(id=151 center=151 R=3 crit=0.333 pot=0.6679)
phyopt: rejected (map area 199.50->199.50, delay 8.00->8.00).
phyopt: round=1 part=mid seed=n130(id=130 center=130 R=4 crit=0.444 pot=0.7778)
phyopt: accepted (map area 199.50->198.44, delay 8.00->8.00).
phyopt: round=1 part=mid seed=n146(id=146 center=146 R=4 crit=0.444 pot=0.7778)
phyopt: accepted (map area 198.44->196.31, delay 8.00->8.00).
phyopt: round=1 part=mid seed=n298(id=298 center=298 R=4 crit=0.444 pot=0.7778)
phyopt: rejected (map area 196.31->197.11, delay 8.00->8.00).
phyopt: round=1 part=mid seed=n135(id=135 center=135 R=4 crit=0.556 pot=0.7222)
phyopt: rejected (map area 196.31->196.31, delay 8.00->8.00).
phyopt: round=1 part=mid seed=n198(id=198 center=198 R=4 crit=0.556 pot=0.7222)
phyopt: rejected (map area 196.31->196.31, delay 8.00->8.00).
phyopt: round=1 part=mid seed=n275(id=275 center=275 R=4 crit=0.556 pot=0.7222)
phyopt: accepted (map area 196.31->195.78, delay 8.00->8.00).
phyopt: round=1 part=mid seed=n309(id=309 center=309 R=4 crit=0.556 pot=0.7222)
phyopt: rejected (map area 195.78->197.11, delay 8.00->8.00).
The node "n380" with ID 380 is not in the current network.
phyopt: skip seed=n380 (cannot resolve center node in current AIG).
phyopt: round=1 part=mid seed=n265(id=265 center=265 R=4 crit=0.667 pot=0.6667)
phyopt: accepted (map area 195.78->195.24, delay 8.00->8.00).
The node "n352" with ID 352 is not in the current network.
phyopt: skip seed=n352 (cannot resolve center node in current AIG).
phyopt: round=1 part=mid seed=n148(id=148 center=148 R=4 crit=0.444 pot=0.6457)
phyopt: rejected (map area 195.24->195.51, delay 8.00->8.00).
phyopt: round=1 part=mid seed=n149(id=149 center=149 R=4 crit=0.444 pot=0.6457)
phyopt: rejected (map area 195.24->195.24, delay 8.00->8.00).
phyopt: round=1 part=mid seed=n153(id=153 center=153 R=4 crit=0.444 pot=0.6457)
phyopt: rejected (map area 195.24->195.24, delay 8.00->8.00).
phyopt: round=1 part=mid seed=n159(id=159 center=159 R=4 crit=0.444 pot=0.6457)
phyopt: rejected (map area 195.24->195.24, delay 8.00->8.00).
phyopt: round=1 part=mid seed=n297(id=297 center=297 R=4 crit=0.444 pot=0.6457)
phyopt: rejected (map area 195.24->195.24, delay 8.00->8.00).
phyopt: round=1 part=mid seed=n299(id=299 center=299 R=4 crit=0.444 pot=0.6457)
phyopt: rejected (map area 195.24->195.24, delay 8.00->8.00).
phyopt: round=1 part=mid seed=n300(id=300 center=300 R=4 crit=0.444 pot=0.6457)
phyopt: rejected (map area 195.24->195.24, delay 8.00->8.00).
phyopt: round=1 part=mid seed=n338(id=338 center=338 R=4 crit=0.444 pot=0.6457)
phyopt: rejected (map area 195.24->195.51, delay 8.00->8.00).
phyopt: round=1 part=mid seed=n339(id=339 center=339 R=4 crit=0.444 pot=0.6457)
phyopt: rejected (map area 195.24->195.51, delay 8.00->8.00).
phyopt: round=1 part=mid seed=n127(id=127 center=127 R=4 crit=0.556 pot=0.5902)
phyopt: rejected (map area 195.24->195.51, delay 8.00->8.00).
phyopt: round=1 part=mid seed=n160(id=160 center=160 R=4 crit=0.556 pot=0.5902)
phyopt: rejected (map area 195.24->195.24, delay 8.00->8.00).
phyopt: round=1 part=mid seed=n161(id=161 center=161 R=4 crit=0.556 pot=0.5902)
phyopt: rejected (map area 195.24->195.24, delay 8.00->8.00).
phyopt: round=1 part=mid seed=n162(id=162 center=162 R=4 crit=0.556 pot=0.5902)
phyopt: accepted (map area 195.24->193.91, delay 8.00->8.00).
phyopt: round=1 part=mid seed=n163(id=163 center=163 R=4 crit=0.556 pot=0.5902)
phyopt: rejected (map area 193.91->193.91, delay 8.00->8.00).
phyopt: round=1 part=mid seed=n164(id=164 center=164 R=4 crit=0.556 pot=0.5902)
phyopt: rejected (map area 193.91->193.91, delay 8.00->8.00).
phyopt: round=1 part=mid seed=n166(id=166 center=166 R=4 crit=0.556 pot=0.5902)
phyopt: rejected (map area 193.91->194.45, delay 8.00->8.00).
phyopt: round=1 part=mid seed=n182(id=182 center=182 R=4 crit=0.556 pot=0.5902)
phyopt: rejected (map area 193.91->194.98, delay 8.00->8.00).
phyopt: finished round 1/1.
phyopt: partition summary (tried/accepted):
  high : 18 / 24
  low  : 2 / 17
  mid  : 5 / 25
phyopt: per-part seed coverage (topK means top-5 potential within processed seeds):
  high: seeds=30 tried=24(80.0%) accepted=18(75.0%) skipped(marked=6,low_slack=0) topK(tried=5/5 accepted=2 hit=40.0%)
  low: seeds=18 tried=17(94.4%) accepted=2(11.8%) skipped(marked=1,low_slack=0) topK(tried=5/5 accepted=1 hit=20.0%)
  mid: seeds=30 tried=25(83.3%) accepted=5(20.0%) skipped(marked=3,low_slack=0) topK(tried=5/5 accepted=2 hit=40.0%)
phyopt: rejection reason breakdown:
  - runtime_or_eval_fail : 2
  - policy_tradeoff_reject : 26
  - delay_worse : 0
  - area_worse : 15
  - area_and_delay_worse : 0
  - low_part_delay_budget : 0
phyopt: skipped marked=10 low_slack=<0.10=0
phyopt: done, accepted=25 rejected=43 final_nodes=331 final_levels=14.
Networks are equivalent.  Time =     0.01 sec
