======== ABC command line "source /tmp/alpha_c1908_alpha_slack_plus2_61931.scr"
Warning: Detected 2 multi-output cells (for example, "FA_X1").
mapper_extract: wrote 414 lines to "/mnt/d/My_abc_work/abc/my_work/alpha_ablation_11cxx/results/run_20260403_alpha20/c1908/c1908_alpha_slack_plus2.csv".
Loaded 414 physical records from /mnt/d/My_abc_work/abc/my_work/alpha_ablation_11cxx/results/run_20260403_alpha20/c1908/c1908_alpha_slack_plus2.csv
Potential rebuilt: alpha(low/mid/high)=0.300/0.600/0.900 avg_struct=0.7021 avg_slack=0.1566 avg_opt_mid=0.3748
Physical records : 414
Gate summary     : NAND=269 AND=46 INV=99 OTHER=0
Alpha (L/M/H)    : 0.300 / 0.600 / 0.900
StructW(i/p/f/g) : 0.500 / 0.400 / 0.050 / 0.050
phyopt: start rounds=1, criticality partitions high(>=0.900)->low(<=0.250)->mid, window=16.
phyopt: objective=map(area,delay), low-part delay budget=+10% from pre-opt.
phyopt: round=1 partition sizes high=251 low=14 mid=149.
phyopt: round=1 part=high seed=n127(id=127 center=127 R=5 crit=0.917 pot=0.1535)
phyopt: accepted (map area 190.99->190.99, delay 12.00->12.00).
phyopt: round=1 part=high seed=n131(id=131 center=131 R=5 crit=0.917 pot=0.1535)
phyopt: accepted (map area 190.99->190.46, delay 12.00->12.00).
phyopt: round=1 part=high seed=n138(id=138 center=138 R=5 crit=0.917 pot=0.1535)
phyopt: rejected (map area 190.46->190.99, delay 12.00->12.00).
phyopt: round=1 part=high seed=n150(id=150 center=150 R=5 crit=0.917 pot=0.1535)
phyopt: rejected (map area 190.46->194.18, delay 12.00->12.00).
phyopt: round=1 part=high seed=n157(id=157 center=157 R=5 crit=0.917 pot=0.1535)
phyopt: rejected (map area 190.46->202.96, delay 12.00->12.00).
phyopt: round=1 part=high seed=n203(id=203 center=203 R=5 crit=0.917 pot=0.1535)
phyopt: accepted (map area 190.46->189.92, delay 12.00->12.00).
phyopt: round=1 part=high seed=n206(id=206 center=206 R=5 crit=0.917 pot=0.1535)
phyopt: rejected (map area 189.92->191.25, delay 12.00->12.00).
phyopt: round=1 part=high seed=n230(id=230 center=230 R=5 crit=0.917 pot=0.1535)
phyopt: accepted (map area 189.92->189.66, delay 12.00->12.00).
phyopt: round=1 part=high seed=n234(id=234 center=234 R=5 crit=0.917 pot=0.1535)
phyopt: accepted (map area 189.66->189.66, delay 12.00->12.00).
phyopt: round=1 part=high seed=n241(id=241 center=241 R=5 crit=0.917 pot=0.1535)
phyopt: accepted (map area 189.66->189.66, delay 12.00->12.00).
The node "n391" with ID 391 is not in the current network.
phyopt: skip seed=n391 (cannot resolve center node in current AIG).
The node "n392" with ID 392 is not in the current network.
phyopt: skip seed=n392 (cannot resolve center node in current AIG).
The node "n393" with ID 393 is not in the current network.
phyopt: skip seed=n393 (cannot resolve center node in current AIG).
The node "n397" with ID 397 is not in the current network.
phyopt: skip seed=n397 (cannot resolve center node in current AIG).
The node "n399" with ID 399 is not in the current network.
phyopt: skip seed=n399 (cannot resolve center node in current AIG).
The node "n398" with ID 398 is not in the current network.
phyopt: skip seed=n398 (cannot resolve center node in current AIG).
phyopt: round=1 part=high seed=n128(id=128 center=128 R=5 crit=0.958 pot=0.1375)
phyopt: accepted (map area 189.66->188.59, delay 12.00->12.00).
phyopt: round=1 part=high seed=n132(id=132 center=132 R=5 crit=0.958 pot=0.1375)
phyopt: rejected (map area 188.59->190.46, delay 12.00->12.00).
phyopt: round=1 part=high seed=n135(id=135 center=135 R=5 crit=0.958 pot=0.1375)
phyopt: rejected (map area 188.59->189.39, delay 12.00->12.00).
phyopt: round=1 part=high seed=n151(id=151 center=151 R=5 crit=0.958 pot=0.1375)
phyopt: accepted (map area 188.59->188.59, delay 12.00->12.00).
phyopt: round=1 part=high seed=n155(id=155 center=155 R=5 crit=0.958 pot=0.1375)
phyopt: rejected (map area 188.59->189.66, delay 12.00->12.00).
phyopt: round=1 part=high seed=n207(id=207 center=207 R=5 crit=0.958 pot=0.1375)
phyopt: accepted (map area 188.59->194.45, delay 12.00->11.00).
phyopt: round=1 part=high seed=n239(id=239 center=239 R=5 crit=0.958 pot=0.1375)
phyopt: accepted (map area 194.45->194.45, delay 11.00->11.00).
phyopt: round=1 part=high seed=n125(id=125 center=125 R=5 crit=0.958 pot=0.1160)
phyopt: accepted (map area 194.45->194.45, delay 11.00->11.00).
phyopt: round=1 part=high seed=n133(id=133 center=133 R=5 crit=0.958 pot=0.1160)
phyopt: rejected (map area 194.45->196.31, delay 11.00->11.00).
phyopt: round=1 part=high seed=n136(id=136 center=136 R=5 crit=0.958 pot=0.1160)
phyopt: rejected (map area 194.45->196.84, delay 11.00->11.00).
phyopt: round=1 part=high seed=n156(id=156 center=156 R=5 crit=0.958 pot=0.1160)
phyopt: accepted (map area 194.45->194.45, delay 11.00->11.00).
phyopt: round=1 part=high seed=n204(id=204 center=204 R=5 crit=0.958 pot=0.1160)
phyopt: accepted (map area 194.45->193.91, delay 11.00->11.00).
phyopt: round=1 part=high seed=n210(id=210 center=210 R=5 crit=0.958 pot=0.1160)
phyopt: rejected (map area 193.91->196.04, delay 11.00->11.00).
phyopt: round=1 part=high seed=n213(id=213 center=213 R=5 crit=0.958 pot=0.1160)
phyopt: accepted (map area 193.91->190.99, delay 11.00->11.00).
phyopt: round=1 part=high seed=n218(id=218 center=218 R=5 crit=0.958 pot=0.1160)
phyopt: accepted (map area 190.99->190.99, delay 11.00->11.00).
phyopt: round=1 part=high seed=n220(id=220 center=220 R=5 crit=0.958 pot=0.1160)
phyopt: rejected (map area 190.99->191.79, delay 11.00->11.00).
phyopt: round=1 part=high seed=n222(id=222 center=222 R=5 crit=0.958 pot=0.1160)
phyopt: rejected (map area 190.99->200.83, delay 11.00->11.00).
phyopt: round=1 part=high seed=n225(id=225 center=225 R=5 crit=0.958 pot=0.1160)
phyopt: accepted (map area 190.99->190.19, delay 11.00->11.00).
phyopt: round=1 part=high seed=n232(id=232 center=232 R=5 crit=0.958 pot=0.1160)
phyopt: accepted (map area 190.19->190.19, delay 11.00->11.00).
phyopt: round=1 part=high seed=n236(id=236 center=236 R=5 crit=0.958 pot=0.1160)
phyopt: rejected (map area 190.19->193.12, delay 11.00->11.00).
The node "n443" with ID 443 is not in the current network.
phyopt: skip seed=n443 (cannot resolve center node in current AIG).
The node "n459" with ID 459 is not in the current network.
phyopt: skip seed=n459 (cannot resolve center node in current AIG).
The node "n439" with ID 439 is not in the current network.
phyopt: skip seed=n439 (cannot resolve center node in current AIG).
The node "n455" with ID 455 is not in the current network.
phyopt: skip seed=n455 (cannot resolve center node in current AIG).
The node "n440" with ID 440 is not in the current network.
phyopt: skip seed=n440 (cannot resolve center node in current AIG).
The node "n456" with ID 456 is not in the current network.
phyopt: skip seed=n456 (cannot resolve center node in current AIG).
The node "n413" with ID 413 is not in the current network.
phyopt: skip seed=n413 (cannot resolve center node in current AIG).
The node "n421" with ID 421 is not in the current network.
phyopt: skip seed=n421 (cannot resolve center node in current AIG).
The node "n425" with ID 425 is not in the current network.
phyopt: skip seed=n425 (cannot resolve center node in current AIG).
The node "n462" with ID 462 is not in the current network.
phyopt: skip seed=n462 (cannot resolve center node in current AIG).
The node "n433" with ID 433 is not in the current network.
phyopt: skip seed=n433 (cannot resolve center node in current AIG).
The node "n446" with ID 446 is not in the current network.
phyopt: skip seed=n446 (cannot resolve center node in current AIG).
The node "n405" with ID 405 is not in the current network.
phyopt: skip seed=n405 (cannot resolve center node in current AIG).
The node "n429" with ID 429 is not in the current network.
phyopt: skip seed=n429 (cannot resolve center node in current AIG).
phyopt: round=1 part=mid seed=n72(id=72 center=72 R=4 crit=0.292 pot=0.8250)
phyopt: rejected (map area 190.19->190.19, delay 11.00->11.00).
phyopt: round=1 part=mid seed=n194(id=194 center=194 R=4 crit=0.292 pot=0.8250)
phyopt: accepted (map area 190.19->187.26, delay 11.00->11.00).
phyopt: round=1 part=mid seed=n69(id=69 center=69 R=4 crit=0.333 pot=0.8000)
phyopt: rejected (map area 187.26->187.80, delay 11.00->11.00).
phyopt: round=1 part=mid seed=n246(id=246 center=246 R=4 crit=0.333 pot=0.8000)
phyopt: rejected (map area 187.26->187.26, delay 11.00->11.00).
phyopt: round=1 part=mid seed=n65(id=65 center=65 R=4 crit=0.292 pot=0.7388)
phyopt: rejected (map area 187.26->187.26, delay 11.00->11.00).
phyopt: round=1 part=mid seed=n327(id=327 center=327 R=4 crit=0.292 pot=0.7388)
phyopt: rejected (map area 187.26->187.26, delay 11.00->11.00).
phyopt: round=1 part=mid seed=n66(id=66 center=66 R=4 crit=0.333 pot=0.7138)
phyopt: rejected (map area 187.26->187.26, delay 11.00->11.00).
phyopt: round=1 part=mid seed=n71(id=71 center=71 R=4 crit=0.333 pot=0.7138)
phyopt: rejected (map area 187.26->187.80, delay 11.00->11.00).
phyopt: round=1 part=mid seed=n328(id=328 center=328 R=4 crit=0.333 pot=0.7138)
phyopt: rejected (map area 187.26->188.33, delay 11.00->11.00).
phyopt: round=1 part=mid seed=n329(id=329 center=329 R=4 crit=0.333 pot=0.7138)
phyopt: rejected (map area 187.26->187.26, delay 11.00->11.00).
phyopt: round=1 part=mid seed=n61(id=61 center=61 R=4 crit=0.333 pot=0.7076)
phyopt: rejected (map area 187.26->187.26, delay 11.00->11.00).
phyopt: round=1 part=mid seed=n62(id=62 center=62 R=4 crit=0.333 pot=0.7076)
phyopt: rejected (map area 187.26->187.26, delay 11.00->11.00).
phyopt: round=1 part=mid seed=n70(id=70 center=70 R=4 crit=0.333 pot=0.7076)
phyopt: rejected (map area 187.26->187.80, delay 11.00->11.00).
phyopt: round=1 part=mid seed=n244(id=244 center=244 R=4 crit=0.375 pot=0.6826)
phyopt: rejected (map area 187.26->187.26, delay 11.00->11.00).
phyopt: round=1 part=mid seed=n283(id=283 center=283 R=4 crit=0.375 pot=0.6826)
phyopt: rejected (map area 187.26->188.86, delay 11.00->11.00).
phyopt: round=1 part=mid seed=n188(id=188 center=188 R=4 crit=0.417 pot=0.6576)
phyopt: rejected (map area 187.26->187.80, delay 11.00->11.00).
phyopt: round=1 part=mid seed=n189(id=189 center=189 R=4 crit=0.417 pot=0.6576)
phyopt: rejected (map area 187.26->187.80, delay 11.00->11.00).
phyopt: round=1 part=mid seed=n102(id=102 center=102 R=4 crit=0.583 pot=0.6500)
phyopt: accepted (map area 187.26->185.93, delay 11.00->11.00).
The node "n408" with ID 408 is not in the current network.
phyopt: skip seed=n408 (cannot resolve center node in current AIG).
The node "n416" with ID 416 is not in the current network.
phyopt: skip seed=n416 (cannot resolve center node in current AIG).
The node "n452" with ID 452 is not in the current network.
phyopt: skip seed=n452 (cannot resolve center node in current AIG).
phyopt: round=1 part=mid seed=n282(id=282 center=282 R=4 crit=0.458 pot=0.6326)
phyopt: rejected (map area 185.93->185.93, delay 11.00->11.00).
phyopt: round=1 part=mid seed=n312(id=312 center=312 R=4 crit=0.458 pot=0.6326)
phyopt: accepted (map area 185.93->185.40, delay 11.00->11.00).
The node "n436" with ID 436 is not in the current network.
phyopt: skip seed=n436 (cannot resolve center node in current AIG).
The node "n447" with ID 447 is not in the current network.
phyopt: skip seed=n447 (cannot resolve center node in current AIG).
phyopt: round=1 part=mid seed=n146(id=146 center=146 R=4 crit=0.708 pot=0.5750)
phyopt: rejected (map area 185.40->193.65, delay 11.00->11.00).
phyopt: round=1 part=mid seed=n149(id=149 center=149 R=4 crit=0.708 pot=0.5750)
phyopt: rejected (map area 185.40->185.40, delay 11.00->11.00).
phyopt: round=1 part=mid seed=n177(id=177 center=177 R=4 crit=0.708 pot=0.5750)
phyopt: rejected (map area 185.40->185.40, delay 11.00->11.00).
phyopt: round=1 part=mid seed=n183(id=183 center=183 R=4 crit=0.708 pot=0.5750)
phyopt: rejected (map area 185.40->185.40, delay 11.00->11.00).
phyopt: round=1 part=mid seed=n197(id=197 center=197 R=4 crit=0.708 pot=0.5750)
phyopt: rejected (map area 185.40->185.40, delay 11.00->11.00).
phyopt: round=1 part=mid seed=n251(id=251 center=251 R=4 crit=0.708 pot=0.5750)
phyopt: rejected (map area 185.40->185.40, delay 11.00->11.00).
phyopt: round=1 part=mid seed=n289(id=289 center=289 R=4 crit=0.708 pot=0.5750)
phyopt: rejected (map area 185.40->185.40, delay 11.00->11.00).
phyopt: round=1 part=mid seed=n98(id=98 center=98 R=4 crit=0.583 pot=0.5638)
phyopt: accepted (map area 185.40->184.87, delay 11.00->11.00).
The node "n448" with ID 448 is not in the current network.
phyopt: skip seed=n448 (cannot resolve center node in current AIG).
The node "n449" with ID 449 is not in the current network.
phyopt: skip seed=n449 (cannot resolve center node in current AIG).
The node "n450" with ID 450 is not in the current network.
phyopt: skip seed=n450 (cannot resolve center node in current AIG).
phyopt: round=1 part=mid seed=n253(id=253 center=253 R=4 crit=0.750 pot=0.5500)
phyopt: rejected (map area 184.87->184.87, delay 11.00->11.00).
phyopt: round=1 part=mid seed=n272(id=272 center=272 R=4 crit=0.750 pot=0.5500)
phyopt: accepted (map area 184.87->183.54, delay 11.00->11.00).
phyopt: finished round 1/1.
phyopt: partition summary (tried/accepted):
  high : 17 / 30
  low  : 0 / 0
  mid  : 5 / 30
phyopt: per-part seed coverage (topK means top-5 potential within processed seeds):
  high: seeds=40 tried=30(75.0%) accepted=17(56.7%) skipped(marked=4,low_slack=0) topK(tried=5/5 accepted=2 hit=40.0%)
  low: seeds=14 tried=0(0.0%) accepted=0(0.0%) skipped(marked=0,low_slack=0) topK(tried=0/5 accepted=0 hit=0.0%)
  mid: seeds=40 tried=30(75.0%) accepted=5(16.7%) skipped(marked=2,low_slack=0) topK(tried=4/5 accepted=1 hit=25.0%)
phyopt: rejection reason breakdown:
  - runtime_or_eval_fail : 28
  - policy_tradeoff_reject : 17
  - delay_worse : 0
  - area_worse : 21
  - area_and_delay_worse : 0
  - low_part_delay_budget : 0
phyopt: skipped marked=6 low_slack=<0.10=0
phyopt: done, accepted=22 rejected=66 final_nodes=301 final_levels=22.
Networks are equivalent.  Time =     0.02 sec
