======== ABC command line "source /tmp/dyn_ex201_288.scr"
Library "NangateOpenCellLibrary" from "/mnt/d/My_abc_work/abc/my_work/c17_work/NangateOpenCellLibrary_typical.lib" has 90 cells (45 skipped: 21 seq; 6 tri-state; 8 no func; 10 dont_use; 0 with 2 outputs; 0 with 3+ outputs).  Time =     0.08 sec
Warning: Detected 2 multi-output cells (for example, "FA_X1").
mapper_extract: wrote 8618 lines to "/mnt/d/My_abc_work/abc/my_work/dynamic_scheduler_work/result/run_dynamic_per_aig_20260415_110131/ex201/ex201_cfg_winvpair_base.csv".
Loaded 8618 physical records from /mnt/d/My_abc_work/abc/my_work/dynamic_scheduler_work/result/run_dynamic_per_aig_20260415_110131/ex201/ex201_cfg_winvpair_base.csv
Potential rebuilt: alpha(low/mid/high)=0.300/0.500/0.800 avg_struct=0.7426 avg_slack=0.1988 avg_opt=0.4276
Physical records : 8618
Gate summary     : NAND=5230 AND=3012 INV=375 OTHER=1
Alpha (L/M/H)    : 0.300 / 0.500 / 0.800
StructW(i/p/f/g) : 0.500 / 0.400 / 0.050 / 0.050
phyopt: start rounds=1, criticality partitions high(>=0.900)->low(<=0.250)->mid, window=16, mode=dynamic.
phyopt: objective=map(area,delay), low-part delay budget=+10% from pre-opt.
phyopt: dynamic scheduler enabled (init=15%, leader=5%, probe=1%, part-stop=10, global-stop=2, L2=off, L2-topk-init=2, L2-topk-step=1).
phyopt: funnel L0=on(keep=80%) L1=on(init=0.200 target=0.45 warmup=12 min_try=16).
phyopt: case timeout enabled (600 sec).
phyopt: micro-model on (loaded=yes, samples=921, blendL0=0.45, blendL1=0.30, keep_target=28% [35%,95%]).
phyopt: round=1 partition sizes high=1867 low=14 mid=6737.
phyopt: part=high seed=n3145(id=3145 center=3145 R=5 crit=0.931 pot=0.2552)
phyopt: accepted (map area 4650.39->4646.64, delay 456.73->456.73).
phyopt: part=high seed=n4409(id=4409 center=4409 R=5 crit=0.931 pot=0.2552)
phyopt: accepted (map area 4646.64->4646.10, delay 456.73->456.73).
phyopt: part=high seed=n7756(id=7756 center=7756 R=5 crit=0.931 pot=0.2552)
phyopt: accepted (map area 4646.10->4643.98, delay 456.73->456.73).
The node "n8617" with ID 8617 is not in the current network.
phyopt: skip seed=n8617 (cannot resolve center node in current AIG).
phyopt: part=high seed=n4290(id=4290 center=4290 R=5 crit=0.966 pot=0.2276)
phyopt: accepted (map area 4643.98->4643.71, delay 456.73->456.73).
phyopt: part=high seed=n6075(id=6075 center=6075 R=5 crit=0.966 pot=0.2276)
phyopt: accepted (map area 4643.71->4643.71, delay 456.73->456.73).
phyopt: part=high seed=n7788(id=7788 center=7788 R=5 crit=0.966 pot=0.2276)
phyopt: rejected (map area 4643.71->4645.04, delay 456.73->456.73).
phyopt: part=high seed=n8240(id=8240 center=8240 R=5 crit=0.966 pot=0.2276)
Object with ID 8240 is not a node or reg output.
Error: Extracting sequential window has failed.
Error: phyopt: local optimization failed. Rolling back.
The node "n8470" with ID 8470 is not in the current network.
phyopt: skip seed=n8470 (cannot resolve center node in current AIG).
The node "n8579" with ID 8579 is not in the current network.
phyopt: skip seed=n8579 (cannot resolve center node in current AIG).
phyopt: part=high seed=n1099(id=1099 center=1099 R=5 crit=0.931 pot=0.2125)
phyopt: accepted (map area 4643.71->4642.92, delay 456.73->456.73).
phyopt: part=high seed=n1101(id=1101 center=1101 R=5 crit=0.931 pot=0.2125)
phyopt: rejected (map area 4642.92->4643.24, delay 456.73->456.73).
phyopt: part=high seed=n1103(id=1103 center=1103 R=5 crit=0.931 pot=0.2125)
phyopt: accepted (map area 4642.92->4641.54, delay 456.73->456.73).
phyopt: part=high seed=n1107(id=1107 center=1107 R=5 crit=0.931 pot=0.2125)
phyopt: accepted (map area 4641.54->4631.49, delay 456.73->456.73).
phyopt: part=high seed=n1114(id=1114 center=1114 R=5 crit=0.931 pot=0.2125)
phyopt: accepted (map area 4631.49->4629.07, delay 456.73->456.73).
phyopt: part=high seed=n1122(id=1122 center=1122 R=5 crit=0.931 pot=0.2125)
phyopt: accepted (map area 4629.07->4629.07, delay 456.73->456.73).
phyopt: part=high seed=n1144(id=1144 center=1144 R=5 crit=0.931 pot=0.2125)
phyopt: accepted (map area 4629.07->4628.28, delay 456.73->456.73).
phyopt: part=high seed=n1160(id=1160 center=1160 R=5 crit=0.931 pot=0.2125)
phyopt: rejected (map area 4628.28->4629.07, delay 456.73->456.73).
phyopt: part=high seed=n1161(id=1161 center=1161 R=5 crit=0.931 pot=0.2125)
phyopt: accepted (map area 4628.28->4626.18, delay 456.73->456.73).
phyopt: part=low seed=n3697(id=3697 center=3697 R=3 crit=0.172 pot=0.9483)
phyopt: rejected (map area 4626.18->4627.76, delay 456.73->456.73).
phyopt: part=low seed=n3700(id=3700 center=3700 R=3 crit=0.138 pot=0.9586)
phyopt: rejected (map area 4626.18->4626.18, delay 456.73->456.73).
phyopt: part=low seed=n3346(id=3346 center=3346 R=3 crit=0.000 pot=0.8506)
phyopt: rejected (map area 4626.18->4626.18, delay 456.73->456.73).
phyopt: part=mid seed=n83(id=83 center=83 R=4 crit=0.379 pot=0.8103)
phyopt: rejected (map area 4626.18->4626.18, delay 456.73->456.73).
phyopt: part=mid seed=n3481(id=3481 center=3481 R=4 crit=0.379 pot=0.8103)
phyopt: accepted (map area 4626.18->4625.38, delay 456.73->456.73).
phyopt: part=mid seed=n3834(id=3834 center=3834 R=4 crit=0.379 pot=0.8103)
phyopt: rejected (map area 4625.38->4625.91, delay 456.73->456.73).
phyopt: part=mid seed=n3512(id=3512 center=3512 R=4 crit=0.448 pot=0.7759)
phyopt: rejected (map area 4625.38->4625.64, delay 456.73->456.73).
phyopt: part=mid seed=n4815(id=4815 center=4815 R=4 crit=0.448 pot=0.7759)
phyopt: accepted (map area 4625.38->4622.99, delay 456.73->456.73).
phyopt: part=mid seed=n249(id=249 center=249 R=4 crit=0.483 pot=0.7586)
phyopt: rejected (map area 4622.99->4624.90, delay 456.73->456.73).
phyopt: part=mid seed=n3715(id=3715 center=3715 R=4 crit=0.483 pot=0.7586)
phyopt: accepted (map area 4622.99->4621.91, delay 456.73->456.73).
phyopt: part=mid seed=n5740(id=5740 center=5740 R=4 crit=0.483 pot=0.7586)
phyopt: accepted (map area 4621.91->4621.38, delay 456.73->456.73).
phyopt: part=mid seed=n1605(id=1605 center=1605 R=4 crit=0.517 pot=0.7414)
phyopt: rejected (map area 4621.38->4621.70, delay 456.73->456.73).
phyopt: part=mid seed=n7396(id=7396 center=7396 R=4 crit=0.517 pot=0.7414)
phyopt: rejected (map area 4621.38->4623.50, delay 456.73->456.73).
phyopt: part=mid seed=n5018(id=5018 center=5018 R=4 crit=0.552 pot=0.7241)
phyopt: accepted (map area 4621.38->4620.33, delay 456.73->456.73).
phyopt: part=mid seed=n6878(id=6878 center=6878 R=4 crit=0.552 pot=0.7241)
phyopt: rejected (map area 4620.33->4620.60, delay 456.73->456.73).
phyopt: part=mid seed=n7393(id=7393 center=7393 R=4 crit=0.552 pot=0.7241)
phyopt: rejected (map area 4620.33->4620.33, delay 456.73->456.73).
phyopt: part=mid seed=n1069(id=1069 center=1069 R=4 crit=0.586 pot=0.7069)
phyopt: accepted (map area 4620.33->4619.81, delay 456.73->456.73).
phyopt: part=mid seed=n1073(id=1073 center=1073 R=4 crit=0.586 pot=0.7069)
phyopt: rejected (map area 4619.81->4619.82, delay 456.73->456.73).
phyopt: part=mid seed=n2088(id=2088 center=2088 R=4 crit=0.586 pot=0.7069)
phyopt: rejected (map area 4619.81->4619.81, delay 456.73->456.73).
phyopt: part=low seed=n3347(id=3347 center=3347 R=3 crit=0.000 pot=0.8506)
phyopt: rejected (map area 4619.81->4621.95, delay 456.73->456.73).
phyopt: part=low seed=n3348(id=3348 center=3348 R=3 crit=0.000 pot=0.8506)
phyopt: rejected (map area 4619.81->4622.98, delay 456.73->456.73).
phyopt: L0/L1 skips high=76/369 low=0/0 mid=216/915, L1-threshold=0.2675.
phyopt: adaptive keep high/low/mid=95%/62%/95%.
phyopt: finished round 1/1.
phyopt: partition summary (tried/accepted):
  high : 12 / 16
  low  : 0 / 5
  mid  : 6 / 16
phyopt: per-part seed coverage (topK means top-5 potential within processed seeds):
  high: seeds=1867 tried=16(0.9%) accepted=12(75.0%) skipped(marked=5,low_slack=0) topK(tried=4/5 accepted=4 hit=100.0%)
  low: seeds=14 tried=5(35.7%) accepted=0(0.0%) skipped(marked=0,low_slack=0) topK(tried=3/3 accepted=0 hit=0.0%)
  mid: seeds=6737 tried=16(0.2%) accepted=6(37.5%) skipped(marked=0,low_slack=0) topK(tried=5/5 accepted=2 hit=40.0%)
phyopt: rejection reason breakdown:
  - runtime_or_eval_fail : 4
  - policy_tradeoff_reject : 5
  - delay_worse : 0
  - area_worse : 13
  - area_and_delay_worse : 0
  - low_part_delay_budget : 0
phyopt: skipped marked=5 low_slack=<0.10=0
phyopt: done, accepted=18 rejected=22 final_nodes=8166 final_levels=32.
phyopt: micro-model saved (/mnt/d/My_abc_work/abc/my_work/model/phy_micro_model_global.txt, samples=958).
[1;37m/mnt/d/My_abc_work/abc/my_work/xiaorong_aig/ex201:[0m i/o =   16/   16  lat =    0  nd =  4460  edge =  12774  area =4619.81  delay =456.73  lev = 17
