======== ABC command line "source /mnt/d/My_abc_work/abc/my_work/VS-SMABC_FPRM/compare_4way_out/tmp/ex1010_opt_flow.abc"
Library "NangateOpenCellLibrary" from "/mnt/d/My_abc_work/abc/my_work/c17_work/NangateOpenCellLibrary_typical.lib" has 90 cells (45 skipped: 21 seq; 6 tri-state; 8 no func; 10 dont_use; 0 with 2 outputs; 0 with 3+ outputs).  Time =     0.11 sec
Warning: Detected 2 multi-output cells (for example, "FA_X1").
phymid: running map_oto -> mapper_extract -> phyread -> phyopt -> map
Derived GENLIB library "NangateOpenCellLibrary" with 30 gates using slew 17.19 ps and gain 250.00.
Total runtime =     0.00 sec
mapper_extract: starting extraction...
mapper_extract: extracting to "/mnt/d/My_abc_work/abc/my_work/VS-SMABC_FPRM/compare_4way_out/tmp/ex1010_opt_flow.phy.csv"...
mapper_extract: max slack = 8.000000

=== DEBUG: Node ID Mapping ===
Format: objId | Name | Type | Fanin0 | Fanin1 | Gate | pData
 12 | n12        | NODE |  10 |  -1 | INV_X1 | 0x5af08356c020
 13 | n13        | NODE |   9 |  -1 | INV_X1 | 0x5af08356c020
 14 | n14        | NODE |   8 |  -1 | INV_X1 | 0x5af08356c020
 15 | n15        | NODE |   7 |  -1 | INV_X1 | 0x5af08356c020
 16 | n16        | NODE |   6 |  -1 | INV_X1 | 0x5af08356c020
 17 | n17        | NODE |   5 |  -1 | INV_X1 | 0x5af08356c020
 18 | n18        | NODE |   4 |  -1 | INV_X1 | 0x5af08356c020
 19 | n19        | NODE |   3 |  -1 | INV_X1 | 0x5af08356c020
 20 | n20        | NODE |   1 |  -1 | INV_X1 | 0x5af08356c020
 21 | n21        | NODE |   2 |  -1 | INV_X1 | 0x5af08356c020
 22 | n22        | NODE |  20 |  21 | AND2_X1 | 0x5af0835662d0
 23 | n23        | NODE |  19 |  22 | AND2_X1 | 0x5af0835662d0
 24 | n24        | NODE |  18 |  23 | AND2_X1 | 0x5af0835662d0
 25 | n25        | NODE |  17 |  24 | AND2_X1 | 0x5af0835662d0
 26 | n26        | NODE |  16 |  25 | AND2_X1 | 0x5af0835662d0
 27 | n27        | NODE |  15 |  26 | AND2_X1 | 0x5af0835662d0
 28 | n28        | NODE |  14 |  27 | AND2_X1 | 0x5af0835662d0
 29 | n29        | NODE |  13 |  28 | AND2_X1 | 0x5af0835662d0
 30 | n30        | NODE |  12 |  29 | NAND2_X1 | 0x5af08356ce20
 31 | n31        | NODE |  10 |  29 | NAND2_X1 | 0x5af08356ce20
 32 | n32        | NODE |  30 |  31 | AND2_X1 | 0x5af0835662d0
 33 | n33        | NODE |   9 |  28 | AND2_X1 | 0x5af0835662d0
 34 | n34        | NODE |  12 |  33 | NAND2_X1 | 0x5af08356ce20
 35 | n35        | NODE |  32 |  34 | AND2_X1 | 0x5af0835662d0
 36 | n36        | NODE |  10 |  33 | NAND2_X1 | 0x5af08356ce20
 37 | n37        | NODE |  35 |  36 | AND2_X1 | 0x5af0835662d0
 38 | n38        | NODE |   8 |  27 | AND2_X1 | 0x5af0835662d0
 39 | n39        | NODE |  13 |  38 | AND2_X1 | 0x5af0835662d0
 40 | n40        | NODE |  12 |  39 | NAND2_X1 | 0x5af08356ce20
 41 | n41        | NODE |  37 |  40 | AND2_X1 | 0x5af0835662d0
 42 | n42        | NODE |  10 |  39 | NAND2_X1 | 0x5af08356ce20
 43 | n43        | NODE |  41 |  42 | AND2_X1 | 0x5af0835662d0
 44 | n44        | NODE |   9 |  38 | AND2_X1 | 0x5af0835662d0
 45 | n45        | NODE |  12 |  44 | NAND2_X1 | 0x5af08356ce20
 46 | n46        | NODE |  43 |  45 | AND2_X1 | 0x5af0835662d0
 47 | n47        | NODE |  10 |  44 | NAND2_X1 | 0x5af08356ce20
 48 | n48        | NODE |  46 |  47 | NAND2_X1 | 0x5af08356ce20
==============================

mapper_extract: wrote 37 lines to "/mnt/d/My_abc_work/abc/my_work/VS-SMABC_FPRM/compare_4way_out/tmp/ex1010_opt_flow.phy.csv".
mapper_extract: done.
Loaded 37 physical records from /mnt/d/My_abc_work/abc/my_work/VS-SMABC_FPRM/compare_4way_out/tmp/ex1010_opt_flow.phy.csv
Potential rebuilt: alpha(low/mid/high)=0.300/0.500/0.800 avg_struct=0.7803 avg_slack=0.2331 avg_opt=0.3752
Physical records : 37
Gate summary     : NAND=9 AND=18 INV=10 OTHER=0
Alpha (L/M/H)    : 0.300 / 0.500 / 0.800
StructW(i/p/f/g) : 0.500 / 0.400 / 0.050 / 0.050
phyopt: start rounds=3, criticality partitions high(>=0.900)->low(<=0.250)->mid, window=16, mode=fixed.
phyopt: objective=delay-non-regression + area minimization (delay_eps=0.001 rel_tol=0 area_eps=0.001 delay_only=off).
phyopt: case timeout enabled (300 sec).
phyopt: fit-function on (loaded=yes, samples=4350, l0_scale=0.35, l1_scale=0.25, coef_file=/mnt/d/My_abc_work/abc/my_work/model/phy_fit_function_v1.txt).
phyopt: sample-log off (keep_target=28% [35%,95%]).
phyopt: round=1 partition sizes high=19 low=4 mid=14.
phyopt: part=high seed=n20(id=20 center=20 R=6 tpl=0 crit=1.000 pot=0.2000)
phyopt: accepted (map area 17.01->14.88, delay 192.74->161.82).
phyopt: part=high seed=n21(id=21 center=21 R=6 tpl=1 crit=1.000 pot=0.2000)
phyopt: accepted (map area 14.88->6.90, delay 161.82->77.20).
The node "n23" with ID 23 is not in the current network.
phyopt: skip seed=n23 (cannot resolve center node in current AIG).
The node "n24" with ID 24 is not in the current network.
phyopt: skip seed=n24 (cannot resolve center node in current AIG).
The node "n25" with ID 25 is not in the current network.
phyopt: skip seed=n25 (cannot resolve center node in current AIG).
The node "n26" with ID 26 is not in the current network.
phyopt: skip seed=n26 (cannot resolve center node in current AIG).
The node "n30" with ID 30 is not in the current network.
phyopt: skip seed=n30 (cannot resolve center node in current AIG).
The node "n31" with ID 31 is not in the current network.
phyopt: skip seed=n31 (cannot resolve center node in current AIG).
The node "n32" with ID 32 is not in the current network.
phyopt: skip seed=n32 (cannot resolve center node in current AIG).
The node "n35" with ID 35 is not in the current network.
phyopt: skip seed=n35 (cannot resolve center node in current AIG).
The node "n37" with ID 37 is not in the current network.
phyopt: skip seed=n37 (cannot resolve center node in current AIG).
The node "n41" with ID 41 is not in the current network.
phyopt: skip seed=n41 (cannot resolve center node in current AIG).
The node "n43" with ID 43 is not in the current network.
phyopt: skip seed=n43 (cannot resolve center node in current AIG).
The node "n46" with ID 46 is not in the current network.
phyopt: skip seed=n46 (cannot resolve center node in current AIG).
The node "n48" with ID 48 is not in the current network.
phyopt: skip seed=n48 (cannot resolve center node in current AIG).
The node "n27" with ID 27 is not in the current network.
phyopt: skip seed=n27 (cannot resolve center node in current AIG).
The node "n28" with ID 28 is not in the current network.
phyopt: skip seed=n28 (cannot resolve center node in current AIG).
The node "n29" with ID 29 is not in the current network.
phyopt: skip seed=n29 (cannot resolve center node in current AIG).
phyopt: part=low seed=n14(id=14 center=14 R=3 tpl=0 crit=0.250 pot=0.9250)
phyopt: accepted (map area 6.90->4.53, delay 77.20->76.60).
The node "n47" with ID 47 is not in the current network.
phyopt: skip seed=n47 (cannot resolve center node in current AIG).
phyopt: part=low seed=n12(id=12 center=12 R=3 tpl=2 crit=0.000 pot=0.3000)
phyopt: rejected (map area 4.53->4.53, delay 76.60->76.60).
phyopt: part=low seed=n13(id=13 center=13 R=3 tpl=0 crit=0.125 pot=0.2716)
phyopt: rejected (map area 4.53->6.90, delay 76.60->77.20).
phyopt: part=mid seed=n15(id=15 center=15 R=4 tpl=0 crit=0.375 pot=0.8125)
phyopt: rejected (map area 4.53->5.85, delay 76.60->76.35).
phyopt: part=mid seed=n16(id=16 center=16 R=4 tpl=1 crit=0.500 pot=0.7500)
phyopt: rejected (map area 4.53->5.85, delay 76.60->76.35).
The node "n45" with ID 45 is not in the current network.
phyopt: skip seed=n45 (cannot resolve center node in current AIG).
The node "n44" with ID 44 is not in the current network.
phyopt: skip seed=n44 (cannot resolve center node in current AIG).
phyopt: part=mid seed=n17(id=17 center=17 R=4 tpl=1 crit=0.625 pot=0.6875)
Object with ID 17 is not a node or reg output.
Error: Extracting sequential window has failed.
Error: phyopt: local optimization failed. Rolling back.
The node "n42" with ID 42 is not in the current network.
phyopt: skip seed=n42 (cannot resolve center node in current AIG).
The node "n18" with ID 18 is not in the current network.
phyopt: skip seed=n18 (cannot resolve center node in current AIG).
The node "n40" with ID 40 is not in the current network.
phyopt: skip seed=n40 (cannot resolve center node in current AIG).
The node "n38" with ID 38 is not in the current network.
phyopt: skip seed=n38 (cannot resolve center node in current AIG).
The node "n39" with ID 39 is not in the current network.
phyopt: skip seed=n39 (cannot resolve center node in current AIG).
The node "n19" with ID 19 is not in the current network.
phyopt: skip seed=n19 (cannot resolve center node in current AIG).
The node "n36" with ID 36 is not in the current network.
phyopt: skip seed=n36 (cannot resolve center node in current AIG).
The node "n34" with ID 34 is not in the current network.
phyopt: skip seed=n34 (cannot resolve center node in current AIG).
The node "n33" with ID 33 is not in the current network.
phyopt: skip seed=n33 (cannot resolve center node in current AIG).
phyopt: finished round 1/3.
mapper_extract: wrote 13 lines to "/mnt/d/My_abc_work/abc/my_work/VS-SMABC_FPRM/compare_4way_out/tmp/ex1010_opt_flow.phy.csv".
Loaded 13 physical records from /mnt/d/My_abc_work/abc/my_work/VS-SMABC_FPRM/compare_4way_out/tmp/ex1010_opt_flow.phy.csv
Potential rebuilt: alpha(low/mid/high)=0.300/0.500/0.800 avg_struct=0.5385 avg_slack=0.3846 avg_opt=0.4000
phyopt: round=2 partition sizes high=6 low=3 mid=4.
phyopt: part=high seed=n16(id=16 center=16 R=6 tpl=0 crit=1.000 pot=0.2000)
phyopt: rejected (map area 4.53->5.85, delay 76.60->76.35).
phyopt: part=high seed=n17(id=17 center=17 R=6 tpl=1 crit=1.000 pot=0.2000)
Object with ID 17 is not a node or reg output.
Error: Extracting sequential window has failed.
Error: phyopt: local optimization failed. Rolling back.
The node "n18" with ID 18 is not in the current network.
phyopt: skip seed=n18 (cannot resolve center node in current AIG).
The node "n19" with ID 19 is not in the current network.
phyopt: skip seed=n19 (cannot resolve center node in current AIG).
The node "n23" with ID 23 is not in the current network.
phyopt: skip seed=n23 (cannot resolve center node in current AIG).
The node "n24" with ID 24 is not in the current network.
phyopt: skip seed=n24 (cannot resolve center node in current AIG).
phyopt: part=low seed=n12(id=12 center=12 R=3 tpl=1 crit=0.000 pot=1.0000)
phyopt: rejected (map area 4.53->4.53, delay 76.60->76.60).
phyopt: part=low seed=n13(id=13 center=13 R=3 tpl=2 crit=0.000 pot=1.0000)
phyopt: rejected (map area 4.53->6.90, delay 76.60->77.20).
phyopt: part=mid seed=n15(id=15 center=15 R=4 tpl=2 crit=0.500 pot=0.7500)
phyopt: rejected (map area 4.53->5.85, delay 76.60->76.35).
phyopt: finished round 2/3.
mapper_extract: wrote 13 lines to "/mnt/d/My_abc_work/abc/my_work/VS-SMABC_FPRM/compare_4way_out/tmp/ex1010_opt_flow.phy.csv".
Loaded 13 physical records from /mnt/d/My_abc_work/abc/my_work/VS-SMABC_FPRM/compare_4way_out/tmp/ex1010_opt_flow.phy.csv
Potential rebuilt: alpha(low/mid/high)=0.300/0.500/0.800 avg_struct=0.5385 avg_slack=0.3846 avg_opt=0.4000
phyopt: round=3 partition sizes high=6 low=3 mid=4.
phyopt: part=high seed=n16(id=16 center=16 R=6 tpl=0 crit=1.000 pot=0.2000)
phyopt: rejected (map area 4.53->5.85, delay 76.60->76.35).
phyopt: part=high seed=n17(id=17 center=17 R=6 tpl=1 crit=1.000 pot=0.2000)
Object with ID 17 is not a node or reg output.
Error: Extracting sequential window has failed.
Error: phyopt: local optimization failed. Rolling back.
The node "n18" with ID 18 is not in the current network.
phyopt: skip seed=n18 (cannot resolve center node in current AIG).
The node "n19" with ID 19 is not in the current network.
phyopt: skip seed=n19 (cannot resolve center node in current AIG).
The node "n23" with ID 23 is not in the current network.
phyopt: skip seed=n23 (cannot resolve center node in current AIG).
The node "n24" with ID 24 is not in the current network.
phyopt: skip seed=n24 (cannot resolve center node in current AIG).
phyopt: part=low seed=n12(id=12 center=12 R=3 tpl=0 crit=0.000 pot=1.0000)
phyopt: rejected (map area 4.53->4.53, delay 76.60->76.60).
phyopt: part=low seed=n13(id=13 center=13 R=3 tpl=1 crit=0.000 pot=1.0000)
phyopt: rejected (map area 4.53->6.90, delay 76.60->77.20).
phyopt: part=mid seed=n15(id=15 center=15 R=4 tpl=0 crit=0.500 pot=0.7500)
phyopt: rejected (map area 4.53->5.85, delay 76.60->76.35).
phyopt: finished round 3/3.
phyopt: partition summary (tried/accepted):
  high : 2 / 6
  low  : 1 / 7
  mid  : 0 / 5
phyopt: per-part seed coverage (topK means top-5 potential within processed seeds):
  high: seeds=31 tried=6(19.4%) accepted=2(33.3%) skipped(marked=1,low_slack=0) topK(tried=6/15 accepted=2 hit=33.3%)
  low: seeds=10 tried=7(70.0%) accepted=1(14.3%) skipped(marked=2,low_slack=0) topK(tried=7/10 accepted=1 hit=14.3%)
  mid: seeds=22 tried=5(22.7%) accepted=0(0.0%) skipped(marked=6,low_slack=0) topK(tried=5/13 accepted=0 hit=0.0%)
phyopt: sequence template stats by partition (template_id: accepted/tried):
  high: t0=1/3 t1=1/3 t2=0/0
  low: t0=1/3 t1=0/2 t2=0/2
  mid: t0=0/2 t1=0/2 t2=0/1
phyopt: rejection reason breakdown:
  - runtime_or_eval_fail : 39
  - policy_tradeoff_reject : 3
  - delay_worse : 0
  - area_worse : 6
  - area_and_delay_worse : 3
  - delay_guard_violation : 0
phyopt: skipped marked=9 low_slack=<0.10=0
phyopt: done, accepted=3 rejected=51 final_nodes=6 final_levels=4.
Derived GENLIB library "NangateOpenCellLibrary" with 30 gates using slew 17.19 ps and gain 250.00.
Converting "/mnt/d/My_abc_work/abc/my_work/c17_work/NangateOpenCellLibrary_typical.genlib" into supergate library "/mnt/d/My_abc_work/abc/my_work/c17_work/NangateOpenCellLibrary_typical.super".
Maximum level: Original = 4. Reduced due to choices = 4.
Choice stats:  Choice nodes = 0. Total choices = 0.
Nodes =     16.  Total 5-feasible cuts =         21.  Per node = 1.3. Time =     0.00 sec
Delay    : Delay =     0.00  Flow =         4.0  Area =         4.5   0.0 %   Time =     0.00 sec
AreaFlow : Delay =    76.60  Flow =         4.0  Area =         4.5   0.0 %   Time =     0.00 sec
Area     : Delay =    76.60  Flow =         0.0  Area =         4.5   0.0 %   Time =     0.00 sec
Area     : Delay =    76.60  Flow =         0.0  Area =         4.5   0.0 %   Time =     0.00 sec
Output  po0    : Delay = (76.60, 76.60)  POS
Total runtime =     0.00 sec
phymid: done. You can now run write_verilog/write_blif (or strash; write_aiger).
[1;37m/mnt/d/My_abc_work/abc/my_work/VS-SMABC_FPRM/aig_output_opt/ex1010_opt:[0m i/o =   10/    1  lat =    0  nd =     5  edge =     11  area = 4.53  delay =76.60  lev = 2
