======== ABC command line "source /mnt/d/My_abc_work/abc/my_work/VS-SMABC_FPRM/compare_4way_out/tmp/gary_opt_flow.abc"
Library "NangateOpenCellLibrary" from "/mnt/d/My_abc_work/abc/my_work/c17_work/NangateOpenCellLibrary_typical.lib" has 90 cells (45 skipped: 21 seq; 6 tri-state; 8 no func; 10 dont_use; 0 with 2 outputs; 0 with 3+ outputs).  Time =     0.09 sec
Warning: Detected 2 multi-output cells (for example, "FA_X1").
phymid: running map_oto -> mapper_extract -> phyread -> phyopt -> map
Derived GENLIB library "NangateOpenCellLibrary" with 30 gates using slew 17.19 ps and gain 250.00.
Total runtime =     0.00 sec
mapper_extract: starting extraction...
mapper_extract: extracting to "/mnt/d/My_abc_work/abc/my_work/VS-SMABC_FPRM/compare_4way_out/tmp/gary_opt_flow.phy.csv"...
mapper_extract: max slack = 13.000000

=== DEBUG: Node ID Mapping ===
Format: objId | Name | Type | Fanin0 | Fanin1 | Gate | pData
 17 | n17        | NODE |  15 |   0 | INV_X1 | 0x585f8952c020
 18 | n18        | NODE |  14 |   0 | INV_X1 | 0x585f8952c020
 19 | n19        | NODE |  13 |   0 | INV_X1 | 0x585f8952c020
 20 | n20        | NODE |  12 |   0 | INV_X1 | 0x585f8952c020
 21 | n21        | NODE |  11 |   0 | INV_X1 | 0x585f8952c020
 22 | n22        | NODE |  10 |   0 | INV_X1 | 0x585f8952c020
 23 | n23        | NODE |   9 |   0 | INV_X1 | 0x585f8952c020
 24 | n24        | NODE |   8 |   0 | INV_X1 | 0x585f8952c020
 25 | n25        | NODE |   7 |   0 | INV_X1 | 0x585f8952c020
 26 | n26        | NODE |   6 |   0 | INV_X1 | 0x585f8952c020
 27 | n27        | NODE |   5 |   0 | INV_X1 | 0x585f8952c020
 28 | n28        | NODE |   4 |   0 | INV_X1 | 0x585f8952c020
 29 | n29        | NODE |   3 |   0 | INV_X1 | 0x585f8952c020
 30 | n30        | NODE |   1 |   0 | INV_X1 | 0x585f8952c020
 31 | n31        | NODE |   2 |   0 | INV_X1 | 0x585f8952c020
 32 | n32        | NODE |  30 |  31 | AND2_X1 | 0x585f895262d0
 33 | n33        | NODE |  29 |  32 | AND2_X1 | 0x585f895262d0
 34 | n34        | NODE |  28 |  33 | AND2_X1 | 0x585f895262d0
 35 | n35        | NODE |  27 |  34 | AND2_X1 | 0x585f895262d0
 36 | n36        | NODE |  26 |  35 | AND2_X1 | 0x585f895262d0
 37 | n37        | NODE |  25 |  36 | AND2_X1 | 0x585f895262d0
 38 | n38        | NODE |  24 |  37 | AND2_X1 | 0x585f895262d0
 39 | n39        | NODE |  23 |  38 | AND2_X1 | 0x585f895262d0
 40 | n40        | NODE |  22 |  39 | AND2_X1 | 0x585f895262d0
 41 | n41        | NODE |  21 |  40 | AND2_X1 | 0x585f895262d0
 42 | n42        | NODE |  20 |  41 | AND2_X1 | 0x585f895262d0
 43 | n43        | NODE |  19 |  42 | AND2_X1 | 0x585f895262d0
 44 | n44        | NODE |  18 |  43 | AND2_X1 | 0x585f895262d0
 45 | n45        | NODE |  17 |  44 | NAND2_X1 | 0x585f8952ce20
 46 | n46        | NODE |  14 |  43 | AND2_X1 | 0x585f895262d0
 47 | n47        | NODE |  17 |  46 | NAND2_X1 | 0x585f8952ce20
 48 | n48        | NODE |  45 |  47 | NAND2_X1 | 0x585f8952ce20
==============================

mapper_extract: wrote 32 lines to "/mnt/d/My_abc_work/abc/my_work/VS-SMABC_FPRM/compare_4way_out/tmp/gary_opt_flow.phy.csv".
mapper_extract: done.
Loaded 32 physical records from /mnt/d/My_abc_work/abc/my_work/VS-SMABC_FPRM/compare_4way_out/tmp/gary_opt_flow.phy.csv
Potential rebuilt: alpha(low/mid/high)=0.300/0.500/0.800 avg_struct=0.8481 avg_slack=0.2188 avg_opt=0.3795
Physical records : 32
Gate summary     : NAND=3 AND=14 INV=15 OTHER=0
Alpha (L/M/H)    : 0.300 / 0.500 / 0.800
StructW(i/p/f/g) : 0.500 / 0.400 / 0.050 / 0.050
phyopt: start rounds=3, criticality partitions high(>=0.900)->low(<=0.250)->mid, window=16, mode=fixed.
phyopt: objective=delay-non-regression + area minimization (delay_eps=0.001 rel_tol=0 area_eps=0.001 delay_only=off).
phyopt: case timeout enabled (300 sec).
phyopt: fit-function on (loaded=yes, samples=4350, l0_scale=0.35, l1_scale=0.25, coef_file=/mnt/d/My_abc_work/abc/my_work/model/phy_fit_function_v1.txt).
phyopt: sample-log off (keep_target=28% [35%,95%]).
phyopt: round=1 partition sizes high=20 low=4 mid=8.
phyopt: part=high seed=n29(id=29 center=29 R=5 tpl=0 crit=0.923 pot=0.2615)
phyopt: accepted (map area 13.81->10.09, delay 209.03->156.39).
The node "n30" with ID 30 is not in the current network.
phyopt: skip seed=n30 (cannot resolve center node in current AIG).
The node "n31" with ID 31 is not in the current network.
phyopt: skip seed=n31 (cannot resolve center node in current AIG).
The node "n32" with ID 32 is not in the current network.
phyopt: skip seed=n32 (cannot resolve center node in current AIG).
The node "n34" with ID 34 is not in the current network.
phyopt: skip seed=n34 (cannot resolve center node in current AIG).
The node "n35" with ID 35 is not in the current network.
phyopt: skip seed=n35 (cannot resolve center node in current AIG).
The node "n36" with ID 36 is not in the current network.
phyopt: skip seed=n36 (cannot resolve center node in current AIG).
The node "n37" with ID 37 is not in the current network.
phyopt: skip seed=n37 (cannot resolve center node in current AIG).
The node "n38" with ID 38 is not in the current network.
phyopt: skip seed=n38 (cannot resolve center node in current AIG).
The node "n39" with ID 39 is not in the current network.
phyopt: skip seed=n39 (cannot resolve center node in current AIG).
The node "n40" with ID 40 is not in the current network.
phyopt: skip seed=n40 (cannot resolve center node in current AIG).
The node "n41" with ID 41 is not in the current network.
phyopt: skip seed=n41 (cannot resolve center node in current AIG).
The node "n42" with ID 42 is not in the current network.
phyopt: skip seed=n42 (cannot resolve center node in current AIG).
The node "n44" with ID 44 is not in the current network.
phyopt: skip seed=n44 (cannot resolve center node in current AIG).
The node "n45" with ID 45 is not in the current network.
phyopt: skip seed=n45 (cannot resolve center node in current AIG).
The node "n46" with ID 46 is not in the current network.
phyopt: skip seed=n46 (cannot resolve center node in current AIG).
The node "n47" with ID 47 is not in the current network.
phyopt: skip seed=n47 (cannot resolve center node in current AIG).
The node "n48" with ID 48 is not in the current network.
phyopt: skip seed=n48 (cannot resolve center node in current AIG).
The node "n43" with ID 43 is not in the current network.
phyopt: skip seed=n43 (cannot resolve center node in current AIG).
phyopt: part=low seed=n18(id=18 center=18 R=3 tpl=0 crit=0.077 pot=0.9769)
phyopt: accepted (map area 10.09->9.83, delay 156.39->145.23).
phyopt: part=low seed=n19(id=19 center=19 R=3 tpl=1 crit=0.154 pot=0.9538)
phyopt: accepted (map area 9.83->7.44, delay 145.23->135.76).
phyopt: part=low seed=n20(id=20 center=20 R=3 tpl=2 crit=0.231 pot=0.9308)
phyopt: rejected (map area 7.44->7.44, delay 135.76->120.61).
phyopt: part=low seed=n17(id=17 center=17 R=3 tpl=0 crit=0.000 pot=0.3000)
phyopt: rejected (map area 7.44->7.44, delay 135.76->135.76).
phyopt: part=mid seed=n21(id=21 center=21 R=4 tpl=0 crit=0.308 pot=0.8462)
phyopt: rejected (map area 7.44->9.83, delay 135.76->111.00).
phyopt: part=mid seed=n22(id=22 center=22 R=4 tpl=1 crit=0.385 pot=0.8077)
phyopt: rejected (map area 7.44->9.57, delay 135.76->98.25).
phyopt: part=mid seed=n23(id=23 center=23 R=4 tpl=2 crit=0.462 pot=0.7692)
phyopt: rejected (map area 7.44->11.42, delay 135.76->96.43).
phyopt: part=mid seed=n24(id=24 center=24 R=4 tpl=0 crit=0.538 pot=0.7308)
phyopt: rejected (map area 7.44->7.44, delay 135.76->104.50).
phyopt: part=mid seed=n25(id=25 center=25 R=4 tpl=1 crit=0.615 pot=0.6923)
phyopt: rejected (map area 7.44->9.03, delay 135.76->111.42).
phyopt: part=mid seed=n26(id=26 center=26 R=4 tpl=2 crit=0.692 pot=0.6538)
phyopt: rejected (map area 7.44->7.44, delay 135.76->135.76).
phyopt: part=mid seed=n27(id=27 center=27 R=4 tpl=2 crit=0.769 pot=0.6154)
phyopt: rejected (map area 7.44->7.44, delay 135.76->135.76).
phyopt: part=mid seed=n28(id=28 center=28 R=4 tpl=0 crit=0.846 pot=0.5769)
phyopt: rejected (map area 7.44->9.03, delay 135.76->111.42).
phyopt: finished round 1/3.
mapper_extract: wrote 27 lines to "/mnt/d/My_abc_work/abc/my_work/VS-SMABC_FPRM/compare_4way_out/tmp/gary_opt_flow.phy.csv".
Loaded 27 physical records from /mnt/d/My_abc_work/abc/my_work/VS-SMABC_FPRM/compare_4way_out/tmp/gary_opt_flow.phy.csv
Potential rebuilt: alpha(low/mid/high)=0.300/0.500/0.800 avg_struct=0.5185 avg_slack=0.3280 avg_opt=0.3915
phyopt: round=2 partition sizes high=11 low=7 mid=9.
phyopt: part=high seed=n28(id=28 center=28 R=6 tpl=1 crit=1.000 pot=0.2000)
phyopt: rejected (map area 7.44->8.76, delay 135.76->101.22).
The node "n30" with ID 30 is not in the current network.
phyopt: skip seed=n30 (cannot resolve center node in current AIG).
The node "n31" with ID 31 is not in the current network.
phyopt: skip seed=n31 (cannot resolve center node in current AIG).
The node "n32" with ID 32 is not in the current network.
phyopt: skip seed=n32 (cannot resolve center node in current AIG).
The node "n34" with ID 34 is not in the current network.
phyopt: skip seed=n34 (cannot resolve center node in current AIG).
The node "n35" with ID 35 is not in the current network.
phyopt: skip seed=n35 (cannot resolve center node in current AIG).
The node "n36" with ID 36 is not in the current network.
phyopt: skip seed=n36 (cannot resolve center node in current AIG).
The node "n37" with ID 37 is not in the current network.
phyopt: skip seed=n37 (cannot resolve center node in current AIG).
phyopt: part=low seed=n17(id=17 center=17 R=3 tpl=1 crit=0.000 pot=1.0000)
phyopt: rejected (map area 7.44->7.44, delay 135.76->135.76).
The node "n38" with ID 38 is not in the current network.
phyopt: skip seed=n38 (cannot resolve center node in current AIG).
The node "n39" with ID 39 is not in the current network.
phyopt: skip seed=n39 (cannot resolve center node in current AIG).
The node "n40" with ID 40 is not in the current network.
phyopt: skip seed=n40 (cannot resolve center node in current AIG).
The node "n41" with ID 41 is not in the current network.
phyopt: skip seed=n41 (cannot resolve center node in current AIG).
The node "n42" with ID 42 is not in the current network.
phyopt: skip seed=n42 (cannot resolve center node in current AIG).
phyopt: part=mid seed=n20(id=20 center=20 R=4 tpl=1 crit=0.429 pot=0.7857)
phyopt: rejected (map area 7.44->7.45, delay 135.76->116.81).
phyopt: part=mid seed=n21(id=21 center=21 R=4 tpl=2 crit=0.714 pot=0.6429)
phyopt: rejected (map area 7.44->9.83, delay 135.76->111.00).
phyopt: part=mid seed=n26(id=26 center=26 R=4 tpl=2 crit=0.714 pot=0.6429)
phyopt: rejected (map area 7.44->7.44, delay 135.76->135.76).
phyopt: part=mid seed=n22(id=22 center=22 R=4 tpl=0 crit=0.857 pot=0.5714)
phyopt: rejected (map area 7.44->9.04, delay 135.76->98.25).
phyopt: part=mid seed=n23(id=23 center=23 R=4 tpl=1 crit=0.857 pot=0.5714)
phyopt: rejected (map area 7.44->11.42, delay 135.76->96.43).
phyopt: part=mid seed=n27(id=27 center=27 R=4 tpl=2 crit=0.857 pot=0.5714)
phyopt: rejected (map area 7.44->7.44, delay 135.76->135.76).
phyopt: part=mid seed=n24(id=24 center=24 R=4 tpl=0 crit=0.857 pot=0.0714)
phyopt: rejected (map area 7.44->7.44, delay 135.76->104.50).
phyopt: part=mid seed=n25(id=25 center=25 R=4 tpl=2 crit=0.857 pot=0.0714)
phyopt: rejected (map area 7.44->9.03, delay 135.76->111.42).
phyopt: finished round 2/3.
mapper_extract: wrote 27 lines to "/mnt/d/My_abc_work/abc/my_work/VS-SMABC_FPRM/compare_4way_out/tmp/gary_opt_flow.phy.csv".
Loaded 27 physical records from /mnt/d/My_abc_work/abc/my_work/VS-SMABC_FPRM/compare_4way_out/tmp/gary_opt_flow.phy.csv
Potential rebuilt: alpha(low/mid/high)=0.300/0.500/0.800 avg_struct=0.5185 avg_slack=0.3280 avg_opt=0.3915
phyopt: round=3 partition sizes high=11 low=7 mid=9.
phyopt: part=high seed=n28(id=28 center=28 R=6 tpl=0 crit=1.000 pot=0.2000)
phyopt: rejected (map area 7.44->8.76, delay 135.76->101.22).
The node "n30" with ID 30 is not in the current network.
phyopt: skip seed=n30 (cannot resolve center node in current AIG).
The node "n31" with ID 31 is not in the current network.
phyopt: skip seed=n31 (cannot resolve center node in current AIG).
The node "n32" with ID 32 is not in the current network.
phyopt: skip seed=n32 (cannot resolve center node in current AIG).
The node "n34" with ID 34 is not in the current network.
phyopt: skip seed=n34 (cannot resolve center node in current AIG).
The node "n35" with ID 35 is not in the current network.
phyopt: skip seed=n35 (cannot resolve center node in current AIG).
The node "n36" with ID 36 is not in the current network.
phyopt: skip seed=n36 (cannot resolve center node in current AIG).
The node "n37" with ID 37 is not in the current network.
phyopt: skip seed=n37 (cannot resolve center node in current AIG).
phyopt: part=low seed=n17(id=17 center=17 R=3 tpl=1 crit=0.000 pot=1.0000)
phyopt: rejected (map area 7.44->7.44, delay 135.76->135.76).
The node "n38" with ID 38 is not in the current network.
phyopt: skip seed=n38 (cannot resolve center node in current AIG).
The node "n39" with ID 39 is not in the current network.
phyopt: skip seed=n39 (cannot resolve center node in current AIG).
The node "n40" with ID 40 is not in the current network.
phyopt: skip seed=n40 (cannot resolve center node in current AIG).
The node "n41" with ID 41 is not in the current network.
phyopt: skip seed=n41 (cannot resolve center node in current AIG).
The node "n42" with ID 42 is not in the current network.
phyopt: skip seed=n42 (cannot resolve center node in current AIG).
phyopt: part=mid seed=n20(id=20 center=20 R=4 tpl=1 crit=0.429 pot=0.7857)
phyopt: rejected (map area 7.44->7.45, delay 135.76->116.81).
phyopt: part=mid seed=n21(id=21 center=21 R=4 tpl=2 crit=0.714 pot=0.6429)
phyopt: rejected (map area 7.44->9.83, delay 135.76->111.00).
phyopt: part=mid seed=n26(id=26 center=26 R=4 tpl=0 crit=0.714 pot=0.6429)
phyopt: rejected (map area 7.44->8.23, delay 135.76->135.76).
phyopt: part=mid seed=n22(id=22 center=22 R=4 tpl=2 crit=0.857 pot=0.5714)
phyopt: rejected (map area 7.44->9.57, delay 135.76->98.25).
phyopt: part=mid seed=n23(id=23 center=23 R=4 tpl=2 crit=0.857 pot=0.5714)
phyopt: rejected (map area 7.44->11.42, delay 135.76->96.43).
phyopt: part=mid seed=n27(id=27 center=27 R=4 tpl=1 crit=0.857 pot=0.5714)
phyopt: rejected (map area 7.44->7.44, delay 135.76->135.76).
phyopt: part=mid seed=n24(id=24 center=24 R=4 tpl=0 crit=0.857 pot=0.0714)
phyopt: rejected (map area 7.44->7.44, delay 135.76->104.50).
phyopt: part=mid seed=n25(id=25 center=25 R=4 tpl=2 crit=0.857 pot=0.0714)
phyopt: rejected (map area 7.44->9.03, delay 135.76->111.42).
phyopt: finished round 3/3.
phyopt: partition summary (tried/accepted):
  high : 1 / 3
  low  : 2 / 6
  mid  : 0 / 24
phyopt: per-part seed coverage (topK means top-5 potential within processed seeds):
  high: seeds=42 tried=3(7.1%) accepted=1(33.3%) skipped(marked=7,low_slack=0) topK(tried=3/15 accepted=1 hit=33.3%)
  low: seeds=18 tried=6(33.3%) accepted=2(33.3%) skipped(marked=2,low_slack=0) topK(tried=6/14 accepted=2 hit=33.3%)
  mid: seeds=26 tried=24(92.3%) accepted=0(0.0%) skipped(marked=2,low_slack=0) topK(tried=13/15 accepted=0 hit=0.0%)
phyopt: sequence template stats by partition (template_id: accepted/tried):
  high: t0=1/2 t1=0/1 t2=0/0
  low: t0=1/2 t1=1/3 t2=0/1
  mid: t0=0/7 t1=0/6 t2=0/11
phyopt: rejection reason breakdown:
  - runtime_or_eval_fail : 42
  - policy_tradeoff_reject : 12
  - delay_worse : 0
  - area_worse : 18
  - area_and_delay_worse : 0
  - delay_guard_violation : 0
phyopt: skipped marked=11 low_slack=<0.10=0
phyopt: done, accepted=3 rejected=72 final_nodes=13 final_levels=9.
Derived GENLIB library "NangateOpenCellLibrary" with 30 gates using slew 17.19 ps and gain 250.00.
Converting "/mnt/d/My_abc_work/abc/my_work/c17_work/NangateOpenCellLibrary_typical.genlib" into supergate library "/mnt/d/My_abc_work/abc/my_work/c17_work/NangateOpenCellLibrary_typical.super".
Maximum level: Original = 9. Reduced due to choices = 9.
Choice stats:  Choice nodes = 0. Total choices = 0.
Nodes =     28.  Total 5-feasible cuts =         50.  Per node = 1.8. Time =     0.00 sec
Delay    : Delay =     0.00  Flow =         6.1  Area =         8.8   0.0 %   Time =     0.00 sec
AreaFlow : Delay =   135.76  Flow =         6.1  Area =         8.8   0.0 %   Time =     0.00 sec
Area     : Delay =   135.76  Flow =         0.0  Area =         7.4  15.1 %   Time =     0.00 sec
Area     : Delay =   135.76  Flow =         0.0  Area =         7.4  15.1 %   Time =     0.00 sec
Output  po0    : Delay = (135.76, 135.76)  POS
Total runtime =     0.00 sec
phymid: done. You can now run write_verilog/write_blif (or strash; write_aiger).
[1;37m/mnt/d/My_abc_work/abc/my_work/VS-SMABC_FPRM/aig_output_opt/gary_opt:[0m i/o =   15/    1  lat =    0  nd =     7  edge =     20  area = 7.44  delay =135.76  lev = 3
