======== ABC command line "source /mnt/d/My_abc_work/abc/my_work/VS-SMABC_FPRM/compare_4way_out/tmp/in2_raw_flow.abc"
Library "NangateOpenCellLibrary" from "/mnt/d/My_abc_work/abc/my_work/c17_work/NangateOpenCellLibrary_typical.lib" has 90 cells (45 skipped: 21 seq; 6 tri-state; 8 no func; 10 dont_use; 0 with 2 outputs; 0 with 3+ outputs).  Time =     0.09 sec
Warning: Detected 2 multi-output cells (for example, "FA_X1").
phymid: running map_oto -> mapper_extract -> phyread -> phyopt -> map
Derived GENLIB library "NangateOpenCellLibrary" with 30 gates using slew 17.19 ps and gain 250.00.
Total runtime =     0.00 sec
mapper_extract: starting extraction...
mapper_extract: extracting to "/mnt/d/My_abc_work/abc/my_work/VS-SMABC_FPRM/compare_4way_out/tmp/in2_raw_flow.phy.csv"...
mapper_extract: max slack = 17.000000

=== DEBUG: Node ID Mapping ===
Format: objId | Name | Type | Fanin0 | Fanin1 | Gate | pData
 21 | n21        | NODE |   1 |  -1 | INV_X1 | 0x60c1419b5020
 22 | n22        | NODE |   2 |  -1 | INV_X1 | 0x60c1419b5020
 23 | n23        | NODE |   3 |  -1 | INV_X1 | 0x60c1419b5020
 24 | n24        | NODE |   4 |  -1 | INV_X1 | 0x60c1419b5020
 25 | n25        | NODE |   5 |  -1 | INV_X1 | 0x60c1419b5020
 26 | n26        | NODE |   6 |  -1 | INV_X1 | 0x60c1419b5020
 27 | n27        | NODE |   7 |  -1 | INV_X1 | 0x60c1419b5020
 28 | n28        | NODE |   8 |  -1 | INV_X1 | 0x60c1419b5020
 29 | n29        | NODE |   9 |  -1 | INV_X1 | 0x60c1419b5020
 30 | n30        | NODE |  10 |  -1 | INV_X1 | 0x60c1419b5020
 31 | n31        | NODE |  11 |  -1 | INV_X1 | 0x60c1419b5020
 32 | n32        | NODE |  12 |  -1 | INV_X1 | 0x60c1419b5020
 33 | n33        | NODE |  13 |  -1 | INV_X1 | 0x60c1419b5020
 34 | n34        | NODE |  14 |  -1 | INV_X1 | 0x60c1419b5020
 35 | n35        | NODE |  15 |  -1 | INV_X1 | 0x60c1419b5020
 36 | n36        | NODE |  16 |  -1 | INV_X1 | 0x60c1419b5020
 37 | n37        | NODE |  17 |  -1 | INV_X1 | 0x60c1419b5020
 38 | n38        | NODE |  18 |  19 | NAND2_X1 | 0x60c1419b5e20
 39 | n39        | NODE |  19 |  38 | NAND2_X1 | 0x60c1419b5e20
 40 | n40        | NODE |  37 |  39 | AND2_X1 | 0x60c1419af2d0
 41 | n41        | NODE |  36 |  40 | AND2_X1 | 0x60c1419af2d0
 42 | n42        | NODE |  35 |  41 | AND2_X1 | 0x60c1419af2d0
 43 | n43        | NODE |  34 |  42 | AND2_X1 | 0x60c1419af2d0
 44 | n44        | NODE |  33 |  43 | AND2_X1 | 0x60c1419af2d0
 45 | n45        | NODE |  32 |  44 | AND2_X1 | 0x60c1419af2d0
 46 | n46        | NODE |  31 |  45 | AND2_X1 | 0x60c1419af2d0
 47 | n47        | NODE |  30 |  46 | AND2_X1 | 0x60c1419af2d0
 48 | n48        | NODE |  29 |  47 | AND2_X1 | 0x60c1419af2d0
 49 | n49        | NODE |  28 |  48 | AND2_X1 | 0x60c1419af2d0
 50 | n50        | NODE |  27 |  49 | AND2_X1 | 0x60c1419af2d0
 51 | n51        | NODE |  26 |  50 | AND2_X1 | 0x60c1419af2d0
 52 | n52        | NODE |  25 |  51 | AND2_X1 | 0x60c1419af2d0
 53 | n53        | NODE |  24 |  52 | AND2_X1 | 0x60c1419af2d0
 54 | n54        | NODE |  23 |  53 | AND2_X1 | 0x60c1419af2d0
 55 | n55        | NODE |  22 |  54 | AND2_X1 | 0x60c1419af2d0
 56 | n56        | NODE |  21 |  55 | AND2_X1 | 0x60c1419af2d0
==============================

mapper_extract: wrote 36 lines to "/mnt/d/My_abc_work/abc/my_work/VS-SMABC_FPRM/compare_4way_out/tmp/in2_raw_flow.phy.csv".
mapper_extract: done.
Loaded 36 physical records from /mnt/d/My_abc_work/abc/my_work/VS-SMABC_FPRM/compare_4way_out/tmp/in2_raw_flow.phy.csv
Potential rebuilt: alpha(low/mid/high)=0.300/0.500/0.800 avg_struct=0.4722 avg_slack=0.2500 avg_opt=0.3565
Physical records : 36
Gate summary     : NAND=2 AND=17 INV=17 OTHER=0
Alpha (L/M/H)    : 0.300 / 0.500 / 0.800
StructW(i/p/f/g) : 0.500 / 0.400 / 0.050 / 0.050
phyopt: start rounds=3, criticality partitions high(>=0.900)->low(<=0.250)->mid, window=16, mode=fixed.
phyopt: objective=delay-non-regression + area minimization (delay_eps=0.001 rel_tol=0 area_eps=0.001 delay_only=off).
phyopt: case timeout enabled (300 sec).
phyopt: fit-function on (loaded=yes, samples=4350, l0_scale=0.35, l1_scale=0.25, coef_file=/mnt/d/My_abc_work/abc/my_work/model/phy_fit_function_v1.txt).
phyopt: sample-log off (keep_target=28% [35%,95%]).
phyopt: round=1 partition sizes high=20 low=5 mid=11.
phyopt: part=high seed=n37(id=37 center=37 R=5 tpl=0 crit=0.941 pot=0.2471)
phyopt: rejected (map area 12.75->12.75, delay 239.41->191.18).
phyopt: part=high seed=n38(id=38 center=38 R=6 tpl=1 crit=1.000 pot=0.0000)
phyopt: rejected (map area 12.75->12.75, delay 239.41->191.18).
phyopt: part=high seed=n39(id=39 center=39 R=6 tpl=2 crit=1.000 pot=0.0000)
Object with ID 39 is not a node or reg output.
Error: Extracting sequential window has failed.
Error: phyopt: local optimization failed. Rolling back.
The node "n40" with ID 40 is not in the current network.
phyopt: skip seed=n40 (cannot resolve center node in current AIG).
The node "n41" with ID 41 is not in the current network.
phyopt: skip seed=n41 (cannot resolve center node in current AIG).
The node "n42" with ID 42 is not in the current network.
phyopt: skip seed=n42 (cannot resolve center node in current AIG).
The node "n43" with ID 43 is not in the current network.
phyopt: skip seed=n43 (cannot resolve center node in current AIG).
The node "n44" with ID 44 is not in the current network.
phyopt: skip seed=n44 (cannot resolve center node in current AIG).
The node "n45" with ID 45 is not in the current network.
phyopt: skip seed=n45 (cannot resolve center node in current AIG).
The node "n46" with ID 46 is not in the current network.
phyopt: skip seed=n46 (cannot resolve center node in current AIG).
The node "n47" with ID 47 is not in the current network.
phyopt: skip seed=n47 (cannot resolve center node in current AIG).
The node "n48" with ID 48 is not in the current network.
phyopt: skip seed=n48 (cannot resolve center node in current AIG).
The node "n49" with ID 49 is not in the current network.
phyopt: skip seed=n49 (cannot resolve center node in current AIG).
The node "n50" with ID 50 is not in the current network.
phyopt: skip seed=n50 (cannot resolve center node in current AIG).
The node "n51" with ID 51 is not in the current network.
phyopt: skip seed=n51 (cannot resolve center node in current AIG).
The node "n52" with ID 52 is not in the current network.
phyopt: skip seed=n52 (cannot resolve center node in current AIG).
The node "n53" with ID 53 is not in the current network.
phyopt: skip seed=n53 (cannot resolve center node in current AIG).
The node "n54" with ID 54 is not in the current network.
phyopt: skip seed=n54 (cannot resolve center node in current AIG).
The node "n55" with ID 55 is not in the current network.
phyopt: skip seed=n55 (cannot resolve center node in current AIG).
The node "n56" with ID 56 is not in the current network.
phyopt: skip seed=n56 (cannot resolve center node in current AIG).
phyopt: part=low seed=n21(id=21 center=21 R=3 tpl=0 crit=0.000 pot=1.0000)
phyopt: rejected (map area 12.75->12.75, delay 239.41->239.41).
phyopt: part=low seed=n22(id=22 center=22 R=3 tpl=1 crit=0.059 pot=0.9824)
phyopt: rejected (map area 12.75->13.55, delay 239.41->234.51).
phyopt: part=low seed=n23(id=23 center=23 R=3 tpl=2 crit=0.118 pot=0.9647)
phyopt: rejected (map area 12.75->13.56, delay 239.41->226.00).
phyopt: part=low seed=n24(id=24 center=24 R=3 tpl=0 crit=0.176 pot=0.9471)
phyopt: rejected (map area 12.75->14.87, delay 239.41->221.20).
phyopt: part=low seed=n25(id=25 center=25 R=3 tpl=1 crit=0.235 pot=0.9294)
phyopt: rejected (map area 12.75->12.75, delay 239.41->221.20).
phyopt: part=mid seed=n26(id=26 center=26 R=4 tpl=0 crit=0.294 pot=0.8529)
phyopt: accepted (map area 12.75->12.49, delay 239.41->202.46).
phyopt: part=mid seed=n27(id=27 center=27 R=4 tpl=1 crit=0.353 pot=0.8235)
phyopt: rejected (map area 12.49->12.76, delay 202.46->191.18).
phyopt: part=mid seed=n28(id=28 center=28 R=4 tpl=2 crit=0.412 pot=0.7941)
phyopt: rejected (map area 12.49->14.34, delay 202.46->177.82).
phyopt: part=mid seed=n29(id=29 center=29 R=4 tpl=0 crit=0.471 pot=0.7647)
phyopt: rejected (map area 12.49->12.74, delay 202.46->169.92).
phyopt: part=mid seed=n30(id=30 center=30 R=4 tpl=1 crit=0.529 pot=0.7353)
phyopt: rejected (map area 12.49->13.53, delay 202.46->158.85).
phyopt: part=mid seed=n31(id=31 center=31 R=4 tpl=2 crit=0.588 pot=0.7059)
phyopt: accepted (map area 12.49->12.21, delay 202.46->157.27).
phyopt: part=mid seed=n32(id=32 center=32 R=4 tpl=2 crit=0.647 pot=0.6765)
phyopt: rejected (map area 12.21->17.78, delay 157.27->140.96).
phyopt: part=mid seed=n33(id=33 center=33 R=4 tpl=0 crit=0.706 pot=0.6471)
phyopt: rejected (map area 12.21->16.48, delay 157.27->132.42).
phyopt: part=mid seed=n34(id=34 center=34 R=4 tpl=2 crit=0.765 pot=0.6176)
phyopt: accepted (map area 12.21->11.42, delay 157.27->125.99).
phyopt: part=mid seed=n35(id=35 center=35 R=4 tpl=2 crit=0.824 pot=0.5882)
phyopt: rejected (map area 11.42->10.89, delay 125.99->135.56).
phyopt: part=mid seed=n36(id=36 center=36 R=4 tpl=2 crit=0.882 pot=0.5588)
phyopt: rejected (map area 11.42->12.74, delay 125.99->125.99).
phyopt: finished round 1/3.
mapper_extract: wrote 36 lines to "/mnt/d/My_abc_work/abc/my_work/VS-SMABC_FPRM/compare_4way_out/tmp/in2_raw_flow.phy.csv".
Loaded 36 physical records from /mnt/d/My_abc_work/abc/my_work/VS-SMABC_FPRM/compare_4way_out/tmp/in2_raw_flow.phy.csv
Potential rebuilt: alpha(low/mid/high)=0.300/0.500/0.800 avg_struct=0.4722 avg_slack=0.3095 avg_opt=0.3909
phyopt: round=2 partition sizes high=9 low=1 mid=26.
phyopt: part=high seed=n25(id=25 center=25 R=6 tpl=2 crit=1.000 pot=0.0000)
phyopt: rejected (map area 11.42->12.78, delay 125.99->105.61).
phyopt: part=high seed=n27(id=27 center=27 R=6 tpl=0 crit=1.000 pot=0.0000)
phyopt: rejected (map area 11.42->13.29, delay 125.99->106.48).
phyopt: part=high seed=n28(id=28 center=28 R=6 tpl=1 crit=1.000 pot=0.0000)
phyopt: rejected (map area 11.42->12.75, delay 125.99->111.42).
phyopt: part=high seed=n29(id=29 center=29 R=6 tpl=0 crit=1.000 pot=0.0000)
phyopt: accepted (map area 11.42->11.16, delay 125.99->106.48).
phyopt: part=high seed=n39(id=39 center=39 R=6 tpl=0 crit=1.000 pot=0.0000)
Object with ID 39 is not a node or reg output.
Error: Extracting sequential window has failed.
Error: phyopt: local optimization failed. Rolling back.
The node "n55" with ID 55 is not in the current network.
phyopt: skip seed=n55 (cannot resolve center node in current AIG).
The node "n56" with ID 56 is not in the current network.
phyopt: skip seed=n56 (cannot resolve center node in current AIG).
phyopt: part=low seed=n21(id=21 center=21 R=3 tpl=2 crit=0.000 pot=1.0000)
phyopt: rejected (map area 11.16->11.70, delay 106.48->120.61).
The node "n40" with ID 40 is not in the current network.
phyopt: skip seed=n40 (cannot resolve center node in current AIG).
phyopt: part=mid seed=n30(id=30 center=30 R=4 tpl=2 crit=0.571 pot=0.7143)
phyopt: rejected (map area 11.16->11.17, delay 106.48->102.68).
phyopt: part=mid seed=n35(id=35 center=35 R=4 tpl=0 crit=0.571 pot=0.7143)
phyopt: rejected (map area 11.16->11.96, delay 106.48->120.61).
phyopt: part=mid seed=n36(id=36 center=36 R=4 tpl=2 crit=0.571 pot=0.7143)
phyopt: rejected (map area 11.16->12.23, delay 106.48->107.62).
The node "n41" with ID 41 is not in the current network.
phyopt: skip seed=n41 (cannot resolve center node in current AIG).
The node "n42" with ID 42 is not in the current network.
phyopt: skip seed=n42 (cannot resolve center node in current AIG).
The node "n45" with ID 45 is not in the current network.
phyopt: skip seed=n45 (cannot resolve center node in current AIG).
The node "n48" with ID 48 is not in the current network.
phyopt: skip seed=n48 (cannot resolve center node in current AIG).
phyopt: part=mid seed=n23(id=23 center=23 R=4 tpl=0 crit=0.714 pot=0.6429)
phyopt: rejected (map area 11.16->11.16, delay 106.48->106.48).
The node "n49" with ID 49 is not in the current network.
phyopt: skip seed=n49 (cannot resolve center node in current AIG).
The node "n50" with ID 50 is not in the current network.
phyopt: skip seed=n50 (cannot resolve center node in current AIG).
phyopt: part=mid seed=n24(id=24 center=24 R=4 tpl=2 crit=0.857 pot=0.5714)
phyopt: rejected (map area 11.16->12.22, delay 106.48->120.61).
phyopt: part=mid seed=n32(id=32 center=32 R=4 tpl=2 crit=0.571 pot=0.2143)
phyopt: rejected (map area 11.16->11.43, delay 106.48->120.61).
phyopt: part=mid seed=n37(id=37 center=37 R=4 tpl=0 crit=0.571 pot=0.2143)
phyopt: rejected (map area 11.16->13.30, delay 106.48->102.68).
phyopt: part=mid seed=n38(id=38 center=38 R=4 tpl=2 crit=0.571 pot=0.2143)
phyopt: rejected (map area 11.16->11.16, delay 106.48->104.50).
The node "n44" with ID 44 is not in the current network.
phyopt: skip seed=n44 (cannot resolve center node in current AIG).
The node "n47" with ID 47 is not in the current network.
phyopt: skip seed=n47 (cannot resolve center node in current AIG).
The node "n52" with ID 52 is not in the current network.
phyopt: skip seed=n52 (cannot resolve center node in current AIG).
The node "n53" with ID 53 is not in the current network.
phyopt: skip seed=n53 (cannot resolve center node in current AIG).
The node "n54" with ID 54 is not in the current network.
phyopt: skip seed=n54 (cannot resolve center node in current AIG).
phyopt: finished round 2/3.
mapper_extract: wrote 36 lines to "/mnt/d/My_abc_work/abc/my_work/VS-SMABC_FPRM/compare_4way_out/tmp/in2_raw_flow.phy.csv".
Loaded 36 physical records from /mnt/d/My_abc_work/abc/my_work/VS-SMABC_FPRM/compare_4way_out/tmp/in2_raw_flow.phy.csv
Potential rebuilt: alpha(low/mid/high)=0.300/0.500/0.800 avg_struct=0.4722 avg_slack=0.1944 avg_opt=0.2667
phyopt: round=3 partition sizes high=24 low=2 mid=10.
phyopt: part=high seed=n27(id=27 center=27 R=6 tpl=0 crit=1.000 pot=0.2000)
phyopt: rejected (map area 11.16->11.69, delay 106.48->111.42).
phyopt: part=high seed=n30(id=30 center=30 R=6 tpl=0 crit=1.000 pot=0.2000)
phyopt: rejected (map area 11.16->11.43, delay 106.48->120.61).
phyopt: part=high seed=n35(id=35 center=35 R=6 tpl=0 crit=1.000 pot=0.2000)
phyopt: rejected (map area 11.16->11.71, delay 106.48->107.62).
The node "n50" with ID 50 is not in the current network.
phyopt: skip seed=n50 (cannot resolve center node in current AIG).
phyopt: part=high seed=n32(id=32 center=32 R=6 tpl=0 crit=1.000 pot=0.0000)
phyopt: rejected (map area 11.16->12.77, delay 106.48->116.26).
phyopt: part=high seed=n36(id=36 center=36 R=6 tpl=2 crit=1.000 pot=0.0000)
phyopt: rejected (map area 11.16->12.77, delay 106.48->116.26).
phyopt: part=high seed=n37(id=37 center=37 R=6 tpl=0 crit=1.000 pot=0.0000)
phyopt: rejected (map area 11.16->12.22, delay 106.48->106.16).
phyopt: part=high seed=n38(id=38 center=38 R=6 tpl=1 crit=1.000 pot=0.0000)
phyopt: rejected (map area 11.16->13.30, delay 106.48->104.60).
phyopt: part=high seed=n39(id=39 center=39 R=6 tpl=0 crit=1.000 pot=0.0000)
Object with ID 39 is not a node or reg output.
Error: Extracting sequential window has failed.
Error: phyopt: local optimization failed. Rolling back.
The node "n42" with ID 42 is not in the current network.
phyopt: skip seed=n42 (cannot resolve center node in current AIG).
The node "n44" with ID 44 is not in the current network.
phyopt: skip seed=n44 (cannot resolve center node in current AIG).
The node "n45" with ID 45 is not in the current network.
phyopt: skip seed=n45 (cannot resolve center node in current AIG).
The node "n52" with ID 52 is not in the current network.
phyopt: skip seed=n52 (cannot resolve center node in current AIG).
The node "n53" with ID 53 is not in the current network.
phyopt: skip seed=n53 (cannot resolve center node in current AIG).
The node "n54" with ID 54 is not in the current network.
phyopt: skip seed=n54 (cannot resolve center node in current AIG).
The node "n55" with ID 55 is not in the current network.
phyopt: skip seed=n55 (cannot resolve center node in current AIG).
The node "n56" with ID 56 is not in the current network.
phyopt: skip seed=n56 (cannot resolve center node in current AIG).
phyopt: part=low seed=n21(id=21 center=21 R=3 tpl=1 crit=0.000 pot=1.0000)
phyopt: rejected (map area 11.16->11.70, delay 106.48->120.61).
The node "n40" with ID 40 is not in the current network.
phyopt: skip seed=n40 (cannot resolve center node in current AIG).
phyopt: part=mid seed=n23(id=23 center=23 R=4 tpl=2 crit=0.500 pot=0.7500)
phyopt: rejected (map area 11.16->11.16, delay 106.48->106.48).
The node "n41" with ID 41 is not in the current network.
phyopt: skip seed=n41 (cannot resolve center node in current AIG).
The node "n47" with ID 47 is not in the current network.
phyopt: skip seed=n47 (cannot resolve center node in current AIG).
The node "n49" with ID 49 is not in the current network.
phyopt: skip seed=n49 (cannot resolve center node in current AIG).
phyopt: part=mid seed=n24(id=24 center=24 R=4 tpl=1 crit=0.500 pot=0.2500)
phyopt: rejected (map area 11.16->11.43, delay 106.48->120.61).
phyopt: part=mid seed=n25(id=25 center=25 R=4 tpl=0 crit=0.500 pot=0.2500)
phyopt: rejected (map area 11.16->12.75, delay 106.48->111.42).
The node "n48" with ID 48 is not in the current network.
phyopt: skip seed=n48 (cannot resolve center node in current AIG).
phyopt: finished round 3/3.
phyopt: partition summary (tried/accepted):
  high : 1 / 16
  low  : 0 / 7
  mid  : 3 / 22
phyopt: per-part seed coverage (topK means top-5 potential within processed seeds):
  high: seeds=53 tried=16(30.2%) accepted=1(6.2%) skipped(marked=9,low_slack=0) topK(tried=9/15 accepted=1 hit=11.1%)
  low: seeds=8 tried=7(87.5%) accepted=0(0.0%) skipped(marked=0,low_slack=0) topK(tried=7/8 accepted=0 hit=0.0%)
  mid: seeds=47 tried=22(46.8%) accepted=3(13.6%) skipped(marked=9,low_slack=0) topK(tried=7/15 accepted=1 hit=14.3%)
phyopt: sequence template stats by partition (template_id: accepted/tried):
  high: t0=1/10 t1=0/3 t2=0/3
  low: t0=0/2 t1=0/3 t2=0/2
  mid: t0=1/7 t1=0/3 t2=2/12
phyopt: rejection reason breakdown:
  - runtime_or_eval_fail : 48
  - policy_tradeoff_reject : 7
  - delay_worse : 0
  - area_worse : 17
  - area_and_delay_worse : 13
  - delay_guard_violation : 1
phyopt: skipped marked=18 low_slack=<0.10=0
phyopt: done, accepted=4 rejected=86 final_nodes=19 final_levels=6.
Derived GENLIB library "NangateOpenCellLibrary" with 30 gates using slew 17.19 ps and gain 250.00.
Converting "/mnt/d/My_abc_work/abc/my_work/c17_work/NangateOpenCellLibrary_typical.genlib" into supergate library "/mnt/d/My_abc_work/abc/my_work/c17_work/NangateOpenCellLibrary_typical.super".
Maximum level: Original = 6. Reduced due to choices = 6.
Choice stats:  Choice nodes = 0. Total choices = 0.
Nodes =     38.  Total 5-feasible cuts =         91.  Per node = 2.4. Time =     0.00 sec
Delay    : Delay =     0.00  Flow =        10.1  Area =        11.2   0.0 %   Time =     0.00 sec
AreaFlow : Delay =   106.48  Flow =        10.1  Area =        11.2   0.0 %   Time =     0.00 sec
Area     : Delay =   106.48  Flow =         0.0  Area =        11.2   0.0 %   Time =     0.00 sec
Area     : Delay =   106.48  Flow =         0.0  Area =        11.2   0.0 %   Time =     0.00 sec
Output  po0    : Delay = (106.48, 106.48)  POS
Total runtime =     0.00 sec
phymid: done. You can now run write_verilog/write_blif (or strash; write_aiger).
[1;37m/mnt/d/My_abc_work/abc/my_work/VS-SMABC_FPRM/aig_output_raw/in2_raw:[0m i/o =   19/    1  lat =    0  nd =    12  edge =     30  area =11.16  delay =106.48  lev = 4
