======== ABC command line "source /mnt/d/My_abc_work/abc/my_work/VS-SMABC_FPRM/compare_4way_out/tmp/t2_opt_flow.abc"
Library "NangateOpenCellLibrary" from "/mnt/d/My_abc_work/abc/my_work/c17_work/NangateOpenCellLibrary_typical.lib" has 90 cells (45 skipped: 21 seq; 6 tri-state; 8 no func; 10 dont_use; 0 with 2 outputs; 0 with 3+ outputs).  Time =     0.08 sec
Warning: Detected 2 multi-output cells (for example, "FA_X1").
phymid: running map_oto -> mapper_extract -> phyread -> phyopt -> map
Derived GENLIB library "NangateOpenCellLibrary" with 30 gates using slew 17.19 ps and gain 250.00.
Total runtime =     0.00 sec
mapper_extract: starting extraction...
mapper_extract: extracting to "/mnt/d/My_abc_work/abc/my_work/VS-SMABC_FPRM/compare_4way_out/tmp/t2_opt_flow.phy.csv"...
mapper_extract: max slack = 15.000000

=== DEBUG: Node ID Mapping ===
Format: objId | Name | Type | Fanin0 | Fanin1 | Gate | pData
 19 | n19        | NODE |  17 |  -1 | INV_X1 | 0x617ff63ae020
 20 | n20        | NODE |  16 |  -1 | INV_X1 | 0x617ff63ae020
 21 | n21        | NODE |  15 |  -1 | INV_X1 | 0x617ff63ae020
 22 | n22        | NODE |  14 |  -1 | INV_X1 | 0x617ff63ae020
 23 | n23        | NODE |  13 |  -1 | INV_X1 | 0x617ff63ae020
 24 | n24        | NODE |  12 |  -1 | INV_X1 | 0x617ff63ae020
 25 | n25        | NODE |  11 |  -1 | INV_X1 | 0x617ff63ae020
 26 | n26        | NODE |  10 |  -1 | INV_X1 | 0x617ff63ae020
 27 | n27        | NODE |   9 |  -1 | INV_X1 | 0x617ff63ae020
 28 | n28        | NODE |   8 |  -1 | INV_X1 | 0x617ff63ae020
 29 | n29        | NODE |   7 |  -1 | INV_X1 | 0x617ff63ae020
 30 | n30        | NODE |   6 |  -1 | INV_X1 | 0x617ff63ae020
 31 | n31        | NODE |   5 |  -1 | INV_X1 | 0x617ff63ae020
 32 | n32        | NODE |   4 |  -1 | INV_X1 | 0x617ff63ae020
 33 | n33        | NODE |   3 |  -1 | INV_X1 | 0x617ff63ae020
 34 | n34        | NODE |   1 |  -1 | INV_X1 | 0x617ff63ae020
 35 | n35        | NODE |   2 |  -1 | INV_X1 | 0x617ff63ae020
 36 | n36        | NODE |  34 |  35 | AND2_X1 | 0x617ff63a82d0
 37 | n37        | NODE |  33 |  36 | AND2_X1 | 0x617ff63a82d0
 38 | n38        | NODE |  32 |  37 | AND2_X1 | 0x617ff63a82d0
 39 | n39        | NODE |  31 |  38 | AND2_X1 | 0x617ff63a82d0
 40 | n40        | NODE |  30 |  39 | AND2_X1 | 0x617ff63a82d0
 41 | n41        | NODE |  29 |  40 | AND2_X1 | 0x617ff63a82d0
 42 | n42        | NODE |  28 |  41 | AND2_X1 | 0x617ff63a82d0
 43 | n43        | NODE |  27 |  42 | AND2_X1 | 0x617ff63a82d0
 44 | n44        | NODE |  26 |  43 | AND2_X1 | 0x617ff63a82d0
 45 | n45        | NODE |  25 |  44 | AND2_X1 | 0x617ff63a82d0
 46 | n46        | NODE |  24 |  45 | AND2_X1 | 0x617ff63a82d0
 47 | n47        | NODE |  23 |  46 | AND2_X1 | 0x617ff63a82d0
 48 | n48        | NODE |  22 |  47 | AND2_X1 | 0x617ff63a82d0
 49 | n49        | NODE |  21 |  48 | AND2_X1 | 0x617ff63a82d0
 50 | n50        | NODE |  20 |  49 | AND2_X1 | 0x617ff63a82d0
 51 | n51        | NODE |  19 |  50 | NAND2_X1 | 0x617ff63aee20
 52 | n52        | NODE |  16 |  49 | AND2_X1 | 0x617ff63a82d0
 53 | n53        | NODE |  19 |  52 | NAND2_X1 | 0x617ff63aee20
 54 | n54        | NODE |  51 |  53 | NAND2_X1 | 0x617ff63aee20
==============================

mapper_extract: wrote 36 lines to "/mnt/d/My_abc_work/abc/my_work/VS-SMABC_FPRM/compare_4way_out/tmp/t2_opt_flow.phy.csv".
mapper_extract: done.
Loaded 36 physical records from /mnt/d/My_abc_work/abc/my_work/VS-SMABC_FPRM/compare_4way_out/tmp/t2_opt_flow.phy.csv
Potential rebuilt: alpha(low/mid/high)=0.300/0.500/0.800 avg_struct=0.8524 avg_slack=0.2222 avg_opt=0.3871
Physical records : 36
Gate summary     : NAND=3 AND=16 INV=17 OTHER=0
Alpha (L/M/H)    : 0.300 / 0.500 / 0.800
StructW(i/p/f/g) : 0.500 / 0.400 / 0.050 / 0.050
phyopt: start rounds=3, criticality partitions high(>=0.900)->low(<=0.250)->mid, window=16, mode=fixed.
phyopt: objective=delay-non-regression + area minimization (delay_eps=0.001 rel_tol=0 area_eps=0.001 delay_only=off).
phyopt: case timeout enabled (300 sec).
phyopt: fit-function on (loaded=yes, samples=4350, l0_scale=0.35, l1_scale=0.25, coef_file=/mnt/d/My_abc_work/abc/my_work/model/phy_fit_function_v1.txt).
phyopt: sample-log off (keep_target=28% [35%,95%]).
phyopt: round=1 partition sizes high=22 low=4 mid=10.
phyopt: part=high seed=n33(id=33 center=33 R=5 tpl=0 crit=0.933 pot=0.2533)
phyopt: accepted (map area 14.35->10.63, delay 227.41->174.77).
The node "n34" with ID 34 is not in the current network.
phyopt: skip seed=n34 (cannot resolve center node in current AIG).
The node "n35" with ID 35 is not in the current network.
phyopt: skip seed=n35 (cannot resolve center node in current AIG).
The node "n36" with ID 36 is not in the current network.
phyopt: skip seed=n36 (cannot resolve center node in current AIG).
The node "n38" with ID 38 is not in the current network.
phyopt: skip seed=n38 (cannot resolve center node in current AIG).
The node "n39" with ID 39 is not in the current network.
phyopt: skip seed=n39 (cannot resolve center node in current AIG).
The node "n40" with ID 40 is not in the current network.
phyopt: skip seed=n40 (cannot resolve center node in current AIG).
The node "n41" with ID 41 is not in the current network.
phyopt: skip seed=n41 (cannot resolve center node in current AIG).
The node "n42" with ID 42 is not in the current network.
phyopt: skip seed=n42 (cannot resolve center node in current AIG).
The node "n43" with ID 43 is not in the current network.
phyopt: skip seed=n43 (cannot resolve center node in current AIG).
The node "n44" with ID 44 is not in the current network.
phyopt: skip seed=n44 (cannot resolve center node in current AIG).
The node "n45" with ID 45 is not in the current network.
phyopt: skip seed=n45 (cannot resolve center node in current AIG).
The node "n46" with ID 46 is not in the current network.
phyopt: skip seed=n46 (cannot resolve center node in current AIG).
The node "n47" with ID 47 is not in the current network.
phyopt: skip seed=n47 (cannot resolve center node in current AIG).
The node "n48" with ID 48 is not in the current network.
phyopt: skip seed=n48 (cannot resolve center node in current AIG).
The node "n50" with ID 50 is not in the current network.
phyopt: skip seed=n50 (cannot resolve center node in current AIG).
The node "n51" with ID 51 is not in the current network.
phyopt: skip seed=n51 (cannot resolve center node in current AIG).
The node "n52" with ID 52 is not in the current network.
phyopt: skip seed=n52 (cannot resolve center node in current AIG).
The node "n53" with ID 53 is not in the current network.
phyopt: skip seed=n53 (cannot resolve center node in current AIG).
The node "n54" with ID 54 is not in the current network.
phyopt: skip seed=n54 (cannot resolve center node in current AIG).
The node "n49" with ID 49 is not in the current network.
phyopt: skip seed=n49 (cannot resolve center node in current AIG).
phyopt: part=low seed=n20(id=20 center=20 R=3 tpl=0 crit=0.067 pot=0.9800)
phyopt: accepted (map area 10.63->10.36, delay 174.77->163.44).
phyopt: part=low seed=n21(id=21 center=21 R=3 tpl=1 crit=0.133 pot=0.9600)
phyopt: rejected (map area 10.36->12.74, delay 163.44->159.17).
phyopt: part=low seed=n22(id=22 center=22 R=3 tpl=2 crit=0.200 pot=0.9400)
phyopt: rejected (map area 10.36->10.38, delay 163.44->149.55).
phyopt: part=low seed=n19(id=19 center=19 R=3 tpl=0 crit=0.000 pot=0.3000)
phyopt: rejected (map area 10.36->12.74, delay 163.44->159.17).
phyopt: part=mid seed=n23(id=23 center=23 R=4 tpl=0 crit=0.267 pot=0.8667)
phyopt: rejected (map area 10.36->11.70, delay 163.44->135.44).
phyopt: part=mid seed=n24(id=24 center=24 R=4 tpl=1 crit=0.333 pot=0.8333)
phyopt: accepted (map area 10.36->9.30, delay 163.44->129.51).
phyopt: part=mid seed=n25(id=25 center=25 R=4 tpl=2 crit=0.400 pot=0.8000)
phyopt: rejected (map area 9.30->11.43, delay 129.51->111.00).
phyopt: part=mid seed=n26(id=26 center=26 R=4 tpl=0 crit=0.467 pot=0.7667)
phyopt: rejected (map area 9.30->10.10, delay 129.51->103.51).
phyopt: part=mid seed=n27(id=27 center=27 R=4 tpl=1 crit=0.533 pot=0.7333)
phyopt: accepted (map area 9.30->8.77, delay 129.51->102.40).
phyopt: part=mid seed=n28(id=28 center=28 R=4 tpl=2 crit=0.600 pot=0.7000)
phyopt: rejected (map area 8.77->9.57, delay 102.40->111.42).
phyopt: part=mid seed=n29(id=29 center=29 R=4 tpl=1 crit=0.667 pot=0.6667)
phyopt: rejected (map area 8.77->8.77, delay 102.40->120.61).
phyopt: part=mid seed=n30(id=30 center=30 R=4 tpl=1 crit=0.733 pot=0.6333)
phyopt: rejected (map area 8.77->9.57, delay 102.40->111.42).
phyopt: part=mid seed=n31(id=31 center=31 R=4 tpl=1 crit=0.800 pot=0.6000)
phyopt: rejected (map area 8.77->8.77, delay 102.40->102.40).
phyopt: part=mid seed=n32(id=32 center=32 R=4 tpl=1 crit=0.867 pot=0.5667)
phyopt: rejected (map area 8.77->9.31, delay 102.40->97.14).
phyopt: finished round 1/3.
mapper_extract: wrote 31 lines to "/mnt/d/My_abc_work/abc/my_work/VS-SMABC_FPRM/compare_4way_out/tmp/t2_opt_flow.phy.csv".
Loaded 31 physical records from /mnt/d/My_abc_work/abc/my_work/VS-SMABC_FPRM/compare_4way_out/tmp/t2_opt_flow.phy.csv
Potential rebuilt: alpha(low/mid/high)=0.300/0.500/0.800 avg_struct=0.5161 avg_slack=0.3548 avg_opt=0.3968
phyopt: round=2 partition sizes high=11 low=2 mid=18.
phyopt: part=high seed=n21(id=21 center=21 R=6 tpl=0 crit=1.000 pot=0.2000)
phyopt: rejected (map area 8.77->8.77, delay 102.40->102.40).
phyopt: part=high seed=n25(id=25 center=25 R=6 tpl=1 crit=1.000 pot=0.2000)
phyopt: rejected (map area 8.77->9.86, delay 102.40->94.92).
phyopt: part=high seed=n26(id=26 center=26 R=6 tpl=2 crit=1.000 pot=0.2000)
phyopt: rejected (map area 8.77->9.86, delay 102.40->94.92).
phyopt: part=high seed=n22(id=22 center=22 R=6 tpl=0 crit=1.000 pot=0.0000)
phyopt: rejected (map area 8.77->9.86, delay 102.40->94.92).
phyopt: part=high seed=n23(id=23 center=23 R=6 tpl=1 crit=1.000 pot=0.0000)
phyopt: rejected (map area 8.77->8.77, delay 102.40->102.40).
phyopt: part=high seed=n28(id=28 center=28 R=6 tpl=0 crit=1.000 pot=0.0000)
phyopt: rejected (map area 8.77->8.77, delay 102.40->102.40).
phyopt: part=high seed=n29(id=29 center=29 R=6 tpl=0 crit=1.000 pot=0.0000)
phyopt: rejected (map area 8.77->8.77, delay 102.40->102.40).
The node "n49" with ID 49 is not in the current network.
phyopt: skip seed=n49 (cannot resolve center node in current AIG).
The node "n38" with ID 38 is not in the current network.
phyopt: skip seed=n38 (cannot resolve center node in current AIG).
phyopt: part=mid seed=n19(id=19 center=19 R=4 tpl=1 crit=0.500 pot=0.7500)
phyopt: rejected (map area 8.77->8.76, delay 102.40->104.50).
phyopt: part=mid seed=n30(id=30 center=30 R=4 tpl=2 crit=0.500 pot=0.7500)
phyopt: rejected (map area 8.77->9.57, delay 102.40->111.42).
phyopt: part=mid seed=n31(id=31 center=31 R=4 tpl=1 crit=0.500 pot=0.7500)
phyopt: rejected (map area 8.77->8.77, delay 102.40->102.40).
The node "n34" with ID 34 is not in the current network.
phyopt: skip seed=n34 (cannot resolve center node in current AIG).
The node "n39" with ID 39 is not in the current network.
phyopt: skip seed=n39 (cannot resolve center node in current AIG).
The node "n40" with ID 40 is not in the current network.
phyopt: skip seed=n40 (cannot resolve center node in current AIG).
The node "n44" with ID 44 is not in the current network.
phyopt: skip seed=n44 (cannot resolve center node in current AIG).
The node "n45" with ID 45 is not in the current network.
phyopt: skip seed=n45 (cannot resolve center node in current AIG).
phyopt: part=mid seed=n32(id=32 center=32 R=4 tpl=1 crit=0.500 pot=0.2500)
phyopt: rejected (map area 8.77->9.31, delay 102.40->97.14).
The node "n35" with ID 35 is not in the current network.
phyopt: skip seed=n35 (cannot resolve center node in current AIG).
The node "n36" with ID 36 is not in the current network.
phyopt: skip seed=n36 (cannot resolve center node in current AIG).
The node "n41" with ID 41 is not in the current network.
phyopt: skip seed=n41 (cannot resolve center node in current AIG).
The node "n42" with ID 42 is not in the current network.
phyopt: skip seed=n42 (cannot resolve center node in current AIG).
The node "n47" with ID 47 is not in the current network.
phyopt: skip seed=n47 (cannot resolve center node in current AIG).
The node "n48" with ID 48 is not in the current network.
phyopt: skip seed=n48 (cannot resolve center node in current AIG).
phyopt: finished round 2/3.
mapper_extract: wrote 31 lines to "/mnt/d/My_abc_work/abc/my_work/VS-SMABC_FPRM/compare_4way_out/tmp/t2_opt_flow.phy.csv".
Loaded 31 physical records from /mnt/d/My_abc_work/abc/my_work/VS-SMABC_FPRM/compare_4way_out/tmp/t2_opt_flow.phy.csv
Potential rebuilt: alpha(low/mid/high)=0.300/0.500/0.800 avg_struct=0.5161 avg_slack=0.3548 avg_opt=0.3968
phyopt: round=3 partition sizes high=11 low=2 mid=18.
phyopt: part=high seed=n21(id=21 center=21 R=6 tpl=2 crit=1.000 pot=0.2000)
phyopt: rejected (map area 8.77->8.77, delay 102.40->102.40).
phyopt: part=high seed=n25(id=25 center=25 R=6 tpl=0 crit=1.000 pot=0.2000)
phyopt: rejected (map area 8.77->9.86, delay 102.40->94.92).
phyopt: part=high seed=n26(id=26 center=26 R=6 tpl=0 crit=1.000 pot=0.2000)
phyopt: rejected (map area 8.77->9.86, delay 102.40->94.92).
phyopt: part=high seed=n22(id=22 center=22 R=6 tpl=0 crit=1.000 pot=0.0000)
phyopt: rejected (map area 8.77->9.86, delay 102.40->94.92).
phyopt: part=high seed=n23(id=23 center=23 R=6 tpl=2 crit=1.000 pot=0.0000)
phyopt: rejected (map area 8.77->8.77, delay 102.40->102.40).
phyopt: part=high seed=n28(id=28 center=28 R=6 tpl=0 crit=1.000 pot=0.0000)
phyopt: rejected (map area 8.77->8.77, delay 102.40->102.40).
phyopt: part=high seed=n29(id=29 center=29 R=6 tpl=1 crit=1.000 pot=0.0000)
phyopt: rejected (map area 8.77->8.77, delay 102.40->102.40).
The node "n49" with ID 49 is not in the current network.
phyopt: skip seed=n49 (cannot resolve center node in current AIG).
The node "n38" with ID 38 is not in the current network.
phyopt: skip seed=n38 (cannot resolve center node in current AIG).
phyopt: part=mid seed=n19(id=19 center=19 R=4 tpl=0 crit=0.500 pot=0.7500)
phyopt: rejected (map area 8.77->9.83, delay 102.40->106.16).
phyopt: part=mid seed=n30(id=30 center=30 R=4 tpl=2 crit=0.500 pot=0.7500)
phyopt: rejected (map area 8.77->9.57, delay 102.40->111.42).
phyopt: part=mid seed=n31(id=31 center=31 R=4 tpl=1 crit=0.500 pot=0.7500)
phyopt: rejected (map area 8.77->8.77, delay 102.40->102.40).
The node "n34" with ID 34 is not in the current network.
phyopt: skip seed=n34 (cannot resolve center node in current AIG).
The node "n39" with ID 39 is not in the current network.
phyopt: skip seed=n39 (cannot resolve center node in current AIG).
The node "n40" with ID 40 is not in the current network.
phyopt: skip seed=n40 (cannot resolve center node in current AIG).
The node "n44" with ID 44 is not in the current network.
phyopt: skip seed=n44 (cannot resolve center node in current AIG).
The node "n45" with ID 45 is not in the current network.
phyopt: skip seed=n45 (cannot resolve center node in current AIG).
phyopt: part=mid seed=n32(id=32 center=32 R=4 tpl=1 crit=0.500 pot=0.2500)
phyopt: rejected (map area 8.77->9.31, delay 102.40->97.14).
The node "n35" with ID 35 is not in the current network.
phyopt: skip seed=n35 (cannot resolve center node in current AIG).
The node "n36" with ID 36 is not in the current network.
phyopt: skip seed=n36 (cannot resolve center node in current AIG).
The node "n41" with ID 41 is not in the current network.
phyopt: skip seed=n41 (cannot resolve center node in current AIG).
The node "n42" with ID 42 is not in the current network.
phyopt: skip seed=n42 (cannot resolve center node in current AIG).
The node "n47" with ID 47 is not in the current network.
phyopt: skip seed=n47 (cannot resolve center node in current AIG).
The node "n48" with ID 48 is not in the current network.
phyopt: skip seed=n48 (cannot resolve center node in current AIG).
phyopt: finished round 3/3.
phyopt: partition summary (tried/accepted):
  high : 1 / 15
  low  : 1 / 4
  mid  : 2 / 18
phyopt: per-part seed coverage (topK means top-5 potential within processed seeds):
  high: seeds=44 tried=15(34.1%) accepted=1(6.7%) skipped(marked=7,low_slack=0) topK(tried=9/15 accepted=1 hit=11.1%)
  low: seeds=8 tried=4(50.0%) accepted=1(25.0%) skipped(marked=2,low_slack=0) topK(tried=4/8 accepted=1 hit=25.0%)
  mid: seeds=46 tried=18(39.1%) accepted=2(11.1%) skipped(marked=6,low_slack=0) topK(tried=11/15 accepted=2 hit=18.2%)
phyopt: sequence template stats by partition (template_id: accepted/tried):
  high: t0=1/9 t1=0/3 t2=0/3
  low: t0=1/2 t1=0/1 t2=0/1
  mid: t0=0/3 t1=2/11 t2=0/4
phyopt: rejection reason breakdown:
  - runtime_or_eval_fail : 46
  - policy_tradeoff_reject : 11
  - delay_worse : 0
  - area_worse : 15
  - area_and_delay_worse : 5
  - delay_guard_violation : 2
phyopt: skipped marked=15 low_slack=<0.10=0
phyopt: done, accepted=4 rejected=79 final_nodes=15 final_levels=5.
Derived GENLIB library "NangateOpenCellLibrary" with 30 gates using slew 17.19 ps and gain 250.00.
Converting "/mnt/d/My_abc_work/abc/my_work/c17_work/NangateOpenCellLibrary_typical.genlib" into supergate library "/mnt/d/My_abc_work/abc/my_work/c17_work/NangateOpenCellLibrary_typical.super".
Maximum level: Original = 5. Reduced due to choices = 5.
Choice stats:  Choice nodes = 0. Total choices = 0.
Nodes =     32.  Total 5-feasible cuts =         70.  Per node = 2.2. Time =     0.00 sec
Delay    : Delay =     0.00  Flow =         8.8  Area =         9.8   0.0 %   Time =     0.00 sec
AreaFlow : Delay =   102.40  Flow =         8.8  Area =         9.8   0.0 %   Time =     0.00 sec
Area     : Delay =   102.40  Flow =         0.0  Area =         8.8  10.9 %   Time =     0.00 sec
Area     : Delay =   102.40  Flow =         0.0  Area =         8.8  10.9 %   Time =     0.00 sec
Output  po0    : Delay = (102.40, 102.40)  POS
Total runtime =     0.00 sec
phymid: done. You can now run write_verilog/write_blif (or strash; write_aiger).
[1;37m/mnt/d/My_abc_work/abc/my_work/VS-SMABC_FPRM/aig_output_opt/t2_opt:[0m i/o =   17/    1  lat =    0  nd =     9  edge =     24  area = 8.77  delay =102.40  lev = 3
