======== ABC command line "source /mnt/d/My_abc_work/abc/my_work/VS-SMABC_FPRM/compare_4way_out/tmp/table3_opt_flow.abc"
Library "NangateOpenCellLibrary" from "/mnt/d/My_abc_work/abc/my_work/c17_work/NangateOpenCellLibrary_typical.lib" has 90 cells (45 skipped: 21 seq; 6 tri-state; 8 no func; 10 dont_use; 0 with 2 outputs; 0 with 3+ outputs).  Time =     0.08 sec
Warning: Detected 2 multi-output cells (for example, "FA_X1").
phymid: running map_oto -> mapper_extract -> phyread -> phyopt -> map
Derived GENLIB library "NangateOpenCellLibrary" with 30 gates using slew 17.19 ps and gain 250.00.
Total runtime =     0.00 sec
mapper_extract: starting extraction...
mapper_extract: extracting to "/mnt/d/My_abc_work/abc/my_work/VS-SMABC_FPRM/compare_4way_out/tmp/table3_opt_flow.phy.csv"...
mapper_extract: max slack = 12.000000

=== DEBUG: Node ID Mapping ===
Format: objId | Name | Type | Fanin0 | Fanin1 | Gate | pData
 16 | n16        | NODE |  14 |  -1 | INV_X1 | 0x56cb67ccb020
 17 | n17        | NODE |  13 |  -1 | INV_X1 | 0x56cb67ccb020
 18 | n18        | NODE |  12 |  -1 | INV_X1 | 0x56cb67ccb020
 19 | n19        | NODE |  11 |  -1 | INV_X1 | 0x56cb67ccb020
 20 | n20        | NODE |  10 |  -1 | INV_X1 | 0x56cb67ccb020
 21 | n21        | NODE |   9 |  -1 | INV_X1 | 0x56cb67ccb020
 22 | n22        | NODE |   8 |  -1 | INV_X1 | 0x56cb67ccb020
 23 | n23        | NODE |   7 |  -1 | INV_X1 | 0x56cb67ccb020
 24 | n24        | NODE |   6 |  -1 | INV_X1 | 0x56cb67ccb020
 25 | n25        | NODE |   5 |  -1 | INV_X1 | 0x56cb67ccb020
 26 | n26        | NODE |   4 |  -1 | INV_X1 | 0x56cb67ccb020
 27 | n27        | NODE |   3 |  -1 | INV_X1 | 0x56cb67ccb020
 28 | n28        | NODE |   1 |  -1 | INV_X1 | 0x56cb67ccb020
 29 | n29        | NODE |   2 |  -1 | INV_X1 | 0x56cb67ccb020
 30 | n30        | NODE |  28 |  29 | AND2_X1 | 0x56cb67cc52d0
 31 | n31        | NODE |  27 |  30 | AND2_X1 | 0x56cb67cc52d0
 32 | n32        | NODE |  26 |  31 | AND2_X1 | 0x56cb67cc52d0
 33 | n33        | NODE |  25 |  32 | AND2_X1 | 0x56cb67cc52d0
 34 | n34        | NODE |  24 |  33 | AND2_X1 | 0x56cb67cc52d0
 35 | n35        | NODE |  23 |  34 | AND2_X1 | 0x56cb67cc52d0
 36 | n36        | NODE |  22 |  35 | AND2_X1 | 0x56cb67cc52d0
 37 | n37        | NODE |  21 |  36 | AND2_X1 | 0x56cb67cc52d0
 38 | n38        | NODE |  20 |  37 | AND2_X1 | 0x56cb67cc52d0
 39 | n39        | NODE |  19 |  38 | AND2_X1 | 0x56cb67cc52d0
 40 | n40        | NODE |  18 |  39 | AND2_X1 | 0x56cb67cc52d0
 41 | n41        | NODE |  17 |  40 | AND2_X1 | 0x56cb67cc52d0
 42 | n42        | NODE |  16 |  41 | NAND2_X1 | 0x56cb67ccbe20
 43 | n43        | NODE |  14 |  41 | NAND2_X1 | 0x56cb67ccbe20
 44 | n44        | NODE |  42 |  43 | AND2_X1 | 0x56cb67cc52d0
 45 | n45        | NODE |  13 |  40 | AND2_X1 | 0x56cb67cc52d0
 46 | n46        | NODE |  16 |  45 | NAND2_X1 | 0x56cb67ccbe20
 47 | n47        | NODE |  44 |  46 | NAND2_X1 | 0x56cb67ccbe20
==============================

mapper_extract: wrote 32 lines to "/mnt/d/My_abc_work/abc/my_work/VS-SMABC_FPRM/compare_4way_out/tmp/table3_opt_flow.phy.csv".
mapper_extract: done.
Loaded 32 physical records from /mnt/d/My_abc_work/abc/my_work/VS-SMABC_FPRM/compare_4way_out/tmp/table3_opt_flow.phy.csv
Potential rebuilt: alpha(low/mid/high)=0.300/0.500/0.800 avg_struct=0.8405 avg_slack=0.2083 avg_opt=0.3652
Physical records : 32
Gate summary     : NAND=4 AND=14 INV=14 OTHER=0
Alpha (L/M/H)    : 0.300 / 0.500 / 0.800
StructW(i/p/f/g) : 0.500 / 0.400 / 0.050 / 0.050
phyopt: start rounds=3, criticality partitions high(>=0.900)->low(<=0.250)->mid, window=16, mode=fixed.
phyopt: objective=delay-non-regression + area minimization (delay_eps=0.001 rel_tol=0 area_eps=0.001 delay_only=off).
phyopt: case timeout enabled (300 sec).
phyopt: fit-function on (loaded=yes, samples=4350, l0_scale=0.35, l1_scale=0.25, coef_file=/mnt/d/My_abc_work/abc/my_work/model/phy_fit_function_v1.txt).
phyopt: sample-log off (keep_target=28% [35%,95%]).
phyopt: round=1 partition sizes high=21 low=4 mid=7.
phyopt: part=high seed=n27(id=27 center=27 R=5 tpl=0 crit=0.917 pot=0.2667)
phyopt: rejected (map area 9.29->9.30, delay 182.21->167.22).
The node "n45" with ID 45 is not in the current network.
phyopt: skip seed=n45 (cannot resolve center node in current AIG).
The node "n46" with ID 46 is not in the current network.
phyopt: skip seed=n46 (cannot resolve center node in current AIG).
phyopt: part=high seed=n28(id=28 center=28 R=6 tpl=0 crit=1.000 pot=0.2000)
phyopt: rejected (map area 9.29->11.43, delay 182.21->154.46).
phyopt: part=high seed=n29(id=29 center=29 R=6 tpl=1 crit=1.000 pot=0.2000)
phyopt: rejected (map area 9.29->9.30, delay 182.21->167.22).
phyopt: part=high seed=n30(id=30 center=30 R=6 tpl=2 crit=1.000 pot=0.1548)
phyopt: rejected (map area 9.29->11.16, delay 182.21->146.57).
phyopt: part=high seed=n31(id=31 center=31 R=6 tpl=0 crit=1.000 pot=0.1548)
phyopt: rejected (map area 9.29->11.43, delay 182.21->154.46).
phyopt: part=high seed=n32(id=32 center=32 R=6 tpl=1 crit=1.000 pot=0.1548)
phyopt: rejected (map area 9.29->9.30, delay 182.21->167.22).
phyopt: part=high seed=n33(id=33 center=33 R=6 tpl=2 crit=1.000 pot=0.1548)
Object with ID 33 is not a node or reg output.
Error: Extracting sequential window has failed.
Error: phyopt: local optimization failed. Rolling back.
The node "n34" with ID 34 is not in the current network.
phyopt: skip seed=n34 (cannot resolve center node in current AIG).
The node "n35" with ID 35 is not in the current network.
phyopt: skip seed=n35 (cannot resolve center node in current AIG).
The node "n36" with ID 36 is not in the current network.
phyopt: skip seed=n36 (cannot resolve center node in current AIG).
The node "n37" with ID 37 is not in the current network.
phyopt: skip seed=n37 (cannot resolve center node in current AIG).
The node "n38" with ID 38 is not in the current network.
phyopt: skip seed=n38 (cannot resolve center node in current AIG).
The node "n39" with ID 39 is not in the current network.
phyopt: skip seed=n39 (cannot resolve center node in current AIG).
The node "n42" with ID 42 is not in the current network.
phyopt: skip seed=n42 (cannot resolve center node in current AIG).
The node "n43" with ID 43 is not in the current network.
phyopt: skip seed=n43 (cannot resolve center node in current AIG).
The node "n44" with ID 44 is not in the current network.
phyopt: skip seed=n44 (cannot resolve center node in current AIG).
The node "n47" with ID 47 is not in the current network.
phyopt: skip seed=n47 (cannot resolve center node in current AIG).
The node "n40" with ID 40 is not in the current network.
phyopt: skip seed=n40 (cannot resolve center node in current AIG).
The node "n41" with ID 41 is not in the current network.
phyopt: skip seed=n41 (cannot resolve center node in current AIG).
phyopt: part=low seed=n17(id=17 center=17 R=3 tpl=0 crit=0.083 pot=0.9750)
phyopt: rejected (map area 9.29->9.29, delay 182.21->167.80).
phyopt: part=low seed=n18(id=18 center=18 R=3 tpl=1 crit=0.167 pot=0.9500)
phyopt: rejected (map area 9.29->10.88, delay 182.21->164.05).
phyopt: part=low seed=n19(id=19 center=19 R=3 tpl=2 crit=0.250 pot=0.9250)
phyopt: rejected (map area 9.29->11.41, delay 182.21->158.03).
phyopt: part=low seed=n16(id=16 center=16 R=3 tpl=0 crit=0.000 pot=0.3000)
phyopt: rejected (map area 9.29->9.30, delay 182.21->171.02).
phyopt: part=mid seed=n20(id=20 center=20 R=4 tpl=0 crit=0.333 pot=0.8333)
phyopt: accepted (map area 9.29->9.04, delay 182.21->140.90).
phyopt: part=mid seed=n21(id=21 center=21 R=4 tpl=1 crit=0.417 pot=0.7917)
phyopt: rejected (map area 9.04->9.04, delay 140.90->140.90).
phyopt: part=mid seed=n22(id=22 center=22 R=4 tpl=2 crit=0.500 pot=0.7500)
phyopt: rejected (map area 9.04->12.74, delay 140.90->126.00).
phyopt: part=mid seed=n23(id=23 center=23 R=4 tpl=0 crit=0.583 pot=0.7083)
phyopt: accepted (map area 9.04->8.78, delay 140.90->124.17).
phyopt: part=mid seed=n24(id=24 center=24 R=4 tpl=1 crit=0.667 pot=0.6667)
phyopt: rejected (map area 8.78->9.31, delay 124.17->124.27).
phyopt: part=mid seed=n25(id=25 center=25 R=4 tpl=2 crit=0.750 pot=0.6250)
phyopt: rejected (map area 8.78->8.78, delay 124.17->124.17).
phyopt: part=mid seed=n26(id=26 center=26 R=4 tpl=0 crit=0.833 pot=0.5833)
phyopt: rejected (map area 8.78->8.78, delay 124.17->124.17).
phyopt: finished round 1/3.
mapper_extract: wrote 32 lines to "/mnt/d/My_abc_work/abc/my_work/VS-SMABC_FPRM/compare_4way_out/tmp/table3_opt_flow.phy.csv".
Loaded 32 physical records from /mnt/d/My_abc_work/abc/my_work/VS-SMABC_FPRM/compare_4way_out/tmp/table3_opt_flow.phy.csv
Potential rebuilt: alpha(low/mid/high)=0.300/0.500/0.800 avg_struct=0.8405 avg_slack=0.1000 avg_opt=0.2817
phyopt: round=2 partition sizes high=23 low=2 mid=7.
phyopt: part=high seed=n18(id=18 center=18 R=6 tpl=0 crit=1.000 pot=0.2000)
phyopt: accepted (map area 8.78->6.63, delay 124.17->116.49).
phyopt: part=high seed=n19(id=19 center=19 R=6 tpl=0 crit=1.000 pot=0.2000)
phyopt: rejected (map area 6.63->6.63, delay 116.49->116.49).
phyopt: part=high seed=n21(id=21 center=21 R=6 tpl=0 crit=1.000 pot=0.2000)
phyopt: rejected (map area 6.63->6.63, delay 116.49->116.49).
phyopt: part=high seed=n22(id=22 center=22 R=6 tpl=0 crit=1.000 pot=0.2000)
phyopt: rejected (map area 6.63->9.31, delay 116.49->124.27).
phyopt: part=high seed=n26(id=26 center=26 R=6 tpl=0 crit=1.000 pot=0.2000)
phyopt: rejected (map area 6.63->6.63, delay 116.49->116.49).
phyopt: part=high seed=n27(id=27 center=27 R=6 tpl=2 crit=1.000 pot=0.2000)
phyopt: rejected (map area 6.63->8.78, delay 116.49->124.17).
The node "n36" with ID 36 is not in the current network.
phyopt: skip seed=n36 (cannot resolve center node in current AIG).
phyopt: part=high seed=n24(id=24 center=24 R=6 tpl=0 crit=1.000 pot=0.1548)
phyopt: rejected (map area 6.63->6.63, delay 116.49->116.49).
phyopt: part=high seed=n28(id=28 center=28 R=6 tpl=1 crit=1.000 pot=0.1548)
phyopt: rejected (map area 6.63->6.63, delay 116.49->116.49).
phyopt: part=high seed=n29(id=29 center=29 R=6 tpl=0 crit=1.000 pot=0.1548)
phyopt: rejected (map area 6.63->6.63, delay 116.49->116.49).
phyopt: part=high seed=n30(id=30 center=30 R=6 tpl=0 crit=1.000 pot=0.1548)
phyopt: rejected (map area 6.63->6.63, delay 116.49->116.49).
The node "n37" with ID 37 is not in the current network.
phyopt: skip seed=n37 (cannot resolve center node in current AIG).
The node "n39" with ID 39 is not in the current network.
phyopt: skip seed=n39 (cannot resolve center node in current AIG).
The node "n42" with ID 42 is not in the current network.
phyopt: skip seed=n42 (cannot resolve center node in current AIG).
The node "n43" with ID 43 is not in the current network.
phyopt: skip seed=n43 (cannot resolve center node in current AIG).
The node "n44" with ID 44 is not in the current network.
phyopt: skip seed=n44 (cannot resolve center node in current AIG).
The node "n47" with ID 47 is not in the current network.
phyopt: skip seed=n47 (cannot resolve center node in current AIG).
The node "n40" with ID 40 is not in the current network.
phyopt: skip seed=n40 (cannot resolve center node in current AIG).
The node "n41" with ID 41 is not in the current network.
phyopt: skip seed=n41 (cannot resolve center node in current AIG).
phyopt: part=low seed=n17(id=17 center=17 R=3 tpl=1 crit=0.200 pot=0.9400)
phyopt: rejected (map area 6.63->9.31, delay 116.49->124.27).
phyopt: part=low seed=n16(id=16 center=16 R=3 tpl=2 crit=0.000 pot=0.3000)
phyopt: rejected (map area 6.63->7.44, delay 116.49->137.06).
phyopt: part=mid seed=n25(id=25 center=25 R=4 tpl=0 crit=0.800 pot=0.6000)
phyopt: rejected (map area 6.63->8.78, delay 116.49->124.17).
phyopt: part=mid seed=n31(id=31 center=31 R=4 tpl=0 crit=0.800 pot=0.6000)
phyopt: rejected (map area 6.63->7.44, delay 116.49->104.50).
phyopt: part=mid seed=n32(id=32 center=32 R=4 tpl=0 crit=0.800 pot=0.6000)
phyopt: rejected (map area 6.63->7.70, delay 116.49->97.14).
The node "n34" with ID 34 is not in the current network.
phyopt: skip seed=n34 (cannot resolve center node in current AIG).
phyopt: part=mid seed=n33(id=33 center=33 R=4 tpl=0 crit=0.800 pot=0.4869)
Object with ID 33 is not a node or reg output.
Error: Extracting sequential window has failed.
Error: phyopt: local optimization failed. Rolling back.
The node "n45" with ID 45 is not in the current network.
phyopt: skip seed=n45 (cannot resolve center node in current AIG).
The node "n46" with ID 46 is not in the current network.
phyopt: skip seed=n46 (cannot resolve center node in current AIG).
phyopt: finished round 2/3.
mapper_extract: wrote 32 lines to "/mnt/d/My_abc_work/abc/my_work/VS-SMABC_FPRM/compare_4way_out/tmp/table3_opt_flow.phy.csv".
Loaded 32 physical records from /mnt/d/My_abc_work/abc/my_work/VS-SMABC_FPRM/compare_4way_out/tmp/table3_opt_flow.phy.csv
Potential rebuilt: alpha(low/mid/high)=0.300/0.500/0.800 avg_struct=0.8405 avg_slack=0.0938 avg_opt=0.2714
phyopt: round=3 partition sizes high=24 low=2 mid=6.
phyopt: part=high seed=n19(id=19 center=19 R=6 tpl=2 crit=1.000 pot=0.2000)
phyopt: rejected (map area 6.63->8.78, delay 116.49->124.17).
phyopt: part=high seed=n24(id=24 center=24 R=6 tpl=0 crit=1.000 pot=0.2000)
phyopt: rejected (map area 6.63->6.63, delay 116.49->116.49).
phyopt: part=high seed=n25(id=25 center=25 R=6 tpl=0 crit=1.000 pot=0.2000)
phyopt: rejected (map area 6.63->6.63, delay 116.49->116.49).
phyopt: part=high seed=n30(id=30 center=30 R=6 tpl=1 crit=1.000 pot=0.2000)
phyopt: rejected (map area 6.63->6.63, delay 116.49->116.49).
phyopt: part=high seed=n31(id=31 center=31 R=6 tpl=0 crit=1.000 pot=0.2000)
phyopt: rejected (map area 6.63->6.63, delay 116.49->116.49).
The node "n36" with ID 36 is not in the current network.
phyopt: skip seed=n36 (cannot resolve center node in current AIG).
phyopt: part=high seed=n21(id=21 center=21 R=6 tpl=0 crit=1.000 pot=0.1548)
phyopt: rejected (map area 6.63->6.63, delay 116.49->116.49).
phyopt: part=high seed=n22(id=22 center=22 R=6 tpl=2 crit=1.000 pot=0.1548)
phyopt: rejected (map area 6.63->6.63, delay 116.49->116.49).
phyopt: part=high seed=n26(id=26 center=26 R=6 tpl=0 crit=1.000 pot=0.1548)
phyopt: rejected (map area 6.63->6.63, delay 116.49->116.49).
phyopt: part=high seed=n27(id=27 center=27 R=6 tpl=0 crit=1.000 pot=0.1548)
phyopt: rejected (map area 6.63->6.63, delay 116.49->116.49).
phyopt: part=high seed=n28(id=28 center=28 R=6 tpl=0 crit=1.000 pot=0.1548)
phyopt: rejected (map area 6.63->6.63, delay 116.49->116.49).
phyopt: part=high seed=n32(id=32 center=32 R=6 tpl=1 crit=1.000 pot=0.1548)
phyopt: rejected (map area 6.63->6.63, delay 116.49->116.49).
phyopt: part=high seed=n33(id=33 center=33 R=6 tpl=0 crit=1.000 pot=0.1548)
Object with ID 33 is not a node or reg output.
Error: Extracting sequential window has failed.
Error: phyopt: local optimization failed. Rolling back.
The node "n37" with ID 37 is not in the current network.
phyopt: skip seed=n37 (cannot resolve center node in current AIG).
The node "n39" with ID 39 is not in the current network.
phyopt: skip seed=n39 (cannot resolve center node in current AIG).
The node "n42" with ID 42 is not in the current network.
phyopt: skip seed=n42 (cannot resolve center node in current AIG).
The node "n43" with ID 43 is not in the current network.
phyopt: skip seed=n43 (cannot resolve center node in current AIG).
The node "n44" with ID 44 is not in the current network.
phyopt: skip seed=n44 (cannot resolve center node in current AIG).
The node "n47" with ID 47 is not in the current network.
phyopt: skip seed=n47 (cannot resolve center node in current AIG).
The node "n40" with ID 40 is not in the current network.
phyopt: skip seed=n40 (cannot resolve center node in current AIG).
The node "n41" with ID 41 is not in the current network.
phyopt: skip seed=n41 (cannot resolve center node in current AIG).
phyopt: part=low seed=n17(id=17 center=17 R=3 tpl=1 crit=0.200 pot=0.9400)
phyopt: rejected (map area 6.63->9.31, delay 116.49->124.27).
phyopt: part=low seed=n16(id=16 center=16 R=3 tpl=1 crit=0.000 pot=0.3000)
phyopt: rejected (map area 6.63->7.44, delay 116.49->137.06).
phyopt: part=mid seed=n29(id=29 center=29 R=4 tpl=0 crit=0.800 pot=0.6000)
phyopt: rejected (map area 6.63->7.70, delay 116.49->97.14).
The node "n34" with ID 34 is not in the current network.
phyopt: skip seed=n34 (cannot resolve center node in current AIG).
The node "n45" with ID 45 is not in the current network.
phyopt: skip seed=n45 (cannot resolve center node in current AIG).
The node "n46" with ID 46 is not in the current network.
phyopt: skip seed=n46 (cannot resolve center node in current AIG).
phyopt: finished round 3/3.
phyopt: partition summary (tried/accepted):
  high : 1 / 29
  low  : 0 / 8
  mid  : 2 / 12
phyopt: per-part seed coverage (topK means top-5 potential within processed seeds):
  high: seeds=68 tried=29(42.6%) accepted=1(3.4%) skipped(marked=7,low_slack=0) topK(tried=12/15 accepted=1 hit=8.3%)
  low: seeds=8 tried=8(100.0%) accepted=0(0.0%) skipped(marked=0,low_slack=0) topK(tried=8/8 accepted=0 hit=0.0%)
  mid: seeds=20 tried=12(60.0%) accepted=2(16.7%) skipped(marked=2,low_slack=0) topK(tried=10/15 accepted=2 hit=20.0%)
phyopt: sequence template stats by partition (template_id: accepted/tried):
  high: t0=1/19 t1=0/5 t2=0/5
  low: t0=0/2 t1=0/4 t2=0/2
  mid: t0=2/8 t1=0/2 t2=0/2
phyopt: rejection reason breakdown:
  - runtime_or_eval_fail : 41
  - policy_tradeoff_reject : 21
  - delay_worse : 0
  - area_worse : 13
  - area_and_delay_worse : 9
  - delay_guard_violation : 0
phyopt: skipped marked=9 low_slack=<0.10=0
phyopt: done, accepted=3 rejected=84 final_nodes=18 final_levels=8.
Derived GENLIB library "NangateOpenCellLibrary" with 30 gates using slew 17.19 ps and gain 250.00.
Converting "/mnt/d/My_abc_work/abc/my_work/c17_work/NangateOpenCellLibrary_typical.genlib" into supergate library "/mnt/d/My_abc_work/abc/my_work/c17_work/NangateOpenCellLibrary_typical.super".
Maximum level: Original = 8. Reduced due to choices = 8.
Choice stats:  Choice nodes = 0. Total choices = 0.
Nodes =     32.  Total 5-feasible cuts =         95.  Per node = 3.0. Time =     0.00 sec
Delay    : Delay =     0.00  Flow =         3.8  Area =         6.6   0.0 %   Time =     0.00 sec
AreaFlow : Delay =   116.49  Flow =         3.8  Area =         6.6   0.0 %   Time =     0.00 sec
Area     : Delay =   116.49  Flow =         0.0  Area =         6.6   0.0 %   Time =     0.00 sec
Area     : Delay =   116.49  Flow =         0.0  Area =         6.6   0.0 %   Time =     0.00 sec
Output  po0    : Delay = (116.49, 116.49)  NEG
Total runtime =     0.00 sec
phymid: done. You can now run write_verilog/write_blif (or strash; write_aiger).
[1;37m/mnt/d/My_abc_work/abc/my_work/VS-SMABC_FPRM/aig_output_opt/table3_opt:[0m i/o =   14/    1  lat =    0  nd =     6  edge =     19  area = 6.63  delay =116.49  lev = 3
