======== ABC command line "source /mnt/d/My_abc_work/abc/my_work/VS-SMABC_FPRM/compare_4way_out/tmp/table5_opt_flow.abc"
Library "NangateOpenCellLibrary" from "/mnt/d/My_abc_work/abc/my_work/c17_work/NangateOpenCellLibrary_typical.lib" has 90 cells (45 skipped: 21 seq; 6 tri-state; 8 no func; 10 dont_use; 0 with 2 outputs; 0 with 3+ outputs).  Time =     0.11 sec
Warning: Detected 2 multi-output cells (for example, "FA_X1").
phymid: running map_oto -> mapper_extract -> phyread -> phyopt -> map
Derived GENLIB library "NangateOpenCellLibrary" with 30 gates using slew 17.19 ps and gain 250.00.
Total runtime =     0.00 sec
mapper_extract: starting extraction...
mapper_extract: extracting to "/mnt/d/My_abc_work/abc/my_work/VS-SMABC_FPRM/compare_4way_out/tmp/table5_opt_flow.phy.csv"...
mapper_extract: max slack = 15.000000

=== DEBUG: Node ID Mapping ===
Format: objId | Name | Type | Fanin0 | Fanin1 | Gate | pData
 19 | n19        | NODE |  17 |   0 | INV_X1 | 0x5f9729f5e020
 20 | n20        | NODE |  16 |   0 | INV_X1 | 0x5f9729f5e020
 21 | n21        | NODE |  15 |   0 | INV_X1 | 0x5f9729f5e020
 22 | n22        | NODE |  14 |   0 | INV_X1 | 0x5f9729f5e020
 23 | n23        | NODE |  13 |   0 | INV_X1 | 0x5f9729f5e020
 24 | n24        | NODE |  12 |   0 | INV_X1 | 0x5f9729f5e020
 25 | n25        | NODE |  11 |   0 | INV_X1 | 0x5f9729f5e020
 26 | n26        | NODE |  10 |   0 | INV_X1 | 0x5f9729f5e020
 27 | n27        | NODE |   9 |   0 | INV_X1 | 0x5f9729f5e020
 28 | n28        | NODE |   8 |   0 | INV_X1 | 0x5f9729f5e020
 29 | n29        | NODE |   7 |   0 | INV_X1 | 0x5f9729f5e020
 30 | n30        | NODE |   6 |   0 | INV_X1 | 0x5f9729f5e020
 31 | n31        | NODE |   5 |   0 | INV_X1 | 0x5f9729f5e020
 32 | n32        | NODE |   4 |   0 | INV_X1 | 0x5f9729f5e020
 33 | n33        | NODE |   3 |   0 | INV_X1 | 0x5f9729f5e020
 34 | n34        | NODE |   1 |   0 | INV_X1 | 0x5f9729f5e020
 35 | n35        | NODE |   2 |   0 | INV_X1 | 0x5f9729f5e020
 36 | n36        | NODE |  34 |  35 | AND2_X1 | 0x5f9729f582d0
 37 | n37        | NODE |  33 |  36 | AND2_X1 | 0x5f9729f582d0
 38 | n38        | NODE |  32 |  37 | AND2_X1 | 0x5f9729f582d0
 39 | n39        | NODE |  31 |  38 | AND2_X1 | 0x5f9729f582d0
 40 | n40        | NODE |  30 |  39 | AND2_X1 | 0x5f9729f582d0
 41 | n41        | NODE |  29 |  40 | AND2_X1 | 0x5f9729f582d0
 42 | n42        | NODE |  28 |  41 | AND2_X1 | 0x5f9729f582d0
 43 | n43        | NODE |  27 |  42 | AND2_X1 | 0x5f9729f582d0
 44 | n44        | NODE |  26 |  43 | AND2_X1 | 0x5f9729f582d0
 45 | n45        | NODE |  25 |  44 | AND2_X1 | 0x5f9729f582d0
 46 | n46        | NODE |  24 |  45 | AND2_X1 | 0x5f9729f582d0
 47 | n47        | NODE |  23 |  46 | AND2_X1 | 0x5f9729f582d0
 48 | n48        | NODE |  22 |  47 | AND2_X1 | 0x5f9729f582d0
 49 | n49        | NODE |  21 |  48 | AND2_X1 | 0x5f9729f582d0
 50 | n50        | NODE |  20 |  49 | AND2_X1 | 0x5f9729f582d0
 51 | n51        | NODE |  19 |  50 | NAND2_X1 | 0x5f9729f5ee20
 52 | n52        | NODE |  16 |  49 | AND2_X1 | 0x5f9729f582d0
 53 | n53        | NODE |  17 |  52 | NAND2_X1 | 0x5f9729f5ee20
 54 | n54        | NODE |  51 |  53 | NAND2_X1 | 0x5f9729f5ee20
==============================

mapper_extract: wrote 36 lines to "/mnt/d/My_abc_work/abc/my_work/VS-SMABC_FPRM/compare_4way_out/tmp/table5_opt_flow.phy.csv".
mapper_extract: done.
Loaded 36 physical records from /mnt/d/My_abc_work/abc/my_work/VS-SMABC_FPRM/compare_4way_out/tmp/table5_opt_flow.phy.csv
Potential rebuilt: alpha(low/mid/high)=0.300/0.500/0.800 avg_struct=0.5060 avg_slack=0.2222 avg_opt=0.3318
Physical records : 36
Gate summary     : NAND=3 AND=16 INV=17 OTHER=0
Alpha (L/M/H)    : 0.300 / 0.500 / 0.800
StructW(i/p/f/g) : 0.500 / 0.400 / 0.050 / 0.050
phyopt: start rounds=3, criticality partitions high(>=0.900)->low(<=0.250)->mid, window=16, mode=fixed.
phyopt: objective=delay-non-regression + area minimization (delay_eps=0.001 rel_tol=0 area_eps=0.001 delay_only=off).
phyopt: case timeout enabled (300 sec).
phyopt: fit-function on (loaded=yes, samples=4350, l0_scale=0.35, l1_scale=0.25, coef_file=/mnt/d/My_abc_work/abc/my_work/model/phy_fit_function_v1.txt).
phyopt: sample-log off (keep_target=28% [35%,95%]).
phyopt: round=1 partition sizes high=22 low=4 mid=10.
phyopt: part=high seed=n33(id=33 center=33 R=5 tpl=0 crit=0.933 pot=0.2533)
phyopt: accepted (map area 14.35->12.22, delay 227.41->189.76).
phyopt: part=high seed=n34(id=34 center=34 R=6 tpl=1 crit=1.000 pot=0.2000)
phyopt: rejected (map area 12.22->13.02, delay 189.76->174.77).
phyopt: part=high seed=n35(id=35 center=35 R=6 tpl=2 crit=1.000 pot=0.2000)
phyopt: rejected (map area 12.22->12.23, delay 189.76->156.39).
phyopt: part=high seed=n36(id=36 center=36 R=6 tpl=0 crit=1.000 pot=0.0135)
Object with ID 36 is not a node or reg output.
Error: Extracting sequential window has failed.
Error: phyopt: local optimization failed. Rolling back.
The node "n38" with ID 38 is not in the current network.
phyopt: skip seed=n38 (cannot resolve center node in current AIG).
The node "n39" with ID 39 is not in the current network.
phyopt: skip seed=n39 (cannot resolve center node in current AIG).
The node "n40" with ID 40 is not in the current network.
phyopt: skip seed=n40 (cannot resolve center node in current AIG).
The node "n41" with ID 41 is not in the current network.
phyopt: skip seed=n41 (cannot resolve center node in current AIG).
The node "n42" with ID 42 is not in the current network.
phyopt: skip seed=n42 (cannot resolve center node in current AIG).
The node "n43" with ID 43 is not in the current network.
phyopt: skip seed=n43 (cannot resolve center node in current AIG).
The node "n44" with ID 44 is not in the current network.
phyopt: skip seed=n44 (cannot resolve center node in current AIG).
The node "n45" with ID 45 is not in the current network.
phyopt: skip seed=n45 (cannot resolve center node in current AIG).
The node "n46" with ID 46 is not in the current network.
phyopt: skip seed=n46 (cannot resolve center node in current AIG).
The node "n47" with ID 47 is not in the current network.
phyopt: skip seed=n47 (cannot resolve center node in current AIG).
The node "n48" with ID 48 is not in the current network.
phyopt: skip seed=n48 (cannot resolve center node in current AIG).
The node "n50" with ID 50 is not in the current network.
phyopt: skip seed=n50 (cannot resolve center node in current AIG).
The node "n51" with ID 51 is not in the current network.
phyopt: skip seed=n51 (cannot resolve center node in current AIG).
The node "n52" with ID 52 is not in the current network.
phyopt: skip seed=n52 (cannot resolve center node in current AIG).
The node "n53" with ID 53 is not in the current network.
phyopt: skip seed=n53 (cannot resolve center node in current AIG).
The node "n54" with ID 54 is not in the current network.
phyopt: skip seed=n54 (cannot resolve center node in current AIG).
The node "n49" with ID 49 is not in the current network.
phyopt: skip seed=n49 (cannot resolve center node in current AIG).
phyopt: part=low seed=n19(id=19 center=19 R=3 tpl=0 crit=0.000 pot=1.0000)
phyopt: rejected (map area 12.22->12.23, delay 189.76->178.57).
phyopt: part=low seed=n20(id=20 center=20 R=3 tpl=1 crit=0.067 pot=0.9800)
phyopt: rejected (map area 12.22->12.23, delay 189.76->178.57).
phyopt: part=low seed=n21(id=21 center=21 R=3 tpl=2 crit=0.133 pot=0.9600)
phyopt: accepted (map area 12.22->12.21, delay 189.76->175.18).
phyopt: part=low seed=n22(id=22 center=22 R=3 tpl=0 crit=0.200 pot=0.9400)
phyopt: rejected (map area 12.21->13.81, delay 175.18->171.60).
phyopt: part=mid seed=n23(id=23 center=23 R=4 tpl=0 crit=0.267 pot=0.8667)
phyopt: rejected (map area 12.21->13.30, delay 175.18->155.10).
phyopt: part=mid seed=n24(id=24 center=24 R=4 tpl=1 crit=0.333 pot=0.8333)
phyopt: rejected (map area 12.21->13.30, delay 175.18->144.63).
phyopt: part=mid seed=n25(id=25 center=25 R=4 tpl=2 crit=0.400 pot=0.8000)
phyopt: accepted (map area 12.21->10.90, delay 175.18->138.70).
phyopt: part=mid seed=n26(id=26 center=26 R=4 tpl=0 crit=0.467 pot=0.7667)
phyopt: rejected (map area 10.90->13.58, delay 138.70->134.04).
phyopt: part=mid seed=n27(id=27 center=27 R=4 tpl=1 crit=0.533 pot=0.7333)
phyopt: rejected (map area 10.90->12.76, delay 138.70->117.73).
phyopt: part=mid seed=n28(id=28 center=28 R=4 tpl=2 crit=0.600 pot=0.7000)
phyopt: rejected (map area 10.90->11.96, delay 138.70->106.16).
phyopt: part=mid seed=n29(id=29 center=29 R=4 tpl=2 crit=0.667 pot=0.6667)
phyopt: rejected (map area 10.90->10.90, delay 138.70->111.11).
phyopt: part=mid seed=n30(id=30 center=30 R=4 tpl=2 crit=0.733 pot=0.6333)
phyopt: rejected (map area 10.90->11.96, delay 138.70->110.23).
phyopt: part=mid seed=n31(id=31 center=31 R=4 tpl=2 crit=0.800 pot=0.6000)
phyopt: rejected (map area 10.90->10.90, delay 138.70->129.51).
phyopt: part=mid seed=n32(id=32 center=32 R=4 tpl=2 crit=0.867 pot=0.5667)
phyopt: rejected (map area 10.90->10.90, delay 138.70->138.70).
phyopt: finished round 1/3.
mapper_extract: wrote 35 lines to "/mnt/d/My_abc_work/abc/my_work/VS-SMABC_FPRM/compare_4way_out/tmp/table5_opt_flow.phy.csv".
Loaded 35 physical records from /mnt/d/My_abc_work/abc/my_work/VS-SMABC_FPRM/compare_4way_out/tmp/table5_opt_flow.phy.csv
Potential rebuilt: alpha(low/mid/high)=0.300/0.500/0.800 avg_struct=0.4857 avg_slack=0.3388 avg_opt=0.3788
phyopt: round=2 partition sizes high=11 low=9 mid=15.
The node "n38" with ID 38 is not in the current network.
phyopt: skip seed=n38 (cannot resolve center node in current AIG).
The node "n39" with ID 39 is not in the current network.
phyopt: skip seed=n39 (cannot resolve center node in current AIG).
The node "n40" with ID 40 is not in the current network.
phyopt: skip seed=n40 (cannot resolve center node in current AIG).
The node "n41" with ID 41 is not in the current network.
phyopt: skip seed=n41 (cannot resolve center node in current AIG).
The node "n42" with ID 42 is not in the current network.
phyopt: skip seed=n42 (cannot resolve center node in current AIG).
The node "n43" with ID 43 is not in the current network.
phyopt: skip seed=n43 (cannot resolve center node in current AIG).
The node "n44" with ID 44 is not in the current network.
phyopt: skip seed=n44 (cannot resolve center node in current AIG).
The node "n46" with ID 46 is not in the current network.
phyopt: skip seed=n46 (cannot resolve center node in current AIG).
The node "n47" with ID 47 is not in the current network.
phyopt: skip seed=n47 (cannot resolve center node in current AIG).
The node "n53" with ID 53 is not in the current network.
phyopt: skip seed=n53 (cannot resolve center node in current AIG).
phyopt: part=low seed=n19(id=19 center=19 R=3 tpl=1 crit=0.143 pot=0.9571)
phyopt: rejected (map area 10.90->14.33, delay 138.70->149.98).
phyopt: part=low seed=n20(id=20 center=20 R=3 tpl=2 crit=0.143 pot=0.9571)
phyopt: rejected (map area 10.90->14.33, delay 138.70->149.98).
phyopt: part=low seed=n22(id=22 center=22 R=3 tpl=2 crit=0.143 pot=0.9571)
phyopt: rejected (map area 10.90->11.97, delay 138.70->146.57).
The node "n48" with ID 48 is not in the current network.
phyopt: skip seed=n48 (cannot resolve center node in current AIG).
The node "n51" with ID 51 is not in the current network.
phyopt: skip seed=n51 (cannot resolve center node in current AIG).
The node "n50" with ID 50 is not in the current network.
phyopt: skip seed=n50 (cannot resolve center node in current AIG).
The node "n52" with ID 52 is not in the current network.
phyopt: skip seed=n52 (cannot resolve center node in current AIG).
phyopt: part=mid seed=n23(id=23 center=23 R=4 tpl=2 crit=0.286 pot=0.8571)
phyopt: rejected (map area 10.90->12.76, delay 138.70->131.64).
phyopt: part=mid seed=n24(id=24 center=24 R=4 tpl=0 crit=0.714 pot=0.6429)
phyopt: rejected (map area 10.90->11.97, delay 138.70->140.36).
phyopt: part=mid seed=n27(id=27 center=27 R=4 tpl=2 crit=0.714 pot=0.6429)
phyopt: rejected (map area 10.90->12.76, delay 138.70->117.73).
phyopt: part=mid seed=n28(id=28 center=28 R=4 tpl=1 crit=0.714 pot=0.6429)
phyopt: rejected (map area 10.90->11.43, delay 138.70->107.62).
phyopt: part=mid seed=n31(id=31 center=31 R=4 tpl=2 crit=0.714 pot=0.6429)
phyopt: rejected (map area 10.90->10.90, delay 138.70->129.51).
phyopt: part=mid seed=n36(id=36 center=36 R=4 tpl=2 crit=0.714 pot=0.6429)
Object with ID 36 is not a node or reg output.
Error: Extracting sequential window has failed.
Error: phyopt: local optimization failed. Rolling back.
phyopt: part=mid seed=n32(id=32 center=32 R=4 tpl=0 crit=0.857 pot=0.5714)
phyopt: rejected (map area 10.90->10.90, delay 138.70->138.70).
phyopt: part=mid seed=n26(id=26 center=26 R=4 tpl=2 crit=0.714 pot=0.1429)
phyopt: rejected (map area 10.90->13.05, delay 138.70->131.34).
phyopt: part=mid seed=n29(id=29 center=29 R=4 tpl=1 crit=0.714 pot=0.1429)
phyopt: rejected (map area 10.90->11.42, delay 138.70->111.24).
phyopt: part=mid seed=n30(id=30 center=30 R=4 tpl=2 crit=0.714 pot=0.1429)
phyopt: rejected (map area 10.90->11.96, delay 138.70->110.23).
phyopt: part=mid seed=n34(id=34 center=34 R=4 tpl=2 crit=0.857 pot=0.0714)
phyopt: rejected (map area 10.90->10.90, delay 138.70->138.70).
phyopt: part=mid seed=n35(id=35 center=35 R=4 tpl=0 crit=0.857 pot=0.0714)
phyopt: rejected (map area 10.90->10.90, delay 138.70->129.51).
phyopt: finished round 2/3.
mapper_extract: wrote 35 lines to "/mnt/d/My_abc_work/abc/my_work/VS-SMABC_FPRM/compare_4way_out/tmp/table5_opt_flow.phy.csv".
Loaded 35 physical records from /mnt/d/My_abc_work/abc/my_work/VS-SMABC_FPRM/compare_4way_out/tmp/table5_opt_flow.phy.csv
Potential rebuilt: alpha(low/mid/high)=0.300/0.500/0.800 avg_struct=0.4857 avg_slack=0.3388 avg_opt=0.3788
phyopt: round=3 partition sizes high=11 low=9 mid=15.
The node "n38" with ID 38 is not in the current network.
phyopt: skip seed=n38 (cannot resolve center node in current AIG).
The node "n39" with ID 39 is not in the current network.
phyopt: skip seed=n39 (cannot resolve center node in current AIG).
The node "n40" with ID 40 is not in the current network.
phyopt: skip seed=n40 (cannot resolve center node in current AIG).
The node "n41" with ID 41 is not in the current network.
phyopt: skip seed=n41 (cannot resolve center node in current AIG).
The node "n42" with ID 42 is not in the current network.
phyopt: skip seed=n42 (cannot resolve center node in current AIG).
The node "n43" with ID 43 is not in the current network.
phyopt: skip seed=n43 (cannot resolve center node in current AIG).
The node "n44" with ID 44 is not in the current network.
phyopt: skip seed=n44 (cannot resolve center node in current AIG).
The node "n46" with ID 46 is not in the current network.
phyopt: skip seed=n46 (cannot resolve center node in current AIG).
The node "n47" with ID 47 is not in the current network.
phyopt: skip seed=n47 (cannot resolve center node in current AIG).
The node "n53" with ID 53 is not in the current network.
phyopt: skip seed=n53 (cannot resolve center node in current AIG).
phyopt: part=low seed=n19(id=19 center=19 R=3 tpl=2 crit=0.143 pot=0.9571)
phyopt: rejected (map area 10.90->14.33, delay 138.70->149.98).
phyopt: part=low seed=n20(id=20 center=20 R=3 tpl=2 crit=0.143 pot=0.9571)
phyopt: rejected (map area 10.90->14.33, delay 138.70->149.98).
phyopt: part=low seed=n22(id=22 center=22 R=3 tpl=1 crit=0.143 pot=0.9571)
phyopt: rejected (map area 10.90->11.97, delay 138.70->146.57).
The node "n48" with ID 48 is not in the current network.
phyopt: skip seed=n48 (cannot resolve center node in current AIG).
The node "n51" with ID 51 is not in the current network.
phyopt: skip seed=n51 (cannot resolve center node in current AIG).
The node "n50" with ID 50 is not in the current network.
phyopt: skip seed=n50 (cannot resolve center node in current AIG).
The node "n52" with ID 52 is not in the current network.
phyopt: skip seed=n52 (cannot resolve center node in current AIG).
phyopt: part=mid seed=n23(id=23 center=23 R=4 tpl=2 crit=0.286 pot=0.8571)
phyopt: rejected (map area 10.90->12.76, delay 138.70->131.64).
phyopt: part=mid seed=n24(id=24 center=24 R=4 tpl=2 crit=0.714 pot=0.6429)
phyopt: rejected (map area 10.90->10.90, delay 138.70->138.70).
phyopt: part=mid seed=n27(id=27 center=27 R=4 tpl=1 crit=0.714 pot=0.6429)
phyopt: rejected (map area 10.90->12.76, delay 138.70->117.73).
phyopt: part=mid seed=n28(id=28 center=28 R=4 tpl=2 crit=0.714 pot=0.6429)
phyopt: rejected (map area 10.90->11.96, delay 138.70->106.16).
phyopt: part=mid seed=n31(id=31 center=31 R=4 tpl=0 crit=0.714 pot=0.6429)
phyopt: rejected (map area 10.90->10.90, delay 138.70->129.51).
phyopt: part=mid seed=n36(id=36 center=36 R=4 tpl=2 crit=0.714 pot=0.6429)
Object with ID 36 is not a node or reg output.
Error: Extracting sequential window has failed.
Error: phyopt: local optimization failed. Rolling back.
phyopt: part=mid seed=n32(id=32 center=32 R=4 tpl=2 crit=0.857 pot=0.5714)
phyopt: rejected (map area 10.90->10.90, delay 138.70->138.70).
phyopt: part=mid seed=n26(id=26 center=26 R=4 tpl=2 crit=0.714 pot=0.1429)
phyopt: rejected (map area 10.90->13.05, delay 138.70->131.34).
phyopt: part=mid seed=n29(id=29 center=29 R=4 tpl=1 crit=0.714 pot=0.1429)
phyopt: rejected (map area 10.90->11.42, delay 138.70->111.24).
phyopt: part=mid seed=n30(id=30 center=30 R=4 tpl=0 crit=0.714 pot=0.1429)
phyopt: rejected (map area 10.90->11.96, delay 138.70->110.23).
phyopt: part=mid seed=n34(id=34 center=34 R=4 tpl=2 crit=0.857 pot=0.0714)
phyopt: rejected (map area 10.90->10.90, delay 138.70->138.70).
phyopt: part=mid seed=n35(id=35 center=35 R=4 tpl=2 crit=0.857 pot=0.0714)
phyopt: rejected (map area 10.90->10.90, delay 138.70->129.51).
phyopt: finished round 3/3.
phyopt: partition summary (tried/accepted):
  high : 1 / 4
  low  : 1 / 10
  mid  : 1 / 34
phyopt: per-part seed coverage (topK means top-5 potential within processed seeds):
  high: seeds=44 tried=4(9.1%) accepted=1(25.0%) skipped(marked=3,low_slack=0) topK(tried=4/15 accepted=1 hit=25.0%)
  low: seeds=22 tried=10(45.5%) accepted=1(10.0%) skipped(marked=4,low_slack=0) topK(tried=10/14 accepted=1 hit=10.0%)
  mid: seeds=40 tried=34(85.0%) accepted=1(2.9%) skipped(marked=6,low_slack=0) topK(tried=13/15 accepted=1 hit=7.7%)
phyopt: sequence template stats by partition (template_id: accepted/tried):
  high: t0=1/2 t1=0/1 t2=0/1
  low: t0=0/2 t1=0/3 t2=1/5
  mid: t0=0/7 t1=0/6 t2=1/21
phyopt: rejection reason breakdown:
  - runtime_or_eval_fail : 48
  - policy_tradeoff_reject : 12
  - delay_worse : 0
  - area_worse : 23
  - area_and_delay_worse : 7
  - delay_guard_violation : 0
phyopt: skipped marked=13 low_slack=<0.10=0
phyopt: done, accepted=3 rejected=90 final_nodes=18 final_levels=9.
Derived GENLIB library "NangateOpenCellLibrary" with 30 gates using slew 17.19 ps and gain 250.00.
Converting "/mnt/d/My_abc_work/abc/my_work/c17_work/NangateOpenCellLibrary_typical.genlib" into supergate library "/mnt/d/My_abc_work/abc/my_work/c17_work/NangateOpenCellLibrary_typical.super".
Maximum level: Original = 9. Reduced due to choices = 9.
Choice stats:  Choice nodes = 0. Total choices = 0.
Nodes =     35.  Total 5-feasible cuts =         80.  Per node = 2.3. Time =     0.00 sec
Delay    : Delay =     0.00  Flow =        11.2  Area =        12.8   0.0 %   Time =     0.00 sec
AreaFlow : Delay =   138.70  Flow =        10.1  Area =        11.7   8.3 %   Time =     0.00 sec
Area     : Delay =   138.70  Flow =         0.0  Area =        10.9  14.6 %   Time =     0.00 sec
Area     : Delay =   138.70  Flow =         0.0  Area =        10.9  14.6 %   Time =     0.00 sec
Output  po0    : Delay = (138.70, 138.70)  POS
Total runtime =     0.00 sec
phymid: done. You can now run write_verilog/write_blif (or strash; write_aiger).
[1;37m/mnt/d/My_abc_work/abc/my_work/VS-SMABC_FPRM/aig_output_opt/table5_opt:[0m i/o =   17/    1  lat =    0  nd =    10  edge =     26  area =10.90  delay =138.70  lev = 4
