======== ABC command line "source /mnt/d/My_abc_work/abc/my_work/VS-SMABC_FPRM/compare_4way_out/tmp/ts10_opt_flow.abc"
Library "NangateOpenCellLibrary" from "/mnt/d/My_abc_work/abc/my_work/c17_work/NangateOpenCellLibrary_typical.lib" has 90 cells (45 skipped: 21 seq; 6 tri-state; 8 no func; 10 dont_use; 0 with 2 outputs; 0 with 3+ outputs).  Time =     0.08 sec
Warning: Detected 2 multi-output cells (for example, "FA_X1").
phymid: running map_oto -> mapper_extract -> phyread -> phyopt -> map
Derived GENLIB library "NangateOpenCellLibrary" with 30 gates using slew 17.19 ps and gain 250.00.
Total runtime =     0.00 sec
mapper_extract: starting extraction...
mapper_extract: extracting to "/mnt/d/My_abc_work/abc/my_work/VS-SMABC_FPRM/compare_4way_out/tmp/ts10_opt_flow.phy.csv"...
mapper_extract: max slack = 20.000000

=== DEBUG: Node ID Mapping ===
Format: objId | Name | Type | Fanin0 | Fanin1 | Gate | pData
 24 | n24        | NODE |  22 |  -1 | INV_X1 | 0x6372ce994020
 25 | n25        | NODE |  21 |  -1 | INV_X1 | 0x6372ce994020
 26 | n26        | NODE |  20 |  -1 | INV_X1 | 0x6372ce994020
 27 | n27        | NODE |  19 |  -1 | INV_X1 | 0x6372ce994020
 28 | n28        | NODE |  18 |  -1 | INV_X1 | 0x6372ce994020
 29 | n29        | NODE |  17 |  -1 | INV_X1 | 0x6372ce994020
 30 | n30        | NODE |  16 |  -1 | INV_X1 | 0x6372ce994020
 31 | n31        | NODE |  15 |  -1 | INV_X1 | 0x6372ce994020
 32 | n32        | NODE |  14 |  -1 | INV_X1 | 0x6372ce994020
 33 | n33        | NODE |  13 |  -1 | INV_X1 | 0x6372ce994020
 34 | n34        | NODE |  12 |  -1 | INV_X1 | 0x6372ce994020
 35 | n35        | NODE |  11 |  -1 | INV_X1 | 0x6372ce994020
 36 | n36        | NODE |  10 |  -1 | INV_X1 | 0x6372ce994020
 37 | n37        | NODE |   9 |  -1 | INV_X1 | 0x6372ce994020
 38 | n38        | NODE |   8 |  -1 | INV_X1 | 0x6372ce994020
 39 | n39        | NODE |   7 |  -1 | INV_X1 | 0x6372ce994020
 40 | n40        | NODE |   6 |  -1 | INV_X1 | 0x6372ce994020
 41 | n41        | NODE |   5 |  -1 | INV_X1 | 0x6372ce994020
 42 | n42        | NODE |   4 |  -1 | INV_X1 | 0x6372ce994020
 43 | n43        | NODE |   3 |  -1 | INV_X1 | 0x6372ce994020
 44 | n44        | NODE |   1 |  -1 | INV_X1 | 0x6372ce994020
 45 | n45        | NODE |   2 |  -1 | INV_X1 | 0x6372ce994020
 46 | n46        | NODE |  44 |  45 | AND2_X1 | 0x6372ce98e2d0
 47 | n47        | NODE |  43 |  46 | AND2_X1 | 0x6372ce98e2d0
 48 | n48        | NODE |  42 |  47 | AND2_X1 | 0x6372ce98e2d0
 49 | n49        | NODE |  41 |  48 | AND2_X1 | 0x6372ce98e2d0
 50 | n50        | NODE |  40 |  49 | AND2_X1 | 0x6372ce98e2d0
 51 | n51        | NODE |  39 |  50 | AND2_X1 | 0x6372ce98e2d0
 52 | n52        | NODE |  38 |  51 | AND2_X1 | 0x6372ce98e2d0
 53 | n53        | NODE |  37 |  52 | AND2_X1 | 0x6372ce98e2d0
 54 | n54        | NODE |  36 |  53 | AND2_X1 | 0x6372ce98e2d0
 55 | n55        | NODE |  35 |  54 | AND2_X1 | 0x6372ce98e2d0
 56 | n56        | NODE |  34 |  55 | AND2_X1 | 0x6372ce98e2d0
 57 | n57        | NODE |  33 |  56 | AND2_X1 | 0x6372ce98e2d0
 58 | n58        | NODE |  32 |  57 | AND2_X1 | 0x6372ce98e2d0
 59 | n59        | NODE |  31 |  58 | AND2_X1 | 0x6372ce98e2d0
 60 | n60        | NODE |  30 |  59 | AND2_X1 | 0x6372ce98e2d0
 61 | n61        | NODE |  29 |  60 | AND2_X1 | 0x6372ce98e2d0
 62 | n62        | NODE |  28 |  61 | AND2_X1 | 0x6372ce98e2d0
 63 | n63        | NODE |  27 |  62 | AND2_X1 | 0x6372ce98e2d0
 64 | n64        | NODE |  26 |  63 | AND2_X1 | 0x6372ce98e2d0
 65 | n65        | NODE |  25 |  64 | AND2_X1 | 0x6372ce98e2d0
 66 | n66        | NODE |  24 |  65 | NAND2_X1 | 0x6372ce994e20
 67 | n67        | NODE |  22 |  65 | NAND2_X1 | 0x6372ce994e20
 68 | n68        | NODE |  66 |  67 | AND2_X1 | 0x6372ce98e2d0
 69 | n69        | NODE |  21 |  64 | AND2_X1 | 0x6372ce98e2d0
 70 | n70        | NODE |  22 |  69 | NAND2_X1 | 0x6372ce994e20
 71 | n71        | NODE |  68 |  70 | NAND2_X1 | 0x6372ce994e20
==============================

mapper_extract: wrote 48 lines to "/mnt/d/My_abc_work/abc/my_work/VS-SMABC_FPRM/compare_4way_out/tmp/ts10_opt_flow.phy.csv".
mapper_extract: done.
Loaded 48 physical records from /mnt/d/My_abc_work/abc/my_work/VS-SMABC_FPRM/compare_4way_out/tmp/ts10_opt_flow.phy.csv
Potential rebuilt: alpha(low/mid/high)=0.300/0.500/0.800 avg_struct=0.4921 avg_slack=0.2208 avg_opt=0.3260
Physical records : 48
Gate summary     : NAND=4 AND=22 INV=22 OTHER=0
Alpha (L/M/H)    : 0.300 / 0.500 / 0.800
StructW(i/p/f/g) : 0.500 / 0.400 / 0.050 / 0.050
phyopt: start rounds=3, criticality partitions high(>=0.900)->low(<=0.250)->mid, window=16, mode=fixed.
phyopt: objective=delay-non-regression + area minimization (delay_eps=0.001 rel_tol=0 area_eps=0.001 delay_only=off).
phyopt: case timeout enabled (300 sec).
phyopt: fit-function on (loaded=yes, samples=4350, l0_scale=0.35, l1_scale=0.25, coef_file=/mnt/d/My_abc_work/abc/my_work/model/phy_fit_function_v1.txt).
phyopt: sample-log off (keep_target=28% [35%,95%]).
phyopt: round=1 partition sizes high=30 low=6 mid=12.
phyopt: part=high seed=n42(id=42 center=42 R=5 tpl=0 crit=0.900 pot=0.2800)
phyopt: accepted (map area 17.00->16.46, delay 284.92->229.34).
phyopt: part=high seed=n43(id=43 center=43 R=5 tpl=1 crit=0.950 pot=0.2400)
phyopt: accepted (map area 16.46->13.81, delay 229.34->208.71).
phyopt: part=high seed=n44(id=44 center=44 R=6 tpl=2 crit=1.000 pot=0.2000)
Object with ID 44 is not a node or reg output.
Error: Extracting sequential window has failed.
Error: phyopt: local optimization failed. Rolling back.
The node "n45" with ID 45 is not in the current network.
phyopt: skip seed=n45 (cannot resolve center node in current AIG).
The node "n69" with ID 69 is not in the current network.
phyopt: skip seed=n69 (cannot resolve center node in current AIG).
The node "n70" with ID 70 is not in the current network.
phyopt: skip seed=n70 (cannot resolve center node in current AIG).
The node "n46" with ID 46 is not in the current network.
phyopt: skip seed=n46 (cannot resolve center node in current AIG).
The node "n49" with ID 49 is not in the current network.
phyopt: skip seed=n49 (cannot resolve center node in current AIG).
The node "n50" with ID 50 is not in the current network.
phyopt: skip seed=n50 (cannot resolve center node in current AIG).
The node "n51" with ID 51 is not in the current network.
phyopt: skip seed=n51 (cannot resolve center node in current AIG).
The node "n52" with ID 52 is not in the current network.
phyopt: skip seed=n52 (cannot resolve center node in current AIG).
The node "n53" with ID 53 is not in the current network.
phyopt: skip seed=n53 (cannot resolve center node in current AIG).
The node "n54" with ID 54 is not in the current network.
phyopt: skip seed=n54 (cannot resolve center node in current AIG).
The node "n55" with ID 55 is not in the current network.
phyopt: skip seed=n55 (cannot resolve center node in current AIG).
The node "n56" with ID 56 is not in the current network.
phyopt: skip seed=n56 (cannot resolve center node in current AIG).
The node "n57" with ID 57 is not in the current network.
phyopt: skip seed=n57 (cannot resolve center node in current AIG).
The node "n58" with ID 58 is not in the current network.
phyopt: skip seed=n58 (cannot resolve center node in current AIG).
The node "n59" with ID 59 is not in the current network.
phyopt: skip seed=n59 (cannot resolve center node in current AIG).
The node "n60" with ID 60 is not in the current network.
phyopt: skip seed=n60 (cannot resolve center node in current AIG).
The node "n61" with ID 61 is not in the current network.
phyopt: skip seed=n61 (cannot resolve center node in current AIG).
The node "n62" with ID 62 is not in the current network.
phyopt: skip seed=n62 (cannot resolve center node in current AIG).
The node "n63" with ID 63 is not in the current network.
phyopt: skip seed=n63 (cannot resolve center node in current AIG).
The node "n66" with ID 66 is not in the current network.
phyopt: skip seed=n66 (cannot resolve center node in current AIG).
The node "n67" with ID 67 is not in the current network.
phyopt: skip seed=n67 (cannot resolve center node in current AIG).
The node "n68" with ID 68 is not in the current network.
phyopt: skip seed=n68 (cannot resolve center node in current AIG).
The node "n71" with ID 71 is not in the current network.
phyopt: skip seed=n71 (cannot resolve center node in current AIG).
The node "n64" with ID 64 is not in the current network.
phyopt: skip seed=n64 (cannot resolve center node in current AIG).
The node "n65" with ID 65 is not in the current network.
phyopt: skip seed=n65 (cannot resolve center node in current AIG).
phyopt: part=low seed=n24(id=24 center=24 R=3 tpl=0 crit=0.000 pot=1.0000)
phyopt: rejected (map area 13.81->16.20, delay 208.71->203.02).
phyopt: part=low seed=n25(id=25 center=25 R=3 tpl=1 crit=0.050 pot=0.9850)
phyopt: rejected (map area 13.81->13.81, delay 208.71->189.76).
phyopt: part=low seed=n26(id=26 center=26 R=3 tpl=2 crit=0.100 pot=0.9700)
phyopt: accepted (map area 13.81->13.80, delay 208.71->184.37).
phyopt: part=low seed=n27(id=27 center=27 R=3 tpl=0 crit=0.150 pot=0.9550)
phyopt: rejected (map area 13.80->13.80, delay 184.37->184.37).
phyopt: part=low seed=n28(id=28 center=28 R=3 tpl=1 crit=0.200 pot=0.9400)
phyopt: rejected (map area 13.80->13.82, delay 184.37->172.81).
phyopt: part=low seed=n29(id=29 center=29 R=3 tpl=2 crit=0.250 pot=0.9250)
phyopt: rejected (map area 13.80->15.93, delay 184.37->166.25).
phyopt: part=mid seed=n30(id=30 center=30 R=4 tpl=0 crit=0.300 pot=0.8500)
phyopt: rejected (map area 13.80->15.96, delay 184.37->148.45).
phyopt: part=mid seed=n31(id=31 center=31 R=4 tpl=1 crit=0.350 pot=0.8250)
phyopt: accepted (map area 13.80->13.03, delay 184.37->140.80).
phyopt: part=mid seed=n32(id=32 center=32 R=4 tpl=2 crit=0.400 pot=0.8000)
phyopt: rejected (map area 13.03->13.03, delay 140.80->140.80).
phyopt: part=mid seed=n33(id=33 center=33 R=4 tpl=0 crit=0.450 pot=0.7750)
phyopt: rejected (map area 13.03->14.89, delay 140.80->120.60).
phyopt: part=mid seed=n34(id=34 center=34 R=4 tpl=1 crit=0.500 pot=0.7500)
phyopt: accepted (map area 13.03->12.49, delay 140.80->111.42).
phyopt: part=mid seed=n35(id=35 center=35 R=4 tpl=2 crit=0.550 pot=0.7250)
phyopt: rejected (map area 12.49->15.70, delay 111.42->126.42).
phyopt: part=mid seed=n36(id=36 center=36 R=4 tpl=1 crit=0.600 pot=0.7000)
phyopt: rejected (map area 12.49->13.56, delay 111.42->114.70).
phyopt: part=mid seed=n37(id=37 center=37 R=4 tpl=1 crit=0.650 pot=0.6750)
phyopt: rejected (map area 12.49->14.08, delay 111.42->113.24).
phyopt: part=mid seed=n38(id=38 center=38 R=4 tpl=1 crit=0.700 pot=0.6500)
phyopt: rejected (map area 12.49->13.03, delay 111.42->120.61).
phyopt: part=mid seed=n39(id=39 center=39 R=4 tpl=1 crit=0.750 pot=0.6250)
phyopt: rejected (map area 12.49->12.75, delay 111.42->120.61).
phyopt: part=mid seed=n40(id=40 center=40 R=4 tpl=1 crit=0.800 pot=0.6000)
phyopt: rejected (map area 12.49->12.75, delay 111.42->120.61).
phyopt: part=mid seed=n41(id=41 center=41 R=4 tpl=2 crit=0.850 pot=0.5750)
phyopt: rejected (map area 12.49->12.75, delay 111.42->120.61).
phyopt: finished round 1/3.
mapper_extract: wrote 42 lines to "/mnt/d/My_abc_work/abc/my_work/VS-SMABC_FPRM/compare_4way_out/tmp/ts10_opt_flow.phy.csv".
Loaded 42 physical records from /mnt/d/My_abc_work/abc/my_work/VS-SMABC_FPRM/compare_4way_out/tmp/ts10_opt_flow.phy.csv
Potential rebuilt: alpha(low/mid/high)=0.300/0.500/0.800 avg_struct=0.5000 avg_slack=0.3413 avg_opt=0.3873
phyopt: round=2 partition sizes high=13 low=2 mid=27.
phyopt: part=high seed=n28(id=28 center=28 R=6 tpl=1 crit=1.000 pot=0.2000)
phyopt: rejected (map area 12.49->14.09, delay 111.42->106.94).
phyopt: part=high seed=n29(id=29 center=29 R=6 tpl=2 crit=1.000 pot=0.2000)
phyopt: rejected (map area 12.49->14.10, delay 111.42->107.62).
phyopt: part=high seed=n37(id=37 center=37 R=6 tpl=0 crit=1.000 pot=0.2000)
phyopt: rejected (map area 12.49->14.65, delay 111.42->116.63).
phyopt: part=high seed=n38(id=38 center=38 R=6 tpl=0 crit=1.000 pot=0.2000)
phyopt: rejected (map area 12.49->12.49, delay 111.42->111.42).
phyopt: part=high seed=n30(id=30 center=30 R=6 tpl=1 crit=1.000 pot=0.0000)
phyopt: rejected (map area 12.49->13.55, delay 111.42->114.70).
phyopt: part=high seed=n32(id=32 center=32 R=6 tpl=0 crit=1.000 pot=0.0000)
phyopt: rejected (map area 12.49->13.56, delay 111.42->114.70).
phyopt: part=high seed=n39(id=39 center=39 R=6 tpl=0 crit=1.000 pot=0.0000)
phyopt: rejected (map area 12.49->12.49, delay 111.42->111.42).
phyopt: part=high seed=n40(id=40 center=40 R=6 tpl=1 crit=1.000 pot=0.0000)
phyopt: rejected (map area 12.49->12.49, delay 111.42->111.42).
phyopt: part=high seed=n41(id=41 center=41 R=6 tpl=0 crit=1.000 pot=0.0000)
phyopt: rejected (map area 12.49->12.49, delay 111.42->111.42).
The node "n54" with ID 54 is not in the current network.
phyopt: skip seed=n54 (cannot resolve center node in current AIG).
The node "n65" with ID 65 is not in the current network.
phyopt: skip seed=n65 (cannot resolve center node in current AIG).
The node "n55" with ID 55 is not in the current network.
phyopt: skip seed=n55 (cannot resolve center node in current AIG).
The node "n57" with ID 57 is not in the current network.
phyopt: skip seed=n57 (cannot resolve center node in current AIG).
The node "n58" with ID 58 is not in the current network.
phyopt: skip seed=n58 (cannot resolve center node in current AIG).
The node "n60" with ID 60 is not in the current network.
phyopt: skip seed=n60 (cannot resolve center node in current AIG).
The node "n61" with ID 61 is not in the current network.
phyopt: skip seed=n61 (cannot resolve center node in current AIG).
phyopt: part=mid seed=n24(id=24 center=24 R=4 tpl=1 crit=0.667 pot=0.6667)
phyopt: rejected (map area 12.49->13.82, delay 111.42->120.60).
phyopt: part=mid seed=n25(id=25 center=25 R=4 tpl=1 crit=0.667 pot=0.6667)
phyopt: rejected (map area 12.49->11.69, delay 111.42->114.85).
phyopt: part=mid seed=n27(id=27 center=27 R=4 tpl=0 crit=0.667 pot=0.6667)
phyopt: rejected (map area 12.49->14.61, delay 111.42->117.22).
phyopt: part=mid seed=n33(id=33 center=33 R=4 tpl=2 crit=0.667 pot=0.6667)
phyopt: rejected (map area 12.49->15.70, delay 111.42->126.42).
phyopt: part=mid seed=n36(id=36 center=36 R=4 tpl=1 crit=0.667 pot=0.6667)
phyopt: rejected (map area 12.49->13.56, delay 111.42->114.70).
phyopt: part=mid seed=n44(id=44 center=44 R=4 tpl=1 crit=0.667 pot=0.6667)
Object with ID 44 is not a node or reg output.
Error: Extracting sequential window has failed.
Error: phyopt: local optimization failed. Rolling back.
The node "n45" with ID 45 is not in the current network.
phyopt: skip seed=n45 (cannot resolve center node in current AIG).
The node "n49" with ID 49 is not in the current network.
phyopt: skip seed=n49 (cannot resolve center node in current AIG).
The node "n50" with ID 50 is not in the current network.
phyopt: skip seed=n50 (cannot resolve center node in current AIG).
The node "n62" with ID 62 is not in the current network.
phyopt: skip seed=n62 (cannot resolve center node in current AIG).
The node "n63" with ID 63 is not in the current network.
phyopt: skip seed=n63 (cannot resolve center node in current AIG).
phyopt: part=mid seed=n35(id=35 center=35 R=4 tpl=2 crit=0.667 pot=0.1667)
phyopt: rejected (map area 12.49->15.70, delay 111.42->126.42).
The node "n46" with ID 46 is not in the current network.
phyopt: skip seed=n46 (cannot resolve center node in current AIG).
The node "n51" with ID 51 is not in the current network.
phyopt: skip seed=n51 (cannot resolve center node in current AIG).
The node "n52" with ID 52 is not in the current network.
phyopt: skip seed=n52 (cannot resolve center node in current AIG).
The node "n53" with ID 53 is not in the current network.
phyopt: skip seed=n53 (cannot resolve center node in current AIG).
phyopt: finished round 2/3.
mapper_extract: wrote 42 lines to "/mnt/d/My_abc_work/abc/my_work/VS-SMABC_FPRM/compare_4way_out/tmp/ts10_opt_flow.phy.csv".
Loaded 42 physical records from /mnt/d/My_abc_work/abc/my_work/VS-SMABC_FPRM/compare_4way_out/tmp/ts10_opt_flow.phy.csv
Potential rebuilt: alpha(low/mid/high)=0.300/0.500/0.800 avg_struct=0.5000 avg_slack=0.3413 avg_opt=0.3873
phyopt: round=3 partition sizes high=13 low=2 mid=27.
phyopt: part=high seed=n28(id=28 center=28 R=6 tpl=1 crit=1.000 pot=0.2000)
phyopt: rejected (map area 12.49->14.09, delay 111.42->106.94).
phyopt: part=high seed=n29(id=29 center=29 R=6 tpl=0 crit=1.000 pot=0.2000)
phyopt: rejected (map area 12.49->14.10, delay 111.42->107.62).
phyopt: part=high seed=n37(id=37 center=37 R=6 tpl=0 crit=1.000 pot=0.2000)
phyopt: rejected (map area 12.49->14.65, delay 111.42->116.63).
phyopt: part=high seed=n38(id=38 center=38 R=6 tpl=2 crit=1.000 pot=0.2000)
phyopt: rejected (map area 12.49->12.49, delay 111.42->111.42).
phyopt: part=high seed=n30(id=30 center=30 R=6 tpl=1 crit=1.000 pot=0.0000)
phyopt: rejected (map area 12.49->13.55, delay 111.42->114.70).
phyopt: part=high seed=n32(id=32 center=32 R=6 tpl=0 crit=1.000 pot=0.0000)
phyopt: rejected (map area 12.49->13.56, delay 111.42->114.70).
phyopt: part=high seed=n39(id=39 center=39 R=6 tpl=0 crit=1.000 pot=0.0000)
phyopt: rejected (map area 12.49->12.49, delay 111.42->111.42).
phyopt: part=high seed=n40(id=40 center=40 R=6 tpl=1 crit=1.000 pot=0.0000)
phyopt: rejected (map area 12.49->12.49, delay 111.42->111.42).
phyopt: part=high seed=n41(id=41 center=41 R=6 tpl=0 crit=1.000 pot=0.0000)
phyopt: rejected (map area 12.49->12.49, delay 111.42->111.42).
The node "n54" with ID 54 is not in the current network.
phyopt: skip seed=n54 (cannot resolve center node in current AIG).
The node "n65" with ID 65 is not in the current network.
phyopt: skip seed=n65 (cannot resolve center node in current AIG).
The node "n55" with ID 55 is not in the current network.
phyopt: skip seed=n55 (cannot resolve center node in current AIG).
The node "n57" with ID 57 is not in the current network.
phyopt: skip seed=n57 (cannot resolve center node in current AIG).
The node "n58" with ID 58 is not in the current network.
phyopt: skip seed=n58 (cannot resolve center node in current AIG).
The node "n60" with ID 60 is not in the current network.
phyopt: skip seed=n60 (cannot resolve center node in current AIG).
The node "n61" with ID 61 is not in the current network.
phyopt: skip seed=n61 (cannot resolve center node in current AIG).
phyopt: part=mid seed=n24(id=24 center=24 R=4 tpl=0 crit=0.667 pot=0.6667)
phyopt: rejected (map area 12.49->13.82, delay 111.42->120.60).
phyopt: part=mid seed=n25(id=25 center=25 R=4 tpl=1 crit=0.667 pot=0.6667)
phyopt: rejected (map area 12.49->11.69, delay 111.42->114.85).
phyopt: part=mid seed=n27(id=27 center=27 R=4 tpl=1 crit=0.667 pot=0.6667)
phyopt: rejected (map area 12.49->14.61, delay 111.42->117.22).
phyopt: part=mid seed=n33(id=33 center=33 R=4 tpl=2 crit=0.667 pot=0.6667)
phyopt: rejected (map area 12.49->15.70, delay 111.42->126.42).
phyopt: part=mid seed=n36(id=36 center=36 R=4 tpl=0 crit=0.667 pot=0.6667)
phyopt: rejected (map area 12.49->14.37, delay 111.42->118.94).
phyopt: part=mid seed=n44(id=44 center=44 R=4 tpl=1 crit=0.667 pot=0.6667)
Object with ID 44 is not a node or reg output.
Error: Extracting sequential window has failed.
Error: phyopt: local optimization failed. Rolling back.
The node "n45" with ID 45 is not in the current network.
phyopt: skip seed=n45 (cannot resolve center node in current AIG).
The node "n49" with ID 49 is not in the current network.
phyopt: skip seed=n49 (cannot resolve center node in current AIG).
The node "n50" with ID 50 is not in the current network.
phyopt: skip seed=n50 (cannot resolve center node in current AIG).
The node "n62" with ID 62 is not in the current network.
phyopt: skip seed=n62 (cannot resolve center node in current AIG).
The node "n63" with ID 63 is not in the current network.
phyopt: skip seed=n63 (cannot resolve center node in current AIG).
phyopt: part=mid seed=n35(id=35 center=35 R=4 tpl=2 crit=0.667 pot=0.1667)
phyopt: rejected (map area 12.49->15.70, delay 111.42->126.42).
The node "n46" with ID 46 is not in the current network.
phyopt: skip seed=n46 (cannot resolve center node in current AIG).
The node "n51" with ID 51 is not in the current network.
phyopt: skip seed=n51 (cannot resolve center node in current AIG).
The node "n52" with ID 52 is not in the current network.
phyopt: skip seed=n52 (cannot resolve center node in current AIG).
The node "n53" with ID 53 is not in the current network.
phyopt: skip seed=n53 (cannot resolve center node in current AIG).
phyopt: finished round 3/3.
phyopt: partition summary (tried/accepted):
  high : 2 / 21
  low  : 1 / 6
  mid  : 2 / 26
phyopt: per-part seed coverage (topK means top-5 potential within processed seeds):
  high: seeds=56 tried=21(37.5%) accepted=2(9.5%) skipped(marked=6,low_slack=0) topK(tried=13/15 accepted=2 hit=15.4%)
  low: seeds=10 tried=6(60.0%) accepted=1(16.7%) skipped(marked=2,low_slack=0) topK(tried=5/9 accepted=1 hit=20.0%)
  mid: seeds=66 tried=26(39.4%) accepted=2(7.7%) skipped(marked=14,low_slack=0) topK(tried=5/15 accepted=2 hit=40.0%)
phyopt: sequence template stats by partition (template_id: accepted/tried):
  high: t0=1/11 t1=1/7 t2=0/3
  low: t0=0/2 t1=0/2 t2=1/2
  mid: t0=0/5 t1=2/14 t2=0/7
phyopt: rejection reason breakdown:
  - runtime_or_eval_fail : 60
  - policy_tradeoff_reject : 11
  - delay_worse : 0
  - area_worse : 9
  - area_and_delay_worse : 23
  - delay_guard_violation : 2
phyopt: skipped marked=22 low_slack=<0.10=0
phyopt: done, accepted=5 rejected=105 final_nodes=21 final_levels=6.
Derived GENLIB library "NangateOpenCellLibrary" with 30 gates using slew 17.19 ps and gain 250.00.
Converting "/mnt/d/My_abc_work/abc/my_work/c17_work/NangateOpenCellLibrary_typical.genlib" into supergate library "/mnt/d/My_abc_work/abc/my_work/c17_work/NangateOpenCellLibrary_typical.super".
Maximum level: Original = 6. Reduced due to choices = 6.
Choice stats:  Choice nodes = 0. Total choices = 0.
Nodes =     43.  Total 5-feasible cuts =        106.  Per node = 2.5. Time =     0.00 sec
Delay    : Delay =     0.00  Flow =        12.5  Area =        14.1   0.0 %   Time =     0.00 sec
AreaFlow : Delay =   111.42  Flow =        12.0  Area =        13.6   3.8 %   Time =     0.00 sec
Area     : Delay =   111.42  Flow =         0.0  Area =        12.5  11.4 %   Time =     0.00 sec
Area     : Delay =   111.42  Flow =         0.0  Area =        12.5  11.4 %   Time =     0.00 sec
Output  po0    : Delay = (111.42, 111.42)  POS
Total runtime =     0.00 sec
phymid: done. You can now run write_verilog/write_blif (or strash; write_aiger).
[1;37m/mnt/d/My_abc_work/abc/my_work/VS-SMABC_FPRM/aig_output_opt/ts10_opt:[0m i/o =   22/    1  lat =    0  nd =    13  edge =     34  area =12.49  delay =111.42  lev = 3
