======== ABC command line "source /tmp/dyn_ex200_288.scr"
Library "NangateOpenCellLibrary" from "/mnt/d/My_abc_work/abc/my_work/c17_work/NangateOpenCellLibrary_typical.lib" has 90 cells (45 skipped: 21 seq; 6 tri-state; 8 no func; 10 dont_use; 0 with 2 outputs; 0 with 3+ outputs).  Time =     0.09 sec
Warning: Detected 2 multi-output cells (for example, "FA_X1").
mapper_extract: wrote 18858 lines to "/mnt/d/My_abc_work/abc/my_work/dynamic_scheduler_work/result/run_dynamic_per_aig_20260415_110131/ex200/ex200_cfg_winvpair_base.csv".
Loaded 18858 physical records from /mnt/d/My_abc_work/abc/my_work/dynamic_scheduler_work/result/run_dynamic_per_aig_20260415_110131/ex200/ex200_cfg_winvpair_base.csv
Potential rebuilt: alpha(low/mid/high)=0.300/0.500/0.800 avg_struct=0.7471 avg_slack=0.2513 avg_opt=0.4548
Physical records : 18858
Gate summary     : NAND=11777 AND=6334 INV=746 OTHER=1
Alpha (L/M/H)    : 0.300 / 0.500 / 0.800
StructW(i/p/f/g) : 0.500 / 0.400 / 0.050 / 0.050
phyopt: start rounds=1, criticality partitions high(>=0.900)->low(<=0.250)->mid, window=16, mode=dynamic.
phyopt: objective=map(area,delay), low-part delay budget=+10% from pre-opt.
phyopt: dynamic scheduler enabled (init=15%, leader=5%, probe=1%, part-stop=10, global-stop=2, L2=off, L2-topk-init=2, L2-topk-step=1).
phyopt: funnel L0=on(keep=80%) L1=on(init=0.200 target=0.45 warmup=12 min_try=16).
phyopt: case timeout enabled (600 sec).
phyopt: micro-model on (loaded=yes, samples=879, blendL0=0.45, blendL1=0.30, keep_target=28% [35%,95%]).
phyopt: round=1 partition sizes high=4350 low=74 mid=14434.
phyopt: part=high seed=n2846(id=2846 center=2846 R=5 crit=0.900 pot=0.2800)
phyopt: accepted (map area 10180.15->10179.69, delay 522.59->522.59).
phyopt: part=high seed=n2869(id=2869 center=2869 R=5 crit=0.900 pot=0.2800)
phyopt: accepted (map area 10179.69->10179.15, delay 522.59->522.59).
phyopt: part=high seed=n8834(id=8834 center=8834 R=5 crit=0.900 pot=0.2800)
phyopt: accepted (map area 10179.15->10173.52, delay 522.59->517.14).
phyopt: part=high seed=n10122(id=10122 center=10122 R=5 crit=0.900 pot=0.2800)
phyopt: accepted (map area 10173.52->10167.10, delay 517.14->517.14).
phyopt: part=high seed=n14166(id=14166 center=14166 R=5 crit=0.900 pot=0.2800)
phyopt: rejected (map area 10167.10->10171.36, delay 517.14->517.14).
phyopt: part=high seed=n16775(id=16775 center=16775 R=5 crit=0.900 pot=0.2800)
phyopt: rejected (map area 10167.10->10181.39, delay 517.14->517.14).
phyopt: part=high seed=n16804(id=16804 center=16804 R=5 crit=0.900 pot=0.2800)
phyopt: rejected (map area 10167.10->10180.74, delay 517.14->517.14).
The node "n18139" with ID 18139 is not in the current network.
phyopt: skip seed=n18139 (cannot resolve center node in current AIG).
phyopt: part=high seed=n15421(id=15421 center=15421 R=5 crit=0.933 pot=0.2533)
phyopt: rejected (map area 10167.10->10168.46, delay 517.14->517.14).
phyopt: part=high seed=n15943(id=15943 center=15943 R=5 crit=0.933 pot=0.2533)
phyopt: accepted (map area 10167.10->10165.24, delay 517.14->517.14).
phyopt: part=high seed=n17088(id=17088 center=17088 R=5 crit=0.933 pot=0.2533)
phyopt: rejected (map area 10165.24->10166.32, delay 517.14->517.14).
phyopt: part=high seed=n17195(id=17195 center=17195 R=5 crit=0.933 pot=0.2533)
phyopt: accepted (map area 10165.24->10164.69, delay 517.14->517.14).
The node "n18505" with ID 18505 is not in the current network.
phyopt: skip seed=n18505 (cannot resolve center node in current AIG).
phyopt: part=high seed=n776(id=776 center=776 R=5 crit=0.900 pot=0.2374)
phyopt: rejected (map area 10164.69->10166.96, delay 517.14->517.14).
phyopt: part=high seed=n777(id=777 center=777 R=5 crit=0.900 pot=0.2374)
phyopt: rejected (map area 10164.69->10172.97, delay 517.14->517.14).
phyopt: part=high seed=n783(id=783 center=783 R=5 crit=0.900 pot=0.2374)
phyopt: accepted (map area 10164.69->10162.64, delay 517.14->517.14).
phyopt: part=high seed=n785(id=785 center=785 R=5 crit=0.900 pot=0.2374)
phyopt: accepted (map area 10162.64->10160.39, delay 517.14->517.14).
phyopt: part=high seed=n787(id=787 center=787 R=5 crit=0.900 pot=0.2374)
phyopt: accepted (map area 10160.39->10154.46, delay 517.14->517.14).
phyopt: part=low seed=n5933(id=5933 center=5933 R=3 crit=0.200 pot=0.9400)
phyopt: accepted (map area 10154.46->10153.41, delay 517.14->517.14).
phyopt: part=low seed=n6990(id=6990 center=6990 R=3 crit=0.200 pot=0.9400)
phyopt: rejected (map area 10153.41->10153.41, delay 517.14->517.14).
phyopt: part=low seed=n6992(id=6992 center=6992 R=3 crit=0.200 pot=0.9400)
phyopt: rejected (map area 10153.41->10154.72, delay 517.14->517.14).
phyopt: part=low seed=n1430(id=1430 center=1430 R=3 crit=0.167 pot=0.8008)
phyopt: rejected (map area 10153.41->10153.93, delay 517.14->517.14).
phyopt: part=low seed=n1432(id=1432 center=1432 R=3 crit=0.167 pot=0.8008)
phyopt: rejected (map area 10153.41->10153.41, delay 517.14->517.14).
phyopt: part=low seed=n1433(id=1433 center=1433 R=3 crit=0.167 pot=0.8008)
phyopt: accepted (map area 10153.41->10153.14, delay 517.14->517.14).
phyopt: part=low seed=n3140(id=3140 center=3140 R=3 crit=0.167 pot=0.8008)
phyopt: accepted (map area 10153.14->10152.87, delay 517.14->517.14).
phyopt: part=low seed=n3519(id=3519 center=3519 R=3 crit=0.167 pot=0.8008)
phyopt: accepted (map area 10152.87->10152.85, delay 517.14->517.14).
phyopt: part=low seed=n13412(id=13412 center=13412 R=3 crit=0.133 pot=0.8108)
phyopt: rejected (map area 10152.85->10153.93, delay 517.14->517.14).
phyopt: part=low seed=n3403(id=3403 center=3403 R=3 crit=0.100 pot=0.8208)
phyopt: rejected (map area 10152.85->10152.85, delay 517.14->517.14).
phyopt: part=mid seed=n5238(id=5238 center=5238 R=4 crit=0.267 pot=0.8667)
phyopt: rejected (map area 10152.85->10152.85, delay 517.14->517.14).
phyopt: part=mid seed=n9303(id=9303 center=9303 R=4 crit=0.267 pot=0.8667)
phyopt: accepted (map area 10152.85->10127.78, delay 517.14->517.14).
phyopt: part=mid seed=n4819(id=4819 center=4819 R=4 crit=0.300 pot=0.8500)
phyopt: rejected (map area 10127.78->10128.31, delay 517.14->517.14).
phyopt: part=mid seed=n14423(id=14423 center=14423 R=4 crit=0.300 pot=0.8500)
phyopt: accepted (map area 10127.78->10126.72, delay 517.14->517.14).
phyopt: part=mid seed=n3249(id=3249 center=3249 R=4 crit=0.333 pot=0.8333)
phyopt: accepted (map area 10126.72->10125.11, delay 517.14->517.14).
phyopt: part=mid seed=n7109(id=7109 center=7109 R=4 crit=0.333 pot=0.8333)
phyopt: rejected (map area 10125.11->10125.11, delay 517.14->517.14).
phyopt: part=mid seed=n17479(id=17479 center=17479 R=4 crit=0.333 pot=0.8333)
phyopt: accepted (map area 10125.11->10124.31, delay 517.14->517.14).
phyopt: part=mid seed=n6075(id=6075 center=6075 R=4 crit=0.367 pot=0.8167)
phyopt: rejected (map area 10124.31->10125.12, delay 517.14->517.14).
phyopt: part=mid seed=n7112(id=7112 center=7112 R=4 crit=0.367 pot=0.8167)
phyopt: accepted (map area 10124.31->10123.52, delay 517.14->517.14).
phyopt: part=mid seed=n14560(id=14560 center=14560 R=4 crit=0.367 pot=0.8167)
phyopt: rejected (map area 10123.52->10123.52, delay 517.14->517.14).
phyopt: part=mid seed=n76(id=76 center=76 R=4 crit=0.400 pot=0.8000)
phyopt: rejected (map area 10123.52->10125.92, delay 517.14->517.14).
phyopt: part=mid seed=n5351(id=5351 center=5351 R=4 crit=0.400 pot=0.8000)
phyopt: rejected (map area 10123.52->10124.05, delay 517.14->517.14).
phyopt: part=mid seed=n6513(id=6513 center=6513 R=4 crit=0.400 pot=0.8000)
phyopt: accepted (map area 10123.52->10122.98, delay 517.14->517.14).
phyopt: part=mid seed=n8546(id=8546 center=8546 R=4 crit=0.400 pot=0.8000)
phyopt: accepted (map area 10122.98->10120.70, delay 517.14->517.14).
phyopt: part=mid seed=n12349(id=12349 center=12349 R=4 crit=0.400 pot=0.8000)
phyopt: rejected (map area 10120.70->10120.70, delay 517.14->517.14).
phyopt: part=mid seed=n12933(id=12933 center=12933 R=4 crit=0.400 pot=0.8000)
phyopt: rejected (map area 10120.70->10120.70, delay 517.14->517.14).
phyopt: L0/L1 skips high=139/582 low=2/0 mid=591/3003, L1-threshold=0.1970.
phyopt: adaptive keep high/low/mid=95%/74%/95%.
phyopt: finished round 1/1.
phyopt: partition summary (tried/accepted):
  high : 9 / 16
  low  : 4 / 10
  mid  : 7 / 16
phyopt: per-part seed coverage (topK means top-5 potential within processed seeds):
  high: seeds=4350 tried=16(0.4%) accepted=9(56.2%) skipped(marked=2,low_slack=0) topK(tried=5/5 accepted=4 hit=80.0%)
  low: seeds=74 tried=10(13.5%) accepted=4(40.0%) skipped(marked=0,low_slack=0) topK(tried=3/5 accepted=1 hit=33.3%)
  mid: seeds=14434 tried=16(0.1%) accepted=7(43.8%) skipped(marked=0,low_slack=0) topK(tried=5/5 accepted=3 hit=60.0%)
phyopt: rejection reason breakdown:
  - runtime_or_eval_fail : 2
  - policy_tradeoff_reject : 8
  - delay_worse : 0
  - area_worse : 14
  - area_and_delay_worse : 0
  - low_part_delay_budget : 0
phyopt: skipped marked=2 low_slack=<0.10=0
phyopt: done, accepted=20 rejected=24 final_nodes=17943 final_levels=36.
phyopt: micro-model saved (/mnt/d/My_abc_work/abc/my_work/model/phy_micro_model_global.txt, samples=921).
[1;37m/mnt/d/My_abc_work/abc/my_work/xiaorong_aig/ex200:[0m i/o =   16/   16  lat =    0  nd =  9732  edge =  28106  area =10120.70  delay =517.14  lev = 19
