======== ABC command line "source /tmp/ablation_ex202_baseline_285.scr"
Warning: Detected 2 multi-output cells (for example, "FA_X1").
mapper_extract: wrote 18394 lines to "/mnt/d/My_abc_work/abc/my_work/ablation_results/ex202/ex202_baseline.csv".
Loaded 18394 physical records from /mnt/d/My_abc_work/abc/my_work/ablation_results/ex202/ex202_baseline.csv
Potential rebuilt: alpha(low/mid/high)=0.200/0.500/0.800 avg_struct=0.7168 avg_slack=0.2444 avg_opt_mid=0.4806
Physical records : 18394
Gate summary     : NAND=11614 AND=6059 INV=720 OTHER=1
Alpha (L/M/H)    : 0.200 / 0.500 / 0.800
StructW(i/p/f/g) : 0.400 / 0.300 / 0.200 / 0.100
phyopt: start rounds=1, criticality partitions high(>=0.800)->low(<=0.300)->mid, window=16.
phyopt: objective=map(area,delay), low-part delay budget=+10% from pre-opt.
phyopt: round=1 partition sizes high=8631 low=107 mid=9656.
phyopt: round=1 part=high seed=n8358(id=8358 center=8358 R=5 crit=0.806 pot=0.3548)
phyopt: accepted (map area 9669.63->9669.10, delay 17.00->17.00).
phyopt: round=1 part=high seed=n9258(id=9258 center=9258 R=5 crit=0.806 pot=0.3548)
phyopt: accepted (map area 9669.10->9661.65, delay 17.00->17.00).
phyopt: round=1 part=high seed=n11124(id=11124 center=11124 R=5 crit=0.806 pot=0.3548)
phyopt: rejected (map area 9661.65->9661.92, delay 17.00->17.00).
phyopt: round=1 part=high seed=n11268(id=11268 center=11268 R=5 crit=0.806 pot=0.3548)
phyopt: rejected (map area 9661.65->9670.43, delay 17.00->17.00).
phyopt: round=1 part=high seed=n13401(id=13401 center=13401 R=5 crit=0.806 pot=0.3548)
phyopt: rejected (map area 9661.65->9663.25, delay 17.00->17.00).
phyopt: round=1 part=high seed=n13412(id=13412 center=13412 R=5 crit=0.806 pot=0.3548)
phyopt: accepted (map area 9661.65->9661.65, delay 17.00->17.00).
phyopt: round=1 part=high seed=n16545(id=16545 center=16545 R=5 crit=0.806 pot=0.3548)
phyopt: accepted (map area 9661.65->9657.66, delay 17.00->17.00).
phyopt: round=1 part=high seed=n16818(id=16818 center=16818 R=5 crit=0.806 pot=0.3548)
phyopt: rejected (map area 9657.66->9660.59, delay 17.00->17.00).
phyopt: round=1 part=high seed=n17438(id=17438 center=17438 R=5 crit=0.806 pot=0.3548)
phyopt: rejected (map area 9657.66->9662.18, delay 17.00->17.00).
The node "n18061" with ID 18061 is not in the current network.
phyopt: skip seed=n18061 (cannot resolve center node in current AIG).
phyopt: round=1 part=high seed=n2761(id=2761 center=2761 R=5 crit=0.839 pot=0.3290)
phyopt: accepted (map area 9657.66->9656.86, delay 17.00->17.00).
phyopt: round=1 part=high seed=n3194(id=3194 center=3194 R=5 crit=0.839 pot=0.3290)
phyopt: accepted (map area 9656.86->9655.80, delay 17.00->17.00).
phyopt: round=1 part=high seed=n5255(id=5255 center=5255 R=5 crit=0.839 pot=0.3290)
phyopt: accepted (map area 9655.80->9651.81, delay 17.00->17.00).
phyopt: round=1 part=high seed=n7635(id=7635 center=7635 R=5 crit=0.839 pot=0.3290)
phyopt: accepted (map area 9651.81->9651.28, delay 17.00->17.00).
phyopt: round=1 part=high seed=n8317(id=8317 center=8317 R=5 crit=0.839 pot=0.3290)
phyopt: accepted (map area 9651.28->9650.48, delay 17.00->17.00).
phyopt: round=1 part=high seed=n9554(id=9554 center=9554 R=5 crit=0.839 pot=0.3290)
phyopt: accepted (map area 9650.48->9650.21, delay 17.00->17.00).
phyopt: round=1 part=high seed=n13980(id=13980 center=13980 R=5 crit=0.839 pot=0.3290)
phyopt: accepted (map area 9650.21->9649.95, delay 17.00->17.00).
phyopt: round=1 part=high seed=n14347(id=14347 center=14347 R=5 crit=0.839 pot=0.3290)
phyopt: accepted (map area 9649.95->9607.92, delay 17.00->17.00).
phyopt: round=1 part=high seed=n14561(id=14561 center=14561 R=5 crit=0.839 pot=0.3290)
phyopt: accepted (map area 9607.92->9607.39, delay 17.00->17.00).
The node "n17525" with ID 17525 is not in the current network.
phyopt: skip seed=n17525 (cannot resolve center node in current AIG).
The node "n17892" with ID 17892 is not in the current network.
phyopt: skip seed=n17892 (cannot resolve center node in current AIG).
phyopt: round=1 part=high seed=n438(id=438 center=438 R=5 crit=0.806 pot=0.3056)
phyopt: accepted (map area 9607.39->9607.39, delay 17.00->17.00).
phyopt: round=1 part=high seed=n440(id=440 center=440 R=5 crit=0.806 pot=0.3056)
phyopt: accepted (map area 9607.39->9606.59, delay 17.00->17.00).
phyopt: round=1 part=high seed=n889(id=889 center=889 R=5 crit=0.806 pot=0.3056)
phyopt: accepted (map area 9606.59->9599.14, delay 17.00->17.00).
phyopt: round=1 part=high seed=n892(id=892 center=892 R=5 crit=0.806 pot=0.3056)
phyopt: rejected (map area 9599.14->9601.27, delay 17.00->17.00).
phyopt: round=1 part=high seed=n893(id=893 center=893 R=5 crit=0.806 pot=0.3056)
phyopt: accepted (map area 9599.14->9599.14, delay 17.00->17.00).
phyopt: round=1 part=high seed=n895(id=895 center=895 R=5 crit=0.806 pot=0.3056)
phyopt: accepted (map area 9599.14->9599.14, delay 17.00->17.00).
phyopt: round=1 part=low seed=n1436(id=1436 center=1436 R=3 crit=0.032 pot=0.9935)
phyopt: rejected (map area 9599.14->9599.14, delay 17.00->17.00).
phyopt: round=1 part=low seed=n361(id=361 center=361 R=3 crit=0.194 pot=0.9613)
phyopt: rejected (map area 9599.14->9599.14, delay 17.00->17.00).
phyopt: round=1 part=low seed=n5910(id=5910 center=5910 R=3 crit=0.194 pot=0.9613)
phyopt: rejected (map area 9599.14->9599.14, delay 17.00->17.00).
phyopt: round=1 part=low seed=n5758(id=5758 center=5758 R=3 crit=0.290 pot=0.9419)
phyopt: rejected (map area 9599.14->9599.14, delay 17.00->17.00).
phyopt: round=1 part=low seed=n1434(id=1434 center=1434 R=3 crit=0.000 pot=0.8031)
phyopt: rejected (map area 9599.14->9599.41, delay 17.00->17.00).
phyopt: round=1 part=low seed=n36(id=36 center=36 R=3 crit=0.032 pot=0.7967)
phyopt: rejected (map area 9599.14->9599.14, delay 17.00->17.00).
phyopt: round=1 part=low seed=n41(id=41 center=41 R=3 crit=0.032 pot=0.7967)
phyopt: rejected (map area 9599.14->9599.14, delay 17.00->17.00).
phyopt: round=1 part=low seed=n42(id=42 center=42 R=3 crit=0.032 pot=0.7967)
phyopt: rejected (map area 9599.14->9599.14, delay 17.00->17.00).
phyopt: round=1 part=low seed=n1437(id=1437 center=1437 R=3 crit=0.032 pot=0.7967)
phyopt: rejected (map area 9599.14->9599.14, delay 17.00->17.00).
phyopt: round=1 part=low seed=n1438(id=1438 center=1438 R=3 crit=0.032 pot=0.7967)
phyopt: rejected (map area 9599.14->9599.14, delay 17.00->17.00).
phyopt: round=1 part=low seed=n6663(id=6663 center=6663 R=3 crit=0.032 pot=0.7967)
phyopt: rejected (map area 9599.14->9599.14, delay 17.00->17.00).
phyopt: round=1 part=low seed=n11734(id=11734 center=11734 R=3 crit=0.032 pot=0.7967)
phyopt: rejected (map area 9599.14->9599.14, delay 17.00->17.00).
phyopt: round=1 part=low seed=n6665(id=6665 center=6665 R=3 crit=0.065 pot=0.7902)
phyopt: rejected (map area 9599.14->9599.14, delay 17.00->17.00).
phyopt: round=1 part=low seed=n6666(id=6666 center=6666 R=3 crit=0.065 pot=0.7902)
phyopt: rejected (map area 9599.14->9599.14, delay 17.00->17.00).
phyopt: round=1 part=low seed=n11735(id=11735 center=11735 R=3 crit=0.065 pot=0.7902)
phyopt: rejected (map area 9599.14->9599.14, delay 17.00->17.00).
phyopt: round=1 part=low seed=n11736(id=11736 center=11736 R=3 crit=0.065 pot=0.7902)
phyopt: accepted (map area 9599.14->9597.28, delay 17.00->17.00).
phyopt: round=1 part=low seed=n373(id=373 center=373 R=3 crit=0.097 pot=0.7837)
phyopt: rejected (map area 9597.28->9600.47, delay 17.00->17.00).
phyopt: round=1 part=low seed=n11738(id=11738 center=11738 R=3 crit=0.129 pot=0.7773)
phyopt: rejected (map area 9597.28->9597.28, delay 17.00->17.00).
phyopt: round=1 part=low seed=n15541(id=15541 center=15541 R=3 crit=0.129 pot=0.7773)
phyopt: accepted (map area 9597.28->9596.48, delay 17.00->17.00).
phyopt: round=1 part=low seed=n15542(id=15542 center=15542 R=3 crit=0.129 pot=0.7773)
phyopt: rejected (map area 9596.48->9598.08, delay 17.00->17.00).
phyopt: round=1 part=low seed=n1548(id=1548 center=1548 R=3 crit=0.161 pot=0.7708)
phyopt: accepted (map area 9596.48->9596.22, delay 17.00->17.00).
phyopt: round=1 part=low seed=n2165(id=2165 center=2165 R=3 crit=0.161 pot=0.7708)
phyopt: rejected (map area 9596.22->9597.28, delay 17.00->17.00).
phyopt: round=1 part=low seed=n2166(id=2166 center=2166 R=3 crit=0.161 pot=0.7708)
phyopt: rejected (map area 9596.22->9597.01, delay 17.00->17.00).
phyopt: round=1 part=low seed=n5748(id=5748 center=5748 R=3 crit=0.161 pot=0.7708)
phyopt: rejected (map area 9596.22->9596.48, delay 17.00->17.00).
phyopt: round=1 part=low seed=n5750(id=5750 center=5750 R=3 crit=0.161 pot=0.7708)
phyopt: rejected (map area 9596.22->9596.48, delay 17.00->17.00).
phyopt: round=1 part=low seed=n16231(id=16231 center=16231 R=3 crit=0.161 pot=0.7708)
phyopt: rejected (map area 9596.22->9596.22, delay 17.00->17.00).
phyopt: round=1 part=low seed=n16232(id=16232 center=16232 R=3 crit=0.161 pot=0.7708)
phyopt: rejected (map area 9596.22->9596.22, delay 17.00->17.00).
phyopt: round=1 part=low seed=n16233(id=16233 center=16233 R=3 crit=0.161 pot=0.7708)
phyopt: rejected (map area 9596.22->9596.22, delay 17.00->17.00).
phyopt: round=1 part=mid seed=n304(id=304 center=304 R=4 crit=0.323 pot=0.8387)
phyopt: rejected (map area 9596.22->9598.88, delay 17.00->17.00).
phyopt: round=1 part=mid seed=n14283(id=14283 center=14283 R=4 crit=0.323 pot=0.8387)
phyopt: accepted (map area 9596.22->9595.68, delay 17.00->17.00).
phyopt: round=1 part=mid seed=n15552(id=15552 center=15552 R=4 crit=0.323 pot=0.8387)
phyopt: rejected (map area 9595.68->9596.48, delay 17.00->17.00).
phyopt: round=1 part=mid seed=n1743(id=1743 center=1743 R=4 crit=0.355 pot=0.8226)
phyopt: accepted (map area 9595.68->9587.97, delay 17.00->17.00).
phyopt: round=1 part=mid seed=n2235(id=2235 center=2235 R=4 crit=0.355 pot=0.8226)
phyopt: accepted (map area 9587.97->9576.53, delay 17.00->17.00).
phyopt: round=1 part=mid seed=n4832(id=4832 center=4832 R=4 crit=0.355 pot=0.8226)
phyopt: rejected (map area 9576.53->9578.13, delay 17.00->17.00).
phyopt: round=1 part=mid seed=n13156(id=13156 center=13156 R=4 crit=0.355 pot=0.8226)
phyopt: rejected (map area 9576.53->9576.53, delay 17.00->17.00).
phyopt: round=1 part=mid seed=n129(id=129 center=129 R=4 crit=0.387 pot=0.8065)
phyopt: accepted (map area 9576.53->9548.07, delay 17.00->17.00).
phyopt: round=1 part=mid seed=n1550(id=1550 center=1550 R=4 crit=0.387 pot=0.8065)
phyopt: accepted (map area 9548.07->9547.80, delay 17.00->17.00).
phyopt: round=1 part=mid seed=n2148(id=2148 center=2148 R=4 crit=0.387 pot=0.8065)
phyopt: rejected (map area 9547.80->9548.87, delay 17.00->17.00).
phyopt: round=1 part=mid seed=n2261(id=2261 center=2261 R=4 crit=0.387 pot=0.8065)
phyopt: accepted (map area 9547.80->9547.54, delay 17.00->17.00).
phyopt: round=1 part=mid seed=n4828(id=4828 center=4828 R=4 crit=0.387 pot=0.8065)
phyopt: rejected (map area 9547.54->9547.54, delay 17.00->17.00).
phyopt: round=1 part=mid seed=n6739(id=6739 center=6739 R=4 crit=0.387 pot=0.8065)
phyopt: accepted (map area 9547.54->9547.01, delay 17.00->17.00).
phyopt: round=1 part=mid seed=n7402(id=7402 center=7402 R=4 crit=0.387 pot=0.8065)
phyopt: rejected (map area 9547.01->9547.54, delay 17.00->17.00).
phyopt: round=1 part=mid seed=n1688(id=1688 center=1688 R=4 crit=0.419 pot=0.7903)
phyopt: rejected (map area 9547.01->9547.01, delay 17.00->17.00).
phyopt: round=1 part=mid seed=n3596(id=3596 center=3596 R=4 crit=0.419 pot=0.7903)
phyopt: rejected (map area 9547.01->9547.01, delay 17.00->17.00).
phyopt: round=1 part=mid seed=n1601(id=1601 center=1601 R=4 crit=0.452 pot=0.7742)
phyopt: rejected (map area 9547.01->9548.34, delay 17.00->17.00).
phyopt: round=1 part=mid seed=n6332(id=6332 center=6332 R=4 crit=0.452 pot=0.7742)
phyopt: accepted (map area 9547.01->9546.74, delay 17.00->17.00).
phyopt: round=1 part=mid seed=n12109(id=12109 center=12109 R=4 crit=0.452 pot=0.7742)
phyopt: rejected (map area 9546.74->9546.74, delay 17.00->17.00).
phyopt: round=1 part=mid seed=n15426(id=15426 center=15426 R=4 crit=0.452 pot=0.7742)
phyopt: accepted (map area 9546.74->9546.21, delay 17.00->17.00).
phyopt: round=1 part=mid seed=n16453(id=16453 center=16453 R=4 crit=0.452 pot=0.7742)
phyopt: accepted (map area 9546.21->9541.69, delay 17.00->17.00).
phyopt: round=1 part=mid seed=n16867(id=16867 center=16867 R=4 crit=0.452 pot=0.7742)
phyopt: accepted (map area 9541.69->9540.09, delay 17.00->17.00).
phyopt: round=1 part=mid seed=n800(id=800 center=800 R=4 crit=0.484 pot=0.7581)
phyopt: rejected (map area 9540.09->9540.09, delay 17.00->17.00).
phyopt: round=1 part=mid seed=n3558(id=3558 center=3558 R=4 crit=0.484 pot=0.7581)
phyopt: rejected (map area 9540.09->9541.69, delay 17.00->17.00).
phyopt: round=1 part=mid seed=n5987(id=5987 center=5987 R=4 crit=0.484 pot=0.7581)
phyopt: rejected (map area 9540.09->9540.09, delay 17.00->17.00).
phyopt: round=1 part=mid seed=n6145(id=6145 center=6145 R=4 crit=0.484 pot=0.7581)
phyopt: accepted (map area 9540.09->9539.82, delay 17.00->17.00).
phyopt: round=1 part=mid seed=n9176(id=9176 center=9176 R=4 crit=0.484 pot=0.7581)
phyopt: rejected (map area 9539.82->9540.36, delay 17.00->17.00).
phyopt: round=1 part=mid seed=n10110(id=10110 center=10110 R=4 crit=0.484 pot=0.7581)
phyopt: accepted (map area 9539.82->9539.29, delay 17.00->17.00).
phyopt: round=1 part=mid seed=n10297(id=10297 center=10297 R=4 crit=0.484 pot=0.7581)
phyopt: rejected (map area 9539.29->9539.29, delay 17.00->17.00).
phyopt: round=1 part=mid seed=n12375(id=12375 center=12375 R=4 crit=0.484 pot=0.7581)
phyopt: rejected (map area 9539.29->9539.29, delay 17.00->17.00).
phyopt: finished round 1/1.
phyopt: partition summary (tried/accepted):
  high : 18 / 24
  low  : 3 / 28
  mid  : 13 / 30
phyopt: per-part seed coverage (topK means top-5 potential within processed seeds):
  high: seeds=30 tried=24(80.0%) accepted=18(75.0%) skipped(marked=3,low_slack=0) topK(tried=5/5 accepted=2 hit=40.0%)
  low: seeds=30 tried=28(93.3%) accepted=3(10.7%) skipped(marked=2,low_slack=0) topK(tried=5/5 accepted=0 hit=0.0%)
  mid: seeds=30 tried=30(100.0%) accepted=13(43.3%) skipped(marked=0,low_slack=0) topK(tried=5/5 accepted=3 hit=60.0%)
phyopt: rejection reason breakdown:
  - runtime_or_eval_fail : 3
  - policy_tradeoff_reject : 27
  - delay_worse : 0
  - area_worse : 21
  - area_and_delay_worse : 0
  - low_part_delay_budget : 0
phyopt: skipped marked=5 low_slack=<0.10=0
phyopt: done, accepted=34 rejected=51 final_nodes=17305 final_levels=37.
Networks are equivalent.  Time =     2.25 sec
