======== ABC command line "source /tmp/ablation_ex202_no_pair_collapse_285.scr"
Warning: Detected 2 multi-output cells (for example, "FA_X1").
mapper_extract: wrote 18394 lines to "/mnt/d/My_abc_work/abc/my_work/ablation_results/ex202/ex202_no_pair_collapse.csv".
Loaded 18394 physical records from /mnt/d/My_abc_work/abc/my_work/ablation_results/ex202/ex202_no_pair_collapse.csv
Potential rebuilt: alpha(low/mid/high)=0.200/0.500/0.800 avg_struct=0.1877 avg_slack=0.2444 avg_opt_mid=0.2161
Physical records : 18394
Gate summary     : NAND=11614 AND=6059 INV=720 OTHER=1
Alpha (L/M/H)    : 0.200 / 0.500 / 0.800
StructW(i/p/f/g) : 0.571 / 0.000 / 0.286 / 0.143
phyopt: start rounds=1, criticality partitions high(>=0.800)->low(<=0.300)->mid, window=16.
phyopt: objective=map(area,delay), low-part delay budget=+10% from pre-opt.
phyopt: round=1 partition sizes high=8631 low=107 mid=9656.
phyopt: round=1 part=high seed=n8358(id=8358 center=8358 R=5 crit=0.806 pot=0.3548)
phyopt: accepted (map area 9669.63->9669.10, delay 17.00->17.00).
phyopt: round=1 part=high seed=n9258(id=9258 center=9258 R=5 crit=0.806 pot=0.3548)
phyopt: accepted (map area 9669.10->9661.65, delay 17.00->17.00).
phyopt: round=1 part=high seed=n11124(id=11124 center=11124 R=5 crit=0.806 pot=0.3548)
phyopt: rejected (map area 9661.65->9661.92, delay 17.00->17.00).
phyopt: round=1 part=high seed=n11268(id=11268 center=11268 R=5 crit=0.806 pot=0.3548)
phyopt: rejected (map area 9661.65->9670.43, delay 17.00->17.00).
phyopt: round=1 part=high seed=n13401(id=13401 center=13401 R=5 crit=0.806 pot=0.3548)
phyopt: rejected (map area 9661.65->9663.25, delay 17.00->17.00).
phyopt: round=1 part=high seed=n13412(id=13412 center=13412 R=5 crit=0.806 pot=0.3548)
phyopt: accepted (map area 9661.65->9661.65, delay 17.00->17.00).
phyopt: round=1 part=high seed=n16545(id=16545 center=16545 R=5 crit=0.806 pot=0.3548)
phyopt: accepted (map area 9661.65->9657.66, delay 17.00->17.00).
phyopt: round=1 part=high seed=n16818(id=16818 center=16818 R=5 crit=0.806 pot=0.3548)
phyopt: rejected (map area 9657.66->9660.59, delay 17.00->17.00).
phyopt: round=1 part=high seed=n17438(id=17438 center=17438 R=5 crit=0.806 pot=0.3548)
phyopt: rejected (map area 9657.66->9662.18, delay 17.00->17.00).
The node "n18061" with ID 18061 is not in the current network.
phyopt: skip seed=n18061 (cannot resolve center node in current AIG).
phyopt: round=1 part=high seed=n2761(id=2761 center=2761 R=5 crit=0.839 pot=0.3290)
phyopt: accepted (map area 9657.66->9656.86, delay 17.00->17.00).
phyopt: round=1 part=high seed=n3194(id=3194 center=3194 R=5 crit=0.839 pot=0.3290)
phyopt: accepted (map area 9656.86->9655.80, delay 17.00->17.00).
phyopt: round=1 part=high seed=n5255(id=5255 center=5255 R=5 crit=0.839 pot=0.3290)
phyopt: accepted (map area 9655.80->9651.81, delay 17.00->17.00).
phyopt: round=1 part=high seed=n7635(id=7635 center=7635 R=5 crit=0.839 pot=0.3290)
phyopt: accepted (map area 9651.81->9651.28, delay 17.00->17.00).
phyopt: round=1 part=high seed=n8317(id=8317 center=8317 R=5 crit=0.839 pot=0.3290)
phyopt: accepted (map area 9651.28->9650.48, delay 17.00->17.00).
phyopt: round=1 part=high seed=n9554(id=9554 center=9554 R=5 crit=0.839 pot=0.3290)
phyopt: accepted (map area 9650.48->9650.21, delay 17.00->17.00).
phyopt: round=1 part=high seed=n13980(id=13980 center=13980 R=5 crit=0.839 pot=0.3290)
phyopt: accepted (map area 9650.21->9649.95, delay 17.00->17.00).
phyopt: round=1 part=high seed=n14347(id=14347 center=14347 R=5 crit=0.839 pot=0.3290)
phyopt: accepted (map area 9649.95->9607.92, delay 17.00->17.00).
phyopt: round=1 part=high seed=n14561(id=14561 center=14561 R=5 crit=0.839 pot=0.3290)
phyopt: accepted (map area 9607.92->9607.39, delay 17.00->17.00).
The node "n17525" with ID 17525 is not in the current network.
phyopt: skip seed=n17525 (cannot resolve center node in current AIG).
The node "n17892" with ID 17892 is not in the current network.
phyopt: skip seed=n17892 (cannot resolve center node in current AIG).
phyopt: round=1 part=high seed=n5370(id=5370 center=5370 R=5 crit=0.871 pot=0.3032)
phyopt: accepted (map area 9607.39->9606.86, delay 17.00->17.00).
phyopt: round=1 part=high seed=n5521(id=5521 center=5521 R=5 crit=0.871 pot=0.3032)
phyopt: rejected (map area 9606.86->9607.12, delay 17.00->17.00).
phyopt: round=1 part=high seed=n7607(id=7607 center=7607 R=5 crit=0.871 pot=0.3032)
phyopt: accepted (map area 9606.86->9604.73, delay 17.00->17.00).
phyopt: round=1 part=high seed=n8090(id=8090 center=8090 R=5 crit=0.871 pot=0.3032)
phyopt: rejected (map area 9604.73->9620.42, delay 17.00->17.00).
phyopt: round=1 part=high seed=n9937(id=9937 center=9937 R=5 crit=0.871 pot=0.3032)
phyopt: accepted (map area 9604.73->9603.66, delay 17.00->17.00).
phyopt: round=1 part=high seed=n9955(id=9955 center=9955 R=5 crit=0.871 pot=0.3032)
phyopt: accepted (map area 9603.66->9594.35, delay 17.00->17.00).
phyopt: round=1 part=high seed=n11090(id=11090 center=11090 R=5 crit=0.871 pot=0.3032)
phyopt: accepted (map area 9594.35->9587.97, delay 17.00->17.00).
phyopt: round=1 part=high seed=n11214(id=11214 center=11214 R=5 crit=0.871 pot=0.3032)
phyopt: accepted (map area 9587.97->9587.97, delay 17.00->17.00).
phyopt: round=1 part=high seed=n11636(id=11636 center=11636 R=5 crit=0.871 pot=0.3032)
phyopt: accepted (map area 9587.97->9587.97, delay 17.00->17.00).
phyopt: round=1 part=low seed=n1436(id=1436 center=1436 R=3 crit=0.032 pot=0.9935)
phyopt: accepted (map area 9587.97->9586.11, delay 17.00->17.00).
phyopt: round=1 part=low seed=n361(id=361 center=361 R=3 crit=0.194 pot=0.9613)
phyopt: accepted (map area 9586.11->9582.38, delay 17.00->17.00).
phyopt: round=1 part=low seed=n5910(id=5910 center=5910 R=3 crit=0.194 pot=0.9613)
phyopt: rejected (map area 9582.38->9582.38, delay 17.00->17.00).
phyopt: round=1 part=low seed=n5758(id=5758 center=5758 R=3 crit=0.290 pot=0.9419)
phyopt: rejected (map area 9582.38->9582.38, delay 17.00->17.00).
phyopt: round=1 part=low seed=n1434(id=1434 center=1434 R=3 crit=0.000 pot=0.3487)
phyopt: rejected (map area 9582.38->9582.65, delay 17.00->17.00).
phyopt: round=1 part=low seed=n36(id=36 center=36 R=3 crit=0.032 pot=0.3423)
phyopt: rejected (map area 9582.38->9582.38, delay 17.00->17.00).
phyopt: round=1 part=low seed=n41(id=41 center=41 R=3 crit=0.032 pot=0.3423)
phyopt: rejected (map area 9582.38->9582.38, delay 17.00->17.00).
phyopt: round=1 part=low seed=n42(id=42 center=42 R=3 crit=0.032 pot=0.3423)
phyopt: rejected (map area 9582.38->9582.38, delay 17.00->17.00).
phyopt: round=1 part=low seed=n1438(id=1438 center=1438 R=3 crit=0.032 pot=0.3423)
phyopt: rejected (map area 9582.38->9582.38, delay 17.00->17.00).
phyopt: round=1 part=low seed=n6663(id=6663 center=6663 R=3 crit=0.032 pot=0.3423)
phyopt: rejected (map area 9582.38->9582.38, delay 17.00->17.00).
phyopt: round=1 part=low seed=n11734(id=11734 center=11734 R=3 crit=0.032 pot=0.3423)
phyopt: accepted (map area 9582.38->9582.12, delay 17.00->17.00).
phyopt: round=1 part=low seed=n6665(id=6665 center=6665 R=3 crit=0.065 pot=0.3358)
phyopt: rejected (map area 9582.12->9582.12, delay 17.00->17.00).
phyopt: round=1 part=low seed=n6666(id=6666 center=6666 R=3 crit=0.065 pot=0.3358)
phyopt: rejected (map area 9582.12->9582.12, delay 17.00->17.00).
phyopt: round=1 part=low seed=n11735(id=11735 center=11735 R=3 crit=0.065 pot=0.3358)
phyopt: rejected (map area 9582.12->9582.12, delay 17.00->17.00).
phyopt: round=1 part=low seed=n373(id=373 center=373 R=3 crit=0.097 pot=0.3294)
phyopt: rejected (map area 9582.12->9582.12, delay 17.00->17.00).
phyopt: round=1 part=low seed=n11738(id=11738 center=11738 R=3 crit=0.129 pot=0.3229)
phyopt: rejected (map area 9582.12->9582.12, delay 17.00->17.00).
phyopt: round=1 part=low seed=n15541(id=15541 center=15541 R=3 crit=0.129 pot=0.3229)
phyopt: rejected (map area 9582.12->9582.38, delay 17.00->17.00).
phyopt: round=1 part=low seed=n15542(id=15542 center=15542 R=3 crit=0.129 pot=0.3229)
phyopt: rejected (map area 9582.12->9582.12, delay 17.00->17.00).
phyopt: round=1 part=low seed=n15543(id=15543 center=15543 R=3 crit=0.129 pot=0.3229)
phyopt: rejected (map area 9582.12->9582.12, delay 17.00->17.00).
phyopt: round=1 part=low seed=n1548(id=1548 center=1548 R=3 crit=0.161 pot=0.3165)
phyopt: rejected (map area 9582.12->9582.12, delay 17.00->17.00).
phyopt: round=1 part=low seed=n1552(id=1552 center=1552 R=3 crit=0.161 pot=0.3165)
phyopt: rejected (map area 9582.12->9582.12, delay 17.00->17.00).
phyopt: round=1 part=low seed=n2165(id=2165 center=2165 R=3 crit=0.161 pot=0.3165)
phyopt: rejected (map area 9582.12->9582.12, delay 17.00->17.00).
phyopt: round=1 part=low seed=n2166(id=2166 center=2166 R=3 crit=0.161 pot=0.3165)
phyopt: rejected (map area 9582.12->9582.12, delay 17.00->17.00).
phyopt: round=1 part=low seed=n5748(id=5748 center=5748 R=3 crit=0.161 pot=0.3165)
phyopt: rejected (map area 9582.12->9585.84, delay 17.00->17.00).
phyopt: round=1 part=low seed=n5750(id=5750 center=5750 R=3 crit=0.161 pot=0.3165)
phyopt: rejected (map area 9582.12->9590.10, delay 17.00->17.00).
phyopt: round=1 part=low seed=n16231(id=16231 center=16231 R=3 crit=0.161 pot=0.3165)
phyopt: rejected (map area 9582.12->9582.12, delay 17.00->17.00).
phyopt: round=1 part=low seed=n16232(id=16232 center=16232 R=3 crit=0.161 pot=0.3165)
phyopt: rejected (map area 9582.12->9582.12, delay 17.00->17.00).
phyopt: round=1 part=low seed=n16233(id=16233 center=16233 R=3 crit=0.161 pot=0.3165)
phyopt: rejected (map area 9582.12->9582.12, delay 17.00->17.00).
phyopt: round=1 part=mid seed=n304(id=304 center=304 R=4 crit=0.323 pot=0.8387)
phyopt: rejected (map area 9582.12->9582.12, delay 17.00->17.00).
phyopt: round=1 part=mid seed=n14283(id=14283 center=14283 R=4 crit=0.323 pot=0.8387)
phyopt: accepted (map area 9582.12->9581.32, delay 17.00->17.00).
phyopt: round=1 part=mid seed=n15552(id=15552 center=15552 R=4 crit=0.323 pot=0.8387)
phyopt: accepted (map area 9581.32->9580.26, delay 17.00->17.00).
phyopt: round=1 part=mid seed=n1743(id=1743 center=1743 R=4 crit=0.355 pot=0.8226)
phyopt: rejected (map area 9580.26->9580.79, delay 17.00->17.00).
phyopt: round=1 part=mid seed=n2235(id=2235 center=2235 R=4 crit=0.355 pot=0.8226)
phyopt: rejected (map area 9580.26->9580.26, delay 17.00->17.00).
phyopt: round=1 part=mid seed=n4832(id=4832 center=4832 R=4 crit=0.355 pot=0.8226)
phyopt: rejected (map area 9580.26->9580.26, delay 17.00->17.00).
phyopt: round=1 part=mid seed=n13156(id=13156 center=13156 R=4 crit=0.355 pot=0.8226)
phyopt: rejected (map area 9580.26->9580.26, delay 17.00->17.00).
phyopt: round=1 part=mid seed=n129(id=129 center=129 R=4 crit=0.387 pot=0.8065)
phyopt: accepted (map area 9580.26->9562.43, delay 17.00->17.00).
phyopt: round=1 part=mid seed=n1550(id=1550 center=1550 R=4 crit=0.387 pot=0.8065)
phyopt: rejected (map area 9562.43->9569.35, delay 17.00->17.00).
phyopt: round=1 part=mid seed=n2148(id=2148 center=2148 R=4 crit=0.387 pot=0.8065)
phyopt: accepted (map area 9562.43->9562.17, delay 17.00->17.00).
phyopt: round=1 part=mid seed=n2261(id=2261 center=2261 R=4 crit=0.387 pot=0.8065)
phyopt: rejected (map area 9562.17->9562.17, delay 17.00->17.00).
phyopt: round=1 part=mid seed=n4828(id=4828 center=4828 R=4 crit=0.387 pot=0.8065)
phyopt: accepted (map area 9562.17->9561.90, delay 17.00->17.00).
phyopt: round=1 part=mid seed=n6739(id=6739 center=6739 R=4 crit=0.387 pot=0.8065)
phyopt: accepted (map area 9561.90->9561.64, delay 17.00->17.00).
phyopt: round=1 part=mid seed=n7402(id=7402 center=7402 R=4 crit=0.387 pot=0.8065)
phyopt: rejected (map area 9561.64->9561.64, delay 17.00->17.00).
phyopt: round=1 part=mid seed=n1688(id=1688 center=1688 R=4 crit=0.419 pot=0.7903)
phyopt: accepted (map area 9561.64->9558.44, delay 17.00->17.00).
phyopt: round=1 part=mid seed=n3596(id=3596 center=3596 R=4 crit=0.419 pot=0.7903)
phyopt: rejected (map area 9558.44->9558.98, delay 17.00->17.00).
phyopt: round=1 part=mid seed=n1601(id=1601 center=1601 R=4 crit=0.452 pot=0.7742)
phyopt: accepted (map area 9558.44->9556.05, delay 17.00->17.00).
phyopt: round=1 part=mid seed=n6332(id=6332 center=6332 R=4 crit=0.452 pot=0.7742)
phyopt: accepted (map area 9556.05->9555.78, delay 17.00->17.00).
phyopt: round=1 part=mid seed=n12109(id=12109 center=12109 R=4 crit=0.452 pot=0.7742)
phyopt: accepted (map area 9555.78->9553.39, delay 17.00->17.00).
phyopt: round=1 part=mid seed=n15426(id=15426 center=15426 R=4 crit=0.452 pot=0.7742)
phyopt: accepted (map area 9553.39->9549.93, delay 17.00->17.00).
phyopt: round=1 part=mid seed=n16453(id=16453 center=16453 R=4 crit=0.452 pot=0.7742)
phyopt: accepted (map area 9549.93->9542.48, delay 17.00->17.00).
phyopt: round=1 part=mid seed=n16867(id=16867 center=16867 R=4 crit=0.452 pot=0.7742)
phyopt: accepted (map area 9542.48->9541.69, delay 17.00->17.00).
phyopt: round=1 part=mid seed=n800(id=800 center=800 R=4 crit=0.484 pot=0.7581)
phyopt: accepted (map area 9541.69->9539.03, delay 17.00->17.00).
phyopt: round=1 part=mid seed=n3558(id=3558 center=3558 R=4 crit=0.484 pot=0.7581)
phyopt: rejected (map area 9539.03->9539.29, delay 17.00->17.00).
phyopt: round=1 part=mid seed=n5987(id=5987 center=5987 R=4 crit=0.484 pot=0.7581)
phyopt: rejected (map area 9539.03->9556.05, delay 17.00->17.00).
phyopt: round=1 part=mid seed=n6145(id=6145 center=6145 R=4 crit=0.484 pot=0.7581)
phyopt: rejected (map area 9539.03->9539.03, delay 17.00->17.00).
phyopt: round=1 part=mid seed=n9176(id=9176 center=9176 R=4 crit=0.484 pot=0.7581)
phyopt: accepted (map area 9539.03->9538.49, delay 17.00->17.00).
phyopt: round=1 part=mid seed=n10110(id=10110 center=10110 R=4 crit=0.484 pot=0.7581)
phyopt: rejected (map area 9538.49->9545.41, delay 17.00->17.00).
phyopt: round=1 part=mid seed=n10297(id=10297 center=10297 R=4 crit=0.484 pot=0.7581)
phyopt: rejected (map area 9538.49->9538.49, delay 17.00->17.00).
phyopt: round=1 part=mid seed=n12375(id=12375 center=12375 R=4 crit=0.484 pot=0.7581)
phyopt: rejected (map area 9538.49->9538.49, delay 17.00->17.00).
phyopt: finished round 1/1.
phyopt: partition summary (tried/accepted):
  high : 20 / 27
  low  : 3 / 28
  mid  : 15 / 30
phyopt: per-part seed coverage (topK means top-5 potential within processed seeds):
  high: seeds=30 tried=27(90.0%) accepted=20(74.1%) skipped(marked=0,low_slack=0) topK(tried=5/5 accepted=2 hit=40.0%)
  low: seeds=30 tried=28(93.3%) accepted=3(10.7%) skipped(marked=2,low_slack=0) topK(tried=5/5 accepted=2 hit=40.0%)
  mid: seeds=30 tried=30(100.0%) accepted=15(50.0%) skipped(marked=0,low_slack=0) topK(tried=5/5 accepted=2 hit=40.0%)
phyopt: rejection reason breakdown:
  - runtime_or_eval_fail : 3
  - policy_tradeoff_reject : 30
  - delay_worse : 0
  - area_worse : 17
  - area_and_delay_worse : 0
  - low_part_delay_budget : 0
phyopt: skipped marked=2 low_slack=<0.10=0
phyopt: done, accepted=38 rejected=50 final_nodes=17333 final_levels=35.
Networks are equivalent.  Time =     2.42 sec
