======== ABC command line "source /tmp/ablation_ex202_thresh_loose_285.scr"
Warning: Detected 2 multi-output cells (for example, "FA_X1").
mapper_extract: wrote 18394 lines to "/mnt/d/My_abc_work/abc/my_work/ablation_results/ex202/ex202_thresh_loose.csv".
Loaded 18394 physical records from /mnt/d/My_abc_work/abc/my_work/ablation_results/ex202/ex202_thresh_loose.csv
Potential rebuilt: alpha(low/mid/high)=0.200/0.500/0.800 avg_struct=0.7168 avg_slack=0.2444 avg_opt_mid=0.4806
Physical records : 18394
Gate summary     : NAND=11614 AND=6059 INV=720 OTHER=1
Alpha (L/M/H)    : 0.200 / 0.500 / 0.800
StructW(i/p/f/g) : 0.400 / 0.300 / 0.200 / 0.100
phyopt: start rounds=1, criticality partitions high(>=0.700)->low(<=0.400)->mid, window=16.
phyopt: objective=map(area,delay), low-part delay budget=+10% from pre-opt.
phyopt: round=1 partition sizes high=12130 low=412 mid=5852.
phyopt: round=1 part=high seed=n590(id=590 center=590 R=5 crit=0.710 pot=0.4323)
phyopt: accepted (map area 9669.63->9668.57, delay 17.00->17.00).
phyopt: round=1 part=high seed=n2451(id=2451 center=2451 R=5 crit=0.710 pot=0.4323)
phyopt: accepted (map area 9668.57->9665.38, delay 17.00->17.00).
phyopt: round=1 part=high seed=n3715(id=3715 center=3715 R=5 crit=0.710 pot=0.4323)
phyopt: accepted (map area 9665.38->9654.47, delay 17.00->17.00).
phyopt: round=1 part=high seed=n3935(id=3935 center=3935 R=5 crit=0.710 pot=0.4323)
phyopt: accepted (map area 9654.47->9654.47, delay 17.00->17.00).
phyopt: round=1 part=high seed=n4408(id=4408 center=4408 R=5 crit=0.710 pot=0.4323)
phyopt: rejected (map area 9654.47->9656.07, delay 17.00->17.00).
phyopt: round=1 part=high seed=n4410(id=4410 center=4410 R=5 crit=0.710 pot=0.4323)
phyopt: rejected (map area 9654.47->9665.38, delay 17.00->17.00).
phyopt: round=1 part=high seed=n6859(id=6859 center=6859 R=5 crit=0.710 pot=0.4323)
phyopt: accepted (map area 9654.47->9650.48, delay 17.00->17.00).
phyopt: round=1 part=high seed=n6918(id=6918 center=6918 R=5 crit=0.710 pot=0.4323)
phyopt: accepted (map area 9650.48->9647.55, delay 17.00->17.00).
phyopt: round=1 part=high seed=n7344(id=7344 center=7344 R=5 crit=0.710 pot=0.4323)
phyopt: accepted (map area 9647.55->9647.55, delay 17.00->17.00).
phyopt: round=1 part=high seed=n11362(id=11362 center=11362 R=5 crit=0.710 pot=0.4323)
phyopt: accepted (map area 9647.55->9646.76, delay 17.00->17.00).
phyopt: round=1 part=high seed=n12987(id=12987 center=12987 R=5 crit=0.710 pot=0.4323)
phyopt: rejected (map area 9646.76->9647.55, delay 17.00->17.00).
phyopt: round=1 part=high seed=n12993(id=12993 center=12993 R=5 crit=0.710 pot=0.4323)
phyopt: accepted (map area 9646.76->9646.76, delay 17.00->17.00).
phyopt: round=1 part=high seed=n15450(id=15450 center=15450 R=5 crit=0.710 pot=0.4323)
phyopt: accepted (map area 9646.76->9644.36, delay 17.00->17.00).
phyopt: round=1 part=high seed=n16280(id=16280 center=16280 R=5 crit=0.710 pot=0.4323)
phyopt: accepted (map area 9644.36->9641.44, delay 17.00->17.00).
phyopt: round=1 part=high seed=n16475(id=16475 center=16475 R=5 crit=0.710 pot=0.4323)
phyopt: accepted (map area 9641.44->9640.90, delay 17.00->17.00).
The node "n18156" with ID 18156 is not in the current network.
phyopt: skip seed=n18156 (cannot resolve center node in current AIG).
The node "n18160" with ID 18160 is not in the current network.
phyopt: skip seed=n18160 (cannot resolve center node in current AIG).
phyopt: round=1 part=high seed=n3002(id=3002 center=3002 R=5 crit=0.742 pot=0.4065)
phyopt: accepted (map area 9640.90->9639.31, delay 17.00->17.00).
phyopt: round=1 part=high seed=n4250(id=4250 center=4250 R=5 crit=0.742 pot=0.4065)
phyopt: accepted (map area 9639.31->9638.51, delay 17.00->17.00).
phyopt: round=1 part=high seed=n4317(id=4317 center=4317 R=5 crit=0.742 pot=0.4065)
phyopt: rejected (map area 9638.51->9658.73, delay 17.00->17.00).
phyopt: round=1 part=high seed=n4475(id=4475 center=4475 R=5 crit=0.742 pot=0.4065)
phyopt: accepted (map area 9638.51->9637.98, delay 17.00->17.00).
phyopt: round=1 part=high seed=n5346(id=5346 center=5346 R=5 crit=0.742 pot=0.4065)
phyopt: rejected (map area 9637.98->9640.90, delay 17.00->17.00).
phyopt: round=1 part=high seed=n7410(id=7410 center=7410 R=5 crit=0.742 pot=0.4065)
phyopt: rejected (map area 9637.98->9643.30, delay 17.00->17.00).
phyopt: round=1 part=high seed=n11582(id=11582 center=11582 R=5 crit=0.742 pot=0.4065)
phyopt: accepted (map area 9637.98->9636.91, delay 17.00->17.00).
phyopt: round=1 part=high seed=n12979(id=12979 center=12979 R=5 crit=0.742 pot=0.4065)
phyopt: rejected (map area 9636.91->9638.51, delay 17.00->17.00).
phyopt: round=1 part=high seed=n15115(id=15115 center=15115 R=5 crit=0.742 pot=0.4065)
phyopt: accepted (map area 9636.91->9636.12, delay 17.00->17.00).
phyopt: round=1 part=high seed=n16895(id=16895 center=16895 R=5 crit=0.742 pot=0.4065)
phyopt: accepted (map area 9636.12->9635.32, delay 17.00->17.00).
phyopt: round=1 part=high seed=n16998(id=16998 center=16998 R=5 crit=0.742 pot=0.4065)
phyopt: accepted (map area 9635.32->9632.13, delay 17.00->17.00).
phyopt: round=1 part=high seed=n17083(id=17083 center=17083 R=5 crit=0.742 pot=0.4065)
phyopt: accepted (map area 9632.13->9629.73, delay 17.00->17.00).
The node "n17921" with ID 17921 is not in the current network.
phyopt: skip seed=n17921 (cannot resolve center node in current AIG).
phyopt: round=1 part=low seed=n1436(id=1436 center=1436 R=3 crit=0.032 pot=0.9935)
phyopt: rejected (map area 9629.73->9632.13, delay 17.00->17.00).
phyopt: round=1 part=low seed=n361(id=361 center=361 R=3 crit=0.194 pot=0.9613)
phyopt: rejected (map area 9629.73->9629.73, delay 17.00->17.00).
phyopt: round=1 part=low seed=n5910(id=5910 center=5910 R=3 crit=0.194 pot=0.9613)
phyopt: accepted (map area 9629.73->9629.20, delay 17.00->17.00).
phyopt: round=1 part=low seed=n5758(id=5758 center=5758 R=3 crit=0.290 pot=0.9419)
phyopt: rejected (map area 9629.20->9629.20, delay 17.00->17.00).
phyopt: round=1 part=low seed=n304(id=304 center=304 R=3 crit=0.323 pot=0.9355)
phyopt: accepted (map area 9629.20->9628.14, delay 17.00->17.00).
phyopt: round=1 part=low seed=n14283(id=14283 center=14283 R=3 crit=0.323 pot=0.9355)
phyopt: accepted (map area 9628.14->9627.87, delay 17.00->17.00).
phyopt: round=1 part=low seed=n15552(id=15552 center=15552 R=3 crit=0.323 pot=0.9355)
phyopt: rejected (map area 9627.87->9627.87, delay 17.00->17.00).
phyopt: round=1 part=low seed=n1743(id=1743 center=1743 R=3 crit=0.355 pot=0.9290)
phyopt: accepted (map area 9627.87->9627.60, delay 17.00->17.00).
phyopt: round=1 part=low seed=n2235(id=2235 center=2235 R=3 crit=0.355 pot=0.9290)
phyopt: accepted (map area 9627.60->9627.34, delay 17.00->17.00).
phyopt: round=1 part=low seed=n4832(id=4832 center=4832 R=3 crit=0.355 pot=0.9290)
phyopt: rejected (map area 9627.34->9627.34, delay 17.00->17.00).
phyopt: round=1 part=low seed=n13156(id=13156 center=13156 R=3 crit=0.355 pot=0.9290)
phyopt: rejected (map area 9627.34->9629.73, delay 17.00->17.00).
phyopt: round=1 part=low seed=n129(id=129 center=129 R=3 crit=0.387 pot=0.9226)
phyopt: rejected (map area 9627.34->9627.87, delay 17.00->17.00).
phyopt: round=1 part=low seed=n1550(id=1550 center=1550 R=3 crit=0.387 pot=0.9226)
phyopt: rejected (map area 9627.34->9627.34, delay 17.00->17.00).
phyopt: round=1 part=low seed=n2148(id=2148 center=2148 R=3 crit=0.387 pot=0.9226)
phyopt: accepted (map area 9627.34->9627.07, delay 17.00->17.00).
phyopt: round=1 part=low seed=n2261(id=2261 center=2261 R=3 crit=0.387 pot=0.9226)
phyopt: rejected (map area 9627.07->9627.07, delay 17.00->17.00).
phyopt: round=1 part=low seed=n4828(id=4828 center=4828 R=3 crit=0.387 pot=0.9226)
phyopt: rejected (map area 9627.07->9627.07, delay 17.00->17.00).
phyopt: round=1 part=low seed=n6739(id=6739 center=6739 R=3 crit=0.387 pot=0.9226)
phyopt: rejected (map area 9627.07->9627.07, delay 17.00->17.00).
phyopt: round=1 part=low seed=n7402(id=7402 center=7402 R=3 crit=0.387 pot=0.9226)
phyopt: rejected (map area 9627.07->9627.07, delay 17.00->17.00).
phyopt: round=1 part=low seed=n1434(id=1434 center=1434 R=3 crit=0.000 pot=0.8031)
phyopt: accepted (map area 9627.07->9626.27, delay 17.00->17.00).
phyopt: round=1 part=low seed=n36(id=36 center=36 R=3 crit=0.032 pot=0.7967)
phyopt: rejected (map area 9626.27->9626.27, delay 17.00->17.00).
phyopt: round=1 part=low seed=n41(id=41 center=41 R=3 crit=0.032 pot=0.7967)
phyopt: rejected (map area 9626.27->9626.27, delay 17.00->17.00).
phyopt: round=1 part=low seed=n42(id=42 center=42 R=3 crit=0.032 pot=0.7967)
phyopt: rejected (map area 9626.27->9626.27, delay 17.00->17.00).
phyopt: round=1 part=low seed=n1437(id=1437 center=1437 R=3 crit=0.032 pot=0.7967)
phyopt: rejected (map area 9626.27->9626.27, delay 17.00->17.00).
phyopt: round=1 part=low seed=n6663(id=6663 center=6663 R=3 crit=0.032 pot=0.7967)
phyopt: rejected (map area 9626.27->9626.27, delay 17.00->17.00).
phyopt: round=1 part=low seed=n11734(id=11734 center=11734 R=3 crit=0.032 pot=0.7967)
phyopt: rejected (map area 9626.27->9631.59, delay 17.00->17.00).
phyopt: round=1 part=low seed=n6665(id=6665 center=6665 R=3 crit=0.065 pot=0.7902)
phyopt: rejected (map area 9626.27->9626.27, delay 17.00->17.00).
phyopt: round=1 part=low seed=n6666(id=6666 center=6666 R=3 crit=0.065 pot=0.7902)
phyopt: rejected (map area 9626.27->9626.27, delay 17.00->17.00).
phyopt: round=1 part=low seed=n11735(id=11735 center=11735 R=3 crit=0.065 pot=0.7902)
phyopt: rejected (map area 9626.27->9626.27, delay 17.00->17.00).
phyopt: round=1 part=low seed=n11736(id=11736 center=11736 R=3 crit=0.065 pot=0.7902)
phyopt: rejected (map area 9626.27->9626.27, delay 17.00->17.00).
phyopt: round=1 part=mid seed=n1688(id=1688 center=1688 R=4 crit=0.419 pot=0.7903)
phyopt: accepted (map area 9626.27->9626.01, delay 17.00->17.00).
phyopt: round=1 part=mid seed=n3596(id=3596 center=3596 R=4 crit=0.419 pot=0.7903)
phyopt: rejected (map area 9626.01->9626.81, delay 17.00->17.00).
phyopt: round=1 part=mid seed=n1601(id=1601 center=1601 R=4 crit=0.452 pot=0.7742)
phyopt: accepted (map area 9626.01->9625.48, delay 17.00->17.00).
phyopt: round=1 part=mid seed=n6332(id=6332 center=6332 R=4 crit=0.452 pot=0.7742)
phyopt: rejected (map area 9625.48->9626.27, delay 17.00->17.00).
phyopt: round=1 part=mid seed=n12109(id=12109 center=12109 R=4 crit=0.452 pot=0.7742)
phyopt: rejected (map area 9625.48->9625.48, delay 17.00->17.00).
phyopt: round=1 part=mid seed=n15426(id=15426 center=15426 R=4 crit=0.452 pot=0.7742)
phyopt: accepted (map area 9625.48->9624.94, delay 17.00->17.00).
phyopt: round=1 part=mid seed=n16453(id=16453 center=16453 R=4 crit=0.452 pot=0.7742)
phyopt: accepted (map area 9624.94->9624.68, delay 17.00->17.00).
phyopt: round=1 part=mid seed=n16867(id=16867 center=16867 R=4 crit=0.452 pot=0.7742)
phyopt: rejected (map area 9624.68->9624.68, delay 17.00->17.00).
phyopt: round=1 part=mid seed=n800(id=800 center=800 R=4 crit=0.484 pot=0.7581)
phyopt: accepted (map area 9624.68->9624.41, delay 17.00->17.00).
phyopt: round=1 part=mid seed=n3558(id=3558 center=3558 R=4 crit=0.484 pot=0.7581)
phyopt: accepted (map area 9624.41->9622.28, delay 17.00->17.00).
phyopt: round=1 part=mid seed=n5987(id=5987 center=5987 R=4 crit=0.484 pot=0.7581)
phyopt: rejected (map area 9622.28->9622.28, delay 17.00->17.00).
phyopt: round=1 part=mid seed=n6145(id=6145 center=6145 R=4 crit=0.484 pot=0.7581)
phyopt: accepted (map area 9622.28->9622.02, delay 17.00->17.00).
phyopt: round=1 part=mid seed=n9176(id=9176 center=9176 R=4 crit=0.484 pot=0.7581)
phyopt: accepted (map area 9622.02->9620.95, delay 17.00->17.00).
phyopt: round=1 part=mid seed=n10110(id=10110 center=10110 R=4 crit=0.484 pot=0.7581)
phyopt: rejected (map area 9620.95->9620.95, delay 17.00->17.00).
phyopt: round=1 part=mid seed=n10297(id=10297 center=10297 R=4 crit=0.484 pot=0.7581)
phyopt: rejected (map area 9620.95->9621.22, delay 17.00->17.00).
phyopt: round=1 part=mid seed=n12375(id=12375 center=12375 R=4 crit=0.484 pot=0.7581)
phyopt: rejected (map area 9620.95->9622.28, delay 17.00->17.00).
phyopt: round=1 part=mid seed=n13292(id=13292 center=13292 R=4 crit=0.484 pot=0.7581)
phyopt: rejected (map area 9620.95->9620.95, delay 17.00->17.00).
phyopt: round=1 part=mid seed=n15466(id=15466 center=15466 R=4 crit=0.484 pot=0.7581)
phyopt: rejected (map area 9620.95->9620.95, delay 17.00->17.00).
phyopt: round=1 part=mid seed=n74(id=74 center=74 R=4 crit=0.516 pot=0.7419)
phyopt: accepted (map area 9620.95->9619.89, delay 17.00->17.00).
phyopt: round=1 part=mid seed=n2045(id=2045 center=2045 R=4 crit=0.516 pot=0.7419)
phyopt: rejected (map area 9619.89->9619.89, delay 17.00->17.00).
phyopt: round=1 part=mid seed=n3649(id=3649 center=3649 R=4 crit=0.516 pot=0.7419)
phyopt: accepted (map area 9619.89->9618.03, delay 17.00->17.00).
phyopt: round=1 part=mid seed=n6540(id=6540 center=6540 R=4 crit=0.516 pot=0.7419)
phyopt: accepted (map area 9618.03->9616.70, delay 17.00->17.00).
phyopt: round=1 part=mid seed=n14282(id=14282 center=14282 R=4 crit=0.516 pot=0.7419)
phyopt: accepted (map area 9616.70->9615.63, delay 17.00->17.00).
phyopt: round=1 part=mid seed=n15845(id=15845 center=15845 R=4 crit=0.516 pot=0.7419)
phyopt: rejected (map area 9615.63->9615.63, delay 17.00->17.00).
phyopt: round=1 part=mid seed=n16446(id=16446 center=16446 R=4 crit=0.516 pot=0.7419)
phyopt: accepted (map area 9615.63->9612.97, delay 17.00->17.00).
phyopt: round=1 part=mid seed=n17216(id=17216 center=17216 R=4 crit=0.516 pot=0.7419)
phyopt: rejected (map area 9612.97->9613.77, delay 17.00->17.00).
phyopt: round=1 part=mid seed=n1804(id=1804 center=1804 R=4 crit=0.548 pot=0.7258)
phyopt: rejected (map area 9612.97->9612.97, delay 17.00->17.00).
phyopt: round=1 part=mid seed=n1817(id=1817 center=1817 R=4 crit=0.548 pot=0.7258)
phyopt: accepted (map area 9612.97->9611.38, delay 17.00->17.00).
phyopt: round=1 part=mid seed=n2118(id=2118 center=2118 R=4 crit=0.548 pot=0.7258)
phyopt: rejected (map area 9611.38->9611.38, delay 17.00->17.00).
phyopt: round=1 part=mid seed=n3645(id=3645 center=3645 R=4 crit=0.548 pot=0.7258)
phyopt: rejected (map area 9611.38->9611.64, delay 17.00->17.00).
phyopt: finished round 1/1.
phyopt: partition summary (tried/accepted):
  high : 20 / 27
  low  : 7 / 29
  mid  : 14 / 30
phyopt: per-part seed coverage (topK means top-5 potential within processed seeds):
  high: seeds=30 tried=27(90.0%) accepted=20(74.1%) skipped(marked=0,low_slack=0) topK(tried=5/5 accepted=4 hit=80.0%)
  low: seeds=30 tried=29(96.7%) accepted=7(24.1%) skipped(marked=1,low_slack=0) topK(tried=5/5 accepted=2 hit=40.0%)
  mid: seeds=30 tried=30(100.0%) accepted=14(46.7%) skipped(marked=0,low_slack=0) topK(tried=5/5 accepted=2 hit=40.0%)
phyopt: rejection reason breakdown:
  - runtime_or_eval_fail : 3
  - policy_tradeoff_reject : 28
  - delay_worse : 0
  - area_worse : 17
  - area_and_delay_worse : 0
  - low_part_delay_budget : 0
phyopt: skipped marked=1 low_slack=<0.10=0
phyopt: done, accepted=41 rejected=48 final_nodes=17460 final_levels=36.
Networks are equivalent.  Time =     2.39 sec
