======== ABC command line "source /tmp/ablation_ex209_thresh_tight_285.scr"
Warning: Detected 2 multi-output cells (for example, "FA_X1").
mapper_extract: wrote 3435 lines to "/mnt/d/My_abc_work/abc/my_work/ablation_results/ex209/ex209_thresh_tight.csv".
Loaded 3435 physical records from /mnt/d/My_abc_work/abc/my_work/ablation_results/ex209/ex209_thresh_tight.csv
Potential rebuilt: alpha(low/mid/high)=0.200/0.500/0.800 avg_struct=0.6972 avg_slack=0.2423 avg_opt_mid=0.4697
Physical records : 3435
Gate summary     : NAND=2066 AND=1163 INV=206 OTHER=0
Alpha (L/M/H)    : 0.200 / 0.500 / 0.800
StructW(i/p/f/g) : 0.400 / 0.300 / 0.200 / 0.100
phyopt: start rounds=1, criticality partitions high(>=0.900)->low(<=0.200)->mid, window=16.
phyopt: objective=map(area,delay), low-part delay budget=+10% from pre-opt.
phyopt: round=1 partition sizes high=663 low=29 mid=2743.
phyopt: round=1 part=high seed=n2183(id=2183 center=2183 R=5 crit=0.920 pot=0.2640)
phyopt: accepted (map area 1821.04->1821.04, delay 15.00->15.00).
phyopt: round=1 part=high seed=n2871(id=2871 center=2871 R=5 crit=0.960 pot=0.2320)
phyopt: rejected (map area 1821.04->1822.90, delay 15.00->15.00).
phyopt: round=1 part=high seed=n2872(id=2872 center=2872 R=5 crit=0.960 pot=0.2320)
phyopt: accepted (map area 1821.04->1821.04, delay 15.00->15.00).
The node "n3405" with ID 3405 is not in the current network.
phyopt: skip seed=n3405 (cannot resolve center node in current AIG).
phyopt: round=1 part=high seed=n135(id=135 center=135 R=5 crit=0.920 pot=0.2139)
phyopt: accepted (map area 1821.04->1818.38, delay 15.00->15.00).
phyopt: round=1 part=high seed=n151(id=151 center=151 R=5 crit=0.920 pot=0.2139)
phyopt: rejected (map area 1818.38->1821.30, delay 15.00->15.00).
phyopt: round=1 part=high seed=n208(id=208 center=208 R=5 crit=0.920 pot=0.2139)
phyopt: accepted (map area 1818.38->1815.72, delay 15.00->15.00).
phyopt: round=1 part=high seed=n366(id=366 center=366 R=5 crit=0.920 pot=0.2139)
phyopt: rejected (map area 1815.72->1815.98, delay 15.00->15.00).
phyopt: round=1 part=high seed=n369(id=369 center=369 R=5 crit=0.920 pot=0.2139)
phyopt: accepted (map area 1815.72->1811.99, delay 15.00->15.00).
phyopt: round=1 part=high seed=n374(id=374 center=374 R=5 crit=0.920 pot=0.2139)
phyopt: accepted (map area 1811.99->1810.40, delay 15.00->15.00).
phyopt: round=1 part=high seed=n387(id=387 center=387 R=5 crit=0.920 pot=0.2139)
phyopt: accepted (map area 1810.40->1806.67, delay 15.00->15.00).
phyopt: round=1 part=high seed=n392(id=392 center=392 R=5 crit=0.920 pot=0.2139)
phyopt: accepted (map area 1806.67->1806.41, delay 15.00->15.00).
phyopt: round=1 part=high seed=n397(id=397 center=397 R=5 crit=0.920 pot=0.2139)
phyopt: accepted (map area 1806.41->1805.34, delay 15.00->15.00).
phyopt: round=1 part=high seed=n1123(id=1123 center=1123 R=5 crit=0.920 pot=0.2139)
phyopt: accepted (map area 1805.34->1804.01, delay 15.00->15.00).
phyopt: round=1 part=high seed=n1245(id=1245 center=1245 R=5 crit=0.920 pot=0.2139)
phyopt: accepted (map area 1804.01->1803.75, delay 15.00->15.00).
phyopt: round=1 part=high seed=n1277(id=1277 center=1277 R=5 crit=0.920 pot=0.2139)
phyopt: accepted (map area 1803.75->1800.55, delay 15.00->15.00).
phyopt: round=1 part=high seed=n1279(id=1279 center=1279 R=5 crit=0.920 pot=0.2139)
phyopt: rejected (map area 1800.55->1801.35, delay 15.00->15.00).
phyopt: round=1 part=high seed=n1280(id=1280 center=1280 R=5 crit=0.920 pot=0.2139)
phyopt: accepted (map area 1800.55->1799.22, delay 15.00->15.00).
phyopt: round=1 part=high seed=n1285(id=1285 center=1285 R=5 crit=0.920 pot=0.2139)
phyopt: accepted (map area 1799.22->1793.90, delay 15.00->15.00).
phyopt: round=1 part=high seed=n1297(id=1297 center=1297 R=5 crit=0.920 pot=0.2139)
phyopt: rejected (map area 1793.90->1795.77, delay 15.00->15.00).
phyopt: round=1 part=high seed=n1298(id=1298 center=1298 R=5 crit=0.920 pot=0.2139)
phyopt: accepted (map area 1793.90->1793.90, delay 15.00->15.00).
phyopt: round=1 part=high seed=n1618(id=1618 center=1618 R=5 crit=0.920 pot=0.2139)
phyopt: accepted (map area 1793.90->1793.64, delay 15.00->15.00).
phyopt: round=1 part=low seed=n964(id=964 center=964 R=3 crit=0.120 pot=0.9760)
phyopt: rejected (map area 1793.64->1794.97, delay 15.00->15.00).
phyopt: round=1 part=low seed=n1347(id=1347 center=1347 R=3 crit=0.000 pot=0.7996)
phyopt: rejected (map area 1793.64->1793.64, delay 15.00->15.00).
phyopt: round=1 part=low seed=n1343(id=1343 center=1343 R=3 crit=0.040 pot=0.7916)
phyopt: rejected (map area 1793.64->1793.64, delay 15.00->15.00).
phyopt: round=1 part=low seed=n1344(id=1344 center=1344 R=3 crit=0.040 pot=0.7916)
phyopt: rejected (map area 1793.64->1793.64, delay 15.00->15.00).
phyopt: round=1 part=low seed=n1349(id=1349 center=1349 R=3 crit=0.040 pot=0.7916)
phyopt: accepted (map area 1793.64->1793.37, delay 15.00->15.00).
phyopt: round=1 part=low seed=n1345(id=1345 center=1345 R=3 crit=0.080 pot=0.7836)
phyopt: rejected (map area 1793.37->1793.37, delay 15.00->15.00).
phyopt: round=1 part=low seed=n966(id=966 center=966 R=3 crit=0.120 pot=0.7756)
phyopt: rejected (map area 1793.37->1793.90, delay 15.00->15.00).
phyopt: round=1 part=low seed=n967(id=967 center=967 R=3 crit=0.120 pot=0.7756)
phyopt: accepted (map area 1793.37->1792.84, delay 15.00->15.00).
phyopt: round=1 part=low seed=n1142(id=1142 center=1142 R=3 crit=0.120 pot=0.7756)
phyopt: rejected (map area 1792.84->1792.84, delay 15.00->15.00).
phyopt: round=1 part=low seed=n1366(id=1366 center=1366 R=3 crit=0.120 pot=0.7756)
phyopt: rejected (map area 1792.84->1792.84, delay 15.00->15.00).
phyopt: round=1 part=low seed=n41(id=41 center=41 R=3 crit=0.160 pot=0.7676)
phyopt: rejected (map area 1792.84->1792.84, delay 15.00->15.00).
phyopt: round=1 part=low seed=n42(id=42 center=42 R=3 crit=0.160 pot=0.7676)
phyopt: rejected (map area 1792.84->1792.84, delay 15.00->15.00).
phyopt: round=1 part=low seed=n1053(id=1053 center=1053 R=3 crit=0.160 pot=0.7676)
phyopt: accepted (map area 1792.84->1791.78, delay 15.00->15.00).
phyopt: round=1 part=low seed=n1367(id=1367 center=1367 R=3 crit=0.160 pot=0.7676)
phyopt: rejected (map area 1791.78->1793.37, delay 15.00->15.00).
phyopt: round=1 part=low seed=n1368(id=1368 center=1368 R=3 crit=0.160 pot=0.7676)
phyopt: rejected (map area 1791.78->1791.78, delay 15.00->15.00).
phyopt: round=1 part=low seed=n637(id=637 center=637 R=3 crit=0.200 pot=0.7596)
phyopt: rejected (map area 1791.78->1791.78, delay 15.00->15.00).
phyopt: round=1 part=low seed=n639(id=639 center=639 R=3 crit=0.200 pot=0.7596)
phyopt: accepted (map area 1791.78->1791.51, delay 15.00->15.00).
phyopt: round=1 part=low seed=n957(id=957 center=957 R=3 crit=0.200 pot=0.7596)
phyopt: rejected (map area 1791.51->1792.31, delay 15.00->15.00).
phyopt: round=1 part=low seed=n958(id=958 center=958 R=3 crit=0.200 pot=0.7596)
phyopt: rejected (map area 1791.51->1792.84, delay 15.00->15.00).
phyopt: round=1 part=low seed=n1037(id=1037 center=1037 R=3 crit=0.200 pot=0.7596)
phyopt: rejected (map area 1791.51->1791.51, delay 15.00->15.00).
phyopt: round=1 part=low seed=n1038(id=1038 center=1038 R=3 crit=0.200 pot=0.7596)
phyopt: rejected (map area 1791.51->1791.51, delay 15.00->15.00).
phyopt: round=1 part=low seed=n1070(id=1070 center=1070 R=3 crit=0.200 pot=0.7596)
phyopt: rejected (map area 1791.51->1792.04, delay 15.00->15.00).
phyopt: round=1 part=low seed=n1071(id=1071 center=1071 R=3 crit=0.200 pot=0.7596)
phyopt: rejected (map area 1791.51->1791.51, delay 15.00->15.00).
phyopt: round=1 part=low seed=n1141(id=1141 center=1141 R=3 crit=0.200 pot=0.7596)
phyopt: rejected (map area 1791.51->1791.51, delay 15.00->15.00).
phyopt: round=1 part=low seed=n1143(id=1143 center=1143 R=3 crit=0.200 pot=0.7596)
phyopt: rejected (map area 1791.51->1791.51, delay 15.00->15.00).
phyopt: round=1 part=low seed=n2407(id=2407 center=2407 R=3 crit=0.200 pot=0.7596)
phyopt: rejected (map area 1791.51->1791.51, delay 15.00->15.00).
phyopt: round=1 part=mid seed=n1555(id=1555 center=1555 R=4 crit=0.320 pot=0.8400)
phyopt: accepted (map area 1791.51->1790.45, delay 15.00->15.00).
phyopt: round=1 part=mid seed=n1905(id=1905 center=1905 R=4 crit=0.360 pot=0.8200)
phyopt: accepted (map area 1790.45->1789.12, delay 15.00->15.00).
phyopt: round=1 part=mid seed=n2645(id=2645 center=2645 R=4 crit=0.360 pot=0.8200)
phyopt: accepted (map area 1789.12->1788.85, delay 15.00->15.00).
phyopt: round=1 part=mid seed=n2767(id=2767 center=2767 R=4 crit=0.400 pot=0.8000)
phyopt: rejected (map area 1788.85->1791.51, delay 15.00->15.00).
phyopt: round=1 part=mid seed=n1022(id=1022 center=1022 R=4 crit=0.440 pot=0.7800)
phyopt: rejected (map area 1788.85->1795.50, delay 15.00->14.00).
phyopt: round=1 part=mid seed=n1093(id=1093 center=1093 R=4 crit=0.440 pot=0.7800)
phyopt: rejected (map area 1788.85->1788.85, delay 15.00->15.00).
phyopt: round=1 part=mid seed=n1576(id=1576 center=1576 R=4 crit=0.440 pot=0.7800)
phyopt: accepted (map area 1788.85->1788.58, delay 15.00->15.00).
phyopt: round=1 part=mid seed=n2268(id=2268 center=2268 R=4 crit=0.440 pot=0.7800)
phyopt: accepted (map area 1788.58->1788.05, delay 15.00->15.00).
phyopt: round=1 part=mid seed=n1409(id=1409 center=1409 R=4 crit=0.480 pot=0.7600)
phyopt: accepted (map area 1788.05->1787.25, delay 15.00->15.00).
phyopt: round=1 part=mid seed=n69(id=69 center=69 R=4 crit=0.240 pot=0.7547)
phyopt: accepted (map area 1787.25->1786.72, delay 15.00->15.00).
phyopt: round=1 part=mid seed=n77(id=77 center=77 R=4 crit=0.240 pot=0.7547)
phyopt: rejected (map area 1786.72->1787.52, delay 15.00->15.00).
phyopt: round=1 part=mid seed=n78(id=78 center=78 R=4 crit=0.240 pot=0.7547)
phyopt: rejected (map area 1786.72->1787.79, delay 15.00->15.00).
phyopt: round=1 part=mid seed=n646(id=646 center=646 R=4 crit=0.240 pot=0.7547)
phyopt: accepted (map area 1786.72->1786.19, delay 15.00->15.00).
phyopt: round=1 part=mid seed=n959(id=959 center=959 R=4 crit=0.240 pot=0.7547)
phyopt: rejected (map area 1786.19->1786.19, delay 15.00->15.00).
phyopt: round=1 part=mid seed=n1035(id=1035 center=1035 R=4 crit=0.240 pot=0.7547)
phyopt: rejected (map area 1786.19->1786.72, delay 15.00->15.00).
phyopt: round=1 part=mid seed=n1036(id=1036 center=1036 R=4 crit=0.240 pot=0.7547)
phyopt: accepted (map area 1786.19->1785.13, delay 15.00->15.00).
phyopt: round=1 part=mid seed=n1040(id=1040 center=1040 R=4 crit=0.240 pot=0.7547)
phyopt: rejected (map area 1785.13->1785.13, delay 15.00->15.00).
phyopt: round=1 part=mid seed=n1066(id=1066 center=1066 R=4 crit=0.240 pot=0.7547)
phyopt: rejected (map area 1785.13->1785.13, delay 15.00->15.00).
phyopt: round=1 part=mid seed=n1067(id=1067 center=1067 R=4 crit=0.240 pot=0.7547)
phyopt: rejected (map area 1785.13->1785.13, delay 15.00->15.00).
phyopt: round=1 part=mid seed=n1746(id=1746 center=1746 R=4 crit=0.240 pot=0.7547)
phyopt: accepted (map area 1785.13->1784.06, delay 15.00->15.00).
phyopt: round=1 part=mid seed=n2409(id=2409 center=2409 R=4 crit=0.240 pot=0.7547)
phyopt: accepted (map area 1784.06->1783.80, delay 15.00->15.00).
phyopt: round=1 part=mid seed=n2329(id=2329 center=2329 R=4 crit=0.520 pot=0.7400)
phyopt: rejected (map area 1783.80->1789.91, delay 15.00->15.00).
phyopt: round=1 part=mid seed=n2445(id=2445 center=2445 R=4 crit=0.520 pot=0.7400)
phyopt: accepted (map area 1783.80->1783.26, delay 15.00->15.00).
phyopt: round=1 part=mid seed=n2505(id=2505 center=2505 R=4 crit=0.520 pot=0.7400)
phyopt: rejected (map area 1783.26->1786.46, delay 15.00->15.00).
phyopt: round=1 part=mid seed=n2869(id=2869 center=2869 R=4 crit=0.520 pot=0.7400)
phyopt: rejected (map area 1783.26->1783.26, delay 15.00->15.00).
phyopt: round=1 part=mid seed=n954(id=954 center=954 R=4 crit=0.280 pot=0.7347)
phyopt: rejected (map area 1783.26->1784.86, delay 15.00->15.00).
phyopt: round=1 part=mid seed=n1062(id=1062 center=1062 R=4 crit=0.280 pot=0.7347)
phyopt: rejected (map area 1783.26->1783.26, delay 15.00->15.00).
phyopt: finished round 1/1.
phyopt: partition summary (tried/accepted):
  high : 16 / 21
  low  : 4 / 26
  mid  : 12 / 27
phyopt: per-part seed coverage (topK means top-5 potential within processed seeds):
  high: seeds=30 tried=21(70.0%) accepted=16(76.2%) skipped(marked=8,low_slack=0) topK(tried=4/5 accepted=3 hit=75.0%)
  low: seeds=29 tried=26(89.7%) accepted=4(15.4%) skipped(marked=3,low_slack=0) topK(tried=5/5 accepted=1 hit=20.0%)
  mid: seeds=30 tried=27(90.0%) accepted=12(44.4%) skipped(marked=3,low_slack=0) topK(tried=5/5 accepted=3 hit=60.0%)
phyopt: rejection reason breakdown:
  - runtime_or_eval_fail : 1
  - policy_tradeoff_reject : 23
  - delay_worse : 0
  - area_worse : 19
  - area_and_delay_worse : 0
  - low_part_delay_budget : 0
phyopt: skipped marked=14 low_slack=<0.10=0
phyopt: done, accepted=32 rejected=43 final_nodes=3143 final_levels=31.
Networks are equivalent.  Time =     0.26 sec
