======== ABC command line "source /tmp/ablation_ex210_thresh_tight_285.scr"
Warning: Detected 2 multi-output cells (for example, "FA_X1").
mapper_extract: wrote 12302 lines to "/mnt/d/My_abc_work/abc/my_work/ablation_results/ex210/ex210_thresh_tight.csv".
Loaded 12302 physical records from /mnt/d/My_abc_work/abc/my_work/ablation_results/ex210/ex210_thresh_tight.csv
Potential rebuilt: alpha(low/mid/high)=0.200/0.500/0.800 avg_struct=0.7161 avg_slack=0.2573 avg_opt_mid=0.4867
Physical records : 12302
Gate summary     : NAND=7406 AND=4366 INV=529 OTHER=1
Alpha (L/M/H)    : 0.200 / 0.500 / 0.800
StructW(i/p/f/g) : 0.400 / 0.300 / 0.200 / 0.100
phyopt: start rounds=1, criticality partitions high(>=0.900)->low(<=0.200)->mid, window=16.
phyopt: objective=map(area,delay), low-part delay budget=+10% from pre-opt.
phyopt: round=1 partition sizes high=2610 low=80 mid=9612.
phyopt: round=1 part=high seed=n2193(id=2193 center=2193 R=5 crit=0.920 pot=0.2640)
phyopt: accepted (map area 6442.52->6441.72, delay 16.00->16.00).
phyopt: round=1 part=high seed=n7232(id=7232 center=7232 R=5 crit=0.920 pot=0.2640)
phyopt: rejected (map area 6441.72->6443.58, delay 16.00->16.00).
phyopt: round=1 part=high seed=n7334(id=7334 center=7334 R=5 crit=0.920 pot=0.2640)
phyopt: accepted (map area 6441.72->6441.19, delay 16.00->16.00).
The node "n12015" with ID 12015 is not in the current network.
phyopt: skip seed=n12015 (cannot resolve center node in current AIG).
The node "n12031" with ID 12031 is not in the current network.
phyopt: skip seed=n12031 (cannot resolve center node in current AIG).
phyopt: round=1 part=high seed=n2259(id=2259 center=2259 R=5 crit=0.960 pot=0.2320)
phyopt: accepted (map area 6441.19->6437.73, delay 16.00->16.00).
phyopt: round=1 part=high seed=n7075(id=7075 center=7075 R=5 crit=0.960 pot=0.2320)
phyopt: accepted (map area 6437.73->6432.68, delay 16.00->16.00).
The node "n11962" with ID 11962 is not in the current network.
phyopt: skip seed=n11962 (cannot resolve center node in current AIG).
phyopt: round=1 part=high seed=n999(id=999 center=999 R=5 crit=0.920 pot=0.2147)
phyopt: accepted (map area 6432.68->6432.41, delay 16.00->16.00).
phyopt: round=1 part=high seed=n1357(id=1357 center=1357 R=5 crit=0.920 pot=0.2147)
phyopt: rejected (map area 6432.41->6433.74, delay 16.00->16.00).
phyopt: round=1 part=high seed=n1361(id=1361 center=1361 R=5 crit=0.920 pot=0.2147)
phyopt: accepted (map area 6432.41->6428.95, delay 16.00->16.00).
phyopt: round=1 part=high seed=n1363(id=1363 center=1363 R=5 crit=0.920 pot=0.2147)
phyopt: accepted (map area 6428.95->6426.29, delay 16.00->16.00).
phyopt: round=1 part=high seed=n1367(id=1367 center=1367 R=5 crit=0.920 pot=0.2147)
phyopt: accepted (map area 6426.29->6423.90, delay 16.00->16.00).
phyopt: round=1 part=high seed=n1376(id=1376 center=1376 R=5 crit=0.920 pot=0.2147)
phyopt: accepted (map area 6423.90->6423.63, delay 16.00->16.00).
phyopt: round=1 part=high seed=n1421(id=1421 center=1421 R=5 crit=0.920 pot=0.2147)
phyopt: accepted (map area 6423.63->6422.84, delay 16.00->16.00).
phyopt: round=1 part=high seed=n1423(id=1423 center=1423 R=5 crit=0.920 pot=0.2147)
phyopt: accepted (map area 6422.84->6422.84, delay 16.00->16.00).
phyopt: round=1 part=high seed=n1428(id=1428 center=1428 R=5 crit=0.920 pot=0.2147)
phyopt: rejected (map area 6422.84->6423.10, delay 16.00->16.00).
phyopt: round=1 part=high seed=n1434(id=1434 center=1434 R=5 crit=0.920 pot=0.2147)
phyopt: rejected (map area 6422.84->6423.37, delay 16.00->16.00).
phyopt: round=1 part=high seed=n1435(id=1435 center=1435 R=5 crit=0.920 pot=0.2147)
phyopt: accepted (map area 6422.84->6422.04, delay 16.00->16.00).
phyopt: round=1 part=high seed=n1442(id=1442 center=1442 R=5 crit=0.920 pot=0.2147)
phyopt: rejected (map area 6422.04->6422.84, delay 16.00->16.00).
phyopt: round=1 part=high seed=n1443(id=1443 center=1443 R=5 crit=0.920 pot=0.2147)
phyopt: accepted (map area 6422.04->6421.77, delay 16.00->16.00).
phyopt: round=1 part=high seed=n1445(id=1445 center=1445 R=5 crit=0.920 pot=0.2147)
phyopt: rejected (map area 6421.77->6426.29, delay 16.00->16.00).
phyopt: round=1 part=high seed=n1446(id=1446 center=1446 R=5 crit=0.920 pot=0.2147)
phyopt: rejected (map area 6421.77->6422.04, delay 16.00->16.00).
phyopt: round=1 part=low seed=n8085(id=8085 center=8085 R=3 crit=0.160 pot=0.9680)
phyopt: rejected (map area 6421.77->6421.77, delay 16.00->16.00).
phyopt: round=1 part=low seed=n1031(id=1031 center=1031 R=3 crit=0.000 pot=0.8028)
phyopt: rejected (map area 6421.77->6421.77, delay 16.00->16.00).
phyopt: round=1 part=low seed=n1032(id=1032 center=1032 R=3 crit=0.000 pot=0.8028)
phyopt: rejected (map area 6421.77->6421.77, delay 16.00->16.00).
phyopt: round=1 part=low seed=n1033(id=1033 center=1033 R=3 crit=0.000 pot=0.8028)
phyopt: rejected (map area 6421.77->6421.77, delay 16.00->16.00).
phyopt: round=1 part=low seed=n8095(id=8095 center=8095 R=3 crit=0.000 pot=0.8028)
phyopt: rejected (map area 6421.77->6421.77, delay 16.00->16.00).
phyopt: round=1 part=low seed=n8096(id=8096 center=8096 R=3 crit=0.000 pot=0.8028)
phyopt: accepted (map area 6421.77->6420.71, delay 16.00->16.00).
phyopt: round=1 part=low seed=n10449(id=10449 center=10449 R=3 crit=0.000 pot=0.8028)
phyopt: rejected (map area 6420.71->6422.04, delay 16.00->16.00).
phyopt: round=1 part=low seed=n10450(id=10450 center=10450 R=3 crit=0.000 pot=0.8028)
phyopt: rejected (map area 6420.71->6422.57, delay 16.00->16.00).
phyopt: round=1 part=low seed=n10451(id=10451 center=10451 R=3 crit=0.000 pot=0.8028)
phyopt: accepted (map area 6420.71->6415.12, delay 16.00->16.00).
phyopt: round=1 part=low seed=n1021(id=1021 center=1021 R=3 crit=0.040 pot=0.7948)
phyopt: rejected (map area 6415.12->6415.12, delay 16.00->16.00).
phyopt: round=1 part=low seed=n1099(id=1099 center=1099 R=3 crit=0.040 pot=0.7948)
phyopt: rejected (map area 6415.12->6415.12, delay 16.00->16.00).
phyopt: round=1 part=low seed=n7600(id=7600 center=7600 R=3 crit=0.040 pot=0.7948)
phyopt: accepted (map area 6415.12->6414.86, delay 16.00->16.00).
phyopt: round=1 part=low seed=n7601(id=7601 center=7601 R=3 crit=0.040 pot=0.7948)
phyopt: accepted (map area 6414.86->6414.59, delay 16.00->16.00).
phyopt: round=1 part=low seed=n8092(id=8092 center=8092 R=3 crit=0.040 pot=0.7948)
phyopt: rejected (map area 6414.59->6414.59, delay 16.00->16.00).
phyopt: round=1 part=low seed=n8093(id=8093 center=8093 R=3 crit=0.040 pot=0.7948)
phyopt: rejected (map area 6414.59->6414.59, delay 16.00->16.00).
phyopt: round=1 part=low seed=n8097(id=8097 center=8097 R=3 crit=0.040 pot=0.7948)
phyopt: rejected (map area 6414.59->6414.59, delay 16.00->16.00).
phyopt: round=1 part=low seed=n8101(id=8101 center=8101 R=3 crit=0.040 pot=0.7948)
phyopt: rejected (map area 6414.59->6414.59, delay 16.00->16.00).
phyopt: round=1 part=low seed=n8102(id=8102 center=8102 R=3 crit=0.040 pot=0.7948)
phyopt: rejected (map area 6414.59->6414.59, delay 16.00->16.00).
phyopt: round=1 part=low seed=n8103(id=8103 center=8103 R=3 crit=0.040 pot=0.7948)
phyopt: rejected (map area 6414.59->6414.59, delay 16.00->16.00).
phyopt: round=1 part=low seed=n709(id=709 center=709 R=3 crit=0.080 pot=0.7868)
phyopt: accepted (map area 6414.59->6414.32, delay 16.00->16.00).
phyopt: round=1 part=low seed=n1022(id=1022 center=1022 R=3 crit=0.080 pot=0.7868)
phyopt: accepted (map area 6414.32->6413.79, delay 16.00->16.00).
phyopt: round=1 part=low seed=n4626(id=4626 center=4626 R=3 crit=0.080 pot=0.7868)
phyopt: rejected (map area 6413.79->6413.79, delay 16.00->16.00).
phyopt: round=1 part=low seed=n4628(id=4628 center=4628 R=3 crit=0.080 pot=0.7868)
phyopt: rejected (map area 6413.79->6413.79, delay 16.00->16.00).
phyopt: round=1 part=low seed=n8098(id=8098 center=8098 R=3 crit=0.080 pot=0.7868)
phyopt: rejected (map area 6413.79->6413.79, delay 16.00->16.00).
phyopt: round=1 part=low seed=n9908(id=9908 center=9908 R=3 crit=0.080 pot=0.7868)
phyopt: rejected (map area 6413.79->6413.79, delay 16.00->16.00).
phyopt: round=1 part=low seed=n9909(id=9909 center=9909 R=3 crit=0.080 pot=0.7868)
phyopt: rejected (map area 6413.79->6413.79, delay 16.00->16.00).
phyopt: round=1 part=mid seed=n1798(id=1798 center=1798 R=4 crit=0.240 pot=0.8800)
phyopt: accepted (map area 6413.79->6413.53, delay 16.00->16.00).
phyopt: round=1 part=mid seed=n10673(id=10673 center=10673 R=4 crit=0.240 pot=0.8800)
phyopt: accepted (map area 6413.53->6412.73, delay 16.00->16.00).
phyopt: round=1 part=mid seed=n10702(id=10702 center=10702 R=4 crit=0.240 pot=0.8800)
phyopt: rejected (map area 6412.73->6412.73, delay 16.00->16.00).
phyopt: round=1 part=mid seed=n11200(id=11200 center=11200 R=4 crit=0.240 pot=0.8800)
phyopt: rejected (map area 6412.73->6412.73, delay 16.00->16.00).
phyopt: round=1 part=mid seed=n2084(id=2084 center=2084 R=4 crit=0.280 pot=0.8600)
phyopt: accepted (map area 6412.73->6396.50, delay 16.00->16.00).
phyopt: round=1 part=mid seed=n7022(id=7022 center=7022 R=4 crit=0.280 pot=0.8600)
phyopt: rejected (map area 6396.50->6396.50, delay 16.00->16.00).
phyopt: round=1 part=mid seed=n7641(id=7641 center=7641 R=4 crit=0.280 pot=0.8600)
phyopt: rejected (map area 6396.50->6396.50, delay 16.00->16.00).
phyopt: round=1 part=mid seed=n9613(id=9613 center=9613 R=4 crit=0.280 pot=0.8600)
phyopt: accepted (map area 6396.50->6394.37, delay 16.00->16.00).
phyopt: round=1 part=mid seed=n10653(id=10653 center=10653 R=4 crit=0.280 pot=0.8600)
phyopt: rejected (map area 6394.37->6394.37, delay 16.00->16.00).
The node "n11838" with ID 11838 is not in the current network.
phyopt: skip seed=n11838 (cannot resolve center node in current AIG).
The node "n11839" with ID 11839 is not in the current network.
phyopt: skip seed=n11839 (cannot resolve center node in current AIG).
phyopt: round=1 part=mid seed=n773(id=773 center=773 R=4 crit=0.320 pot=0.8400)
phyopt: rejected (map area 6394.37->6394.91, delay 16.00->16.00).
phyopt: round=1 part=mid seed=n1083(id=1083 center=1083 R=4 crit=0.320 pot=0.8400)
phyopt: accepted (map area 6394.37->6393.04, delay 16.00->16.00).
phyopt: round=1 part=mid seed=n4295(id=4295 center=4295 R=4 crit=0.320 pot=0.8400)
phyopt: accepted (map area 6393.04->6392.78, delay 16.00->16.00).
phyopt: round=1 part=mid seed=n9445(id=9445 center=9445 R=4 crit=0.320 pot=0.8400)
phyopt: rejected (map area 6392.78->6393.58, delay 16.00->16.00).
The node "n11903" with ID 11903 is not in the current network.
phyopt: skip seed=n11903 (cannot resolve center node in current AIG).
phyopt: round=1 part=mid seed=n2142(id=2142 center=2142 R=4 crit=0.360 pot=0.8200)
phyopt: rejected (map area 6392.78->6392.78, delay 16.00->16.00).
phyopt: round=1 part=mid seed=n5874(id=5874 center=5874 R=4 crit=0.360 pot=0.8200)
phyopt: rejected (map area 6392.78->6392.78, delay 16.00->16.00).
phyopt: round=1 part=mid seed=n7839(id=7839 center=7839 R=4 crit=0.360 pot=0.8200)
phyopt: accepted (map area 6392.78->6391.98, delay 16.00->16.00).
phyopt: round=1 part=mid seed=n8485(id=8485 center=8485 R=4 crit=0.360 pot=0.8200)
phyopt: accepted (map area 6391.98->6391.45, delay 16.00->16.00).
phyopt: round=1 part=mid seed=n10690(id=10690 center=10690 R=4 crit=0.360 pot=0.8200)
phyopt: accepted (map area 6391.45->6378.41, delay 16.00->16.00).
phyopt: round=1 part=mid seed=n10842(id=10842 center=10842 R=4 crit=0.360 pot=0.8200)
phyopt: accepted (map area 6378.41->6377.62, delay 16.00->16.00).
The node "n11833" with ID 11833 is not in the current network.
phyopt: skip seed=n11833 (cannot resolve center node in current AIG).
phyopt: round=1 part=mid seed=n884(id=884 center=884 R=4 crit=0.400 pot=0.8000)
phyopt: rejected (map area 6377.62->6377.62, delay 16.00->16.00).
phyopt: round=1 part=mid seed=n1157(id=1157 center=1157 R=4 crit=0.400 pot=0.8000)
phyopt: rejected (map area 6377.62->6378.15, delay 16.00->16.00).
phyopt: round=1 part=mid seed=n4752(id=4752 center=4752 R=4 crit=0.400 pot=0.8000)
phyopt: rejected (map area 6377.62->6377.62, delay 16.00->16.00).
phyopt: round=1 part=mid seed=n9459(id=9459 center=9459 R=4 crit=0.400 pot=0.8000)
phyopt: rejected (map area 6377.62->6377.62, delay 16.00->16.00).
phyopt: round=1 part=mid seed=n10485(id=10485 center=10485 R=4 crit=0.400 pot=0.8000)
phyopt: accepted (map area 6377.62->6376.29, delay 16.00->16.00).
phyopt: round=1 part=mid seed=n881(id=881 center=881 R=4 crit=0.440 pot=0.7800)
phyopt: rejected (map area 6376.29->6376.55, delay 16.00->16.00).
phyopt: round=1 part=mid seed=n2111(id=2111 center=2111 R=4 crit=0.440 pot=0.7800)
phyopt: accepted (map area 6376.29->6376.02, delay 16.00->16.00).
phyopt: finished round 1/1.
phyopt: partition summary (tried/accepted):
  high : 13 / 20
  low  : 6 / 26
  mid  : 12 / 26
phyopt: per-part seed coverage (topK means top-5 potential within processed seeds):
  high: seeds=30 tried=20(66.7%) accepted=13(65.0%) skipped(marked=7,low_slack=0) topK(tried=3/5 accepted=2 hit=66.7%)
  low: seeds=30 tried=26(86.7%) accepted=6(23.1%) skipped(marked=4,low_slack=0) topK(tried=5/5 accepted=0 hit=0.0%)
  mid: seeds=30 tried=26(86.7%) accepted=12(46.2%) skipped(marked=0,low_slack=0) topK(tried=5/5 accepted=3 hit=60.0%)
phyopt: rejection reason breakdown:
  - runtime_or_eval_fail : 7
  - policy_tradeoff_reject : 28
  - delay_worse : 0
  - area_worse : 13
  - area_and_delay_worse : 0
  - low_part_delay_budget : 0
phyopt: skipped marked=11 low_slack=<0.10=0
phyopt: done, accepted=31 rejected=48 final_nodes=11630 final_levels=33.
Networks are equivalent.  Time =     1.77 sec
